/home/zhaoyu/miniconda3/envs/test/lib/python3.11/site-packages/dgl/graphbolt/__init__.py:114: GBWarning: 
An experimental feature for CUDA allocations is turned on for better allocation
pattern resulting in better memory usage for minibatch GNN training workloads.
See https://pytorch.org/docs/stable/notes/cuda.html#optimizing-memory-usage-with-pytorch-cuda-alloc-conf,
and set the environment variable `PYTORCH_CUDA_ALLOC_CONF=expandable_segments:False`
if you want to disable it and set it True to acknowledge and disable the warning.

  gb_warning(WARNING_STR_TO_BE_SHOWN)
Namespace(dataset='ogbn-products', data_path='./dataset/', part_path='./partition/', graph_name='ogbn-products-5-metis-vol-trans', model='graphsage', dropout=0.3, lr=0.003, sampling_rate=0.1, heads=1, n_epochs=500, n_partitions=5, n_hidden=128, n_layers=3, log_every=10, weight_decay=0, norm='layer', partition_obj='vol', partition_method='metis', n_linear=0, use_pp=True, inductive=False, fix_seed=True, seed=7, backend='gloo', port=18300, master_addr='127.0.0.1', node_rank=0, parts_per_node=10, skip_partition=True, eval=True)
loading partitions
Process 1 has 711752 nodes, 22307144 edges 475516 inner nodes, and 19479032 inner edges.
Process 1 start training
Process 001 | Epoch 00009 | Time(s) 0.4713 | Comm(s) 0.3162 | Reduce(s) 0.0497 | Loss 0.7933
Process 001 | Epoch 00019 | Time(s) 0.5344 | Comm(s) 0.3473 | Reduce(s) 0.0555 | Loss 0.3156
Process 001 | Epoch 00029 | Time(s) 0.6496 | Comm(s) 0.3635 | Reduce(s) 0.0538 | Loss 0.2247
Process 001 | Epoch 00039 | Time(s) 0.6403 | Comm(s) 0.3592 | Reduce(s) 0.0530 | Loss 0.1804
Process 001 | Epoch 00049 | Time(s) 0.6475 | Comm(s) 0.3583 | Reduce(s) 0.0528 | Loss 0.1600
Process 001 | Epoch 00059 | Time(s) 0.6464 | Comm(s) 0.3598 | Reduce(s) 0.0528 | Loss 0.1456
Process 001 | Epoch 00069 | Time(s) 0.6445 | Comm(s) 0.3616 | Reduce(s) 0.0523 | Loss 0.1340
Process 001 | Epoch 00079 | Time(s) 0.6437 | Comm(s) 0.3629 | Reduce(s) 0.0518 | Loss 0.1284
Process 001 | Epoch 00089 | Time(s) 0.6440 | Comm(s) 0.3636 | Reduce(s) 0.0520 | Loss 0.1186
Process 001 | Epoch 00099 | Time(s) 0.6485 | Comm(s) 0.3652 | Reduce(s) 0.0516 | Loss 0.1144
Process 001 | Epoch 00109 | Time(s) 0.6510 | Comm(s) 0.3663 | Reduce(s) 0.0512 | Loss 0.1121
Process 001 | Epoch 00119 | Time(s) 0.6510 | Comm(s) 0.3660 | Reduce(s) 0.0514 | Loss 0.1064
Process 001 | Epoch 00129 | Time(s) 0.6504 | Comm(s) 0.3671 | Reduce(s) 0.0511 | Loss 0.1021
Process 001 | Epoch 00139 | Time(s) 0.6494 | Comm(s) 0.3675 | Reduce(s) 0.0506 | Loss 0.0999
Process 001 | Epoch 00149 | Time(s) 0.6464 | Comm(s) 0.3674 | Reduce(s) 0.0506 | Loss 0.0944
Process 001 | Epoch 00159 | Time(s) 0.6478 | Comm(s) 0.3683 | Reduce(s) 0.0510 | Loss 0.0935
Process 001 | Epoch 00169 | Time(s) 0.6476 | Comm(s) 0.3675 | Reduce(s) 0.0510 | Loss 0.0922
Process 001 | Epoch 00179 | Time(s) 0.6468 | Comm(s) 0.3677 | Reduce(s) 0.0510 | Loss 0.0912
Process 001 | Epoch 00189 | Time(s) 0.6465 | Comm(s) 0.3675 | Reduce(s) 0.0510 | Loss 0.0871
Process 001 | Epoch 00199 | Time(s) 0.6465 | Comm(s) 0.3679 | Reduce(s) 0.0509 | Loss 0.0853
Process 001 | Epoch 00209 | Time(s) 0.6460 | Comm(s) 0.3680 | Reduce(s) 0.0510 | Loss 0.0838
Process 001 | Epoch 00219 | Time(s) 0.6442 | Comm(s) 0.3673 | Reduce(s) 0.0508 | Loss 0.0812
Process 001 | Epoch 00229 | Time(s) 0.6390 | Comm(s) 0.3664 | Reduce(s) 0.0507 | Loss 0.0809
Process 001 | Epoch 00239 | Time(s) 0.6342 | Comm(s) 0.3656 | Reduce(s) 0.0506 | Loss 0.0799
Process 001 | Epoch 00249 | Time(s) 0.6299 | Comm(s) 0.3649 | Reduce(s) 0.0505 | Loss 0.0801
Process 001 | Epoch 00259 | Time(s) 0.6264 | Comm(s) 0.3643 | Reduce(s) 0.0504 | Loss 0.0778
Process 001 | Epoch 00269 | Time(s) 0.6249 | Comm(s) 0.3645 | Reduce(s) 0.0505 | Loss 0.0769
Process 001 | Epoch 00279 | Time(s) 0.6221 | Comm(s) 0.3642 | Reduce(s) 0.0503 | Loss 0.0773
Process 001 | Epoch 00289 | Time(s) 0.6217 | Comm(s) 0.3646 | Reduce(s) 0.0505 | Loss 0.0751
Process 001 | Epoch 00299 | Time(s) 0.6228 | Comm(s) 0.3648 | Reduce(s) 0.0503 | Loss 0.0745
Process 001 | Epoch 00309 | Time(s) 0.6230 | Comm(s) 0.3652 | Reduce(s) 0.0504 | Loss 0.0723
Process 001 | Epoch 00319 | Time(s) 0.6234 | Comm(s) 0.3655 | Reduce(s) 0.0504 | Loss 0.0717
Process 001 | Epoch 00329 | Time(s) 0.6239 | Comm(s) 0.3666 | Reduce(s) 0.0503 | Loss 0.0734
Process 001 | Epoch 00339 | Time(s) 0.6247 | Comm(s) 0.3667 | Reduce(s) 0.0505 | Loss 0.0701
Process 001 | Epoch 00349 | Time(s) 0.6261 | Comm(s) 0.3674 | Reduce(s) 0.0508 | Loss 0.0711
Process 001 | Epoch 00359 | Time(s) 0.6275 | Comm(s) 0.3679 | Reduce(s) 0.0508 | Loss 0.0701
Process 001 | Epoch 00369 | Time(s) 0.6286 | Comm(s) 0.3685 | Reduce(s) 0.0508 | Loss 0.0707
Process 001 | Epoch 00379 | Time(s) 0.6286 | Comm(s) 0.3685 | Reduce(s) 0.0507 | Loss 0.0702
Process 001 | Epoch 00389 | Time(s) 0.6286 | Comm(s) 0.3687 | Reduce(s) 0.0507 | Loss 0.0703
Process 001 | Epoch 00399 | Time(s) 0.6297 | Comm(s) 0.3694 | Reduce(s) 0.0506 | Loss 0.0678
Process 001 | Epoch 00409 | Time(s) 0.6305 | Comm(s) 0.3694 | Reduce(s) 0.0505 | Loss 0.0687
Process 001 | Epoch 00419 | Time(s) 0.6309 | Comm(s) 0.3692 | Reduce(s) 0.0505 | Loss 0.0677
Process 001 | Epoch 00429 | Time(s) 0.6314 | Comm(s) 0.3697 | Reduce(s) 0.0506 | Loss 0.0670
Process 001 | Epoch 00439 | Time(s) 0.6315 | Comm(s) 0.3700 | Reduce(s) 0.0504 | Loss 0.0689
Process 001 | Epoch 00449 | Time(s) 0.6323 | Comm(s) 0.3702 | Reduce(s) 0.0505 | Loss 0.0706
Process 001 | Epoch 00459 | Time(s) 0.6329 | Comm(s) 0.3708 | Reduce(s) 0.0505 | Loss 0.0674
Process 001 | Epoch 00469 | Time(s) 0.6332 | Comm(s) 0.3708 | Reduce(s) 0.0506 | Loss 0.0662
Process 001 | Epoch 00479 | Time(s) 0.6330 | Comm(s) 0.3706 | Reduce(s) 0.0506 | Loss 0.0685
Process 001 | Epoch 00489 | Time(s) 0.6328 | Comm(s) 0.3708 | Reduce(s) 0.0506 | Loss 0.0657
Process 001 | Epoch 00499 | Time(s) 0.6330 | Comm(s) 0.3711 | Reduce(s) 0.0506 | Loss 0.0667
(rank 1) memory stats: current 1220.74MB, peak 4434.38MB, reserved 5212.00MB
loading partitions
Process 4 has 784033 nodes, 35278576 edges 504514 inner nodes, and 28400360 inner edges.
Process 4 start training
Process 004 | Epoch 00009 | Time(s) 0.4714 | Comm(s) 0.3101 | Reduce(s) 0.0461 | Loss 1.8649
Process 004 | Epoch 00019 | Time(s) 0.5345 | Comm(s) 0.3376 | Reduce(s) 0.0519 | Loss 1.1319
Process 004 | Epoch 00029 | Time(s) 0.6496 | Comm(s) 0.3519 | Reduce(s) 0.0501 | Loss 0.8429
Process 004 | Epoch 00039 | Time(s) 0.6403 | Comm(s) 0.3514 | Reduce(s) 0.0495 | Loss 0.7306
Process 004 | Epoch 00049 | Time(s) 0.6475 | Comm(s) 0.3519 | Reduce(s) 0.0493 | Loss 0.6588
Process 004 | Epoch 00059 | Time(s) 0.6464 | Comm(s) 0.3528 | Reduce(s) 0.0493 | Loss 0.6137
Process 004 | Epoch 00069 | Time(s) 0.6445 | Comm(s) 0.3545 | Reduce(s) 0.0478 | Loss 0.5805
Process 004 | Epoch 00079 | Time(s) 0.6437 | Comm(s) 0.3560 | Reduce(s) 0.0473 | Loss 0.5589
Process 004 | Epoch 00089 | Time(s) 0.6440 | Comm(s) 0.3570 | Reduce(s) 0.0459 | Loss 0.5359
Process 004 | Epoch 00099 | Time(s) 0.6485 | Comm(s) 0.3593 | Reduce(s) 0.0458 | Loss 0.5184
Process 004 | Epoch 00109 | Time(s) 0.6511 | Comm(s) 0.3592 | Reduce(s) 0.0460 | Loss 0.5033
Process 004 | Epoch 00119 | Time(s) 0.6510 | Comm(s) 0.3582 | Reduce(s) 0.0463 | Loss 0.4906
Process 004 | Epoch 00129 | Time(s) 0.6504 | Comm(s) 0.3585 | Reduce(s) 0.0461 | Loss 0.4800
Process 004 | Epoch 00139 | Time(s) 0.6494 | Comm(s) 0.3583 | Reduce(s) 0.0455 | Loss 0.4711
Process 004 | Epoch 00149 | Time(s) 0.6464 | Comm(s) 0.3584 | Reduce(s) 0.0453 | Loss 0.4551
Process 004 | Epoch 00159 | Time(s) 0.6478 | Comm(s) 0.3601 | Reduce(s) 0.0451 | Loss 0.4485
Process 004 | Epoch 00169 | Time(s) 0.6476 | Comm(s) 0.3600 | Reduce(s) 0.0450 | Loss 0.4426
Process 004 | Epoch 00179 | Time(s) 0.6468 | Comm(s) 0.3606 | Reduce(s) 0.0451 | Loss 0.4380
Process 004 | Epoch 00189 | Time(s) 0.6465 | Comm(s) 0.3612 | Reduce(s) 0.0449 | Loss 0.4302
Process 004 | Epoch 00199 | Time(s) 0.6465 | Comm(s) 0.3613 | Reduce(s) 0.0445 | Loss 0.4258
Process 004 | Epoch 00209 | Time(s) 0.6460 | Comm(s) 0.3611 | Reduce(s) 0.0448 | Loss 0.4171
Process 004 | Epoch 00219 | Time(s) 0.6441 | Comm(s) 0.3607 | Reduce(s) 0.0444 | Loss 0.4125
Process 004 | Epoch 00229 | Time(s) 0.6390 | Comm(s) 0.3593 | Reduce(s) 0.0443 | Loss 0.4104
Process 004 | Epoch 00239 | Time(s) 0.6342 | Comm(s) 0.3589 | Reduce(s) 0.0441 | Loss 0.4045
Process 004 | Epoch 00249 | Time(s) 0.6299 | Comm(s) 0.3580 | Reduce(s) 0.0440 | Loss 0.4028
Process 004 | Epoch 00259 | Time(s) 0.6264 | Comm(s) 0.3576 | Reduce(s) 0.0439 | Loss 0.4007
Process 004 | Epoch 00269 | Time(s) 0.6249 | Comm(s) 0.3575 | Reduce(s) 0.0440 | Loss 0.3998
Process 004 | Epoch 00279 | Time(s) 0.6221 | Comm(s) 0.3571 | Reduce(s) 0.0440 | Loss 0.4097
Process 004 | Epoch 00289 | Time(s) 0.6217 | Comm(s) 0.3577 | Reduce(s) 0.0438 | Loss 0.3905
Process 004 | Epoch 00299 | Time(s) 0.6228 | Comm(s) 0.3584 | Reduce(s) 0.0436 | Loss 0.3873
Process 004 | Epoch 00309 | Time(s) 0.6230 | Comm(s) 0.3589 | Reduce(s) 0.0437 | Loss 0.3879
Process 004 | Epoch 00319 | Time(s) 0.6234 | Comm(s) 0.3593 | Reduce(s) 0.0437 | Loss 0.3819
Process 004 | Epoch 00329 | Time(s) 0.6239 | Comm(s) 0.3598 | Reduce(s) 0.0437 | Loss 0.3796
Process 004 | Epoch 00339 | Time(s) 0.6247 | Comm(s) 0.3604 | Reduce(s) 0.0435 | Loss 0.3781
Process 004 | Epoch 00349 | Time(s) 0.6261 | Comm(s) 0.3616 | Reduce(s) 0.0432 | Loss 0.3774
Process 004 | Epoch 00359 | Time(s) 0.6275 | Comm(s) 0.3625 | Reduce(s) 0.0429 | Loss 0.3848
Process 004 | Epoch 00369 | Time(s) 0.6286 | Comm(s) 0.3627 | Reduce(s) 0.0429 | Loss 0.3845
Process 004 | Epoch 00379 | Time(s) 0.6286 | Comm(s) 0.3627 | Reduce(s) 0.0428 | Loss 0.3742
Process 004 | Epoch 00389 | Time(s) 0.6286 | Comm(s) 0.3632 | Reduce(s) 0.0427 | Loss 0.3712
Process 004 | Epoch 00399 | Time(s) 0.6298 | Comm(s) 0.3637 | Reduce(s) 0.0426 | Loss 0.3673
Process 004 | Epoch 00409 | Time(s) 0.6305 | Comm(s) 0.3639 | Reduce(s) 0.0424 | Loss 0.3738
Process 004 | Epoch 00419 | Time(s) 0.6309 | Comm(s) 0.3639 | Reduce(s) 0.0423 | Loss 0.3675
Process 004 | Epoch 00429 | Time(s) 0.6314 | Comm(s) 0.3646 | Reduce(s) 0.0423 | Loss 0.3691
Process 004 | Epoch 00439 | Time(s) 0.6315 | Comm(s) 0.3647 | Reduce(s) 0.0422 | Loss 0.3615
Process 004 | Epoch 00449 | Time(s) 0.6323 | Comm(s) 0.3650 | Reduce(s) 0.0422 | Loss 0.3617
Process 004 | Epoch 00459 | Time(s) 0.6329 | Comm(s) 0.3656 | Reduce(s) 0.0421 | Loss 0.3639
Process 004 | Epoch 00469 | Time(s) 0.6332 | Comm(s) 0.3658 | Reduce(s) 0.0422 | Loss 0.3636
Process 004 | Epoch 00479 | Time(s) 0.6330 | Comm(s) 0.3657 | Reduce(s) 0.0422 | Loss 0.3552
Process 004 | Epoch 00489 | Time(s) 0.6328 | Comm(s) 0.3659 | Reduce(s) 0.0423 | Loss 0.3588
Process 004 | Epoch 00499 | Time(s) 0.6330 | Comm(s) 0.3661 | Reduce(s) 0.0425 | Loss 0.3558
(rank 4) memory stats: current 1596.97MB, peak 5256.02MB, reserved 6232.00MB
loading partitions
Process 2 has 692600 nodes, 27267637 edges 504513 inner nodes, and 24126075 inner edges.
Process 2 start training
Process 002 | Epoch 00009 | Time(s) 0.4714 | Comm(s) 0.3063 | Reduce(s) 0.0455 | Loss 2.3774
Process 002 | Epoch 00019 | Time(s) 0.5344 | Comm(s) 0.3411 | Reduce(s) 0.0457 | Loss 1.2419
Process 002 | Epoch 00029 | Time(s) 0.6496 | Comm(s) 0.3595 | Reduce(s) 0.0449 | Loss 0.8765
Process 002 | Epoch 00039 | Time(s) 0.6403 | Comm(s) 0.3585 | Reduce(s) 0.0435 | Loss 0.7076
Process 002 | Epoch 00049 | Time(s) 0.6475 | Comm(s) 0.3586 | Reduce(s) 0.0436 | Loss 0.6339
Process 002 | Epoch 00059 | Time(s) 0.6464 | Comm(s) 0.3581 | Reduce(s) 0.0433 | Loss 0.5788
Process 002 | Epoch 00069 | Time(s) 0.6446 | Comm(s) 0.3577 | Reduce(s) 0.0432 | Loss 0.5486
Process 002 | Epoch 00079 | Time(s) 0.6437 | Comm(s) 0.3590 | Reduce(s) 0.0433 | Loss 0.5210
Process 002 | Epoch 00089 | Time(s) 0.6440 | Comm(s) 0.3591 | Reduce(s) 0.0438 | Loss 0.4951
Process 002 | Epoch 00099 | Time(s) 0.6486 | Comm(s) 0.3624 | Reduce(s) 0.0433 | Loss 0.4773
Process 002 | Epoch 00109 | Time(s) 0.6510 | Comm(s) 0.3633 | Reduce(s) 0.0435 | Loss 0.4579
Process 002 | Epoch 00119 | Time(s) 0.6510 | Comm(s) 0.3627 | Reduce(s) 0.0436 | Loss 0.4440
Process 002 | Epoch 00129 | Time(s) 0.6504 | Comm(s) 0.3628 | Reduce(s) 0.0432 | Loss 0.4306
Process 002 | Epoch 00139 | Time(s) 0.6494 | Comm(s) 0.3622 | Reduce(s) 0.0433 | Loss 0.4162
Process 002 | Epoch 00149 | Time(s) 0.6464 | Comm(s) 0.3624 | Reduce(s) 0.0431 | Loss 0.4070
Process 002 | Epoch 00159 | Time(s) 0.6479 | Comm(s) 0.3643 | Reduce(s) 0.0429 | Loss 0.4040
Process 002 | Epoch 00169 | Time(s) 0.6477 | Comm(s) 0.3639 | Reduce(s) 0.0427 | Loss 0.3913
Process 002 | Epoch 00179 | Time(s) 0.6468 | Comm(s) 0.3643 | Reduce(s) 0.0429 | Loss 0.3824
Process 002 | Epoch 00189 | Time(s) 0.6465 | Comm(s) 0.3646 | Reduce(s) 0.0428 | Loss 0.3798
Process 002 | Epoch 00199 | Time(s) 0.6465 | Comm(s) 0.3643 | Reduce(s) 0.0430 | Loss 0.3701
Process 002 | Epoch 00209 | Time(s) 0.6460 | Comm(s) 0.3643 | Reduce(s) 0.0433 | Loss 0.3601
Process 002 | Epoch 00219 | Time(s) 0.6442 | Comm(s) 0.3632 | Reduce(s) 0.0434 | Loss 0.3653
Process 002 | Epoch 00229 | Time(s) 0.6390 | Comm(s) 0.3620 | Reduce(s) 0.0434 | Loss 0.3564
Process 002 | Epoch 00239 | Time(s) 0.6342 | Comm(s) 0.3608 | Reduce(s) 0.0436 | Loss 0.3565
Process 002 | Epoch 00249 | Time(s) 0.6299 | Comm(s) 0.3600 | Reduce(s) 0.0436 | Loss 0.3512
Process 002 | Epoch 00259 | Time(s) 0.6264 | Comm(s) 0.3597 | Reduce(s) 0.0436 | Loss 0.3500
Process 002 | Epoch 00269 | Time(s) 0.6249 | Comm(s) 0.3593 | Reduce(s) 0.0437 | Loss 0.3480
Process 002 | Epoch 00279 | Time(s) 0.6221 | Comm(s) 0.3589 | Reduce(s) 0.0437 | Loss 0.3444
Process 002 | Epoch 00289 | Time(s) 0.6217 | Comm(s) 0.3594 | Reduce(s) 0.0438 | Loss 0.3339
Process 002 | Epoch 00299 | Time(s) 0.6228 | Comm(s) 0.3599 | Reduce(s) 0.0435 | Loss 0.3332
Process 002 | Epoch 00309 | Time(s) 0.6230 | Comm(s) 0.3604 | Reduce(s) 0.0434 | Loss 0.3359
Process 002 | Epoch 00319 | Time(s) 0.6234 | Comm(s) 0.3616 | Reduce(s) 0.0434 | Loss 0.3279
Process 002 | Epoch 00329 | Time(s) 0.6239 | Comm(s) 0.3627 | Reduce(s) 0.0432 | Loss 0.3284
Process 002 | Epoch 00339 | Time(s) 0.6247 | Comm(s) 0.3635 | Reduce(s) 0.0431 | Loss 0.3281
Process 002 | Epoch 00349 | Time(s) 0.6261 | Comm(s) 0.3644 | Reduce(s) 0.0432 | Loss 0.3223
Process 002 | Epoch 00359 | Time(s) 0.6275 | Comm(s) 0.3649 | Reduce(s) 0.0433 | Loss 0.3254
Process 002 | Epoch 00369 | Time(s) 0.6286 | Comm(s) 0.3654 | Reduce(s) 0.0434 | Loss 0.3182
Process 002 | Epoch 00379 | Time(s) 0.6286 | Comm(s) 0.3652 | Reduce(s) 0.0433 | Loss 0.3171
Process 002 | Epoch 00389 | Time(s) 0.6286 | Comm(s) 0.3655 | Reduce(s) 0.0433 | Loss 0.3133
Process 002 | Epoch 00399 | Time(s) 0.6298 | Comm(s) 0.3664 | Reduce(s) 0.0432 | Loss 0.3117
Process 002 | Epoch 00409 | Time(s) 0.6305 | Comm(s) 0.3667 | Reduce(s) 0.0432 | Loss 0.3081
Process 002 | Epoch 00419 | Time(s) 0.6309 | Comm(s) 0.3666 | Reduce(s) 0.0432 | Loss 0.3130
Process 002 | Epoch 00429 | Time(s) 0.6315 | Comm(s) 0.3669 | Reduce(s) 0.0432 | Loss 0.3172
Process 002 | Epoch 00439 | Time(s) 0.6315 | Comm(s) 0.3674 | Reduce(s) 0.0431 | Loss 0.3087
Process 002 | Epoch 00449 | Time(s) 0.6323 | Comm(s) 0.3677 | Reduce(s) 0.0431 | Loss 0.3100
Process 002 | Epoch 00459 | Time(s) 0.6329 | Comm(s) 0.3680 | Reduce(s) 0.0432 | Loss 0.3074
Process 002 | Epoch 00469 | Time(s) 0.6332 | Comm(s) 0.3682 | Reduce(s) 0.0431 | Loss 0.3081
Process 002 | Epoch 00479 | Time(s) 0.6330 | Comm(s) 0.3681 | Reduce(s) 0.0432 | Loss 0.3041
Process 002 | Epoch 00489 | Time(s) 0.6328 | Comm(s) 0.3683 | Reduce(s) 0.0432 | Loss 0.3028
Process 002 | Epoch 00499 | Time(s) 0.6330 | Comm(s) 0.3684 | Reduce(s) 0.0433 | Loss 0.3025
(rank 2) memory stats: current 1408.79MB, peak 4916.41MB, reserved 5794.00MB
loading partitions
Process 3 has 836440 nodes, 33372329 edges 488969 inner nodes, and 27833669 inner edges.
Process 3 start training
Process 003 | Epoch 00009 | Time(s) 0.4714 | Comm(s) 0.3082 | Reduce(s) 0.0471 | Loss 1.8406
Process 003 | Epoch 00019 | Time(s) 0.5344 | Comm(s) 0.3400 | Reduce(s) 0.0494 | Loss 1.1514
Process 003 | Epoch 00029 | Time(s) 0.6496 | Comm(s) 0.3560 | Reduce(s) 0.0456 | Loss 0.9153
Process 003 | Epoch 00039 | Time(s) 0.6404 | Comm(s) 0.3535 | Reduce(s) 0.0443 | Loss 0.7950
Process 003 | Epoch 00049 | Time(s) 0.6475 | Comm(s) 0.3515 | Reduce(s) 0.0444 | Loss 0.7270
Process 003 | Epoch 00059 | Time(s) 0.6464 | Comm(s) 0.3514 | Reduce(s) 0.0446 | Loss 0.6828
Process 003 | Epoch 00069 | Time(s) 0.6445 | Comm(s) 0.3519 | Reduce(s) 0.0440 | Loss 0.6469
Process 003 | Epoch 00079 | Time(s) 0.6437 | Comm(s) 0.3541 | Reduce(s) 0.0429 | Loss 0.6184
Process 003 | Epoch 00089 | Time(s) 0.6441 | Comm(s) 0.3554 | Reduce(s) 0.0428 | Loss 0.5971
Process 003 | Epoch 00099 | Time(s) 0.6487 | Comm(s) 0.3580 | Reduce(s) 0.0425 | Loss 0.5713
Process 003 | Epoch 00109 | Time(s) 0.6510 | Comm(s) 0.3597 | Reduce(s) 0.0428 | Loss 0.5610
Process 003 | Epoch 00119 | Time(s) 0.6510 | Comm(s) 0.3606 | Reduce(s) 0.0425 | Loss 0.5439
Process 003 | Epoch 00129 | Time(s) 0.6504 | Comm(s) 0.3608 | Reduce(s) 0.0422 | Loss 0.5290
Process 003 | Epoch 00139 | Time(s) 0.6494 | Comm(s) 0.3609 | Reduce(s) 0.0420 | Loss 0.5170
Process 003 | Epoch 00149 | Time(s) 0.6464 | Comm(s) 0.3600 | Reduce(s) 0.0419 | Loss 0.5089
Process 003 | Epoch 00159 | Time(s) 0.6478 | Comm(s) 0.3618 | Reduce(s) 0.0413 | Loss 0.4970
Process 003 | Epoch 00169 | Time(s) 0.6476 | Comm(s) 0.3618 | Reduce(s) 0.0413 | Loss 0.4942
Process 003 | Epoch 00179 | Time(s) 0.6468 | Comm(s) 0.3620 | Reduce(s) 0.0415 | Loss 0.4802
Process 003 | Epoch 00189 | Time(s) 0.6465 | Comm(s) 0.3626 | Reduce(s) 0.0414 | Loss 0.4713
Process 003 | Epoch 00199 | Time(s) 0.6465 | Comm(s) 0.3629 | Reduce(s) 0.0412 | Loss 0.4620
Process 003 | Epoch 00209 | Time(s) 0.6459 | Comm(s) 0.3632 | Reduce(s) 0.0413 | Loss 0.4583
Process 003 | Epoch 00219 | Time(s) 0.6441 | Comm(s) 0.3625 | Reduce(s) 0.0412 | Loss 0.4577
Process 003 | Epoch 00229 | Time(s) 0.6390 | Comm(s) 0.3614 | Reduce(s) 0.0413 | Loss 0.4514
Process 003 | Epoch 00239 | Time(s) 0.6342 | Comm(s) 0.3607 | Reduce(s) 0.0413 | Loss 0.4436
Process 003 | Epoch 00249 | Time(s) 0.6299 | Comm(s) 0.3600 | Reduce(s) 0.0414 | Loss 0.4392
Process 003 | Epoch 00259 | Time(s) 0.6263 | Comm(s) 0.3594 | Reduce(s) 0.0413 | Loss 0.4401
Process 003 | Epoch 00269 | Time(s) 0.6249 | Comm(s) 0.3596 | Reduce(s) 0.0412 | Loss 0.4373
Process 003 | Epoch 00279 | Time(s) 0.6221 | Comm(s) 0.3591 | Reduce(s) 0.0412 | Loss 0.4349
Process 003 | Epoch 00289 | Time(s) 0.6217 | Comm(s) 0.3595 | Reduce(s) 0.0412 | Loss 0.4234
Process 003 | Epoch 00299 | Time(s) 0.6228 | Comm(s) 0.3599 | Reduce(s) 0.0409 | Loss 0.4209
Process 003 | Epoch 00309 | Time(s) 0.6230 | Comm(s) 0.3607 | Reduce(s) 0.0407 | Loss 0.4226
Process 003 | Epoch 00319 | Time(s) 0.6234 | Comm(s) 0.3615 | Reduce(s) 0.0406 | Loss 0.4181
Process 003 | Epoch 00329 | Time(s) 0.6239 | Comm(s) 0.3621 | Reduce(s) 0.0405 | Loss 0.4089
Process 003 | Epoch 00339 | Time(s) 0.6247 | Comm(s) 0.3627 | Reduce(s) 0.0404 | Loss 0.4151
Process 003 | Epoch 00349 | Time(s) 0.6261 | Comm(s) 0.3637 | Reduce(s) 0.0404 | Loss 0.4092
Process 003 | Epoch 00359 | Time(s) 0.6275 | Comm(s) 0.3648 | Reduce(s) 0.0402 | Loss 0.4150
Process 003 | Epoch 00369 | Time(s) 0.6285 | Comm(s) 0.3652 | Reduce(s) 0.0403 | Loss 0.4142
Process 003 | Epoch 00379 | Time(s) 0.6286 | Comm(s) 0.3653 | Reduce(s) 0.0402 | Loss 0.4032
Process 003 | Epoch 00389 | Time(s) 0.6286 | Comm(s) 0.3656 | Reduce(s) 0.0402 | Loss 0.4012
Process 003 | Epoch 00399 | Time(s) 0.6297 | Comm(s) 0.3662 | Reduce(s) 0.0399 | Loss 0.4021
Process 003 | Epoch 00409 | Time(s) 0.6305 | Comm(s) 0.3667 | Reduce(s) 0.0398 | Loss 0.4023
Process 003 | Epoch 00419 | Time(s) 0.6309 | Comm(s) 0.3666 | Reduce(s) 0.0398 | Loss 0.4024
Process 003 | Epoch 00429 | Time(s) 0.6314 | Comm(s) 0.3670 | Reduce(s) 0.0398 | Loss 0.3916
Process 003 | Epoch 00439 | Time(s) 0.6315 | Comm(s) 0.3672 | Reduce(s) 0.0398 | Loss 0.3955
Process 003 | Epoch 00449 | Time(s) 0.6323 | Comm(s) 0.3672 | Reduce(s) 0.0399 | Loss 0.3927
Process 003 | Epoch 00459 | Time(s) 0.6329 | Comm(s) 0.3673 | Reduce(s) 0.0398 | Loss 0.3856
Process 003 | Epoch 00469 | Time(s) 0.6332 | Comm(s) 0.3674 | Reduce(s) 0.0397 | Loss 0.3876
Process 003 | Epoch 00479 | Time(s) 0.6331 | Comm(s) 0.3674 | Reduce(s) 0.0397 | Loss 0.3880
Process 003 | Epoch 00489 | Time(s) 0.6328 | Comm(s) 0.3678 | Reduce(s) 0.0397 | Loss 0.3821
Process 003 | Epoch 00499 | Time(s) 0.6330 | Comm(s) 0.3680 | Reduce(s) 0.0398 | Loss 0.3839
(rank 3) memory stats: current 1554.85MB, peak 5119.42MB, reserved 6052.00MB
loading partitions
Process 0 has 747952 nodes, 19369607 edges 475517 inner nodes, and 14899677 inner edges.
Process 0 start training
Process 000 | Epoch 00009 | Time(s) 0.4713 | Comm(s) 0.3228 | Reduce(s) 0.0504 | Loss 0.4889
Process 000 | Epoch 00019 | Time(s) 0.5339 | Comm(s) 0.3518 | Reduce(s) 0.0559 | Loss 0.2105
Epoch 00009 | Validation Accuracy 70.72% | Test Accuracy 54.11%
Process 000 | Epoch 00029 | Time(s) 0.5634 | Comm(s) 0.3620 | Reduce(s) 0.0553 | Loss 0.1632
Epoch 00019 | Validation Accuracy 81.57% | Test Accuracy 62.99%
Process 000 | Epoch 00039 | Time(s) 0.5558 | Comm(s) 0.3605 | Reduce(s) 0.0542 | Loss 0.1378
Epoch 00029 | Validation Accuracy 85.38% | Test Accuracy 67.80%
Process 000 | Epoch 00049 | Time(s) 0.5538 | Comm(s) 0.3607 | Reduce(s) 0.0546 | Loss 0.1213
Epoch 00039 | Validation Accuracy 87.26% | Test Accuracy 70.24%
Process 000 | Epoch 00059 | Time(s) 0.5517 | Comm(s) 0.3651 | Reduce(s) 0.0533 | Loss 0.1124
Epoch 00049 | Validation Accuracy 88.10% | Test Accuracy 71.44%
Process 000 | Epoch 00069 | Time(s) 0.5503 | Comm(s) 0.3665 | Reduce(s) 0.0531 | Loss 0.1066
Epoch 00059 | Validation Accuracy 88.88% | Test Accuracy 72.18%
Process 000 | Epoch 00079 | Time(s) 0.5498 | Comm(s) 0.3659 | Reduce(s) 0.0533 | Loss 0.0981
Epoch 00069 | Validation Accuracy 89.33% | Test Accuracy 72.89%
Process 000 | Epoch 00089 | Time(s) 0.5513 | Comm(s) 0.3653 | Reduce(s) 0.0533 | Loss 0.0954
Epoch 00079 | Validation Accuracy 89.72% | Test Accuracy 73.55%
Process 000 | Epoch 00099 | Time(s) 0.5550 | Comm(s) 0.3686 | Reduce(s) 0.0530 | Loss 0.0889
Epoch 00089 | Validation Accuracy 90.06% | Test Accuracy 74.18%
Process 000 | Epoch 00109 | Time(s) 0.5586 | Comm(s) 0.3709 | Reduce(s) 0.0531 | Loss 0.0869
Epoch 00099 | Validation Accuracy 90.36% | Test Accuracy 74.95%
Process 000 | Epoch 00119 | Time(s) 0.5585 | Comm(s) 0.3709 | Reduce(s) 0.0532 | Loss 0.0840
Epoch 00109 | Validation Accuracy 90.66% | Test Accuracy 75.62%
Process 000 | Epoch 00129 | Time(s) 0.5592 | Comm(s) 0.3713 | Reduce(s) 0.0524 | Loss 0.0809
Epoch 00119 | Validation Accuracy 90.78% | Test Accuracy 76.18%
Process 000 | Epoch 00139 | Time(s) 0.5594 | Comm(s) 0.3718 | Reduce(s) 0.0519 | Loss 0.0766
Epoch 00129 | Validation Accuracy 91.01% | Test Accuracy 76.70%
Process 000 | Epoch 00149 | Time(s) 0.5589 | Comm(s) 0.3717 | Reduce(s) 0.0520 | Loss 0.0751
Epoch 00139 | Validation Accuracy 91.11% | Test Accuracy 77.30%
Process 000 | Epoch 00159 | Time(s) 0.5604 | Comm(s) 0.3738 | Reduce(s) 0.0519 | Loss 0.0714
Epoch 00149 | Validation Accuracy 91.32% | Test Accuracy 77.71%
Process 000 | Epoch 00169 | Time(s) 0.5609 | Comm(s) 0.3732 | Reduce(s) 0.0520 | Loss 0.0695
Epoch 00159 | Validation Accuracy 91.47% | Test Accuracy 77.92%
Process 000 | Epoch 00179 | Time(s) 0.5612 | Comm(s) 0.3733 | Reduce(s) 0.0520 | Loss 0.0712
Epoch 00169 | Validation Accuracy 91.69% | Test Accuracy 78.09%
Process 000 | Epoch 00189 | Time(s) 0.5624 | Comm(s) 0.3736 | Reduce(s) 0.0520 | Loss 0.0697
Epoch 00179 | Validation Accuracy 91.64% | Test Accuracy 78.32%
Process 000 | Epoch 00199 | Time(s) 0.5631 | Comm(s) 0.3738 | Reduce(s) 0.0519 | Loss 0.0655
Epoch 00189 | Validation Accuracy 91.65% | Test Accuracy 78.59%
Process 000 | Epoch 00209 | Time(s) 0.5636 | Comm(s) 0.3744 | Reduce(s) 0.0522 | Loss 0.0648
Epoch 00199 | Validation Accuracy 91.92% | Test Accuracy 78.68%
Process 000 | Epoch 00219 | Time(s) 0.5621 | Comm(s) 0.3737 | Reduce(s) 0.0520 | Loss 0.0647
Epoch 00209 | Validation Accuracy 91.87% | Test Accuracy 78.80%
Epoch 00219 | Validation Accuracy 91.95% | Test Accuracy 78.84%
Process 000 | Epoch 00229 | Time(s) 0.5599 | Comm(s) 0.3725 | Reduce(s) 0.0519 | Loss 0.0628
Epoch 00229 | Validation Accuracy 91.93% | Test Accuracy 78.80%
Process 000 | Epoch 00239 | Time(s) 0.5583 | Comm(s) 0.3717 | Reduce(s) 0.0519 | Loss 0.0613
Process 000 | Epoch 00249 | Time(s) 0.5571 | Comm(s) 0.3708 | Reduce(s) 0.0518 | Loss 0.0603
Epoch 00239 | Validation Accuracy 91.97% | Test Accuracy 78.93%
Process 000 | Epoch 00259 | Time(s) 0.5559 | Comm(s) 0.3706 | Reduce(s) 0.0517 | Loss 0.0622
Epoch 00249 | Validation Accuracy 92.04% | Test Accuracy 79.08%
Process 000 | Epoch 00269 | Time(s) 0.5559 | Comm(s) 0.3705 | Reduce(s) 0.0517 | Loss 0.0593
Epoch 00259 | Validation Accuracy 91.98% | Test Accuracy 79.08%
Process 000 | Epoch 00279 | Time(s) 0.5550 | Comm(s) 0.3705 | Reduce(s) 0.0517 | Loss 0.0613
Epoch 00269 | Validation Accuracy 92.09% | Test Accuracy 79.15%
Process 000 | Epoch 00289 | Time(s) 0.5557 | Comm(s) 0.3711 | Reduce(s) 0.0517 | Loss 0.0573
Epoch 00279 | Validation Accuracy 92.04% | Test Accuracy 79.11%
Process 000 | Epoch 00299 | Time(s) 0.5567 | Comm(s) 0.3714 | Reduce(s) 0.0518 | Loss 0.0595
Epoch 00289 | Validation Accuracy 92.19% | Test Accuracy 79.06%
Process 000 | Epoch 00309 | Time(s) 0.5576 | Comm(s) 0.3719 | Reduce(s) 0.0518 | Loss 0.0600
Epoch 00299 | Validation Accuracy 92.16% | Test Accuracy 79.18%
Process 000 | Epoch 00319 | Time(s) 0.5585 | Comm(s) 0.3728 | Reduce(s) 0.0518 | Loss 0.0580
Epoch 00309 | Validation Accuracy 92.21% | Test Accuracy 79.05%
Process 000 | Epoch 00329 | Time(s) 0.5592 | Comm(s) 0.3735 | Reduce(s) 0.0517 | Loss 0.0591
Epoch 00319 | Validation Accuracy 92.21% | Test Accuracy 79.02%
Process 000 | Epoch 00339 | Time(s) 0.5605 | Comm(s) 0.3739 | Reduce(s) 0.0520 | Loss 0.0605
Epoch 00329 | Validation Accuracy 92.31% | Test Accuracy 79.19%
Process 000 | Epoch 00349 | Time(s) 0.5621 | Comm(s) 0.3747 | Reduce(s) 0.0523 | Loss 0.0584
Epoch 00339 | Validation Accuracy 92.33% | Test Accuracy 79.20%
Process 000 | Epoch 00359 | Time(s) 0.5633 | Comm(s) 0.3751 | Reduce(s) 0.0523 | Loss 0.0570
Epoch 00349 | Validation Accuracy 92.18% | Test Accuracy 78.98%
Process 000 | Epoch 00369 | Time(s) 0.5641 | Comm(s) 0.3755 | Reduce(s) 0.0524 | Loss 0.0582
Epoch 00359 | Validation Accuracy 92.35% | Test Accuracy 78.92%
Process 000 | Epoch 00379 | Time(s) 0.5642 | Comm(s) 0.3754 | Reduce(s) 0.0524 | Loss 0.0558
Epoch 00369 | Validation Accuracy 92.31% | Test Accuracy 79.34%
Process 000 | Epoch 00389 | Time(s) 0.5642 | Comm(s) 0.3754 | Reduce(s) 0.0523 | Loss 0.0558
Epoch 00379 | Validation Accuracy 92.27% | Test Accuracy 78.95%
Process 000 | Epoch 00399 | Time(s) 0.5650 | Comm(s) 0.3761 | Reduce(s) 0.0522 | Loss 0.0533
Epoch 00389 | Validation Accuracy 92.33% | Test Accuracy 79.06%
Process 000 | Epoch 00409 | Time(s) 0.5657 | Comm(s) 0.3761 | Reduce(s) 0.0522 | Loss 0.0550
Epoch 00399 | Validation Accuracy 92.30% | Test Accuracy 79.13%
Process 000 | Epoch 00419 | Time(s) 0.5661 | Comm(s) 0.3760 | Reduce(s) 0.0522 | Loss 0.0542
Epoch 00409 | Validation Accuracy 92.32% | Test Accuracy 79.03%
Process 000 | Epoch 00429 | Time(s) 0.5668 | Comm(s) 0.3766 | Reduce(s) 0.0522 | Loss 0.0558
Epoch 00419 | Validation Accuracy 92.37% | Test Accuracy 79.02%
Process 000 | Epoch 00439 | Time(s) 0.5671 | Comm(s) 0.3771 | Reduce(s) 0.0521 | Loss 0.0539
Epoch 00429 | Validation Accuracy 92.28% | Test Accuracy 79.10%
Process 000 | Epoch 00449 | Time(s) 0.5677 | Comm(s) 0.3775 | Reduce(s) 0.0521 | Loss 0.0543
Epoch 00439 | Validation Accuracy 92.35% | Test Accuracy 78.98%
Process 000 | Epoch 00459 | Time(s) 0.5683 | Comm(s) 0.3779 | Reduce(s) 0.0521 | Loss 0.0544
Epoch 00449 | Validation Accuracy 92.36% | Test Accuracy 78.98%
Process 000 | Epoch 00469 | Time(s) 0.5687 | Comm(s) 0.3780 | Reduce(s) 0.0521 | Loss 0.0540
Epoch 00459 | Validation Accuracy 92.30% | Test Accuracy 78.92%
Process 000 | Epoch 00479 | Time(s) 0.5692 | Comm(s) 0.3779 | Reduce(s) 0.0521 | Loss 0.0535
Epoch 00469 | Validation Accuracy 92.44% | Test Accuracy 79.16%
Process 000 | Epoch 00489 | Time(s) 0.5696 | Comm(s) 0.3780 | Reduce(s) 0.0523 | Loss 0.0546
Epoch 00479 | Validation Accuracy 92.48% | Test Accuracy 78.88%
Process 000 | Epoch 00499 | Time(s) 0.5701 | Comm(s) 0.3782 | Reduce(s) 0.0524 | Loss 0.0529
Epoch 00489 | Validation Accuracy 92.29% | Test Accuracy 78.91%
(rank 0) memory stats: current 1081.40MB, peak 4172.61MB, reserved 4872.00MB
Epoch 00499 | Validation Accuracy 92.38% | Test Accuracy 79.05%
model saved
Max Validation Accuracy 92.48%
Test Result | Accuracy 78.88%
