/home/zhaoyu/miniconda3/envs/test/lib/python3.11/site-packages/dgl/graphbolt/__init__.py:114: GBWarning: 
An experimental feature for CUDA allocations is turned on for better allocation
pattern resulting in better memory usage for minibatch GNN training workloads.
See https://pytorch.org/docs/stable/notes/cuda.html#optimizing-memory-usage-with-pytorch-cuda-alloc-conf,
and set the environment variable `PYTORCH_CUDA_ALLOC_CONF=expandable_segments:False`
if you want to disable it and set it True to acknowledge and disable the warning.

  gb_warning(WARNING_STR_TO_BE_SHOWN)
Namespace(dataset='ogbn-products', data_path='./dataset/', part_path='./partition/', graph_name='ogbn-products-5-metis-vol-trans', model='graphsage', dropout=0.3, lr=0.003, sampling_rate=0.1, heads=1, n_epochs=500, n_partitions=5, n_hidden=128, n_layers=3, log_every=10, weight_decay=0, norm='layer', partition_obj='vol', partition_method='metis', n_linear=0, use_pp=True, inductive=False, fix_seed=True, seed=1, backend='gloo', port=18300, master_addr='127.0.0.1', node_rank=0, parts_per_node=10, skip_partition=True, eval=True)
loading partitions
Process 1 has 711752 nodes, 22307144 edges 475516 inner nodes, and 19479032 inner edges.
Process 1 start training
Process 001 | Epoch 00009 | Time(s) 0.4878 | Comm(s) 0.3360 | Reduce(s) 0.0460 | Loss 0.9080
Process 001 | Epoch 00019 | Time(s) 0.5532 | Comm(s) 0.3529 | Reduce(s) 0.0540 | Loss 0.3380
Process 001 | Epoch 00029 | Time(s) 0.6424 | Comm(s) 0.3610 | Reduce(s) 0.0580 | Loss 0.2232
Process 001 | Epoch 00039 | Time(s) 0.6354 | Comm(s) 0.3630 | Reduce(s) 0.0556 | Loss 0.1803
Process 001 | Epoch 00049 | Time(s) 0.6373 | Comm(s) 0.3599 | Reduce(s) 0.0537 | Loss 0.1573
Process 001 | Epoch 00059 | Time(s) 0.6379 | Comm(s) 0.3633 | Reduce(s) 0.0532 | Loss 0.1407
Process 001 | Epoch 00069 | Time(s) 0.6402 | Comm(s) 0.3641 | Reduce(s) 0.0536 | Loss 0.1328
Process 001 | Epoch 00079 | Time(s) 0.6389 | Comm(s) 0.3680 | Reduce(s) 0.0534 | Loss 0.1297
Process 001 | Epoch 00089 | Time(s) 0.6387 | Comm(s) 0.3687 | Reduce(s) 0.0529 | Loss 0.1181
Process 001 | Epoch 00099 | Time(s) 0.6378 | Comm(s) 0.3706 | Reduce(s) 0.0523 | Loss 0.1138
Process 001 | Epoch 00109 | Time(s) 0.6371 | Comm(s) 0.3701 | Reduce(s) 0.0526 | Loss 0.1079
Process 001 | Epoch 00119 | Time(s) 0.6352 | Comm(s) 0.3697 | Reduce(s) 0.0525 | Loss 0.1058
Process 001 | Epoch 00129 | Time(s) 0.6340 | Comm(s) 0.3701 | Reduce(s) 0.0524 | Loss 0.1017
Process 001 | Epoch 00139 | Time(s) 0.6366 | Comm(s) 0.3715 | Reduce(s) 0.0523 | Loss 0.0983
Process 001 | Epoch 00149 | Time(s) 0.6361 | Comm(s) 0.3718 | Reduce(s) 0.0526 | Loss 0.0964
Process 001 | Epoch 00159 | Time(s) 0.6352 | Comm(s) 0.3727 | Reduce(s) 0.0522 | Loss 0.0948
Process 001 | Epoch 00169 | Time(s) 0.6353 | Comm(s) 0.3730 | Reduce(s) 0.0524 | Loss 0.0898
Process 001 | Epoch 00179 | Time(s) 0.6339 | Comm(s) 0.3731 | Reduce(s) 0.0524 | Loss 0.0867
Process 001 | Epoch 00189 | Time(s) 0.6330 | Comm(s) 0.3731 | Reduce(s) 0.0524 | Loss 0.0872
Process 001 | Epoch 00199 | Time(s) 0.6330 | Comm(s) 0.3739 | Reduce(s) 0.0523 | Loss 0.0849
Process 001 | Epoch 00209 | Time(s) 0.6348 | Comm(s) 0.3748 | Reduce(s) 0.0522 | Loss 0.0826
Process 001 | Epoch 00219 | Time(s) 0.6342 | Comm(s) 0.3753 | Reduce(s) 0.0522 | Loss 0.0833
Process 001 | Epoch 00229 | Time(s) 0.6346 | Comm(s) 0.3753 | Reduce(s) 0.0521 | Loss 0.0815
Process 001 | Epoch 00239 | Time(s) 0.6351 | Comm(s) 0.3758 | Reduce(s) 0.0523 | Loss 0.0785
Process 001 | Epoch 00249 | Time(s) 0.6352 | Comm(s) 0.3760 | Reduce(s) 0.0521 | Loss 0.0788
Process 001 | Epoch 00259 | Time(s) 0.6338 | Comm(s) 0.3758 | Reduce(s) 0.0523 | Loss 0.0772
Process 001 | Epoch 00269 | Time(s) 0.6335 | Comm(s) 0.3763 | Reduce(s) 0.0522 | Loss 0.0769
Process 001 | Epoch 00279 | Time(s) 0.6324 | Comm(s) 0.3765 | Reduce(s) 0.0523 | Loss 0.0760
Process 001 | Epoch 00289 | Time(s) 0.6316 | Comm(s) 0.3770 | Reduce(s) 0.0521 | Loss 0.0748
Process 001 | Epoch 00299 | Time(s) 0.6329 | Comm(s) 0.3774 | Reduce(s) 0.0519 | Loss 0.0754
Process 001 | Epoch 00309 | Time(s) 0.6336 | Comm(s) 0.3775 | Reduce(s) 0.0518 | Loss 0.0723
Process 001 | Epoch 00319 | Time(s) 0.6339 | Comm(s) 0.3774 | Reduce(s) 0.0518 | Loss 0.0742
Process 001 | Epoch 00329 | Time(s) 0.6329 | Comm(s) 0.3773 | Reduce(s) 0.0518 | Loss 0.0732
Process 001 | Epoch 00339 | Time(s) 0.6332 | Comm(s) 0.3773 | Reduce(s) 0.0517 | Loss 0.0707
Process 001 | Epoch 00349 | Time(s) 0.6340 | Comm(s) 0.3776 | Reduce(s) 0.0516 | Loss 0.0731
Process 001 | Epoch 00359 | Time(s) 0.6352 | Comm(s) 0.3775 | Reduce(s) 0.0517 | Loss 0.0720
Process 001 | Epoch 00369 | Time(s) 0.6350 | Comm(s) 0.3771 | Reduce(s) 0.0516 | Loss 0.0700
Process 001 | Epoch 00379 | Time(s) 0.6362 | Comm(s) 0.3768 | Reduce(s) 0.0517 | Loss 0.0701
Process 001 | Epoch 00389 | Time(s) 0.6360 | Comm(s) 0.3767 | Reduce(s) 0.0516 | Loss 0.0690
Process 001 | Epoch 00399 | Time(s) 0.6361 | Comm(s) 0.3772 | Reduce(s) 0.0514 | Loss 0.0716
Process 001 | Epoch 00409 | Time(s) 0.6358 | Comm(s) 0.3770 | Reduce(s) 0.0513 | Loss 0.0686
Process 001 | Epoch 00419 | Time(s) 0.6362 | Comm(s) 0.3768 | Reduce(s) 0.0514 | Loss 0.0664
Process 001 | Epoch 00429 | Time(s) 0.6375 | Comm(s) 0.3767 | Reduce(s) 0.0513 | Loss 0.0702
Process 001 | Epoch 00439 | Time(s) 0.6378 | Comm(s) 0.3774 | Reduce(s) 0.0512 | Loss 0.0688
Process 001 | Epoch 00449 | Time(s) 0.6379 | Comm(s) 0.3773 | Reduce(s) 0.0512 | Loss 0.0683
Process 001 | Epoch 00459 | Time(s) 0.6380 | Comm(s) 0.3775 | Reduce(s) 0.0513 | Loss 0.0659
Process 001 | Epoch 00469 | Time(s) 0.6379 | Comm(s) 0.3776 | Reduce(s) 0.0512 | Loss 0.0688
Process 001 | Epoch 00479 | Time(s) 0.6377 | Comm(s) 0.3775 | Reduce(s) 0.0511 | Loss 0.0639
Process 001 | Epoch 00489 | Time(s) 0.6376 | Comm(s) 0.3775 | Reduce(s) 0.0511 | Loss 0.0663
Process 001 | Epoch 00499 | Time(s) 0.6383 | Comm(s) 0.3777 | Reduce(s) 0.0510 | Loss 0.0654
(rank 1) memory stats: current 1220.69MB, peak 4434.35MB, reserved 5112.00MB
loading partitions
Process 2 has 692600 nodes, 27267637 edges 504513 inner nodes, and 24126075 inner edges.
Process 2 start training
Process 002 | Epoch 00009 | Time(s) 0.4878 | Comm(s) 0.3269 | Reduce(s) 0.0415 | Loss 1.9878
Process 002 | Epoch 00019 | Time(s) 0.5533 | Comm(s) 0.3561 | Reduce(s) 0.0460 | Loss 1.1548
Process 002 | Epoch 00029 | Time(s) 0.6424 | Comm(s) 0.3655 | Reduce(s) 0.0423 | Loss 0.8361
Process 002 | Epoch 00039 | Time(s) 0.6354 | Comm(s) 0.3656 | Reduce(s) 0.0413 | Loss 0.6959
Process 002 | Epoch 00049 | Time(s) 0.6373 | Comm(s) 0.3615 | Reduce(s) 0.0414 | Loss 0.6209
Process 002 | Epoch 00059 | Time(s) 0.6380 | Comm(s) 0.3641 | Reduce(s) 0.0415 | Loss 0.5723
Process 002 | Epoch 00069 | Time(s) 0.6403 | Comm(s) 0.3667 | Reduce(s) 0.0419 | Loss 0.5276
Process 002 | Epoch 00079 | Time(s) 0.6391 | Comm(s) 0.3699 | Reduce(s) 0.0425 | Loss 0.5058
Process 002 | Epoch 00089 | Time(s) 0.6388 | Comm(s) 0.3712 | Reduce(s) 0.0426 | Loss 0.4889
Process 002 | Epoch 00099 | Time(s) 0.6379 | Comm(s) 0.3721 | Reduce(s) 0.0422 | Loss 0.4683
Process 002 | Epoch 00109 | Time(s) 0.6372 | Comm(s) 0.3713 | Reduce(s) 0.0429 | Loss 0.4474
Process 002 | Epoch 00119 | Time(s) 0.6353 | Comm(s) 0.3719 | Reduce(s) 0.0424 | Loss 0.4301
Process 002 | Epoch 00129 | Time(s) 0.6341 | Comm(s) 0.3715 | Reduce(s) 0.0426 | Loss 0.4209
Process 002 | Epoch 00139 | Time(s) 0.6367 | Comm(s) 0.3732 | Reduce(s) 0.0428 | Loss 0.4141
Process 002 | Epoch 00149 | Time(s) 0.6362 | Comm(s) 0.3739 | Reduce(s) 0.0433 | Loss 0.4031
Process 002 | Epoch 00159 | Time(s) 0.6353 | Comm(s) 0.3753 | Reduce(s) 0.0428 | Loss 0.3924
Process 002 | Epoch 00169 | Time(s) 0.6353 | Comm(s) 0.3757 | Reduce(s) 0.0431 | Loss 0.3870
Process 002 | Epoch 00179 | Time(s) 0.6339 | Comm(s) 0.3758 | Reduce(s) 0.0430 | Loss 0.3753
Process 002 | Epoch 00189 | Time(s) 0.6331 | Comm(s) 0.3757 | Reduce(s) 0.0431 | Loss 0.3717
Process 002 | Epoch 00199 | Time(s) 0.6330 | Comm(s) 0.3762 | Reduce(s) 0.0431 | Loss 0.3661
Process 002 | Epoch 00209 | Time(s) 0.6349 | Comm(s) 0.3761 | Reduce(s) 0.0432 | Loss 0.3607
Process 002 | Epoch 00219 | Time(s) 0.6342 | Comm(s) 0.3762 | Reduce(s) 0.0431 | Loss 0.3560
Process 002 | Epoch 00229 | Time(s) 0.6347 | Comm(s) 0.3761 | Reduce(s) 0.0430 | Loss 0.3541
Process 002 | Epoch 00239 | Time(s) 0.6351 | Comm(s) 0.3758 | Reduce(s) 0.0431 | Loss 0.3483
Process 002 | Epoch 00249 | Time(s) 0.6353 | Comm(s) 0.3757 | Reduce(s) 0.0432 | Loss 0.3455
Process 002 | Epoch 00259 | Time(s) 0.6338 | Comm(s) 0.3754 | Reduce(s) 0.0434 | Loss 0.3413
Process 002 | Epoch 00269 | Time(s) 0.6335 | Comm(s) 0.3763 | Reduce(s) 0.0433 | Loss 0.3386
Process 002 | Epoch 00279 | Time(s) 0.6324 | Comm(s) 0.3762 | Reduce(s) 0.0434 | Loss 0.3357
Process 002 | Epoch 00289 | Time(s) 0.6316 | Comm(s) 0.3767 | Reduce(s) 0.0434 | Loss 0.3358
Process 002 | Epoch 00299 | Time(s) 0.6329 | Comm(s) 0.3766 | Reduce(s) 0.0432 | Loss 0.3399
Process 002 | Epoch 00309 | Time(s) 0.6336 | Comm(s) 0.3768 | Reduce(s) 0.0431 | Loss 0.3291
Process 002 | Epoch 00319 | Time(s) 0.6340 | Comm(s) 0.3767 | Reduce(s) 0.0432 | Loss 0.3238
Process 002 | Epoch 00329 | Time(s) 0.6329 | Comm(s) 0.3763 | Reduce(s) 0.0434 | Loss 0.3284
Process 002 | Epoch 00339 | Time(s) 0.6333 | Comm(s) 0.3762 | Reduce(s) 0.0435 | Loss 0.3248
Process 002 | Epoch 00349 | Time(s) 0.6341 | Comm(s) 0.3765 | Reduce(s) 0.0434 | Loss 0.3253
Process 002 | Epoch 00359 | Time(s) 0.6352 | Comm(s) 0.3767 | Reduce(s) 0.0434 | Loss 0.3226
Process 002 | Epoch 00369 | Time(s) 0.6350 | Comm(s) 0.3761 | Reduce(s) 0.0433 | Loss 0.3186
Process 002 | Epoch 00379 | Time(s) 0.6362 | Comm(s) 0.3757 | Reduce(s) 0.0434 | Loss 0.3184
Process 002 | Epoch 00389 | Time(s) 0.6360 | Comm(s) 0.3755 | Reduce(s) 0.0434 | Loss 0.3146
Process 002 | Epoch 00399 | Time(s) 0.6361 | Comm(s) 0.3759 | Reduce(s) 0.0433 | Loss 0.3161
Process 002 | Epoch 00409 | Time(s) 0.6358 | Comm(s) 0.3757 | Reduce(s) 0.0434 | Loss 0.3124
Process 002 | Epoch 00419 | Time(s) 0.6362 | Comm(s) 0.3754 | Reduce(s) 0.0434 | Loss 0.3124
Process 002 | Epoch 00429 | Time(s) 0.6375 | Comm(s) 0.3754 | Reduce(s) 0.0432 | Loss 0.3087
Process 002 | Epoch 00439 | Time(s) 0.6378 | Comm(s) 0.3760 | Reduce(s) 0.0433 | Loss 0.3077
Process 002 | Epoch 00449 | Time(s) 0.6379 | Comm(s) 0.3756 | Reduce(s) 0.0433 | Loss 0.3055
Process 002 | Epoch 00459 | Time(s) 0.6380 | Comm(s) 0.3757 | Reduce(s) 0.0434 | Loss 0.3056
Process 002 | Epoch 00469 | Time(s) 0.6379 | Comm(s) 0.3757 | Reduce(s) 0.0435 | Loss 0.3051
Process 002 | Epoch 00479 | Time(s) 0.6377 | Comm(s) 0.3755 | Reduce(s) 0.0433 | Loss 0.2973
Process 002 | Epoch 00489 | Time(s) 0.6377 | Comm(s) 0.3754 | Reduce(s) 0.0433 | Loss 0.2991
Process 002 | Epoch 00499 | Time(s) 0.6383 | Comm(s) 0.3753 | Reduce(s) 0.0431 | Loss 0.3011
(rank 2) memory stats: current 1408.43MB, peak 4916.36MB, reserved 5774.00MB
loading partitions
Process 4 has 784033 nodes, 35278576 edges 504514 inner nodes, and 28400360 inner edges.
Process 4 start training
Process 004 | Epoch 00009 | Time(s) 0.4878 | Comm(s) 0.3325 | Reduce(s) 0.0504 | Loss 1.9237
Process 004 | Epoch 00019 | Time(s) 0.5533 | Comm(s) 0.3654 | Reduce(s) 0.0480 | Loss 1.1691
Process 004 | Epoch 00029 | Time(s) 0.6424 | Comm(s) 0.3728 | Reduce(s) 0.0444 | Loss 0.8585
Process 004 | Epoch 00039 | Time(s) 0.6354 | Comm(s) 0.3696 | Reduce(s) 0.0447 | Loss 0.7391
Process 004 | Epoch 00049 | Time(s) 0.6373 | Comm(s) 0.3680 | Reduce(s) 0.0447 | Loss 0.6711
Process 004 | Epoch 00059 | Time(s) 0.6380 | Comm(s) 0.3701 | Reduce(s) 0.0435 | Loss 0.6199
Process 004 | Epoch 00069 | Time(s) 0.6404 | Comm(s) 0.3717 | Reduce(s) 0.0445 | Loss 0.5908
Process 004 | Epoch 00079 | Time(s) 0.6390 | Comm(s) 0.3747 | Reduce(s) 0.0445 | Loss 0.5636
Process 004 | Epoch 00089 | Time(s) 0.6388 | Comm(s) 0.3741 | Reduce(s) 0.0443 | Loss 0.5380
Process 004 | Epoch 00099 | Time(s) 0.6379 | Comm(s) 0.3733 | Reduce(s) 0.0441 | Loss 0.5245
Process 004 | Epoch 00109 | Time(s) 0.6372 | Comm(s) 0.3724 | Reduce(s) 0.0445 | Loss 0.5067
Process 004 | Epoch 00119 | Time(s) 0.6353 | Comm(s) 0.3723 | Reduce(s) 0.0436 | Loss 0.4925
Process 004 | Epoch 00129 | Time(s) 0.6341 | Comm(s) 0.3727 | Reduce(s) 0.0434 | Loss 0.4819
Process 004 | Epoch 00139 | Time(s) 0.6367 | Comm(s) 0.3727 | Reduce(s) 0.0438 | Loss 0.4716
Process 004 | Epoch 00149 | Time(s) 0.6362 | Comm(s) 0.3728 | Reduce(s) 0.0442 | Loss 0.4604
Process 004 | Epoch 00159 | Time(s) 0.6353 | Comm(s) 0.3737 | Reduce(s) 0.0441 | Loss 0.4503
Process 004 | Epoch 00169 | Time(s) 0.6353 | Comm(s) 0.3738 | Reduce(s) 0.0443 | Loss 0.4477
Process 004 | Epoch 00179 | Time(s) 0.6339 | Comm(s) 0.3740 | Reduce(s) 0.0437 | Loss 0.4353
Process 004 | Epoch 00189 | Time(s) 0.6331 | Comm(s) 0.3737 | Reduce(s) 0.0438 | Loss 0.4333
Process 004 | Epoch 00199 | Time(s) 0.6330 | Comm(s) 0.3741 | Reduce(s) 0.0433 | Loss 0.4251
Process 004 | Epoch 00209 | Time(s) 0.6349 | Comm(s) 0.3742 | Reduce(s) 0.0436 | Loss 0.4202
Process 004 | Epoch 00219 | Time(s) 0.6342 | Comm(s) 0.3748 | Reduce(s) 0.0436 | Loss 0.4163
Process 004 | Epoch 00229 | Time(s) 0.6346 | Comm(s) 0.3748 | Reduce(s) 0.0435 | Loss 0.4141
Process 004 | Epoch 00239 | Time(s) 0.6351 | Comm(s) 0.3752 | Reduce(s) 0.0438 | Loss 0.4101
Process 004 | Epoch 00249 | Time(s) 0.6353 | Comm(s) 0.3746 | Reduce(s) 0.0439 | Loss 0.4038
Process 004 | Epoch 00259 | Time(s) 0.6338 | Comm(s) 0.3746 | Reduce(s) 0.0436 | Loss 0.4069
Process 004 | Epoch 00269 | Time(s) 0.6335 | Comm(s) 0.3747 | Reduce(s) 0.0437 | Loss 0.3993
Process 004 | Epoch 00279 | Time(s) 0.6324 | Comm(s) 0.3748 | Reduce(s) 0.0435 | Loss 0.3943
Process 004 | Epoch 00289 | Time(s) 0.6316 | Comm(s) 0.3752 | Reduce(s) 0.0435 | Loss 0.3891
Process 004 | Epoch 00299 | Time(s) 0.6329 | Comm(s) 0.3747 | Reduce(s) 0.0433 | Loss 0.3867
Process 004 | Epoch 00309 | Time(s) 0.6336 | Comm(s) 0.3744 | Reduce(s) 0.0432 | Loss 0.3854
Process 004 | Epoch 00319 | Time(s) 0.6340 | Comm(s) 0.3742 | Reduce(s) 0.0435 | Loss 0.3819
Process 004 | Epoch 00329 | Time(s) 0.6329 | Comm(s) 0.3740 | Reduce(s) 0.0433 | Loss 0.3873
Process 004 | Epoch 00339 | Time(s) 0.6333 | Comm(s) 0.3740 | Reduce(s) 0.0434 | Loss 0.3819
Process 004 | Epoch 00349 | Time(s) 0.6341 | Comm(s) 0.3742 | Reduce(s) 0.0434 | Loss 0.3820
Process 004 | Epoch 00359 | Time(s) 0.6352 | Comm(s) 0.3745 | Reduce(s) 0.0433 | Loss 0.3790
Process 004 | Epoch 00369 | Time(s) 0.6350 | Comm(s) 0.3744 | Reduce(s) 0.0430 | Loss 0.3777
Process 004 | Epoch 00379 | Time(s) 0.6362 | Comm(s) 0.3744 | Reduce(s) 0.0429 | Loss 0.3748
Process 004 | Epoch 00389 | Time(s) 0.6360 | Comm(s) 0.3745 | Reduce(s) 0.0431 | Loss 0.3743
Process 004 | Epoch 00399 | Time(s) 0.6361 | Comm(s) 0.3749 | Reduce(s) 0.0429 | Loss 0.3770
Process 004 | Epoch 00409 | Time(s) 0.6358 | Comm(s) 0.3747 | Reduce(s) 0.0428 | Loss 0.3732
Process 004 | Epoch 00419 | Time(s) 0.6362 | Comm(s) 0.3750 | Reduce(s) 0.0426 | Loss 0.3678
Process 004 | Epoch 00429 | Time(s) 0.6375 | Comm(s) 0.3748 | Reduce(s) 0.0426 | Loss 0.3650
Process 004 | Epoch 00439 | Time(s) 0.6378 | Comm(s) 0.3750 | Reduce(s) 0.0426 | Loss 0.3648
Process 004 | Epoch 00449 | Time(s) 0.6379 | Comm(s) 0.3751 | Reduce(s) 0.0427 | Loss 0.3645
Process 004 | Epoch 00459 | Time(s) 0.6381 | Comm(s) 0.3755 | Reduce(s) 0.0426 | Loss 0.3645
Process 004 | Epoch 00469 | Time(s) 0.6379 | Comm(s) 0.3758 | Reduce(s) 0.0425 | Loss 0.3599
Process 004 | Epoch 00479 | Time(s) 0.6377 | Comm(s) 0.3755 | Reduce(s) 0.0424 | Loss 0.3635
Process 004 | Epoch 00489 | Time(s) 0.6377 | Comm(s) 0.3754 | Reduce(s) 0.0424 | Loss 0.3606
Process 004 | Epoch 00499 | Time(s) 0.6383 | Comm(s) 0.3753 | Reduce(s) 0.0424 | Loss 0.3587
(rank 4) memory stats: current 1597.17MB, peak 5256.09MB, reserved 6312.00MB
loading partitions
Process 3 has 836440 nodes, 33372329 edges 488969 inner nodes, and 27833669 inner edges.
Process 3 start training
Process 003 | Epoch 00009 | Time(s) 0.4879 | Comm(s) 0.3222 | Reduce(s) 0.0435 | Loss 1.8790
Process 003 | Epoch 00019 | Time(s) 0.5532 | Comm(s) 0.3519 | Reduce(s) 0.0425 | Loss 1.1605
Process 003 | Epoch 00029 | Time(s) 0.6424 | Comm(s) 0.3644 | Reduce(s) 0.0409 | Loss 0.9078
Process 003 | Epoch 00039 | Time(s) 0.6354 | Comm(s) 0.3623 | Reduce(s) 0.0398 | Loss 0.8035
Process 003 | Epoch 00049 | Time(s) 0.6377 | Comm(s) 0.3606 | Reduce(s) 0.0390 | Loss 0.7375
Process 003 | Epoch 00059 | Time(s) 0.6380 | Comm(s) 0.3628 | Reduce(s) 0.0375 | Loss 0.6917
Process 003 | Epoch 00069 | Time(s) 0.6403 | Comm(s) 0.3644 | Reduce(s) 0.0368 | Loss 0.6549
Process 003 | Epoch 00079 | Time(s) 0.6391 | Comm(s) 0.3665 | Reduce(s) 0.0370 | Loss 0.6249
Process 003 | Epoch 00089 | Time(s) 0.6388 | Comm(s) 0.3677 | Reduce(s) 0.0373 | Loss 0.5937
Process 003 | Epoch 00099 | Time(s) 0.6378 | Comm(s) 0.3691 | Reduce(s) 0.0371 | Loss 0.5746
Process 003 | Epoch 00109 | Time(s) 0.6372 | Comm(s) 0.3683 | Reduce(s) 0.0367 | Loss 0.5540
Process 003 | Epoch 00119 | Time(s) 0.6353 | Comm(s) 0.3689 | Reduce(s) 0.0361 | Loss 0.5435
Process 003 | Epoch 00129 | Time(s) 0.6341 | Comm(s) 0.3695 | Reduce(s) 0.0364 | Loss 0.5235
Process 003 | Epoch 00139 | Time(s) 0.6367 | Comm(s) 0.3705 | Reduce(s) 0.0369 | Loss 0.5233
Process 003 | Epoch 00149 | Time(s) 0.6361 | Comm(s) 0.3710 | Reduce(s) 0.0374 | Loss 0.5100
Process 003 | Epoch 00159 | Time(s) 0.6353 | Comm(s) 0.3726 | Reduce(s) 0.0373 | Loss 0.4954
Process 003 | Epoch 00169 | Time(s) 0.6353 | Comm(s) 0.3727 | Reduce(s) 0.0376 | Loss 0.4888
Process 003 | Epoch 00179 | Time(s) 0.6339 | Comm(s) 0.3729 | Reduce(s) 0.0376 | Loss 0.4803
Process 003 | Epoch 00189 | Time(s) 0.6330 | Comm(s) 0.3735 | Reduce(s) 0.0378 | Loss 0.4703
Process 003 | Epoch 00199 | Time(s) 0.6330 | Comm(s) 0.3742 | Reduce(s) 0.0377 | Loss 0.4657
Process 003 | Epoch 00209 | Time(s) 0.6349 | Comm(s) 0.3744 | Reduce(s) 0.0377 | Loss 0.4589
Process 003 | Epoch 00219 | Time(s) 0.6342 | Comm(s) 0.3744 | Reduce(s) 0.0376 | Loss 0.4594
Process 003 | Epoch 00229 | Time(s) 0.6346 | Comm(s) 0.3748 | Reduce(s) 0.0378 | Loss 0.4519
Process 003 | Epoch 00239 | Time(s) 0.6351 | Comm(s) 0.3747 | Reduce(s) 0.0377 | Loss 0.4458
Process 003 | Epoch 00249 | Time(s) 0.6353 | Comm(s) 0.3747 | Reduce(s) 0.0378 | Loss 0.4443
Process 003 | Epoch 00259 | Time(s) 0.6338 | Comm(s) 0.3745 | Reduce(s) 0.0378 | Loss 0.4415
Process 003 | Epoch 00269 | Time(s) 0.6335 | Comm(s) 0.3754 | Reduce(s) 0.0378 | Loss 0.4399
Process 003 | Epoch 00279 | Time(s) 0.6324 | Comm(s) 0.3757 | Reduce(s) 0.0375 | Loss 0.4325
Process 003 | Epoch 00289 | Time(s) 0.6316 | Comm(s) 0.3766 | Reduce(s) 0.0375 | Loss 0.4252
Process 003 | Epoch 00299 | Time(s) 0.6329 | Comm(s) 0.3764 | Reduce(s) 0.0374 | Loss 0.4240
Process 003 | Epoch 00309 | Time(s) 0.6336 | Comm(s) 0.3767 | Reduce(s) 0.0374 | Loss 0.4261
Process 003 | Epoch 00319 | Time(s) 0.6340 | Comm(s) 0.3766 | Reduce(s) 0.0372 | Loss 0.4211
Process 003 | Epoch 00329 | Time(s) 0.6329 | Comm(s) 0.3765 | Reduce(s) 0.0372 | Loss 0.4182
Process 003 | Epoch 00339 | Time(s) 0.6333 | Comm(s) 0.3762 | Reduce(s) 0.0373 | Loss 0.4126
Process 003 | Epoch 00349 | Time(s) 0.6341 | Comm(s) 0.3761 | Reduce(s) 0.0372 | Loss 0.4181
Process 003 | Epoch 00359 | Time(s) 0.6352 | Comm(s) 0.3763 | Reduce(s) 0.0372 | Loss 0.4035
Process 003 | Epoch 00369 | Time(s) 0.6350 | Comm(s) 0.3762 | Reduce(s) 0.0372 | Loss 0.4058
Process 003 | Epoch 00379 | Time(s) 0.6362 | Comm(s) 0.3759 | Reduce(s) 0.0372 | Loss 0.4051
Process 003 | Epoch 00389 | Time(s) 0.6360 | Comm(s) 0.3758 | Reduce(s) 0.0373 | Loss 0.4003
Process 003 | Epoch 00399 | Time(s) 0.6361 | Comm(s) 0.3764 | Reduce(s) 0.0372 | Loss 0.4050
Process 003 | Epoch 00409 | Time(s) 0.6358 | Comm(s) 0.3763 | Reduce(s) 0.0372 | Loss 0.4102
Process 003 | Epoch 00419 | Time(s) 0.6362 | Comm(s) 0.3766 | Reduce(s) 0.0370 | Loss 0.3952
Process 003 | Epoch 00429 | Time(s) 0.6375 | Comm(s) 0.3765 | Reduce(s) 0.0371 | Loss 0.3932
Process 003 | Epoch 00439 | Time(s) 0.6378 | Comm(s) 0.3772 | Reduce(s) 0.0370 | Loss 0.3939
Process 003 | Epoch 00449 | Time(s) 0.6379 | Comm(s) 0.3772 | Reduce(s) 0.0371 | Loss 0.3923
Process 003 | Epoch 00459 | Time(s) 0.6380 | Comm(s) 0.3774 | Reduce(s) 0.0371 | Loss 0.3862
Process 003 | Epoch 00469 | Time(s) 0.6379 | Comm(s) 0.3776 | Reduce(s) 0.0371 | Loss 0.3836
Process 003 | Epoch 00479 | Time(s) 0.6377 | Comm(s) 0.3772 | Reduce(s) 0.0371 | Loss 0.3858
Process 003 | Epoch 00489 | Time(s) 0.6376 | Comm(s) 0.3768 | Reduce(s) 0.0371 | Loss 0.3889
Process 003 | Epoch 00499 | Time(s) 0.6383 | Comm(s) 0.3768 | Reduce(s) 0.0370 | Loss 0.3859
(rank 3) memory stats: current 1554.86MB, peak 5119.42MB, reserved 6092.00MB
loading partitions
Process 0 has 747952 nodes, 19369607 edges 475517 inner nodes, and 14899677 inner edges.
Process 0 start training
Process 000 | Epoch 00009 | Time(s) 0.4880 | Comm(s) 0.3356 | Reduce(s) 0.0485 | Loss 0.6187
Process 000 | Epoch 00019 | Time(s) 0.5531 | Comm(s) 0.3608 | Reduce(s) 0.0536 | Loss 0.2256
Epoch 00009 | Validation Accuracy 71.89% | Test Accuracy 55.73%
Process 000 | Epoch 00029 | Time(s) 0.5608 | Comm(s) 0.3705 | Reduce(s) 0.0525 | Loss 0.1711
Epoch 00019 | Validation Accuracy 81.63% | Test Accuracy 64.43%
Process 000 | Epoch 00039 | Time(s) 0.5568 | Comm(s) 0.3732 | Reduce(s) 0.0513 | Loss 0.1404
Epoch 00029 | Validation Accuracy 85.57% | Test Accuracy 68.03%
Process 000 | Epoch 00049 | Time(s) 0.5548 | Comm(s) 0.3719 | Reduce(s) 0.0518 | Loss 0.1264
Epoch 00039 | Validation Accuracy 87.22% | Test Accuracy 70.29%
Process 000 | Epoch 00059 | Time(s) 0.5570 | Comm(s) 0.3741 | Reduce(s) 0.0517 | Loss 0.1141
Epoch 00049 | Validation Accuracy 88.17% | Test Accuracy 71.29%
Process 000 | Epoch 00069 | Time(s) 0.5607 | Comm(s) 0.3748 | Reduce(s) 0.0521 | Loss 0.1060
Epoch 00059 | Validation Accuracy 88.75% | Test Accuracy 72.11%
Process 000 | Epoch 00079 | Time(s) 0.5649 | Comm(s) 0.3793 | Reduce(s) 0.0523 | Loss 0.0961
Epoch 00069 | Validation Accuracy 89.20% | Test Accuracy 72.98%
Process 000 | Epoch 00089 | Time(s) 0.5674 | Comm(s) 0.3792 | Reduce(s) 0.0528 | Loss 0.0916
Epoch 00079 | Validation Accuracy 89.73% | Test Accuracy 73.82%
Process 000 | Epoch 00099 | Time(s) 0.5693 | Comm(s) 0.3795 | Reduce(s) 0.0525 | Loss 0.0925
Epoch 00089 | Validation Accuracy 90.11% | Test Accuracy 74.64%
Process 000 | Epoch 00109 | Time(s) 0.5706 | Comm(s) 0.3793 | Reduce(s) 0.0527 | Loss 0.0859
Epoch 00099 | Validation Accuracy 90.39% | Test Accuracy 75.52%
Process 000 | Epoch 00119 | Time(s) 0.5713 | Comm(s) 0.3793 | Reduce(s) 0.0524 | Loss 0.0808
Epoch 00109 | Validation Accuracy 90.66% | Test Accuracy 76.38%
Process 000 | Epoch 00129 | Time(s) 0.5717 | Comm(s) 0.3802 | Reduce(s) 0.0525 | Loss 0.0792
Epoch 00119 | Validation Accuracy 90.92% | Test Accuracy 76.92%
Process 000 | Epoch 00139 | Time(s) 0.5746 | Comm(s) 0.3815 | Reduce(s) 0.0531 | Loss 0.0778
Epoch 00129 | Validation Accuracy 91.00% | Test Accuracy 77.50%
Process 000 | Epoch 00149 | Time(s) 0.5769 | Comm(s) 0.3817 | Reduce(s) 0.0534 | Loss 0.0733
Epoch 00139 | Validation Accuracy 91.11% | Test Accuracy 77.92%
Process 000 | Epoch 00159 | Time(s) 0.5785 | Comm(s) 0.3831 | Reduce(s) 0.0536 | Loss 0.0713
Epoch 00149 | Validation Accuracy 91.25% | Test Accuracy 78.19%
Process 000 | Epoch 00169 | Time(s) 0.5802 | Comm(s) 0.3828 | Reduce(s) 0.0540 | Loss 0.0721
Epoch 00159 | Validation Accuracy 91.34% | Test Accuracy 78.49%
Process 000 | Epoch 00179 | Time(s) 0.5808 | Comm(s) 0.3822 | Reduce(s) 0.0539 | Loss 0.0677
Epoch 00169 | Validation Accuracy 91.52% | Test Accuracy 78.63%
Process 000 | Epoch 00189 | Time(s) 0.5811 | Comm(s) 0.3826 | Reduce(s) 0.0538 | Loss 0.0687
Epoch 00179 | Validation Accuracy 91.62% | Test Accuracy 78.68%
Process 000 | Epoch 00199 | Time(s) 0.5814 | Comm(s) 0.3825 | Reduce(s) 0.0540 | Loss 0.0669
Epoch 00189 | Validation Accuracy 91.73% | Test Accuracy 78.93%
Process 000 | Epoch 00209 | Time(s) 0.5818 | Comm(s) 0.3828 | Reduce(s) 0.0538 | Loss 0.0669
Epoch 00199 | Validation Accuracy 91.89% | Test Accuracy 79.14%
Process 000 | Epoch 00219 | Time(s) 0.5814 | Comm(s) 0.3834 | Reduce(s) 0.0535 | Loss 0.0644
Epoch 00209 | Validation Accuracy 91.79% | Test Accuracy 79.10%
Process 000 | Epoch 00229 | Time(s) 0.5814 | Comm(s) 0.3835 | Reduce(s) 0.0535 | Loss 0.0675
Epoch 00219 | Validation Accuracy 91.91% | Test Accuracy 79.41%
Process 000 | Epoch 00239 | Time(s) 0.5814 | Comm(s) 0.3836 | Reduce(s) 0.0537 | Loss 0.0658
Epoch 00229 | Validation Accuracy 91.98% | Test Accuracy 79.37%
Process 000 | Epoch 00249 | Time(s) 0.5821 | Comm(s) 0.3835 | Reduce(s) 0.0537 | Loss 0.0610
Epoch 00239 | Validation Accuracy 92.01% | Test Accuracy 79.22%
Process 000 | Epoch 00259 | Time(s) 0.5819 | Comm(s) 0.3830 | Reduce(s) 0.0536 | Loss 0.0619
Epoch 00249 | Validation Accuracy 92.08% | Test Accuracy 79.24%
Process 000 | Epoch 00269 | Time(s) 0.5824 | Comm(s) 0.3836 | Reduce(s) 0.0537 | Loss 0.0627
Epoch 00259 | Validation Accuracy 92.02% | Test Accuracy 79.41%
Process 000 | Epoch 00279 | Time(s) 0.5823 | Comm(s) 0.3837 | Reduce(s) 0.0538 | Loss 0.0622
Epoch 00269 | Validation Accuracy 92.15% | Test Accuracy 79.53%
Process 000 | Epoch 00289 | Time(s) 0.5824 | Comm(s) 0.3843 | Reduce(s) 0.0537 | Loss 0.0607
Epoch 00279 | Validation Accuracy 92.14% | Test Accuracy 79.56%
Process 000 | Epoch 00299 | Time(s) 0.5822 | Comm(s) 0.3842 | Reduce(s) 0.0536 | Loss 0.0594
Epoch 00289 | Validation Accuracy 92.16% | Test Accuracy 79.52%
Process 000 | Epoch 00309 | Time(s) 0.5819 | Comm(s) 0.3842 | Reduce(s) 0.0535 | Loss 0.0628
Epoch 00299 | Validation Accuracy 92.22% | Test Accuracy 79.45%
Process 000 | Epoch 00319 | Time(s) 0.5818 | Comm(s) 0.3841 | Reduce(s) 0.0536 | Loss 0.0590
Epoch 00309 | Validation Accuracy 92.19% | Test Accuracy 79.32%
Process 000 | Epoch 00329 | Time(s) 0.5812 | Comm(s) 0.3842 | Reduce(s) 0.0536 | Loss 0.0578
Epoch 00319 | Validation Accuracy 92.33% | Test Accuracy 79.49%
Process 000 | Epoch 00339 | Time(s) 0.5805 | Comm(s) 0.3841 | Reduce(s) 0.0535 | Loss 0.0609
Epoch 00329 | Validation Accuracy 92.22% | Test Accuracy 79.42%
Process 000 | Epoch 00349 | Time(s) 0.5808 | Comm(s) 0.3843 | Reduce(s) 0.0536 | Loss 0.0597
Epoch 00339 | Validation Accuracy 92.30% | Test Accuracy 79.49%
Process 000 | Epoch 00359 | Time(s) 0.5806 | Comm(s) 0.3846 | Reduce(s) 0.0536 | Loss 0.0545
Epoch 00349 | Validation Accuracy 92.29% | Test Accuracy 79.46%
Process 000 | Epoch 00369 | Time(s) 0.5802 | Comm(s) 0.3843 | Reduce(s) 0.0536 | Loss 0.0592
Epoch 00359 | Validation Accuracy 92.23% | Test Accuracy 79.50%
Process 000 | Epoch 00379 | Time(s) 0.5802 | Comm(s) 0.3838 | Reduce(s) 0.0537 | Loss 0.0532
Epoch 00369 | Validation Accuracy 92.33% | Test Accuracy 79.49%
Process 000 | Epoch 00389 | Time(s) 0.5797 | Comm(s) 0.3835 | Reduce(s) 0.0536 | Loss 0.0548
Epoch 00379 | Validation Accuracy 92.35% | Test Accuracy 79.55%
Process 000 | Epoch 00399 | Time(s) 0.5806 | Comm(s) 0.3839 | Reduce(s) 0.0534 | Loss 0.0572
Epoch 00389 | Validation Accuracy 92.38% | Test Accuracy 79.37%
Process 000 | Epoch 00409 | Time(s) 0.5801 | Comm(s) 0.3840 | Reduce(s) 0.0533 | Loss 0.0544
Epoch 00399 | Validation Accuracy 92.41% | Test Accuracy 79.33%
Process 000 | Epoch 00419 | Time(s) 0.5798 | Comm(s) 0.3840 | Reduce(s) 0.0533 | Loss 0.0569
Epoch 00409 | Validation Accuracy 92.38% | Test Accuracy 79.43%
Process 000 | Epoch 00429 | Time(s) 0.5799 | Comm(s) 0.3838 | Reduce(s) 0.0533 | Loss 0.0529
Epoch 00419 | Validation Accuracy 92.50% | Test Accuracy 79.33%
Process 000 | Epoch 00439 | Time(s) 0.5803 | Comm(s) 0.3843 | Reduce(s) 0.0532 | Loss 0.0526
Epoch 00429 | Validation Accuracy 92.36% | Test Accuracy 79.19%
Process 000 | Epoch 00449 | Time(s) 0.5805 | Comm(s) 0.3845 | Reduce(s) 0.0532 | Loss 0.0541
Epoch 00439 | Validation Accuracy 92.33% | Test Accuracy 79.33%
Process 000 | Epoch 00459 | Time(s) 0.5807 | Comm(s) 0.3849 | Reduce(s) 0.0532 | Loss 0.0534
Epoch 00449 | Validation Accuracy 92.45% | Test Accuracy 78.98%
Process 000 | Epoch 00469 | Time(s) 0.5805 | Comm(s) 0.3852 | Reduce(s) 0.0533 | Loss 0.0546
Epoch 00459 | Validation Accuracy 92.43% | Test Accuracy 79.21%
Process 000 | Epoch 00479 | Time(s) 0.5800 | Comm(s) 0.3849 | Reduce(s) 0.0533 | Loss 0.0524
Epoch 00469 | Validation Accuracy 92.29% | Test Accuracy 79.02%
Process 000 | Epoch 00489 | Time(s) 0.5794 | Comm(s) 0.3847 | Reduce(s) 0.0532 | Loss 0.0535
Epoch 00479 | Validation Accuracy 92.45% | Test Accuracy 79.38%
Process 000 | Epoch 00499 | Time(s) 0.5791 | Comm(s) 0.3847 | Reduce(s) 0.0531 | Loss 0.0546
Epoch 00489 | Validation Accuracy 92.43% | Test Accuracy 79.16%
(rank 0) memory stats: current 1081.57MB, peak 4172.65MB, reserved 4812.00MB
Epoch 00499 | Validation Accuracy 92.39% | Test Accuracy 79.10%
model saved
Max Validation Accuracy 92.50%
Test Result | Accuracy 79.33%
