/home/zhaoyu/miniconda3/envs/test/lib/python3.11/site-packages/dgl/graphbolt/__init__.py:114: GBWarning: 
An experimental feature for CUDA allocations is turned on for better allocation
pattern resulting in better memory usage for minibatch GNN training workloads.
See https://pytorch.org/docs/stable/notes/cuda.html#optimizing-memory-usage-with-pytorch-cuda-alloc-conf,
and set the environment variable `PYTORCH_CUDA_ALLOC_CONF=expandable_segments:False`
if you want to disable it and set it True to acknowledge and disable the warning.

  gb_warning(WARNING_STR_TO_BE_SHOWN)
Namespace(dataset='yelp', data_path='./dataset/', part_path='./partition/', graph_name='yelp-3-metis-vol-induc', model='graphsage', dropout=0.1, lr=0.001, sampling_rate=0.1, heads=1, n_epochs=3000, n_partitions=3, n_hidden=512, n_layers=4, log_every=10, weight_decay=0.0, norm='layer', partition_obj='vol', partition_method='metis', n_linear=2, use_pp=True, inductive=True, fix_seed=True, seed=5, backend='gloo', port=18118, master_addr='127.0.0.1', node_rank=0, parts_per_node=10, skip_partition=True, eval=True)
loading partitions
Process 0 has 242928 nodes, 2169554 edges 176760 inner nodes, and 1767148 inner edges.
Process 0 start training
Process 000 | Epoch 00009 | Time(s) 0.3450 | Comm(s) 0.1933 | Reduce(s) 0.0442 | Loss 29.5355
Process 000 | Epoch 00019 | Time(s) 0.3688 | Comm(s) 0.2174 | Reduce(s) 0.0405 | Loss 28.9730
Epoch 00009 | Accuracy 14.22%
Process 000 | Epoch 00029 | Time(s) 0.3664 | Comm(s) 0.2136 | Reduce(s) 0.0403 | Loss 27.4652
Epoch 00019 | Accuracy 14.22%
Process 000 | Epoch 00039 | Time(s) 0.3624 | Comm(s) 0.2085 | Reduce(s) 0.0411 | Loss 25.2549
Epoch 00029 | Accuracy 22.09%
Process 000 | Epoch 00049 | Time(s) 0.3607 | Comm(s) 0.2068 | Reduce(s) 0.0416 | Loss 23.7117
Epoch 00039 | Accuracy 31.91%
Process 000 | Epoch 00059 | Time(s) 0.3598 | Comm(s) 0.2055 | Reduce(s) 0.0418 | Loss 22.9617
Epoch 00049 | Accuracy 37.01%
Process 000 | Epoch 00069 | Time(s) 0.3591 | Comm(s) 0.2050 | Reduce(s) 0.0419 | Loss 22.3466
Epoch 00059 | Accuracy 42.08%
Process 000 | Epoch 00079 | Time(s) 0.3590 | Comm(s) 0.2050 | Reduce(s) 0.0419 | Loss 21.9574
Epoch 00069 | Accuracy 44.45%
Process 000 | Epoch 00089 | Time(s) 0.3585 | Comm(s) 0.2042 | Reduce(s) 0.0421 | Loss 21.6542
Epoch 00079 | Accuracy 47.40%
Process 000 | Epoch 00099 | Time(s) 0.3584 | Comm(s) 0.2040 | Reduce(s) 0.0422 | Loss 21.2925
Epoch 00089 | Accuracy 48.81%
Process 000 | Epoch 00109 | Time(s) 0.3582 | Comm(s) 0.2035 | Reduce(s) 0.0424 | Loss 20.8772
Epoch 00099 | Accuracy 49.57%
Process 000 | Epoch 00119 | Time(s) 0.3580 | Comm(s) 0.2033 | Reduce(s) 0.0426 | Loss 20.5622
Epoch 00109 | Accuracy 50.45%
Process 000 | Epoch 00129 | Time(s) 0.3579 | Comm(s) 0.2031 | Reduce(s) 0.0428 | Loss 20.2973
Epoch 00119 | Accuracy 52.60%
Process 000 | Epoch 00139 | Time(s) 0.3580 | Comm(s) 0.2031 | Reduce(s) 0.0429 | Loss 20.1213
Epoch 00129 | Accuracy 53.32%
Process 000 | Epoch 00149 | Time(s) 0.3581 | Comm(s) 0.2034 | Reduce(s) 0.0429 | Loss 19.8339
Epoch 00139 | Accuracy 54.95%
Process 000 | Epoch 00159 | Time(s) 0.3578 | Comm(s) 0.2034 | Reduce(s) 0.0429 | Loss 19.5740
Epoch 00149 | Accuracy 55.40%
Process 000 | Epoch 00169 | Time(s) 0.3577 | Comm(s) 0.2034 | Reduce(s) 0.0429 | Loss 19.3645
Epoch 00159 | Accuracy 56.73%
Process 000 | Epoch 00179 | Time(s) 0.3577 | Comm(s) 0.2033 | Reduce(s) 0.0431 | Loss 19.1252
Epoch 00169 | Accuracy 55.86%
Process 000 | Epoch 00189 | Time(s) 0.3576 | Comm(s) 0.2026 | Reduce(s) 0.0431 | Loss 18.9014
Epoch 00179 | Accuracy 58.35%
Process 000 | Epoch 00199 | Time(s) 0.3574 | Comm(s) 0.2024 | Reduce(s) 0.0432 | Loss 18.6780
Epoch 00189 | Accuracy 57.77%
Process 000 | Epoch 00209 | Time(s) 0.3574 | Comm(s) 0.2025 | Reduce(s) 0.0432 | Loss 18.5533
Epoch 00199 | Accuracy 58.84%
Process 000 | Epoch 00219 | Time(s) 0.3575 | Comm(s) 0.2025 | Reduce(s) 0.0433 | Loss 18.3795
Epoch 00209 | Accuracy 59.37%
Process 000 | Epoch 00229 | Time(s) 0.3575 | Comm(s) 0.2023 | Reduce(s) 0.0433 | Loss 18.2482
Epoch 00219 | Accuracy 60.07%
Process 000 | Epoch 00239 | Time(s) 0.3575 | Comm(s) 0.2023 | Reduce(s) 0.0433 | Loss 18.2038
Epoch 00229 | Accuracy 60.05%
Process 000 | Epoch 00249 | Time(s) 0.3575 | Comm(s) 0.2022 | Reduce(s) 0.0433 | Loss 18.0551
Epoch 00239 | Accuracy 61.28%
Process 000 | Epoch 00259 | Time(s) 0.3575 | Comm(s) 0.2021 | Reduce(s) 0.0433 | Loss 17.9901
Epoch 00249 | Accuracy 60.29%
Process 000 | Epoch 00269 | Time(s) 0.3579 | Comm(s) 0.2026 | Reduce(s) 0.0432 | Loss 17.9029
Epoch 00259 | Accuracy 60.69%
Process 000 | Epoch 00279 | Time(s) 0.3580 | Comm(s) 0.2026 | Reduce(s) 0.0432 | Loss 17.8780
Epoch 00269 | Accuracy 61.37%
Process 000 | Epoch 00289 | Time(s) 0.3580 | Comm(s) 0.2024 | Reduce(s) 0.0433 | Loss 17.8234
Epoch 00279 | Accuracy 60.14%
Process 000 | Epoch 00299 | Time(s) 0.3580 | Comm(s) 0.2024 | Reduce(s) 0.0432 | Loss 17.7145
Epoch 00289 | Accuracy 60.77%
Process 000 | Epoch 00309 | Time(s) 0.3579 | Comm(s) 0.2024 | Reduce(s) 0.0432 | Loss 17.6629
Epoch 00299 | Accuracy 62.02%
Process 000 | Epoch 00319 | Time(s) 0.3579 | Comm(s) 0.2025 | Reduce(s) 0.0432 | Loss 17.6196
Epoch 00309 | Accuracy 62.09%
Process 000 | Epoch 00329 | Time(s) 0.3579 | Comm(s) 0.2026 | Reduce(s) 0.0432 | Loss 17.5927
Epoch 00319 | Accuracy 61.82%
Process 000 | Epoch 00339 | Time(s) 0.3577 | Comm(s) 0.2026 | Reduce(s) 0.0432 | Loss 17.5563
Epoch 00329 | Accuracy 61.60%
Process 000 | Epoch 00349 | Time(s) 0.3577 | Comm(s) 0.2025 | Reduce(s) 0.0432 | Loss 17.4958
Epoch 00339 | Accuracy 62.68%
Process 000 | Epoch 00359 | Time(s) 0.3577 | Comm(s) 0.2024 | Reduce(s) 0.0432 | Loss 17.4604
Epoch 00349 | Accuracy 62.13%
Process 000 | Epoch 00369 | Time(s) 0.3578 | Comm(s) 0.2024 | Reduce(s) 0.0432 | Loss 17.5364
Epoch 00359 | Accuracy 62.30%
Process 000 | Epoch 00379 | Time(s) 0.3578 | Comm(s) 0.2023 | Reduce(s) 0.0432 | Loss 17.3917
Epoch 00369 | Accuracy 61.20%
Process 000 | Epoch 00389 | Time(s) 0.3579 | Comm(s) 0.2023 | Reduce(s) 0.0432 | Loss 17.3545
Epoch 00379 | Accuracy 62.51%
Process 000 | Epoch 00399 | Time(s) 0.3579 | Comm(s) 0.2023 | Reduce(s) 0.0432 | Loss 17.3200
Epoch 00389 | Accuracy 62.76%
Process 000 | Epoch 00409 | Time(s) 0.3578 | Comm(s) 0.2022 | Reduce(s) 0.0432 | Loss 17.3239
Epoch 00399 | Accuracy 62.84%
Process 000 | Epoch 00419 | Time(s) 0.3578 | Comm(s) 0.2021 | Reduce(s) 0.0433 | Loss 17.2748
Epoch 00409 | Accuracy 62.81%
Process 000 | Epoch 00429 | Time(s) 0.3578 | Comm(s) 0.2021 | Reduce(s) 0.0433 | Loss 17.2341
Epoch 00419 | Accuracy 62.89%
Process 000 | Epoch 00439 | Time(s) 0.3578 | Comm(s) 0.2020 | Reduce(s) 0.0433 | Loss 17.1982
Epoch 00429 | Accuracy 62.83%
Process 000 | Epoch 00449 | Time(s) 0.3578 | Comm(s) 0.2022 | Reduce(s) 0.0433 | Loss 17.1993
Epoch 00439 | Accuracy 63.29%
Process 000 | Epoch 00459 | Time(s) 0.3578 | Comm(s) 0.2021 | Reduce(s) 0.0433 | Loss 17.1674
Epoch 00449 | Accuracy 62.90%
Process 000 | Epoch 00469 | Time(s) 0.3578 | Comm(s) 0.2021 | Reduce(s) 0.0433 | Loss 17.1485
Epoch 00459 | Accuracy 62.81%
Process 000 | Epoch 00479 | Time(s) 0.3579 | Comm(s) 0.2021 | Reduce(s) 0.0433 | Loss 17.1273
Epoch 00469 | Accuracy 62.99%
Process 000 | Epoch 00489 | Time(s) 0.3579 | Comm(s) 0.2022 | Reduce(s) 0.0433 | Loss 17.0984
Epoch 00479 | Accuracy 63.36%
Process 000 | Epoch 00499 | Time(s) 0.3579 | Comm(s) 0.2023 | Reduce(s) 0.0433 | Loss 17.0715
Epoch 00489 | Accuracy 63.23%
Process 000 | Epoch 00509 | Time(s) 0.3580 | Comm(s) 0.2021 | Reduce(s) 0.0433 | Loss 17.1006
Epoch 00499 | Accuracy 63.43%
Process 000 | Epoch 00519 | Time(s) 0.3581 | Comm(s) 0.2022 | Reduce(s) 0.0432 | Loss 17.0700
Epoch 00509 | Accuracy 63.84%
Process 000 | Epoch 00529 | Time(s) 0.3581 | Comm(s) 0.2022 | Reduce(s) 0.0432 | Loss 17.0265
Epoch 00519 | Accuracy 63.57%
Process 000 | Epoch 00539 | Time(s) 0.3581 | Comm(s) 0.2022 | Reduce(s) 0.0432 | Loss 17.0050
Epoch 00529 | Accuracy 63.67%
Process 000 | Epoch 00549 | Time(s) 0.3581 | Comm(s) 0.2022 | Reduce(s) 0.0432 | Loss 16.9929
Epoch 00539 | Accuracy 63.69%
Process 000 | Epoch 00559 | Time(s) 0.3581 | Comm(s) 0.2022 | Reduce(s) 0.0433 | Loss 16.9747
Epoch 00549 | Accuracy 63.89%
Process 000 | Epoch 00569 | Time(s) 0.3582 | Comm(s) 0.2024 | Reduce(s) 0.0433 | Loss 17.0059
Epoch 00559 | Accuracy 63.58%
Process 000 | Epoch 00579 | Time(s) 0.3583 | Comm(s) 0.2025 | Reduce(s) 0.0433 | Loss 16.9366
Epoch 00569 | Accuracy 63.19%
Process 000 | Epoch 00589 | Time(s) 0.3583 | Comm(s) 0.2025 | Reduce(s) 0.0432 | Loss 16.9428
Epoch 00579 | Accuracy 63.73%
Process 000 | Epoch 00599 | Time(s) 0.3584 | Comm(s) 0.2025 | Reduce(s) 0.0432 | Loss 16.9338
Epoch 00589 | Accuracy 63.51%
Process 000 | Epoch 00609 | Time(s) 0.3585 | Comm(s) 0.2025 | Reduce(s) 0.0433 | Loss 16.8882
Epoch 00599 | Accuracy 64.09%
Process 000 | Epoch 00619 | Time(s) 0.3584 | Comm(s) 0.2026 | Reduce(s) 0.0432 | Loss 16.9870
Epoch 00609 | Accuracy 63.87%
Process 000 | Epoch 00629 | Time(s) 0.3585 | Comm(s) 0.2027 | Reduce(s) 0.0432 | Loss 16.9082
Epoch 00619 | Accuracy 62.71%
Process 000 | Epoch 00639 | Time(s) 0.3584 | Comm(s) 0.2027 | Reduce(s) 0.0432 | Loss 16.8542
Epoch 00629 | Accuracy 63.41%
Process 000 | Epoch 00649 | Time(s) 0.3585 | Comm(s) 0.2029 | Reduce(s) 0.0432 | Loss 16.8348
Epoch 00639 | Accuracy 63.87%
Process 000 | Epoch 00659 | Time(s) 0.3585 | Comm(s) 0.2029 | Reduce(s) 0.0432 | Loss 16.8308loading partitions
Process 2 has 267267 nodes, 4056899 edges 184595 inner nodes, and 3344697 inner edges.
Process 2 start training
Process 002 | Epoch 00009 | Time(s) 0.3449 | Comm(s) 0.1921 | Reduce(s) 0.0418 | Loss 24.6518
Process 002 | Epoch 00019 | Time(s) 0.3709 | Comm(s) 0.2143 | Reduce(s) 0.0406 | Loss 23.1063
Process 002 | Epoch 00029 | Time(s) 0.4002 | Comm(s) 0.2111 | Reduce(s) 0.0408 | Loss 22.2200
Process 002 | Epoch 00039 | Time(s) 0.3981 | Comm(s) 0.2085 | Reduce(s) 0.0401 | Loss 20.8242
Process 002 | Epoch 00049 | Time(s) 0.3972 | Comm(s) 0.2071 | Reduce(s) 0.0400 | Loss 19.6771
Process 002 | Epoch 00059 | Time(s) 0.3983 | Comm(s) 0.2061 | Reduce(s) 0.0404 | Loss 18.9479
Process 002 | Epoch 00069 | Time(s) 0.3989 | Comm(s) 0.2053 | Reduce(s) 0.0408 | Loss 18.2640
Process 002 | Epoch 00079 | Time(s) 0.3982 | Comm(s) 0.2056 | Reduce(s) 0.0409 | Loss 17.8069
Process 002 | Epoch 00089 | Time(s) 0.3984 | Comm(s) 0.2051 | Reduce(s) 0.0408 | Loss 17.4471
Process 002 | Epoch 00099 | Time(s) 0.3988 | Comm(s) 0.2047 | Reduce(s) 0.0411 | Loss 17.1863
Process 002 | Epoch 00109 | Time(s) 0.3986 | Comm(s) 0.2042 | Reduce(s) 0.0413 | Loss 16.9197
Process 002 | Epoch 00119 | Time(s) 0.3992 | Comm(s) 0.2043 | Reduce(s) 0.0411 | Loss 16.6722
Process 002 | Epoch 00129 | Time(s) 0.3987 | Comm(s) 0.2044 | Reduce(s) 0.0408 | Loss 16.4476
Process 002 | Epoch 00139 | Time(s) 0.3988 | Comm(s) 0.2045 | Reduce(s) 0.0407 | Loss 16.2948
Process 002 | Epoch 00149 | Time(s) 0.3992 | Comm(s) 0.2047 | Reduce(s) 0.0406 | Loss 16.0381
Process 002 | Epoch 00159 | Time(s) 0.3991 | Comm(s) 0.2046 | Reduce(s) 0.0407 | Loss 15.8433
Process 002 | Epoch 00169 | Time(s) 0.3989 | Comm(s) 0.2046 | Reduce(s) 0.0406 | Loss 15.6882
Process 002 | Epoch 00179 | Time(s) 0.3988 | Comm(s) 0.2047 | Reduce(s) 0.0405 | Loss 15.5284
Process 002 | Epoch 00189 | Time(s) 0.3989 | Comm(s) 0.2046 | Reduce(s) 0.0405 | Loss 15.3767
Process 002 | Epoch 00199 | Time(s) 0.3986 | Comm(s) 0.2044 | Reduce(s) 0.0406 | Loss 15.1957
Process 002 | Epoch 00209 | Time(s) 0.3985 | Comm(s) 0.2043 | Reduce(s) 0.0406 | Loss 15.0971
Process 002 | Epoch 00219 | Time(s) 0.3982 | Comm(s) 0.2044 | Reduce(s) 0.0407 | Loss 14.9844
Process 002 | Epoch 00229 | Time(s) 0.3982 | Comm(s) 0.2044 | Reduce(s) 0.0407 | Loss 14.8877
Process 002 | Epoch 00239 | Time(s) 0.3981 | Comm(s) 0.2044 | Reduce(s) 0.0407 | Loss 14.8759
Process 002 | Epoch 00249 | Time(s) 0.3981 | Comm(s) 0.2045 | Reduce(s) 0.0406 | Loss 14.7401
Process 002 | Epoch 00259 | Time(s) 0.3981 | Comm(s) 0.2045 | Reduce(s) 0.0406 | Loss 14.7029
Process 002 | Epoch 00269 | Time(s) 0.3984 | Comm(s) 0.2050 | Reduce(s) 0.0406 | Loss 14.6177
Process 002 | Epoch 00279 | Time(s) 0.3979 | Comm(s) 0.2051 | Reduce(s) 0.0406 | Loss 14.6375
Process 002 | Epoch 00289 | Time(s) 0.3979 | Comm(s) 0.2051 | Reduce(s) 0.0406 | Loss 14.5749
Process 002 | Epoch 00299 | Time(s) 0.3978 | Comm(s) 0.2051 | Reduce(s) 0.0406 | Loss 14.4913
Process 002 | Epoch 00309 | Time(s) 0.3979 | Comm(s) 0.2050 | Reduce(s) 0.0406 | Loss 14.4427
Process 002 | Epoch 00319 | Time(s) 0.3979 | Comm(s) 0.2049 | Reduce(s) 0.0406 | Loss 14.4095
Process 002 | Epoch 00329 | Time(s) 0.3979 | Comm(s) 0.2049 | Reduce(s) 0.0406 | Loss 14.4088
Process 002 | Epoch 00339 | Time(s) 0.3976 | Comm(s) 0.2046 | Reduce(s) 0.0406 | Loss 14.3506
Process 002 | Epoch 00349 | Time(s) 0.3975 | Comm(s) 0.2045 | Reduce(s) 0.0407 | Loss 14.3226
Process 002 | Epoch 00359 | Time(s) 0.3976 | Comm(s) 0.2045 | Reduce(s) 0.0407 | Loss 14.2747
Process 002 | Epoch 00369 | Time(s) 0.3976 | Comm(s) 0.2046 | Reduce(s) 0.0407 | Loss 14.3970
Process 002 | Epoch 00379 | Time(s) 0.3974 | Comm(s) 0.2046 | Reduce(s) 0.0407 | Loss 14.2260
Process 002 | Epoch 00389 | Time(s) 0.3973 | Comm(s) 0.2047 | Reduce(s) 0.0407 | Loss 14.1923
Process 002 | Epoch 00399 | Time(s) 0.3972 | Comm(s) 0.2046 | Reduce(s) 0.0407 | Loss 14.1694
Process 002 | Epoch 00409 | Time(s) 0.3973 | Comm(s) 0.2045 | Reduce(s) 0.0407 | Loss 14.1801
Process 002 | Epoch 00419 | Time(s) 0.3975 | Comm(s) 0.2044 | Reduce(s) 0.0407 | Loss 14.1396
Process 002 | Epoch 00429 | Time(s) 0.3974 | Comm(s) 0.2044 | Reduce(s) 0.0406 | Loss 14.1028
Process 002 | Epoch 00439 | Time(s) 0.3973 | Comm(s) 0.2044 | Reduce(s) 0.0406 | Loss 14.0731
Process 002 | Epoch 00449 | Time(s) 0.3976 | Comm(s) 0.2044 | Reduce(s) 0.0406 | Loss 14.0579
Process 002 | Epoch 00459 | Time(s) 0.3976 | Comm(s) 0.2044 | Reduce(s) 0.0406 | Loss 14.0477
Process 002 | Epoch 00469 | Time(s) 0.3975 | Comm(s) 0.2044 | Reduce(s) 0.0406 | Loss 14.0286
Process 002 | Epoch 00479 | Time(s) 0.3975 | Comm(s) 0.2044 | Reduce(s) 0.0407 | Loss 14.0045
Process 002 | Epoch 00489 | Time(s) 0.3975 | Comm(s) 0.2044 | Reduce(s) 0.0407 | Loss 13.9902
Process 002 | Epoch 00499 | Time(s) 0.3975 | Comm(s) 0.2044 | Reduce(s) 0.0407 | Loss 13.9568
Process 002 | Epoch 00509 | Time(s) 0.3976 | Comm(s) 0.2045 | Reduce(s) 0.0407 | Loss 13.9629
Process 002 | Epoch 00519 | Time(s) 0.3976 | Comm(s) 0.2046 | Reduce(s) 0.0407 | Loss 13.9818
Process 002 | Epoch 00529 | Time(s) 0.3975 | Comm(s) 0.2046 | Reduce(s) 0.0407 | Loss 13.9344
Process 002 | Epoch 00539 | Time(s) 0.3975 | Comm(s) 0.2046 | Reduce(s) 0.0408 | Loss 13.9100
Process 002 | Epoch 00549 | Time(s) 0.3974 | Comm(s) 0.2046 | Reduce(s) 0.0408 | Loss 13.9020
Process 002 | Epoch 00559 | Time(s) 0.3974 | Comm(s) 0.2045 | Reduce(s) 0.0408 | Loss 13.8821
Process 002 | Epoch 00569 | Time(s) 0.3974 | Comm(s) 0.2045 | Reduce(s) 0.0408 | Loss 13.9016
Process 002 | Epoch 00579 | Time(s) 0.3974 | Comm(s) 0.2045 | Reduce(s) 0.0408 | Loss 13.8490
Process 002 | Epoch 00589 | Time(s) 0.3973 | Comm(s) 0.2046 | Reduce(s) 0.0408 | Loss 13.8692
Process 002 | Epoch 00599 | Time(s) 0.3973 | Comm(s) 0.2047 | Reduce(s) 0.0408 | Loss 13.8389
Process 002 | Epoch 00609 | Time(s) 0.3972 | Comm(s) 0.2046 | Reduce(s) 0.0408 | Loss 13.8160
Process 002 | Epoch 00619 | Time(s) 0.3970 | Comm(s) 0.2046 | Reduce(s) 0.0408 | Loss 13.9129
Process 002 | Epoch 00629 | Time(s) 0.3970 | Comm(s) 0.2046 | Reduce(s) 0.0408 | Loss 13.8145
Process 002 | Epoch 00639 | Time(s) 0.3969 | Comm(s) 0.2046 | Reduce(s) 0.0408 | Loss 13.7875
Process 002 | Epoch 00649 | Time(s) 0.3969 | Comm(s) 0.2046 | Reduce(s) 0.0408 | Loss 13.7684
Process 002 | Epoch 00659 | Time(s) 0.3969 | Comm(s) 0.2046 | Reduce(s) 0.0409 | Loss 13.7632
Process 002 | Epoch 00669 | Time(s) 0.3968 | Comm(s) 0.2046 | Reduce(s) 0.0409 | Loss 13.7717
Process 002 | Epoch 00679 | Time(s) 0.3969 | Comm(s) 0.2045 | Reduce(s) 0.0409 | Loss 13.7421
Process 002 | Epoch 00689 | Time(s) 0.3969 | Comm(s) 0.2045 | Reduce(s) 0.0409 | Loss 13.7369
Process 002 | Epoch 00699 | Time(s) 0.3968 | Comm(s) 0.2045 | Reduce(s) 0.0409 | Loss 13.7229
Process 002 | Epoch 00709 | Time(s) 0.3968 | Comm(s) 0.2044 | Reduce(s) 0.0409 | Loss 13.7010
Process 002 | Epoch 00719 | Time(s) 0.3968 | Comm(s) 0.2044 | Reduce(s) 0.0409 | Loss 13.7475
Process 002 | Epoch 00729 | Time(s) 0.3968 | Comm(s) 0.2044 | Reduce(s) 0.0409 | Loss 13.7031
Process 002 | Epoch 00739 | Time(s) 0.3968 | Comm(s) 0.2045 | Reduce(s) 0.0409 | Loss 13.6856
Process 002 | Epoch 00749 | Time(s) 0.3968 | Comm(s) 0.2046 | Reduce(s) 0.0409 | Loss 13.6789
Process 002 | Epoch 00759 | Time(s) 0.3968 | Comm(s) 0.2046 | Reduce(s) 0.0409 | Loss 13.6751
Process 002 | Epoch 00769 | Time(s) 0.3968 | Comm(s) 0.2046 | Reduce(s) 0.0409 | Loss 13.6626
Process 002 | Epoch 00779 | Time(s) 0.3967 | Comm(s) 0.2046 | Reduce(s) 0.0410 | Loss 13.6896
Process 002 | Epoch 00789 | Time(s) 0.3967 | Comm(s) 0.2046 | Reduce(s) 0.0410 | Loss 13.6398
Process 002 | Epoch 00799 | Time(s) 0.3967 | Comm(s) 0.2046 | Reduce(s) 0.0410 | Loss 13.6512
Process 002 | Epoch 00809 | Time(s) 0.3967 | Comm(s) 0.2047 | Reduce(s) 0.0410 | Loss 13.6297
Process 002 | Epoch 00819 | Time(s) 0.3966 | Comm(s) 0.2047 | Reduce(s) 0.0410 | Loss 13.6073
Process 002 | Epoch 00829 | Time(s) 0.3966 | Comm(s) 0.2047 | Reduce(s) 0.0410 | Loss 13.6273
Process 002 | Epoch 00839 | Time(s) 0.3966 | Comm(s) 0.2047 | Reduce(s) 0.0410 | Loss 13.5956
Process 002 | Epoch 00849 | Time(s) 0.3965 | Comm(s) 0.2047 | Reduce(s) 0.0410 | Loss 13.6088
Process 002 | Epoch 00859 | Time(s) 0.3966 | Comm(s) 0.2048 | Reduce(s) 0.0410 | Loss 13.5840loading partitions
Process 1 has 266664 nodes, 2608228 edges 176280 inner nodes, and 1952280 inner edges.
Process 1 start training
Process 001 | Epoch 00009 | Time(s) 0.3449 | Comm(s) 0.1937 | Reduce(s) 0.0418 | Loss 28.2881
Process 001 | Epoch 00019 | Time(s) 0.3709 | Comm(s) 0.2147 | Reduce(s) 0.0451 | Loss 27.5765
Process 001 | Epoch 00029 | Time(s) 0.4002 | Comm(s) 0.2125 | Reduce(s) 0.0438 | Loss 26.1822
Process 001 | Epoch 00039 | Time(s) 0.3981 | Comm(s) 0.2090 | Reduce(s) 0.0426 | Loss 24.0501
Process 001 | Epoch 00049 | Time(s) 0.3972 | Comm(s) 0.2080 | Reduce(s) 0.0421 | Loss 22.5551
Process 001 | Epoch 00059 | Time(s) 0.3983 | Comm(s) 0.2074 | Reduce(s) 0.0421 | Loss 21.8595
Process 001 | Epoch 00069 | Time(s) 0.3990 | Comm(s) 0.2070 | Reduce(s) 0.0418 | Loss 21.2312
Process 001 | Epoch 00079 | Time(s) 0.3982 | Comm(s) 0.2069 | Reduce(s) 0.0418 | Loss 20.8499
Process 001 | Epoch 00089 | Time(s) 0.3984 | Comm(s) 0.2066 | Reduce(s) 0.0415 | Loss 20.5438
Process 001 | Epoch 00099 | Time(s) 0.3988 | Comm(s) 0.2065 | Reduce(s) 0.0413 | Loss 20.2385
Process 001 | Epoch 00109 | Time(s) 0.3986 | Comm(s) 0.2064 | Reduce(s) 0.0411 | Loss 19.8717
Process 001 | Epoch 00119 | Time(s) 0.3992 | Comm(s) 0.2063 | Reduce(s) 0.0410 | Loss 19.5763
Process 001 | Epoch 00129 | Time(s) 0.3987 | Comm(s) 0.2063 | Reduce(s) 0.0408 | Loss 19.3261
Process 001 | Epoch 00139 | Time(s) 0.3988 | Comm(s) 0.2065 | Reduce(s) 0.0408 | Loss 19.1537
Process 001 | Epoch 00149 | Time(s) 0.3992 | Comm(s) 0.2062 | Reduce(s) 0.0411 | Loss 18.8719
Process 001 | Epoch 00159 | Time(s) 0.3991 | Comm(s) 0.2060 | Reduce(s) 0.0411 | Loss 18.6500
Process 001 | Epoch 00169 | Time(s) 0.3989 | Comm(s) 0.2059 | Reduce(s) 0.0411 | Loss 18.4296
Process 001 | Epoch 00179 | Time(s) 0.3988 | Comm(s) 0.2060 | Reduce(s) 0.0411 | Loss 18.2065
Process 001 | Epoch 00189 | Time(s) 0.3989 | Comm(s) 0.2063 | Reduce(s) 0.0411 | Loss 17.9955
Process 001 | Epoch 00199 | Time(s) 0.3986 | Comm(s) 0.2062 | Reduce(s) 0.0411 | Loss 17.8113
Process 001 | Epoch 00209 | Time(s) 0.3985 | Comm(s) 0.2063 | Reduce(s) 0.0411 | Loss 17.6878
Process 001 | Epoch 00219 | Time(s) 0.3982 | Comm(s) 0.2066 | Reduce(s) 0.0411 | Loss 17.5399
Process 001 | Epoch 00229 | Time(s) 0.3982 | Comm(s) 0.2065 | Reduce(s) 0.0412 | Loss 17.4155
Process 001 | Epoch 00239 | Time(s) 0.3981 | Comm(s) 0.2067 | Reduce(s) 0.0411 | Loss 17.3826
Process 001 | Epoch 00249 | Time(s) 0.3981 | Comm(s) 0.2066 | Reduce(s) 0.0411 | Loss 17.2389
Process 001 | Epoch 00259 | Time(s) 0.3981 | Comm(s) 0.2068 | Reduce(s) 0.0411 | Loss 17.1639
Process 001 | Epoch 00269 | Time(s) 0.3984 | Comm(s) 0.2068 | Reduce(s) 0.0414 | Loss 17.0959
Process 001 | Epoch 00279 | Time(s) 0.3979 | Comm(s) 0.2069 | Reduce(s) 0.0414 | Loss 17.0522
Process 001 | Epoch 00289 | Time(s) 0.3979 | Comm(s) 0.2069 | Reduce(s) 0.0413 | Loss 17.0158
Process 001 | Epoch 00299 | Time(s) 0.3978 | Comm(s) 0.2068 | Reduce(s) 0.0413 | Loss 16.9275
Process 001 | Epoch 00309 | Time(s) 0.3979 | Comm(s) 0.2067 | Reduce(s) 0.0413 | Loss 16.8777
Process 001 | Epoch 00319 | Time(s) 0.3979 | Comm(s) 0.2067 | Reduce(s) 0.0414 | Loss 16.8298
Process 001 | Epoch 00329 | Time(s) 0.3979 | Comm(s) 0.2066 | Reduce(s) 0.0413 | Loss 16.7904
Process 001 | Epoch 00339 | Time(s) 0.3976 | Comm(s) 0.2065 | Reduce(s) 0.0413 | Loss 16.7637
Process 001 | Epoch 00349 | Time(s) 0.3975 | Comm(s) 0.2064 | Reduce(s) 0.0413 | Loss 16.7036
Process 001 | Epoch 00359 | Time(s) 0.3975 | Comm(s) 0.2064 | Reduce(s) 0.0413 | Loss 16.6711
Process 001 | Epoch 00369 | Time(s) 0.3976 | Comm(s) 0.2066 | Reduce(s) 0.0413 | Loss 16.7184
Process 001 | Epoch 00379 | Time(s) 0.3974 | Comm(s) 0.2067 | Reduce(s) 0.0413 | Loss 16.6131
Process 001 | Epoch 00389 | Time(s) 0.3973 | Comm(s) 0.2067 | Reduce(s) 0.0413 | Loss 16.5756
Process 001 | Epoch 00399 | Time(s) 0.3972 | Comm(s) 0.2066 | Reduce(s) 0.0413 | Loss 16.5394
Process 001 | Epoch 00409 | Time(s) 0.3973 | Comm(s) 0.2064 | Reduce(s) 0.0413 | Loss 16.5314
Process 001 | Epoch 00419 | Time(s) 0.3975 | Comm(s) 0.2064 | Reduce(s) 0.0412 | Loss 16.4825
Process 001 | Epoch 00429 | Time(s) 0.3974 | Comm(s) 0.2063 | Reduce(s) 0.0412 | Loss 16.4630
Process 001 | Epoch 00439 | Time(s) 0.3973 | Comm(s) 0.2063 | Reduce(s) 0.0412 | Loss 16.4364
Process 001 | Epoch 00449 | Time(s) 0.3976 | Comm(s) 0.2062 | Reduce(s) 0.0413 | Loss 16.4268
Process 001 | Epoch 00459 | Time(s) 0.3975 | Comm(s) 0.2063 | Reduce(s) 0.0413 | Loss 16.3897
Process 001 | Epoch 00469 | Time(s) 0.3975 | Comm(s) 0.2063 | Reduce(s) 0.0413 | Loss 16.3682
Process 001 | Epoch 00479 | Time(s) 0.3975 | Comm(s) 0.2063 | Reduce(s) 0.0413 | Loss 16.3483
Process 001 | Epoch 00489 | Time(s) 0.3975 | Comm(s) 0.2063 | Reduce(s) 0.0413 | Loss 16.3250
Process 001 | Epoch 00499 | Time(s) 0.3975 | Comm(s) 0.2063 | Reduce(s) 0.0413 | Loss 16.3023
Process 001 | Epoch 00509 | Time(s) 0.3975 | Comm(s) 0.2065 | Reduce(s) 0.0413 | Loss 16.3231
Process 001 | Epoch 00519 | Time(s) 0.3976 | Comm(s) 0.2065 | Reduce(s) 0.0413 | Loss 16.2864
Process 001 | Epoch 00529 | Time(s) 0.3975 | Comm(s) 0.2065 | Reduce(s) 0.0413 | Loss 16.2702
Process 001 | Epoch 00539 | Time(s) 0.3975 | Comm(s) 0.2066 | Reduce(s) 0.0413 | Loss 16.2234
Process 001 | Epoch 00549 | Time(s) 0.3974 | Comm(s) 0.2065 | Reduce(s) 0.0413 | Loss 16.2276
Process 001 | Epoch 00559 | Time(s) 0.3974 | Comm(s) 0.2066 | Reduce(s) 0.0413 | Loss 16.2098
Process 001 | Epoch 00569 | Time(s) 0.3974 | Comm(s) 0.2067 | Reduce(s) 0.0413 | Loss 16.2268
Process 001 | Epoch 00579 | Time(s) 0.3974 | Comm(s) 0.2067 | Reduce(s) 0.0413 | Loss 16.1689
Process 001 | Epoch 00589 | Time(s) 0.3973 | Comm(s) 0.2067 | Reduce(s) 0.0413 | Loss 16.1727
Process 001 | Epoch 00599 | Time(s) 0.3973 | Comm(s) 0.2068 | Reduce(s) 0.0413 | Loss 16.1752
Process 001 | Epoch 00609 | Time(s) 0.3972 | Comm(s) 0.2068 | Reduce(s) 0.0414 | Loss 16.1330
Process 001 | Epoch 00619 | Time(s) 0.3970 | Comm(s) 0.2068 | Reduce(s) 0.0413 | Loss 16.2063
Process 001 | Epoch 00629 | Time(s) 0.3970 | Comm(s) 0.2068 | Reduce(s) 0.0413 | Loss 16.1323
Process 001 | Epoch 00639 | Time(s) 0.3969 | Comm(s) 0.2067 | Reduce(s) 0.0413 | Loss 16.0919
Process 001 | Epoch 00649 | Time(s) 0.3969 | Comm(s) 0.2068 | Reduce(s) 0.0413 | Loss 16.0771
Process 001 | Epoch 00659 | Time(s) 0.3969 | Comm(s) 0.2068 | Reduce(s) 0.0414 | Loss 16.0637
Process 001 | Epoch 00669 | Time(s) 0.3968 | Comm(s) 0.2067 | Reduce(s) 0.0414 | Loss 16.0707
Process 001 | Epoch 00679 | Time(s) 0.3969 | Comm(s) 0.2067 | Reduce(s) 0.0414 | Loss 16.0498
Process 001 | Epoch 00689 | Time(s) 0.3969 | Comm(s) 0.2066 | Reduce(s) 0.0414 | Loss 16.0330
Process 001 | Epoch 00699 | Time(s) 0.3968 | Comm(s) 0.2066 | Reduce(s) 0.0413 | Loss 16.0434
Process 001 | Epoch 00709 | Time(s) 0.3968 | Comm(s) 0.2066 | Reduce(s) 0.0413 | Loss 16.0040
Process 001 | Epoch 00719 | Time(s) 0.3968 | Comm(s) 0.2065 | Reduce(s) 0.0413 | Loss 16.0278
Process 001 | Epoch 00729 | Time(s) 0.3968 | Comm(s) 0.2066 | Reduce(s) 0.0413 | Loss 16.0173
Process 001 | Epoch 00739 | Time(s) 0.3968 | Comm(s) 0.2067 | Reduce(s) 0.0413 | Loss 15.9808
Process 001 | Epoch 00749 | Time(s) 0.3968 | Comm(s) 0.2067 | Reduce(s) 0.0413 | Loss 15.9791
Process 001 | Epoch 00759 | Time(s) 0.3968 | Comm(s) 0.2067 | Reduce(s) 0.0413 | Loss 15.9643
Process 001 | Epoch 00769 | Time(s) 0.3968 | Comm(s) 0.2068 | Reduce(s) 0.0413 | Loss 15.9683
Process 001 | Epoch 00779 | Time(s) 0.3967 | Comm(s) 0.2068 | Reduce(s) 0.0414 | Loss 15.9587
Process 001 | Epoch 00789 | Time(s) 0.3967 | Comm(s) 0.2067 | Reduce(s) 0.0414 | Loss 15.9306
Process 001 | Epoch 00799 | Time(s) 0.3967 | Comm(s) 0.2068 | Reduce(s) 0.0413 | Loss 15.9444
Process 001 | Epoch 00809 | Time(s) 0.3967 | Comm(s) 0.2068 | Reduce(s) 0.0414 | Loss 15.9125
Process 001 | Epoch 00819 | Time(s) 0.3966 | Comm(s) 0.2069 | Reduce(s) 0.0414 | Loss 15.9025
Process 001 | Epoch 00829 | Time(s) 0.3966 | Comm(s) 0.2069 | Reduce(s) 0.0414 | Loss 15.9016
Process 001 | Epoch 00839 | Time(s) 0.3966 | Comm(s) 0.2069 | Reduce(s) 0.0414 | Loss 15.8776
Process 001 | Epoch 00849 | Time(s) 0.3965 | Comm(s) 0.2069 | Reduce(s) 0.0414 | Loss 15.8984
Process 001 | Epoch 00859 | Time(s) 0.3966 | Comm(s) 0.2070 | Reduce(s) 0.0413 | Loss 15.8699
Epoch 00649 | Accuracy 64.05%
Process 000 | Epoch 00669 | Time(s) 0.3585 | Comm(s) 0.2029 | Reduce(s) 0.0432 | Loss 16.8342
Epoch 00659 | Accuracy 63.78%
Process 000 | Epoch 00679 | Time(s) 0.3585 | Comm(s) 0.2030 | Reduce(s) 0.0432 | Loss 16.8056
Epoch 00669 | Accuracy 64.23%
Process 000 | Epoch 00689 | Time(s) 0.3584 | Comm(s) 0.2031 | Reduce(s) 0.0432 | Loss 16.7976
Epoch 00679 | Accuracy 64.24%
Process 000 | Epoch 00699 | Time(s) 0.3584 | Comm(s) 0.2030 | Reduce(s) 0.0432 | Loss 16.7975
Epoch 00689 | Accuracy 64.06%
Process 000 | Epoch 00709 | Time(s) 0.3584 | Comm(s) 0.2030 | Reduce(s) 0.0432 | Loss 16.7694
Epoch 00699 | Accuracy 64.30%
Process 000 | Epoch 00719 | Time(s) 0.3584 | Comm(s) 0.2031 | Reduce(s) 0.0432 | Loss 16.7961
Epoch 00709 | Accuracy 64.05%
Process 000 | Epoch 00729 | Time(s) 0.3584 | Comm(s) 0.2031 | Reduce(s) 0.0432 | Loss 16.7598
Epoch 00719 | Accuracy 63.43%
Process 000 | Epoch 00739 | Time(s) 0.3585 | Comm(s) 0.2032 | Reduce(s) 0.0432 | Loss 16.7349
Epoch 00729 | Accuracy 64.07%
Process 000 | Epoch 00749 | Time(s) 0.3585 | Comm(s) 0.2032 | Reduce(s) 0.0432 | Loss 16.7397
Epoch 00739 | Accuracy 64.06%
Process 000 | Epoch 00759 | Time(s) 0.3586 | Comm(s) 0.2033 | Reduce(s) 0.0432 | Loss 16.7213
Epoch 00749 | Accuracy 64.26%
Process 000 | Epoch 00769 | Time(s) 0.3586 | Comm(s) 0.2034 | Reduce(s) 0.0433 | Loss 16.7041
Epoch 00759 | Accuracy 64.07%
Process 000 | Epoch 00779 | Time(s) 0.3587 | Comm(s) 0.2034 | Reduce(s) 0.0432 | Loss 16.7265
Epoch 00769 | Accuracy 64.41%
Process 000 | Epoch 00789 | Time(s) 0.3587 | Comm(s) 0.2035 | Reduce(s) 0.0432 | Loss 16.6786
Epoch 00779 | Accuracy 63.71%
Process 000 | Epoch 00799 | Time(s) 0.3587 | Comm(s) 0.2034 | Reduce(s) 0.0432 | Loss 16.6874
Epoch 00789 | Accuracy 64.12%
Process 000 | Epoch 00809 | Time(s) 0.3588 | Comm(s) 0.2035 | Reduce(s) 0.0432 | Loss 16.6676
Epoch 00799 | Accuracy 64.43%
Process 000 | Epoch 00819 | Time(s) 0.3588 | Comm(s) 0.2035 | Reduce(s) 0.0432 | Loss 16.6583
Epoch 00809 | Accuracy 64.13%
Process 000 | Epoch 00829 | Time(s) 0.3588 | Comm(s) 0.2035 | Reduce(s) 0.0432 | Loss 16.6634
Epoch 00819 | Accuracy 64.42%
Process 000 | Epoch 00839 | Time(s) 0.3588 | Comm(s) 0.2035 | Reduce(s) 0.0432 | Loss 16.6341
Epoch 00829 | Accuracy 64.42%
Process 000 | Epoch 00849 | Time(s) 0.3588 | Comm(s) 0.2035 | Reduce(s) 0.0432 | Loss 16.6394
Epoch 00839 | Accuracy 63.97%
Process 000 | Epoch 00859 | Time(s) 0.3589 | Comm(s) 0.2036 | Reduce(s) 0.0432 | Loss 16.6236
Epoch 00849 | Accuracy 64.35%
Process 000 | Epoch 00869 | Time(s) 0.3589 | Comm(s) 0.2037 | Reduce(s) 0.0432 | Loss 16.6109
Epoch 00859 | Accuracy 64.46%
Process 000 | Epoch 00879 | Time(s) 0.3589 | Comm(s) 0.2037 | Reduce(s) 0.0432 | Loss 16.6202
Epoch 00869 | Accuracy 64.41%
Process 000 | Epoch 00889 | Time(s) 0.3589 | Comm(s) 0.2037 | Reduce(s) 0.0432 | Loss 16.7483
Epoch 00879 | Accuracy 64.19%
Process 000 | Epoch 00899 | Time(s) 0.3590 | Comm(s) 0.2036 | Reduce(s) 0.0432 | Loss 16.6261
Epoch 00889 | Accuracy 63.07%
Process 000 | Epoch 00909 | Time(s) 0.3590 | Comm(s) 0.2036 | Reduce(s) 0.0432 | Loss 16.5749
Epoch 00899 | Accuracy 64.18%
Process 000 | Epoch 00919 | Time(s) 0.3591 | Comm(s) 0.2036 | Reduce(s) 0.0432 | Loss 16.5788
Epoch 00909 | Accuracy 64.48%
Process 000 | Epoch 00929 | Time(s) 0.3591 | Comm(s) 0.2036 | Reduce(s) 0.0432 | Loss 16.5619
Epoch 00919 | Accuracy 64.38%
Process 000 | Epoch 00939 | Time(s) 0.3590 | Comm(s) 0.2036 | Reduce(s) 0.0432 | Loss 16.5468
Epoch 00929 | Accuracy 64.51%
Process 000 | Epoch 00949 | Time(s) 0.3591 | Comm(s) 0.2037 | Reduce(s) 0.0432 | Loss 16.6346
Epoch 00939 | Accuracy 64.54%
Process 000 | Epoch 00959 | Time(s) 0.3591 | Comm(s) 0.2036 | Reduce(s) 0.0432 | Loss 16.5817
Epoch 00949 | Accuracy 64.66%
Process 000 | Epoch 00969 | Time(s) 0.3591 | Comm(s) 0.2036 | Reduce(s) 0.0432 | Loss 16.5343
Epoch 00959 | Accuracy 64.64%
Process 000 | Epoch 00979 | Time(s) 0.3591 | Comm(s) 0.2037 | Reduce(s) 0.0432 | Loss 16.5113
Epoch 00969 | Accuracy 64.64%
Process 000 | Epoch 00989 | Time(s) 0.3591 | Comm(s) 0.2037 | Reduce(s) 0.0432 | Loss 16.5110
Epoch 00979 | Accuracy 64.47%
Process 000 | Epoch 00999 | Time(s) 0.3591 | Comm(s) 0.2038 | Reduce(s) 0.0432 | Loss 16.5185
Epoch 00989 | Accuracy 64.41%
Process 000 | Epoch 01009 | Time(s) 0.3591 | Comm(s) 0.2037 | Reduce(s) 0.0432 | Loss 16.5854
Epoch 00999 | Accuracy 64.71%
Process 000 | Epoch 01019 | Time(s) 0.3591 | Comm(s) 0.2037 | Reduce(s) 0.0432 | Loss 16.5395
Epoch 01009 | Accuracy 64.28%
Process 000 | Epoch 01029 | Time(s) 0.3592 | Comm(s) 0.2038 | Reduce(s) 0.0432 | Loss 16.4895
Epoch 01019 | Accuracy 64.67%
Process 000 | Epoch 01039 | Time(s) 0.3592 | Comm(s) 0.2039 | Reduce(s) 0.0432 | Loss 16.4694
Epoch 01029 | Accuracy 64.57%
Process 000 | Epoch 01049 | Time(s) 0.3593 | Comm(s) 0.2039 | Reduce(s) 0.0432 | Loss 16.4700
Epoch 01039 | Accuracy 64.52%
Process 000 | Epoch 01059 | Time(s) 0.3593 | Comm(s) 0.2039 | Reduce(s) 0.0432 | Loss 16.4605
Epoch 01049 | Accuracy 64.57%
Process 000 | Epoch 01069 | Time(s) 0.3593 | Comm(s) 0.2038 | Reduce(s) 0.0432 | Loss 16.4458
Epoch 01059 | Accuracy 64.60%
Process 000 | Epoch 01079 | Time(s) 0.3594 | Comm(s) 0.2039 | Reduce(s) 0.0432 | Loss 16.5694
Epoch 01069 | Accuracy 64.53%
Process 000 | Epoch 01089 | Time(s) 0.3594 | Comm(s) 0.2039 | Reduce(s) 0.0432 | Loss 16.4922
Epoch 01079 | Accuracy 63.96%
Process 000 | Epoch 01099 | Time(s) 0.3594 | Comm(s) 0.2039 | Reduce(s) 0.0432 | Loss 16.4646
Epoch 01089 | Accuracy 64.36%
Process 000 | Epoch 01109 | Time(s) 0.3594 | Comm(s) 0.2039 | Reduce(s) 0.0432 | Loss 16.4388
Epoch 01099 | Accuracy 64.37%
Process 000 | Epoch 01119 | Time(s) 0.3594 | Comm(s) 0.2039 | Reduce(s) 0.0433 | Loss 16.4168
Epoch 01109 | Accuracy 64.57%
Process 000 | Epoch 01129 | Time(s) 0.3595 | Comm(s) 0.2040 | Reduce(s) 0.0433 | Loss 16.4363
Epoch 01119 | Accuracy 64.59%
Process 000 | Epoch 01139 | Time(s) 0.3595 | Comm(s) 0.2040 | Reduce(s) 0.0433 | Loss 16.4527
Epoch 01129 | Accuracy 64.34%
Process 000 | Epoch 01149 | Time(s) 0.3595 | Comm(s) 0.2040 | Reduce(s) 0.0433 | Loss 16.4373
Epoch 01139 | Accuracy 64.75%
Process 000 | Epoch 01159 | Time(s) 0.3595 | Comm(s) 0.2040 | Reduce(s) 0.0433 | Loss 16.4046
Epoch 01149 | Accuracy 64.43%
Process 000 | Epoch 01169 | Time(s) 0.3595 | Comm(s) 0.2041 | Reduce(s) 0.0433 | Loss 16.3970
Epoch 01159 | Accuracy 64.51%
Process 000 | Epoch 01179 | Time(s) 0.3595 | Comm(s) 0.2041 | Reduce(s) 0.0433 | Loss 16.4427
Epoch 01169 | Accuracy 64.58%
Process 000 | Epoch 01189 | Time(s) 0.3595 | Comm(s) 0.2041 | Reduce(s) 0.0433 | Loss 16.4074
Epoch 01179 | Accuracy 64.61%
Process 000 | Epoch 01199 | Time(s) 0.3595 | Comm(s) 0.2041 | Reduce(s) 0.0433 | Loss 16.3934
Epoch 01189 | Accuracy 64.80%
Process 000 | Epoch 01209 | Time(s) 0.3595 | Comm(s) 0.2041 | Reduce(s) 0.0433 | Loss 16.3603
Epoch 01199 | Accuracy 64.78%
Process 000 | Epoch 01219 | Time(s) 0.3595 | Comm(s) 0.2041 | Reduce(s) 0.0433 | Loss 16.3681
Epoch 01209 | Accuracy 64.70%
Process 000 | Epoch 01229 | Time(s) 0.3595 | Comm(s) 0.2040 | Reduce(s) 0.0433 | Loss 16.3690
Epoch 01219 | Accuracy 64.61%
Process 000 | Epoch 01239 | Time(s) 0.3595 | Comm(s) 0.2040 | Reduce(s) 0.0433 | Loss 16.3767
Epoch 01229 | Accuracy 64.48%
Process 000 | Epoch 01249 | Time(s) 0.3595 | Comm(s) 0.2040 | Reduce(s) 0.0433 | Loss 16.3573
Epoch 01239 | Accuracy 64.51%
Process 000 | Epoch 01259 | Time(s) 0.3595 | Comm(s) 0.2040 | Reduce(s) 0.0433 | Loss 16.3713
Epoch 01249 | Accuracy 64.79%
Process 000 | Epoch 01269 | Time(s) 0.3595 | Comm(s) 0.2040 | Reduce(s) 0.0433 | Loss 16.3491
Epoch 01259 | Accuracy 64.88%
Process 000 | Epoch 01279 | Time(s) 0.3595 | Comm(s) 0.2040 | Reduce(s) 0.0433 | Loss 16.3273
Epoch 01269 | Accuracy 64.42%
Process 000 | Epoch 01289 | Time(s) 0.3595 | Comm(s) 0.2040 | Reduce(s) 0.0433 | Loss 16.3313
Epoch 01279 | Accuracy 64.81%
Process 000 | Epoch 01299 | Time(s) 0.3595 | Comm(s) 0.2040 | Reduce(s) 0.0433 | Loss 16.3205
Epoch 01289 | Accuracy 64.60%
Process 000 | Epoch 01309 | Time(s) 0.3596 | Comm(s) 0.2040 | Reduce(s) 0.0433 | Loss 16.3512
Epoch 01299 | Accuracy 64.71%
Process 000 | Epoch 01319 | Time(s) 0.3596 | Comm(s) 0.2041 | Reduce(s) 0.0433 | Loss 16.3509
Epoch 01309 | Accuracy 64.89%
Process 001 | Epoch 00869 | Time(s) 0.3966 | Comm(s) 0.2070 | Reduce(s) 0.0413 | Loss 15.8584
Process 001 | Epoch 00879 | Time(s) 0.3966 | Comm(s) 0.2070 | Reduce(s) 0.0414 | Loss 15.8569
Process 001 | Epoch 00889 | Time(s) 0.3966 | Comm(s) 0.2069 | Reduce(s) 0.0413 | Loss 15.9669
Process 001 | Epoch 00899 | Time(s) 0.3966 | Comm(s) 0.2070 | Reduce(s) 0.0414 | Loss 15.8778
Process 001 | Epoch 00909 | Time(s) 0.3967 | Comm(s) 0.2071 | Reduce(s) 0.0413 | Loss 15.8250
Process 001 | Epoch 00919 | Time(s) 0.3967 | Comm(s) 0.2071 | Reduce(s) 0.0413 | Loss 15.8265
Process 001 | Epoch 00929 | Time(s) 0.3968 | Comm(s) 0.2071 | Reduce(s) 0.0413 | Loss 15.8122
Process 001 | Epoch 00939 | Time(s) 0.3966 | Comm(s) 0.2070 | Reduce(s) 0.0414 | Loss 15.8133
Process 001 | Epoch 00949 | Time(s) 0.3966 | Comm(s) 0.2071 | Reduce(s) 0.0414 | Loss 15.8787
Process 001 | Epoch 00959 | Time(s) 0.3966 | Comm(s) 0.2071 | Reduce(s) 0.0414 | Loss 15.8236
Process 001 | Epoch 00969 | Time(s) 0.3967 | Comm(s) 0.2071 | Reduce(s) 0.0414 | Loss 15.7900
Process 001 | Epoch 00979 | Time(s) 0.3967 | Comm(s) 0.2071 | Reduce(s) 0.0414 | Loss 15.7726
Process 001 | Epoch 00989 | Time(s) 0.3967 | Comm(s) 0.2071 | Reduce(s) 0.0414 | Loss 15.7718
Process 001 | Epoch 00999 | Time(s) 0.3966 | Comm(s) 0.2071 | Reduce(s) 0.0414 | Loss 15.7700
Process 001 | Epoch 01009 | Time(s) 0.3967 | Comm(s) 0.2071 | Reduce(s) 0.0414 | Loss 15.8211
Process 001 | Epoch 01019 | Time(s) 0.3967 | Comm(s) 0.2071 | Reduce(s) 0.0414 | Loss 15.7846
Process 001 | Epoch 01029 | Time(s) 0.3967 | Comm(s) 0.2071 | Reduce(s) 0.0414 | Loss 15.7370
Process 001 | Epoch 01039 | Time(s) 0.3967 | Comm(s) 0.2071 | Reduce(s) 0.0414 | Loss 15.7359
Process 001 | Epoch 01049 | Time(s) 0.3967 | Comm(s) 0.2072 | Reduce(s) 0.0414 | Loss 15.7241
Process 001 | Epoch 01059 | Time(s) 0.3967 | Comm(s) 0.2072 | Reduce(s) 0.0414 | Loss 15.7200
Process 001 | Epoch 01069 | Time(s) 0.3967 | Comm(s) 0.2073 | Reduce(s) 0.0415 | Loss 15.7071
Process 001 | Epoch 01079 | Time(s) 0.3966 | Comm(s) 0.2073 | Reduce(s) 0.0414 | Loss 15.8083
Process 001 | Epoch 01089 | Time(s) 0.3967 | Comm(s) 0.2073 | Reduce(s) 0.0414 | Loss 15.7446
Process 001 | Epoch 01099 | Time(s) 0.3967 | Comm(s) 0.2073 | Reduce(s) 0.0414 | Loss 15.7186
Process 001 | Epoch 01109 | Time(s) 0.3967 | Comm(s) 0.2073 | Reduce(s) 0.0415 | Loss 15.6911
Process 001 | Epoch 01119 | Time(s) 0.3968 | Comm(s) 0.2073 | Reduce(s) 0.0415 | Loss 15.6919
Process 001 | Epoch 01129 | Time(s) 0.3968 | Comm(s) 0.2073 | Reduce(s) 0.0415 | Loss 15.6852
Process 001 | Epoch 01139 | Time(s) 0.3968 | Comm(s) 0.2073 | Reduce(s) 0.0415 | Loss 15.7120
Process 001 | Epoch 01149 | Time(s) 0.3968 | Comm(s) 0.2073 | Reduce(s) 0.0415 | Loss 15.6935
Process 001 | Epoch 01159 | Time(s) 0.3967 | Comm(s) 0.2073 | Reduce(s) 0.0415 | Loss 15.6664
Process 001 | Epoch 01169 | Time(s) 0.3967 | Comm(s) 0.2072 | Reduce(s) 0.0415 | Loss 15.6525
Process 001 | Epoch 01179 | Time(s) 0.3967 | Comm(s) 0.2073 | Reduce(s) 0.0415 | Loss 15.6868
Process 001 | Epoch 01189 | Time(s) 0.3967 | Comm(s) 0.2072 | Reduce(s) 0.0415 | Loss 15.6645
Process 001 | Epoch 01199 | Time(s) 0.3967 | Comm(s) 0.2072 | Reduce(s) 0.0415 | Loss 15.6489
Process 001 | Epoch 01209 | Time(s) 0.3967 | Comm(s) 0.2072 | Reduce(s) 0.0415 | Loss 15.6320
Process 001 | Epoch 01219 | Time(s) 0.3967 | Comm(s) 0.2071 | Reduce(s) 0.0415 | Loss 15.6262
Process 001 | Epoch 01229 | Time(s) 0.3968 | Comm(s) 0.2071 | Reduce(s) 0.0415 | Loss 15.6335
Process 001 | Epoch 01239 | Time(s) 0.3968 | Comm(s) 0.2071 | Reduce(s) 0.0415 | Loss 15.6176
Process 001 | Epoch 01249 | Time(s) 0.3968 | Comm(s) 0.2071 | Reduce(s) 0.0415 | Loss 15.6121
Process 001 | Epoch 01259 | Time(s) 0.3968 | Comm(s) 0.2071 | Reduce(s) 0.0415 | Loss 15.6404
Process 001 | Epoch 01269 | Time(s) 0.3969 | Comm(s) 0.2071 | Reduce(s) 0.0415 | Loss 15.6127
Process 001 | Epoch 01279 | Time(s) 0.3969 | Comm(s) 0.2071 | Reduce(s) 0.0415 | Loss 15.5986
Process 001 | Epoch 01289 | Time(s) 0.3969 | Comm(s) 0.2071 | Reduce(s) 0.0415 | Loss 15.5937
Process 001 | Epoch 01299 | Time(s) 0.3969 | Comm(s) 0.2071 | Reduce(s) 0.0415 | Loss 15.5913
Process 001 | Epoch 01309 | Time(s) 0.3970 | Comm(s) 0.2071 | Reduce(s) 0.0415 | Loss 15.6111
Process 001 | Epoch 01319 | Time(s) 0.3970 | Comm(s) 0.2071 | Reduce(s) 0.0415 | Loss 15.6055
Process 001 | Epoch 01329 | Time(s) 0.3970 | Comm(s) 0.2071 | Reduce(s) 0.0415 | Loss 15.5845
Process 001 | Epoch 01339 | Time(s) 0.3970 | Comm(s) 0.2072 | Reduce(s) 0.0415 | Loss 15.5724
Process 001 | Epoch 01349 | Time(s) 0.3970 | Comm(s) 0.2072 | Reduce(s) 0.0415 | Loss 15.6100
Process 001 | Epoch 01359 | Time(s) 0.3970 | Comm(s) 0.2072 | Reduce(s) 0.0416 | Loss 15.5917
Process 001 | Epoch 01369 | Time(s) 0.3970 | Comm(s) 0.2071 | Reduce(s) 0.0416 | Loss 15.5590
Process 001 | Epoch 01379 | Time(s) 0.3971 | Comm(s) 0.2072 | Reduce(s) 0.0416 | Loss 15.5630
Process 001 | Epoch 01389 | Time(s) 0.3970 | Comm(s) 0.2071 | Reduce(s) 0.0416 | Loss 15.5557
Process 001 | Epoch 01399 | Time(s) 0.3970 | Comm(s) 0.2072 | Reduce(s) 0.0416 | Loss 15.5445
Process 001 | Epoch 01409 | Time(s) 0.3970 | Comm(s) 0.2072 | Reduce(s) 0.0416 | Loss 15.5507
Process 001 | Epoch 01419 | Time(s) 0.3969 | Comm(s) 0.2071 | Reduce(s) 0.0416 | Loss 15.5328
Process 001 | Epoch 01429 | Time(s) 0.3970 | Comm(s) 0.2072 | Reduce(s) 0.0416 | Loss 15.5227
Process 001 | Epoch 01439 | Time(s) 0.3970 | Comm(s) 0.2072 | Reduce(s) 0.0416 | Loss 15.5199
Process 001 | Epoch 01449 | Time(s) 0.3970 | Comm(s) 0.2072 | Reduce(s) 0.0416 | Loss 15.6739
Process 001 | Epoch 01459 | Time(s) 0.3970 | Comm(s) 0.2072 | Reduce(s) 0.0416 | Loss 15.5525
Process 001 | Epoch 01469 | Time(s) 0.3970 | Comm(s) 0.2072 | Reduce(s) 0.0416 | Loss 15.5161
Process 001 | Epoch 01479 | Time(s) 0.3971 | Comm(s) 0.2073 | Reduce(s) 0.0416 | Loss 15.5016
Process 001 | Epoch 01489 | Time(s) 0.3971 | Comm(s) 0.2073 | Reduce(s) 0.0416 | Loss 15.4913
Process 001 | Epoch 01499 | Time(s) 0.3970 | Comm(s) 0.2073 | Reduce(s) 0.0416 | Loss 15.5999
Process 001 | Epoch 01509 | Time(s) 0.3970 | Comm(s) 0.2073 | Reduce(s) 0.0416 | Loss 15.5324
Process 001 | Epoch 01519 | Time(s) 0.3970 | Comm(s) 0.2073 | Reduce(s) 0.0416 | Loss 15.4897
Process 001 | Epoch 01529 | Time(s) 0.3970 | Comm(s) 0.2073 | Reduce(s) 0.0416 | Loss 15.4813
Process 001 | Epoch 01539 | Time(s) 0.3970 | Comm(s) 0.2073 | Reduce(s) 0.0416 | Loss 15.4855
Process 001 | Epoch 01549 | Time(s) 0.3970 | Comm(s) 0.2073 | Reduce(s) 0.0416 | Loss 15.4915
Process 001 | Epoch 01559 | Time(s) 0.3971 | Comm(s) 0.2073 | Reduce(s) 0.0416 | Loss 15.4914
Process 001 | Epoch 01569 | Time(s) 0.3971 | Comm(s) 0.2073 | Reduce(s) 0.0416 | Loss 15.4648
Process 001 | Epoch 01579 | Time(s) 0.3971 | Comm(s) 0.2073 | Reduce(s) 0.0416 | Loss 15.5177
Process 001 | Epoch 01589 | Time(s) 0.3971 | Comm(s) 0.2073 | Reduce(s) 0.0416 | Loss 15.4654
Process 001 | Epoch 01599 | Time(s) 0.3971 | Comm(s) 0.2073 | Reduce(s) 0.0416 | Loss 15.4551
Process 001 | Epoch 01609 | Time(s) 0.3971 | Comm(s) 0.2073 | Reduce(s) 0.0416 | Loss 15.4503
Process 001 | Epoch 01619 | Time(s) 0.3971 | Comm(s) 0.2073 | Reduce(s) 0.0416 | Loss 15.4529
Process 001 | Epoch 01629 | Time(s) 0.3971 | Comm(s) 0.2073 | Reduce(s) 0.0416 | Loss 15.4567
Process 001 | Epoch 01639 | Time(s) 0.3971 | Comm(s) 0.2073 | Reduce(s) 0.0416 | Loss 15.4439
Process 001 | Epoch 01649 | Time(s) 0.3971 | Comm(s) 0.2073 | Reduce(s) 0.0416 | Loss 15.5225
Process 001 | Epoch 01659 | Time(s) 0.3971 | Comm(s) 0.2073 | Reduce(s) 0.0416 | Loss 15.4716
Process 001 | Epoch 01669 | Time(s) 0.3972 | Comm(s) 0.2073 | Reduce(s) 0.0416 | Loss 15.4618
Process 001 | Epoch 01679 | Time(s) 0.3972 | Comm(s) 0.2072 | Reduce(s) 0.0416 | Loss 15.4379
Process 001 | Epoch 01689 | Time(s) 0.3972 | Comm(s) 0.2073 | Reduce(s) 0.0416 | Loss 15.4180
Process 001 | Epoch 01699 | Time(s) 0.3972 | Comm(s) 0.2073 | Reduce(s) 0.0416 | Loss 15.4154
Process 001 | Epoch 01709 | Time(s) 0.3972 | Comm(s) 0.2073 | Reduce(s) 0.0416 | Loss 15.4311
Process 001 | Epoch 01719 | Time(s) 0.3972 | Comm(s) 0.2073 | Reduce(s) 0.0416 | Loss 15.5128
Process 001 | Epoch 01729 | Time(s) 0.3973 | Comm(s) 0.2072 | Reduce(s) 0.0416 | Loss 15.4205
Process 001 | Epoch 01739 | Time(s) 0.3973 | Comm(s) 0.2073 | Reduce(s) 0.0416 | Loss 15.4277
Process 002 | Epoch 00869 | Time(s) 0.3966 | Comm(s) 0.2048 | Reduce(s) 0.0410 | Loss 13.5692
Process 002 | Epoch 00879 | Time(s) 0.3966 | Comm(s) 0.2047 | Reduce(s) 0.0410 | Loss 13.5677
Process 002 | Epoch 00889 | Time(s) 0.3966 | Comm(s) 0.2047 | Reduce(s) 0.0410 | Loss 13.7621
Process 002 | Epoch 00899 | Time(s) 0.3966 | Comm(s) 0.2047 | Reduce(s) 0.0410 | Loss 13.5720
Process 002 | Epoch 00909 | Time(s) 0.3967 | Comm(s) 0.2047 | Reduce(s) 0.0410 | Loss 13.5558
Process 002 | Epoch 00919 | Time(s) 0.3967 | Comm(s) 0.2047 | Reduce(s) 0.0410 | Loss 13.5513
Process 002 | Epoch 00929 | Time(s) 0.3968 | Comm(s) 0.2047 | Reduce(s) 0.0410 | Loss 13.5300
Process 002 | Epoch 00939 | Time(s) 0.3966 | Comm(s) 0.2046 | Reduce(s) 0.0410 | Loss 13.5225
Process 002 | Epoch 00949 | Time(s) 0.3966 | Comm(s) 0.2046 | Reduce(s) 0.0410 | Loss 13.5987
Process 002 | Epoch 00959 | Time(s) 0.3966 | Comm(s) 0.2046 | Reduce(s) 0.0410 | Loss 13.5454
Process 002 | Epoch 00969 | Time(s) 0.3967 | Comm(s) 0.2046 | Reduce(s) 0.0410 | Loss 13.5033
Process 002 | Epoch 00979 | Time(s) 0.3967 | Comm(s) 0.2047 | Reduce(s) 0.0410 | Loss 13.4981
Process 002 | Epoch 00989 | Time(s) 0.3967 | Comm(s) 0.2047 | Reduce(s) 0.0411 | Loss 13.4976
Process 002 | Epoch 00999 | Time(s) 0.3966 | Comm(s) 0.2046 | Reduce(s) 0.0411 | Loss 13.4921
Process 002 | Epoch 01009 | Time(s) 0.3967 | Comm(s) 0.2046 | Reduce(s) 0.0411 | Loss 13.5672
Process 002 | Epoch 01019 | Time(s) 0.3967 | Comm(s) 0.2046 | Reduce(s) 0.0411 | Loss 13.5246
Process 002 | Epoch 01029 | Time(s) 0.3967 | Comm(s) 0.2046 | Reduce(s) 0.0411 | Loss 13.4693
Process 002 | Epoch 01039 | Time(s) 0.3967 | Comm(s) 0.2047 | Reduce(s) 0.0411 | Loss 13.4662
Process 002 | Epoch 01049 | Time(s) 0.3967 | Comm(s) 0.2047 | Reduce(s) 0.0411 | Loss 13.4613
Process 002 | Epoch 01059 | Time(s) 0.3967 | Comm(s) 0.2047 | Reduce(s) 0.0412 | Loss 13.4518
Process 002 | Epoch 01069 | Time(s) 0.3967 | Comm(s) 0.2047 | Reduce(s) 0.0412 | Loss 13.4494
Process 002 | Epoch 01079 | Time(s) 0.3966 | Comm(s) 0.2048 | Reduce(s) 0.0412 | Loss 13.5279
Process 002 | Epoch 01089 | Time(s) 0.3967 | Comm(s) 0.2048 | Reduce(s) 0.0412 | Loss 13.4752
Process 002 | Epoch 01099 | Time(s) 0.3967 | Comm(s) 0.2048 | Reduce(s) 0.0412 | Loss 13.4504
Process 002 | Epoch 01109 | Time(s) 0.3967 | Comm(s) 0.2048 | Reduce(s) 0.0412 | Loss 13.4361
Process 002 | Epoch 01119 | Time(s) 0.3968 | Comm(s) 0.2048 | Reduce(s) 0.0412 | Loss 13.4194
Process 002 | Epoch 01129 | Time(s) 0.3968 | Comm(s) 0.2048 | Reduce(s) 0.0412 | Loss 13.4258
Process 002 | Epoch 01139 | Time(s) 0.3968 | Comm(s) 0.2048 | Reduce(s) 0.0412 | Loss 13.4460
Process 002 | Epoch 01149 | Time(s) 0.3968 | Comm(s) 0.2048 | Reduce(s) 0.0412 | Loss 13.4244
Process 002 | Epoch 01159 | Time(s) 0.3967 | Comm(s) 0.2048 | Reduce(s) 0.0413 | Loss 13.3966
Process 002 | Epoch 01169 | Time(s) 0.3967 | Comm(s) 0.2048 | Reduce(s) 0.0413 | Loss 13.4004
Process 002 | Epoch 01179 | Time(s) 0.3967 | Comm(s) 0.2048 | Reduce(s) 0.0413 | Loss 13.4416
Process 002 | Epoch 01189 | Time(s) 0.3967 | Comm(s) 0.2048 | Reduce(s) 0.0413 | Loss 13.4043
Process 002 | Epoch 01199 | Time(s) 0.3967 | Comm(s) 0.2047 | Reduce(s) 0.0413 | Loss 13.3825
Process 002 | Epoch 01209 | Time(s) 0.3967 | Comm(s) 0.2047 | Reduce(s) 0.0413 | Loss 13.3743
Process 002 | Epoch 01219 | Time(s) 0.3967 | Comm(s) 0.2048 | Reduce(s) 0.0413 | Loss 13.3732
Process 002 | Epoch 01229 | Time(s) 0.3968 | Comm(s) 0.2047 | Reduce(s) 0.0413 | Loss 13.3717
Process 002 | Epoch 01239 | Time(s) 0.3968 | Comm(s) 0.2047 | Reduce(s) 0.0413 | Loss 13.3782
Process 002 | Epoch 01249 | Time(s) 0.3968 | Comm(s) 0.2047 | Reduce(s) 0.0413 | Loss 13.3559
Process 002 | Epoch 01259 | Time(s) 0.3968 | Comm(s) 0.2047 | Reduce(s) 0.0413 | Loss 13.3629
Process 002 | Epoch 01269 | Time(s) 0.3969 | Comm(s) 0.2047 | Reduce(s) 0.0413 | Loss 13.3613
Process 002 | Epoch 01279 | Time(s) 0.3969 | Comm(s) 0.2047 | Reduce(s) 0.0413 | Loss 13.3346
Process 002 | Epoch 01289 | Time(s) 0.3969 | Comm(s) 0.2047 | Reduce(s) 0.0413 | Loss 13.3298
Process 002 | Epoch 01299 | Time(s) 0.3969 | Comm(s) 0.2047 | Reduce(s) 0.0413 | Loss 13.3359
Process 002 | Epoch 01309 | Time(s) 0.3970 | Comm(s) 0.2047 | Reduce(s) 0.0413 | Loss 13.3697
Process 002 | Epoch 01319 | Time(s) 0.3970 | Comm(s) 0.2047 | Reduce(s) 0.0413 | Loss 13.3634
Process 002 | Epoch 01329 | Time(s) 0.3970 | Comm(s) 0.2047 | Reduce(s) 0.0413 | Loss 13.3209
Process 002 | Epoch 01339 | Time(s) 0.3971 | Comm(s) 0.2047 | Reduce(s) 0.0413 | Loss 13.3262
Process 002 | Epoch 01349 | Time(s) 0.3970 | Comm(s) 0.2047 | Reduce(s) 0.0413 | Loss 13.3575
Process 002 | Epoch 01359 | Time(s) 0.3970 | Comm(s) 0.2047 | Reduce(s) 0.0414 | Loss 13.3154
Process 002 | Epoch 01369 | Time(s) 0.3970 | Comm(s) 0.2047 | Reduce(s) 0.0414 | Loss 13.3105
Process 002 | Epoch 01379 | Time(s) 0.3971 | Comm(s) 0.2047 | Reduce(s) 0.0414 | Loss 13.3030
Process 002 | Epoch 01389 | Time(s) 0.3970 | Comm(s) 0.2047 | Reduce(s) 0.0414 | Loss 13.2924
Process 002 | Epoch 01399 | Time(s) 0.3970 | Comm(s) 0.2047 | Reduce(s) 0.0414 | Loss 13.3033
Process 002 | Epoch 01409 | Time(s) 0.3970 | Comm(s) 0.2047 | Reduce(s) 0.0414 | Loss 13.2831
Process 002 | Epoch 01419 | Time(s) 0.3970 | Comm(s) 0.2047 | Reduce(s) 0.0414 | Loss 13.2895
Process 002 | Epoch 01429 | Time(s) 0.3970 | Comm(s) 0.2047 | Reduce(s) 0.0414 | Loss 13.2715
Process 002 | Epoch 01439 | Time(s) 0.3970 | Comm(s) 0.2047 | Reduce(s) 0.0414 | Loss 13.2799
Process 002 | Epoch 01449 | Time(s) 0.3970 | Comm(s) 0.2048 | Reduce(s) 0.0414 | Loss 13.4590
Process 002 | Epoch 01459 | Time(s) 0.3970 | Comm(s) 0.2048 | Reduce(s) 0.0414 | Loss 13.2948
Process 002 | Epoch 01469 | Time(s) 0.3970 | Comm(s) 0.2048 | Reduce(s) 0.0414 | Loss 13.2676
Process 002 | Epoch 01479 | Time(s) 0.3971 | Comm(s) 0.2048 | Reduce(s) 0.0414 | Loss 13.2532
Process 002 | Epoch 01489 | Time(s) 0.3971 | Comm(s) 0.2048 | Reduce(s) 0.0414 | Loss 13.2430
Process 002 | Epoch 01499 | Time(s) 0.3970 | Comm(s) 0.2048 | Reduce(s) 0.0415 | Loss 13.3983
Process 002 | Epoch 01509 | Time(s) 0.3970 | Comm(s) 0.2048 | Reduce(s) 0.0415 | Loss 13.3091
Process 002 | Epoch 01519 | Time(s) 0.3970 | Comm(s) 0.2049 | Reduce(s) 0.0415 | Loss 13.2455
Process 002 | Epoch 01529 | Time(s) 0.3970 | Comm(s) 0.2048 | Reduce(s) 0.0415 | Loss 13.2431
Process 002 | Epoch 01539 | Time(s) 0.3970 | Comm(s) 0.2048 | Reduce(s) 0.0415 | Loss 13.2397
Process 002 | Epoch 01549 | Time(s) 0.3970 | Comm(s) 0.2048 | Reduce(s) 0.0415 | Loss 13.2344
Process 002 | Epoch 01559 | Time(s) 0.3971 | Comm(s) 0.2048 | Reduce(s) 0.0415 | Loss 13.2398
Process 002 | Epoch 01569 | Time(s) 0.3971 | Comm(s) 0.2048 | Reduce(s) 0.0415 | Loss 13.2281
Process 002 | Epoch 01579 | Time(s) 0.3971 | Comm(s) 0.2049 | Reduce(s) 0.0415 | Loss 13.2726
Process 002 | Epoch 01589 | Time(s) 0.3971 | Comm(s) 0.2049 | Reduce(s) 0.0415 | Loss 13.2168
Process 002 | Epoch 01599 | Time(s) 0.3971 | Comm(s) 0.2049 | Reduce(s) 0.0415 | Loss 13.2201
Process 002 | Epoch 01609 | Time(s) 0.3971 | Comm(s) 0.2049 | Reduce(s) 0.0415 | Loss 13.2223
Process 002 | Epoch 01619 | Time(s) 0.3971 | Comm(s) 0.2049 | Reduce(s) 0.0415 | Loss 13.2069
Process 002 | Epoch 01629 | Time(s) 0.3971 | Comm(s) 0.2049 | Reduce(s) 0.0415 | Loss 13.1989
Process 002 | Epoch 01639 | Time(s) 0.3971 | Comm(s) 0.2049 | Reduce(s) 0.0415 | Loss 13.2054
Process 002 | Epoch 01649 | Time(s) 0.3971 | Comm(s) 0.2049 | Reduce(s) 0.0415 | Loss 13.2278
Process 002 | Epoch 01659 | Time(s) 0.3971 | Comm(s) 0.2049 | Reduce(s) 0.0415 | Loss 13.2245
Process 002 | Epoch 01669 | Time(s) 0.3972 | Comm(s) 0.2048 | Reduce(s) 0.0415 | Loss 13.2066
Process 002 | Epoch 01679 | Time(s) 0.3972 | Comm(s) 0.2048 | Reduce(s) 0.0415 | Loss 13.1984
Process 002 | Epoch 01689 | Time(s) 0.3972 | Comm(s) 0.2049 | Reduce(s) 0.0415 | Loss 13.1843
Process 002 | Epoch 01699 | Time(s) 0.3972 | Comm(s) 0.2048 | Reduce(s) 0.0415 | Loss 13.1875
Process 002 | Epoch 01709 | Time(s) 0.3972 | Comm(s) 0.2048 | Reduce(s) 0.0415 | Loss 13.2072
Process 002 | Epoch 01719 | Time(s) 0.3972 | Comm(s) 0.2048 | Reduce(s) 0.0415 | Loss 13.2442
Process 002 | Epoch 01729 | Time(s) 0.3973 | Comm(s) 0.2048 | Reduce(s) 0.0415 | Loss 13.1792
Process 002 | Epoch 01739 | Time(s) 0.3973 | Comm(s) 0.2048 | Reduce(s) 0.0415 | Loss 13.1834
Process 000 | Epoch 01329 | Time(s) 0.3596 | Comm(s) 0.2041 | Reduce(s) 0.0433 | Loss 16.3293
Epoch 01319 | Accuracy 64.36%
Process 000 | Epoch 01339 | Time(s) 0.3596 | Comm(s) 0.2040 | Reduce(s) 0.0433 | Loss 16.3094
Epoch 01329 | Accuracy 64.80%
Process 000 | Epoch 01349 | Time(s) 0.3596 | Comm(s) 0.2041 | Reduce(s) 0.0432 | Loss 16.3573
Epoch 01339 | Accuracy 64.75%
Process 000 | Epoch 01359 | Time(s) 0.3596 | Comm(s) 0.2041 | Reduce(s) 0.0432 | Loss 16.3179
Epoch 01349 | Accuracy 65.01%
Process 000 | Epoch 01369 | Time(s) 0.3596 | Comm(s) 0.2041 | Reduce(s) 0.0433 | Loss 16.2976
Epoch 01359 | Accuracy 64.81%
Process 000 | Epoch 01379 | Time(s) 0.3597 | Comm(s) 0.2041 | Reduce(s) 0.0433 | Loss 16.2890
Epoch 01369 | Accuracy 64.90%
Process 000 | Epoch 01389 | Time(s) 0.3597 | Comm(s) 0.2041 | Reduce(s) 0.0433 | Loss 16.2864
Epoch 01379 | Accuracy 64.76%
Process 000 | Epoch 01399 | Time(s) 0.3597 | Comm(s) 0.2041 | Reduce(s) 0.0433 | Loss 16.2767
Epoch 01389 | Accuracy 64.71%
Process 000 | Epoch 01409 | Time(s) 0.3597 | Comm(s) 0.2041 | Reduce(s) 0.0433 | Loss 16.2723
Epoch 01399 | Accuracy 64.86%
Process 000 | Epoch 01419 | Time(s) 0.3597 | Comm(s) 0.2041 | Reduce(s) 0.0433 | Loss 16.2733
Epoch 01409 | Accuracy 64.87%
Process 000 | Epoch 01429 | Time(s) 0.3597 | Comm(s) 0.2041 | Reduce(s) 0.0433 | Loss 16.2514
Epoch 01419 | Accuracy 64.67%
Process 000 | Epoch 01439 | Time(s) 0.3598 | Comm(s) 0.2041 | Reduce(s) 0.0433 | Loss 16.2659
Epoch 01429 | Accuracy 64.81%
Process 000 | Epoch 01449 | Time(s) 0.3598 | Comm(s) 0.2042 | Reduce(s) 0.0433 | Loss 16.4374
Epoch 01439 | Accuracy 64.78%
Process 000 | Epoch 01459 | Time(s) 0.3598 | Comm(s) 0.2042 | Reduce(s) 0.0433 | Loss 16.2926
Epoch 01449 | Accuracy 63.97%
Process 000 | Epoch 01469 | Time(s) 0.3599 | Comm(s) 0.2042 | Reduce(s) 0.0433 | Loss 16.2544
Epoch 01459 | Accuracy 64.83%
Process 000 | Epoch 01479 | Time(s) 0.3599 | Comm(s) 0.2042 | Reduce(s) 0.0433 | Loss 16.2435
Epoch 01469 | Accuracy 64.74%
Process 000 | Epoch 01489 | Time(s) 0.3599 | Comm(s) 0.2042 | Reduce(s) 0.0433 | Loss 16.2224
Epoch 01479 | Accuracy 64.89%
Process 000 | Epoch 01499 | Time(s) 0.3599 | Comm(s) 0.2043 | Reduce(s) 0.0433 | Loss 16.3572
Epoch 01489 | Accuracy 64.75%
Process 000 | Epoch 01509 | Time(s) 0.3600 | Comm(s) 0.2043 | Reduce(s) 0.0433 | Loss 16.2853
Epoch 01499 | Accuracy 63.66%
Process 000 | Epoch 01519 | Time(s) 0.3600 | Comm(s) 0.2043 | Reduce(s) 0.0433 | Loss 16.2249
Epoch 01509 | Accuracy 64.51%
Process 000 | Epoch 01529 | Time(s) 0.3599 | Comm(s) 0.2043 | Reduce(s) 0.0433 | Loss 16.2206
Epoch 01519 | Accuracy 64.74%
Process 000 | Epoch 01539 | Time(s) 0.3599 | Comm(s) 0.2043 | Reduce(s) 0.0433 | Loss 16.2163
Epoch 01529 | Accuracy 64.82%
Process 000 | Epoch 01549 | Time(s) 0.3599 | Comm(s) 0.2043 | Reduce(s) 0.0433 | Loss 16.2203
Epoch 01539 | Accuracy 64.95%
Process 000 | Epoch 01559 | Time(s) 0.3600 | Comm(s) 0.2044 | Reduce(s) 0.0433 | Loss 16.2287
Epoch 01549 | Accuracy 64.98%
Process 000 | Epoch 01569 | Time(s) 0.3600 | Comm(s) 0.2044 | Reduce(s) 0.0433 | Loss 16.2015
Epoch 01559 | Accuracy 64.60%
Process 000 | Epoch 01579 | Time(s) 0.3600 | Comm(s) 0.2044 | Reduce(s) 0.0433 | Loss 16.2539
Epoch 01569 | Accuracy 64.95%
Process 000 | Epoch 01589 | Time(s) 0.3600 | Comm(s) 0.2044 | Reduce(s) 0.0433 | Loss 16.2105
Epoch 01579 | Accuracy 65.09%
Process 000 | Epoch 01599 | Time(s) 0.3600 | Comm(s) 0.2044 | Reduce(s) 0.0433 | Loss 16.1941
Epoch 01589 | Accuracy 64.79%
Process 000 | Epoch 01609 | Time(s) 0.3600 | Comm(s) 0.2044 | Reduce(s) 0.0433 | Loss 16.1904
Epoch 01599 | Accuracy 64.89%
Process 000 | Epoch 01619 | Time(s) 0.3601 | Comm(s) 0.2044 | Reduce(s) 0.0433 | Loss 16.1826
Epoch 01609 | Accuracy 64.85%
Process 000 | Epoch 01629 | Time(s) 0.3600 | Comm(s) 0.2044 | Reduce(s) 0.0433 | Loss 16.1947
Epoch 01619 | Accuracy 64.97%
Process 000 | Epoch 01639 | Time(s) 0.3601 | Comm(s) 0.2044 | Reduce(s) 0.0433 | Loss 16.1710
Epoch 01629 | Accuracy 64.98%
Process 000 | Epoch 01649 | Time(s) 0.3601 | Comm(s) 0.2044 | Reduce(s) 0.0433 | Loss 16.2473
Epoch 01639 | Accuracy 64.89%
Process 000 | Epoch 01659 | Time(s) 0.3601 | Comm(s) 0.2044 | Reduce(s) 0.0433 | Loss 16.2051
Epoch 01649 | Accuracy 65.11%
Process 000 | Epoch 01669 | Time(s) 0.3601 | Comm(s) 0.2044 | Reduce(s) 0.0433 | Loss 16.1827
Epoch 01659 | Accuracy 64.85%
Process 000 | Epoch 01679 | Time(s) 0.3601 | Comm(s) 0.2044 | Reduce(s) 0.0433 | Loss 16.1661
Epoch 01669 | Accuracy 64.85%
Process 000 | Epoch 01689 | Time(s) 0.3601 | Comm(s) 0.2044 | Reduce(s) 0.0433 | Loss 16.1409
Epoch 01679 | Accuracy 64.95%
Process 000 | Epoch 01699 | Time(s) 0.3601 | Comm(s) 0.2044 | Reduce(s) 0.0433 | Loss 16.1514
Epoch 01689 | Accuracy 64.88%
Process 000 | Epoch 01709 | Time(s) 0.3601 | Comm(s) 0.2044 | Reduce(s) 0.0433 | Loss 16.1615
Epoch 01699 | Accuracy 64.86%
Process 000 | Epoch 01719 | Time(s) 0.3601 | Comm(s) 0.2044 | Reduce(s) 0.0433 | Loss 16.2533
Epoch 01709 | Accuracy 65.06%
Process 000 | Epoch 01729 | Time(s) 0.3601 | Comm(s) 0.2044 | Reduce(s) 0.0433 | Loss 16.1606
Epoch 01719 | Accuracy 64.15%
Process 000 | Epoch 01739 | Time(s) 0.3601 | Comm(s) 0.2044 | Reduce(s) 0.0433 | Loss 16.1571
Epoch 01729 | Accuracy 64.96%
Process 000 | Epoch 01749 | Time(s) 0.3601 | Comm(s) 0.2044 | Reduce(s) 0.0433 | Loss 16.1362
Epoch 01739 | Accuracy 64.93%
Process 000 | Epoch 01759 | Time(s) 0.3601 | Comm(s) 0.2044 | Reduce(s) 0.0433 | Loss 16.1215
Epoch 01749 | Accuracy 64.91%
Process 000 | Epoch 01769 | Time(s) 0.3601 | Comm(s) 0.2044 | Reduce(s) 0.0433 | Loss 16.1433
Epoch 01759 | Accuracy 65.02%
Process 000 | Epoch 01779 | Time(s) 0.3601 | Comm(s) 0.2044 | Reduce(s) 0.0433 | Loss 16.1361
Epoch 01769 | Accuracy 64.88%
Process 000 | Epoch 01789 | Time(s) 0.3601 | Comm(s) 0.2045 | Reduce(s) 0.0433 | Loss 16.1213
Epoch 01779 | Accuracy 65.04%
Process 000 | Epoch 01799 | Time(s) 0.3601 | Comm(s) 0.2045 | Reduce(s) 0.0433 | Loss 16.1192
Epoch 01789 | Accuracy 64.92%
Process 000 | Epoch 01809 | Time(s) 0.3601 | Comm(s) 0.2045 | Reduce(s) 0.0433 | Loss 16.1258
Epoch 01799 | Accuracy 65.07%
Process 000 | Epoch 01819 | Time(s) 0.3601 | Comm(s) 0.2045 | Reduce(s) 0.0433 | Loss 16.1210
Epoch 01809 | Accuracy 64.86%
Process 000 | Epoch 01829 | Time(s) 0.3601 | Comm(s) 0.2045 | Reduce(s) 0.0433 | Loss 16.1320
Epoch 01819 | Accuracy 64.71%
Process 000 | Epoch 01839 | Time(s) 0.3601 | Comm(s) 0.2045 | Reduce(s) 0.0433 | Loss 16.1087
Epoch 01829 | Accuracy 65.11%
Process 000 | Epoch 01849 | Time(s) 0.3601 | Comm(s) 0.2045 | Reduce(s) 0.0433 | Loss 16.0861
Epoch 01839 | Accuracy 64.73%
Process 000 | Epoch 01859 | Time(s) 0.3601 | Comm(s) 0.2046 | Reduce(s) 0.0433 | Loss 16.0984
Epoch 01849 | Accuracy 64.96%
Process 000 | Epoch 01869 | Time(s) 0.3601 | Comm(s) 0.2045 | Reduce(s) 0.0433 | Loss 16.1080
Epoch 01859 | Accuracy 64.98%
Process 000 | Epoch 01879 | Time(s) 0.3601 | Comm(s) 0.2045 | Reduce(s) 0.0433 | Loss 16.1769
Epoch 01869 | Accuracy 65.03%
Process 000 | Epoch 01889 | Time(s) 0.3601 | Comm(s) 0.2045 | Reduce(s) 0.0433 | Loss 16.0930
Epoch 01879 | Accuracy 64.13%
Process 000 | Epoch 01899 | Time(s) 0.3601 | Comm(s) 0.2045 | Reduce(s) 0.0433 | Loss 16.0886
Epoch 01889 | Accuracy 64.66%
Process 000 | Epoch 01909 | Time(s) 0.3601 | Comm(s) 0.2045 | Reduce(s) 0.0433 | Loss 16.0755
Epoch 01899 | Accuracy 64.89%
Process 000 | Epoch 01919 | Time(s) 0.3601 | Comm(s) 0.2045 | Reduce(s) 0.0433 | Loss 16.0880
Epoch 01909 | Accuracy 64.87%
Process 000 | Epoch 01929 | Time(s) 0.3601 | Comm(s) 0.2045 | Reduce(s) 0.0433 | Loss 16.0732
Epoch 01919 | Accuracy 64.76%
Process 000 | Epoch 01939 | Time(s) 0.3601 | Comm(s) 0.2045 | Reduce(s) 0.0433 | Loss 16.0708
Epoch 01929 | Accuracy 64.88%
Process 000 | Epoch 01949 | Time(s) 0.3602 | Comm(s) 0.2045 | Reduce(s) 0.0433 | Loss 16.1540
Epoch 01939 | Accuracy 64.96%
Process 000 | Epoch 01959 | Time(s) 0.3602 | Comm(s) 0.2045 | Reduce(s) 0.0433 | Loss 16.0592
Epoch 01949 | Accuracy 64.15%
Process 000 | Epoch 01969 | Time(s) 0.3602 | Comm(s) 0.2045 | Reduce(s) 0.0433 | Loss 16.0559
Epoch 01959 | Accuracy 64.73%
Process 000 | Epoch 01979 | Time(s) 0.3601 | Comm(s) 0.2045 | Reduce(s) 0.0433 | Loss 16.0522
Epoch 01969 | Accuracy 64.91%
Process 000 | Epoch 01989 | Time(s) 0.3602 | Comm(s) 0.2045 | Reduce(s) 0.0433 | Loss 16.0867
Process 001 | Epoch 01749 | Time(s) 0.3973 | Comm(s) 0.2073 | Reduce(s) 0.0416 | Loss 15.4016
Process 001 | Epoch 01759 | Time(s) 0.3973 | Comm(s) 0.2073 | Reduce(s) 0.0416 | Loss 15.4003
Process 001 | Epoch 01769 | Time(s) 0.3973 | Comm(s) 0.2073 | Reduce(s) 0.0416 | Loss 15.4111
Process 001 | Epoch 01779 | Time(s) 0.3973 | Comm(s) 0.2073 | Reduce(s) 0.0416 | Loss 15.4114
Process 001 | Epoch 01789 | Time(s) 0.3973 | Comm(s) 0.2073 | Reduce(s) 0.0416 | Loss 15.3918
Process 001 | Epoch 01799 | Time(s) 0.3973 | Comm(s) 0.2073 | Reduce(s) 0.0416 | Loss 15.4004
Process 001 | Epoch 01809 | Time(s) 0.3973 | Comm(s) 0.2073 | Reduce(s) 0.0416 | Loss 15.3999
Process 001 | Epoch 01819 | Time(s) 0.3973 | Comm(s) 0.2073 | Reduce(s) 0.0416 | Loss 15.3811
Process 001 | Epoch 01829 | Time(s) 0.3973 | Comm(s) 0.2073 | Reduce(s) 0.0416 | Loss 15.4065
Process 001 | Epoch 01839 | Time(s) 0.3974 | Comm(s) 0.2073 | Reduce(s) 0.0416 | Loss 15.3683
Process 001 | Epoch 01849 | Time(s) 0.3974 | Comm(s) 0.2073 | Reduce(s) 0.0416 | Loss 15.3683
Process 001 | Epoch 01859 | Time(s) 0.3974 | Comm(s) 0.2073 | Reduce(s) 0.0416 | Loss 15.3657
Process 001 | Epoch 01869 | Time(s) 0.3973 | Comm(s) 0.2073 | Reduce(s) 0.0416 | Loss 15.3791
Process 001 | Epoch 01879 | Time(s) 0.3974 | Comm(s) 0.2073 | Reduce(s) 0.0416 | Loss 15.4413
Process 001 | Epoch 01889 | Time(s) 0.3974 | Comm(s) 0.2073 | Reduce(s) 0.0416 | Loss 15.3598
Process 001 | Epoch 01899 | Time(s) 0.3974 | Comm(s) 0.2073 | Reduce(s) 0.0416 | Loss 15.3594
Process 001 | Epoch 01909 | Time(s) 0.3974 | Comm(s) 0.2073 | Reduce(s) 0.0416 | Loss 15.3494
Process 001 | Epoch 01919 | Time(s) 0.3974 | Comm(s) 0.2073 | Reduce(s) 0.0416 | Loss 15.3573
Process 001 | Epoch 01929 | Time(s) 0.3974 | Comm(s) 0.2073 | Reduce(s) 0.0416 | Loss 15.3374
Process 001 | Epoch 01939 | Time(s) 0.3974 | Comm(s) 0.2073 | Reduce(s) 0.0416 | Loss 15.3350
Process 001 | Epoch 01949 | Time(s) 0.3974 | Comm(s) 0.2073 | Reduce(s) 0.0416 | Loss 15.4062
Process 001 | Epoch 01959 | Time(s) 0.3974 | Comm(s) 0.2073 | Reduce(s) 0.0416 | Loss 15.3363
Process 001 | Epoch 01969 | Time(s) 0.3974 | Comm(s) 0.2073 | Reduce(s) 0.0416 | Loss 15.3382
Process 001 | Epoch 01979 | Time(s) 0.3974 | Comm(s) 0.2073 | Reduce(s) 0.0416 | Loss 15.3257
Process 001 | Epoch 01989 | Time(s) 0.3974 | Comm(s) 0.2073 | Reduce(s) 0.0416 | Loss 15.3524
Process 001 | Epoch 01999 | Time(s) 0.3975 | Comm(s) 0.2073 | Reduce(s) 0.0416 | Loss 15.3176
Process 001 | Epoch 02009 | Time(s) 0.3975 | Comm(s) 0.2073 | Reduce(s) 0.0416 | Loss 15.3265
Process 001 | Epoch 02019 | Time(s) 0.3975 | Comm(s) 0.2073 | Reduce(s) 0.0416 | Loss 15.4192
Process 001 | Epoch 02029 | Time(s) 0.3976 | Comm(s) 0.2073 | Reduce(s) 0.0416 | Loss 15.3239
Process 001 | Epoch 02039 | Time(s) 0.3976 | Comm(s) 0.2073 | Reduce(s) 0.0416 | Loss 15.3149
Process 001 | Epoch 02049 | Time(s) 0.3976 | Comm(s) 0.2074 | Reduce(s) 0.0416 | Loss 15.3095
Process 001 | Epoch 02059 | Time(s) 0.3976 | Comm(s) 0.2074 | Reduce(s) 0.0416 | Loss 15.3110
Process 001 | Epoch 02069 | Time(s) 0.3977 | Comm(s) 0.2074 | Reduce(s) 0.0415 | Loss 15.3186
Process 001 | Epoch 02079 | Time(s) 0.3978 | Comm(s) 0.2074 | Reduce(s) 0.0415 | Loss 15.3279
Process 001 | Epoch 02089 | Time(s) 0.3978 | Comm(s) 0.2074 | Reduce(s) 0.0416 | Loss 15.3042
Process 001 | Epoch 02099 | Time(s) 0.3978 | Comm(s) 0.2074 | Reduce(s) 0.0415 | Loss 15.3215
Process 001 | Epoch 02109 | Time(s) 0.3978 | Comm(s) 0.2074 | Reduce(s) 0.0415 | Loss 15.3148
Process 001 | Epoch 02119 | Time(s) 0.3979 | Comm(s) 0.2074 | Reduce(s) 0.0415 | Loss 15.2912
Process 001 | Epoch 02129 | Time(s) 0.3978 | Comm(s) 0.2074 | Reduce(s) 0.0415 | Loss 15.2824
Process 001 | Epoch 02139 | Time(s) 0.3979 | Comm(s) 0.2074 | Reduce(s) 0.0415 | Loss 15.3483
Process 001 | Epoch 02149 | Time(s) 0.3979 | Comm(s) 0.2074 | Reduce(s) 0.0415 | Loss 15.2968
Process 001 | Epoch 02159 | Time(s) 0.3980 | Comm(s) 0.2074 | Reduce(s) 0.0415 | Loss 15.2797
Process 001 | Epoch 02169 | Time(s) 0.3980 | Comm(s) 0.2074 | Reduce(s) 0.0415 | Loss 15.2852
Process 001 | Epoch 02179 | Time(s) 0.3980 | Comm(s) 0.2074 | Reduce(s) 0.0415 | Loss 15.2860
Process 001 | Epoch 02189 | Time(s) 0.3981 | Comm(s) 0.2074 | Reduce(s) 0.0415 | Loss 15.2754
Process 001 | Epoch 02199 | Time(s) 0.3980 | Comm(s) 0.2074 | Reduce(s) 0.0415 | Loss 15.2744
Process 001 | Epoch 02209 | Time(s) 0.3981 | Comm(s) 0.2074 | Reduce(s) 0.0415 | Loss 15.2674
Process 001 | Epoch 02219 | Time(s) 0.3980 | Comm(s) 0.2074 | Reduce(s) 0.0415 | Loss 15.3026
Process 001 | Epoch 02229 | Time(s) 0.3980 | Comm(s) 0.2074 | Reduce(s) 0.0415 | Loss 15.2652
Process 001 | Epoch 02239 | Time(s) 0.3980 | Comm(s) 0.2074 | Reduce(s) 0.0415 | Loss 15.2610
Process 001 | Epoch 02249 | Time(s) 0.3980 | Comm(s) 0.2074 | Reduce(s) 0.0415 | Loss 15.2504
Process 001 | Epoch 02259 | Time(s) 0.3981 | Comm(s) 0.2074 | Reduce(s) 0.0415 | Loss 15.2435
Process 001 | Epoch 02269 | Time(s) 0.3981 | Comm(s) 0.2074 | Reduce(s) 0.0415 | Loss 15.3108
Process 001 | Epoch 02279 | Time(s) 0.3982 | Comm(s) 0.2074 | Reduce(s) 0.0415 | Loss 15.2520
Process 001 | Epoch 02289 | Time(s) 0.3982 | Comm(s) 0.2074 | Reduce(s) 0.0415 | Loss 15.2392
Process 001 | Epoch 02299 | Time(s) 0.3982 | Comm(s) 0.2074 | Reduce(s) 0.0415 | Loss 15.2385
Process 001 | Epoch 02309 | Time(s) 0.3982 | Comm(s) 0.2074 | Reduce(s) 0.0415 | Loss 15.2405
Process 001 | Epoch 02319 | Time(s) 0.3982 | Comm(s) 0.2074 | Reduce(s) 0.0415 | Loss 15.2550
Process 001 | Epoch 02329 | Time(s) 0.3982 | Comm(s) 0.2074 | Reduce(s) 0.0415 | Loss 15.2265
Process 001 | Epoch 02339 | Time(s) 0.3982 | Comm(s) 0.2074 | Reduce(s) 0.0415 | Loss 15.2339
Process 001 | Epoch 02349 | Time(s) 0.3982 | Comm(s) 0.2074 | Reduce(s) 0.0415 | Loss 15.2354
Process 001 | Epoch 02359 | Time(s) 0.3982 | Comm(s) 0.2074 | Reduce(s) 0.0415 | Loss 15.2468
Process 001 | Epoch 02369 | Time(s) 0.3982 | Comm(s) 0.2074 | Reduce(s) 0.0415 | Loss 15.2312
Process 001 | Epoch 02379 | Time(s) 0.3982 | Comm(s) 0.2074 | Reduce(s) 0.0415 | Loss 15.2255
Process 001 | Epoch 02389 | Time(s) 0.3982 | Comm(s) 0.2074 | Reduce(s) 0.0416 | Loss 15.2240
Process 001 | Epoch 02399 | Time(s) 0.3982 | Comm(s) 0.2074 | Reduce(s) 0.0416 | Loss 15.2247
Process 001 | Epoch 02409 | Time(s) 0.3982 | Comm(s) 0.2074 | Reduce(s) 0.0416 | Loss 15.2290
Process 001 | Epoch 02419 | Time(s) 0.3982 | Comm(s) 0.2074 | Reduce(s) 0.0416 | Loss 15.2758
Process 001 | Epoch 02429 | Time(s) 0.3982 | Comm(s) 0.2074 | Reduce(s) 0.0416 | Loss 15.2113
Process 001 | Epoch 02439 | Time(s) 0.3982 | Comm(s) 0.2074 | Reduce(s) 0.0416 | Loss 15.2065
Process 001 | Epoch 02449 | Time(s) 0.3982 | Comm(s) 0.2074 | Reduce(s) 0.0416 | Loss 15.2321
Process 001 | Epoch 02459 | Time(s) 0.3982 | Comm(s) 0.2074 | Reduce(s) 0.0416 | Loss 15.2235
Process 001 | Epoch 02469 | Time(s) 0.3982 | Comm(s) 0.2074 | Reduce(s) 0.0416 | Loss 15.1836
Process 001 | Epoch 02479 | Time(s) 0.3982 | Comm(s) 0.2074 | Reduce(s) 0.0416 | Loss 15.1982
Process 001 | Epoch 02489 | Time(s) 0.3983 | Comm(s) 0.2074 | Reduce(s) 0.0416 | Loss 15.2386
Process 001 | Epoch 02499 | Time(s) 0.3983 | Comm(s) 0.2074 | Reduce(s) 0.0416 | Loss 15.2260
Process 001 | Epoch 02509 | Time(s) 0.3982 | Comm(s) 0.2074 | Reduce(s) 0.0416 | Loss 15.1891
Process 001 | Epoch 02519 | Time(s) 0.3983 | Comm(s) 0.2074 | Reduce(s) 0.0416 | Loss 15.1818
Process 001 | Epoch 02529 | Time(s) 0.3983 | Comm(s) 0.2074 | Reduce(s) 0.0415 | Loss 15.1736
Process 001 | Epoch 02539 | Time(s) 0.3983 | Comm(s) 0.2074 | Reduce(s) 0.0415 | Loss 15.1751
Process 001 | Epoch 02549 | Time(s) 0.3983 | Comm(s) 0.2074 | Reduce(s) 0.0415 | Loss 15.2396
Process 001 | Epoch 02559 | Time(s) 0.3983 | Comm(s) 0.2074 | Reduce(s) 0.0415 | Loss 15.1960
Process 001 | Epoch 02569 | Time(s) 0.3983 | Comm(s) 0.2074 | Reduce(s) 0.0415 | Loss 15.1981
Process 001 | Epoch 02579 | Time(s) 0.3984 | Comm(s) 0.2074 | Reduce(s) 0.0415 | Loss 15.1727
Process 001 | Epoch 02589 | Time(s) 0.3984 | Comm(s) 0.2074 | Reduce(s) 0.0416 | Loss 15.1705
Process 001 | Epoch 02599 | Time(s) 0.3984 | Comm(s) 0.2074 | Reduce(s) 0.0416 | Loss 15.1668
Process 001 | Epoch 02609 | Time(s) 0.3984 | Comm(s) 0.2075 | Reduce(s) 0.0416 | Loss 15.1733
Process 001 | Epoch 02619 | Time(s) 0.3984 | Comm(s) 0.2075 | Reduce(s) 0.0415 | Loss 15.1594
Process 002 | Epoch 01749 | Time(s) 0.3973 | Comm(s) 0.2048 | Reduce(s) 0.0415 | Loss 13.1661
Process 002 | Epoch 01759 | Time(s) 0.3973 | Comm(s) 0.2048 | Reduce(s) 0.0415 | Loss 13.1601
Process 002 | Epoch 01769 | Time(s) 0.3973 | Comm(s) 0.2048 | Reduce(s) 0.0415 | Loss 13.1693
Process 002 | Epoch 01779 | Time(s) 0.3973 | Comm(s) 0.2048 | Reduce(s) 0.0415 | Loss 13.1815
Process 002 | Epoch 01789 | Time(s) 0.3973 | Comm(s) 0.2048 | Reduce(s) 0.0415 | Loss 13.1481
Process 002 | Epoch 01799 | Time(s) 0.3973 | Comm(s) 0.2048 | Reduce(s) 0.0415 | Loss 13.1585
Process 002 | Epoch 01809 | Time(s) 0.3973 | Comm(s) 0.2048 | Reduce(s) 0.0415 | Loss 13.1628
Process 002 | Epoch 01819 | Time(s) 0.3973 | Comm(s) 0.2049 | Reduce(s) 0.0415 | Loss 13.1477
Process 002 | Epoch 01829 | Time(s) 0.3973 | Comm(s) 0.2049 | Reduce(s) 0.0415 | Loss 13.1664
Process 002 | Epoch 01839 | Time(s) 0.3974 | Comm(s) 0.2049 | Reduce(s) 0.0415 | Loss 13.1486
Process 002 | Epoch 01849 | Time(s) 0.3974 | Comm(s) 0.2049 | Reduce(s) 0.0415 | Loss 13.1358
Process 002 | Epoch 01859 | Time(s) 0.3974 | Comm(s) 0.2049 | Reduce(s) 0.0415 | Loss 13.1463
Process 002 | Epoch 01869 | Time(s) 0.3973 | Comm(s) 0.2049 | Reduce(s) 0.0415 | Loss 13.1412
Process 002 | Epoch 01879 | Time(s) 0.3974 | Comm(s) 0.2049 | Reduce(s) 0.0415 | Loss 13.2138
Process 002 | Epoch 01889 | Time(s) 0.3974 | Comm(s) 0.2049 | Reduce(s) 0.0415 | Loss 13.1280
Process 002 | Epoch 01899 | Time(s) 0.3974 | Comm(s) 0.2049 | Reduce(s) 0.0415 | Loss 13.1248
Process 002 | Epoch 01909 | Time(s) 0.3974 | Comm(s) 0.2049 | Reduce(s) 0.0415 | Loss 13.1200
Process 002 | Epoch 01919 | Time(s) 0.3974 | Comm(s) 0.2049 | Reduce(s) 0.0415 | Loss 13.1284
Process 002 | Epoch 01929 | Time(s) 0.3974 | Comm(s) 0.2049 | Reduce(s) 0.0415 | Loss 13.1132
Process 002 | Epoch 01939 | Time(s) 0.3974 | Comm(s) 0.2049 | Reduce(s) 0.0415 | Loss 13.1028
Process 002 | Epoch 01949 | Time(s) 0.3974 | Comm(s) 0.2049 | Reduce(s) 0.0415 | Loss 13.1887
Process 002 | Epoch 01959 | Time(s) 0.3974 | Comm(s) 0.2049 | Reduce(s) 0.0415 | Loss 13.1124
Process 002 | Epoch 01969 | Time(s) 0.3974 | Comm(s) 0.2049 | Reduce(s) 0.0415 | Loss 13.0993
Process 002 | Epoch 01979 | Time(s) 0.3974 | Comm(s) 0.2049 | Reduce(s) 0.0415 | Loss 13.0974
Process 002 | Epoch 01989 | Time(s) 0.3974 | Comm(s) 0.2049 | Reduce(s) 0.0415 | Loss 13.1254
Process 002 | Epoch 01999 | Time(s) 0.3975 | Comm(s) 0.2050 | Reduce(s) 0.0415 | Loss 13.0903
Process 002 | Epoch 02009 | Time(s) 0.3975 | Comm(s) 0.2049 | Reduce(s) 0.0415 | Loss 13.0903
Process 002 | Epoch 02019 | Time(s) 0.3975 | Comm(s) 0.2050 | Reduce(s) 0.0414 | Loss 13.2229
Process 002 | Epoch 02029 | Time(s) 0.3976 | Comm(s) 0.2050 | Reduce(s) 0.0414 | Loss 13.1107
Process 002 | Epoch 02039 | Time(s) 0.3976 | Comm(s) 0.2050 | Reduce(s) 0.0414 | Loss 13.0836
Process 002 | Epoch 02049 | Time(s) 0.3976 | Comm(s) 0.2050 | Reduce(s) 0.0414 | Loss 13.0810
Process 002 | Epoch 02059 | Time(s) 0.3976 | Comm(s) 0.2050 | Reduce(s) 0.0414 | Loss 13.0750
Process 002 | Epoch 02069 | Time(s) 0.3977 | Comm(s) 0.2050 | Reduce(s) 0.0414 | Loss 13.1066
Process 002 | Epoch 02079 | Time(s) 0.3978 | Comm(s) 0.2050 | Reduce(s) 0.0414 | Loss 13.1171
Process 002 | Epoch 02089 | Time(s) 0.3978 | Comm(s) 0.2051 | Reduce(s) 0.0414 | Loss 13.0971
Process 002 | Epoch 02099 | Time(s) 0.3978 | Comm(s) 0.2051 | Reduce(s) 0.0414 | Loss 13.0921
Process 002 | Epoch 02109 | Time(s) 0.3978 | Comm(s) 0.2051 | Reduce(s) 0.0414 | Loss 13.0786
Process 002 | Epoch 02119 | Time(s) 0.3979 | Comm(s) 0.2051 | Reduce(s) 0.0414 | Loss 13.0680
Process 002 | Epoch 02129 | Time(s) 0.3978 | Comm(s) 0.2051 | Reduce(s) 0.0414 | Loss 13.0634
Process 002 | Epoch 02139 | Time(s) 0.3979 | Comm(s) 0.2051 | Reduce(s) 0.0414 | Loss 13.1337
Process 002 | Epoch 02149 | Time(s) 0.3979 | Comm(s) 0.2051 | Reduce(s) 0.0414 | Loss 13.0718
Process 002 | Epoch 02159 | Time(s) 0.3980 | Comm(s) 0.2051 | Reduce(s) 0.0414 | Loss 13.0585
Process 002 | Epoch 02169 | Time(s) 0.3980 | Comm(s) 0.2051 | Reduce(s) 0.0415 | Loss 13.0590
Process 002 | Epoch 02179 | Time(s) 0.3980 | Comm(s) 0.2051 | Reduce(s) 0.0414 | Loss 13.0946
Process 002 | Epoch 02189 | Time(s) 0.3981 | Comm(s) 0.2051 | Reduce(s) 0.0415 | Loss 13.0493
Process 002 | Epoch 02199 | Time(s) 0.3980 | Comm(s) 0.2051 | Reduce(s) 0.0414 | Loss 13.0575
Process 002 | Epoch 02209 | Time(s) 0.3981 | Comm(s) 0.2052 | Reduce(s) 0.0414 | Loss 13.0334
Process 002 | Epoch 02219 | Time(s) 0.3980 | Comm(s) 0.2052 | Reduce(s) 0.0414 | Loss 13.0740
Process 002 | Epoch 02229 | Time(s) 0.3980 | Comm(s) 0.2052 | Reduce(s) 0.0414 | Loss 13.0476
Process 002 | Epoch 02239 | Time(s) 0.3980 | Comm(s) 0.2052 | Reduce(s) 0.0414 | Loss 13.0427
Process 002 | Epoch 02249 | Time(s) 0.3980 | Comm(s) 0.2052 | Reduce(s) 0.0414 | Loss 13.0329
Process 002 | Epoch 02259 | Time(s) 0.3981 | Comm(s) 0.2051 | Reduce(s) 0.0415 | Loss 13.0262
Process 002 | Epoch 02269 | Time(s) 0.3981 | Comm(s) 0.2052 | Reduce(s) 0.0414 | Loss 13.1208
Process 002 | Epoch 02279 | Time(s) 0.3982 | Comm(s) 0.2052 | Reduce(s) 0.0414 | Loss 13.0354
Process 002 | Epoch 02289 | Time(s) 0.3982 | Comm(s) 0.2052 | Reduce(s) 0.0414 | Loss 13.0234
Process 002 | Epoch 02299 | Time(s) 0.3982 | Comm(s) 0.2052 | Reduce(s) 0.0414 | Loss 13.0265
Process 002 | Epoch 02309 | Time(s) 0.3982 | Comm(s) 0.2052 | Reduce(s) 0.0414 | Loss 13.0282
Process 002 | Epoch 02319 | Time(s) 0.3982 | Comm(s) 0.2052 | Reduce(s) 0.0414 | Loss 13.0346
Process 002 | Epoch 02329 | Time(s) 0.3982 | Comm(s) 0.2052 | Reduce(s) 0.0414 | Loss 13.0102
Process 002 | Epoch 02339 | Time(s) 0.3982 | Comm(s) 0.2052 | Reduce(s) 0.0414 | Loss 13.0229
Process 002 | Epoch 02349 | Time(s) 0.3982 | Comm(s) 0.2052 | Reduce(s) 0.0414 | Loss 13.0142
Process 002 | Epoch 02359 | Time(s) 0.3982 | Comm(s) 0.2052 | Reduce(s) 0.0415 | Loss 13.0148
Process 002 | Epoch 02369 | Time(s) 0.3982 | Comm(s) 0.2052 | Reduce(s) 0.0415 | Loss 13.0128
Process 002 | Epoch 02379 | Time(s) 0.3982 | Comm(s) 0.2052 | Reduce(s) 0.0415 | Loss 13.0064
Process 002 | Epoch 02389 | Time(s) 0.3982 | Comm(s) 0.2052 | Reduce(s) 0.0415 | Loss 13.0116
Process 002 | Epoch 02399 | Time(s) 0.3982 | Comm(s) 0.2052 | Reduce(s) 0.0415 | Loss 13.0121
Process 002 | Epoch 02409 | Time(s) 0.3982 | Comm(s) 0.2052 | Reduce(s) 0.0415 | Loss 13.0071
Process 002 | Epoch 02419 | Time(s) 0.3982 | Comm(s) 0.2052 | Reduce(s) 0.0415 | Loss 13.0862
Process 002 | Epoch 02429 | Time(s) 0.3982 | Comm(s) 0.2053 | Reduce(s) 0.0415 | Loss 12.9955
Process 002 | Epoch 02439 | Time(s) 0.3982 | Comm(s) 0.2052 | Reduce(s) 0.0415 | Loss 12.9922
Process 002 | Epoch 02449 | Time(s) 0.3982 | Comm(s) 0.2052 | Reduce(s) 0.0415 | Loss 13.0046
Process 002 | Epoch 02459 | Time(s) 0.3982 | Comm(s) 0.2052 | Reduce(s) 0.0415 | Loss 12.9923
Process 002 | Epoch 02469 | Time(s) 0.3982 | Comm(s) 0.2052 | Reduce(s) 0.0415 | Loss 12.9914
Process 002 | Epoch 02479 | Time(s) 0.3982 | Comm(s) 0.2052 | Reduce(s) 0.0415 | Loss 12.9837
Process 002 | Epoch 02489 | Time(s) 0.3983 | Comm(s) 0.2052 | Reduce(s) 0.0415 | Loss 13.0386
Process 002 | Epoch 02499 | Time(s) 0.3983 | Comm(s) 0.2052 | Reduce(s) 0.0415 | Loss 13.0205
Process 002 | Epoch 02509 | Time(s) 0.3982 | Comm(s) 0.2053 | Reduce(s) 0.0415 | Loss 12.9734
Process 002 | Epoch 02519 | Time(s) 0.3983 | Comm(s) 0.2053 | Reduce(s) 0.0415 | Loss 12.9684
Process 002 | Epoch 02529 | Time(s) 0.3983 | Comm(s) 0.2053 | Reduce(s) 0.0415 | Loss 12.9726
Process 002 | Epoch 02539 | Time(s) 0.3983 | Comm(s) 0.2053 | Reduce(s) 0.0415 | Loss 12.9560
Process 002 | Epoch 02549 | Time(s) 0.3983 | Comm(s) 0.2053 | Reduce(s) 0.0415 | Loss 13.0308
Process 002 | Epoch 02559 | Time(s) 0.3983 | Comm(s) 0.2053 | Reduce(s) 0.0415 | Loss 12.9928
Process 002 | Epoch 02569 | Time(s) 0.3983 | Comm(s) 0.2053 | Reduce(s) 0.0415 | Loss 12.9809
Process 002 | Epoch 02579 | Time(s) 0.3984 | Comm(s) 0.2053 | Reduce(s) 0.0415 | Loss 12.9643
Process 002 | Epoch 02589 | Time(s) 0.3984 | Comm(s) 0.2053 | Reduce(s) 0.0415 | Loss 12.9686
Process 002 | Epoch 02599 | Time(s) 0.3984 | Comm(s) 0.2053 | Reduce(s) 0.0415 | Loss 12.9715
Process 002 | Epoch 02609 | Time(s) 0.3984 | Comm(s) 0.2053 | Reduce(s) 0.0415 | Loss 12.9599
Process 002 | Epoch 02619 | Time(s) 0.3984 | Comm(s) 0.2054 | Reduce(s) 0.0415 | Loss 12.9447
Epoch 01979 | Accuracy 65.04%
Process 000 | Epoch 01999 | Time(s) 0.3602 | Comm(s) 0.2046 | Reduce(s) 0.0433 | Loss 16.0477
Epoch 01989 | Accuracy 64.94%
Process 000 | Epoch 02009 | Time(s) 0.3602 | Comm(s) 0.2046 | Reduce(s) 0.0433 | Loss 16.0526
Epoch 01999 | Accuracy 65.02%
Process 000 | Epoch 02019 | Time(s) 0.3602 | Comm(s) 0.2046 | Reduce(s) 0.0433 | Loss 16.1871
Epoch 02009 | Accuracy 64.95%
Process 000 | Epoch 02029 | Time(s) 0.3602 | Comm(s) 0.2046 | Reduce(s) 0.0433 | Loss 16.0622
Epoch 02019 | Accuracy 64.09%
Process 000 | Epoch 02039 | Time(s) 0.3602 | Comm(s) 0.2046 | Reduce(s) 0.0433 | Loss 16.0371
Epoch 02029 | Accuracy 64.65%
Process 000 | Epoch 02049 | Time(s) 0.3602 | Comm(s) 0.2046 | Reduce(s) 0.0433 | Loss 16.0287
Epoch 02039 | Accuracy 64.95%
Process 000 | Epoch 02059 | Time(s) 0.3603 | Comm(s) 0.2046 | Reduce(s) 0.0433 | Loss 16.0300
Epoch 02049 | Accuracy 64.89%
Process 000 | Epoch 02069 | Time(s) 0.3603 | Comm(s) 0.2047 | Reduce(s) 0.0433 | Loss 16.0613
Epoch 02059 | Accuracy 64.92%
Process 000 | Epoch 02079 | Time(s) 0.3603 | Comm(s) 0.2047 | Reduce(s) 0.0433 | Loss 16.0683
Epoch 02069 | Accuracy 65.12%
Process 000 | Epoch 02089 | Time(s) 0.3604 | Comm(s) 0.2047 | Reduce(s) 0.0432 | Loss 16.0273
Epoch 02079 | Accuracy 64.79%
Process 000 | Epoch 02099 | Time(s) 0.3604 | Comm(s) 0.2048 | Reduce(s) 0.0433 | Loss 16.0485
Epoch 02089 | Accuracy 64.90%
Process 000 | Epoch 02109 | Time(s) 0.3604 | Comm(s) 0.2048 | Reduce(s) 0.0433 | Loss 16.0399
Epoch 02099 | Accuracy 65.15%
Process 000 | Epoch 02119 | Time(s) 0.3604 | Comm(s) 0.2048 | Reduce(s) 0.0433 | Loss 16.0219
Epoch 02109 | Accuracy 64.73%
Process 000 | Epoch 02129 | Time(s) 0.3604 | Comm(s) 0.2049 | Reduce(s) 0.0433 | Loss 16.0099
Epoch 02119 | Accuracy 65.00%
Process 000 | Epoch 02139 | Time(s) 0.3604 | Comm(s) 0.2049 | Reduce(s) 0.0433 | Loss 16.0777
Epoch 02129 | Accuracy 64.96%
Process 000 | Epoch 02149 | Time(s) 0.3604 | Comm(s) 0.2049 | Reduce(s) 0.0433 | Loss 16.0285
Epoch 02139 | Accuracy 65.24%
Process 000 | Epoch 02159 | Time(s) 0.3604 | Comm(s) 0.2049 | Reduce(s) 0.0433 | Loss 16.0196
Epoch 02149 | Accuracy 64.96%
Process 000 | Epoch 02169 | Time(s) 0.3604 | Comm(s) 0.2049 | Reduce(s) 0.0433 | Loss 16.0077
Epoch 02159 | Accuracy 64.96%
Process 000 | Epoch 02179 | Time(s) 0.3604 | Comm(s) 0.2049 | Reduce(s) 0.0433 | Loss 16.0212
Epoch 02169 | Accuracy 64.76%
Process 000 | Epoch 02189 | Time(s) 0.3605 | Comm(s) 0.2050 | Reduce(s) 0.0433 | Loss 16.0069
Epoch 02179 | Accuracy 64.74%
Process 000 | Epoch 02199 | Time(s) 0.3605 | Comm(s) 0.2050 | Reduce(s) 0.0432 | Loss 16.0025
Epoch 02189 | Accuracy 65.10%
Process 000 | Epoch 02209 | Time(s) 0.3605 | Comm(s) 0.2050 | Reduce(s) 0.0432 | Loss 15.9896
Epoch 02199 | Accuracy 64.89%
Process 000 | Epoch 02219 | Time(s) 0.3605 | Comm(s) 0.2050 | Reduce(s) 0.0432 | Loss 16.0321
Epoch 02209 | Accuracy 65.07%
Process 000 | Epoch 02229 | Time(s) 0.3605 | Comm(s) 0.2050 | Reduce(s) 0.0432 | Loss 15.9981
Epoch 02219 | Accuracy 64.41%
Process 000 | Epoch 02239 | Time(s) 0.3605 | Comm(s) 0.2050 | Reduce(s) 0.0432 | Loss 15.9974
Epoch 02229 | Accuracy 64.91%
Process 000 | Epoch 02249 | Time(s) 0.3605 | Comm(s) 0.2050 | Reduce(s) 0.0432 | Loss 15.9833
Epoch 02239 | Accuracy 64.93%
Process 000 | Epoch 02259 | Time(s) 0.3605 | Comm(s) 0.2050 | Reduce(s) 0.0433 | Loss 15.9760
Epoch 02249 | Accuracy 65.07%
Process 000 | Epoch 02269 | Time(s) 0.3605 | Comm(s) 0.2050 | Reduce(s) 0.0433 | Loss 16.0466
Epoch 02259 | Accuracy 65.01%
Process 000 | Epoch 02279 | Time(s) 0.3605 | Comm(s) 0.2051 | Reduce(s) 0.0432 | Loss 15.9849
Epoch 02269 | Accuracy 64.37%
Process 000 | Epoch 02289 | Time(s) 0.3605 | Comm(s) 0.2051 | Reduce(s) 0.0432 | Loss 15.9662
Epoch 02279 | Accuracy 65.02%
Process 000 | Epoch 02299 | Time(s) 0.3605 | Comm(s) 0.2051 | Reduce(s) 0.0432 | Loss 15.9648
Epoch 02289 | Accuracy 65.09%
Process 000 | Epoch 02309 | Time(s) 0.3605 | Comm(s) 0.2051 | Reduce(s) 0.0432 | Loss 15.9705
Epoch 02299 | Accuracy 65.03%
Process 000 | Epoch 02319 | Time(s) 0.3605 | Comm(s) 0.2050 | Reduce(s) 0.0432 | Loss 15.9841
Epoch 02309 | Accuracy 65.14%
Process 000 | Epoch 02329 | Time(s) 0.3605 | Comm(s) 0.2050 | Reduce(s) 0.0432 | Loss 15.9542
Epoch 02319 | Accuracy 65.10%
Process 000 | Epoch 02339 | Time(s) 0.3605 | Comm(s) 0.2050 | Reduce(s) 0.0432 | Loss 15.9643
Epoch 02329 | Accuracy 64.99%
Process 000 | Epoch 02349 | Time(s) 0.3605 | Comm(s) 0.2050 | Reduce(s) 0.0432 | Loss 15.9557
Epoch 02339 | Accuracy 64.74%
Process 000 | Epoch 02359 | Time(s) 0.3605 | Comm(s) 0.2051 | Reduce(s) 0.0432 | Loss 15.9697
Epoch 02349 | Accuracy 65.18%
Process 000 | Epoch 02369 | Time(s) 0.3605 | Comm(s) 0.2051 | Reduce(s) 0.0432 | Loss 15.9541
Epoch 02359 | Accuracy 64.91%
Process 000 | Epoch 02379 | Time(s) 0.3605 | Comm(s) 0.2051 | Reduce(s) 0.0432 | Loss 15.9516
Epoch 02369 | Accuracy 64.95%
Process 000 | Epoch 02389 | Time(s) 0.3605 | Comm(s) 0.2051 | Reduce(s) 0.0432 | Loss 15.9633
Epoch 02379 | Accuracy 65.11%
Process 000 | Epoch 02399 | Time(s) 0.3605 | Comm(s) 0.2051 | Reduce(s) 0.0432 | Loss 15.9628
Epoch 02389 | Accuracy 65.15%
Process 000 | Epoch 02409 | Time(s) 0.3605 | Comm(s) 0.2051 | Reduce(s) 0.0432 | Loss 15.9587
Epoch 02399 | Accuracy 65.10%
Process 000 | Epoch 02419 | Time(s) 0.3605 | Comm(s) 0.2051 | Reduce(s) 0.0432 | Loss 16.0020
Epoch 02409 | Accuracy 65.14%
Process 000 | Epoch 02429 | Time(s) 0.3605 | Comm(s) 0.2051 | Reduce(s) 0.0432 | Loss 15.9376
Epoch 02419 | Accuracy 65.11%
Process 000 | Epoch 02439 | Time(s) 0.3605 | Comm(s) 0.2051 | Reduce(s) 0.0432 | Loss 15.9414
Epoch 02429 | Accuracy 64.98%
Process 000 | Epoch 02449 | Time(s) 0.3605 | Comm(s) 0.2051 | Reduce(s) 0.0432 | Loss 15.9779
Epoch 02439 | Accuracy 65.09%
Process 000 | Epoch 02459 | Time(s) 0.3605 | Comm(s) 0.2051 | Reduce(s) 0.0432 | Loss 15.9428
Epoch 02449 | Accuracy 64.93%
Process 000 | Epoch 02469 | Time(s) 0.3605 | Comm(s) 0.2051 | Reduce(s) 0.0432 | Loss 15.9100
Epoch 02459 | Accuracy 65.11%
Process 000 | Epoch 02479 | Time(s) 0.3605 | Comm(s) 0.2051 | Reduce(s) 0.0432 | Loss 15.9162
Epoch 02469 | Accuracy 64.99%
Process 000 | Epoch 02489 | Time(s) 0.3605 | Comm(s) 0.2051 | Reduce(s) 0.0433 | Loss 15.9669
Epoch 02479 | Accuracy 64.95%
Process 000 | Epoch 02499 | Time(s) 0.3605 | Comm(s) 0.2051 | Reduce(s) 0.0433 | Loss 15.9558
Epoch 02489 | Accuracy 64.45%
Process 000 | Epoch 02509 | Time(s) 0.3605 | Comm(s) 0.2051 | Reduce(s) 0.0433 | Loss 15.9183
Epoch 02499 | Accuracy 65.07%
Process 000 | Epoch 02519 | Time(s) 0.3605 | Comm(s) 0.2051 | Reduce(s) 0.0433 | Loss 15.9028
Epoch 02509 | Accuracy 65.13%
Process 000 | Epoch 02529 | Time(s) 0.3605 | Comm(s) 0.2052 | Reduce(s) 0.0433 | Loss 15.9095
Epoch 02519 | Accuracy 64.97%
Process 000 | Epoch 02539 | Time(s) 0.3605 | Comm(s) 0.2052 | Reduce(s) 0.0433 | Loss 15.9002
Epoch 02529 | Accuracy 65.01%
Process 000 | Epoch 02549 | Time(s) 0.3605 | Comm(s) 0.2052 | Reduce(s) 0.0433 | Loss 15.9575
Epoch 02539 | Accuracy 65.03%
Process 000 | Epoch 02559 | Time(s) 0.3606 | Comm(s) 0.2052 | Reduce(s) 0.0433 | Loss 15.9373
Epoch 02549 | Accuracy 65.19%
Process 000 | Epoch 02569 | Time(s) 0.3606 | Comm(s) 0.2053 | Reduce(s) 0.0432 | Loss 15.9235
Epoch 02559 | Accuracy 65.00%
Process 000 | Epoch 02579 | Time(s) 0.3606 | Comm(s) 0.2053 | Reduce(s) 0.0432 | Loss 15.9004
Epoch 02569 | Accuracy 65.09%
Process 000 | Epoch 02589 | Time(s) 0.3606 | Comm(s) 0.2053 | Reduce(s) 0.0432 | Loss 15.8999
Epoch 02579 | Accuracy 65.00%
Process 000 | Epoch 02599 | Time(s) 0.3606 | Comm(s) 0.2053 | Reduce(s) 0.0432 | Loss 15.8971
Epoch 02589 | Accuracy 65.00%
Process 000 | Epoch 02609 | Time(s) 0.3607 | Comm(s) 0.2053 | Reduce(s) 0.0432 | Loss 15.9043
Epoch 02599 | Accuracy 64.84%
Process 000 | Epoch 02619 | Time(s) 0.3607 | Comm(s) 0.2054 | Reduce(s) 0.0432 | Loss 15.8860
Epoch 02609 | Accuracy 64.89%
Process 000 | Epoch 02629 | Time(s) 0.3607 | Comm(s) 0.2054 | Reduce(s) 0.0432 | Loss 15.8848
Epoch 02619 | Accuracy 65.04%
Process 000 | Epoch 02639 | Time(s) 0.3607 | Comm(s) 0.2054 | Reduce(s) 0.0432 | Loss 15.9081
Epoch 02629 | Accuracy 64.87%
Process 000 | Epoch 02649 | Time(s) 0.3607 | Comm(s) 0.2053 | Reduce(s) 0.0432 | Loss 15.8908
Epoch 02639 | Accuracy 64.98%
Process 002 | Epoch 02629 | Time(s) 0.3985 | Comm(s) 0.2054 | Reduce(s) 0.0415 | Loss 12.9542
Process 002 | Epoch 02639 | Time(s) 0.3985 | Comm(s) 0.2054 | Reduce(s) 0.0415 | Loss 12.9851
Process 002 | Epoch 02649 | Time(s) 0.3985 | Comm(s) 0.2054 | Reduce(s) 0.0415 | Loss 12.9532
Process 002 | Epoch 02659 | Time(s) 0.3985 | Comm(s) 0.2053 | Reduce(s) 0.0415 | Loss 12.9655
Process 002 | Epoch 02669 | Time(s) 0.3985 | Comm(s) 0.2053 | Reduce(s) 0.0415 | Loss 12.9437
Process 002 | Epoch 02679 | Time(s) 0.3985 | Comm(s) 0.2053 | Reduce(s) 0.0415 | Loss 13.0138
Process 002 | Epoch 02689 | Time(s) 0.3985 | Comm(s) 0.2053 | Reduce(s) 0.0415 | Loss 12.9566
Process 002 | Epoch 02699 | Time(s) 0.3985 | Comm(s) 0.2054 | Reduce(s) 0.0415 | Loss 12.9505
Process 002 | Epoch 02709 | Time(s) 0.3985 | Comm(s) 0.2054 | Reduce(s) 0.0415 | Loss 12.9493
Process 002 | Epoch 02719 | Time(s) 0.3985 | Comm(s) 0.2054 | Reduce(s) 0.0415 | Loss 12.9319
Process 002 | Epoch 02729 | Time(s) 0.3985 | Comm(s) 0.2054 | Reduce(s) 0.0415 | Loss 12.9481
Process 002 | Epoch 02739 | Time(s) 0.3985 | Comm(s) 0.2054 | Reduce(s) 0.0415 | Loss 12.9339
Process 002 | Epoch 02749 | Time(s) 0.3985 | Comm(s) 0.2054 | Reduce(s) 0.0415 | Loss 12.9310
Process 002 | Epoch 02759 | Time(s) 0.3984 | Comm(s) 0.2054 | Reduce(s) 0.0415 | Loss 12.9372
Process 002 | Epoch 02769 | Time(s) 0.3984 | Comm(s) 0.2054 | Reduce(s) 0.0415 | Loss 12.9379
Process 002 | Epoch 02779 | Time(s) 0.3984 | Comm(s) 0.2054 | Reduce(s) 0.0415 | Loss 12.9314
Process 002 | Epoch 02789 | Time(s) 0.3984 | Comm(s) 0.2054 | Reduce(s) 0.0415 | Loss 12.9150
Process 002 | Epoch 02799 | Time(s) 0.3985 | Comm(s) 0.2054 | Reduce(s) 0.0415 | Loss 12.9339
Process 002 | Epoch 02809 | Time(s) 0.3985 | Comm(s) 0.2053 | Reduce(s) 0.0415 | Loss 12.9225
Process 002 | Epoch 02819 | Time(s) 0.3984 | Comm(s) 0.2054 | Reduce(s) 0.0415 | Loss 12.9345
Process 002 | Epoch 02829 | Time(s) 0.3984 | Comm(s) 0.2054 | Reduce(s) 0.0415 | Loss 12.9137
Process 002 | Epoch 02839 | Time(s) 0.3984 | Comm(s) 0.2053 | Reduce(s) 0.0415 | Loss 12.9354
Process 002 | Epoch 02849 | Time(s) 0.3984 | Comm(s) 0.2053 | Reduce(s) 0.0415 | Loss 12.9230
Process 002 | Epoch 02859 | Time(s) 0.3984 | Comm(s) 0.2053 | Reduce(s) 0.0415 | Loss 12.9091
Process 002 | Epoch 02869 | Time(s) 0.3984 | Comm(s) 0.2053 | Reduce(s) 0.0415 | Loss 12.9369
Process 002 | Epoch 02879 | Time(s) 0.3984 | Comm(s) 0.2053 | Reduce(s) 0.0415 | Loss 12.9195
Process 002 | Epoch 02889 | Time(s) 0.3983 | Comm(s) 0.2053 | Reduce(s) 0.0415 | Loss 12.9042
Process 002 | Epoch 02899 | Time(s) 0.3984 | Comm(s) 0.2053 | Reduce(s) 0.0415 | Loss 12.9230
Process 002 | Epoch 02909 | Time(s) 0.3983 | Comm(s) 0.2053 | Reduce(s) 0.0415 | Loss 12.9267
Process 002 | Epoch 02919 | Time(s) 0.3983 | Comm(s) 0.2053 | Reduce(s) 0.0415 | Loss 12.9192
Process 002 | Epoch 02929 | Time(s) 0.3983 | Comm(s) 0.2054 | Reduce(s) 0.0415 | Loss 12.9222
Process 002 | Epoch 02939 | Time(s) 0.3983 | Comm(s) 0.2053 | Reduce(s) 0.0415 | Loss 12.8979
Process 002 | Epoch 02949 | Time(s) 0.3983 | Comm(s) 0.2053 | Reduce(s) 0.0415 | Loss 12.9139
Process 002 | Epoch 02959 | Time(s) 0.3983 | Comm(s) 0.2054 | Reduce(s) 0.0415 | Loss 12.9075
Process 002 | Epoch 02969 | Time(s) 0.3983 | Comm(s) 0.2054 | Reduce(s) 0.0415 | Loss 12.8974
Process 002 | Epoch 02979 | Time(s) 0.3983 | Comm(s) 0.2054 | Reduce(s) 0.0415 | Loss 12.9258
Process 002 | Epoch 02989 | Time(s) 0.3984 | Comm(s) 0.2054 | Reduce(s) 0.0415 | Loss 12.8780
Process 002 | Epoch 02999 | Time(s) 0.3983 | Comm(s) 0.2054 | Reduce(s) 0.0415 | Loss 12.8882
(rank 2) memory stats: current 749.00MB, peak 5489.07MB, reserved 6006.00MB

Process 001 | Epoch 02629 | Time(s) 0.3985 | Comm(s) 0.2075 | Reduce(s) 0.0416 | Loss 15.1542
Process 001 | Epoch 02639 | Time(s) 0.3985 | Comm(s) 0.2075 | Reduce(s) 0.0416 | Loss 15.1860
Process 001 | Epoch 02649 | Time(s) 0.3985 | Comm(s) 0.2074 | Reduce(s) 0.0416 | Loss 15.1651
Process 001 | Epoch 02659 | Time(s) 0.3985 | Comm(s) 0.2074 | Reduce(s) 0.0416 | Loss 15.1528
Process 001 | Epoch 02669 | Time(s) 0.3985 | Comm(s) 0.2074 | Reduce(s) 0.0416 | Loss 15.1443
Process 001 | Epoch 02679 | Time(s) 0.3985 | Comm(s) 0.2074 | Reduce(s) 0.0415 | Loss 15.2067
Process 001 | Epoch 02689 | Time(s) 0.3985 | Comm(s) 0.2074 | Reduce(s) 0.0415 | Loss 15.1797
Process 001 | Epoch 02699 | Time(s) 0.3985 | Comm(s) 0.2074 | Reduce(s) 0.0415 | Loss 15.1628
Process 001 | Epoch 02709 | Time(s) 0.3985 | Comm(s) 0.2074 | Reduce(s) 0.0415 | Loss 15.1395
Process 001 | Epoch 02719 | Time(s) 0.3985 | Comm(s) 0.2074 | Reduce(s) 0.0415 | Loss 15.1443
Process 001 | Epoch 02729 | Time(s) 0.3985 | Comm(s) 0.2075 | Reduce(s) 0.0415 | Loss 15.1676
Process 001 | Epoch 02739 | Time(s) 0.3985 | Comm(s) 0.2075 | Reduce(s) 0.0415 | Loss 15.1403
Process 001 | Epoch 02749 | Time(s) 0.3984 | Comm(s) 0.2075 | Reduce(s) 0.0415 | Loss 15.1264
Process 001 | Epoch 02759 | Time(s) 0.3984 | Comm(s) 0.2075 | Reduce(s) 0.0415 | Loss 15.1496
Process 001 | Epoch 02769 | Time(s) 0.3984 | Comm(s) 0.2075 | Reduce(s) 0.0415 | Loss 15.1448
Process 001 | Epoch 02779 | Time(s) 0.3984 | Comm(s) 0.2075 | Reduce(s) 0.0415 | Loss 15.1393
Process 001 | Epoch 02789 | Time(s) 0.3984 | Comm(s) 0.2075 | Reduce(s) 0.0415 | Loss 15.1144
Process 001 | Epoch 02799 | Time(s) 0.3985 | Comm(s) 0.2075 | Reduce(s) 0.0415 | Loss 15.1332
Process 001 | Epoch 02809 | Time(s) 0.3984 | Comm(s) 0.2075 | Reduce(s) 0.0415 | Loss 15.1278
Process 001 | Epoch 02819 | Time(s) 0.3984 | Comm(s) 0.2075 | Reduce(s) 0.0415 | Loss 15.1498
Process 001 | Epoch 02829 | Time(s) 0.3984 | Comm(s) 0.2075 | Reduce(s) 0.0415 | Loss 15.1159
Process 001 | Epoch 02839 | Time(s) 0.3984 | Comm(s) 0.2074 | Reduce(s) 0.0415 | Loss 15.1318
Process 001 | Epoch 02849 | Time(s) 0.3984 | Comm(s) 0.2074 | Reduce(s) 0.0415 | Loss 15.1302
Process 001 | Epoch 02859 | Time(s) 0.3984 | Comm(s) 0.2074 | Reduce(s) 0.0415 | Loss 15.1101
Process 001 | Epoch 02869 | Time(s) 0.3984 | Comm(s) 0.2074 | Reduce(s) 0.0415 | Loss 15.1321
Process 001 | Epoch 02879 | Time(s) 0.3984 | Comm(s) 0.2074 | Reduce(s) 0.0415 | Loss 15.1140
Process 001 | Epoch 02889 | Time(s) 0.3983 | Comm(s) 0.2074 | Reduce(s) 0.0415 | Loss 15.1039
Process 001 | Epoch 02899 | Time(s) 0.3984 | Comm(s) 0.2074 | Reduce(s) 0.0415 | Loss 15.1138
Process 001 | Epoch 02909 | Time(s) 0.3983 | Comm(s) 0.2074 | Reduce(s) 0.0415 | Loss 15.1488
Process 001 | Epoch 02919 | Time(s) 0.3983 | Comm(s) 0.2074 | Reduce(s) 0.0415 | Loss 15.1164
Process 001 | Epoch 02929 | Time(s) 0.3983 | Comm(s) 0.2074 | Reduce(s) 0.0415 | Loss 15.1083
Process 001 | Epoch 02939 | Time(s) 0.3983 | Comm(s) 0.2074 | Reduce(s) 0.0415 | Loss 15.1070
Process 001 | Epoch 02949 | Time(s) 0.3983 | Comm(s) 0.2074 | Reduce(s) 0.0415 | Loss 15.1134
Process 001 | Epoch 02959 | Time(s) 0.3983 | Comm(s) 0.2074 | Reduce(s) 0.0415 | Loss 15.1016
Process 001 | Epoch 02969 | Time(s) 0.3983 | Comm(s) 0.2074 | Reduce(s) 0.0415 | Loss 15.0833
Process 001 | Epoch 02979 | Time(s) 0.3983 | Comm(s) 0.2074 | Reduce(s) 0.0415 | Loss 15.1232
Process 001 | Epoch 02989 | Time(s) 0.3984 | Comm(s) 0.2074 | Reduce(s) 0.0415 | Loss 15.0769
Process 001 | Epoch 02999 | Time(s) 0.3983 | Comm(s) 0.2074 | Reduce(s) 0.0415 | Loss 15.0954
(rank 1) memory stats: current 676.66MB, peak 5215.67MB, reserved 5366.00MB

Process 000 | Epoch 02659 | Time(s) 0.3607 | Comm(s) 0.2053 | Reduce(s) 0.0432 | Loss 15.8831
Epoch 02649 | Accuracy 65.05%
Process 000 | Epoch 02669 | Time(s) 0.3607 | Comm(s) 0.2053 | Reduce(s) 0.0432 | Loss 15.8718
Epoch 02659 | Accuracy 64.90%
Process 000 | Epoch 02679 | Time(s) 0.3607 | Comm(s) 0.2053 | Reduce(s) 0.0432 | Loss 15.9282
Epoch 02669 | Accuracy 64.97%
Process 000 | Epoch 02689 | Time(s) 0.3607 | Comm(s) 0.2053 | Reduce(s) 0.0432 | Loss 15.9004
Epoch 02679 | Accuracy 64.43%
Process 000 | Epoch 02699 | Time(s) 0.3607 | Comm(s) 0.2053 | Reduce(s) 0.0432 | Loss 15.8849
Epoch 02689 | Accuracy 65.07%
Process 000 | Epoch 02709 | Time(s) 0.3607 | Comm(s) 0.2053 | Reduce(s) 0.0432 | Loss 15.8613
Epoch 02699 | Accuracy 64.99%
Process 000 | Epoch 02719 | Time(s) 0.3607 | Comm(s) 0.2053 | Reduce(s) 0.0433 | Loss 15.8730
Epoch 02709 | Accuracy 64.93%
Process 000 | Epoch 02729 | Time(s) 0.3607 | Comm(s) 0.2054 | Reduce(s) 0.0432 | Loss 15.8819
Epoch 02719 | Accuracy 64.88%
Process 000 | Epoch 02739 | Time(s) 0.3607 | Comm(s) 0.2054 | Reduce(s) 0.0433 | Loss 15.8789
Epoch 02729 | Accuracy 64.70%
Process 000 | Epoch 02749 | Time(s) 0.3607 | Comm(s) 0.2054 | Reduce(s) 0.0433 | Loss 15.8529
Epoch 02739 | Accuracy 65.15%
Process 000 | Epoch 02759 | Time(s) 0.3607 | Comm(s) 0.2053 | Reduce(s) 0.0433 | Loss 15.8721
Epoch 02749 | Accuracy 64.98%
Process 000 | Epoch 02769 | Time(s) 0.3607 | Comm(s) 0.2054 | Reduce(s) 0.0433 | Loss 15.8691
Epoch 02759 | Accuracy 64.66%
Process 000 | Epoch 02779 | Time(s) 0.3607 | Comm(s) 0.2053 | Reduce(s) 0.0433 | Loss 15.8769
Epoch 02769 | Accuracy 65.16%
Process 000 | Epoch 02789 | Time(s) 0.3607 | Comm(s) 0.2053 | Reduce(s) 0.0433 | Loss 15.8472
Epoch 02779 | Accuracy 64.88%
Process 000 | Epoch 02799 | Time(s) 0.3607 | Comm(s) 0.2053 | Reduce(s) 0.0433 | Loss 15.8534
Epoch 02789 | Accuracy 65.11%
Process 000 | Epoch 02809 | Time(s) 0.3607 | Comm(s) 0.2053 | Reduce(s) 0.0433 | Loss 15.8569
Epoch 02799 | Accuracy 65.11%
Process 000 | Epoch 02819 | Time(s) 0.3607 | Comm(s) 0.2054 | Reduce(s) 0.0433 | Loss 15.8672
Epoch 02809 | Accuracy 65.09%
Process 000 | Epoch 02829 | Time(s) 0.3607 | Comm(s) 0.2054 | Reduce(s) 0.0433 | Loss 15.8470
Epoch 02819 | Accuracy 64.70%
Process 000 | Epoch 02839 | Time(s) 0.3607 | Comm(s) 0.2054 | Reduce(s) 0.0433 | Loss 15.8535
Epoch 02829 | Accuracy 65.08%
Process 000 | Epoch 02849 | Time(s) 0.3607 | Comm(s) 0.2053 | Reduce(s) 0.0433 | Loss 15.8424
Epoch 02839 | Accuracy 65.01%
Process 000 | Epoch 02859 | Time(s) 0.3607 | Comm(s) 0.2053 | Reduce(s) 0.0433 | Loss 15.8397
Epoch 02849 | Accuracy 64.77%
Process 000 | Epoch 02869 | Time(s) 0.3607 | Comm(s) 0.2054 | Reduce(s) 0.0433 | Loss 15.8707
Epoch 02859 | Accuracy 65.02%
Process 000 | Epoch 02879 | Time(s) 0.3607 | Comm(s) 0.2053 | Reduce(s) 0.0433 | Loss 15.8465
Epoch 02869 | Accuracy 65.18%
Process 000 | Epoch 02889 | Time(s) 0.3607 | Comm(s) 0.2054 | Reduce(s) 0.0433 | Loss 15.8362
Epoch 02879 | Accuracy 64.84%
Process 000 | Epoch 02899 | Time(s) 0.3607 | Comm(s) 0.2054 | Reduce(s) 0.0433 | Loss 15.8385
Epoch 02889 | Accuracy 64.89%
Process 000 | Epoch 02909 | Time(s) 0.3607 | Comm(s) 0.2054 | Reduce(s) 0.0433 | Loss 15.8794
Epoch 02899 | Accuracy 65.04%
Process 000 | Epoch 02919 | Time(s) 0.3607 | Comm(s) 0.2054 | Reduce(s) 0.0433 | Loss 15.8602
Epoch 02909 | Accuracy 65.03%
Process 000 | Epoch 02929 | Time(s) 0.3607 | Comm(s) 0.2054 | Reduce(s) 0.0433 | Loss 15.8391
Epoch 02919 | Accuracy 64.82%
Process 000 | Epoch 02939 | Time(s) 0.3607 | Comm(s) 0.2054 | Reduce(s) 0.0433 | Loss 15.8299
Epoch 02929 | Accuracy 64.84%
Process 000 | Epoch 02949 | Time(s) 0.3607 | Comm(s) 0.2054 | Reduce(s) 0.0433 | Loss 15.8452
Epoch 02939 | Accuracy 65.11%
Process 000 | Epoch 02959 | Time(s) 0.3607 | Comm(s) 0.2054 | Reduce(s) 0.0433 | Loss 15.8204
Epoch 02949 | Accuracy 65.11%
Process 000 | Epoch 02969 | Time(s) 0.3607 | Comm(s) 0.2055 | Reduce(s) 0.0433 | Loss 15.8091
Epoch 02959 | Accuracy 64.80%
Process 000 | Epoch 02979 | Time(s) 0.3607 | Comm(s) 0.2055 | Reduce(s) 0.0433 | Loss 15.8477
Epoch 02969 | Accuracy 64.90%
Process 000 | Epoch 02989 | Time(s) 0.3607 | Comm(s) 0.2055 | Reduce(s) 0.0433 | Loss 15.8029
Epoch 02979 | Accuracy 64.58%
Process 000 | Epoch 02999 | Time(s) 0.3607 | Comm(s) 0.2055 | Reduce(s) 0.0432 | Loss 15.8230
Epoch 02989 | Accuracy 65.05%
(rank 0) memory stats: current 664.02MB, peak 5212.10MB, reserved 5530.00MB
Epoch 02999 | Accuracy 65.12%
model saved
Max Validation Accuracy 65.24%
Test Result | Accuracy 65.29%
