/home/zhaoyu/miniconda3/envs/test/lib/python3.11/site-packages/dgl/graphbolt/__init__.py:114: GBWarning: 
An experimental feature for CUDA allocations is turned on for better allocation
pattern resulting in better memory usage for minibatch GNN training workloads.
See https://pytorch.org/docs/stable/notes/cuda.html#optimizing-memory-usage-with-pytorch-cuda-alloc-conf,
and set the environment variable `PYTORCH_CUDA_ALLOC_CONF=expandable_segments:False`
if you want to disable it and set it True to acknowledge and disable the warning.

  gb_warning(WARNING_STR_TO_BE_SHOWN)
Namespace(dataset='yelp', data_path='./dataset/', part_path='./partition/', graph_name='yelp-3-metis-vol-induc', model='graphsage', dropout=0.1, lr=0.001, sampling_rate=0.1, heads=1, n_epochs=3000, n_partitions=3, n_hidden=512, n_layers=4, log_every=10, weight_decay=0.0, norm='layer', partition_obj='vol', partition_method='metis', n_linear=2, use_pp=True, inductive=True, fix_seed=True, seed=3, backend='gloo', port=18118, master_addr='127.0.0.1', node_rank=0, parts_per_node=10, skip_partition=True, eval=True)
loading partitions
Process 0 has 242928 nodes, 2169554 edges 176760 inner nodes, and 1767148 inner edges.
Process 0 start training
Process 000 | Epoch 00009 | Time(s) 0.3490 | Comm(s) 0.1977 | Reduce(s) 0.0438 | Loss 29.4237
Process 000 | Epoch 00019 | Time(s) 0.3614 | Comm(s) 0.2115 | Reduce(s) 0.0437 | Loss 29.0632
Epoch 00009 | Accuracy 14.22%
Process 000 | Epoch 00029 | Time(s) 0.3609 | Comm(s) 0.2089 | Reduce(s) 0.0435 | Loss 27.5371
Epoch 00019 | Accuracy 15.27%
Process 000 | Epoch 00039 | Time(s) 0.3616 | Comm(s) 0.2092 | Reduce(s) 0.0427 | Loss 25.4634
Epoch 00029 | Accuracy 22.40%
Process 000 | Epoch 00049 | Time(s) 0.3623 | Comm(s) 0.2093 | Reduce(s) 0.0429 | Loss 23.9511
Epoch 00039 | Accuracy 31.44%
Process 000 | Epoch 00059 | Time(s) 0.3628 | Comm(s) 0.2096 | Reduce(s) 0.0428 | Loss 23.0527
Epoch 00049 | Accuracy 36.52%
Process 000 | Epoch 00069 | Time(s) 0.3632 | Comm(s) 0.2099 | Reduce(s) 0.0426 | Loss 22.4141
Epoch 00059 | Accuracy 41.51%
Process 000 | Epoch 00079 | Time(s) 0.3633 | Comm(s) 0.2099 | Reduce(s) 0.0426 | Loss 21.9895
Epoch 00069 | Accuracy 44.31%
Process 000 | Epoch 00089 | Time(s) 0.3631 | Comm(s) 0.2098 | Reduce(s) 0.0422 | Loss 21.6478
Epoch 00079 | Accuracy 47.21%
Process 000 | Epoch 00099 | Time(s) 0.3633 | Comm(s) 0.2104 | Reduce(s) 0.0423 | Loss 21.2385
Epoch 00089 | Accuracy 48.67%
Process 000 | Epoch 00109 | Time(s) 0.3630 | Comm(s) 0.2102 | Reduce(s) 0.0423 | Loss 20.8331
Epoch 00099 | Accuracy 49.37%
Process 000 | Epoch 00119 | Time(s) 0.3629 | Comm(s) 0.2099 | Reduce(s) 0.0423 | Loss 20.5369
Epoch 00109 | Accuracy 50.87%
Process 000 | Epoch 00129 | Time(s) 0.3633 | Comm(s) 0.2103 | Reduce(s) 0.0422 | Loss 20.2715
Epoch 00119 | Accuracy 51.96%
Process 000 | Epoch 00139 | Time(s) 0.3632 | Comm(s) 0.2104 | Reduce(s) 0.0420 | Loss 20.0519
Epoch 00129 | Accuracy 55.01%
Process 000 | Epoch 00149 | Time(s) 0.3632 | Comm(s) 0.2101 | Reduce(s) 0.0421 | Loss 19.7676
Epoch 00139 | Accuracy 55.25%
Process 000 | Epoch 00159 | Time(s) 0.3633 | Comm(s) 0.2098 | Reduce(s) 0.0422 | Loss 19.4975
Epoch 00149 | Accuracy 54.77%
Process 000 | Epoch 00169 | Time(s) 0.3634 | Comm(s) 0.2100 | Reduce(s) 0.0421 | Loss 19.2574
Epoch 00159 | Accuracy 55.71%
Process 000 | Epoch 00179 | Time(s) 0.3636 | Comm(s) 0.2101 | Reduce(s) 0.0421 | Loss 19.0429
Epoch 00169 | Accuracy 57.78%
Process 000 | Epoch 00189 | Time(s) 0.3638 | Comm(s) 0.2104 | Reduce(s) 0.0420 | Loss 18.8361
Epoch 00179 | Accuracy 58.49%
Process 000 | Epoch 00199 | Time(s) 0.3639 | Comm(s) 0.2104 | Reduce(s) 0.0420 | Loss 18.6644
Epoch 00189 | Accuracy 57.92%
Process 000 | Epoch 00209 | Time(s) 0.3639 | Comm(s) 0.2102 | Reduce(s) 0.0420 | Loss 18.4997
Epoch 00199 | Accuracy 58.62%
Process 000 | Epoch 00219 | Time(s) 0.3642 | Comm(s) 0.2104 | Reduce(s) 0.0419 | Loss 18.3647
Epoch 00209 | Accuracy 59.97%
Process 000 | Epoch 00229 | Time(s) 0.3644 | Comm(s) 0.2106 | Reduce(s) 0.0418 | Loss 18.2338
Epoch 00219 | Accuracy 59.16%
Process 000 | Epoch 00239 | Time(s) 0.3645 | Comm(s) 0.2106 | Reduce(s) 0.0418 | Loss 18.1490
Epoch 00229 | Accuracy 60.58%
Process 000 | Epoch 00249 | Time(s) 0.3646 | Comm(s) 0.2106 | Reduce(s) 0.0419 | Loss 18.0786
Epoch 00239 | Accuracy 60.06%
Process 000 | Epoch 00259 | Time(s) 0.3646 | Comm(s) 0.2103 | Reduce(s) 0.0419 | Loss 17.9503
Epoch 00249 | Accuracy 61.33%
Process 000 | Epoch 00269 | Time(s) 0.3646 | Comm(s) 0.2104 | Reduce(s) 0.0419 | Loss 17.8790
Epoch 00259 | Accuracy 61.27%
Process 000 | Epoch 00279 | Time(s) 0.3647 | Comm(s) 0.2102 | Reduce(s) 0.0419 | Loss 17.8947
Epoch 00269 | Accuracy 61.56%
Process 000 | Epoch 00289 | Time(s) 0.3647 | Comm(s) 0.2103 | Reduce(s) 0.0418 | Loss 17.7937
Epoch 00279 | Accuracy 59.93%
Process 000 | Epoch 00299 | Time(s) 0.3648 | Comm(s) 0.2105 | Reduce(s) 0.0418 | Loss 17.6940
Epoch 00289 | Accuracy 60.99%
Process 000 | Epoch 00309 | Time(s) 0.3649 | Comm(s) 0.2105 | Reduce(s) 0.0418 | Loss 17.6449
Epoch 00299 | Accuracy 61.90%
Process 000 | Epoch 00319 | Time(s) 0.3649 | Comm(s) 0.2106 | Reduce(s) 0.0418 | Loss 17.6032
Epoch 00309 | Accuracy 61.97%
Process 000 | Epoch 00329 | Time(s) 0.3649 | Comm(s) 0.2106 | Reduce(s) 0.0418 | Loss 17.6141
Epoch 00319 | Accuracy 62.27%
Process 000 | Epoch 00339 | Time(s) 0.3650 | Comm(s) 0.2106 | Reduce(s) 0.0418 | Loss 17.5189
Epoch 00329 | Accuracy 61.02%
Process 000 | Epoch 00349 | Time(s) 0.3650 | Comm(s) 0.2106 | Reduce(s) 0.0418 | Loss 17.4785
Epoch 00339 | Accuracy 61.70%
Process 000 | Epoch 00359 | Time(s) 0.3651 | Comm(s) 0.2105 | Reduce(s) 0.0418 | Loss 17.4355
Epoch 00349 | Accuracy 62.18%
Process 000 | Epoch 00369 | Time(s) 0.3653 | Comm(s) 0.2108 | Reduce(s) 0.0418 | Loss 17.4008
Epoch 00359 | Accuracy 62.63%
Process 000 | Epoch 00379 | Time(s) 0.3655 | Comm(s) 0.2109 | Reduce(s) 0.0418 | Loss 17.3990
Epoch 00369 | Accuracy 63.05%
Process 000 | Epoch 00389 | Time(s) 0.3655 | Comm(s) 0.2108 | Reduce(s) 0.0418 | Loss 17.3600
Epoch 00379 | Accuracy 62.82%
Process 000 | Epoch 00399 | Time(s) 0.3656 | Comm(s) 0.2108 | Reduce(s) 0.0418 | Loss 17.3161
Epoch 00389 | Accuracy 63.18%
Process 000 | Epoch 00409 | Time(s) 0.3657 | Comm(s) 0.2109 | Reduce(s) 0.0419 | Loss 17.2686
Epoch 00399 | Accuracy 63.00%
Process 000 | Epoch 00419 | Time(s) 0.3657 | Comm(s) 0.2110 | Reduce(s) 0.0419 | Loss 17.2486
Epoch 00409 | Accuracy 62.92%
Process 000 | Epoch 00429 | Time(s) 0.3657 | Comm(s) 0.2109 | Reduce(s) 0.0419 | Loss 17.2336
Epoch 00419 | Accuracy 62.96%
Process 000 | Epoch 00439 | Time(s) 0.3658 | Comm(s) 0.2109 | Reduce(s) 0.0420 | Loss 17.1946
Epoch 00429 | Accuracy 63.05%
Process 000 | Epoch 00449 | Time(s) 0.3657 | Comm(s) 0.2109 | Reduce(s) 0.0420 | Loss 17.1773
Epoch 00439 | Accuracy 62.95%
Process 000 | Epoch 00459 | Time(s) 0.3657 | Comm(s) 0.2109 | Reduce(s) 0.0420 | Loss 17.1773
Epoch 00449 | Accuracy 63.34%
Process 000 | Epoch 00469 | Time(s) 0.3658 | Comm(s) 0.2110 | Reduce(s) 0.0420 | Loss 17.1452
Epoch 00459 | Accuracy 63.56%
Process 000 | Epoch 00479 | Time(s) 0.3657 | Comm(s) 0.2110 | Reduce(s) 0.0420 | Loss 17.1159
Epoch 00469 | Accuracy 62.98%
Process 000 | Epoch 00489 | Time(s) 0.3658 | Comm(s) 0.2111 | Reduce(s) 0.0420 | Loss 17.0887
Epoch 00479 | Accuracy 63.67%
Process 000 | Epoch 00499 | Time(s) 0.3658 | Comm(s) 0.2112 | Reduce(s) 0.0419 | Loss 17.0694
Epoch 00489 | Accuracy 63.36%
Process 000 | Epoch 00509 | Time(s) 0.3658 | Comm(s) 0.2113 | Reduce(s) 0.0419 | Loss 17.1128
Epoch 00499 | Accuracy 63.76%
Process 000 | Epoch 00519 | Time(s) 0.3658 | Comm(s) 0.2113 | Reduce(s) 0.0419 | Loss 17.0741
Epoch 00509 | Accuracy 62.83%
Process 000 | Epoch 00529 | Time(s) 0.3658 | Comm(s) 0.2114 | Reduce(s) 0.0419 | Loss 17.0122
Epoch 00519 | Accuracy 63.35%
Process 000 | Epoch 00539 | Time(s) 0.3658 | Comm(s) 0.2114 | Reduce(s) 0.0419 | Loss 16.9916
Epoch 00529 | Accuracy 63.58%
Process 000 | Epoch 00549 | Time(s) 0.3658 | Comm(s) 0.2114 | Reduce(s) 0.0419 | Loss 16.9863
Epoch 00539 | Accuracy 63.64%
Process 000 | Epoch 00559 | Time(s) 0.3658 | Comm(s) 0.2113 | Reduce(s) 0.0419 | Loss 16.9577
Epoch 00549 | Accuracy 63.36%
Process 000 | Epoch 00569 | Time(s) 0.3658 | Comm(s) 0.2112 | Reduce(s) 0.0419 | Loss 16.9648
Epoch 00559 | Accuracy 63.78%
Process 000 | Epoch 00579 | Time(s) 0.3657 | Comm(s) 0.2112 | Reduce(s) 0.0419 | Loss 16.9343
Epoch 00569 | Accuracy 63.90%
Process 000 | Epoch 00589 | Time(s) 0.3658 | Comm(s) 0.2112 | Reduce(s) 0.0419 | Loss 16.9339
Epoch 00579 | Accuracy 63.56%
Process 000 | Epoch 00599 | Time(s) 0.3658 | Comm(s) 0.2112 | Reduce(s) 0.0419 | Loss 16.9237
Epoch 00589 | Accuracy 64.05%
Process 000 | Epoch 00609 | Time(s) 0.3658 | Comm(s) 0.2112 | Reduce(s) 0.0419 | Loss 16.8839
Epoch 00599 | Accuracy 63.34%
Process 000 | Epoch 00619 | Time(s) 0.3659 | Comm(s) 0.2112 | Reduce(s) 0.0420 | Loss 16.8767
Epoch 00609 | Accuracy 63.68%
Process 000 | Epoch 00629 | Time(s) 0.3659 | Comm(s) 0.2112 | Reduce(s) 0.0420 | Loss 16.8942
Epoch 00619 | Accuracy 63.84%
Process 000 | Epoch 00639 | Time(s) 0.3659 | Comm(s) 0.2112 | Reduce(s) 0.0420 | Loss 16.8833
Epoch 00629 | Accuracy 64.16%
Process 000 | Epoch 00649 | Time(s) 0.3660 | Comm(s) 0.2112 | Reduce(s) 0.0420 | Loss 16.8236
Epoch 00639 | Accuracy 63.80%
Process 000 | Epoch 00659 | Time(s) 0.3659 | Comm(s) 0.2111 | Reduce(s) 0.0420 | Loss 16.8181loading partitions
Process 2 has 267267 nodes, 4056899 edges 184595 inner nodes, and 3344697 inner edges.
Process 2 start training
Process 002 | Epoch 00009 | Time(s) 0.3487 | Comm(s) 0.1968 | Reduce(s) 0.0426 | Loss 24.5149
Process 002 | Epoch 00019 | Time(s) 0.3634 | Comm(s) 0.2057 | Reduce(s) 0.0417 | Loss 23.0101
Process 002 | Epoch 00029 | Time(s) 0.3972 | Comm(s) 0.2034 | Reduce(s) 0.0415 | Loss 22.3533
Process 002 | Epoch 00039 | Time(s) 0.4017 | Comm(s) 0.2037 | Reduce(s) 0.0419 | Loss 21.0084
Process 002 | Epoch 00049 | Time(s) 0.4017 | Comm(s) 0.2040 | Reduce(s) 0.0418 | Loss 19.8757
Process 002 | Epoch 00059 | Time(s) 0.4041 | Comm(s) 0.2049 | Reduce(s) 0.0417 | Loss 19.0331
Process 002 | Epoch 00069 | Time(s) 0.4049 | Comm(s) 0.2053 | Reduce(s) 0.0414 | Loss 18.3039
Process 002 | Epoch 00079 | Time(s) 0.4068 | Comm(s) 0.2055 | Reduce(s) 0.0413 | Loss 17.7995
Process 002 | Epoch 00089 | Time(s) 0.4066 | Comm(s) 0.2055 | Reduce(s) 0.0416 | Loss 17.4443
Process 002 | Epoch 00099 | Time(s) 0.4068 | Comm(s) 0.2051 | Reduce(s) 0.0417 | Loss 17.1717
Process 002 | Epoch 00109 | Time(s) 0.4064 | Comm(s) 0.2050 | Reduce(s) 0.0418 | Loss 16.8919
Process 002 | Epoch 00119 | Time(s) 0.4064 | Comm(s) 0.2050 | Reduce(s) 0.0417 | Loss 16.6531
Process 002 | Epoch 00129 | Time(s) 0.4065 | Comm(s) 0.2056 | Reduce(s) 0.0415 | Loss 16.4310
Process 002 | Epoch 00139 | Time(s) 0.4061 | Comm(s) 0.2053 | Reduce(s) 0.0415 | Loss 16.2290
Process 002 | Epoch 00149 | Time(s) 0.4062 | Comm(s) 0.2053 | Reduce(s) 0.0416 | Loss 16.0001
Process 002 | Epoch 00159 | Time(s) 0.4060 | Comm(s) 0.2053 | Reduce(s) 0.0417 | Loss 15.8186
Process 002 | Epoch 00169 | Time(s) 0.4059 | Comm(s) 0.2056 | Reduce(s) 0.0417 | Loss 15.6213
Process 002 | Epoch 00179 | Time(s) 0.4066 | Comm(s) 0.2057 | Reduce(s) 0.0417 | Loss 15.4677
Process 002 | Epoch 00189 | Time(s) 0.4071 | Comm(s) 0.2060 | Reduce(s) 0.0419 | Loss 15.3192
Process 002 | Epoch 00199 | Time(s) 0.4071 | Comm(s) 0.2063 | Reduce(s) 0.0418 | Loss 15.1991
Process 002 | Epoch 00209 | Time(s) 0.4071 | Comm(s) 0.2062 | Reduce(s) 0.0418 | Loss 15.0892
Process 002 | Epoch 00219 | Time(s) 0.4076 | Comm(s) 0.2064 | Reduce(s) 0.0419 | Loss 14.9858
Process 002 | Epoch 00229 | Time(s) 0.4077 | Comm(s) 0.2068 | Reduce(s) 0.0419 | Loss 14.8867
Process 002 | Epoch 00239 | Time(s) 0.4078 | Comm(s) 0.2070 | Reduce(s) 0.0419 | Loss 14.8391
Process 002 | Epoch 00249 | Time(s) 0.4081 | Comm(s) 0.2073 | Reduce(s) 0.0418 | Loss 14.7843
Process 002 | Epoch 00259 | Time(s) 0.4085 | Comm(s) 0.2072 | Reduce(s) 0.0418 | Loss 14.6752
Process 002 | Epoch 00269 | Time(s) 0.4084 | Comm(s) 0.2072 | Reduce(s) 0.0418 | Loss 14.6178
Process 002 | Epoch 00279 | Time(s) 0.4085 | Comm(s) 0.2072 | Reduce(s) 0.0418 | Loss 14.6549
Process 002 | Epoch 00289 | Time(s) 0.4086 | Comm(s) 0.2073 | Reduce(s) 0.0418 | Loss 14.5668
Process 002 | Epoch 00299 | Time(s) 0.4088 | Comm(s) 0.2076 | Reduce(s) 0.0417 | Loss 14.4879
Process 002 | Epoch 00309 | Time(s) 0.4087 | Comm(s) 0.2077 | Reduce(s) 0.0417 | Loss 14.4374
Process 002 | Epoch 00319 | Time(s) 0.4091 | Comm(s) 0.2077 | Reduce(s) 0.0418 | Loss 14.4050
Process 002 | Epoch 00329 | Time(s) 0.4093 | Comm(s) 0.2078 | Reduce(s) 0.0418 | Loss 14.4142
Process 002 | Epoch 00339 | Time(s) 0.4093 | Comm(s) 0.2078 | Reduce(s) 0.0418 | Loss 14.3547
Process 002 | Epoch 00349 | Time(s) 0.4094 | Comm(s) 0.2080 | Reduce(s) 0.0418 | Loss 14.3071
Process 002 | Epoch 00359 | Time(s) 0.4100 | Comm(s) 0.2082 | Reduce(s) 0.0417 | Loss 14.2628
Process 002 | Epoch 00369 | Time(s) 0.4105 | Comm(s) 0.2084 | Reduce(s) 0.0417 | Loss 14.2521
Process 002 | Epoch 00379 | Time(s) 0.4110 | Comm(s) 0.2086 | Reduce(s) 0.0417 | Loss 14.2296
Process 002 | Epoch 00389 | Time(s) 0.4115 | Comm(s) 0.2087 | Reduce(s) 0.0417 | Loss 14.2061
Process 002 | Epoch 00399 | Time(s) 0.4118 | Comm(s) 0.2088 | Reduce(s) 0.0417 | Loss 14.1682
Process 002 | Epoch 00409 | Time(s) 0.4118 | Comm(s) 0.2090 | Reduce(s) 0.0416 | Loss 14.1375
Process 002 | Epoch 00419 | Time(s) 0.4117 | Comm(s) 0.2092 | Reduce(s) 0.0415 | Loss 14.1257
Process 002 | Epoch 00429 | Time(s) 0.4116 | Comm(s) 0.2091 | Reduce(s) 0.0416 | Loss 14.1120
Process 002 | Epoch 00439 | Time(s) 0.4116 | Comm(s) 0.2091 | Reduce(s) 0.0416 | Loss 14.0797
Process 002 | Epoch 00449 | Time(s) 0.4113 | Comm(s) 0.2090 | Reduce(s) 0.0416 | Loss 14.0593
Process 002 | Epoch 00459 | Time(s) 0.4111 | Comm(s) 0.2090 | Reduce(s) 0.0416 | Loss 14.0559
Process 002 | Epoch 00469 | Time(s) 0.4109 | Comm(s) 0.2092 | Reduce(s) 0.0415 | Loss 14.0428
Process 002 | Epoch 00479 | Time(s) 0.4108 | Comm(s) 0.2091 | Reduce(s) 0.0416 | Loss 14.0102
Process 002 | Epoch 00489 | Time(s) 0.4108 | Comm(s) 0.2091 | Reduce(s) 0.0416 | Loss 13.9911
Process 002 | Epoch 00499 | Time(s) 0.4109 | Comm(s) 0.2092 | Reduce(s) 0.0416 | Loss 13.9654
Process 002 | Epoch 00509 | Time(s) 0.4110 | Comm(s) 0.2093 | Reduce(s) 0.0416 | Loss 14.0177
Process 002 | Epoch 00519 | Time(s) 0.4109 | Comm(s) 0.2092 | Reduce(s) 0.0416 | Loss 13.9637
Process 002 | Epoch 00529 | Time(s) 0.4109 | Comm(s) 0.2093 | Reduce(s) 0.0416 | Loss 13.9228
Process 002 | Epoch 00539 | Time(s) 0.4111 | Comm(s) 0.2092 | Reduce(s) 0.0416 | Loss 13.9100
Process 002 | Epoch 00549 | Time(s) 0.4111 | Comm(s) 0.2092 | Reduce(s) 0.0416 | Loss 13.9105
Process 002 | Epoch 00559 | Time(s) 0.4112 | Comm(s) 0.2092 | Reduce(s) 0.0416 | Loss 13.8728
Process 002 | Epoch 00569 | Time(s) 0.4110 | Comm(s) 0.2091 | Reduce(s) 0.0416 | Loss 13.8943
Process 002 | Epoch 00579 | Time(s) 0.4108 | Comm(s) 0.2090 | Reduce(s) 0.0416 | Loss 13.8559
Process 002 | Epoch 00589 | Time(s) 0.4108 | Comm(s) 0.2090 | Reduce(s) 0.0416 | Loss 13.8398
Process 002 | Epoch 00599 | Time(s) 0.4109 | Comm(s) 0.2091 | Reduce(s) 0.0416 | Loss 13.8585
Process 002 | Epoch 00609 | Time(s) 0.4109 | Comm(s) 0.2091 | Reduce(s) 0.0416 | Loss 13.8083
Process 002 | Epoch 00619 | Time(s) 0.4109 | Comm(s) 0.2093 | Reduce(s) 0.0416 | Loss 13.8003
Process 002 | Epoch 00629 | Time(s) 0.4109 | Comm(s) 0.2093 | Reduce(s) 0.0416 | Loss 13.8274
Process 002 | Epoch 00639 | Time(s) 0.4109 | Comm(s) 0.2092 | Reduce(s) 0.0416 | Loss 13.7985
Process 002 | Epoch 00649 | Time(s) 0.4109 | Comm(s) 0.2093 | Reduce(s) 0.0416 | Loss 13.7749
Process 002 | Epoch 00659 | Time(s) 0.4110 | Comm(s) 0.2092 | Reduce(s) 0.0416 | Loss 13.7538
Process 002 | Epoch 00669 | Time(s) 0.4109 | Comm(s) 0.2092 | Reduce(s) 0.0416 | Loss 13.7629
Process 002 | Epoch 00679 | Time(s) 0.4108 | Comm(s) 0.2092 | Reduce(s) 0.0416 | Loss 13.7349
Process 002 | Epoch 00689 | Time(s) 0.4107 | Comm(s) 0.2093 | Reduce(s) 0.0417 | Loss 13.7395
Process 002 | Epoch 00699 | Time(s) 0.4106 | Comm(s) 0.2093 | Reduce(s) 0.0417 | Loss 13.7213
Process 002 | Epoch 00709 | Time(s) 0.4105 | Comm(s) 0.2093 | Reduce(s) 0.0417 | Loss 13.6993
Process 002 | Epoch 00719 | Time(s) 0.4105 | Comm(s) 0.2093 | Reduce(s) 0.0417 | Loss 13.9161
Process 002 | Epoch 00729 | Time(s) 0.4106 | Comm(s) 0.2094 | Reduce(s) 0.0417 | Loss 13.6984
Process 002 | Epoch 00739 | Time(s) 0.4106 | Comm(s) 0.2093 | Reduce(s) 0.0417 | Loss 13.6815
Process 002 | Epoch 00749 | Time(s) 0.4106 | Comm(s) 0.2093 | Reduce(s) 0.0417 | Loss 13.6773
Process 002 | Epoch 00759 | Time(s) 0.4107 | Comm(s) 0.2093 | Reduce(s) 0.0417 | Loss 13.6554
Process 002 | Epoch 00769 | Time(s) 0.4108 | Comm(s) 0.2093 | Reduce(s) 0.0417 | Loss 13.6507
Process 002 | Epoch 00779 | Time(s) 0.4110 | Comm(s) 0.2093 | Reduce(s) 0.0417 | Loss 13.6490
Process 002 | Epoch 00789 | Time(s) 0.4111 | Comm(s) 0.2094 | Reduce(s) 0.0417 | Loss 13.6388
Process 002 | Epoch 00799 | Time(s) 0.4111 | Comm(s) 0.2094 | Reduce(s) 0.0417 | Loss 13.6243
Process 002 | Epoch 00809 | Time(s) 0.4111 | Comm(s) 0.2094 | Reduce(s) 0.0417 | Loss 13.6294
Process 002 | Epoch 00819 | Time(s) 0.4111 | Comm(s) 0.2094 | Reduce(s) 0.0417 | Loss 13.6182
Process 002 | Epoch 00829 | Time(s) 0.4113 | Comm(s) 0.2094 | Reduce(s) 0.0417 | Loss 13.6126
Process 002 | Epoch 00839 | Time(s) 0.4114 | Comm(s) 0.2095 | Reduce(s) 0.0417 | Loss 13.6334
Process 002 | Epoch 00849 | Time(s) 0.4114 | Comm(s) 0.2094 | Reduce(s) 0.0417 | Loss 13.6108
Process 002 | Epoch 00859 | Time(s) 0.4114 | Comm(s) 0.2095 | Reduce(s) 0.0417 | Loss 13.5967loading partitions
Process 1 has 266664 nodes, 2608228 edges 176280 inner nodes, and 1952280 inner edges.
Process 1 start training
Process 001 | Epoch 00009 | Time(s) 0.3487 | Comm(s) 0.1990 | Reduce(s) 0.0425 | Loss 28.1910
Process 001 | Epoch 00019 | Time(s) 0.3634 | Comm(s) 0.2090 | Reduce(s) 0.0415 | Loss 27.6428
Process 001 | Epoch 00029 | Time(s) 0.3972 | Comm(s) 0.2076 | Reduce(s) 0.0406 | Loss 26.2728
Process 001 | Epoch 00039 | Time(s) 0.4017 | Comm(s) 0.2072 | Reduce(s) 0.0406 | Loss 24.2600
Process 001 | Epoch 00049 | Time(s) 0.4017 | Comm(s) 0.2080 | Reduce(s) 0.0408 | Loss 22.7959
Process 001 | Epoch 00059 | Time(s) 0.4041 | Comm(s) 0.2088 | Reduce(s) 0.0405 | Loss 21.9323
Process 001 | Epoch 00069 | Time(s) 0.4048 | Comm(s) 0.2091 | Reduce(s) 0.0404 | Loss 21.2803
Process 001 | Epoch 00079 | Time(s) 0.4068 | Comm(s) 0.2093 | Reduce(s) 0.0404 | Loss 20.8574
Process 001 | Epoch 00089 | Time(s) 0.4066 | Comm(s) 0.2098 | Reduce(s) 0.0398 | Loss 20.5460
Process 001 | Epoch 00099 | Time(s) 0.4068 | Comm(s) 0.2098 | Reduce(s) 0.0399 | Loss 20.1654
Process 001 | Epoch 00109 | Time(s) 0.4064 | Comm(s) 0.2092 | Reduce(s) 0.0400 | Loss 19.8069
Process 001 | Epoch 00119 | Time(s) 0.4064 | Comm(s) 0.2088 | Reduce(s) 0.0402 | Loss 19.5419
Process 001 | Epoch 00129 | Time(s) 0.4065 | Comm(s) 0.2084 | Reduce(s) 0.0408 | Loss 19.2940
Process 001 | Epoch 00139 | Time(s) 0.4061 | Comm(s) 0.2085 | Reduce(s) 0.0407 | Loss 19.0873
Process 001 | Epoch 00149 | Time(s) 0.4062 | Comm(s) 0.2080 | Reduce(s) 0.0408 | Loss 18.8019
Process 001 | Epoch 00159 | Time(s) 0.4060 | Comm(s) 0.2080 | Reduce(s) 0.0409 | Loss 18.5550
Process 001 | Epoch 00169 | Time(s) 0.4059 | Comm(s) 0.2085 | Reduce(s) 0.0406 | Loss 18.3385
Process 001 | Epoch 00179 | Time(s) 0.4066 | Comm(s) 0.2086 | Reduce(s) 0.0406 | Loss 18.1275
Process 001 | Epoch 00189 | Time(s) 0.4071 | Comm(s) 0.2089 | Reduce(s) 0.0406 | Loss 17.9345
Process 001 | Epoch 00199 | Time(s) 0.4071 | Comm(s) 0.2092 | Reduce(s) 0.0404 | Loss 17.7704
Process 001 | Epoch 00209 | Time(s) 0.4071 | Comm(s) 0.2092 | Reduce(s) 0.0404 | Loss 17.6360
Process 001 | Epoch 00219 | Time(s) 0.4076 | Comm(s) 0.2094 | Reduce(s) 0.0404 | Loss 17.5054
Process 001 | Epoch 00229 | Time(s) 0.4077 | Comm(s) 0.2096 | Reduce(s) 0.0404 | Loss 17.4023
Process 001 | Epoch 00239 | Time(s) 0.4078 | Comm(s) 0.2098 | Reduce(s) 0.0402 | Loss 17.3086
Process 001 | Epoch 00249 | Time(s) 0.4081 | Comm(s) 0.2099 | Reduce(s) 0.0402 | Loss 17.2469
Process 001 | Epoch 00259 | Time(s) 0.4085 | Comm(s) 0.2098 | Reduce(s) 0.0403 | Loss 17.1324
Process 001 | Epoch 00269 | Time(s) 0.4084 | Comm(s) 0.2098 | Reduce(s) 0.0403 | Loss 17.0582
Process 001 | Epoch 00279 | Time(s) 0.4085 | Comm(s) 0.2098 | Reduce(s) 0.0404 | Loss 17.0611
Process 001 | Epoch 00289 | Time(s) 0.4086 | Comm(s) 0.2098 | Reduce(s) 0.0403 | Loss 16.9852
Process 001 | Epoch 00299 | Time(s) 0.4088 | Comm(s) 0.2099 | Reduce(s) 0.0404 | Loss 16.8973
Process 001 | Epoch 00309 | Time(s) 0.4087 | Comm(s) 0.2101 | Reduce(s) 0.0403 | Loss 16.8386
Process 001 | Epoch 00319 | Time(s) 0.4091 | Comm(s) 0.2101 | Reduce(s) 0.0403 | Loss 16.7985
Process 001 | Epoch 00329 | Time(s) 0.4093 | Comm(s) 0.2102 | Reduce(s) 0.0404 | Loss 16.8038
Process 001 | Epoch 00339 | Time(s) 0.4093 | Comm(s) 0.2103 | Reduce(s) 0.0403 | Loss 16.7234
Process 001 | Epoch 00349 | Time(s) 0.4094 | Comm(s) 0.2103 | Reduce(s) 0.0403 | Loss 16.6825
Process 001 | Epoch 00359 | Time(s) 0.4100 | Comm(s) 0.2104 | Reduce(s) 0.0404 | Loss 16.6409
Process 001 | Epoch 00369 | Time(s) 0.4105 | Comm(s) 0.2105 | Reduce(s) 0.0403 | Loss 16.6205
Process 001 | Epoch 00379 | Time(s) 0.4110 | Comm(s) 0.2107 | Reduce(s) 0.0403 | Loss 16.5994
Process 001 | Epoch 00389 | Time(s) 0.4115 | Comm(s) 0.2107 | Reduce(s) 0.0404 | Loss 16.5844
Process 001 | Epoch 00399 | Time(s) 0.4118 | Comm(s) 0.2107 | Reduce(s) 0.0404 | Loss 16.5403
Process 001 | Epoch 00409 | Time(s) 0.4118 | Comm(s) 0.2108 | Reduce(s) 0.0403 | Loss 16.4909
Process 001 | Epoch 00419 | Time(s) 0.4117 | Comm(s) 0.2109 | Reduce(s) 0.0403 | Loss 16.4717
Process 001 | Epoch 00429 | Time(s) 0.4116 | Comm(s) 0.2109 | Reduce(s) 0.0403 | Loss 16.4519
Process 001 | Epoch 00439 | Time(s) 0.4116 | Comm(s) 0.2108 | Reduce(s) 0.0403 | Loss 16.4172
Process 001 | Epoch 00449 | Time(s) 0.4113 | Comm(s) 0.2108 | Reduce(s) 0.0403 | Loss 16.3939
Process 001 | Epoch 00459 | Time(s) 0.4111 | Comm(s) 0.2108 | Reduce(s) 0.0403 | Loss 16.4065
Process 001 | Epoch 00469 | Time(s) 0.4109 | Comm(s) 0.2110 | Reduce(s) 0.0402 | Loss 16.3668
Process 001 | Epoch 00479 | Time(s) 0.4108 | Comm(s) 0.2109 | Reduce(s) 0.0402 | Loss 16.3546
Process 001 | Epoch 00489 | Time(s) 0.4108 | Comm(s) 0.2110 | Reduce(s) 0.0402 | Loss 16.3162
Process 001 | Epoch 00499 | Time(s) 0.4109 | Comm(s) 0.2110 | Reduce(s) 0.0403 | Loss 16.2969
Process 001 | Epoch 00509 | Time(s) 0.4110 | Comm(s) 0.2110 | Reduce(s) 0.0403 | Loss 16.3185
Process 001 | Epoch 00519 | Time(s) 0.4109 | Comm(s) 0.2111 | Reduce(s) 0.0402 | Loss 16.2853
Process 001 | Epoch 00529 | Time(s) 0.4109 | Comm(s) 0.2112 | Reduce(s) 0.0402 | Loss 16.2438
Process 001 | Epoch 00539 | Time(s) 0.4111 | Comm(s) 0.2111 | Reduce(s) 0.0402 | Loss 16.2304
Process 001 | Epoch 00549 | Time(s) 0.4111 | Comm(s) 0.2111 | Reduce(s) 0.0402 | Loss 16.2256
Process 001 | Epoch 00559 | Time(s) 0.4112 | Comm(s) 0.2111 | Reduce(s) 0.0403 | Loss 16.1893
Process 001 | Epoch 00569 | Time(s) 0.4110 | Comm(s) 0.2111 | Reduce(s) 0.0403 | Loss 16.2100
Process 001 | Epoch 00579 | Time(s) 0.4108 | Comm(s) 0.2110 | Reduce(s) 0.0403 | Loss 16.1732
Process 001 | Epoch 00589 | Time(s) 0.4108 | Comm(s) 0.2111 | Reduce(s) 0.0403 | Loss 16.1668
Process 001 | Epoch 00599 | Time(s) 0.4109 | Comm(s) 0.2112 | Reduce(s) 0.0402 | Loss 16.1539
Process 001 | Epoch 00609 | Time(s) 0.4109 | Comm(s) 0.2112 | Reduce(s) 0.0402 | Loss 16.1242
Process 001 | Epoch 00619 | Time(s) 0.4109 | Comm(s) 0.2113 | Reduce(s) 0.0402 | Loss 16.1124
Process 001 | Epoch 00629 | Time(s) 0.4109 | Comm(s) 0.2114 | Reduce(s) 0.0402 | Loss 16.1223
Process 001 | Epoch 00639 | Time(s) 0.4109 | Comm(s) 0.2114 | Reduce(s) 0.0403 | Loss 16.1148
Process 001 | Epoch 00649 | Time(s) 0.4109 | Comm(s) 0.2114 | Reduce(s) 0.0403 | Loss 16.0773
Process 001 | Epoch 00659 | Time(s) 0.4110 | Comm(s) 0.2115 | Reduce(s) 0.0403 | Loss 16.0698
Process 001 | Epoch 00669 | Time(s) 0.4109 | Comm(s) 0.2115 | Reduce(s) 0.0403 | Loss 16.0558
Process 001 | Epoch 00679 | Time(s) 0.4108 | Comm(s) 0.2114 | Reduce(s) 0.0403 | Loss 16.0547
Process 001 | Epoch 00689 | Time(s) 0.4107 | Comm(s) 0.2114 | Reduce(s) 0.0403 | Loss 16.0385
Process 001 | Epoch 00699 | Time(s) 0.4106 | Comm(s) 0.2115 | Reduce(s) 0.0403 | Loss 16.0202
Process 001 | Epoch 00709 | Time(s) 0.4105 | Comm(s) 0.2115 | Reduce(s) 0.0403 | Loss 15.9960
Process 001 | Epoch 00719 | Time(s) 0.4105 | Comm(s) 0.2115 | Reduce(s) 0.0403 | Loss 16.1489
Process 001 | Epoch 00729 | Time(s) 0.4106 | Comm(s) 0.2115 | Reduce(s) 0.0403 | Loss 16.0006
Process 001 | Epoch 00739 | Time(s) 0.4106 | Comm(s) 0.2116 | Reduce(s) 0.0403 | Loss 15.9829
Process 001 | Epoch 00749 | Time(s) 0.4106 | Comm(s) 0.2116 | Reduce(s) 0.0403 | Loss 15.9639
Process 001 | Epoch 00759 | Time(s) 0.4107 | Comm(s) 0.2116 | Reduce(s) 0.0403 | Loss 15.9509
Process 001 | Epoch 00769 | Time(s) 0.4108 | Comm(s) 0.2116 | Reduce(s) 0.0403 | Loss 15.9494
Process 001 | Epoch 00779 | Time(s) 0.4110 | Comm(s) 0.2116 | Reduce(s) 0.0403 | Loss 15.9249
Process 001 | Epoch 00789 | Time(s) 0.4111 | Comm(s) 0.2117 | Reduce(s) 0.0403 | Loss 15.9218
Process 001 | Epoch 00799 | Time(s) 0.4111 | Comm(s) 0.2117 | Reduce(s) 0.0404 | Loss 15.9262
Process 001 | Epoch 00809 | Time(s) 0.4111 | Comm(s) 0.2117 | Reduce(s) 0.0403 | Loss 15.9170
Process 001 | Epoch 00819 | Time(s) 0.4111 | Comm(s) 0.2117 | Reduce(s) 0.0403 | Loss 15.9138
Process 001 | Epoch 00829 | Time(s) 0.4113 | Comm(s) 0.2118 | Reduce(s) 0.0403 | Loss 15.8886
Process 001 | Epoch 00839 | Time(s) 0.4114 | Comm(s) 0.2118 | Reduce(s) 0.0403 | Loss 15.9174
Process 001 | Epoch 00849 | Time(s) 0.4114 | Comm(s) 0.2118 | Reduce(s) 0.0403 | Loss 15.8995
Process 001 | Epoch 00859 | Time(s) 0.4114 | Comm(s) 0.2118 | Reduce(s) 0.0403 | Loss 15.8662
Epoch 00649 | Accuracy 63.97%
Process 000 | Epoch 00669 | Time(s) 0.3659 | Comm(s) 0.2111 | Reduce(s) 0.0420 | Loss 16.8150
Epoch 00659 | Accuracy 64.09%
Process 000 | Epoch 00679 | Time(s) 0.3659 | Comm(s) 0.2110 | Reduce(s) 0.0420 | Loss 16.8004
Epoch 00669 | Accuracy 63.74%
Process 000 | Epoch 00689 | Time(s) 0.3659 | Comm(s) 0.2110 | Reduce(s) 0.0420 | Loss 16.7991
Epoch 00679 | Accuracy 64.30%
Process 000 | Epoch 00699 | Time(s) 0.3660 | Comm(s) 0.2110 | Reduce(s) 0.0420 | Loss 16.7714
Epoch 00689 | Accuracy 64.01%
Process 000 | Epoch 00709 | Time(s) 0.3660 | Comm(s) 0.2110 | Reduce(s) 0.0420 | Loss 16.7538
Epoch 00699 | Accuracy 64.18%
Process 000 | Epoch 00719 | Time(s) 0.3660 | Comm(s) 0.2110 | Reduce(s) 0.0420 | Loss 16.9493
Epoch 00709 | Accuracy 64.10%
Process 000 | Epoch 00729 | Time(s) 0.3660 | Comm(s) 0.2110 | Reduce(s) 0.0420 | Loss 16.7553
Epoch 00719 | Accuracy 62.02%
Process 000 | Epoch 00739 | Time(s) 0.3660 | Comm(s) 0.2110 | Reduce(s) 0.0420 | Loss 16.7412
Epoch 00729 | Accuracy 64.37%
Process 000 | Epoch 00749 | Time(s) 0.3660 | Comm(s) 0.2110 | Reduce(s) 0.0420 | Loss 16.7182
Epoch 00739 | Accuracy 63.85%
Process 000 | Epoch 00759 | Time(s) 0.3660 | Comm(s) 0.2110 | Reduce(s) 0.0420 | Loss 16.7086
Epoch 00749 | Accuracy 64.10%
Process 000 | Epoch 00769 | Time(s) 0.3660 | Comm(s) 0.2110 | Reduce(s) 0.0420 | Loss 16.6963
Epoch 00759 | Accuracy 64.19%
Process 000 | Epoch 00779 | Time(s) 0.3660 | Comm(s) 0.2110 | Reduce(s) 0.0420 | Loss 16.6803
Epoch 00769 | Accuracy 64.28%
Process 000 | Epoch 00789 | Time(s) 0.3661 | Comm(s) 0.2110 | Reduce(s) 0.0420 | Loss 16.6693
Epoch 00779 | Accuracy 64.30%
Process 000 | Epoch 00799 | Time(s) 0.3661 | Comm(s) 0.2111 | Reduce(s) 0.0419 | Loss 16.6839
Epoch 00789 | Accuracy 64.31%
Process 000 | Epoch 00809 | Time(s) 0.3661 | Comm(s) 0.2111 | Reduce(s) 0.0419 | Loss 16.6664
Epoch 00799 | Accuracy 64.10%
Process 000 | Epoch 00819 | Time(s) 0.3660 | Comm(s) 0.2110 | Reduce(s) 0.0419 | Loss 16.6508
Epoch 00809 | Accuracy 64.34%
Process 000 | Epoch 00829 | Time(s) 0.3661 | Comm(s) 0.2111 | Reduce(s) 0.0419 | Loss 16.6243
Epoch 00819 | Accuracy 64.50%
Process 000 | Epoch 00839 | Time(s) 0.3661 | Comm(s) 0.2111 | Reduce(s) 0.0419 | Loss 16.6604
Epoch 00829 | Accuracy 64.25%
Process 000 | Epoch 00849 | Time(s) 0.3661 | Comm(s) 0.2111 | Reduce(s) 0.0419 | Loss 16.6473
Epoch 00839 | Accuracy 63.75%
Process 000 | Epoch 00859 | Time(s) 0.3661 | Comm(s) 0.2111 | Reduce(s) 0.0420 | Loss 16.6215
Epoch 00849 | Accuracy 64.50%
Process 000 | Epoch 00869 | Time(s) 0.3661 | Comm(s) 0.2111 | Reduce(s) 0.0420 | Loss 16.6322
Epoch 00859 | Accuracy 64.26%
Process 000 | Epoch 00879 | Time(s) 0.3661 | Comm(s) 0.2111 | Reduce(s) 0.0419 | Loss 16.5973
Epoch 00869 | Accuracy 64.57%
Process 000 | Epoch 00889 | Time(s) 0.3661 | Comm(s) 0.2111 | Reduce(s) 0.0419 | Loss 16.5826
Epoch 00879 | Accuracy 64.05%
Process 000 | Epoch 00899 | Time(s) 0.3661 | Comm(s) 0.2111 | Reduce(s) 0.0420 | Loss 16.5768
Epoch 00889 | Accuracy 64.51%
Process 000 | Epoch 00909 | Time(s) 0.3661 | Comm(s) 0.2111 | Reduce(s) 0.0420 | Loss 16.5822
Epoch 00899 | Accuracy 64.19%
Process 000 | Epoch 00919 | Time(s) 0.3661 | Comm(s) 0.2111 | Reduce(s) 0.0420 | Loss 16.5584
Epoch 00909 | Accuracy 64.48%
Process 000 | Epoch 00929 | Time(s) 0.3661 | Comm(s) 0.2110 | Reduce(s) 0.0420 | Loss 16.5512
Epoch 00919 | Accuracy 64.53%
Process 000 | Epoch 00939 | Time(s) 0.3660 | Comm(s) 0.2109 | Reduce(s) 0.0420 | Loss 16.5482
Epoch 00929 | Accuracy 64.39%
Process 000 | Epoch 00949 | Time(s) 0.3660 | Comm(s) 0.2110 | Reduce(s) 0.0420 | Loss 16.5659
Epoch 00939 | Accuracy 64.18%
Process 000 | Epoch 00959 | Time(s) 0.3661 | Comm(s) 0.2110 | Reduce(s) 0.0420 | Loss 16.5538
Epoch 00949 | Accuracy 64.43%
Process 000 | Epoch 00969 | Time(s) 0.3661 | Comm(s) 0.2110 | Reduce(s) 0.0420 | Loss 16.5398
Epoch 00959 | Accuracy 64.02%
Process 000 | Epoch 00979 | Time(s) 0.3660 | Comm(s) 0.2110 | Reduce(s) 0.0420 | Loss 16.5104
Epoch 00969 | Accuracy 64.65%
Process 000 | Epoch 00989 | Time(s) 0.3660 | Comm(s) 0.2110 | Reduce(s) 0.0420 | Loss 16.5492
Epoch 00979 | Accuracy 64.51%
Process 000 | Epoch 00999 | Time(s) 0.3660 | Comm(s) 0.2110 | Reduce(s) 0.0420 | Loss 16.5399
Epoch 00989 | Accuracy 63.88%
Process 000 | Epoch 01009 | Time(s) 0.3661 | Comm(s) 0.2110 | Reduce(s) 0.0420 | Loss 16.4868
Epoch 00999 | Accuracy 64.67%
Process 000 | Epoch 01019 | Time(s) 0.3661 | Comm(s) 0.2110 | Reduce(s) 0.0420 | Loss 16.4892
Epoch 01009 | Accuracy 64.61%
Process 000 | Epoch 01029 | Time(s) 0.3662 | Comm(s) 0.2110 | Reduce(s) 0.0420 | Loss 16.5173
Epoch 01019 | Accuracy 64.50%
Process 000 | Epoch 01039 | Time(s) 0.3662 | Comm(s) 0.2111 | Reduce(s) 0.0420 | Loss 16.5071
Epoch 01029 | Accuracy 64.79%
Process 000 | Epoch 01049 | Time(s) 0.3662 | Comm(s) 0.2110 | Reduce(s) 0.0420 | Loss 16.4823
Epoch 01039 | Accuracy 64.10%
Process 000 | Epoch 01059 | Time(s) 0.3661 | Comm(s) 0.2110 | Reduce(s) 0.0420 | Loss 16.4626
Epoch 01049 | Accuracy 64.75%
Process 000 | Epoch 01069 | Time(s) 0.3661 | Comm(s) 0.2110 | Reduce(s) 0.0420 | Loss 16.4635
Epoch 01059 | Accuracy 64.28%
Process 000 | Epoch 01079 | Time(s) 0.3661 | Comm(s) 0.2110 | Reduce(s) 0.0420 | Loss 16.4416
Epoch 01069 | Accuracy 64.57%
Process 000 | Epoch 01089 | Time(s) 0.3661 | Comm(s) 0.2110 | Reduce(s) 0.0420 | Loss 16.4497
Epoch 01079 | Accuracy 64.44%
Process 000 | Epoch 01099 | Time(s) 0.3662 | Comm(s) 0.2110 | Reduce(s) 0.0420 | Loss 16.4251
Epoch 01089 | Accuracy 64.17%
Process 000 | Epoch 01109 | Time(s) 0.3661 | Comm(s) 0.2110 | Reduce(s) 0.0420 | Loss 16.4201
Epoch 01099 | Accuracy 64.57%
Process 000 | Epoch 01119 | Time(s) 0.3661 | Comm(s) 0.2111 | Reduce(s) 0.0420 | Loss 16.4951
Epoch 01109 | Accuracy 64.66%
Process 000 | Epoch 01129 | Time(s) 0.3661 | Comm(s) 0.2111 | Reduce(s) 0.0420 | Loss 16.4505
Epoch 01119 | Accuracy 64.67%
Process 000 | Epoch 01139 | Time(s) 0.3662 | Comm(s) 0.2111 | Reduce(s) 0.0420 | Loss 16.4083
Epoch 01129 | Accuracy 64.70%
Process 000 | Epoch 01149 | Time(s) 0.3662 | Comm(s) 0.2111 | Reduce(s) 0.0420 | Loss 16.4123
Epoch 01139 | Accuracy 64.62%
Process 000 | Epoch 01159 | Time(s) 0.3661 | Comm(s) 0.2111 | Reduce(s) 0.0420 | Loss 16.4161
Epoch 01149 | Accuracy 64.79%
Process 000 | Epoch 01169 | Time(s) 0.3661 | Comm(s) 0.2111 | Reduce(s) 0.0419 | Loss 16.3919
Epoch 01159 | Accuracy 64.79%
Process 000 | Epoch 01179 | Time(s) 0.3661 | Comm(s) 0.2111 | Reduce(s) 0.0419 | Loss 16.4098
Epoch 01169 | Accuracy 64.57%
Process 000 | Epoch 01189 | Time(s) 0.3661 | Comm(s) 0.2110 | Reduce(s) 0.0420 | Loss 16.3725
Epoch 01179 | Accuracy 64.80%
Process 000 | Epoch 01199 | Time(s) 0.3661 | Comm(s) 0.2110 | Reduce(s) 0.0420 | Loss 16.3734
Epoch 01189 | Accuracy 64.45%
Process 000 | Epoch 01209 | Time(s) 0.3661 | Comm(s) 0.2110 | Reduce(s) 0.0420 | Loss 16.3666
Epoch 01199 | Accuracy 64.52%
Process 000 | Epoch 01219 | Time(s) 0.3661 | Comm(s) 0.2110 | Reduce(s) 0.0420 | Loss 16.4130
Epoch 01209 | Accuracy 64.82%
Process 000 | Epoch 01229 | Time(s) 0.3660 | Comm(s) 0.2110 | Reduce(s) 0.0420 | Loss 16.3832
Epoch 01219 | Accuracy 63.93%
Process 000 | Epoch 01239 | Time(s) 0.3661 | Comm(s) 0.2110 | Reduce(s) 0.0420 | Loss 16.3559
Epoch 01229 | Accuracy 64.53%
Process 000 | Epoch 01249 | Time(s) 0.3660 | Comm(s) 0.2110 | Reduce(s) 0.0420 | Loss 16.3420
Epoch 01239 | Accuracy 64.62%
Process 000 | Epoch 01259 | Time(s) 0.3661 | Comm(s) 0.2110 | Reduce(s) 0.0420 | Loss 16.3348
Epoch 01249 | Accuracy 64.77%
Process 000 | Epoch 01269 | Time(s) 0.3660 | Comm(s) 0.2109 | Reduce(s) 0.0420 | Loss 16.3603
Epoch 01259 | Accuracy 64.77%
Process 000 | Epoch 01279 | Time(s) 0.3660 | Comm(s) 0.2109 | Reduce(s) 0.0420 | Loss 16.3345
Epoch 01269 | Accuracy 64.75%
Process 000 | Epoch 01289 | Time(s) 0.3660 | Comm(s) 0.2109 | Reduce(s) 0.0420 | Loss 16.3273
Epoch 01279 | Accuracy 64.36%
Process 000 | Epoch 01299 | Time(s) 0.3660 | Comm(s) 0.2109 | Reduce(s) 0.0420 | Loss 16.3196
Epoch 01289 | Accuracy 64.57%
Process 000 | Epoch 01309 | Time(s) 0.3660 | Comm(s) 0.2109 | Reduce(s) 0.0420 | Loss 16.3463
Epoch 01299 | Accuracy 64.65%
Process 000 | Epoch 01319 | Time(s) 0.3660 | Comm(s) 0.2109 | Reduce(s) 0.0420 | Loss 16.3299
Epoch 01309 | Accuracy 64.88%
Process 001 | Epoch 00869 | Time(s) 0.4115 | Comm(s) 0.2118 | Reduce(s) 0.0403 | Loss 15.8817
Process 001 | Epoch 00879 | Time(s) 0.4115 | Comm(s) 0.2118 | Reduce(s) 0.0403 | Loss 15.8539
Process 001 | Epoch 00889 | Time(s) 0.4115 | Comm(s) 0.2118 | Reduce(s) 0.0403 | Loss 15.8389
Process 001 | Epoch 00899 | Time(s) 0.4115 | Comm(s) 0.2118 | Reduce(s) 0.0403 | Loss 15.8313
Process 001 | Epoch 00909 | Time(s) 0.4115 | Comm(s) 0.2118 | Reduce(s) 0.0404 | Loss 15.8375
Process 001 | Epoch 00919 | Time(s) 0.4115 | Comm(s) 0.2117 | Reduce(s) 0.0404 | Loss 15.8149
Process 001 | Epoch 00929 | Time(s) 0.4114 | Comm(s) 0.2117 | Reduce(s) 0.0404 | Loss 15.8027
Process 001 | Epoch 00939 | Time(s) 0.4114 | Comm(s) 0.2117 | Reduce(s) 0.0404 | Loss 15.8000
Process 001 | Epoch 00949 | Time(s) 0.4113 | Comm(s) 0.2117 | Reduce(s) 0.0404 | Loss 15.8096
Process 001 | Epoch 00959 | Time(s) 0.4112 | Comm(s) 0.2118 | Reduce(s) 0.0404 | Loss 15.8086
Process 001 | Epoch 00969 | Time(s) 0.4111 | Comm(s) 0.2117 | Reduce(s) 0.0404 | Loss 15.8142
Process 001 | Epoch 00979 | Time(s) 0.4109 | Comm(s) 0.2117 | Reduce(s) 0.0404 | Loss 15.7626
Process 001 | Epoch 00989 | Time(s) 0.4108 | Comm(s) 0.2117 | Reduce(s) 0.0404 | Loss 15.8046
Process 001 | Epoch 00999 | Time(s) 0.4109 | Comm(s) 0.2118 | Reduce(s) 0.0404 | Loss 15.7974
Process 001 | Epoch 01009 | Time(s) 0.4109 | Comm(s) 0.2118 | Reduce(s) 0.0404 | Loss 15.7575
Process 001 | Epoch 01019 | Time(s) 0.4110 | Comm(s) 0.2119 | Reduce(s) 0.0404 | Loss 15.7503
Process 001 | Epoch 01029 | Time(s) 0.4111 | Comm(s) 0.2119 | Reduce(s) 0.0404 | Loss 15.7817
Process 001 | Epoch 01039 | Time(s) 0.4112 | Comm(s) 0.2120 | Reduce(s) 0.0404 | Loss 15.7612
Process 001 | Epoch 01049 | Time(s) 0.4113 | Comm(s) 0.2120 | Reduce(s) 0.0404 | Loss 15.7432
Process 001 | Epoch 01059 | Time(s) 0.4113 | Comm(s) 0.2120 | Reduce(s) 0.0404 | Loss 15.7267
Process 001 | Epoch 01069 | Time(s) 0.4112 | Comm(s) 0.2120 | Reduce(s) 0.0404 | Loss 15.7229
Process 001 | Epoch 01079 | Time(s) 0.4113 | Comm(s) 0.2119 | Reduce(s) 0.0404 | Loss 15.7073
Process 001 | Epoch 01089 | Time(s) 0.4114 | Comm(s) 0.2120 | Reduce(s) 0.0404 | Loss 15.7211
Process 001 | Epoch 01099 | Time(s) 0.4114 | Comm(s) 0.2120 | Reduce(s) 0.0404 | Loss 15.6895
Process 001 | Epoch 01109 | Time(s) 0.4114 | Comm(s) 0.2120 | Reduce(s) 0.0404 | Loss 15.6863
Process 001 | Epoch 01119 | Time(s) 0.4114 | Comm(s) 0.2120 | Reduce(s) 0.0404 | Loss 15.7633
Process 001 | Epoch 01129 | Time(s) 0.4114 | Comm(s) 0.2121 | Reduce(s) 0.0404 | Loss 15.7151
Process 001 | Epoch 01139 | Time(s) 0.4115 | Comm(s) 0.2121 | Reduce(s) 0.0404 | Loss 15.6643
Process 001 | Epoch 01149 | Time(s) 0.4116 | Comm(s) 0.2121 | Reduce(s) 0.0403 | Loss 15.6749
Process 001 | Epoch 01159 | Time(s) 0.4115 | Comm(s) 0.2120 | Reduce(s) 0.0404 | Loss 15.6883
Process 001 | Epoch 01169 | Time(s) 0.4114 | Comm(s) 0.2120 | Reduce(s) 0.0403 | Loss 15.6547
Process 001 | Epoch 01179 | Time(s) 0.4113 | Comm(s) 0.2120 | Reduce(s) 0.0403 | Loss 15.6678
Process 001 | Epoch 01189 | Time(s) 0.4112 | Comm(s) 0.2120 | Reduce(s) 0.0404 | Loss 15.6511
Process 001 | Epoch 01199 | Time(s) 0.4112 | Comm(s) 0.2120 | Reduce(s) 0.0404 | Loss 15.6368
Process 001 | Epoch 01209 | Time(s) 0.4111 | Comm(s) 0.2120 | Reduce(s) 0.0404 | Loss 15.6379
Process 001 | Epoch 01219 | Time(s) 0.4111 | Comm(s) 0.2119 | Reduce(s) 0.0404 | Loss 15.6617
Process 001 | Epoch 01229 | Time(s) 0.4111 | Comm(s) 0.2119 | Reduce(s) 0.0404 | Loss 15.6377
Process 001 | Epoch 01239 | Time(s) 0.4110 | Comm(s) 0.2120 | Reduce(s) 0.0404 | Loss 15.6307
Process 001 | Epoch 01249 | Time(s) 0.4110 | Comm(s) 0.2119 | Reduce(s) 0.0404 | Loss 15.6169
Process 001 | Epoch 01259 | Time(s) 0.4110 | Comm(s) 0.2119 | Reduce(s) 0.0404 | Loss 15.5948
Process 001 | Epoch 01269 | Time(s) 0.4110 | Comm(s) 0.2119 | Reduce(s) 0.0404 | Loss 15.6179
Process 001 | Epoch 01279 | Time(s) 0.4109 | Comm(s) 0.2118 | Reduce(s) 0.0404 | Loss 15.5963
Process 001 | Epoch 01289 | Time(s) 0.4109 | Comm(s) 0.2118 | Reduce(s) 0.0404 | Loss 15.5897
Process 001 | Epoch 01299 | Time(s) 0.4109 | Comm(s) 0.2118 | Reduce(s) 0.0404 | Loss 15.5808
Process 001 | Epoch 01309 | Time(s) 0.4108 | Comm(s) 0.2118 | Reduce(s) 0.0404 | Loss 15.6093
Process 001 | Epoch 01319 | Time(s) 0.4108 | Comm(s) 0.2117 | Reduce(s) 0.0405 | Loss 15.6027
Process 001 | Epoch 01329 | Time(s) 0.4107 | Comm(s) 0.2117 | Reduce(s) 0.0405 | Loss 15.5764
Process 001 | Epoch 01339 | Time(s) 0.4107 | Comm(s) 0.2117 | Reduce(s) 0.0404 | Loss 15.5794
Process 001 | Epoch 01349 | Time(s) 0.4107 | Comm(s) 0.2117 | Reduce(s) 0.0405 | Loss 15.5630
Process 001 | Epoch 01359 | Time(s) 0.4108 | Comm(s) 0.2118 | Reduce(s) 0.0405 | Loss 15.6656
Process 001 | Epoch 01369 | Time(s) 0.4108 | Comm(s) 0.2118 | Reduce(s) 0.0405 | Loss 15.5645
Process 001 | Epoch 01379 | Time(s) 0.4109 | Comm(s) 0.2118 | Reduce(s) 0.0405 | Loss 15.5612
Process 001 | Epoch 01389 | Time(s) 0.4109 | Comm(s) 0.2118 | Reduce(s) 0.0405 | Loss 15.5465
Process 001 | Epoch 01399 | Time(s) 0.4109 | Comm(s) 0.2118 | Reduce(s) 0.0405 | Loss 15.5445
Process 001 | Epoch 01409 | Time(s) 0.4109 | Comm(s) 0.2119 | Reduce(s) 0.0405 | Loss 15.5452
Process 001 | Epoch 01419 | Time(s) 0.4109 | Comm(s) 0.2119 | Reduce(s) 0.0405 | Loss 15.5368
Process 001 | Epoch 01429 | Time(s) 0.4109 | Comm(s) 0.2119 | Reduce(s) 0.0405 | Loss 15.5503
Process 001 | Epoch 01439 | Time(s) 0.4109 | Comm(s) 0.2119 | Reduce(s) 0.0405 | Loss 15.5439
Process 001 | Epoch 01449 | Time(s) 0.4109 | Comm(s) 0.2119 | Reduce(s) 0.0405 | Loss 15.5084
Process 001 | Epoch 01459 | Time(s) 0.4108 | Comm(s) 0.2119 | Reduce(s) 0.0405 | Loss 15.6032
Process 001 | Epoch 01469 | Time(s) 0.4108 | Comm(s) 0.2119 | Reduce(s) 0.0405 | Loss 15.5117
Process 001 | Epoch 01479 | Time(s) 0.4108 | Comm(s) 0.2119 | Reduce(s) 0.0405 | Loss 15.5109
Process 001 | Epoch 01489 | Time(s) 0.4107 | Comm(s) 0.2119 | Reduce(s) 0.0405 | Loss 15.4869
Process 001 | Epoch 01499 | Time(s) 0.4107 | Comm(s) 0.2120 | Reduce(s) 0.0405 | Loss 15.5200
Process 001 | Epoch 01509 | Time(s) 0.4107 | Comm(s) 0.2119 | Reduce(s) 0.0405 | Loss 15.5443
Process 001 | Epoch 01519 | Time(s) 0.4106 | Comm(s) 0.2119 | Reduce(s) 0.0405 | Loss 15.5057
Process 001 | Epoch 01529 | Time(s) 0.4106 | Comm(s) 0.2119 | Reduce(s) 0.0405 | Loss 15.4828
Process 001 | Epoch 01539 | Time(s) 0.4105 | Comm(s) 0.2119 | Reduce(s) 0.0405 | Loss 15.5077
Process 001 | Epoch 01549 | Time(s) 0.4104 | Comm(s) 0.2119 | Reduce(s) 0.0405 | Loss 15.4923
Process 001 | Epoch 01559 | Time(s) 0.4104 | Comm(s) 0.2119 | Reduce(s) 0.0405 | Loss 15.4774
Process 001 | Epoch 01569 | Time(s) 0.4104 | Comm(s) 0.2119 | Reduce(s) 0.0406 | Loss 15.4836
Process 001 | Epoch 01579 | Time(s) 0.4104 | Comm(s) 0.2118 | Reduce(s) 0.0406 | Loss 15.4645
Process 001 | Epoch 01589 | Time(s) 0.4103 | Comm(s) 0.2118 | Reduce(s) 0.0406 | Loss 15.4715
Process 001 | Epoch 01599 | Time(s) 0.4103 | Comm(s) 0.2118 | Reduce(s) 0.0406 | Loss 15.4622
Process 001 | Epoch 01609 | Time(s) 0.4103 | Comm(s) 0.2118 | Reduce(s) 0.0406 | Loss 15.4458
Process 001 | Epoch 01619 | Time(s) 0.4102 | Comm(s) 0.2117 | Reduce(s) 0.0406 | Loss 15.4735
Process 001 | Epoch 01629 | Time(s) 0.4102 | Comm(s) 0.2117 | Reduce(s) 0.0406 | Loss 15.4623
Process 001 | Epoch 01639 | Time(s) 0.4102 | Comm(s) 0.2118 | Reduce(s) 0.0406 | Loss 15.4449
Process 001 | Epoch 01649 | Time(s) 0.4101 | Comm(s) 0.2118 | Reduce(s) 0.0406 | Loss 15.4360
Process 001 | Epoch 01659 | Time(s) 0.4101 | Comm(s) 0.2118 | Reduce(s) 0.0406 | Loss 15.4670
Process 001 | Epoch 01669 | Time(s) 0.4101 | Comm(s) 0.2118 | Reduce(s) 0.0406 | Loss 15.4299
Process 001 | Epoch 01679 | Time(s) 0.4101 | Comm(s) 0.2118 | Reduce(s) 0.0406 | Loss 15.4260
Process 001 | Epoch 01689 | Time(s) 0.4100 | Comm(s) 0.2118 | Reduce(s) 0.0406 | Loss 15.4272
Process 001 | Epoch 01699 | Time(s) 0.4100 | Comm(s) 0.2118 | Reduce(s) 0.0406 | Loss 15.4200
Process 001 | Epoch 01709 | Time(s) 0.4100 | Comm(s) 0.2118 | Reduce(s) 0.0406 | Loss 15.4014
Process 001 | Epoch 01719 | Time(s) 0.4100 | Comm(s) 0.2118 | Reduce(s) 0.0406 | Loss 15.4019
Process 001 | Epoch 01729 | Time(s) 0.4099 | Comm(s) 0.2117 | Reduce(s) 0.0406 | Loss 15.4118
Process 001 | Epoch 01739 | Time(s) 0.4099 | Comm(s) 0.2117 | Reduce(s) 0.0406 | Loss 15.4295
Process 002 | Epoch 00869 | Time(s) 0.4115 | Comm(s) 0.2095 | Reduce(s) 0.0417 | Loss 13.6036
Process 002 | Epoch 00879 | Time(s) 0.4115 | Comm(s) 0.2095 | Reduce(s) 0.0417 | Loss 13.5910
Process 002 | Epoch 00889 | Time(s) 0.4115 | Comm(s) 0.2095 | Reduce(s) 0.0418 | Loss 13.5604
Process 002 | Epoch 00899 | Time(s) 0.4115 | Comm(s) 0.2095 | Reduce(s) 0.0418 | Loss 13.5478
Process 002 | Epoch 00909 | Time(s) 0.4115 | Comm(s) 0.2095 | Reduce(s) 0.0418 | Loss 13.5684
Process 002 | Epoch 00919 | Time(s) 0.4115 | Comm(s) 0.2095 | Reduce(s) 0.0418 | Loss 13.5408
Process 002 | Epoch 00929 | Time(s) 0.4114 | Comm(s) 0.2095 | Reduce(s) 0.0418 | Loss 13.5359
Process 002 | Epoch 00939 | Time(s) 0.4114 | Comm(s) 0.2095 | Reduce(s) 0.0418 | Loss 13.5487
Process 002 | Epoch 00949 | Time(s) 0.4113 | Comm(s) 0.2096 | Reduce(s) 0.0418 | Loss 13.5512
Process 002 | Epoch 00959 | Time(s) 0.4112 | Comm(s) 0.2096 | Reduce(s) 0.0418 | Loss 13.5375
Process 002 | Epoch 00969 | Time(s) 0.4111 | Comm(s) 0.2096 | Reduce(s) 0.0418 | Loss 13.5224
Process 002 | Epoch 00979 | Time(s) 0.4109 | Comm(s) 0.2095 | Reduce(s) 0.0418 | Loss 13.5027
Process 002 | Epoch 00989 | Time(s) 0.4108 | Comm(s) 0.2095 | Reduce(s) 0.0418 | Loss 13.5321
Process 002 | Epoch 00999 | Time(s) 0.4109 | Comm(s) 0.2095 | Reduce(s) 0.0418 | Loss 13.5277
Process 002 | Epoch 01009 | Time(s) 0.4109 | Comm(s) 0.2096 | Reduce(s) 0.0418 | Loss 13.4865
Process 002 | Epoch 01019 | Time(s) 0.4110 | Comm(s) 0.2097 | Reduce(s) 0.0418 | Loss 13.4819
Process 002 | Epoch 01029 | Time(s) 0.4111 | Comm(s) 0.2097 | Reduce(s) 0.0418 | Loss 13.5096
Process 002 | Epoch 01039 | Time(s) 0.4112 | Comm(s) 0.2097 | Reduce(s) 0.0418 | Loss 13.5039
Process 002 | Epoch 01049 | Time(s) 0.4113 | Comm(s) 0.2097 | Reduce(s) 0.0418 | Loss 13.4719
Process 002 | Epoch 01059 | Time(s) 0.4113 | Comm(s) 0.2097 | Reduce(s) 0.0418 | Loss 13.4626
Process 002 | Epoch 01069 | Time(s) 0.4112 | Comm(s) 0.2096 | Reduce(s) 0.0419 | Loss 13.4595
Process 002 | Epoch 01079 | Time(s) 0.4113 | Comm(s) 0.2097 | Reduce(s) 0.0418 | Loss 13.4391
Process 002 | Epoch 01089 | Time(s) 0.4114 | Comm(s) 0.2097 | Reduce(s) 0.0418 | Loss 13.4747
Process 002 | Epoch 01099 | Time(s) 0.4114 | Comm(s) 0.2097 | Reduce(s) 0.0418 | Loss 13.4260
Process 002 | Epoch 01109 | Time(s) 0.4114 | Comm(s) 0.2097 | Reduce(s) 0.0418 | Loss 13.4287
Process 002 | Epoch 01119 | Time(s) 0.4114 | Comm(s) 0.2097 | Reduce(s) 0.0418 | Loss 13.4541
Process 002 | Epoch 01129 | Time(s) 0.4114 | Comm(s) 0.2097 | Reduce(s) 0.0418 | Loss 13.4390
Process 002 | Epoch 01139 | Time(s) 0.4115 | Comm(s) 0.2098 | Reduce(s) 0.0418 | Loss 13.4095
Process 002 | Epoch 01149 | Time(s) 0.4116 | Comm(s) 0.2098 | Reduce(s) 0.0418 | Loss 13.4115
Process 002 | Epoch 01159 | Time(s) 0.4115 | Comm(s) 0.2097 | Reduce(s) 0.0418 | Loss 13.4202
Process 002 | Epoch 01169 | Time(s) 0.4114 | Comm(s) 0.2097 | Reduce(s) 0.0418 | Loss 13.3992
Process 002 | Epoch 01179 | Time(s) 0.4113 | Comm(s) 0.2097 | Reduce(s) 0.0418 | Loss 13.4285
Process 002 | Epoch 01189 | Time(s) 0.4112 | Comm(s) 0.2097 | Reduce(s) 0.0419 | Loss 13.3904
Process 002 | Epoch 01199 | Time(s) 0.4112 | Comm(s) 0.2097 | Reduce(s) 0.0419 | Loss 13.3848
Process 002 | Epoch 01209 | Time(s) 0.4111 | Comm(s) 0.2097 | Reduce(s) 0.0419 | Loss 13.3788
Process 002 | Epoch 01219 | Time(s) 0.4111 | Comm(s) 0.2097 | Reduce(s) 0.0419 | Loss 13.4208
Process 002 | Epoch 01229 | Time(s) 0.4111 | Comm(s) 0.2096 | Reduce(s) 0.0419 | Loss 13.3904
Process 002 | Epoch 01239 | Time(s) 0.4110 | Comm(s) 0.2097 | Reduce(s) 0.0419 | Loss 13.3695
Process 002 | Epoch 01249 | Time(s) 0.4110 | Comm(s) 0.2096 | Reduce(s) 0.0419 | Loss 13.3617
Process 002 | Epoch 01259 | Time(s) 0.4110 | Comm(s) 0.2096 | Reduce(s) 0.0419 | Loss 13.3492
Process 002 | Epoch 01269 | Time(s) 0.4110 | Comm(s) 0.2096 | Reduce(s) 0.0419 | Loss 13.3753
Process 002 | Epoch 01279 | Time(s) 0.4109 | Comm(s) 0.2096 | Reduce(s) 0.0419 | Loss 13.3461
Process 002 | Epoch 01289 | Time(s) 0.4109 | Comm(s) 0.2096 | Reduce(s) 0.0419 | Loss 13.3392
Process 002 | Epoch 01299 | Time(s) 0.4109 | Comm(s) 0.2096 | Reduce(s) 0.0419 | Loss 13.3320
Process 002 | Epoch 01309 | Time(s) 0.4108 | Comm(s) 0.2096 | Reduce(s) 0.0419 | Loss 13.3759
Process 002 | Epoch 01319 | Time(s) 0.4108 | Comm(s) 0.2095 | Reduce(s) 0.0419 | Loss 13.3410
Process 002 | Epoch 01329 | Time(s) 0.4107 | Comm(s) 0.2095 | Reduce(s) 0.0419 | Loss 13.3238
Process 002 | Epoch 01339 | Time(s) 0.4107 | Comm(s) 0.2095 | Reduce(s) 0.0419 | Loss 13.3446
Process 002 | Epoch 01349 | Time(s) 0.4107 | Comm(s) 0.2096 | Reduce(s) 0.0419 | Loss 13.3121
Process 002 | Epoch 01359 | Time(s) 0.4108 | Comm(s) 0.2096 | Reduce(s) 0.0419 | Loss 13.3964
Process 002 | Epoch 01369 | Time(s) 0.4108 | Comm(s) 0.2096 | Reduce(s) 0.0419 | Loss 13.3047
Process 002 | Epoch 01379 | Time(s) 0.4109 | Comm(s) 0.2096 | Reduce(s) 0.0419 | Loss 13.3286
Process 002 | Epoch 01389 | Time(s) 0.4109 | Comm(s) 0.2096 | Reduce(s) 0.0419 | Loss 13.3003
Process 002 | Epoch 01399 | Time(s) 0.4109 | Comm(s) 0.2096 | Reduce(s) 0.0419 | Loss 13.2975
Process 002 | Epoch 01409 | Time(s) 0.4109 | Comm(s) 0.2096 | Reduce(s) 0.0419 | Loss 13.2992
Process 002 | Epoch 01419 | Time(s) 0.4109 | Comm(s) 0.2097 | Reduce(s) 0.0419 | Loss 13.2949
Process 002 | Epoch 01429 | Time(s) 0.4109 | Comm(s) 0.2097 | Reduce(s) 0.0419 | Loss 13.3235
Process 002 | Epoch 01439 | Time(s) 0.4109 | Comm(s) 0.2097 | Reduce(s) 0.0419 | Loss 13.2857
Process 002 | Epoch 01449 | Time(s) 0.4109 | Comm(s) 0.2097 | Reduce(s) 0.0419 | Loss 13.2756
Process 002 | Epoch 01459 | Time(s) 0.4108 | Comm(s) 0.2097 | Reduce(s) 0.0419 | Loss 13.3644
Process 002 | Epoch 01469 | Time(s) 0.4108 | Comm(s) 0.2097 | Reduce(s) 0.0419 | Loss 13.2597
Process 002 | Epoch 01479 | Time(s) 0.4108 | Comm(s) 0.2097 | Reduce(s) 0.0419 | Loss 13.2656
Process 002 | Epoch 01489 | Time(s) 0.4107 | Comm(s) 0.2097 | Reduce(s) 0.0419 | Loss 13.2576
Process 002 | Epoch 01499 | Time(s) 0.4107 | Comm(s) 0.2097 | Reduce(s) 0.0419 | Loss 13.2959
Process 002 | Epoch 01509 | Time(s) 0.4107 | Comm(s) 0.2097 | Reduce(s) 0.0419 | Loss 13.2839
Process 002 | Epoch 01519 | Time(s) 0.4106 | Comm(s) 0.2098 | Reduce(s) 0.0419 | Loss 13.2635
Process 002 | Epoch 01529 | Time(s) 0.4106 | Comm(s) 0.2098 | Reduce(s) 0.0419 | Loss 13.2472
Process 002 | Epoch 01539 | Time(s) 0.4105 | Comm(s) 0.2098 | Reduce(s) 0.0419 | Loss 13.2634
Process 002 | Epoch 01549 | Time(s) 0.4104 | Comm(s) 0.2098 | Reduce(s) 0.0419 | Loss 13.2671
Process 002 | Epoch 01559 | Time(s) 0.4104 | Comm(s) 0.2098 | Reduce(s) 0.0419 | Loss 13.2397
Process 002 | Epoch 01569 | Time(s) 0.4104 | Comm(s) 0.2098 | Reduce(s) 0.0419 | Loss 13.2484
Process 002 | Epoch 01579 | Time(s) 0.4104 | Comm(s) 0.2097 | Reduce(s) 0.0419 | Loss 13.2416
Process 002 | Epoch 01589 | Time(s) 0.4103 | Comm(s) 0.2097 | Reduce(s) 0.0420 | Loss 13.2252
Process 002 | Epoch 01599 | Time(s) 0.4103 | Comm(s) 0.2097 | Reduce(s) 0.0420 | Loss 13.2531
Process 002 | Epoch 01609 | Time(s) 0.4103 | Comm(s) 0.2097 | Reduce(s) 0.0420 | Loss 13.2120
Process 002 | Epoch 01619 | Time(s) 0.4102 | Comm(s) 0.2096 | Reduce(s) 0.0420 | Loss 13.2423
Process 002 | Epoch 01629 | Time(s) 0.4102 | Comm(s) 0.2096 | Reduce(s) 0.0420 | Loss 13.2266
Process 002 | Epoch 01639 | Time(s) 0.4102 | Comm(s) 0.2097 | Reduce(s) 0.0420 | Loss 13.2020
Process 002 | Epoch 01649 | Time(s) 0.4101 | Comm(s) 0.2097 | Reduce(s) 0.0420 | Loss 13.2014
Process 002 | Epoch 01659 | Time(s) 0.4101 | Comm(s) 0.2097 | Reduce(s) 0.0420 | Loss 13.2409
Process 002 | Epoch 01669 | Time(s) 0.4101 | Comm(s) 0.2097 | Reduce(s) 0.0420 | Loss 13.2022
Process 002 | Epoch 01679 | Time(s) 0.4101 | Comm(s) 0.2097 | Reduce(s) 0.0420 | Loss 13.2071
Process 002 | Epoch 01689 | Time(s) 0.4100 | Comm(s) 0.2097 | Reduce(s) 0.0420 | Loss 13.1927
Process 002 | Epoch 01699 | Time(s) 0.4100 | Comm(s) 0.2097 | Reduce(s) 0.0420 | Loss 13.1937
Process 002 | Epoch 01709 | Time(s) 0.4100 | Comm(s) 0.2097 | Reduce(s) 0.0420 | Loss 13.1858
Process 002 | Epoch 01719 | Time(s) 0.4100 | Comm(s) 0.2097 | Reduce(s) 0.0420 | Loss 13.1926
Process 002 | Epoch 01729 | Time(s) 0.4099 | Comm(s) 0.2096 | Reduce(s) 0.0420 | Loss 13.1872
Process 002 | Epoch 01739 | Time(s) 0.4099 | Comm(s) 0.2096 | Reduce(s) 0.0420 | Loss 13.2031
Process 000 | Epoch 01329 | Time(s) 0.3659 | Comm(s) 0.2109 | Reduce(s) 0.0420 | Loss 16.2986
Epoch 01319 | Accuracy 64.36%
Process 000 | Epoch 01339 | Time(s) 0.3660 | Comm(s) 0.2109 | Reduce(s) 0.0420 | Loss 16.3152
Epoch 01329 | Accuracy 64.67%
Process 000 | Epoch 01349 | Time(s) 0.3660 | Comm(s) 0.2109 | Reduce(s) 0.0420 | Loss 16.2928
Epoch 01339 | Accuracy 64.55%
Process 000 | Epoch 01359 | Time(s) 0.3660 | Comm(s) 0.2109 | Reduce(s) 0.0421 | Loss 16.3938
Epoch 01349 | Accuracy 64.85%
Process 000 | Epoch 01369 | Time(s) 0.3660 | Comm(s) 0.2109 | Reduce(s) 0.0420 | Loss 16.2928
Epoch 01359 | Accuracy 65.06%
Process 000 | Epoch 01379 | Time(s) 0.3660 | Comm(s) 0.2109 | Reduce(s) 0.0420 | Loss 16.2924
Epoch 01369 | Accuracy 64.96%
Process 000 | Epoch 01389 | Time(s) 0.3660 | Comm(s) 0.2109 | Reduce(s) 0.0420 | Loss 16.2813
Epoch 01379 | Accuracy 64.67%
Process 000 | Epoch 01399 | Time(s) 0.3660 | Comm(s) 0.2109 | Reduce(s) 0.0420 | Loss 16.2682
Epoch 01389 | Accuracy 64.91%
Process 000 | Epoch 01409 | Time(s) 0.3661 | Comm(s) 0.2109 | Reduce(s) 0.0421 | Loss 16.2795
Epoch 01399 | Accuracy 64.89%
Process 000 | Epoch 01419 | Time(s) 0.3661 | Comm(s) 0.2109 | Reduce(s) 0.0420 | Loss 16.2613
Epoch 01409 | Accuracy 64.87%
Process 000 | Epoch 01429 | Time(s) 0.3661 | Comm(s) 0.2109 | Reduce(s) 0.0421 | Loss 16.2875
Epoch 01419 | Accuracy 64.63%
Process 000 | Epoch 01439 | Time(s) 0.3661 | Comm(s) 0.2109 | Reduce(s) 0.0421 | Loss 16.2800
Epoch 01429 | Accuracy 64.93%
Process 000 | Epoch 01449 | Time(s) 0.3661 | Comm(s) 0.2110 | Reduce(s) 0.0421 | Loss 16.2541
Epoch 01439 | Accuracy 64.50%
Process 000 | Epoch 01459 | Time(s) 0.3661 | Comm(s) 0.2110 | Reduce(s) 0.0421 | Loss 16.3385
Epoch 01449 | Accuracy 64.83%
Process 000 | Epoch 01469 | Time(s) 0.3661 | Comm(s) 0.2110 | Reduce(s) 0.0421 | Loss 16.2364
Epoch 01459 | Accuracy 65.05%
Process 000 | Epoch 01479 | Time(s) 0.3661 | Comm(s) 0.2110 | Reduce(s) 0.0421 | Loss 16.2363
Epoch 01469 | Accuracy 64.92%
Process 000 | Epoch 01489 | Time(s) 0.3662 | Comm(s) 0.2110 | Reduce(s) 0.0421 | Loss 16.2200
Epoch 01479 | Accuracy 64.67%
Process 000 | Epoch 01499 | Time(s) 0.3662 | Comm(s) 0.2110 | Reduce(s) 0.0420 | Loss 16.2457
Epoch 01489 | Accuracy 64.79%
Process 000 | Epoch 01509 | Time(s) 0.3662 | Comm(s) 0.2110 | Reduce(s) 0.0420 | Loss 16.2838
Epoch 01499 | Accuracy 64.35%
Process 000 | Epoch 01519 | Time(s) 0.3662 | Comm(s) 0.2110 | Reduce(s) 0.0420 | Loss 16.2269
Epoch 01509 | Accuracy 64.95%
Process 000 | Epoch 01529 | Time(s) 0.3661 | Comm(s) 0.2110 | Reduce(s) 0.0420 | Loss 16.2180
Epoch 01519 | Accuracy 64.85%
Process 000 | Epoch 01539 | Time(s) 0.3661 | Comm(s) 0.2110 | Reduce(s) 0.0421 | Loss 16.2301
Epoch 01529 | Accuracy 64.76%
Process 000 | Epoch 01549 | Time(s) 0.3661 | Comm(s) 0.2110 | Reduce(s) 0.0421 | Loss 16.2190
Epoch 01539 | Accuracy 64.99%
Process 000 | Epoch 01559 | Time(s) 0.3661 | Comm(s) 0.2110 | Reduce(s) 0.0421 | Loss 16.2078
Epoch 01549 | Accuracy 64.52%
Process 000 | Epoch 01569 | Time(s) 0.3661 | Comm(s) 0.2110 | Reduce(s) 0.0421 | Loss 16.2201
Epoch 01559 | Accuracy 64.95%
Process 000 | Epoch 01579 | Time(s) 0.3661 | Comm(s) 0.2110 | Reduce(s) 0.0421 | Loss 16.1838
Epoch 01569 | Accuracy 64.59%
Process 000 | Epoch 01589 | Time(s) 0.3661 | Comm(s) 0.2110 | Reduce(s) 0.0421 | Loss 16.1976
Epoch 01579 | Accuracy 64.75%
Process 000 | Epoch 01599 | Time(s) 0.3660 | Comm(s) 0.2109 | Reduce(s) 0.0421 | Loss 16.2003
Epoch 01589 | Accuracy 64.59%
Process 000 | Epoch 01609 | Time(s) 0.3660 | Comm(s) 0.2109 | Reduce(s) 0.0421 | Loss 16.1782
Epoch 01599 | Accuracy 64.58%
Process 000 | Epoch 01619 | Time(s) 0.3660 | Comm(s) 0.2109 | Reduce(s) 0.0421 | Loss 16.2010
Epoch 01609 | Accuracy 64.91%
Process 000 | Epoch 01629 | Time(s) 0.3660 | Comm(s) 0.2109 | Reduce(s) 0.0421 | Loss 16.1840
Epoch 01619 | Accuracy 64.94%
Process 000 | Epoch 01639 | Time(s) 0.3660 | Comm(s) 0.2109 | Reduce(s) 0.0421 | Loss 16.1761
Epoch 01629 | Accuracy 64.50%
Process 000 | Epoch 01649 | Time(s) 0.3660 | Comm(s) 0.2109 | Reduce(s) 0.0421 | Loss 16.1560
Epoch 01639 | Accuracy 64.84%
Process 000 | Epoch 01659 | Time(s) 0.3660 | Comm(s) 0.2109 | Reduce(s) 0.0421 | Loss 16.1826
Epoch 01649 | Accuracy 64.86%
Process 000 | Epoch 01669 | Time(s) 0.3660 | Comm(s) 0.2109 | Reduce(s) 0.0421 | Loss 16.1598
Epoch 01659 | Accuracy 64.51%
Process 000 | Epoch 01679 | Time(s) 0.3660 | Comm(s) 0.2109 | Reduce(s) 0.0421 | Loss 16.1531
Epoch 01669 | Accuracy 65.02%
Process 000 | Epoch 01689 | Time(s) 0.3660 | Comm(s) 0.2109 | Reduce(s) 0.0421 | Loss 16.1648
Epoch 01679 | Accuracy 64.95%
Process 000 | Epoch 01699 | Time(s) 0.3660 | Comm(s) 0.2109 | Reduce(s) 0.0421 | Loss 16.1449
Epoch 01689 | Accuracy 64.67%
Process 000 | Epoch 01709 | Time(s) 0.3660 | Comm(s) 0.2109 | Reduce(s) 0.0421 | Loss 16.1334
Epoch 01699 | Accuracy 64.68%
Process 000 | Epoch 01719 | Time(s) 0.3660 | Comm(s) 0.2109 | Reduce(s) 0.0421 | Loss 16.1383
Epoch 01709 | Accuracy 64.92%
Process 000 | Epoch 01729 | Time(s) 0.3660 | Comm(s) 0.2109 | Reduce(s) 0.0421 | Loss 16.1313
Epoch 01719 | Accuracy 64.89%
Process 000 | Epoch 01739 | Time(s) 0.3660 | Comm(s) 0.2109 | Reduce(s) 0.0421 | Loss 16.1538
Epoch 01729 | Accuracy 64.72%
Process 000 | Epoch 01749 | Time(s) 0.3660 | Comm(s) 0.2109 | Reduce(s) 0.0421 | Loss 16.1367
Epoch 01739 | Accuracy 64.55%
Process 000 | Epoch 01759 | Time(s) 0.3659 | Comm(s) 0.2108 | Reduce(s) 0.0421 | Loss 16.1280
Epoch 01749 | Accuracy 64.97%
Process 000 | Epoch 01769 | Time(s) 0.3659 | Comm(s) 0.2109 | Reduce(s) 0.0421 | Loss 16.1598
Epoch 01759 | Accuracy 64.83%
Process 000 | Epoch 01779 | Time(s) 0.3659 | Comm(s) 0.2108 | Reduce(s) 0.0421 | Loss 16.1524
Epoch 01769 | Accuracy 64.40%
Process 000 | Epoch 01789 | Time(s) 0.3659 | Comm(s) 0.2108 | Reduce(s) 0.0421 | Loss 16.1080
Epoch 01779 | Accuracy 65.05%
Process 000 | Epoch 01799 | Time(s) 0.3659 | Comm(s) 0.2108 | Reduce(s) 0.0421 | Loss 16.1293
Epoch 01789 | Accuracy 64.80%
Process 000 | Epoch 01809 | Time(s) 0.3659 | Comm(s) 0.2109 | Reduce(s) 0.0421 | Loss 16.1362
Epoch 01799 | Accuracy 65.03%
Process 000 | Epoch 01819 | Time(s) 0.3659 | Comm(s) 0.2109 | Reduce(s) 0.0421 | Loss 16.0916
Epoch 01809 | Accuracy 65.04%
Process 000 | Epoch 01829 | Time(s) 0.3660 | Comm(s) 0.2109 | Reduce(s) 0.0421 | Loss 16.1076
Epoch 01819 | Accuracy 64.78%
Process 000 | Epoch 01839 | Time(s) 0.3659 | Comm(s) 0.2108 | Reduce(s) 0.0421 | Loss 16.0930
Epoch 01829 | Accuracy 64.75%
Process 000 | Epoch 01849 | Time(s) 0.3659 | Comm(s) 0.2108 | Reduce(s) 0.0421 | Loss 16.1445
Epoch 01839 | Accuracy 64.80%
Process 000 | Epoch 01859 | Time(s) 0.3659 | Comm(s) 0.2108 | Reduce(s) 0.0421 | Loss 16.0988
Epoch 01849 | Accuracy 64.48%
Process 000 | Epoch 01869 | Time(s) 0.3659 | Comm(s) 0.2108 | Reduce(s) 0.0421 | Loss 16.1638
Epoch 01859 | Accuracy 64.88%
Process 000 | Epoch 01879 | Time(s) 0.3659 | Comm(s) 0.2108 | Reduce(s) 0.0421 | Loss 16.0944
Epoch 01869 | Accuracy 65.07%
Process 000 | Epoch 01889 | Time(s) 0.3659 | Comm(s) 0.2108 | Reduce(s) 0.0421 | Loss 16.0821
Epoch 01879 | Accuracy 64.80%
Process 000 | Epoch 01899 | Time(s) 0.3659 | Comm(s) 0.2108 | Reduce(s) 0.0421 | Loss 16.0757
Epoch 01889 | Accuracy 65.04%
Process 000 | Epoch 01909 | Time(s) 0.3659 | Comm(s) 0.2108 | Reduce(s) 0.0421 | Loss 16.0948
Epoch 01899 | Accuracy 64.89%
Process 000 | Epoch 01919 | Time(s) 0.3659 | Comm(s) 0.2108 | Reduce(s) 0.0421 | Loss 16.1539
Epoch 01909 | Accuracy 65.04%
Process 000 | Epoch 01929 | Time(s) 0.3658 | Comm(s) 0.2108 | Reduce(s) 0.0421 | Loss 16.1023
Epoch 01919 | Accuracy 64.95%
Process 000 | Epoch 01939 | Time(s) 0.3658 | Comm(s) 0.2107 | Reduce(s) 0.0421 | Loss 16.0579
Epoch 01929 | Accuracy 64.97%
Process 000 | Epoch 01949 | Time(s) 0.3658 | Comm(s) 0.2107 | Reduce(s) 0.0421 | Loss 16.0574
Epoch 01939 | Accuracy 64.89%
Process 000 | Epoch 01959 | Time(s) 0.3658 | Comm(s) 0.2107 | Reduce(s) 0.0421 | Loss 16.1672
Epoch 01949 | Accuracy 64.96%
Process 000 | Epoch 01969 | Time(s) 0.3658 | Comm(s) 0.2107 | Reduce(s) 0.0421 | Loss 16.0791
Epoch 01959 | Accuracy 65.22%
Process 000 | Epoch 01979 | Time(s) 0.3658 | Comm(s) 0.2107 | Reduce(s) 0.0421 | Loss 16.0600
Epoch 01969 | Accuracy 65.06%
Process 000 | Epoch 01989 | Time(s) 0.3658 | Comm(s) 0.2107 | Reduce(s) 0.0421 | Loss 16.0410
Process 002 | Epoch 01749 | Time(s) 0.4098 | Comm(s) 0.2096 | Reduce(s) 0.0420 | Loss 13.1776
Process 002 | Epoch 01759 | Time(s) 0.4098 | Comm(s) 0.2096 | Reduce(s) 0.0420 | Loss 13.1673
Process 002 | Epoch 01769 | Time(s) 0.4098 | Comm(s) 0.2096 | Reduce(s) 0.0420 | Loss 13.1906
Process 002 | Epoch 01779 | Time(s) 0.4097 | Comm(s) 0.2096 | Reduce(s) 0.0420 | Loss 13.2031
Process 002 | Epoch 01789 | Time(s) 0.4097 | Comm(s) 0.2096 | Reduce(s) 0.0420 | Loss 13.1638
Process 002 | Epoch 01799 | Time(s) 0.4097 | Comm(s) 0.2096 | Reduce(s) 0.0420 | Loss 13.1637
Process 002 | Epoch 01809 | Time(s) 0.4097 | Comm(s) 0.2096 | Reduce(s) 0.0420 | Loss 13.1880
Process 002 | Epoch 01819 | Time(s) 0.4096 | Comm(s) 0.2096 | Reduce(s) 0.0420 | Loss 13.1477
Process 002 | Epoch 01829 | Time(s) 0.4096 | Comm(s) 0.2096 | Reduce(s) 0.0420 | Loss 13.1499
Process 002 | Epoch 01839 | Time(s) 0.4096 | Comm(s) 0.2096 | Reduce(s) 0.0420 | Loss 13.1562
Process 002 | Epoch 01849 | Time(s) 0.4095 | Comm(s) 0.2096 | Reduce(s) 0.0420 | Loss 13.1729
Process 002 | Epoch 01859 | Time(s) 0.4095 | Comm(s) 0.2096 | Reduce(s) 0.0420 | Loss 13.1367
Process 002 | Epoch 01869 | Time(s) 0.4095 | Comm(s) 0.2095 | Reduce(s) 0.0420 | Loss 13.2036
Process 002 | Epoch 01879 | Time(s) 0.4094 | Comm(s) 0.2095 | Reduce(s) 0.0420 | Loss 13.1428
Process 002 | Epoch 01889 | Time(s) 0.4094 | Comm(s) 0.2096 | Reduce(s) 0.0420 | Loss 13.1305
Process 002 | Epoch 01899 | Time(s) 0.4094 | Comm(s) 0.2095 | Reduce(s) 0.0420 | Loss 13.1293
Process 002 | Epoch 01909 | Time(s) 0.4094 | Comm(s) 0.2095 | Reduce(s) 0.0420 | Loss 13.1296
Process 002 | Epoch 01919 | Time(s) 0.4093 | Comm(s) 0.2095 | Reduce(s) 0.0420 | Loss 13.1701
Process 002 | Epoch 01929 | Time(s) 0.4093 | Comm(s) 0.2095 | Reduce(s) 0.0420 | Loss 13.1395
Process 002 | Epoch 01939 | Time(s) 0.4092 | Comm(s) 0.2095 | Reduce(s) 0.0420 | Loss 13.1123
Process 002 | Epoch 01949 | Time(s) 0.4092 | Comm(s) 0.2095 | Reduce(s) 0.0420 | Loss 13.1063
Process 002 | Epoch 01959 | Time(s) 0.4092 | Comm(s) 0.2095 | Reduce(s) 0.0420 | Loss 13.1900
Process 002 | Epoch 01969 | Time(s) 0.4091 | Comm(s) 0.2095 | Reduce(s) 0.0420 | Loss 13.1297
Process 002 | Epoch 01979 | Time(s) 0.4091 | Comm(s) 0.2095 | Reduce(s) 0.0420 | Loss 13.1085
Process 002 | Epoch 01989 | Time(s) 0.4091 | Comm(s) 0.2095 | Reduce(s) 0.0420 | Loss 13.1110
Process 002 | Epoch 01999 | Time(s) 0.4090 | Comm(s) 0.2095 | Reduce(s) 0.0420 | Loss 13.1485
Process 002 | Epoch 02009 | Time(s) 0.4089 | Comm(s) 0.2095 | Reduce(s) 0.0420 | Loss 13.1011
Process 002 | Epoch 02019 | Time(s) 0.4089 | Comm(s) 0.2094 | Reduce(s) 0.0420 | Loss 13.0922
Process 002 | Epoch 02029 | Time(s) 0.4089 | Comm(s) 0.2095 | Reduce(s) 0.0420 | Loss 13.1040
Process 002 | Epoch 02039 | Time(s) 0.4088 | Comm(s) 0.2095 | Reduce(s) 0.0420 | Loss 13.1074
Process 002 | Epoch 02049 | Time(s) 0.4088 | Comm(s) 0.2095 | Reduce(s) 0.0420 | Loss 13.0859
Process 002 | Epoch 02059 | Time(s) 0.4088 | Comm(s) 0.2094 | Reduce(s) 0.0420 | Loss 13.0768
Process 002 | Epoch 02069 | Time(s) 0.4087 | Comm(s) 0.2094 | Reduce(s) 0.0420 | Loss 13.0886
Process 002 | Epoch 02079 | Time(s) 0.4087 | Comm(s) 0.2095 | Reduce(s) 0.0420 | Loss 13.1102
Process 002 | Epoch 02089 | Time(s) 0.4087 | Comm(s) 0.2095 | Reduce(s) 0.0420 | Loss 13.0692
Process 002 | Epoch 02099 | Time(s) 0.4086 | Comm(s) 0.2095 | Reduce(s) 0.0420 | Loss 13.0816
Process 002 | Epoch 02109 | Time(s) 0.4086 | Comm(s) 0.2095 | Reduce(s) 0.0420 | Loss 13.1031
Process 002 | Epoch 02119 | Time(s) 0.4086 | Comm(s) 0.2095 | Reduce(s) 0.0420 | Loss 13.0847
Process 002 | Epoch 02129 | Time(s) 0.4085 | Comm(s) 0.2095 | Reduce(s) 0.0420 | Loss 13.0702
Process 002 | Epoch 02139 | Time(s) 0.4085 | Comm(s) 0.2095 | Reduce(s) 0.0420 | Loss 13.1307
Process 002 | Epoch 02149 | Time(s) 0.4085 | Comm(s) 0.2095 | Reduce(s) 0.0420 | Loss 13.0738
Process 002 | Epoch 02159 | Time(s) 0.4085 | Comm(s) 0.2095 | Reduce(s) 0.0420 | Loss 13.0602
Process 002 | Epoch 02169 | Time(s) 0.4085 | Comm(s) 0.2095 | Reduce(s) 0.0420 | Loss 13.0612
Process 002 | Epoch 02179 | Time(s) 0.4084 | Comm(s) 0.2095 | Reduce(s) 0.0420 | Loss 13.0519
Process 002 | Epoch 02189 | Time(s) 0.4084 | Comm(s) 0.2095 | Reduce(s) 0.0420 | Loss 13.0988
Process 002 | Epoch 02199 | Time(s) 0.4084 | Comm(s) 0.2095 | Reduce(s) 0.0420 | Loss 13.0911
Process 002 | Epoch 02209 | Time(s) 0.4083 | Comm(s) 0.2095 | Reduce(s) 0.0420 | Loss 13.0599
Process 002 | Epoch 02219 | Time(s) 0.4083 | Comm(s) 0.2095 | Reduce(s) 0.0420 | Loss 13.0547
Process 002 | Epoch 02229 | Time(s) 0.4083 | Comm(s) 0.2095 | Reduce(s) 0.0420 | Loss 13.0425
Process 002 | Epoch 02239 | Time(s) 0.4082 | Comm(s) 0.2095 | Reduce(s) 0.0420 | Loss 13.0585
Process 002 | Epoch 02249 | Time(s) 0.4082 | Comm(s) 0.2095 | Reduce(s) 0.0420 | Loss 13.0406
Process 002 | Epoch 02259 | Time(s) 0.4082 | Comm(s) 0.2095 | Reduce(s) 0.0420 | Loss 13.0772
Process 002 | Epoch 02269 | Time(s) 0.4082 | Comm(s) 0.2095 | Reduce(s) 0.0420 | Loss 13.0406
Process 002 | Epoch 02279 | Time(s) 0.4082 | Comm(s) 0.2095 | Reduce(s) 0.0420 | Loss 13.0410
Process 002 | Epoch 02289 | Time(s) 0.4082 | Comm(s) 0.2095 | Reduce(s) 0.0420 | Loss 13.1206
Process 002 | Epoch 02299 | Time(s) 0.4082 | Comm(s) 0.2095 | Reduce(s) 0.0420 | Loss 13.0656
Process 002 | Epoch 02309 | Time(s) 0.4081 | Comm(s) 0.2095 | Reduce(s) 0.0420 | Loss 13.0245
Process 002 | Epoch 02319 | Time(s) 0.4081 | Comm(s) 0.2095 | Reduce(s) 0.0420 | Loss 13.0632
Process 002 | Epoch 02329 | Time(s) 0.4081 | Comm(s) 0.2095 | Reduce(s) 0.0420 | Loss 13.0445
Process 002 | Epoch 02339 | Time(s) 0.4080 | Comm(s) 0.2094 | Reduce(s) 0.0420 | Loss 13.0314
Process 002 | Epoch 02349 | Time(s) 0.4080 | Comm(s) 0.2094 | Reduce(s) 0.0420 | Loss 13.0093
Process 002 | Epoch 02359 | Time(s) 0.4080 | Comm(s) 0.2094 | Reduce(s) 0.0420 | Loss 13.0213
Process 002 | Epoch 02369 | Time(s) 0.4080 | Comm(s) 0.2094 | Reduce(s) 0.0420 | Loss 13.0117
Process 002 | Epoch 02379 | Time(s) 0.4079 | Comm(s) 0.2094 | Reduce(s) 0.0420 | Loss 13.0065
Process 002 | Epoch 02389 | Time(s) 0.4079 | Comm(s) 0.2094 | Reduce(s) 0.0420 | Loss 13.0565
Process 002 | Epoch 02399 | Time(s) 0.4079 | Comm(s) 0.2094 | Reduce(s) 0.0420 | Loss 13.0170
Process 002 | Epoch 02409 | Time(s) 0.4078 | Comm(s) 0.2094 | Reduce(s) 0.0420 | Loss 13.0136
Process 002 | Epoch 02419 | Time(s) 0.4078 | Comm(s) 0.2094 | Reduce(s) 0.0420 | Loss 12.9942
Process 002 | Epoch 02429 | Time(s) 0.4078 | Comm(s) 0.2094 | Reduce(s) 0.0420 | Loss 13.1184
Process 002 | Epoch 02439 | Time(s) 0.4078 | Comm(s) 0.2094 | Reduce(s) 0.0420 | Loss 12.9972
Process 002 | Epoch 02449 | Time(s) 0.4078 | Comm(s) 0.2094 | Reduce(s) 0.0420 | Loss 12.9934
Process 002 | Epoch 02459 | Time(s) 0.4077 | Comm(s) 0.2094 | Reduce(s) 0.0420 | Loss 13.0005
Process 002 | Epoch 02469 | Time(s) 0.4077 | Comm(s) 0.2094 | Reduce(s) 0.0420 | Loss 12.9806
Process 002 | Epoch 02479 | Time(s) 0.4077 | Comm(s) 0.2094 | Reduce(s) 0.0420 | Loss 13.0233
Process 002 | Epoch 02489 | Time(s) 0.4076 | Comm(s) 0.2094 | Reduce(s) 0.0420 | Loss 13.0077
Process 002 | Epoch 02499 | Time(s) 0.4076 | Comm(s) 0.2094 | Reduce(s) 0.0420 | Loss 12.9973
Process 002 | Epoch 02509 | Time(s) 0.4075 | Comm(s) 0.2093 | Reduce(s) 0.0420 | Loss 12.9783
Process 002 | Epoch 02519 | Time(s) 0.4075 | Comm(s) 0.2093 | Reduce(s) 0.0420 | Loss 13.0050
Process 002 | Epoch 02529 | Time(s) 0.4075 | Comm(s) 0.2093 | Reduce(s) 0.0420 | Loss 12.9969
Process 002 | Epoch 02539 | Time(s) 0.4074 | Comm(s) 0.2093 | Reduce(s) 0.0420 | Loss 12.9963
Process 002 | Epoch 02549 | Time(s) 0.4074 | Comm(s) 0.2093 | Reduce(s) 0.0420 | Loss 12.9857
Process 002 | Epoch 02559 | Time(s) 0.4074 | Comm(s) 0.2093 | Reduce(s) 0.0420 | Loss 12.9738
Process 002 | Epoch 02569 | Time(s) 0.4074 | Comm(s) 0.2093 | Reduce(s) 0.0420 | Loss 12.9644
Process 002 | Epoch 02579 | Time(s) 0.4074 | Comm(s) 0.2093 | Reduce(s) 0.0420 | Loss 12.9651
Process 002 | Epoch 02589 | Time(s) 0.4074 | Comm(s) 0.2093 | Reduce(s) 0.0420 | Loss 12.9687
Process 002 | Epoch 02599 | Time(s) 0.4074 | Comm(s) 0.2093 | Reduce(s) 0.0420 | Loss 12.9716
Process 002 | Epoch 02609 | Time(s) 0.4074 | Comm(s) 0.2093 | Reduce(s) 0.0420 | Loss 12.9736
Process 002 | Epoch 02619 | Time(s) 0.4074 | Comm(s) 0.2093 | Reduce(s) 0.0420 | Loss 12.9798
Process 001 | Epoch 01749 | Time(s) 0.4098 | Comm(s) 0.2117 | Reduce(s) 0.0406 | Loss 15.3970
Process 001 | Epoch 01759 | Time(s) 0.4098 | Comm(s) 0.2117 | Reduce(s) 0.0406 | Loss 15.4053
Process 001 | Epoch 01769 | Time(s) 0.4098 | Comm(s) 0.2117 | Reduce(s) 0.0406 | Loss 15.4272
Process 001 | Epoch 01779 | Time(s) 0.4097 | Comm(s) 0.2117 | Reduce(s) 0.0406 | Loss 15.4183
Process 001 | Epoch 01789 | Time(s) 0.4097 | Comm(s) 0.2117 | Reduce(s) 0.0406 | Loss 15.3979
Process 001 | Epoch 01799 | Time(s) 0.4097 | Comm(s) 0.2117 | Reduce(s) 0.0406 | Loss 15.3989
Process 001 | Epoch 01809 | Time(s) 0.4097 | Comm(s) 0.2117 | Reduce(s) 0.0406 | Loss 15.4034
Process 001 | Epoch 01819 | Time(s) 0.4096 | Comm(s) 0.2117 | Reduce(s) 0.0406 | Loss 15.3771
Process 001 | Epoch 01829 | Time(s) 0.4096 | Comm(s) 0.2117 | Reduce(s) 0.0406 | Loss 15.3792
Process 001 | Epoch 01839 | Time(s) 0.4096 | Comm(s) 0.2117 | Reduce(s) 0.0406 | Loss 15.3704
Process 001 | Epoch 01849 | Time(s) 0.4095 | Comm(s) 0.2117 | Reduce(s) 0.0406 | Loss 15.4048
Process 001 | Epoch 01859 | Time(s) 0.4095 | Comm(s) 0.2116 | Reduce(s) 0.0407 | Loss 15.3636
Process 001 | Epoch 01869 | Time(s) 0.4095 | Comm(s) 0.2116 | Reduce(s) 0.0407 | Loss 15.4275
Process 001 | Epoch 01879 | Time(s) 0.4094 | Comm(s) 0.2116 | Reduce(s) 0.0407 | Loss 15.3686
Process 001 | Epoch 01889 | Time(s) 0.4094 | Comm(s) 0.2116 | Reduce(s) 0.0407 | Loss 15.3556
Process 001 | Epoch 01899 | Time(s) 0.4094 | Comm(s) 0.2116 | Reduce(s) 0.0407 | Loss 15.3594
Process 001 | Epoch 01909 | Time(s) 0.4094 | Comm(s) 0.2116 | Reduce(s) 0.0407 | Loss 15.3684
Process 001 | Epoch 01919 | Time(s) 0.4093 | Comm(s) 0.2116 | Reduce(s) 0.0407 | Loss 15.4236
Process 001 | Epoch 01929 | Time(s) 0.4093 | Comm(s) 0.2116 | Reduce(s) 0.0407 | Loss 15.3822
Process 001 | Epoch 01939 | Time(s) 0.4092 | Comm(s) 0.2116 | Reduce(s) 0.0407 | Loss 15.3281
Process 001 | Epoch 01949 | Time(s) 0.4092 | Comm(s) 0.2116 | Reduce(s) 0.0407 | Loss 15.3293
Process 001 | Epoch 01959 | Time(s) 0.4092 | Comm(s) 0.2116 | Reduce(s) 0.0407 | Loss 15.4372
Process 001 | Epoch 01969 | Time(s) 0.4091 | Comm(s) 0.2115 | Reduce(s) 0.0407 | Loss 15.3494
Process 001 | Epoch 01979 | Time(s) 0.4091 | Comm(s) 0.2116 | Reduce(s) 0.0407 | Loss 15.3296
Process 001 | Epoch 01989 | Time(s) 0.4091 | Comm(s) 0.2116 | Reduce(s) 0.0407 | Loss 15.3219
Process 001 | Epoch 01999 | Time(s) 0.4090 | Comm(s) 0.2115 | Reduce(s) 0.0407 | Loss 15.3592
Process 001 | Epoch 02009 | Time(s) 0.4089 | Comm(s) 0.2115 | Reduce(s) 0.0407 | Loss 15.3136
Process 001 | Epoch 02019 | Time(s) 0.4089 | Comm(s) 0.2115 | Reduce(s) 0.0407 | Loss 15.3048
Process 001 | Epoch 02029 | Time(s) 0.4089 | Comm(s) 0.2115 | Reduce(s) 0.0407 | Loss 15.3257
Process 001 | Epoch 02039 | Time(s) 0.4088 | Comm(s) 0.2115 | Reduce(s) 0.0407 | Loss 15.3136
Process 001 | Epoch 02049 | Time(s) 0.4088 | Comm(s) 0.2115 | Reduce(s) 0.0407 | Loss 15.3062
Process 001 | Epoch 02059 | Time(s) 0.4088 | Comm(s) 0.2115 | Reduce(s) 0.0407 | Loss 15.2999
Process 001 | Epoch 02069 | Time(s) 0.4087 | Comm(s) 0.2114 | Reduce(s) 0.0407 | Loss 15.2977
Process 001 | Epoch 02079 | Time(s) 0.4087 | Comm(s) 0.2114 | Reduce(s) 0.0407 | Loss 15.3383
Process 001 | Epoch 02089 | Time(s) 0.4087 | Comm(s) 0.2115 | Reduce(s) 0.0407 | Loss 15.2889
Process 001 | Epoch 02099 | Time(s) 0.4086 | Comm(s) 0.2114 | Reduce(s) 0.0407 | Loss 15.2928
Process 001 | Epoch 02109 | Time(s) 0.4086 | Comm(s) 0.2114 | Reduce(s) 0.0407 | Loss 15.3211
Process 001 | Epoch 02119 | Time(s) 0.4086 | Comm(s) 0.2114 | Reduce(s) 0.0407 | Loss 15.2803
Process 001 | Epoch 02129 | Time(s) 0.4085 | Comm(s) 0.2114 | Reduce(s) 0.0407 | Loss 15.2859
Process 001 | Epoch 02139 | Time(s) 0.4085 | Comm(s) 0.2114 | Reduce(s) 0.0407 | Loss 15.3106
Process 001 | Epoch 02149 | Time(s) 0.4085 | Comm(s) 0.2114 | Reduce(s) 0.0407 | Loss 15.2962
Process 001 | Epoch 02159 | Time(s) 0.4085 | Comm(s) 0.2114 | Reduce(s) 0.0407 | Loss 15.2718
Process 001 | Epoch 02169 | Time(s) 0.4085 | Comm(s) 0.2114 | Reduce(s) 0.0407 | Loss 15.2714
Process 001 | Epoch 02179 | Time(s) 0.4084 | Comm(s) 0.2114 | Reduce(s) 0.0407 | Loss 15.2575
Process 001 | Epoch 02189 | Time(s) 0.4084 | Comm(s) 0.2114 | Reduce(s) 0.0407 | Loss 15.2900
Process 001 | Epoch 02199 | Time(s) 0.4084 | Comm(s) 0.2114 | Reduce(s) 0.0407 | Loss 15.3255
Process 001 | Epoch 02209 | Time(s) 0.4083 | Comm(s) 0.2114 | Reduce(s) 0.0407 | Loss 15.2734
Process 001 | Epoch 02219 | Time(s) 0.4083 | Comm(s) 0.2114 | Reduce(s) 0.0407 | Loss 15.2687
Process 001 | Epoch 02229 | Time(s) 0.4083 | Comm(s) 0.2114 | Reduce(s) 0.0407 | Loss 15.2529
Process 001 | Epoch 02239 | Time(s) 0.4082 | Comm(s) 0.2114 | Reduce(s) 0.0407 | Loss 15.2617
Process 001 | Epoch 02249 | Time(s) 0.4082 | Comm(s) 0.2114 | Reduce(s) 0.0407 | Loss 15.2407
Process 001 | Epoch 02259 | Time(s) 0.4082 | Comm(s) 0.2114 | Reduce(s) 0.0407 | Loss 15.2571
Process 001 | Epoch 02269 | Time(s) 0.4082 | Comm(s) 0.2114 | Reduce(s) 0.0407 | Loss 15.2439
Process 001 | Epoch 02279 | Time(s) 0.4082 | Comm(s) 0.2114 | Reduce(s) 0.0407 | Loss 15.2413
Process 001 | Epoch 02289 | Time(s) 0.4082 | Comm(s) 0.2114 | Reduce(s) 0.0407 | Loss 15.3147
Process 001 | Epoch 02299 | Time(s) 0.4082 | Comm(s) 0.2114 | Reduce(s) 0.0407 | Loss 15.2677
Process 001 | Epoch 02309 | Time(s) 0.4081 | Comm(s) 0.2114 | Reduce(s) 0.0407 | Loss 15.2307
Process 001 | Epoch 02319 | Time(s) 0.4081 | Comm(s) 0.2114 | Reduce(s) 0.0407 | Loss 15.2710
Process 001 | Epoch 02329 | Time(s) 0.4081 | Comm(s) 0.2114 | Reduce(s) 0.0407 | Loss 15.2355
Process 001 | Epoch 02339 | Time(s) 0.4080 | Comm(s) 0.2114 | Reduce(s) 0.0407 | Loss 15.2224
Process 001 | Epoch 02349 | Time(s) 0.4080 | Comm(s) 0.2114 | Reduce(s) 0.0407 | Loss 15.2127
Process 001 | Epoch 02359 | Time(s) 0.4079 | Comm(s) 0.2113 | Reduce(s) 0.0407 | Loss 15.2215
Process 001 | Epoch 02369 | Time(s) 0.4080 | Comm(s) 0.2114 | Reduce(s) 0.0407 | Loss 15.2356
Process 001 | Epoch 02379 | Time(s) 0.4079 | Comm(s) 0.2113 | Reduce(s) 0.0407 | Loss 15.2152
Process 001 | Epoch 02389 | Time(s) 0.4079 | Comm(s) 0.2113 | Reduce(s) 0.0407 | Loss 15.2518
Process 001 | Epoch 02399 | Time(s) 0.4079 | Comm(s) 0.2113 | Reduce(s) 0.0407 | Loss 15.2267
Process 001 | Epoch 02409 | Time(s) 0.4078 | Comm(s) 0.2113 | Reduce(s) 0.0407 | Loss 15.2056
Process 001 | Epoch 02419 | Time(s) 0.4078 | Comm(s) 0.2113 | Reduce(s) 0.0408 | Loss 15.1982
Process 001 | Epoch 02429 | Time(s) 0.4078 | Comm(s) 0.2113 | Reduce(s) 0.0408 | Loss 15.3084
Process 001 | Epoch 02439 | Time(s) 0.4078 | Comm(s) 0.2113 | Reduce(s) 0.0408 | Loss 15.1996
Process 001 | Epoch 02449 | Time(s) 0.4078 | Comm(s) 0.2113 | Reduce(s) 0.0408 | Loss 15.1985
Process 001 | Epoch 02459 | Time(s) 0.4077 | Comm(s) 0.2113 | Reduce(s) 0.0408 | Loss 15.2052
Process 001 | Epoch 02469 | Time(s) 0.4077 | Comm(s) 0.2113 | Reduce(s) 0.0408 | Loss 15.1838
Process 001 | Epoch 02479 | Time(s) 0.4077 | Comm(s) 0.2113 | Reduce(s) 0.0408 | Loss 15.2217
Process 001 | Epoch 02489 | Time(s) 0.4076 | Comm(s) 0.2113 | Reduce(s) 0.0408 | Loss 15.1931
Process 001 | Epoch 02499 | Time(s) 0.4076 | Comm(s) 0.2113 | Reduce(s) 0.0408 | Loss 15.1928
Process 001 | Epoch 02509 | Time(s) 0.4075 | Comm(s) 0.2113 | Reduce(s) 0.0408 | Loss 15.1811
Process 001 | Epoch 02519 | Time(s) 0.4075 | Comm(s) 0.2113 | Reduce(s) 0.0408 | Loss 15.1895
Process 001 | Epoch 02529 | Time(s) 0.4075 | Comm(s) 0.2113 | Reduce(s) 0.0408 | Loss 15.2031
Process 001 | Epoch 02539 | Time(s) 0.4074 | Comm(s) 0.2113 | Reduce(s) 0.0408 | Loss 15.1783
Process 001 | Epoch 02549 | Time(s) 0.4074 | Comm(s) 0.2113 | Reduce(s) 0.0408 | Loss 15.1916
Process 001 | Epoch 02559 | Time(s) 0.4074 | Comm(s) 0.2113 | Reduce(s) 0.0408 | Loss 15.1790
Process 001 | Epoch 02569 | Time(s) 0.4074 | Comm(s) 0.2113 | Reduce(s) 0.0408 | Loss 15.1725
Process 001 | Epoch 02579 | Time(s) 0.4074 | Comm(s) 0.2113 | Reduce(s) 0.0408 | Loss 15.1693
Process 001 | Epoch 02589 | Time(s) 0.4074 | Comm(s) 0.2113 | Reduce(s) 0.0408 | Loss 15.1700
Process 001 | Epoch 02599 | Time(s) 0.4074 | Comm(s) 0.2113 | Reduce(s) 0.0408 | Loss 15.1722
Process 001 | Epoch 02609 | Time(s) 0.4074 | Comm(s) 0.2113 | Reduce(s) 0.0408 | Loss 15.1645
Process 001 | Epoch 02619 | Time(s) 0.4074 | Comm(s) 0.2113 | Reduce(s) 0.0407 | Loss 15.1590
Epoch 01979 | Accuracy 65.05%
Process 000 | Epoch 01999 | Time(s) 0.3658 | Comm(s) 0.2107 | Reduce(s) 0.0422 | Loss 16.0869
Epoch 01989 | Accuracy 64.81%
Process 000 | Epoch 02009 | Time(s) 0.3658 | Comm(s) 0.2106 | Reduce(s) 0.0422 | Loss 16.0462
Epoch 01999 | Accuracy 64.51%
Process 000 | Epoch 02019 | Time(s) 0.3657 | Comm(s) 0.2106 | Reduce(s) 0.0422 | Loss 16.0381
Epoch 02009 | Accuracy 65.01%
Process 000 | Epoch 02029 | Time(s) 0.3658 | Comm(s) 0.2106 | Reduce(s) 0.0422 | Loss 16.0519
Epoch 02019 | Accuracy 64.85%
Process 000 | Epoch 02039 | Time(s) 0.3657 | Comm(s) 0.2106 | Reduce(s) 0.0422 | Loss 16.0409
Epoch 02029 | Accuracy 65.08%
Process 000 | Epoch 02049 | Time(s) 0.3657 | Comm(s) 0.2106 | Reduce(s) 0.0422 | Loss 16.0339
Epoch 02039 | Accuracy 64.66%
Process 000 | Epoch 02059 | Time(s) 0.3657 | Comm(s) 0.2106 | Reduce(s) 0.0422 | Loss 16.0113
Epoch 02049 | Accuracy 65.10%
Process 000 | Epoch 02069 | Time(s) 0.3657 | Comm(s) 0.2106 | Reduce(s) 0.0422 | Loss 16.0167
Epoch 02059 | Accuracy 64.84%
Process 000 | Epoch 02079 | Time(s) 0.3657 | Comm(s) 0.2106 | Reduce(s) 0.0422 | Loss 16.0585
Epoch 02069 | Accuracy 64.83%
Process 000 | Epoch 02089 | Time(s) 0.3657 | Comm(s) 0.2106 | Reduce(s) 0.0422 | Loss 16.0095
Epoch 02079 | Accuracy 64.68%
Process 000 | Epoch 02099 | Time(s) 0.3657 | Comm(s) 0.2106 | Reduce(s) 0.0422 | Loss 16.0177
Epoch 02089 | Accuracy 64.86%
Process 000 | Epoch 02109 | Time(s) 0.3657 | Comm(s) 0.2106 | Reduce(s) 0.0422 | Loss 16.0444
Epoch 02099 | Accuracy 64.86%
Process 000 | Epoch 02119 | Time(s) 0.3657 | Comm(s) 0.2106 | Reduce(s) 0.0422 | Loss 16.0146
Epoch 02109 | Accuracy 64.61%
Process 000 | Epoch 02129 | Time(s) 0.3657 | Comm(s) 0.2106 | Reduce(s) 0.0422 | Loss 16.0018
Epoch 02119 | Accuracy 65.09%
Process 000 | Epoch 02139 | Time(s) 0.3657 | Comm(s) 0.2106 | Reduce(s) 0.0422 | Loss 16.0500
Epoch 02129 | Accuracy 64.83%
Process 000 | Epoch 02149 | Time(s) 0.3657 | Comm(s) 0.2106 | Reduce(s) 0.0422 | Loss 16.0169
Epoch 02139 | Accuracy 64.28%
Process 000 | Epoch 02159 | Time(s) 0.3657 | Comm(s) 0.2105 | Reduce(s) 0.0422 | Loss 15.9967
Epoch 02149 | Accuracy 64.94%
Process 000 | Epoch 02169 | Time(s) 0.3657 | Comm(s) 0.2106 | Reduce(s) 0.0422 | Loss 15.9830
Epoch 02159 | Accuracy 65.06%
Process 000 | Epoch 02179 | Time(s) 0.3657 | Comm(s) 0.2106 | Reduce(s) 0.0422 | Loss 15.9820
Epoch 02169 | Accuracy 64.90%
Process 000 | Epoch 02189 | Time(s) 0.3657 | Comm(s) 0.2105 | Reduce(s) 0.0422 | Loss 16.0175
Epoch 02179 | Accuracy 64.90%
Process 000 | Epoch 02199 | Time(s) 0.3657 | Comm(s) 0.2106 | Reduce(s) 0.0422 | Loss 16.0418
Epoch 02189 | Accuracy 64.51%
Process 000 | Epoch 02209 | Time(s) 0.3657 | Comm(s) 0.2106 | Reduce(s) 0.0422 | Loss 15.9891
Epoch 02199 | Accuracy 65.18%
Process 000 | Epoch 02219 | Time(s) 0.3657 | Comm(s) 0.2106 | Reduce(s) 0.0422 | Loss 15.9979
Epoch 02209 | Accuracy 65.01%
Process 000 | Epoch 02229 | Time(s) 0.3657 | Comm(s) 0.2106 | Reduce(s) 0.0422 | Loss 15.9841
Epoch 02219 | Accuracy 65.08%
Process 000 | Epoch 02239 | Time(s) 0.3657 | Comm(s) 0.2106 | Reduce(s) 0.0422 | Loss 15.9857
Epoch 02229 | Accuracy 64.74%
Process 000 | Epoch 02249 | Time(s) 0.3657 | Comm(s) 0.2105 | Reduce(s) 0.0422 | Loss 15.9599
Epoch 02239 | Accuracy 65.04%
Process 000 | Epoch 02259 | Time(s) 0.3657 | Comm(s) 0.2105 | Reduce(s) 0.0422 | Loss 15.9977
Epoch 02249 | Accuracy 64.89%
Process 000 | Epoch 02269 | Time(s) 0.3657 | Comm(s) 0.2105 | Reduce(s) 0.0422 | Loss 15.9813
Epoch 02259 | Accuracy 64.56%
Process 000 | Epoch 02279 | Time(s) 0.3657 | Comm(s) 0.2105 | Reduce(s) 0.0422 | Loss 15.9806
Epoch 02269 | Accuracy 65.10%
Process 000 | Epoch 02289 | Time(s) 0.3657 | Comm(s) 0.2105 | Reduce(s) 0.0422 | Loss 16.0527
Epoch 02279 | Accuracy 64.85%
Process 000 | Epoch 02299 | Time(s) 0.3656 | Comm(s) 0.2105 | Reduce(s) 0.0422 | Loss 16.0135
Epoch 02289 | Accuracy 64.24%
Process 000 | Epoch 02309 | Time(s) 0.3656 | Comm(s) 0.2105 | Reduce(s) 0.0422 | Loss 15.9507
Epoch 02299 | Accuracy 64.73%
Process 000 | Epoch 02319 | Time(s) 0.3656 | Comm(s) 0.2105 | Reduce(s) 0.0422 | Loss 15.9973
Epoch 02309 | Accuracy 64.90%
Process 000 | Epoch 02329 | Time(s) 0.3656 | Comm(s) 0.2106 | Reduce(s) 0.0422 | Loss 15.9615
Epoch 02319 | Accuracy 64.55%
Process 000 | Epoch 02339 | Time(s) 0.3656 | Comm(s) 0.2105 | Reduce(s) 0.0422 | Loss 15.9536
Epoch 02329 | Accuracy 65.10%
Process 000 | Epoch 02349 | Time(s) 0.3656 | Comm(s) 0.2105 | Reduce(s) 0.0422 | Loss 15.9383
Epoch 02339 | Accuracy 64.78%
Process 000 | Epoch 02359 | Time(s) 0.3656 | Comm(s) 0.2105 | Reduce(s) 0.0422 | Loss 15.9496
Epoch 02349 | Accuracy 64.96%
Process 000 | Epoch 02369 | Time(s) 0.3656 | Comm(s) 0.2105 | Reduce(s) 0.0422 | Loss 15.9642
Epoch 02359 | Accuracy 65.08%
Process 000 | Epoch 02379 | Time(s) 0.3656 | Comm(s) 0.2105 | Reduce(s) 0.0422 | Loss 15.9285
Epoch 02369 | Accuracy 65.12%
Process 000 | Epoch 02389 | Time(s) 0.3656 | Comm(s) 0.2106 | Reduce(s) 0.0422 | Loss 15.9975
Epoch 02379 | Accuracy 64.90%
Process 000 | Epoch 02399 | Time(s) 0.3656 | Comm(s) 0.2106 | Reduce(s) 0.0422 | Loss 15.9488
Epoch 02389 | Accuracy 64.47%
Process 000 | Epoch 02409 | Time(s) 0.3656 | Comm(s) 0.2106 | Reduce(s) 0.0422 | Loss 15.9282
Epoch 02399 | Accuracy 65.05%
Process 000 | Epoch 02419 | Time(s) 0.3656 | Comm(s) 0.2106 | Reduce(s) 0.0422 | Loss 15.9172
Epoch 02409 | Accuracy 64.88%
Process 000 | Epoch 02429 | Time(s) 0.3656 | Comm(s) 0.2106 | Reduce(s) 0.0422 | Loss 16.0495
Epoch 02419 | Accuracy 64.96%
Process 000 | Epoch 02439 | Time(s) 0.3656 | Comm(s) 0.2106 | Reduce(s) 0.0422 | Loss 15.9356
Epoch 02429 | Accuracy 65.22%
Process 000 | Epoch 02449 | Time(s) 0.3656 | Comm(s) 0.2106 | Reduce(s) 0.0422 | Loss 15.9215
Epoch 02439 | Accuracy 65.20%
Process 000 | Epoch 02459 | Time(s) 0.3656 | Comm(s) 0.2106 | Reduce(s) 0.0422 | Loss 15.9295
Epoch 02449 | Accuracy 65.10%
Process 000 | Epoch 02469 | Time(s) 0.3656 | Comm(s) 0.2106 | Reduce(s) 0.0422 | Loss 15.9023
Epoch 02459 | Accuracy 64.84%
Process 000 | Epoch 02479 | Time(s) 0.3656 | Comm(s) 0.2106 | Reduce(s) 0.0422 | Loss 15.9580
Epoch 02469 | Accuracy 64.86%
Process 000 | Epoch 02489 | Time(s) 0.3656 | Comm(s) 0.2106 | Reduce(s) 0.0422 | Loss 15.9221
Epoch 02479 | Accuracy 65.15%
Process 000 | Epoch 02499 | Time(s) 0.3656 | Comm(s) 0.2106 | Reduce(s) 0.0422 | Loss 15.9198
Epoch 02489 | Accuracy 64.79%
Process 000 | Epoch 02509 | Time(s) 0.3655 | Comm(s) 0.2105 | Reduce(s) 0.0422 | Loss 15.9034
Epoch 02499 | Accuracy 65.10%
Process 000 | Epoch 02519 | Time(s) 0.3655 | Comm(s) 0.2105 | Reduce(s) 0.0422 | Loss 15.9122
Epoch 02509 | Accuracy 64.95%
Process 000 | Epoch 02529 | Time(s) 0.3655 | Comm(s) 0.2106 | Reduce(s) 0.0422 | Loss 15.9213
Epoch 02519 | Accuracy 65.07%
Process 000 | Epoch 02539 | Time(s) 0.3655 | Comm(s) 0.2105 | Reduce(s) 0.0422 | Loss 15.9174
Epoch 02529 | Accuracy 64.92%
Process 000 | Epoch 02549 | Time(s) 0.3655 | Comm(s) 0.2105 | Reduce(s) 0.0422 | Loss 15.8993
Epoch 02539 | Accuracy 64.74%
Process 000 | Epoch 02559 | Time(s) 0.3655 | Comm(s) 0.2106 | Reduce(s) 0.0422 | Loss 15.8838
Epoch 02549 | Accuracy 65.06%
Process 000 | Epoch 02569 | Time(s) 0.3655 | Comm(s) 0.2106 | Reduce(s) 0.0422 | Loss 15.8743
Epoch 02559 | Accuracy 65.04%
Process 000 | Epoch 02579 | Time(s) 0.3655 | Comm(s) 0.2106 | Reduce(s) 0.0422 | Loss 15.8907
Epoch 02569 | Accuracy 64.91%
Process 000 | Epoch 02589 | Time(s) 0.3655 | Comm(s) 0.2106 | Reduce(s) 0.0422 | Loss 15.9047
Epoch 02579 | Accuracy 65.12%
Process 000 | Epoch 02599 | Time(s) 0.3655 | Comm(s) 0.2106 | Reduce(s) 0.0422 | Loss 15.8958
Epoch 02589 | Accuracy 64.60%
Process 000 | Epoch 02609 | Time(s) 0.3655 | Comm(s) 0.2106 | Reduce(s) 0.0422 | Loss 15.8785
Epoch 02599 | Accuracy 64.90%
Process 000 | Epoch 02619 | Time(s) 0.3655 | Comm(s) 0.2106 | Reduce(s) 0.0422 | Loss 15.8902
Epoch 02609 | Accuracy 65.05%
Process 000 | Epoch 02629 | Time(s) 0.3655 | Comm(s) 0.2106 | Reduce(s) 0.0422 | Loss 15.8825
Epoch 02619 | Accuracy 64.84%
Process 000 | Epoch 02639 | Time(s) 0.3656 | Comm(s) 0.2107 | Reduce(s) 0.0422 | Loss 15.8806
Epoch 02629 | Accuracy 65.04%
Process 000 | Epoch 02649 | Time(s) 0.3656 | Comm(s) 0.2107 | Reduce(s) 0.0422 | Loss 15.8999
Epoch 02639 | Accuracy 65.09%
Process 002 | Epoch 02629 | Time(s) 0.4074 | Comm(s) 0.2093 | Reduce(s) 0.0420 | Loss 12.9494
Process 002 | Epoch 02639 | Time(s) 0.4073 | Comm(s) 0.2093 | Reduce(s) 0.0420 | Loss 12.9543
Process 002 | Epoch 02649 | Time(s) 0.4073 | Comm(s) 0.2093 | Reduce(s) 0.0420 | Loss 12.9806
Process 002 | Epoch 02659 | Time(s) 0.4073 | Comm(s) 0.2093 | Reduce(s) 0.0420 | Loss 12.9848
Process 002 | Epoch 02669 | Time(s) 0.4072 | Comm(s) 0.2093 | Reduce(s) 0.0420 | Loss 12.9535
Process 002 | Epoch 02679 | Time(s) 0.4072 | Comm(s) 0.2094 | Reduce(s) 0.0420 | Loss 12.9772
Process 002 | Epoch 02689 | Time(s) 0.4072 | Comm(s) 0.2094 | Reduce(s) 0.0420 | Loss 12.9530
Process 002 | Epoch 02699 | Time(s) 0.4072 | Comm(s) 0.2093 | Reduce(s) 0.0420 | Loss 12.9848
Process 002 | Epoch 02709 | Time(s) 0.4072 | Comm(s) 0.2093 | Reduce(s) 0.0420 | Loss 12.9804
Process 002 | Epoch 02719 | Time(s) 0.4071 | Comm(s) 0.2093 | Reduce(s) 0.0420 | Loss 12.9497
Process 002 | Epoch 02729 | Time(s) 0.4072 | Comm(s) 0.2093 | Reduce(s) 0.0420 | Loss 12.9325
Process 002 | Epoch 02739 | Time(s) 0.4071 | Comm(s) 0.2094 | Reduce(s) 0.0420 | Loss 12.9337
Process 002 | Epoch 02749 | Time(s) 0.4071 | Comm(s) 0.2093 | Reduce(s) 0.0420 | Loss 13.0220
Process 002 | Epoch 02759 | Time(s) 0.4071 | Comm(s) 0.2093 | Reduce(s) 0.0420 | Loss 12.9435
Process 002 | Epoch 02769 | Time(s) 0.4071 | Comm(s) 0.2093 | Reduce(s) 0.0420 | Loss 12.9388
Process 002 | Epoch 02779 | Time(s) 0.4070 | Comm(s) 0.2093 | Reduce(s) 0.0420 | Loss 12.9321
Process 002 | Epoch 02789 | Time(s) 0.4070 | Comm(s) 0.2093 | Reduce(s) 0.0420 | Loss 12.9574
Process 002 | Epoch 02799 | Time(s) 0.4070 | Comm(s) 0.2093 | Reduce(s) 0.0420 | Loss 12.9316
Process 002 | Epoch 02809 | Time(s) 0.4070 | Comm(s) 0.2093 | Reduce(s) 0.0420 | Loss 12.9369
Process 002 | Epoch 02819 | Time(s) 0.4070 | Comm(s) 0.2093 | Reduce(s) 0.0420 | Loss 12.9277
Process 002 | Epoch 02829 | Time(s) 0.4070 | Comm(s) 0.2093 | Reduce(s) 0.0420 | Loss 12.9251
Process 002 | Epoch 02839 | Time(s) 0.4070 | Comm(s) 0.2093 | Reduce(s) 0.0420 | Loss 12.9558
Process 002 | Epoch 02849 | Time(s) 0.4070 | Comm(s) 0.2093 | Reduce(s) 0.0420 | Loss 12.9386
Process 002 | Epoch 02859 | Time(s) 0.4069 | Comm(s) 0.2093 | Reduce(s) 0.0420 | Loss 12.9093
Process 002 | Epoch 02869 | Time(s) 0.4069 | Comm(s) 0.2093 | Reduce(s) 0.0420 | Loss 12.9303
Process 002 | Epoch 02879 | Time(s) 0.4069 | Comm(s) 0.2093 | Reduce(s) 0.0420 | Loss 12.9744
Process 002 | Epoch 02889 | Time(s) 0.4069 | Comm(s) 0.2093 | Reduce(s) 0.0420 | Loss 12.9109
Process 002 | Epoch 02899 | Time(s) 0.4069 | Comm(s) 0.2093 | Reduce(s) 0.0420 | Loss 12.9102
Process 002 | Epoch 02909 | Time(s) 0.4069 | Comm(s) 0.2093 | Reduce(s) 0.0420 | Loss 12.9129
Process 002 | Epoch 02919 | Time(s) 0.4069 | Comm(s) 0.2093 | Reduce(s) 0.0420 | Loss 12.9206
Process 002 | Epoch 02929 | Time(s) 0.4069 | Comm(s) 0.2093 | Reduce(s) 0.0420 | Loss 12.9016
Process 002 | Epoch 02939 | Time(s) 0.4069 | Comm(s) 0.2093 | Reduce(s) 0.0420 | Loss 12.9311
Process 002 | Epoch 02949 | Time(s) 0.4069 | Comm(s) 0.2093 | Reduce(s) 0.0420 | Loss 12.9191
Process 002 | Epoch 02959 | Time(s) 0.4068 | Comm(s) 0.2093 | Reduce(s) 0.0420 | Loss 12.9056
Process 002 | Epoch 02969 | Time(s) 0.4069 | Comm(s) 0.2093 | Reduce(s) 0.0420 | Loss 12.9317
Process 002 | Epoch 02979 | Time(s) 0.4068 | Comm(s) 0.2092 | Reduce(s) 0.0420 | Loss 12.9177
Process 002 | Epoch 02989 | Time(s) 0.4068 | Comm(s) 0.2092 | Reduce(s) 0.0420 | Loss 12.8943
Process 002 | Epoch 02999 | Time(s) 0.4068 | Comm(s) 0.2092 | Reduce(s) 0.0420 | Loss 12.9002
(rank 2) memory stats: current 749.06MB, peak 5489.06MB, reserved 6006.00MB

Process 001 | Epoch 02629 | Time(s) 0.4074 | Comm(s) 0.2113 | Reduce(s) 0.0407 | Loss 15.1480
Process 001 | Epoch 02639 | Time(s) 0.4073 | Comm(s) 0.2113 | Reduce(s) 0.0407 | Loss 15.1508
Process 001 | Epoch 02649 | Time(s) 0.4073 | Comm(s) 0.2113 | Reduce(s) 0.0407 | Loss 15.1724
Process 001 | Epoch 02659 | Time(s) 0.4073 | Comm(s) 0.2113 | Reduce(s) 0.0407 | Loss 15.1730
Process 001 | Epoch 02669 | Time(s) 0.4072 | Comm(s) 0.2113 | Reduce(s) 0.0407 | Loss 15.1526
Process 001 | Epoch 02679 | Time(s) 0.4072 | Comm(s) 0.2113 | Reduce(s) 0.0407 | Loss 15.1552
Process 001 | Epoch 02689 | Time(s) 0.4072 | Comm(s) 0.2114 | Reduce(s) 0.0407 | Loss 15.1377
Process 001 | Epoch 02699 | Time(s) 0.4072 | Comm(s) 0.2113 | Reduce(s) 0.0408 | Loss 15.1611
Process 001 | Epoch 02709 | Time(s) 0.4072 | Comm(s) 0.2113 | Reduce(s) 0.0407 | Loss 15.1835
Process 001 | Epoch 02719 | Time(s) 0.4071 | Comm(s) 0.2113 | Reduce(s) 0.0407 | Loss 15.1509
Process 001 | Epoch 02729 | Time(s) 0.4072 | Comm(s) 0.2113 | Reduce(s) 0.0407 | Loss 15.1275
Process 001 | Epoch 02739 | Time(s) 0.4071 | Comm(s) 0.2113 | Reduce(s) 0.0407 | Loss 15.1245
Process 001 | Epoch 02749 | Time(s) 0.4071 | Comm(s) 0.2113 | Reduce(s) 0.0407 | Loss 15.2035
Process 001 | Epoch 02759 | Time(s) 0.4071 | Comm(s) 0.2113 | Reduce(s) 0.0408 | Loss 15.1324
Process 001 | Epoch 02769 | Time(s) 0.4071 | Comm(s) 0.2113 | Reduce(s) 0.0408 | Loss 15.1237
Process 001 | Epoch 02779 | Time(s) 0.4070 | Comm(s) 0.2113 | Reduce(s) 0.0408 | Loss 15.1325
Process 001 | Epoch 02789 | Time(s) 0.4070 | Comm(s) 0.2113 | Reduce(s) 0.0408 | Loss 15.1394
Process 001 | Epoch 02799 | Time(s) 0.4070 | Comm(s) 0.2113 | Reduce(s) 0.0408 | Loss 15.1315
Process 001 | Epoch 02809 | Time(s) 0.4070 | Comm(s) 0.2113 | Reduce(s) 0.0408 | Loss 15.1364
Process 001 | Epoch 02819 | Time(s) 0.4070 | Comm(s) 0.2113 | Reduce(s) 0.0408 | Loss 15.1212
Process 001 | Epoch 02829 | Time(s) 0.4070 | Comm(s) 0.2113 | Reduce(s) 0.0408 | Loss 15.1396
Process 001 | Epoch 02839 | Time(s) 0.4070 | Comm(s) 0.2112 | Reduce(s) 0.0408 | Loss 15.1283
Process 001 | Epoch 02849 | Time(s) 0.4070 | Comm(s) 0.2112 | Reduce(s) 0.0408 | Loss 15.1232
Process 001 | Epoch 02859 | Time(s) 0.4069 | Comm(s) 0.2112 | Reduce(s) 0.0408 | Loss 15.1091
Process 001 | Epoch 02869 | Time(s) 0.4069 | Comm(s) 0.2112 | Reduce(s) 0.0408 | Loss 15.1120
Process 001 | Epoch 02879 | Time(s) 0.4069 | Comm(s) 0.2112 | Reduce(s) 0.0408 | Loss 15.1384
Process 001 | Epoch 02889 | Time(s) 0.4069 | Comm(s) 0.2112 | Reduce(s) 0.0408 | Loss 15.1235
Process 001 | Epoch 02899 | Time(s) 0.4069 | Comm(s) 0.2112 | Reduce(s) 0.0408 | Loss 15.1049
Process 001 | Epoch 02909 | Time(s) 0.4069 | Comm(s) 0.2112 | Reduce(s) 0.0408 | Loss 15.0979
Process 001 | Epoch 02919 | Time(s) 0.4069 | Comm(s) 0.2112 | Reduce(s) 0.0408 | Loss 15.1073
Process 001 | Epoch 02929 | Time(s) 0.4069 | Comm(s) 0.2112 | Reduce(s) 0.0408 | Loss 15.1008
Process 001 | Epoch 02939 | Time(s) 0.4069 | Comm(s) 0.2111 | Reduce(s) 0.0408 | Loss 15.1069
Process 001 | Epoch 02949 | Time(s) 0.4069 | Comm(s) 0.2111 | Reduce(s) 0.0408 | Loss 15.1220
Process 001 | Epoch 02959 | Time(s) 0.4069 | Comm(s) 0.2111 | Reduce(s) 0.0408 | Loss 15.0842
Process 001 | Epoch 02969 | Time(s) 0.4069 | Comm(s) 0.2111 | Reduce(s) 0.0408 | Loss 15.1058
Process 001 | Epoch 02979 | Time(s) 0.4068 | Comm(s) 0.2111 | Reduce(s) 0.0408 | Loss 15.1250
Process 001 | Epoch 02989 | Time(s) 0.4068 | Comm(s) 0.2111 | Reduce(s) 0.0408 | Loss 15.0925
Process 001 | Epoch 02999 | Time(s) 0.4068 | Comm(s) 0.2111 | Reduce(s) 0.0408 | Loss 15.0749
(rank 1) memory stats: current 676.67MB, peak 5215.67MB, reserved 5366.00MB

Process 000 | Epoch 02659 | Time(s) 0.3656 | Comm(s) 0.2107 | Reduce(s) 0.0422 | Loss 15.8962
Epoch 02649 | Accuracy 65.06%
Process 000 | Epoch 02669 | Time(s) 0.3656 | Comm(s) 0.2107 | Reduce(s) 0.0422 | Loss 15.8811
Epoch 02659 | Accuracy 64.82%
Process 000 | Epoch 02679 | Time(s) 0.3656 | Comm(s) 0.2107 | Reduce(s) 0.0422 | Loss 15.8881
Epoch 02669 | Accuracy 65.10%
Process 000 | Epoch 02689 | Time(s) 0.3656 | Comm(s) 0.2107 | Reduce(s) 0.0422 | Loss 15.8760
Epoch 02679 | Accuracy 65.04%
Process 000 | Epoch 02699 | Time(s) 0.3656 | Comm(s) 0.2107 | Reduce(s) 0.0422 | Loss 15.9006
Epoch 02689 | Accuracy 65.00%
Process 000 | Epoch 02709 | Time(s) 0.3656 | Comm(s) 0.2107 | Reduce(s) 0.0422 | Loss 15.9154
Epoch 02699 | Accuracy 64.44%
Process 000 | Epoch 02719 | Time(s) 0.3656 | Comm(s) 0.2107 | Reduce(s) 0.0422 | Loss 15.8664
Epoch 02709 | Accuracy 65.06%
Process 000 | Epoch 02729 | Time(s) 0.3656 | Comm(s) 0.2107 | Reduce(s) 0.0422 | Loss 15.8498
Epoch 02719 | Accuracy 65.05%
Process 000 | Epoch 02739 | Time(s) 0.3656 | Comm(s) 0.2108 | Reduce(s) 0.0422 | Loss 15.8548
Epoch 02729 | Accuracy 65.03%
Process 000 | Epoch 02749 | Time(s) 0.3656 | Comm(s) 0.2108 | Reduce(s) 0.0422 | Loss 15.9408
Epoch 02739 | Accuracy 64.99%
Process 000 | Epoch 02759 | Time(s) 0.3656 | Comm(s) 0.2108 | Reduce(s) 0.0422 | Loss 15.8551
Epoch 02749 | Accuracy 64.51%
Process 000 | Epoch 02769 | Time(s) 0.3656 | Comm(s) 0.2108 | Reduce(s) 0.0422 | Loss 15.8487
Epoch 02759 | Accuracy 64.78%
Process 000 | Epoch 02779 | Time(s) 0.3656 | Comm(s) 0.2108 | Reduce(s) 0.0422 | Loss 15.8457
Epoch 02769 | Accuracy 64.99%
Process 000 | Epoch 02789 | Time(s) 0.3656 | Comm(s) 0.2108 | Reduce(s) 0.0422 | Loss 15.8723
Epoch 02779 | Accuracy 64.82%
Process 000 | Epoch 02799 | Time(s) 0.3656 | Comm(s) 0.2108 | Reduce(s) 0.0422 | Loss 15.8531
Epoch 02789 | Accuracy 64.95%
Process 000 | Epoch 02809 | Time(s) 0.3656 | Comm(s) 0.2108 | Reduce(s) 0.0422 | Loss 15.8595
Epoch 02799 | Accuracy 65.09%
Process 000 | Epoch 02819 | Time(s) 0.3656 | Comm(s) 0.2108 | Reduce(s) 0.0422 | Loss 15.8424
Epoch 02809 | Accuracy 64.81%
Process 000 | Epoch 02829 | Time(s) 0.3656 | Comm(s) 0.2108 | Reduce(s) 0.0422 | Loss 15.8630
Epoch 02819 | Accuracy 64.97%
Process 000 | Epoch 02839 | Time(s) 0.3655 | Comm(s) 0.2108 | Reduce(s) 0.0422 | Loss 15.8451
Epoch 02829 | Accuracy 65.09%
Process 000 | Epoch 02849 | Time(s) 0.3655 | Comm(s) 0.2108 | Reduce(s) 0.0422 | Loss 15.8385
Epoch 02839 | Accuracy 64.79%
Process 000 | Epoch 02859 | Time(s) 0.3655 | Comm(s) 0.2108 | Reduce(s) 0.0422 | Loss 15.8221
Epoch 02849 | Accuracy 65.10%
Process 000 | Epoch 02869 | Time(s) 0.3655 | Comm(s) 0.2107 | Reduce(s) 0.0422 | Loss 15.8377
Epoch 02859 | Accuracy 65.04%
Process 000 | Epoch 02879 | Time(s) 0.3655 | Comm(s) 0.2108 | Reduce(s) 0.0422 | Loss 15.8809
Epoch 02869 | Accuracy 65.15%
Process 000 | Epoch 02889 | Time(s) 0.3655 | Comm(s) 0.2107 | Reduce(s) 0.0422 | Loss 15.8286
Epoch 02879 | Accuracy 64.57%
Process 000 | Epoch 02899 | Time(s) 0.3655 | Comm(s) 0.2107 | Reduce(s) 0.0422 | Loss 15.8169
Epoch 02889 | Accuracy 64.89%
Process 000 | Epoch 02909 | Time(s) 0.3655 | Comm(s) 0.2107 | Reduce(s) 0.0422 | Loss 15.8179
Epoch 02899 | Accuracy 65.03%
Process 000 | Epoch 02919 | Time(s) 0.3655 | Comm(s) 0.2107 | Reduce(s) 0.0422 | Loss 15.8400
Epoch 02909 | Accuracy 65.11%
Process 000 | Epoch 02929 | Time(s) 0.3655 | Comm(s) 0.2107 | Reduce(s) 0.0422 | Loss 15.8150
Epoch 02919 | Accuracy 65.11%
Process 000 | Epoch 02939 | Time(s) 0.3655 | Comm(s) 0.2107 | Reduce(s) 0.0422 | Loss 15.8306
Epoch 02929 | Accuracy 64.92%
Process 000 | Epoch 02949 | Time(s) 0.3655 | Comm(s) 0.2107 | Reduce(s) 0.0422 | Loss 15.8391
Epoch 02939 | Accuracy 64.79%
Process 000 | Epoch 02959 | Time(s) 0.3655 | Comm(s) 0.2107 | Reduce(s) 0.0422 | Loss 15.7998
Epoch 02949 | Accuracy 64.77%
Process 000 | Epoch 02969 | Time(s) 0.3655 | Comm(s) 0.2107 | Reduce(s) 0.0422 | Loss 15.8242
Epoch 02959 | Accuracy 64.95%
Process 000 | Epoch 02979 | Time(s) 0.3655 | Comm(s) 0.2107 | Reduce(s) 0.0422 | Loss 15.8354
Epoch 02969 | Accuracy 64.52%
Process 000 | Epoch 02989 | Time(s) 0.3655 | Comm(s) 0.2107 | Reduce(s) 0.0422 | Loss 15.8198
Epoch 02979 | Accuracy 65.06%
Process 000 | Epoch 02999 | Time(s) 0.3654 | Comm(s) 0.2107 | Reduce(s) 0.0422 | Loss 15.8009
Epoch 02989 | Accuracy 65.08%
(rank 0) memory stats: current 664.00MB, peak 5212.10MB, reserved 5530.00MB
Epoch 02999 | Accuracy 65.12%
model saved
Max Validation Accuracy 65.22%
Test Result | Accuracy 65.29%
