/home/zhaoyu/miniconda3/envs/test/lib/python3.11/site-packages/dgl/graphbolt/__init__.py:114: GBWarning: 
An experimental feature for CUDA allocations is turned on for better allocation
pattern resulting in better memory usage for minibatch GNN training workloads.
See https://pytorch.org/docs/stable/notes/cuda.html#optimizing-memory-usage-with-pytorch-cuda-alloc-conf,
and set the environment variable `PYTORCH_CUDA_ALLOC_CONF=expandable_segments:False`
if you want to disable it and set it True to acknowledge and disable the warning.

  gb_warning(WARNING_STR_TO_BE_SHOWN)
Namespace(dataset='yelp', data_path='./dataset/', part_path='./partition/', graph_name='yelp-3-metis-vol-induc', model='graphsage', dropout=0.1, lr=0.001, sampling_rate=0.1, heads=1, n_epochs=3000, n_partitions=3, n_hidden=512, n_layers=4, log_every=10, weight_decay=0.0, norm='layer', partition_obj='vol', partition_method='metis', n_linear=2, use_pp=True, inductive=True, fix_seed=True, seed=2, backend='gloo', port=18118, master_addr='127.0.0.1', node_rank=0, parts_per_node=10, skip_partition=True, eval=True)
loading partitions
Process 0 has 242928 nodes, 2169554 edges 176760 inner nodes, and 1767148 inner edges.
Process 0 start training
Process 000 | Epoch 00009 | Time(s) 0.3443 | Comm(s) 0.1923 | Reduce(s) 0.0438 | Loss 29.6910
Process 000 | Epoch 00019 | Time(s) 0.3583 | Comm(s) 0.2066 | Reduce(s) 0.0420 | Loss 28.7986
Epoch 00009 | Accuracy 14.22%
Process 000 | Epoch 00029 | Time(s) 0.3590 | Comm(s) 0.2073 | Reduce(s) 0.0420 | Loss 27.2239
Epoch 00019 | Accuracy 14.26%
Process 000 | Epoch 00039 | Time(s) 0.3600 | Comm(s) 0.2053 | Reduce(s) 0.0422 | Loss 25.1669
Epoch 00029 | Accuracy 25.97%
Process 000 | Epoch 00049 | Time(s) 0.3607 | Comm(s) 0.2068 | Reduce(s) 0.0419 | Loss 23.8482
Epoch 00039 | Accuracy 32.82%
Process 000 | Epoch 00059 | Time(s) 0.3610 | Comm(s) 0.2072 | Reduce(s) 0.0420 | Loss 22.9219
Epoch 00049 | Accuracy 37.16%
Process 000 | Epoch 00069 | Time(s) 0.3617 | Comm(s) 0.2074 | Reduce(s) 0.0422 | Loss 22.3073
Epoch 00059 | Accuracy 41.74%
Process 000 | Epoch 00079 | Time(s) 0.3617 | Comm(s) 0.2083 | Reduce(s) 0.0418 | Loss 21.9175
Epoch 00069 | Accuracy 44.95%
Process 000 | Epoch 00089 | Time(s) 0.3618 | Comm(s) 0.2085 | Reduce(s) 0.0417 | Loss 21.6076
Epoch 00079 | Accuracy 47.62%
Process 000 | Epoch 00099 | Time(s) 0.3618 | Comm(s) 0.2089 | Reduce(s) 0.0416 | Loss 21.2390
Epoch 00089 | Accuracy 48.93%
Process 000 | Epoch 00109 | Time(s) 0.3619 | Comm(s) 0.2089 | Reduce(s) 0.0416 | Loss 20.8539
Epoch 00099 | Accuracy 51.58%
Process 000 | Epoch 00119 | Time(s) 0.3619 | Comm(s) 0.2088 | Reduce(s) 0.0418 | Loss 20.5205
Epoch 00109 | Accuracy 52.72%
Process 000 | Epoch 00129 | Time(s) 0.3616 | Comm(s) 0.2088 | Reduce(s) 0.0418 | Loss 20.2561
Epoch 00119 | Accuracy 52.12%
Process 000 | Epoch 00139 | Time(s) 0.3616 | Comm(s) 0.2083 | Reduce(s) 0.0419 | Loss 19.9875
Epoch 00129 | Accuracy 54.31%
Process 000 | Epoch 00149 | Time(s) 0.3617 | Comm(s) 0.2084 | Reduce(s) 0.0418 | Loss 19.9170
Epoch 00139 | Accuracy 52.20%
Process 000 | Epoch 00159 | Time(s) 0.3620 | Comm(s) 0.2081 | Reduce(s) 0.0419 | Loss 19.5841
Epoch 00149 | Accuracy 54.57%
Process 000 | Epoch 00169 | Time(s) 0.3622 | Comm(s) 0.2082 | Reduce(s) 0.0419 | Loss 19.3591
Epoch 00159 | Accuracy 55.05%
Process 000 | Epoch 00179 | Time(s) 0.3621 | Comm(s) 0.2081 | Reduce(s) 0.0420 | Loss 19.1307
Epoch 00169 | Accuracy 56.84%
Process 000 | Epoch 00189 | Time(s) 0.3622 | Comm(s) 0.2081 | Reduce(s) 0.0420 | Loss 18.9253
Epoch 00179 | Accuracy 57.09%
Process 000 | Epoch 00199 | Time(s) 0.3621 | Comm(s) 0.2081 | Reduce(s) 0.0420 | Loss 18.7389
Epoch 00189 | Accuracy 58.13%
Process 000 | Epoch 00209 | Time(s) 0.3621 | Comm(s) 0.2081 | Reduce(s) 0.0421 | Loss 18.7327
Epoch 00199 | Accuracy 58.51%
Process 000 | Epoch 00219 | Time(s) 0.3622 | Comm(s) 0.2082 | Reduce(s) 0.0421 | Loss 18.4777
Epoch 00209 | Accuracy 56.78%
Process 000 | Epoch 00229 | Time(s) 0.3623 | Comm(s) 0.2084 | Reduce(s) 0.0421 | Loss 18.3082
Epoch 00219 | Accuracy 60.05%
Process 000 | Epoch 00239 | Time(s) 0.3623 | Comm(s) 0.2085 | Reduce(s) 0.0422 | Loss 18.1885
Epoch 00229 | Accuracy 60.24%
Process 000 | Epoch 00249 | Time(s) 0.3622 | Comm(s) 0.2085 | Reduce(s) 0.0422 | Loss 18.0837
Epoch 00239 | Accuracy 60.62%
Process 000 | Epoch 00259 | Time(s) 0.3624 | Comm(s) 0.2087 | Reduce(s) 0.0421 | Loss 18.0021
Epoch 00249 | Accuracy 60.87%
Process 000 | Epoch 00269 | Time(s) 0.3624 | Comm(s) 0.2087 | Reduce(s) 0.0421 | Loss 17.9315
Epoch 00259 | Accuracy 60.51%
Process 000 | Epoch 00279 | Time(s) 0.3624 | Comm(s) 0.2087 | Reduce(s) 0.0421 | Loss 17.8510
Epoch 00269 | Accuracy 61.61%
Process 000 | Epoch 00289 | Time(s) 0.3625 | Comm(s) 0.2088 | Reduce(s) 0.0421 | Loss 17.7804
Epoch 00279 | Accuracy 61.24%
Process 000 | Epoch 00299 | Time(s) 0.3624 | Comm(s) 0.2089 | Reduce(s) 0.0421 | Loss 17.9079
Epoch 00289 | Accuracy 61.78%
Process 000 | Epoch 00309 | Time(s) 0.3625 | Comm(s) 0.2089 | Reduce(s) 0.0421 | Loss 17.7123
Epoch 00299 | Accuracy 60.73%
Process 000 | Epoch 00319 | Time(s) 0.3626 | Comm(s) 0.2089 | Reduce(s) 0.0420 | Loss 17.6524
Epoch 00309 | Accuracy 61.12%
Process 000 | Epoch 00329 | Time(s) 0.3627 | Comm(s) 0.2089 | Reduce(s) 0.0420 | Loss 17.5961
Epoch 00319 | Accuracy 61.96%
Process 000 | Epoch 00339 | Time(s) 0.3628 | Comm(s) 0.2090 | Reduce(s) 0.0421 | Loss 17.5401
Epoch 00329 | Accuracy 61.91%
Process 000 | Epoch 00349 | Time(s) 0.3628 | Comm(s) 0.2090 | Reduce(s) 0.0421 | Loss 17.4918
Epoch 00339 | Accuracy 62.27%
Process 000 | Epoch 00359 | Time(s) 0.3628 | Comm(s) 0.2089 | Reduce(s) 0.0421 | Loss 17.4512
Epoch 00349 | Accuracy 62.46%
Process 000 | Epoch 00369 | Time(s) 0.3628 | Comm(s) 0.2089 | Reduce(s) 0.0421 | Loss 17.4722
Epoch 00359 | Accuracy 62.61%
Process 000 | Epoch 00379 | Time(s) 0.3629 | Comm(s) 0.2090 | Reduce(s) 0.0422 | Loss 17.3910
Epoch 00369 | Accuracy 61.39%
Process 000 | Epoch 00389 | Time(s) 0.3629 | Comm(s) 0.2089 | Reduce(s) 0.0422 | Loss 17.3609
Epoch 00379 | Accuracy 63.04%
Process 000 | Epoch 00399 | Time(s) 0.3628 | Comm(s) 0.2090 | Reduce(s) 0.0422 | Loss 17.3206
Epoch 00389 | Accuracy 62.81%
Process 000 | Epoch 00409 | Time(s) 0.3629 | Comm(s) 0.2092 | Reduce(s) 0.0422 | Loss 17.3024
Epoch 00399 | Accuracy 63.07%
Process 000 | Epoch 00419 | Time(s) 0.3629 | Comm(s) 0.2091 | Reduce(s) 0.0422 | Loss 17.2929
Epoch 00409 | Accuracy 62.87%
Process 000 | Epoch 00429 | Time(s) 0.3628 | Comm(s) 0.2090 | Reduce(s) 0.0422 | Loss 17.2724
Epoch 00419 | Accuracy 63.36%
Process 000 | Epoch 00439 | Time(s) 0.3629 | Comm(s) 0.2091 | Reduce(s) 0.0422 | Loss 17.2037
Epoch 00429 | Accuracy 62.67%
Process 000 | Epoch 00449 | Time(s) 0.3630 | Comm(s) 0.2092 | Reduce(s) 0.0422 | Loss 17.1809
Epoch 00439 | Accuracy 63.06%
Process 000 | Epoch 00459 | Time(s) 0.3630 | Comm(s) 0.2092 | Reduce(s) 0.0422 | Loss 17.1794
Epoch 00449 | Accuracy 63.12%
Process 000 | Epoch 00469 | Time(s) 0.3630 | Comm(s) 0.2092 | Reduce(s) 0.0422 | Loss 17.1812
Epoch 00459 | Accuracy 63.59%
Process 000 | Epoch 00479 | Time(s) 0.3629 | Comm(s) 0.2091 | Reduce(s) 0.0422 | Loss 17.1431
Epoch 00469 | Accuracy 63.49%
Process 000 | Epoch 00489 | Time(s) 0.3630 | Comm(s) 0.2091 | Reduce(s) 0.0422 | Loss 17.1005
Epoch 00479 | Accuracy 63.40%
Process 000 | Epoch 00499 | Time(s) 0.3630 | Comm(s) 0.2092 | Reduce(s) 0.0422 | Loss 17.0965
Epoch 00489 | Accuracy 63.16%
Process 000 | Epoch 00509 | Time(s) 0.3631 | Comm(s) 0.2092 | Reduce(s) 0.0423 | Loss 17.0533
Epoch 00499 | Accuracy 63.34%
Process 000 | Epoch 00519 | Time(s) 0.3630 | Comm(s) 0.2091 | Reduce(s) 0.0423 | Loss 17.0403
Epoch 00509 | Accuracy 63.44%
Process 000 | Epoch 00529 | Time(s) 0.3630 | Comm(s) 0.2091 | Reduce(s) 0.0423 | Loss 17.0386
Epoch 00519 | Accuracy 63.55%
Process 000 | Epoch 00539 | Time(s) 0.3630 | Comm(s) 0.2090 | Reduce(s) 0.0423 | Loss 17.0363
Epoch 00529 | Accuracy 63.21%
Process 000 | Epoch 00549 | Time(s) 0.3630 | Comm(s) 0.2091 | Reduce(s) 0.0423 | Loss 16.9919
Epoch 00539 | Accuracy 63.94%
Process 000 | Epoch 00559 | Time(s) 0.3630 | Comm(s) 0.2089 | Reduce(s) 0.0423 | Loss 16.9712
Epoch 00549 | Accuracy 63.91%
Process 000 | Epoch 00569 | Time(s) 0.3629 | Comm(s) 0.2088 | Reduce(s) 0.0423 | Loss 16.9493
Epoch 00559 | Accuracy 63.54%
Process 000 | Epoch 00579 | Time(s) 0.3630 | Comm(s) 0.2088 | Reduce(s) 0.0423 | Loss 16.9820
Epoch 00569 | Accuracy 63.71%
Process 000 | Epoch 00589 | Time(s) 0.3630 | Comm(s) 0.2087 | Reduce(s) 0.0423 | Loss 16.9428
Epoch 00579 | Accuracy 62.94%
Process 000 | Epoch 00599 | Time(s) 0.3630 | Comm(s) 0.2088 | Reduce(s) 0.0423 | Loss 16.9229
Epoch 00589 | Accuracy 63.10%
Process 000 | Epoch 00609 | Time(s) 0.3631 | Comm(s) 0.2088 | Reduce(s) 0.0423 | Loss 16.8856
Epoch 00599 | Accuracy 63.77%
Process 000 | Epoch 00619 | Time(s) 0.3631 | Comm(s) 0.2088 | Reduce(s) 0.0423 | Loss 16.8801
Epoch 00609 | Accuracy 63.86%
Process 000 | Epoch 00629 | Time(s) 0.3632 | Comm(s) 0.2089 | Reduce(s) 0.0423 | Loss 16.8739
Epoch 00619 | Accuracy 63.79%
Process 000 | Epoch 00639 | Time(s) 0.3632 | Comm(s) 0.2089 | Reduce(s) 0.0423 | Loss 16.8728
Epoch 00629 | Accuracy 63.75%
Process 000 | Epoch 00649 | Time(s) 0.3633 | Comm(s) 0.2090 | Reduce(s) 0.0423 | Loss 16.8422
Epoch 00639 | Accuracy 63.74%
Process 000 | Epoch 00659 | Time(s) 0.3632 | Comm(s) 0.2089 | Reduce(s) 0.0423 | Loss 16.8344loading partitions
Process 1 has 266664 nodes, 2608228 edges 176280 inner nodes, and 1952280 inner edges.
Process 1 start training
Process 001 | Epoch 00009 | Time(s) 0.3442 | Comm(s) 0.1948 | Reduce(s) 0.0421 | Loss 28.4105
Process 001 | Epoch 00019 | Time(s) 0.3602 | Comm(s) 0.2068 | Reduce(s) 0.0418 | Loss 27.4561
Process 001 | Epoch 00029 | Time(s) 0.4039 | Comm(s) 0.2058 | Reduce(s) 0.0405 | Loss 25.9290
Process 001 | Epoch 00039 | Time(s) 0.4041 | Comm(s) 0.2066 | Reduce(s) 0.0407 | Loss 23.9607
Process 001 | Epoch 00049 | Time(s) 0.4031 | Comm(s) 0.2074 | Reduce(s) 0.0402 | Loss 22.7081
Process 001 | Epoch 00059 | Time(s) 0.4031 | Comm(s) 0.2076 | Reduce(s) 0.0402 | Loss 21.8080
Process 001 | Epoch 00069 | Time(s) 0.4051 | Comm(s) 0.2081 | Reduce(s) 0.0401 | Loss 21.2043
Process 001 | Epoch 00079 | Time(s) 0.4042 | Comm(s) 0.2084 | Reduce(s) 0.0401 | Loss 20.7987
Process 001 | Epoch 00089 | Time(s) 0.4042 | Comm(s) 0.2082 | Reduce(s) 0.0403 | Loss 20.5025
Process 001 | Epoch 00099 | Time(s) 0.4043 | Comm(s) 0.2080 | Reduce(s) 0.0402 | Loss 20.1597
Process 001 | Epoch 00109 | Time(s) 0.4044 | Comm(s) 0.2086 | Reduce(s) 0.0401 | Loss 19.8244
Process 001 | Epoch 00119 | Time(s) 0.4049 | Comm(s) 0.2089 | Reduce(s) 0.0402 | Loss 19.5286
Process 001 | Epoch 00129 | Time(s) 0.4048 | Comm(s) 0.2085 | Reduce(s) 0.0402 | Loss 19.2808
Process 001 | Epoch 00139 | Time(s) 0.4047 | Comm(s) 0.2084 | Reduce(s) 0.0404 | Loss 19.0227
Process 001 | Epoch 00149 | Time(s) 0.4045 | Comm(s) 0.2085 | Reduce(s) 0.0404 | Loss 18.9448
Process 001 | Epoch 00159 | Time(s) 0.4045 | Comm(s) 0.2087 | Reduce(s) 0.0404 | Loss 18.6274
Process 001 | Epoch 00169 | Time(s) 0.4038 | Comm(s) 0.2089 | Reduce(s) 0.0404 | Loss 18.4062
Process 001 | Epoch 00179 | Time(s) 0.4034 | Comm(s) 0.2088 | Reduce(s) 0.0405 | Loss 18.2152
Process 001 | Epoch 00189 | Time(s) 0.4033 | Comm(s) 0.2088 | Reduce(s) 0.0405 | Loss 18.0284
Process 001 | Epoch 00199 | Time(s) 0.4030 | Comm(s) 0.2087 | Reduce(s) 0.0406 | Loss 17.8594
Process 001 | Epoch 00209 | Time(s) 0.4025 | Comm(s) 0.2084 | Reduce(s) 0.0406 | Loss 17.8225
Process 001 | Epoch 00219 | Time(s) 0.4023 | Comm(s) 0.2084 | Reduce(s) 0.0407 | Loss 17.6134
Process 001 | Epoch 00229 | Time(s) 0.4022 | Comm(s) 0.2084 | Reduce(s) 0.0408 | Loss 17.4504
Process 001 | Epoch 00239 | Time(s) 0.4019 | Comm(s) 0.2082 | Reduce(s) 0.0408 | Loss 17.3582
Process 001 | Epoch 00249 | Time(s) 0.4019 | Comm(s) 0.2082 | Reduce(s) 0.0408 | Loss 17.2502
Process 001 | Epoch 00259 | Time(s) 0.4020 | Comm(s) 0.2082 | Reduce(s) 0.0410 | Loss 17.1771
Process 001 | Epoch 00269 | Time(s) 0.4019 | Comm(s) 0.2082 | Reduce(s) 0.0410 | Loss 17.1053
Process 001 | Epoch 00279 | Time(s) 0.4019 | Comm(s) 0.2082 | Reduce(s) 0.0410 | Loss 17.0343
Process 001 | Epoch 00289 | Time(s) 0.4020 | Comm(s) 0.2083 | Reduce(s) 0.0410 | Loss 16.9802
Process 001 | Epoch 00299 | Time(s) 0.4021 | Comm(s) 0.2084 | Reduce(s) 0.0410 | Loss 17.0602
Process 001 | Epoch 00309 | Time(s) 0.4025 | Comm(s) 0.2084 | Reduce(s) 0.0410 | Loss 16.8975
Process 001 | Epoch 00319 | Time(s) 0.4025 | Comm(s) 0.2086 | Reduce(s) 0.0409 | Loss 16.8522
Process 001 | Epoch 00329 | Time(s) 0.4029 | Comm(s) 0.2087 | Reduce(s) 0.0409 | Loss 16.7894
Process 001 | Epoch 00339 | Time(s) 0.4026 | Comm(s) 0.2089 | Reduce(s) 0.0409 | Loss 16.7469
Process 001 | Epoch 00349 | Time(s) 0.4027 | Comm(s) 0.2089 | Reduce(s) 0.0409 | Loss 16.7139
Process 001 | Epoch 00359 | Time(s) 0.4026 | Comm(s) 0.2089 | Reduce(s) 0.0410 | Loss 16.6644
Process 001 | Epoch 00369 | Time(s) 0.4027 | Comm(s) 0.2089 | Reduce(s) 0.0410 | Loss 16.6734
Process 001 | Epoch 00379 | Time(s) 0.4029 | Comm(s) 0.2090 | Reduce(s) 0.0410 | Loss 16.6083
Process 001 | Epoch 00389 | Time(s) 0.4031 | Comm(s) 0.2089 | Reduce(s) 0.0410 | Loss 16.5785
Process 001 | Epoch 00399 | Time(s) 0.4033 | Comm(s) 0.2089 | Reduce(s) 0.0410 | Loss 16.5437
Process 001 | Epoch 00409 | Time(s) 0.4034 | Comm(s) 0.2091 | Reduce(s) 0.0409 | Loss 16.5118
Process 001 | Epoch 00419 | Time(s) 0.4037 | Comm(s) 0.2092 | Reduce(s) 0.0410 | Loss 16.5080
Process 001 | Epoch 00429 | Time(s) 0.4035 | Comm(s) 0.2091 | Reduce(s) 0.0410 | Loss 16.4847
Process 001 | Epoch 00439 | Time(s) 0.4036 | Comm(s) 0.2092 | Reduce(s) 0.0410 | Loss 16.4335
Process 001 | Epoch 00449 | Time(s) 0.4037 | Comm(s) 0.2093 | Reduce(s) 0.0410 | Loss 16.4065
Process 001 | Epoch 00459 | Time(s) 0.4038 | Comm(s) 0.2094 | Reduce(s) 0.0410 | Loss 16.4005
Process 001 | Epoch 00469 | Time(s) 0.4037 | Comm(s) 0.2093 | Reduce(s) 0.0410 | Loss 16.3929
Process 001 | Epoch 00479 | Time(s) 0.4036 | Comm(s) 0.2093 | Reduce(s) 0.0410 | Loss 16.3808
Process 001 | Epoch 00489 | Time(s) 0.4034 | Comm(s) 0.2093 | Reduce(s) 0.0410 | Loss 16.3325
Process 001 | Epoch 00499 | Time(s) 0.4035 | Comm(s) 0.2094 | Reduce(s) 0.0410 | Loss 16.3100
Process 001 | Epoch 00509 | Time(s) 0.4034 | Comm(s) 0.2094 | Reduce(s) 0.0410 | Loss 16.2885
Process 001 | Epoch 00519 | Time(s) 0.4032 | Comm(s) 0.2093 | Reduce(s) 0.0410 | Loss 16.2743
Process 001 | Epoch 00529 | Time(s) 0.4030 | Comm(s) 0.2094 | Reduce(s) 0.0410 | Loss 16.2641
Process 001 | Epoch 00539 | Time(s) 0.4029 | Comm(s) 0.2093 | Reduce(s) 0.0410 | Loss 16.2717
Process 001 | Epoch 00549 | Time(s) 0.4029 | Comm(s) 0.2094 | Reduce(s) 0.0410 | Loss 16.2307
Process 001 | Epoch 00559 | Time(s) 0.4027 | Comm(s) 0.2093 | Reduce(s) 0.0410 | Loss 16.2130
Process 001 | Epoch 00569 | Time(s) 0.4027 | Comm(s) 0.2092 | Reduce(s) 0.0410 | Loss 16.1851
Process 001 | Epoch 00579 | Time(s) 0.4027 | Comm(s) 0.2093 | Reduce(s) 0.0411 | Loss 16.2163
Process 001 | Epoch 00589 | Time(s) 0.4027 | Comm(s) 0.2092 | Reduce(s) 0.0411 | Loss 16.1680
Process 001 | Epoch 00599 | Time(s) 0.4027 | Comm(s) 0.2093 | Reduce(s) 0.0411 | Loss 16.1608
Process 001 | Epoch 00609 | Time(s) 0.4026 | Comm(s) 0.2093 | Reduce(s) 0.0411 | Loss 16.1322
Process 001 | Epoch 00619 | Time(s) 0.4025 | Comm(s) 0.2093 | Reduce(s) 0.0411 | Loss 16.1275
Process 001 | Epoch 00629 | Time(s) 0.4024 | Comm(s) 0.2094 | Reduce(s) 0.0411 | Loss 16.1136
Process 001 | Epoch 00639 | Time(s) 0.4025 | Comm(s) 0.2094 | Reduce(s) 0.0410 | Loss 16.1236
Process 001 | Epoch 00649 | Time(s) 0.4024 | Comm(s) 0.2094 | Reduce(s) 0.0410 | Loss 16.0865
Process 001 | Epoch 00659 | Time(s) 0.4021 | Comm(s) 0.2095 | Reduce(s) 0.0411 | Loss 16.0808
Process 001 | Epoch 00669 | Time(s) 0.4021 | Comm(s) 0.2094 | Reduce(s) 0.0411 | Loss 16.0740
Process 001 | Epoch 00679 | Time(s) 0.4021 | Comm(s) 0.2095 | Reduce(s) 0.0410 | Loss 16.0598
Process 001 | Epoch 00689 | Time(s) 0.4022 | Comm(s) 0.2095 | Reduce(s) 0.0410 | Loss 16.0330
Process 001 | Epoch 00699 | Time(s) 0.4022 | Comm(s) 0.2095 | Reduce(s) 0.0410 | Loss 16.0327
Process 001 | Epoch 00709 | Time(s) 0.4020 | Comm(s) 0.2094 | Reduce(s) 0.0411 | Loss 16.0508
Process 001 | Epoch 00719 | Time(s) 0.4021 | Comm(s) 0.2095 | Reduce(s) 0.0411 | Loss 16.0158
Process 001 | Epoch 00729 | Time(s) 0.4020 | Comm(s) 0.2094 | Reduce(s) 0.0411 | Loss 15.9967
Process 001 | Epoch 00739 | Time(s) 0.4021 | Comm(s) 0.2094 | Reduce(s) 0.0411 | Loss 16.0102
Process 001 | Epoch 00749 | Time(s) 0.4020 | Comm(s) 0.2095 | Reduce(s) 0.0411 | Loss 15.9925
Process 001 | Epoch 00759 | Time(s) 0.4019 | Comm(s) 0.2096 | Reduce(s) 0.0411 | Loss 15.9618
Process 001 | Epoch 00769 | Time(s) 0.4019 | Comm(s) 0.2097 | Reduce(s) 0.0411 | Loss 15.9481
Process 001 | Epoch 00779 | Time(s) 0.4018 | Comm(s) 0.2096 | Reduce(s) 0.0411 | Loss 16.0981
Process 001 | Epoch 00789 | Time(s) 0.4018 | Comm(s) 0.2097 | Reduce(s) 0.0411 | Loss 15.9787
Process 001 | Epoch 00799 | Time(s) 0.4017 | Comm(s) 0.2097 | Reduce(s) 0.0411 | Loss 15.9420
Process 001 | Epoch 00809 | Time(s) 0.4017 | Comm(s) 0.2097 | Reduce(s) 0.0411 | Loss 15.9171
Process 001 | Epoch 00819 | Time(s) 0.4016 | Comm(s) 0.2097 | Reduce(s) 0.0411 | Loss 15.9068
Process 001 | Epoch 00829 | Time(s) 0.4016 | Comm(s) 0.2097 | Reduce(s) 0.0411 | Loss 15.9008
Process 001 | Epoch 00839 | Time(s) 0.4016 | Comm(s) 0.2097 | Reduce(s) 0.0411 | Loss 15.8873
Process 001 | Epoch 00849 | Time(s) 0.4015 | Comm(s) 0.2097 | Reduce(s) 0.0411 | Loss 15.8813
Process 001 | Epoch 00859 | Time(s) 0.4016 | Comm(s) 0.2098 | Reduce(s) 0.0411 | Loss 15.8708loading partitions
Process 2 has 267267 nodes, 4056899 edges 184595 inner nodes, and 3344697 inner edges.
Process 2 start training
Process 002 | Epoch 00009 | Time(s) 0.3442 | Comm(s) 0.1914 | Reduce(s) 0.0422 | Loss 24.8755
Process 002 | Epoch 00019 | Time(s) 0.3602 | Comm(s) 0.2034 | Reduce(s) 0.0421 | Loss 23.0366
Process 002 | Epoch 00029 | Time(s) 0.4040 | Comm(s) 0.2038 | Reduce(s) 0.0419 | Loss 22.0335
Process 002 | Epoch 00039 | Time(s) 0.4041 | Comm(s) 0.2032 | Reduce(s) 0.0416 | Loss 20.8016
Process 002 | Epoch 00049 | Time(s) 0.4031 | Comm(s) 0.2039 | Reduce(s) 0.0416 | Loss 19.8250
Process 002 | Epoch 00059 | Time(s) 0.4031 | Comm(s) 0.2045 | Reduce(s) 0.0416 | Loss 18.9448
Process 002 | Epoch 00069 | Time(s) 0.4051 | Comm(s) 0.2055 | Reduce(s) 0.0412 | Loss 18.2334
Process 002 | Epoch 00079 | Time(s) 0.4042 | Comm(s) 0.2058 | Reduce(s) 0.0413 | Loss 17.7672
Process 002 | Epoch 00089 | Time(s) 0.4042 | Comm(s) 0.2059 | Reduce(s) 0.0414 | Loss 17.4156
Process 002 | Epoch 00099 | Time(s) 0.4043 | Comm(s) 0.2057 | Reduce(s) 0.0416 | Loss 17.1344
Process 002 | Epoch 00109 | Time(s) 0.4044 | Comm(s) 0.2053 | Reduce(s) 0.0420 | Loss 16.8843
Process 002 | Epoch 00119 | Time(s) 0.4049 | Comm(s) 0.2054 | Reduce(s) 0.0419 | Loss 16.6365
Process 002 | Epoch 00129 | Time(s) 0.4048 | Comm(s) 0.2052 | Reduce(s) 0.0419 | Loss 16.4135
Process 002 | Epoch 00139 | Time(s) 0.4047 | Comm(s) 0.2053 | Reduce(s) 0.0420 | Loss 16.2092
Process 002 | Epoch 00149 | Time(s) 0.4045 | Comm(s) 0.2055 | Reduce(s) 0.0420 | Loss 16.0839
Process 002 | Epoch 00159 | Time(s) 0.4045 | Comm(s) 0.2058 | Reduce(s) 0.0420 | Loss 15.8638
Process 002 | Epoch 00169 | Time(s) 0.4038 | Comm(s) 0.2059 | Reduce(s) 0.0420 | Loss 15.6777
Process 002 | Epoch 00179 | Time(s) 0.4034 | Comm(s) 0.2059 | Reduce(s) 0.0420 | Loss 15.5139
Process 002 | Epoch 00189 | Time(s) 0.4033 | Comm(s) 0.2059 | Reduce(s) 0.0420 | Loss 15.3784
Process 002 | Epoch 00199 | Time(s) 0.4030 | Comm(s) 0.2056 | Reduce(s) 0.0421 | Loss 15.2335
Process 002 | Epoch 00209 | Time(s) 0.4025 | Comm(s) 0.2055 | Reduce(s) 0.0421 | Loss 15.3076
Process 002 | Epoch 00219 | Time(s) 0.4023 | Comm(s) 0.2056 | Reduce(s) 0.0421 | Loss 15.0661
Process 002 | Epoch 00229 | Time(s) 0.4022 | Comm(s) 0.2059 | Reduce(s) 0.0421 | Loss 14.9213
Process 002 | Epoch 00239 | Time(s) 0.4019 | Comm(s) 0.2060 | Reduce(s) 0.0421 | Loss 14.8315
Process 002 | Epoch 00249 | Time(s) 0.4019 | Comm(s) 0.2059 | Reduce(s) 0.0421 | Loss 14.7552
Process 002 | Epoch 00259 | Time(s) 0.4020 | Comm(s) 0.2061 | Reduce(s) 0.0420 | Loss 14.7109
Process 002 | Epoch 00269 | Time(s) 0.4019 | Comm(s) 0.2061 | Reduce(s) 0.0420 | Loss 14.6539
Process 002 | Epoch 00279 | Time(s) 0.4019 | Comm(s) 0.2060 | Reduce(s) 0.0420 | Loss 14.5872
Process 002 | Epoch 00289 | Time(s) 0.4020 | Comm(s) 0.2061 | Reduce(s) 0.0420 | Loss 14.5297
Process 002 | Epoch 00299 | Time(s) 0.4021 | Comm(s) 0.2061 | Reduce(s) 0.0419 | Loss 14.6039
Process 002 | Epoch 00309 | Time(s) 0.4025 | Comm(s) 0.2063 | Reduce(s) 0.0419 | Loss 14.4680
Process 002 | Epoch 00319 | Time(s) 0.4025 | Comm(s) 0.2063 | Reduce(s) 0.0419 | Loss 14.4266
Process 002 | Epoch 00329 | Time(s) 0.4029 | Comm(s) 0.2066 | Reduce(s) 0.0419 | Loss 14.3855
Process 002 | Epoch 00339 | Time(s) 0.4026 | Comm(s) 0.2067 | Reduce(s) 0.0419 | Loss 14.3523
Process 002 | Epoch 00349 | Time(s) 0.4027 | Comm(s) 0.2066 | Reduce(s) 0.0419 | Loss 14.3025
Process 002 | Epoch 00359 | Time(s) 0.4026 | Comm(s) 0.2066 | Reduce(s) 0.0418 | Loss 14.2708
Process 002 | Epoch 00369 | Time(s) 0.4027 | Comm(s) 0.2066 | Reduce(s) 0.0418 | Loss 14.3033
Process 002 | Epoch 00379 | Time(s) 0.4029 | Comm(s) 0.2067 | Reduce(s) 0.0418 | Loss 14.2224
Process 002 | Epoch 00389 | Time(s) 0.4031 | Comm(s) 0.2066 | Reduce(s) 0.0418 | Loss 14.2081
Process 002 | Epoch 00399 | Time(s) 0.4033 | Comm(s) 0.2066 | Reduce(s) 0.0418 | Loss 14.1840
Process 002 | Epoch 00409 | Time(s) 0.4034 | Comm(s) 0.2066 | Reduce(s) 0.0419 | Loss 14.1480
Process 002 | Epoch 00419 | Time(s) 0.4037 | Comm(s) 0.2066 | Reduce(s) 0.0419 | Loss 14.1471
Process 002 | Epoch 00429 | Time(s) 0.4035 | Comm(s) 0.2065 | Reduce(s) 0.0419 | Loss 14.1439
Process 002 | Epoch 00439 | Time(s) 0.4036 | Comm(s) 0.2066 | Reduce(s) 0.0419 | Loss 14.0809
Process 002 | Epoch 00449 | Time(s) 0.4037 | Comm(s) 0.2066 | Reduce(s) 0.0420 | Loss 14.0662
Process 002 | Epoch 00459 | Time(s) 0.4038 | Comm(s) 0.2066 | Reduce(s) 0.0420 | Loss 14.0581
Process 002 | Epoch 00469 | Time(s) 0.4037 | Comm(s) 0.2066 | Reduce(s) 0.0420 | Loss 14.0516
Process 002 | Epoch 00479 | Time(s) 0.4036 | Comm(s) 0.2065 | Reduce(s) 0.0420 | Loss 14.0196
Process 002 | Epoch 00489 | Time(s) 0.4035 | Comm(s) 0.2066 | Reduce(s) 0.0420 | Loss 14.0042
Process 002 | Epoch 00499 | Time(s) 0.4035 | Comm(s) 0.2067 | Reduce(s) 0.0420 | Loss 13.9744
Process 002 | Epoch 00509 | Time(s) 0.4034 | Comm(s) 0.2068 | Reduce(s) 0.0420 | Loss 13.9534
Process 002 | Epoch 00519 | Time(s) 0.4032 | Comm(s) 0.2067 | Reduce(s) 0.0419 | Loss 13.9438
Process 002 | Epoch 00529 | Time(s) 0.4030 | Comm(s) 0.2068 | Reduce(s) 0.0419 | Loss 13.9511
Process 002 | Epoch 00539 | Time(s) 0.4029 | Comm(s) 0.2067 | Reduce(s) 0.0419 | Loss 13.9350
Process 002 | Epoch 00549 | Time(s) 0.4029 | Comm(s) 0.2068 | Reduce(s) 0.0419 | Loss 13.8879
Process 002 | Epoch 00559 | Time(s) 0.4027 | Comm(s) 0.2067 | Reduce(s) 0.0419 | Loss 13.8896
Process 002 | Epoch 00569 | Time(s) 0.4027 | Comm(s) 0.2066 | Reduce(s) 0.0419 | Loss 13.8714
Process 002 | Epoch 00579 | Time(s) 0.4027 | Comm(s) 0.2067 | Reduce(s) 0.0419 | Loss 13.8904
Process 002 | Epoch 00589 | Time(s) 0.4027 | Comm(s) 0.2067 | Reduce(s) 0.0419 | Loss 13.8672
Process 002 | Epoch 00599 | Time(s) 0.4027 | Comm(s) 0.2068 | Reduce(s) 0.0419 | Loss 13.8394
Process 002 | Epoch 00609 | Time(s) 0.4026 | Comm(s) 0.2069 | Reduce(s) 0.0419 | Loss 13.8226
Process 002 | Epoch 00619 | Time(s) 0.4025 | Comm(s) 0.2069 | Reduce(s) 0.0419 | Loss 13.8083
Process 002 | Epoch 00629 | Time(s) 0.4024 | Comm(s) 0.2069 | Reduce(s) 0.0419 | Loss 13.8107
Process 002 | Epoch 00639 | Time(s) 0.4025 | Comm(s) 0.2070 | Reduce(s) 0.0419 | Loss 13.7966
Process 002 | Epoch 00649 | Time(s) 0.4024 | Comm(s) 0.2070 | Reduce(s) 0.0419 | Loss 13.7818
Process 002 | Epoch 00659 | Time(s) 0.4021 | Comm(s) 0.2070 | Reduce(s) 0.0419 | Loss 13.7676
Process 002 | Epoch 00669 | Time(s) 0.4021 | Comm(s) 0.2069 | Reduce(s) 0.0419 | Loss 13.7605
Process 002 | Epoch 00679 | Time(s) 0.4021 | Comm(s) 0.2070 | Reduce(s) 0.0419 | Loss 13.7647
Process 002 | Epoch 00689 | Time(s) 0.4022 | Comm(s) 0.2070 | Reduce(s) 0.0419 | Loss 13.7286
Process 002 | Epoch 00699 | Time(s) 0.4022 | Comm(s) 0.2070 | Reduce(s) 0.0419 | Loss 13.7238
Process 002 | Epoch 00709 | Time(s) 0.4020 | Comm(s) 0.2070 | Reduce(s) 0.0419 | Loss 13.7337
Process 002 | Epoch 00719 | Time(s) 0.4021 | Comm(s) 0.2070 | Reduce(s) 0.0419 | Loss 13.7021
Process 002 | Epoch 00729 | Time(s) 0.4020 | Comm(s) 0.2069 | Reduce(s) 0.0419 | Loss 13.6921
Process 002 | Epoch 00739 | Time(s) 0.4021 | Comm(s) 0.2069 | Reduce(s) 0.0419 | Loss 13.7409
Process 002 | Epoch 00749 | Time(s) 0.4020 | Comm(s) 0.2070 | Reduce(s) 0.0419 | Loss 13.6837
Process 002 | Epoch 00759 | Time(s) 0.4019 | Comm(s) 0.2071 | Reduce(s) 0.0419 | Loss 13.6688
Process 002 | Epoch 00769 | Time(s) 0.4019 | Comm(s) 0.2071 | Reduce(s) 0.0419 | Loss 13.6587
Process 002 | Epoch 00779 | Time(s) 0.4018 | Comm(s) 0.2071 | Reduce(s) 0.0419 | Loss 13.8095
Process 002 | Epoch 00789 | Time(s) 0.4018 | Comm(s) 0.2071 | Reduce(s) 0.0419 | Loss 13.6719
Process 002 | Epoch 00799 | Time(s) 0.4017 | Comm(s) 0.2071 | Reduce(s) 0.0419 | Loss 13.6422
Process 002 | Epoch 00809 | Time(s) 0.4017 | Comm(s) 0.2071 | Reduce(s) 0.0419 | Loss 13.6255
Process 002 | Epoch 00819 | Time(s) 0.4016 | Comm(s) 0.2071 | Reduce(s) 0.0419 | Loss 13.6166
Process 002 | Epoch 00829 | Time(s) 0.4016 | Comm(s) 0.2071 | Reduce(s) 0.0420 | Loss 13.6150
Process 002 | Epoch 00839 | Time(s) 0.4016 | Comm(s) 0.2071 | Reduce(s) 0.0419 | Loss 13.5992
Process 002 | Epoch 00849 | Time(s) 0.4015 | Comm(s) 0.2071 | Reduce(s) 0.0419 | Loss 13.5927
Process 002 | Epoch 00859 | Time(s) 0.4016 | Comm(s) 0.2072 | Reduce(s) 0.0420 | Loss 13.5850
Epoch 00649 | Accuracy 63.96%
Process 000 | Epoch 00669 | Time(s) 0.3632 | Comm(s) 0.2088 | Reduce(s) 0.0423 | Loss 16.8217
Epoch 00659 | Accuracy 63.81%
Process 000 | Epoch 00679 | Time(s) 0.3632 | Comm(s) 0.2089 | Reduce(s) 0.0423 | Loss 16.8234
Epoch 00669 | Accuracy 64.25%
Process 000 | Epoch 00689 | Time(s) 0.3633 | Comm(s) 0.2088 | Reduce(s) 0.0423 | Loss 16.7858
Epoch 00679 | Accuracy 63.54%
Process 000 | Epoch 00699 | Time(s) 0.3632 | Comm(s) 0.2088 | Reduce(s) 0.0423 | Loss 16.7744
Epoch 00689 | Accuracy 63.95%
Process 000 | Epoch 00709 | Time(s) 0.3632 | Comm(s) 0.2087 | Reduce(s) 0.0423 | Loss 16.7986
Epoch 00699 | Accuracy 64.22%
Process 000 | Epoch 00719 | Time(s) 0.3632 | Comm(s) 0.2088 | Reduce(s) 0.0423 | Loss 16.7554
Epoch 00709 | Accuracy 64.34%
Process 000 | Epoch 00729 | Time(s) 0.3632 | Comm(s) 0.2087 | Reduce(s) 0.0423 | Loss 16.7519
Epoch 00719 | Accuracy 63.98%
Process 000 | Epoch 00739 | Time(s) 0.3632 | Comm(s) 0.2087 | Reduce(s) 0.0423 | Loss 16.7746
Epoch 00729 | Accuracy 64.30%
Process 000 | Epoch 00749 | Time(s) 0.3633 | Comm(s) 0.2088 | Reduce(s) 0.0423 | Loss 16.7415
Epoch 00739 | Accuracy 63.64%
Process 000 | Epoch 00759 | Time(s) 0.3633 | Comm(s) 0.2088 | Reduce(s) 0.0423 | Loss 16.7164
Epoch 00749 | Accuracy 63.91%
Process 000 | Epoch 00769 | Time(s) 0.3633 | Comm(s) 0.2088 | Reduce(s) 0.0422 | Loss 16.6964
Epoch 00759 | Accuracy 64.16%
Process 000 | Epoch 00779 | Time(s) 0.3633 | Comm(s) 0.2088 | Reduce(s) 0.0422 | Loss 16.8715
Epoch 00769 | Accuracy 64.19%
Process 000 | Epoch 00789 | Time(s) 0.3633 | Comm(s) 0.2088 | Reduce(s) 0.0422 | Loss 16.7324
Epoch 00779 | Accuracy 64.60%
Process 000 | Epoch 00799 | Time(s) 0.3633 | Comm(s) 0.2088 | Reduce(s) 0.0422 | Loss 16.6838
Epoch 00789 | Accuracy 64.40%
Process 000 | Epoch 00809 | Time(s) 0.3633 | Comm(s) 0.2088 | Reduce(s) 0.0422 | Loss 16.6661
Epoch 00799 | Accuracy 64.18%
Process 000 | Epoch 00819 | Time(s) 0.3633 | Comm(s) 0.2088 | Reduce(s) 0.0422 | Loss 16.6513
Epoch 00809 | Accuracy 64.31%
Process 000 | Epoch 00829 | Time(s) 0.3633 | Comm(s) 0.2088 | Reduce(s) 0.0422 | Loss 16.6451
Epoch 00819 | Accuracy 64.29%
Process 000 | Epoch 00839 | Time(s) 0.3633 | Comm(s) 0.2088 | Reduce(s) 0.0422 | Loss 16.6444
Epoch 00829 | Accuracy 64.12%
Process 000 | Epoch 00849 | Time(s) 0.3633 | Comm(s) 0.2088 | Reduce(s) 0.0422 | Loss 16.6353
Epoch 00839 | Accuracy 64.34%
Process 000 | Epoch 00859 | Time(s) 0.3634 | Comm(s) 0.2088 | Reduce(s) 0.0422 | Loss 16.6196
Epoch 00849 | Accuracy 64.27%
Process 000 | Epoch 00869 | Time(s) 0.3634 | Comm(s) 0.2089 | Reduce(s) 0.0422 | Loss 16.6875
Epoch 00859 | Accuracy 64.44%
Process 000 | Epoch 00879 | Time(s) 0.3634 | Comm(s) 0.2088 | Reduce(s) 0.0422 | Loss 16.6213
Epoch 00869 | Accuracy 64.61%
Process 000 | Epoch 00889 | Time(s) 0.3634 | Comm(s) 0.2089 | Reduce(s) 0.0422 | Loss 16.5853
Epoch 00879 | Accuracy 64.45%
Process 000 | Epoch 00899 | Time(s) 0.3634 | Comm(s) 0.2089 | Reduce(s) 0.0422 | Loss 16.5887
Epoch 00889 | Accuracy 64.31%
Process 000 | Epoch 00909 | Time(s) 0.3635 | Comm(s) 0.2090 | Reduce(s) 0.0422 | Loss 16.5840
Epoch 00899 | Accuracy 64.24%
Process 000 | Epoch 00919 | Time(s) 0.3635 | Comm(s) 0.2090 | Reduce(s) 0.0422 | Loss 16.5808
Epoch 00909 | Accuracy 64.17%
Process 000 | Epoch 00929 | Time(s) 0.3635 | Comm(s) 0.2090 | Reduce(s) 0.0422 | Loss 16.5534
Epoch 00919 | Accuracy 64.41%
Process 000 | Epoch 00939 | Time(s) 0.3635 | Comm(s) 0.2090 | Reduce(s) 0.0423 | Loss 16.5685
Epoch 00929 | Accuracy 64.22%
Process 000 | Epoch 00949 | Time(s) 0.3635 | Comm(s) 0.2090 | Reduce(s) 0.0423 | Loss 16.5558
Epoch 00939 | Accuracy 64.26%
Process 000 | Epoch 00959 | Time(s) 0.3635 | Comm(s) 0.2090 | Reduce(s) 0.0423 | Loss 16.5375
Epoch 00949 | Accuracy 64.43%
Process 000 | Epoch 00969 | Time(s) 0.3635 | Comm(s) 0.2090 | Reduce(s) 0.0423 | Loss 16.5341
Epoch 00959 | Accuracy 64.58%
Process 000 | Epoch 00979 | Time(s) 0.3635 | Comm(s) 0.2089 | Reduce(s) 0.0423 | Loss 16.5297
Epoch 00969 | Accuracy 64.25%
Process 000 | Epoch 00989 | Time(s) 0.3635 | Comm(s) 0.2089 | Reduce(s) 0.0423 | Loss 16.5186
Epoch 00979 | Accuracy 64.69%
Process 000 | Epoch 00999 | Time(s) 0.3635 | Comm(s) 0.2089 | Reduce(s) 0.0423 | Loss 16.5249
Epoch 00989 | Accuracy 64.49%
Process 000 | Epoch 01009 | Time(s) 0.3635 | Comm(s) 0.2089 | Reduce(s) 0.0423 | Loss 16.5238
Epoch 00999 | Accuracy 64.20%
Process 000 | Epoch 01019 | Time(s) 0.3635 | Comm(s) 0.2089 | Reduce(s) 0.0423 | Loss 16.5038
Epoch 01009 | Accuracy 64.68%
Process 000 | Epoch 01029 | Time(s) 0.3635 | Comm(s) 0.2089 | Reduce(s) 0.0423 | Loss 16.4872
Epoch 01019 | Accuracy 64.38%
Process 000 | Epoch 01039 | Time(s) 0.3635 | Comm(s) 0.2089 | Reduce(s) 0.0423 | Loss 16.4862
Epoch 01029 | Accuracy 64.48%
Process 000 | Epoch 01049 | Time(s) 0.3635 | Comm(s) 0.2090 | Reduce(s) 0.0423 | Loss 16.6145
Epoch 01039 | Accuracy 64.42%
Process 000 | Epoch 01059 | Time(s) 0.3636 | Comm(s) 0.2091 | Reduce(s) 0.0423 | Loss 16.4867
Epoch 01049 | Accuracy 63.83%
Process 000 | Epoch 01069 | Time(s) 0.3635 | Comm(s) 0.2090 | Reduce(s) 0.0423 | Loss 16.4759
Epoch 01059 | Accuracy 64.41%
Process 000 | Epoch 01079 | Time(s) 0.3635 | Comm(s) 0.2090 | Reduce(s) 0.0423 | Loss 16.4603
Epoch 01069 | Accuracy 64.47%
Process 000 | Epoch 01089 | Time(s) 0.3636 | Comm(s) 0.2090 | Reduce(s) 0.0423 | Loss 16.4426
Epoch 01079 | Accuracy 64.52%
Process 000 | Epoch 01099 | Time(s) 0.3636 | Comm(s) 0.2090 | Reduce(s) 0.0423 | Loss 16.4308
Epoch 01089 | Accuracy 64.60%
Process 000 | Epoch 01109 | Time(s) 0.3636 | Comm(s) 0.2090 | Reduce(s) 0.0423 | Loss 16.4568
Epoch 01099 | Accuracy 64.59%
Process 000 | Epoch 01119 | Time(s) 0.3636 | Comm(s) 0.2090 | Reduce(s) 0.0423 | Loss 16.4565
Epoch 01109 | Accuracy 64.89%
Process 000 | Epoch 01129 | Time(s) 0.3637 | Comm(s) 0.2090 | Reduce(s) 0.0423 | Loss 16.4473
Epoch 01119 | Accuracy 64.80%
Process 000 | Epoch 01139 | Time(s) 0.3637 | Comm(s) 0.2090 | Reduce(s) 0.0423 | Loss 16.4130
Epoch 01129 | Accuracy 64.53%
Process 000 | Epoch 01149 | Time(s) 0.3637 | Comm(s) 0.2090 | Reduce(s) 0.0423 | Loss 16.4185
Epoch 01139 | Accuracy 64.58%
Process 000 | Epoch 01159 | Time(s) 0.3637 | Comm(s) 0.2090 | Reduce(s) 0.0423 | Loss 16.4083
Epoch 01149 | Accuracy 64.61%
Process 000 | Epoch 01169 | Time(s) 0.3637 | Comm(s) 0.2090 | Reduce(s) 0.0423 | Loss 16.3895
Epoch 01159 | Accuracy 64.75%
Process 000 | Epoch 01179 | Time(s) 0.3637 | Comm(s) 0.2091 | Reduce(s) 0.0423 | Loss 16.4410
Epoch 01169 | Accuracy 64.73%
Process 000 | Epoch 01189 | Time(s) 0.3637 | Comm(s) 0.2090 | Reduce(s) 0.0423 | Loss 16.4087
Epoch 01179 | Accuracy 64.79%
Process 000 | Epoch 01199 | Time(s) 0.3636 | Comm(s) 0.2090 | Reduce(s) 0.0423 | Loss 16.3684
Epoch 01189 | Accuracy 64.47%
Process 000 | Epoch 01209 | Time(s) 0.3636 | Comm(s) 0.2089 | Reduce(s) 0.0423 | Loss 16.3883
Epoch 01199 | Accuracy 64.60%
Process 000 | Epoch 01219 | Time(s) 0.3636 | Comm(s) 0.2089 | Reduce(s) 0.0423 | Loss 16.3654
Epoch 01209 | Accuracy 64.39%
Process 000 | Epoch 01229 | Time(s) 0.3636 | Comm(s) 0.2089 | Reduce(s) 0.0423 | Loss 16.3662
Epoch 01219 | Accuracy 64.77%
Process 000 | Epoch 01239 | Time(s) 0.3636 | Comm(s) 0.2089 | Reduce(s) 0.0423 | Loss 16.3818
Epoch 01229 | Accuracy 64.71%
Process 000 | Epoch 01249 | Time(s) 0.3636 | Comm(s) 0.2090 | Reduce(s) 0.0423 | Loss 16.3536
Epoch 01239 | Accuracy 64.39%
Process 000 | Epoch 01259 | Time(s) 0.3636 | Comm(s) 0.2090 | Reduce(s) 0.0423 | Loss 16.3450
Epoch 01249 | Accuracy 64.89%
Process 000 | Epoch 01269 | Time(s) 0.3636 | Comm(s) 0.2089 | Reduce(s) 0.0423 | Loss 16.3619
Epoch 01259 | Accuracy 64.67%
Process 000 | Epoch 01279 | Time(s) 0.3636 | Comm(s) 0.2090 | Reduce(s) 0.0424 | Loss 16.3752
Epoch 01269 | Accuracy 64.40%
Process 000 | Epoch 01289 | Time(s) 0.3636 | Comm(s) 0.2090 | Reduce(s) 0.0424 | Loss 16.3403
Epoch 01279 | Accuracy 64.80%
Process 000 | Epoch 01299 | Time(s) 0.3636 | Comm(s) 0.2090 | Reduce(s) 0.0424 | Loss 16.3397
Epoch 01289 | Accuracy 64.73%
Process 000 | Epoch 01309 | Time(s) 0.3636 | Comm(s) 0.2090 | Reduce(s) 0.0423 | Loss 16.3308
Epoch 01299 | Accuracy 64.50%
Process 000 | Epoch 01319 | Time(s) 0.3636 | Comm(s) 0.2090 | Reduce(s) 0.0424 | Loss 16.3326
Epoch 01309 | Accuracy 64.90%
Process 001 | Epoch 00869 | Time(s) 0.4016 | Comm(s) 0.2098 | Reduce(s) 0.0411 | Loss 15.9266
Process 001 | Epoch 00879 | Time(s) 0.4015 | Comm(s) 0.2098 | Reduce(s) 0.0411 | Loss 15.8613
Process 001 | Epoch 00889 | Time(s) 0.4014 | Comm(s) 0.2099 | Reduce(s) 0.0411 | Loss 15.8437
Process 001 | Epoch 00899 | Time(s) 0.4015 | Comm(s) 0.2099 | Reduce(s) 0.0411 | Loss 15.8411
Process 001 | Epoch 00909 | Time(s) 0.4013 | Comm(s) 0.2099 | Reduce(s) 0.0411 | Loss 15.8355
Process 001 | Epoch 00919 | Time(s) 0.4013 | Comm(s) 0.2100 | Reduce(s) 0.0411 | Loss 15.8326
Process 001 | Epoch 00929 | Time(s) 0.4012 | Comm(s) 0.2100 | Reduce(s) 0.0411 | Loss 15.8233
Process 001 | Epoch 00939 | Time(s) 0.4013 | Comm(s) 0.2100 | Reduce(s) 0.0411 | Loss 15.8272
Process 001 | Epoch 00949 | Time(s) 0.4012 | Comm(s) 0.2101 | Reduce(s) 0.0411 | Loss 15.8080
Process 001 | Epoch 00959 | Time(s) 0.4013 | Comm(s) 0.2101 | Reduce(s) 0.0411 | Loss 15.7905
Process 001 | Epoch 00969 | Time(s) 0.4012 | Comm(s) 0.2100 | Reduce(s) 0.0411 | Loss 15.7932
Process 001 | Epoch 00979 | Time(s) 0.4012 | Comm(s) 0.2100 | Reduce(s) 0.0411 | Loss 15.7787
Process 001 | Epoch 00989 | Time(s) 0.4011 | Comm(s) 0.2100 | Reduce(s) 0.0411 | Loss 15.7813
Process 001 | Epoch 00999 | Time(s) 0.4012 | Comm(s) 0.2101 | Reduce(s) 0.0411 | Loss 15.7924
Process 001 | Epoch 01009 | Time(s) 0.4012 | Comm(s) 0.2101 | Reduce(s) 0.0411 | Loss 15.7845
Process 001 | Epoch 01019 | Time(s) 0.4012 | Comm(s) 0.2101 | Reduce(s) 0.0411 | Loss 15.7586
Process 001 | Epoch 01029 | Time(s) 0.4012 | Comm(s) 0.2102 | Reduce(s) 0.0411 | Loss 15.7505
Process 001 | Epoch 01039 | Time(s) 0.4012 | Comm(s) 0.2102 | Reduce(s) 0.0411 | Loss 15.7493
Process 001 | Epoch 01049 | Time(s) 0.4011 | Comm(s) 0.2102 | Reduce(s) 0.0411 | Loss 15.8522
Process 001 | Epoch 01059 | Time(s) 0.4012 | Comm(s) 0.2103 | Reduce(s) 0.0411 | Loss 15.7492
Process 001 | Epoch 01069 | Time(s) 0.4011 | Comm(s) 0.2102 | Reduce(s) 0.0411 | Loss 15.7336
Process 001 | Epoch 01079 | Time(s) 0.4011 | Comm(s) 0.2102 | Reduce(s) 0.0411 | Loss 15.7330
Process 001 | Epoch 01089 | Time(s) 0.4012 | Comm(s) 0.2102 | Reduce(s) 0.0411 | Loss 15.7024
Process 001 | Epoch 01099 | Time(s) 0.4011 | Comm(s) 0.2102 | Reduce(s) 0.0411 | Loss 15.7058
Process 001 | Epoch 01109 | Time(s) 0.4012 | Comm(s) 0.2103 | Reduce(s) 0.0411 | Loss 15.7196
Process 001 | Epoch 01119 | Time(s) 0.4013 | Comm(s) 0.2103 | Reduce(s) 0.0411 | Loss 15.7134
Process 001 | Epoch 01129 | Time(s) 0.4012 | Comm(s) 0.2104 | Reduce(s) 0.0411 | Loss 15.7214
Process 001 | Epoch 01139 | Time(s) 0.4012 | Comm(s) 0.2104 | Reduce(s) 0.0411 | Loss 15.6936
Process 001 | Epoch 01149 | Time(s) 0.4011 | Comm(s) 0.2104 | Reduce(s) 0.0411 | Loss 15.6809
Process 001 | Epoch 01159 | Time(s) 0.4010 | Comm(s) 0.2104 | Reduce(s) 0.0411 | Loss 15.6785
Process 001 | Epoch 01169 | Time(s) 0.4011 | Comm(s) 0.2104 | Reduce(s) 0.0411 | Loss 15.6598
Process 001 | Epoch 01179 | Time(s) 0.4011 | Comm(s) 0.2104 | Reduce(s) 0.0411 | Loss 15.6937
Process 001 | Epoch 01189 | Time(s) 0.4010 | Comm(s) 0.2104 | Reduce(s) 0.0411 | Loss 15.6739
Process 001 | Epoch 01199 | Time(s) 0.4009 | Comm(s) 0.2104 | Reduce(s) 0.0411 | Loss 15.6410
Process 001 | Epoch 01209 | Time(s) 0.4009 | Comm(s) 0.2104 | Reduce(s) 0.0412 | Loss 15.6490
Process 001 | Epoch 01219 | Time(s) 0.4009 | Comm(s) 0.2104 | Reduce(s) 0.0412 | Loss 15.6335
Process 001 | Epoch 01229 | Time(s) 0.4009 | Comm(s) 0.2104 | Reduce(s) 0.0412 | Loss 15.6362
Process 001 | Epoch 01239 | Time(s) 0.4009 | Comm(s) 0.2104 | Reduce(s) 0.0412 | Loss 15.6307
Process 001 | Epoch 01249 | Time(s) 0.4008 | Comm(s) 0.2105 | Reduce(s) 0.0411 | Loss 15.6195
Process 001 | Epoch 01259 | Time(s) 0.4008 | Comm(s) 0.2105 | Reduce(s) 0.0412 | Loss 15.6093
Process 001 | Epoch 01269 | Time(s) 0.4008 | Comm(s) 0.2105 | Reduce(s) 0.0412 | Loss 15.6356
Process 001 | Epoch 01279 | Time(s) 0.4007 | Comm(s) 0.2105 | Reduce(s) 0.0412 | Loss 15.6287
Process 001 | Epoch 01289 | Time(s) 0.4007 | Comm(s) 0.2105 | Reduce(s) 0.0412 | Loss 15.6061
Process 001 | Epoch 01299 | Time(s) 0.4006 | Comm(s) 0.2105 | Reduce(s) 0.0412 | Loss 15.6051
Process 001 | Epoch 01309 | Time(s) 0.4006 | Comm(s) 0.2105 | Reduce(s) 0.0412 | Loss 15.6042
Process 001 | Epoch 01319 | Time(s) 0.4005 | Comm(s) 0.2105 | Reduce(s) 0.0412 | Loss 15.5908
Process 001 | Epoch 01329 | Time(s) 0.4004 | Comm(s) 0.2105 | Reduce(s) 0.0412 | Loss 15.5795
Process 001 | Epoch 01339 | Time(s) 0.4004 | Comm(s) 0.2105 | Reduce(s) 0.0412 | Loss 15.6024
Process 001 | Epoch 01349 | Time(s) 0.4004 | Comm(s) 0.2105 | Reduce(s) 0.0412 | Loss 15.6231
Process 001 | Epoch 01359 | Time(s) 0.4005 | Comm(s) 0.2105 | Reduce(s) 0.0412 | Loss 15.5824
Process 001 | Epoch 01369 | Time(s) 0.4005 | Comm(s) 0.2106 | Reduce(s) 0.0412 | Loss 15.5651
Process 001 | Epoch 01379 | Time(s) 0.4005 | Comm(s) 0.2106 | Reduce(s) 0.0412 | Loss 15.5499
Process 001 | Epoch 01389 | Time(s) 0.4005 | Comm(s) 0.2106 | Reduce(s) 0.0412 | Loss 15.5796
Process 001 | Epoch 01399 | Time(s) 0.4006 | Comm(s) 0.2105 | Reduce(s) 0.0412 | Loss 15.5538
Process 001 | Epoch 01409 | Time(s) 0.4007 | Comm(s) 0.2105 | Reduce(s) 0.0412 | Loss 15.5528
Process 001 | Epoch 01419 | Time(s) 0.4007 | Comm(s) 0.2105 | Reduce(s) 0.0412 | Loss 15.5452
Process 001 | Epoch 01429 | Time(s) 0.4008 | Comm(s) 0.2106 | Reduce(s) 0.0412 | Loss 15.6036
Process 001 | Epoch 01439 | Time(s) 0.4008 | Comm(s) 0.2106 | Reduce(s) 0.0412 | Loss 15.5524
Process 001 | Epoch 01449 | Time(s) 0.4009 | Comm(s) 0.2106 | Reduce(s) 0.0412 | Loss 15.5333
Process 001 | Epoch 01459 | Time(s) 0.4009 | Comm(s) 0.2106 | Reduce(s) 0.0412 | Loss 15.5258
Process 001 | Epoch 01469 | Time(s) 0.4010 | Comm(s) 0.2106 | Reduce(s) 0.0412 | Loss 15.5311
Process 001 | Epoch 01479 | Time(s) 0.4010 | Comm(s) 0.2106 | Reduce(s) 0.0412 | Loss 15.5247
Process 001 | Epoch 01489 | Time(s) 0.4011 | Comm(s) 0.2106 | Reduce(s) 0.0412 | Loss 15.5191
Process 001 | Epoch 01499 | Time(s) 0.4011 | Comm(s) 0.2106 | Reduce(s) 0.0412 | Loss 15.5102
Process 001 | Epoch 01509 | Time(s) 0.4012 | Comm(s) 0.2106 | Reduce(s) 0.0412 | Loss 15.5308
Process 001 | Epoch 01519 | Time(s) 0.4012 | Comm(s) 0.2106 | Reduce(s) 0.0412 | Loss 15.5037
Process 001 | Epoch 01529 | Time(s) 0.4012 | Comm(s) 0.2106 | Reduce(s) 0.0412 | Loss 15.4976
Process 001 | Epoch 01539 | Time(s) 0.4013 | Comm(s) 0.2106 | Reduce(s) 0.0412 | Loss 15.4875
Process 001 | Epoch 01549 | Time(s) 0.4013 | Comm(s) 0.2106 | Reduce(s) 0.0412 | Loss 15.4941
Process 001 | Epoch 01559 | Time(s) 0.4014 | Comm(s) 0.2106 | Reduce(s) 0.0412 | Loss 15.4940
Process 001 | Epoch 01569 | Time(s) 0.4015 | Comm(s) 0.2107 | Reduce(s) 0.0412 | Loss 15.4837
Process 001 | Epoch 01579 | Time(s) 0.4015 | Comm(s) 0.2107 | Reduce(s) 0.0412 | Loss 15.4754
Process 001 | Epoch 01589 | Time(s) 0.4015 | Comm(s) 0.2107 | Reduce(s) 0.0412 | Loss 15.4831
Process 001 | Epoch 01599 | Time(s) 0.4015 | Comm(s) 0.2107 | Reduce(s) 0.0412 | Loss 15.4848
Process 001 | Epoch 01609 | Time(s) 0.4015 | Comm(s) 0.2107 | Reduce(s) 0.0412 | Loss 15.4702
Process 001 | Epoch 01619 | Time(s) 0.4016 | Comm(s) 0.2107 | Reduce(s) 0.0412 | Loss 15.4929
Process 001 | Epoch 01629 | Time(s) 0.4016 | Comm(s) 0.2107 | Reduce(s) 0.0412 | Loss 15.5015
Process 001 | Epoch 01639 | Time(s) 0.4016 | Comm(s) 0.2107 | Reduce(s) 0.0412 | Loss 15.4489
Process 001 | Epoch 01649 | Time(s) 0.4016 | Comm(s) 0.2108 | Reduce(s) 0.0412 | Loss 15.4451
Process 001 | Epoch 01659 | Time(s) 0.4016 | Comm(s) 0.2108 | Reduce(s) 0.0412 | Loss 15.4567
Process 001 | Epoch 01669 | Time(s) 0.4016 | Comm(s) 0.2108 | Reduce(s) 0.0412 | Loss 15.4580
Process 001 | Epoch 01679 | Time(s) 0.4017 | Comm(s) 0.2108 | Reduce(s) 0.0411 | Loss 15.4403
Process 001 | Epoch 01689 | Time(s) 0.4018 | Comm(s) 0.2108 | Reduce(s) 0.0411 | Loss 15.4402
Process 001 | Epoch 01699 | Time(s) 0.4018 | Comm(s) 0.2109 | Reduce(s) 0.0411 | Loss 15.4229
Process 001 | Epoch 01709 | Time(s) 0.4019 | Comm(s) 0.2108 | Reduce(s) 0.0411 | Loss 15.4437
Process 001 | Epoch 01719 | Time(s) 0.4019 | Comm(s) 0.2108 | Reduce(s) 0.0411 | Loss 15.4273
Process 001 | Epoch 01729 | Time(s) 0.4019 | Comm(s) 0.2108 | Reduce(s) 0.0412 | Loss 15.4114
Process 001 | Epoch 01739 | Time(s) 0.4019 | Comm(s) 0.2108 | Reduce(s) 0.0412 | Loss 15.4377
Process 002 | Epoch 00869 | Time(s) 0.4016 | Comm(s) 0.2073 | Reduce(s) 0.0420 | Loss 13.6709
Process 002 | Epoch 00879 | Time(s) 0.4015 | Comm(s) 0.2073 | Reduce(s) 0.0419 | Loss 13.5888
Process 002 | Epoch 00889 | Time(s) 0.4014 | Comm(s) 0.2073 | Reduce(s) 0.0420 | Loss 13.5665
Process 002 | Epoch 00899 | Time(s) 0.4015 | Comm(s) 0.2073 | Reduce(s) 0.0420 | Loss 13.5676
Process 002 | Epoch 00909 | Time(s) 0.4013 | Comm(s) 0.2074 | Reduce(s) 0.0420 | Loss 13.5583
Process 002 | Epoch 00919 | Time(s) 0.4013 | Comm(s) 0.2074 | Reduce(s) 0.0420 | Loss 13.5495
Process 002 | Epoch 00929 | Time(s) 0.4012 | Comm(s) 0.2074 | Reduce(s) 0.0420 | Loss 13.5514
Process 002 | Epoch 00939 | Time(s) 0.4013 | Comm(s) 0.2075 | Reduce(s) 0.0420 | Loss 13.5500
Process 002 | Epoch 00949 | Time(s) 0.4012 | Comm(s) 0.2074 | Reduce(s) 0.0420 | Loss 13.5349
Process 002 | Epoch 00959 | Time(s) 0.4013 | Comm(s) 0.2074 | Reduce(s) 0.0420 | Loss 13.5270
Process 002 | Epoch 00969 | Time(s) 0.4012 | Comm(s) 0.2074 | Reduce(s) 0.0420 | Loss 13.5167
Process 002 | Epoch 00979 | Time(s) 0.4012 | Comm(s) 0.2074 | Reduce(s) 0.0420 | Loss 13.5061
Process 002 | Epoch 00989 | Time(s) 0.4011 | Comm(s) 0.2074 | Reduce(s) 0.0420 | Loss 13.4993
Process 002 | Epoch 00999 | Time(s) 0.4012 | Comm(s) 0.2075 | Reduce(s) 0.0420 | Loss 13.5082
Process 002 | Epoch 01009 | Time(s) 0.4012 | Comm(s) 0.2075 | Reduce(s) 0.0420 | Loss 13.5205
Process 002 | Epoch 01019 | Time(s) 0.4012 | Comm(s) 0.2075 | Reduce(s) 0.0420 | Loss 13.4987
Process 002 | Epoch 01029 | Time(s) 0.4012 | Comm(s) 0.2075 | Reduce(s) 0.0420 | Loss 13.4880
Process 002 | Epoch 01039 | Time(s) 0.4012 | Comm(s) 0.2075 | Reduce(s) 0.0420 | Loss 13.4676
Process 002 | Epoch 01049 | Time(s) 0.4011 | Comm(s) 0.2076 | Reduce(s) 0.0420 | Loss 13.6084
Process 002 | Epoch 01059 | Time(s) 0.4012 | Comm(s) 0.2076 | Reduce(s) 0.0420 | Loss 13.4789
Process 002 | Epoch 01069 | Time(s) 0.4011 | Comm(s) 0.2075 | Reduce(s) 0.0420 | Loss 13.4565
Process 002 | Epoch 01079 | Time(s) 0.4011 | Comm(s) 0.2075 | Reduce(s) 0.0420 | Loss 13.4435
Process 002 | Epoch 01089 | Time(s) 0.4011 | Comm(s) 0.2076 | Reduce(s) 0.0420 | Loss 13.4385
Process 002 | Epoch 01099 | Time(s) 0.4011 | Comm(s) 0.2076 | Reduce(s) 0.0420 | Loss 13.4305
Process 002 | Epoch 01109 | Time(s) 0.4012 | Comm(s) 0.2076 | Reduce(s) 0.0420 | Loss 13.4459
Process 002 | Epoch 01119 | Time(s) 0.4013 | Comm(s) 0.2076 | Reduce(s) 0.0420 | Loss 13.4392
Process 002 | Epoch 01129 | Time(s) 0.4012 | Comm(s) 0.2077 | Reduce(s) 0.0420 | Loss 13.4240
Process 002 | Epoch 01139 | Time(s) 0.4012 | Comm(s) 0.2077 | Reduce(s) 0.0420 | Loss 13.4124
Process 002 | Epoch 01149 | Time(s) 0.4011 | Comm(s) 0.2077 | Reduce(s) 0.0420 | Loss 13.4054
Process 002 | Epoch 01159 | Time(s) 0.4010 | Comm(s) 0.2077 | Reduce(s) 0.0420 | Loss 13.4111
Process 002 | Epoch 01169 | Time(s) 0.4011 | Comm(s) 0.2077 | Reduce(s) 0.0420 | Loss 13.3946
Process 002 | Epoch 01179 | Time(s) 0.4011 | Comm(s) 0.2077 | Reduce(s) 0.0420 | Loss 13.4420
Process 002 | Epoch 01189 | Time(s) 0.4010 | Comm(s) 0.2077 | Reduce(s) 0.0420 | Loss 13.3939
Process 002 | Epoch 01199 | Time(s) 0.4009 | Comm(s) 0.2077 | Reduce(s) 0.0420 | Loss 13.3807
Process 002 | Epoch 01209 | Time(s) 0.4009 | Comm(s) 0.2077 | Reduce(s) 0.0420 | Loss 13.4029
Process 002 | Epoch 01219 | Time(s) 0.4009 | Comm(s) 0.2076 | Reduce(s) 0.0420 | Loss 13.3700
Process 002 | Epoch 01229 | Time(s) 0.4009 | Comm(s) 0.2076 | Reduce(s) 0.0420 | Loss 13.3719
Process 002 | Epoch 01239 | Time(s) 0.4009 | Comm(s) 0.2077 | Reduce(s) 0.0420 | Loss 13.3865
Process 002 | Epoch 01249 | Time(s) 0.4008 | Comm(s) 0.2077 | Reduce(s) 0.0420 | Loss 13.3617
Process 002 | Epoch 01259 | Time(s) 0.4008 | Comm(s) 0.2077 | Reduce(s) 0.0420 | Loss 13.3557
Process 002 | Epoch 01269 | Time(s) 0.4008 | Comm(s) 0.2077 | Reduce(s) 0.0420 | Loss 13.3822
Process 002 | Epoch 01279 | Time(s) 0.4007 | Comm(s) 0.2077 | Reduce(s) 0.0420 | Loss 13.3714
Process 002 | Epoch 01289 | Time(s) 0.4007 | Comm(s) 0.2077 | Reduce(s) 0.0420 | Loss 13.3369
Process 002 | Epoch 01299 | Time(s) 0.4006 | Comm(s) 0.2077 | Reduce(s) 0.0420 | Loss 13.3606
Process 002 | Epoch 01309 | Time(s) 0.4006 | Comm(s) 0.2078 | Reduce(s) 0.0420 | Loss 13.3409
Process 002 | Epoch 01319 | Time(s) 0.4005 | Comm(s) 0.2078 | Reduce(s) 0.0420 | Loss 13.3275
Process 002 | Epoch 01329 | Time(s) 0.4004 | Comm(s) 0.2078 | Reduce(s) 0.0420 | Loss 13.3198
Process 002 | Epoch 01339 | Time(s) 0.4004 | Comm(s) 0.2078 | Reduce(s) 0.0420 | Loss 13.3615
Process 002 | Epoch 01349 | Time(s) 0.4004 | Comm(s) 0.2078 | Reduce(s) 0.0420 | Loss 13.3675
Process 002 | Epoch 01359 | Time(s) 0.4005 | Comm(s) 0.2078 | Reduce(s) 0.0420 | Loss 13.3321
Process 002 | Epoch 01369 | Time(s) 0.4005 | Comm(s) 0.2078 | Reduce(s) 0.0419 | Loss 13.2997
Process 002 | Epoch 01379 | Time(s) 0.4005 | Comm(s) 0.2078 | Reduce(s) 0.0419 | Loss 13.2989
Process 002 | Epoch 01389 | Time(s) 0.4005 | Comm(s) 0.2078 | Reduce(s) 0.0419 | Loss 13.3408
Process 002 | Epoch 01399 | Time(s) 0.4006 | Comm(s) 0.2078 | Reduce(s) 0.0419 | Loss 13.2951
Process 002 | Epoch 01409 | Time(s) 0.4007 | Comm(s) 0.2078 | Reduce(s) 0.0419 | Loss 13.2949
Process 002 | Epoch 01419 | Time(s) 0.4007 | Comm(s) 0.2078 | Reduce(s) 0.0419 | Loss 13.2940
Process 002 | Epoch 01429 | Time(s) 0.4008 | Comm(s) 0.2078 | Reduce(s) 0.0419 | Loss 13.3509
Process 002 | Epoch 01439 | Time(s) 0.4008 | Comm(s) 0.2079 | Reduce(s) 0.0419 | Loss 13.2918
Process 002 | Epoch 01449 | Time(s) 0.4009 | Comm(s) 0.2079 | Reduce(s) 0.0419 | Loss 13.2828
Process 002 | Epoch 01459 | Time(s) 0.4009 | Comm(s) 0.2079 | Reduce(s) 0.0419 | Loss 13.2723
Process 002 | Epoch 01469 | Time(s) 0.4010 | Comm(s) 0.2079 | Reduce(s) 0.0419 | Loss 13.2796
Process 002 | Epoch 01479 | Time(s) 0.4010 | Comm(s) 0.2079 | Reduce(s) 0.0419 | Loss 13.2695
Process 002 | Epoch 01489 | Time(s) 0.4011 | Comm(s) 0.2079 | Reduce(s) 0.0419 | Loss 13.2611
Process 002 | Epoch 01499 | Time(s) 0.4011 | Comm(s) 0.2079 | Reduce(s) 0.0420 | Loss 13.2498
Process 002 | Epoch 01509 | Time(s) 0.4012 | Comm(s) 0.2079 | Reduce(s) 0.0420 | Loss 13.2977
Process 002 | Epoch 01519 | Time(s) 0.4012 | Comm(s) 0.2079 | Reduce(s) 0.0420 | Loss 13.2415
Process 002 | Epoch 01529 | Time(s) 0.4012 | Comm(s) 0.2079 | Reduce(s) 0.0420 | Loss 13.2399
Process 002 | Epoch 01539 | Time(s) 0.4013 | Comm(s) 0.2079 | Reduce(s) 0.0420 | Loss 13.2446
Process 002 | Epoch 01549 | Time(s) 0.4013 | Comm(s) 0.2079 | Reduce(s) 0.0420 | Loss 13.2457
Process 002 | Epoch 01559 | Time(s) 0.4014 | Comm(s) 0.2079 | Reduce(s) 0.0420 | Loss 13.2527
Process 002 | Epoch 01569 | Time(s) 0.4015 | Comm(s) 0.2080 | Reduce(s) 0.0420 | Loss 13.2369
Process 002 | Epoch 01579 | Time(s) 0.4015 | Comm(s) 0.2080 | Reduce(s) 0.0420 | Loss 13.2258
Process 002 | Epoch 01589 | Time(s) 0.4015 | Comm(s) 0.2080 | Reduce(s) 0.0420 | Loss 13.2372
Process 002 | Epoch 01599 | Time(s) 0.4015 | Comm(s) 0.2080 | Reduce(s) 0.0420 | Loss 13.2435
Process 002 | Epoch 01609 | Time(s) 0.4015 | Comm(s) 0.2080 | Reduce(s) 0.0420 | Loss 13.2190
Process 002 | Epoch 01619 | Time(s) 0.4016 | Comm(s) 0.2080 | Reduce(s) 0.0420 | Loss 13.2451
Process 002 | Epoch 01629 | Time(s) 0.4016 | Comm(s) 0.2080 | Reduce(s) 0.0420 | Loss 13.2361
Process 002 | Epoch 01639 | Time(s) 0.4016 | Comm(s) 0.2080 | Reduce(s) 0.0420 | Loss 13.2044
Process 002 | Epoch 01649 | Time(s) 0.4016 | Comm(s) 0.2080 | Reduce(s) 0.0420 | Loss 13.2047
Process 002 | Epoch 01659 | Time(s) 0.4016 | Comm(s) 0.2081 | Reduce(s) 0.0420 | Loss 13.2209
Process 002 | Epoch 01669 | Time(s) 0.4016 | Comm(s) 0.2081 | Reduce(s) 0.0420 | Loss 13.2055
Process 002 | Epoch 01679 | Time(s) 0.4017 | Comm(s) 0.2081 | Reduce(s) 0.0420 | Loss 13.2030
Process 002 | Epoch 01689 | Time(s) 0.4018 | Comm(s) 0.2081 | Reduce(s) 0.0420 | Loss 13.1943
Process 002 | Epoch 01699 | Time(s) 0.4018 | Comm(s) 0.2081 | Reduce(s) 0.0420 | Loss 13.1861
Process 002 | Epoch 01709 | Time(s) 0.4019 | Comm(s) 0.2081 | Reduce(s) 0.0420 | Loss 13.2049
Process 002 | Epoch 01719 | Time(s) 0.4019 | Comm(s) 0.2081 | Reduce(s) 0.0420 | Loss 13.1842
Process 002 | Epoch 01729 | Time(s) 0.4019 | Comm(s) 0.2081 | Reduce(s) 0.0420 | Loss 13.1750
Process 002 | Epoch 01739 | Time(s) 0.4019 | Comm(s) 0.2081 | Reduce(s) 0.0420 | Loss 13.1899
Process 000 | Epoch 01329 | Time(s) 0.3636 | Comm(s) 0.2090 | Reduce(s) 0.0424 | Loss 16.3122
Epoch 01319 | Accuracy 64.70%
Process 000 | Epoch 01339 | Time(s) 0.3636 | Comm(s) 0.2090 | Reduce(s) 0.0424 | Loss 16.3408
Epoch 01329 | Accuracy 64.77%
Process 000 | Epoch 01349 | Time(s) 0.3636 | Comm(s) 0.2090 | Reduce(s) 0.0424 | Loss 16.3669
Epoch 01339 | Accuracy 64.17%
Process 000 | Epoch 01359 | Time(s) 0.3636 | Comm(s) 0.2091 | Reduce(s) 0.0424 | Loss 16.3141
Epoch 01349 | Accuracy 64.90%
Process 000 | Epoch 01369 | Time(s) 0.3636 | Comm(s) 0.2091 | Reduce(s) 0.0424 | Loss 16.2951
Epoch 01359 | Accuracy 64.87%
Process 000 | Epoch 01379 | Time(s) 0.3636 | Comm(s) 0.2091 | Reduce(s) 0.0424 | Loss 16.2816
Epoch 01369 | Accuracy 64.90%
Process 000 | Epoch 01389 | Time(s) 0.3636 | Comm(s) 0.2091 | Reduce(s) 0.0424 | Loss 16.3164
Epoch 01379 | Accuracy 64.78%
Process 000 | Epoch 01399 | Time(s) 0.3636 | Comm(s) 0.2090 | Reduce(s) 0.0424 | Loss 16.2801
Epoch 01389 | Accuracy 64.42%
Process 000 | Epoch 01409 | Time(s) 0.3635 | Comm(s) 0.2090 | Reduce(s) 0.0424 | Loss 16.2793
Epoch 01399 | Accuracy 64.92%
Process 000 | Epoch 01419 | Time(s) 0.3636 | Comm(s) 0.2090 | Reduce(s) 0.0424 | Loss 16.2811
Epoch 01409 | Accuracy 64.78%
Process 000 | Epoch 01429 | Time(s) 0.3636 | Comm(s) 0.2090 | Reduce(s) 0.0424 | Loss 16.3490
Epoch 01419 | Accuracy 64.98%
Process 000 | Epoch 01439 | Time(s) 0.3636 | Comm(s) 0.2090 | Reduce(s) 0.0424 | Loss 16.2776
Epoch 01429 | Accuracy 64.24%
Process 000 | Epoch 01449 | Time(s) 0.3636 | Comm(s) 0.2090 | Reduce(s) 0.0424 | Loss 16.2638
Epoch 01439 | Accuracy 64.82%
Process 000 | Epoch 01459 | Time(s) 0.3636 | Comm(s) 0.2089 | Reduce(s) 0.0424 | Loss 16.2516
Epoch 01449 | Accuracy 64.76%
Process 000 | Epoch 01469 | Time(s) 0.3636 | Comm(s) 0.2089 | Reduce(s) 0.0424 | Loss 16.2613
Epoch 01459 | Accuracy 64.84%
Process 000 | Epoch 01479 | Time(s) 0.3636 | Comm(s) 0.2089 | Reduce(s) 0.0424 | Loss 16.2430
Epoch 01469 | Accuracy 64.61%
Process 000 | Epoch 01489 | Time(s) 0.3636 | Comm(s) 0.2089 | Reduce(s) 0.0424 | Loss 16.2387
Epoch 01479 | Accuracy 64.65%
Process 000 | Epoch 01499 | Time(s) 0.3636 | Comm(s) 0.2089 | Reduce(s) 0.0424 | Loss 16.2479
Epoch 01489 | Accuracy 64.91%
Process 000 | Epoch 01509 | Time(s) 0.3636 | Comm(s) 0.2089 | Reduce(s) 0.0424 | Loss 16.2697
Epoch 01499 | Accuracy 64.67%
Process 000 | Epoch 01519 | Time(s) 0.3636 | Comm(s) 0.2089 | Reduce(s) 0.0424 | Loss 16.2234
Epoch 01509 | Accuracy 64.55%
Process 000 | Epoch 01529 | Time(s) 0.3636 | Comm(s) 0.2089 | Reduce(s) 0.0424 | Loss 16.2200
Epoch 01519 | Accuracy 64.84%
Process 000 | Epoch 01539 | Time(s) 0.3636 | Comm(s) 0.2089 | Reduce(s) 0.0424 | Loss 16.2229
Epoch 01529 | Accuracy 64.94%
Process 000 | Epoch 01549 | Time(s) 0.3636 | Comm(s) 0.2090 | Reduce(s) 0.0424 | Loss 16.2241
Epoch 01539 | Accuracy 64.78%
Process 000 | Epoch 01559 | Time(s) 0.3637 | Comm(s) 0.2090 | Reduce(s) 0.0424 | Loss 16.2233
Epoch 01549 | Accuracy 64.81%
Process 000 | Epoch 01569 | Time(s) 0.3636 | Comm(s) 0.2090 | Reduce(s) 0.0424 | Loss 16.2214
Epoch 01559 | Accuracy 64.97%
Process 000 | Epoch 01579 | Time(s) 0.3637 | Comm(s) 0.2090 | Reduce(s) 0.0424 | Loss 16.2045
Epoch 01569 | Accuracy 64.66%
Process 000 | Epoch 01589 | Time(s) 0.3637 | Comm(s) 0.2090 | Reduce(s) 0.0424 | Loss 16.2230
Epoch 01579 | Accuracy 64.83%
Process 000 | Epoch 01599 | Time(s) 0.3637 | Comm(s) 0.2090 | Reduce(s) 0.0424 | Loss 16.2156
Epoch 01589 | Accuracy 64.95%
Process 000 | Epoch 01609 | Time(s) 0.3637 | Comm(s) 0.2090 | Reduce(s) 0.0424 | Loss 16.1971
Epoch 01599 | Accuracy 64.97%
Process 000 | Epoch 01619 | Time(s) 0.3637 | Comm(s) 0.2090 | Reduce(s) 0.0424 | Loss 16.2278
Epoch 01609 | Accuracy 64.96%
Process 000 | Epoch 01629 | Time(s) 0.3637 | Comm(s) 0.2090 | Reduce(s) 0.0424 | Loss 16.2239
Epoch 01619 | Accuracy 64.33%
Process 000 | Epoch 01639 | Time(s) 0.3637 | Comm(s) 0.2090 | Reduce(s) 0.0424 | Loss 16.1859
Epoch 01629 | Accuracy 65.03%
Process 000 | Epoch 01649 | Time(s) 0.3637 | Comm(s) 0.2090 | Reduce(s) 0.0424 | Loss 16.1650
Epoch 01639 | Accuracy 64.88%
Process 000 | Epoch 01659 | Time(s) 0.3637 | Comm(s) 0.2090 | Reduce(s) 0.0424 | Loss 16.1863
Epoch 01649 | Accuracy 64.92%
Process 000 | Epoch 01669 | Time(s) 0.3637 | Comm(s) 0.2090 | Reduce(s) 0.0424 | Loss 16.1903
Epoch 01659 | Accuracy 64.50%
Process 000 | Epoch 01679 | Time(s) 0.3637 | Comm(s) 0.2090 | Reduce(s) 0.0424 | Loss 16.1690
Epoch 01669 | Accuracy 65.04%
Process 000 | Epoch 01689 | Time(s) 0.3637 | Comm(s) 0.2090 | Reduce(s) 0.0424 | Loss 16.1599
Epoch 01679 | Accuracy 64.95%
Process 000 | Epoch 01699 | Time(s) 0.3638 | Comm(s) 0.2090 | Reduce(s) 0.0424 | Loss 16.1549
Epoch 01689 | Accuracy 64.77%
Process 000 | Epoch 01709 | Time(s) 0.3637 | Comm(s) 0.2090 | Reduce(s) 0.0424 | Loss 16.1647
Epoch 01699 | Accuracy 65.02%
Process 000 | Epoch 01719 | Time(s) 0.3638 | Comm(s) 0.2091 | Reduce(s) 0.0424 | Loss 16.1524
Epoch 01709 | Accuracy 64.66%
Process 000 | Epoch 01729 | Time(s) 0.3638 | Comm(s) 0.2091 | Reduce(s) 0.0424 | Loss 16.1392
Epoch 01719 | Accuracy 64.98%
Process 000 | Epoch 01739 | Time(s) 0.3638 | Comm(s) 0.2091 | Reduce(s) 0.0424 | Loss 16.1620
Epoch 01729 | Accuracy 64.80%
Process 000 | Epoch 01749 | Time(s) 0.3638 | Comm(s) 0.2091 | Reduce(s) 0.0424 | Loss 16.1370
Epoch 01739 | Accuracy 64.64%
Process 000 | Epoch 01759 | Time(s) 0.3638 | Comm(s) 0.2091 | Reduce(s) 0.0424 | Loss 16.1736
Epoch 01749 | Accuracy 64.99%
Process 000 | Epoch 01769 | Time(s) 0.3638 | Comm(s) 0.2091 | Reduce(s) 0.0424 | Loss 16.1679
Epoch 01759 | Accuracy 64.44%
Process 000 | Epoch 01779 | Time(s) 0.3638 | Comm(s) 0.2091 | Reduce(s) 0.0424 | Loss 16.1307
Epoch 01769 | Accuracy 65.09%
Process 000 | Epoch 01789 | Time(s) 0.3638 | Comm(s) 0.2091 | Reduce(s) 0.0424 | Loss 16.1367
Epoch 01779 | Accuracy 64.87%
Process 000 | Epoch 01799 | Time(s) 0.3638 | Comm(s) 0.2091 | Reduce(s) 0.0424 | Loss 16.1313
Epoch 01789 | Accuracy 64.99%
Process 000 | Epoch 01809 | Time(s) 0.3638 | Comm(s) 0.2091 | Reduce(s) 0.0424 | Loss 16.1196
Epoch 01799 | Accuracy 64.86%
Process 000 | Epoch 01819 | Time(s) 0.3638 | Comm(s) 0.2091 | Reduce(s) 0.0424 | Loss 16.1165
Epoch 01809 | Accuracy 65.05%
Process 000 | Epoch 01829 | Time(s) 0.3639 | Comm(s) 0.2092 | Reduce(s) 0.0424 | Loss 16.1187
Epoch 01819 | Accuracy 64.84%
Process 000 | Epoch 01839 | Time(s) 0.3639 | Comm(s) 0.2091 | Reduce(s) 0.0424 | Loss 16.1413
Epoch 01829 | Accuracy 64.80%
Process 000 | Epoch 01849 | Time(s) 0.3639 | Comm(s) 0.2092 | Reduce(s) 0.0424 | Loss 16.1094
Epoch 01839 | Accuracy 64.81%
Process 000 | Epoch 01859 | Time(s) 0.3639 | Comm(s) 0.2092 | Reduce(s) 0.0423 | Loss 16.1054
Epoch 01849 | Accuracy 64.67%
Process 000 | Epoch 01869 | Time(s) 0.3639 | Comm(s) 0.2092 | Reduce(s) 0.0423 | Loss 16.1203
Epoch 01859 | Accuracy 64.83%
Process 000 | Epoch 01879 | Time(s) 0.3639 | Comm(s) 0.2092 | Reduce(s) 0.0423 | Loss 16.1152
Epoch 01869 | Accuracy 64.62%
Process 000 | Epoch 01889 | Time(s) 0.3639 | Comm(s) 0.2092 | Reduce(s) 0.0424 | Loss 16.0969
Epoch 01879 | Accuracy 64.97%
Process 000 | Epoch 01899 | Time(s) 0.3639 | Comm(s) 0.2092 | Reduce(s) 0.0424 | Loss 16.0860
Epoch 01889 | Accuracy 65.03%
Process 000 | Epoch 01909 | Time(s) 0.3639 | Comm(s) 0.2092 | Reduce(s) 0.0424 | Loss 16.2952
Epoch 01899 | Accuracy 65.00%
Process 000 | Epoch 01919 | Time(s) 0.3639 | Comm(s) 0.2091 | Reduce(s) 0.0424 | Loss 16.1301
Epoch 01909 | Accuracy 65.22%
Process 000 | Epoch 01929 | Time(s) 0.3639 | Comm(s) 0.2092 | Reduce(s) 0.0424 | Loss 16.0715
Epoch 01919 | Accuracy 65.07%
Process 000 | Epoch 01939 | Time(s) 0.3639 | Comm(s) 0.2092 | Reduce(s) 0.0423 | Loss 16.0865
Epoch 01929 | Accuracy 64.89%
Process 000 | Epoch 01949 | Time(s) 0.3639 | Comm(s) 0.2092 | Reduce(s) 0.0423 | Loss 16.0648
Epoch 01939 | Accuracy 65.00%
Process 000 | Epoch 01959 | Time(s) 0.3639 | Comm(s) 0.2092 | Reduce(s) 0.0423 | Loss 16.0660
Epoch 01949 | Accuracy 64.92%
Process 000 | Epoch 01969 | Time(s) 0.3639 | Comm(s) 0.2092 | Reduce(s) 0.0423 | Loss 16.2106
Epoch 01959 | Accuracy 64.89%
Process 000 | Epoch 01979 | Time(s) 0.3639 | Comm(s) 0.2092 | Reduce(s) 0.0423 | Loss 16.1190
Epoch 01969 | Accuracy 63.90%
Process 000 | Epoch 01989 | Time(s) 0.3640 | Comm(s) 0.2092 | Reduce(s) 0.0423 | Loss 16.0692
Process 001 | Epoch 01749 | Time(s) 0.4019 | Comm(s) 0.2108 | Reduce(s) 0.0412 | Loss 15.4106
Process 001 | Epoch 01759 | Time(s) 0.4019 | Comm(s) 0.2109 | Reduce(s) 0.0412 | Loss 15.4307
Process 001 | Epoch 01769 | Time(s) 0.4020 | Comm(s) 0.2109 | Reduce(s) 0.0412 | Loss 15.4390
Process 001 | Epoch 01779 | Time(s) 0.4019 | Comm(s) 0.2109 | Reduce(s) 0.0411 | Loss 15.4021
Process 001 | Epoch 01789 | Time(s) 0.4020 | Comm(s) 0.2109 | Reduce(s) 0.0411 | Loss 15.4031
Process 001 | Epoch 01799 | Time(s) 0.4020 | Comm(s) 0.2109 | Reduce(s) 0.0411 | Loss 15.4057
Process 001 | Epoch 01809 | Time(s) 0.4020 | Comm(s) 0.2110 | Reduce(s) 0.0411 | Loss 15.3947
Process 001 | Epoch 01819 | Time(s) 0.4020 | Comm(s) 0.2110 | Reduce(s) 0.0411 | Loss 15.3882
Process 001 | Epoch 01829 | Time(s) 0.4021 | Comm(s) 0.2110 | Reduce(s) 0.0411 | Loss 15.3837
Process 001 | Epoch 01839 | Time(s) 0.4021 | Comm(s) 0.2110 | Reduce(s) 0.0411 | Loss 15.4164
Process 001 | Epoch 01849 | Time(s) 0.4021 | Comm(s) 0.2110 | Reduce(s) 0.0411 | Loss 15.3832
Process 001 | Epoch 01859 | Time(s) 0.4021 | Comm(s) 0.2110 | Reduce(s) 0.0411 | Loss 15.3779
Process 001 | Epoch 01869 | Time(s) 0.4022 | Comm(s) 0.2110 | Reduce(s) 0.0411 | Loss 15.3959
Process 001 | Epoch 01879 | Time(s) 0.4022 | Comm(s) 0.2110 | Reduce(s) 0.0411 | Loss 15.3848
Process 001 | Epoch 01889 | Time(s) 0.4022 | Comm(s) 0.2110 | Reduce(s) 0.0411 | Loss 15.3611
Process 001 | Epoch 01899 | Time(s) 0.4021 | Comm(s) 0.2110 | Reduce(s) 0.0411 | Loss 15.3563
Process 001 | Epoch 01909 | Time(s) 0.4021 | Comm(s) 0.2111 | Reduce(s) 0.0411 | Loss 15.5388
Process 001 | Epoch 01919 | Time(s) 0.4021 | Comm(s) 0.2111 | Reduce(s) 0.0412 | Loss 15.4035
Process 001 | Epoch 01929 | Time(s) 0.4022 | Comm(s) 0.2111 | Reduce(s) 0.0411 | Loss 15.3388
Process 001 | Epoch 01939 | Time(s) 0.4022 | Comm(s) 0.2111 | Reduce(s) 0.0411 | Loss 15.3614
Process 001 | Epoch 01949 | Time(s) 0.4023 | Comm(s) 0.2111 | Reduce(s) 0.0411 | Loss 15.3416
Process 001 | Epoch 01959 | Time(s) 0.4023 | Comm(s) 0.2111 | Reduce(s) 0.0411 | Loss 15.3315
Process 001 | Epoch 01969 | Time(s) 0.4024 | Comm(s) 0.2111 | Reduce(s) 0.0411 | Loss 15.4840
Process 001 | Epoch 01979 | Time(s) 0.4024 | Comm(s) 0.2112 | Reduce(s) 0.0411 | Loss 15.3858
Process 001 | Epoch 01989 | Time(s) 0.4024 | Comm(s) 0.2112 | Reduce(s) 0.0411 | Loss 15.3495
Process 001 | Epoch 01999 | Time(s) 0.4025 | Comm(s) 0.2112 | Reduce(s) 0.0411 | Loss 15.3318
Process 001 | Epoch 02009 | Time(s) 0.4025 | Comm(s) 0.2112 | Reduce(s) 0.0411 | Loss 15.3381
Process 001 | Epoch 02019 | Time(s) 0.4025 | Comm(s) 0.2112 | Reduce(s) 0.0411 | Loss 15.3436
Process 001 | Epoch 02029 | Time(s) 0.4026 | Comm(s) 0.2112 | Reduce(s) 0.0411 | Loss 15.3299
Process 001 | Epoch 02039 | Time(s) 0.4026 | Comm(s) 0.2112 | Reduce(s) 0.0411 | Loss 15.3231
Process 001 | Epoch 02049 | Time(s) 0.4026 | Comm(s) 0.2112 | Reduce(s) 0.0411 | Loss 15.3091
Process 001 | Epoch 02059 | Time(s) 0.4026 | Comm(s) 0.2112 | Reduce(s) 0.0411 | Loss 15.3194
Process 001 | Epoch 02069 | Time(s) 0.4026 | Comm(s) 0.2112 | Reduce(s) 0.0411 | Loss 15.3246
Process 001 | Epoch 02079 | Time(s) 0.4026 | Comm(s) 0.2112 | Reduce(s) 0.0411 | Loss 15.3108
Process 001 | Epoch 02089 | Time(s) 0.4026 | Comm(s) 0.2112 | Reduce(s) 0.0411 | Loss 15.3748
Process 001 | Epoch 02099 | Time(s) 0.4027 | Comm(s) 0.2112 | Reduce(s) 0.0411 | Loss 15.3147
Process 001 | Epoch 02109 | Time(s) 0.4027 | Comm(s) 0.2112 | Reduce(s) 0.0411 | Loss 15.3081
Process 001 | Epoch 02119 | Time(s) 0.4027 | Comm(s) 0.2112 | Reduce(s) 0.0411 | Loss 15.2973
Process 001 | Epoch 02129 | Time(s) 0.4028 | Comm(s) 0.2112 | Reduce(s) 0.0411 | Loss 15.2848
Process 001 | Epoch 02139 | Time(s) 0.4028 | Comm(s) 0.2112 | Reduce(s) 0.0411 | Loss 15.2875
Process 001 | Epoch 02149 | Time(s) 0.4028 | Comm(s) 0.2112 | Reduce(s) 0.0411 | Loss 15.2971
Process 001 | Epoch 02159 | Time(s) 0.4028 | Comm(s) 0.2112 | Reduce(s) 0.0411 | Loss 15.3180
Process 001 | Epoch 02169 | Time(s) 0.4028 | Comm(s) 0.2112 | Reduce(s) 0.0411 | Loss 15.3258
Process 001 | Epoch 02179 | Time(s) 0.4028 | Comm(s) 0.2112 | Reduce(s) 0.0411 | Loss 15.2960
Process 001 | Epoch 02189 | Time(s) 0.4028 | Comm(s) 0.2112 | Reduce(s) 0.0411 | Loss 15.2714
Process 001 | Epoch 02199 | Time(s) 0.4028 | Comm(s) 0.2112 | Reduce(s) 0.0411 | Loss 15.2706
Process 001 | Epoch 02209 | Time(s) 0.4028 | Comm(s) 0.2111 | Reduce(s) 0.0411 | Loss 15.2692
Process 001 | Epoch 02219 | Time(s) 0.4028 | Comm(s) 0.2112 | Reduce(s) 0.0411 | Loss 15.2859
Process 001 | Epoch 02229 | Time(s) 0.4028 | Comm(s) 0.2112 | Reduce(s) 0.0411 | Loss 15.2714
Process 001 | Epoch 02239 | Time(s) 0.4028 | Comm(s) 0.2112 | Reduce(s) 0.0411 | Loss 15.2667
Process 001 | Epoch 02249 | Time(s) 0.4028 | Comm(s) 0.2112 | Reduce(s) 0.0411 | Loss 15.2674
Process 001 | Epoch 02259 | Time(s) 0.4028 | Comm(s) 0.2112 | Reduce(s) 0.0411 | Loss 15.2595
Process 001 | Epoch 02269 | Time(s) 0.4028 | Comm(s) 0.2112 | Reduce(s) 0.0411 | Loss 15.2629
Process 001 | Epoch 02279 | Time(s) 0.4028 | Comm(s) 0.2112 | Reduce(s) 0.0411 | Loss 15.2480
Process 001 | Epoch 02289 | Time(s) 0.4028 | Comm(s) 0.2112 | Reduce(s) 0.0411 | Loss 15.2644
Process 001 | Epoch 02299 | Time(s) 0.4029 | Comm(s) 0.2112 | Reduce(s) 0.0411 | Loss 15.2521
Process 001 | Epoch 02309 | Time(s) 0.4029 | Comm(s) 0.2112 | Reduce(s) 0.0411 | Loss 15.2455
Process 001 | Epoch 02319 | Time(s) 0.4029 | Comm(s) 0.2112 | Reduce(s) 0.0411 | Loss 15.2854
Process 001 | Epoch 02329 | Time(s) 0.4029 | Comm(s) 0.2112 | Reduce(s) 0.0411 | Loss 15.2347
Process 001 | Epoch 02339 | Time(s) 0.4029 | Comm(s) 0.2112 | Reduce(s) 0.0411 | Loss 15.2420
Process 001 | Epoch 02349 | Time(s) 0.4029 | Comm(s) 0.2112 | Reduce(s) 0.0411 | Loss 15.2562
Process 001 | Epoch 02359 | Time(s) 0.4029 | Comm(s) 0.2112 | Reduce(s) 0.0411 | Loss 15.2430
Process 001 | Epoch 02369 | Time(s) 0.4030 | Comm(s) 0.2112 | Reduce(s) 0.0411 | Loss 15.2281
Process 001 | Epoch 02379 | Time(s) 0.4031 | Comm(s) 0.2112 | Reduce(s) 0.0411 | Loss 15.2191
Process 001 | Epoch 02389 | Time(s) 0.4031 | Comm(s) 0.2112 | Reduce(s) 0.0411 | Loss 15.2688
Process 001 | Epoch 02399 | Time(s) 0.4031 | Comm(s) 0.2112 | Reduce(s) 0.0411 | Loss 15.2799
Process 001 | Epoch 02409 | Time(s) 0.4031 | Comm(s) 0.2112 | Reduce(s) 0.0411 | Loss 15.2366
Process 001 | Epoch 02419 | Time(s) 0.4031 | Comm(s) 0.2112 | Reduce(s) 0.0411 | Loss 15.2243
Process 001 | Epoch 02429 | Time(s) 0.4032 | Comm(s) 0.2112 | Reduce(s) 0.0411 | Loss 15.2168
Process 001 | Epoch 02439 | Time(s) 0.4033 | Comm(s) 0.2112 | Reduce(s) 0.0411 | Loss 15.2251
Process 001 | Epoch 02449 | Time(s) 0.4033 | Comm(s) 0.2112 | Reduce(s) 0.0411 | Loss 15.2269
Process 001 | Epoch 02459 | Time(s) 0.4034 | Comm(s) 0.2112 | Reduce(s) 0.0411 | Loss 15.2115
Process 001 | Epoch 02469 | Time(s) 0.4034 | Comm(s) 0.2112 | Reduce(s) 0.0411 | Loss 15.2826
Process 001 | Epoch 02479 | Time(s) 0.4035 | Comm(s) 0.2112 | Reduce(s) 0.0411 | Loss 15.2256
Process 001 | Epoch 02489 | Time(s) 0.4035 | Comm(s) 0.2112 | Reduce(s) 0.0411 | Loss 15.2047
Process 001 | Epoch 02499 | Time(s) 0.4035 | Comm(s) 0.2112 | Reduce(s) 0.0411 | Loss 15.2076
Process 001 | Epoch 02509 | Time(s) 0.4035 | Comm(s) 0.2112 | Reduce(s) 0.0411 | Loss 15.1916
Process 001 | Epoch 02519 | Time(s) 0.4035 | Comm(s) 0.2112 | Reduce(s) 0.0411 | Loss 15.2023
Process 001 | Epoch 02529 | Time(s) 0.4035 | Comm(s) 0.2112 | Reduce(s) 0.0411 | Loss 15.2112
Process 001 | Epoch 02539 | Time(s) 0.4035 | Comm(s) 0.2112 | Reduce(s) 0.0410 | Loss 15.1839
Process 001 | Epoch 02549 | Time(s) 0.4036 | Comm(s) 0.2112 | Reduce(s) 0.0410 | Loss 15.3099
Process 001 | Epoch 02559 | Time(s) 0.4036 | Comm(s) 0.2112 | Reduce(s) 0.0410 | Loss 15.2250
Process 001 | Epoch 02569 | Time(s) 0.4035 | Comm(s) 0.2112 | Reduce(s) 0.0410 | Loss 15.1941
Process 001 | Epoch 02579 | Time(s) 0.4035 | Comm(s) 0.2112 | Reduce(s) 0.0410 | Loss 15.1722
Process 001 | Epoch 02589 | Time(s) 0.4035 | Comm(s) 0.2112 | Reduce(s) 0.0410 | Loss 15.1816
Process 001 | Epoch 02599 | Time(s) 0.4035 | Comm(s) 0.2112 | Reduce(s) 0.0411 | Loss 15.1741
Process 001 | Epoch 02609 | Time(s) 0.4036 | Comm(s) 0.2112 | Reduce(s) 0.0410 | Loss 15.1896
Process 001 | Epoch 02619 | Time(s) 0.4035 | Comm(s) 0.2112 | Reduce(s) 0.0411 | Loss 15.1807
Process 002 | Epoch 01749 | Time(s) 0.4019 | Comm(s) 0.2081 | Reduce(s) 0.0420 | Loss 13.1652
Process 002 | Epoch 01759 | Time(s) 0.4019 | Comm(s) 0.2081 | Reduce(s) 0.0420 | Loss 13.2062
Process 002 | Epoch 01769 | Time(s) 0.4020 | Comm(s) 0.2082 | Reduce(s) 0.0420 | Loss 13.1961
Process 002 | Epoch 01779 | Time(s) 0.4019 | Comm(s) 0.2082 | Reduce(s) 0.0420 | Loss 13.1751
Process 002 | Epoch 01789 | Time(s) 0.4020 | Comm(s) 0.2082 | Reduce(s) 0.0420 | Loss 13.1753
Process 002 | Epoch 01799 | Time(s) 0.4020 | Comm(s) 0.2082 | Reduce(s) 0.0420 | Loss 13.1642
Process 002 | Epoch 01809 | Time(s) 0.4020 | Comm(s) 0.2082 | Reduce(s) 0.0420 | Loss 13.1560
Process 002 | Epoch 01819 | Time(s) 0.4020 | Comm(s) 0.2082 | Reduce(s) 0.0420 | Loss 13.1539
Process 002 | Epoch 01829 | Time(s) 0.4021 | Comm(s) 0.2082 | Reduce(s) 0.0420 | Loss 13.1588
Process 002 | Epoch 01839 | Time(s) 0.4021 | Comm(s) 0.2082 | Reduce(s) 0.0420 | Loss 13.1711
Process 002 | Epoch 01849 | Time(s) 0.4021 | Comm(s) 0.2082 | Reduce(s) 0.0420 | Loss 13.1503
Process 002 | Epoch 01859 | Time(s) 0.4021 | Comm(s) 0.2082 | Reduce(s) 0.0420 | Loss 13.1439
Process 002 | Epoch 01869 | Time(s) 0.4022 | Comm(s) 0.2082 | Reduce(s) 0.0420 | Loss 13.1579
Process 002 | Epoch 01879 | Time(s) 0.4022 | Comm(s) 0.2082 | Reduce(s) 0.0420 | Loss 13.1469
Process 002 | Epoch 01889 | Time(s) 0.4022 | Comm(s) 0.2082 | Reduce(s) 0.0420 | Loss 13.1288
Process 002 | Epoch 01899 | Time(s) 0.4021 | Comm(s) 0.2082 | Reduce(s) 0.0420 | Loss 13.1231
Process 002 | Epoch 01909 | Time(s) 0.4021 | Comm(s) 0.2082 | Reduce(s) 0.0420 | Loss 13.3330
Process 002 | Epoch 01919 | Time(s) 0.4021 | Comm(s) 0.2082 | Reduce(s) 0.0420 | Loss 13.1626
Process 002 | Epoch 01929 | Time(s) 0.4022 | Comm(s) 0.2082 | Reduce(s) 0.0420 | Loss 13.1201
Process 002 | Epoch 01939 | Time(s) 0.4022 | Comm(s) 0.2082 | Reduce(s) 0.0420 | Loss 13.1231
Process 002 | Epoch 01949 | Time(s) 0.4023 | Comm(s) 0.2082 | Reduce(s) 0.0420 | Loss 13.1083
Process 002 | Epoch 01959 | Time(s) 0.4023 | Comm(s) 0.2082 | Reduce(s) 0.0420 | Loss 13.1103
Process 002 | Epoch 01969 | Time(s) 0.4024 | Comm(s) 0.2082 | Reduce(s) 0.0420 | Loss 13.2180
Process 002 | Epoch 01979 | Time(s) 0.4024 | Comm(s) 0.2082 | Reduce(s) 0.0420 | Loss 13.1279
Process 002 | Epoch 01989 | Time(s) 0.4024 | Comm(s) 0.2083 | Reduce(s) 0.0420 | Loss 13.0983
Process 002 | Epoch 01999 | Time(s) 0.4025 | Comm(s) 0.2083 | Reduce(s) 0.0420 | Loss 13.1037
Process 002 | Epoch 02009 | Time(s) 0.4025 | Comm(s) 0.2083 | Reduce(s) 0.0420 | Loss 13.0961
Process 002 | Epoch 02019 | Time(s) 0.4025 | Comm(s) 0.2083 | Reduce(s) 0.0420 | Loss 13.1113
Process 002 | Epoch 02029 | Time(s) 0.4026 | Comm(s) 0.2083 | Reduce(s) 0.0420 | Loss 13.1020
Process 002 | Epoch 02039 | Time(s) 0.4026 | Comm(s) 0.2083 | Reduce(s) 0.0420 | Loss 13.1006
Process 002 | Epoch 02049 | Time(s) 0.4026 | Comm(s) 0.2083 | Reduce(s) 0.0420 | Loss 13.0810
Process 002 | Epoch 02059 | Time(s) 0.4026 | Comm(s) 0.2083 | Reduce(s) 0.0420 | Loss 13.0935
Process 002 | Epoch 02069 | Time(s) 0.4026 | Comm(s) 0.2083 | Reduce(s) 0.0420 | Loss 13.0954
Process 002 | Epoch 02079 | Time(s) 0.4026 | Comm(s) 0.2083 | Reduce(s) 0.0420 | Loss 13.0758
Process 002 | Epoch 02089 | Time(s) 0.4026 | Comm(s) 0.2083 | Reduce(s) 0.0420 | Loss 13.1193
Process 002 | Epoch 02099 | Time(s) 0.4027 | Comm(s) 0.2084 | Reduce(s) 0.0420 | Loss 13.0907
Process 002 | Epoch 02109 | Time(s) 0.4027 | Comm(s) 0.2083 | Reduce(s) 0.0420 | Loss 13.0854
Process 002 | Epoch 02119 | Time(s) 0.4027 | Comm(s) 0.2083 | Reduce(s) 0.0420 | Loss 13.0778
Process 002 | Epoch 02129 | Time(s) 0.4028 | Comm(s) 0.2083 | Reduce(s) 0.0420 | Loss 13.0631
Process 002 | Epoch 02139 | Time(s) 0.4028 | Comm(s) 0.2083 | Reduce(s) 0.0420 | Loss 13.0649
Process 002 | Epoch 02149 | Time(s) 0.4028 | Comm(s) 0.2083 | Reduce(s) 0.0420 | Loss 13.0795
Process 002 | Epoch 02159 | Time(s) 0.4028 | Comm(s) 0.2083 | Reduce(s) 0.0420 | Loss 13.0984
Process 002 | Epoch 02169 | Time(s) 0.4028 | Comm(s) 0.2083 | Reduce(s) 0.0420 | Loss 13.0812
Process 002 | Epoch 02179 | Time(s) 0.4028 | Comm(s) 0.2083 | Reduce(s) 0.0420 | Loss 13.0545
Process 002 | Epoch 02189 | Time(s) 0.4028 | Comm(s) 0.2083 | Reduce(s) 0.0420 | Loss 13.0580
Process 002 | Epoch 02199 | Time(s) 0.4028 | Comm(s) 0.2083 | Reduce(s) 0.0420 | Loss 13.0588
Process 002 | Epoch 02209 | Time(s) 0.4028 | Comm(s) 0.2082 | Reduce(s) 0.0420 | Loss 13.0581
Process 002 | Epoch 02219 | Time(s) 0.4028 | Comm(s) 0.2083 | Reduce(s) 0.0420 | Loss 13.0750
Process 002 | Epoch 02229 | Time(s) 0.4028 | Comm(s) 0.2082 | Reduce(s) 0.0420 | Loss 13.0440
Process 002 | Epoch 02239 | Time(s) 0.4028 | Comm(s) 0.2082 | Reduce(s) 0.0420 | Loss 13.0503
Process 002 | Epoch 02249 | Time(s) 0.4028 | Comm(s) 0.2082 | Reduce(s) 0.0420 | Loss 13.0470
Process 002 | Epoch 02259 | Time(s) 0.4028 | Comm(s) 0.2082 | Reduce(s) 0.0420 | Loss 13.0424
Process 002 | Epoch 02269 | Time(s) 0.4028 | Comm(s) 0.2082 | Reduce(s) 0.0420 | Loss 13.0412
Process 002 | Epoch 02279 | Time(s) 0.4028 | Comm(s) 0.2082 | Reduce(s) 0.0420 | Loss 13.0281
Process 002 | Epoch 02289 | Time(s) 0.4028 | Comm(s) 0.2082 | Reduce(s) 0.0420 | Loss 13.0588
Process 002 | Epoch 02299 | Time(s) 0.4029 | Comm(s) 0.2082 | Reduce(s) 0.0420 | Loss 13.0361
Process 002 | Epoch 02309 | Time(s) 0.4029 | Comm(s) 0.2082 | Reduce(s) 0.0420 | Loss 13.0338
Process 002 | Epoch 02319 | Time(s) 0.4029 | Comm(s) 0.2082 | Reduce(s) 0.0420 | Loss 13.0487
Process 002 | Epoch 02329 | Time(s) 0.4029 | Comm(s) 0.2082 | Reduce(s) 0.0420 | Loss 13.0317
Process 002 | Epoch 02339 | Time(s) 0.4029 | Comm(s) 0.2082 | Reduce(s) 0.0420 | Loss 13.0202
Process 002 | Epoch 02349 | Time(s) 0.4029 | Comm(s) 0.2082 | Reduce(s) 0.0419 | Loss 13.0374
Process 002 | Epoch 02359 | Time(s) 0.4029 | Comm(s) 0.2082 | Reduce(s) 0.0419 | Loss 13.0171
Process 002 | Epoch 02369 | Time(s) 0.4030 | Comm(s) 0.2082 | Reduce(s) 0.0419 | Loss 13.0033
Process 002 | Epoch 02379 | Time(s) 0.4031 | Comm(s) 0.2082 | Reduce(s) 0.0419 | Loss 13.0052
Process 002 | Epoch 02389 | Time(s) 0.4031 | Comm(s) 0.2082 | Reduce(s) 0.0419 | Loss 13.0466
Process 002 | Epoch 02399 | Time(s) 0.4031 | Comm(s) 0.2083 | Reduce(s) 0.0419 | Loss 13.0763
Process 002 | Epoch 02409 | Time(s) 0.4031 | Comm(s) 0.2083 | Reduce(s) 0.0419 | Loss 13.0235
Process 002 | Epoch 02419 | Time(s) 0.4031 | Comm(s) 0.2082 | Reduce(s) 0.0419 | Loss 13.0024
Process 002 | Epoch 02429 | Time(s) 0.4032 | Comm(s) 0.2082 | Reduce(s) 0.0419 | Loss 12.9974
Process 002 | Epoch 02439 | Time(s) 0.4033 | Comm(s) 0.2082 | Reduce(s) 0.0419 | Loss 13.0032
Process 002 | Epoch 02449 | Time(s) 0.4033 | Comm(s) 0.2082 | Reduce(s) 0.0419 | Loss 13.0025
Process 002 | Epoch 02459 | Time(s) 0.4034 | Comm(s) 0.2082 | Reduce(s) 0.0419 | Loss 12.9899
Process 002 | Epoch 02469 | Time(s) 0.4034 | Comm(s) 0.2082 | Reduce(s) 0.0419 | Loss 13.0347
Process 002 | Epoch 02479 | Time(s) 0.4035 | Comm(s) 0.2083 | Reduce(s) 0.0419 | Loss 12.9975
Process 002 | Epoch 02489 | Time(s) 0.4035 | Comm(s) 0.2083 | Reduce(s) 0.0419 | Loss 12.9910
Process 002 | Epoch 02499 | Time(s) 0.4035 | Comm(s) 0.2083 | Reduce(s) 0.0419 | Loss 12.9919
Process 002 | Epoch 02509 | Time(s) 0.4035 | Comm(s) 0.2083 | Reduce(s) 0.0419 | Loss 12.9734
Process 002 | Epoch 02519 | Time(s) 0.4035 | Comm(s) 0.2083 | Reduce(s) 0.0419 | Loss 12.9898
Process 002 | Epoch 02529 | Time(s) 0.4035 | Comm(s) 0.2083 | Reduce(s) 0.0419 | Loss 12.9815
Process 002 | Epoch 02539 | Time(s) 0.4035 | Comm(s) 0.2083 | Reduce(s) 0.0419 | Loss 12.9789
Process 002 | Epoch 02549 | Time(s) 0.4036 | Comm(s) 0.2083 | Reduce(s) 0.0419 | Loss 13.0945
Process 002 | Epoch 02559 | Time(s) 0.4035 | Comm(s) 0.2083 | Reduce(s) 0.0419 | Loss 13.0180
Process 002 | Epoch 02569 | Time(s) 0.4035 | Comm(s) 0.2083 | Reduce(s) 0.0419 | Loss 12.9774
Process 002 | Epoch 02579 | Time(s) 0.4035 | Comm(s) 0.2083 | Reduce(s) 0.0419 | Loss 12.9669
Process 002 | Epoch 02589 | Time(s) 0.4035 | Comm(s) 0.2083 | Reduce(s) 0.0419 | Loss 12.9673
Process 002 | Epoch 02599 | Time(s) 0.4035 | Comm(s) 0.2083 | Reduce(s) 0.0419 | Loss 12.9605
Process 002 | Epoch 02609 | Time(s) 0.4036 | Comm(s) 0.2083 | Reduce(s) 0.0419 | Loss 12.9827
Process 002 | Epoch 02619 | Time(s) 0.4035 | Comm(s) 0.2083 | Reduce(s) 0.0419 | Loss 12.9609
Epoch 01979 | Accuracy 64.95%
Process 000 | Epoch 01999 | Time(s) 0.3640 | Comm(s) 0.2092 | Reduce(s) 0.0423 | Loss 16.0494
Epoch 01989 | Accuracy 65.01%
Process 000 | Epoch 02009 | Time(s) 0.3640 | Comm(s) 0.2092 | Reduce(s) 0.0423 | Loss 16.0582
Epoch 01999 | Accuracy 65.02%
Process 000 | Epoch 02019 | Time(s) 0.3640 | Comm(s) 0.2092 | Reduce(s) 0.0423 | Loss 16.0717
Epoch 02009 | Accuracy 64.85%
Process 000 | Epoch 02029 | Time(s) 0.3640 | Comm(s) 0.2092 | Reduce(s) 0.0423 | Loss 16.0664
Epoch 02019 | Accuracy 64.98%
Process 000 | Epoch 02039 | Time(s) 0.3640 | Comm(s) 0.2092 | Reduce(s) 0.0423 | Loss 16.0551
Epoch 02029 | Accuracy 64.99%
Process 000 | Epoch 02049 | Time(s) 0.3640 | Comm(s) 0.2092 | Reduce(s) 0.0423 | Loss 16.0414
Epoch 02039 | Accuracy 65.02%
Process 000 | Epoch 02059 | Time(s) 0.3640 | Comm(s) 0.2092 | Reduce(s) 0.0423 | Loss 16.0522
Epoch 02049 | Accuracy 64.94%
Process 000 | Epoch 02069 | Time(s) 0.3640 | Comm(s) 0.2092 | Reduce(s) 0.0423 | Loss 16.0452
Epoch 02059 | Accuracy 65.08%
Process 000 | Epoch 02079 | Time(s) 0.3640 | Comm(s) 0.2093 | Reduce(s) 0.0423 | Loss 16.0376
Epoch 02069 | Accuracy 65.13%
Process 000 | Epoch 02089 | Time(s) 0.3640 | Comm(s) 0.2093 | Reduce(s) 0.0423 | Loss 16.1001
Epoch 02079 | Accuracy 65.01%
Process 000 | Epoch 02099 | Time(s) 0.3640 | Comm(s) 0.2093 | Reduce(s) 0.0423 | Loss 16.0459
Epoch 02089 | Accuracy 65.26%
Process 000 | Epoch 02109 | Time(s) 0.3640 | Comm(s) 0.2093 | Reduce(s) 0.0423 | Loss 16.0310
Epoch 02099 | Accuracy 65.03%
Process 000 | Epoch 02119 | Time(s) 0.3640 | Comm(s) 0.2093 | Reduce(s) 0.0423 | Loss 16.0233
Epoch 02109 | Accuracy 64.85%
Process 000 | Epoch 02129 | Time(s) 0.3640 | Comm(s) 0.2092 | Reduce(s) 0.0423 | Loss 16.0162
Epoch 02119 | Accuracy 65.05%
Process 000 | Epoch 02139 | Time(s) 0.3640 | Comm(s) 0.2093 | Reduce(s) 0.0423 | Loss 16.0220
Epoch 02129 | Accuracy 64.99%
Process 000 | Epoch 02149 | Time(s) 0.3639 | Comm(s) 0.2093 | Reduce(s) 0.0423 | Loss 16.0300
Epoch 02139 | Accuracy 64.92%
Process 000 | Epoch 02159 | Time(s) 0.3639 | Comm(s) 0.2093 | Reduce(s) 0.0423 | Loss 16.0571
Epoch 02149 | Accuracy 65.20%
Process 000 | Epoch 02169 | Time(s) 0.3639 | Comm(s) 0.2092 | Reduce(s) 0.0423 | Loss 16.0519
Epoch 02159 | Accuracy 65.03%
Process 000 | Epoch 02179 | Time(s) 0.3639 | Comm(s) 0.2093 | Reduce(s) 0.0423 | Loss 16.0147
Epoch 02169 | Accuracy 65.05%
Process 000 | Epoch 02189 | Time(s) 0.3639 | Comm(s) 0.2092 | Reduce(s) 0.0423 | Loss 16.0013
Epoch 02179 | Accuracy 65.02%
Process 000 | Epoch 02199 | Time(s) 0.3639 | Comm(s) 0.2092 | Reduce(s) 0.0423 | Loss 15.9992
Epoch 02189 | Accuracy 64.89%
Process 000 | Epoch 02209 | Time(s) 0.3639 | Comm(s) 0.2092 | Reduce(s) 0.0423 | Loss 15.9995
Epoch 02199 | Accuracy 64.79%
Process 000 | Epoch 02219 | Time(s) 0.3639 | Comm(s) 0.2092 | Reduce(s) 0.0423 | Loss 16.0150
Epoch 02209 | Accuracy 64.90%
Process 000 | Epoch 02229 | Time(s) 0.3639 | Comm(s) 0.2092 | Reduce(s) 0.0423 | Loss 15.9987
Epoch 02219 | Accuracy 65.05%
Process 000 | Epoch 02239 | Time(s) 0.3639 | Comm(s) 0.2092 | Reduce(s) 0.0423 | Loss 15.9984
Epoch 02229 | Accuracy 65.07%
Process 000 | Epoch 02249 | Time(s) 0.3638 | Comm(s) 0.2092 | Reduce(s) 0.0423 | Loss 15.9959
Epoch 02239 | Accuracy 64.79%
Process 000 | Epoch 02259 | Time(s) 0.3638 | Comm(s) 0.2092 | Reduce(s) 0.0423 | Loss 15.9986
Epoch 02249 | Accuracy 64.99%
Process 000 | Epoch 02269 | Time(s) 0.3638 | Comm(s) 0.2092 | Reduce(s) 0.0423 | Loss 15.9857
Epoch 02259 | Accuracy 65.01%
Process 000 | Epoch 02279 | Time(s) 0.3638 | Comm(s) 0.2092 | Reduce(s) 0.0423 | Loss 15.9807
Epoch 02269 | Accuracy 64.81%
Process 000 | Epoch 02289 | Time(s) 0.3638 | Comm(s) 0.2092 | Reduce(s) 0.0423 | Loss 15.9922
Epoch 02279 | Accuracy 64.83%
Process 000 | Epoch 02299 | Time(s) 0.3638 | Comm(s) 0.2092 | Reduce(s) 0.0423 | Loss 15.9918
Epoch 02289 | Accuracy 64.69%
Process 000 | Epoch 02309 | Time(s) 0.3638 | Comm(s) 0.2092 | Reduce(s) 0.0423 | Loss 15.9765
Epoch 02299 | Accuracy 65.04%
Process 000 | Epoch 02319 | Time(s) 0.3638 | Comm(s) 0.2092 | Reduce(s) 0.0423 | Loss 16.0080
Epoch 02309 | Accuracy 64.88%
Process 000 | Epoch 02329 | Time(s) 0.3638 | Comm(s) 0.2092 | Reduce(s) 0.0423 | Loss 15.9705
Epoch 02319 | Accuracy 64.89%
Process 000 | Epoch 02339 | Time(s) 0.3638 | Comm(s) 0.2092 | Reduce(s) 0.0423 | Loss 15.9790
Epoch 02329 | Accuracy 64.92%
Process 000 | Epoch 02349 | Time(s) 0.3638 | Comm(s) 0.2092 | Reduce(s) 0.0423 | Loss 15.9809
Epoch 02339 | Accuracy 64.89%
Process 000 | Epoch 02359 | Time(s) 0.3638 | Comm(s) 0.2092 | Reduce(s) 0.0423 | Loss 15.9631
Epoch 02349 | Accuracy 64.63%
Process 000 | Epoch 02369 | Time(s) 0.3638 | Comm(s) 0.2092 | Reduce(s) 0.0423 | Loss 15.9481
Epoch 02359 | Accuracy 65.07%
Process 000 | Epoch 02379 | Time(s) 0.3638 | Comm(s) 0.2092 | Reduce(s) 0.0423 | Loss 15.9478
Epoch 02369 | Accuracy 64.96%
Process 000 | Epoch 02389 | Time(s) 0.3638 | Comm(s) 0.2092 | Reduce(s) 0.0423 | Loss 16.0043
Epoch 02379 | Accuracy 64.89%
Process 000 | Epoch 02399 | Time(s) 0.3638 | Comm(s) 0.2092 | Reduce(s) 0.0423 | Loss 16.0147
Epoch 02389 | Accuracy 65.05%
Process 000 | Epoch 02409 | Time(s) 0.3638 | Comm(s) 0.2092 | Reduce(s) 0.0423 | Loss 15.9583
Epoch 02399 | Accuracy 65.19%
Process 000 | Epoch 02419 | Time(s) 0.3638 | Comm(s) 0.2092 | Reduce(s) 0.0423 | Loss 15.9558
Epoch 02409 | Accuracy 64.96%
Process 000 | Epoch 02429 | Time(s) 0.3638 | Comm(s) 0.2092 | Reduce(s) 0.0423 | Loss 15.9383
Epoch 02419 | Accuracy 65.05%
Process 000 | Epoch 02439 | Time(s) 0.3638 | Comm(s) 0.2092 | Reduce(s) 0.0423 | Loss 15.9490
Epoch 02429 | Accuracy 65.05%
Process 000 | Epoch 02449 | Time(s) 0.3638 | Comm(s) 0.2092 | Reduce(s) 0.0423 | Loss 15.9405
Epoch 02439 | Accuracy 65.09%
Process 000 | Epoch 02459 | Time(s) 0.3638 | Comm(s) 0.2092 | Reduce(s) 0.0423 | Loss 15.9333
Epoch 02449 | Accuracy 64.92%
Process 000 | Epoch 02469 | Time(s) 0.3638 | Comm(s) 0.2092 | Reduce(s) 0.0423 | Loss 16.0182
Epoch 02459 | Accuracy 64.92%
Process 000 | Epoch 02479 | Time(s) 0.3638 | Comm(s) 0.2093 | Reduce(s) 0.0423 | Loss 15.9475
Epoch 02469 | Accuracy 64.75%
Process 000 | Epoch 02489 | Time(s) 0.3638 | Comm(s) 0.2093 | Reduce(s) 0.0423 | Loss 15.9278
Epoch 02479 | Accuracy 65.01%
Process 000 | Epoch 02499 | Time(s) 0.3639 | Comm(s) 0.2093 | Reduce(s) 0.0423 | Loss 15.9387
Epoch 02489 | Accuracy 64.93%
Process 000 | Epoch 02509 | Time(s) 0.3639 | Comm(s) 0.2093 | Reduce(s) 0.0423 | Loss 15.9331
Epoch 02499 | Accuracy 65.03%
Process 000 | Epoch 02519 | Time(s) 0.3639 | Comm(s) 0.2093 | Reduce(s) 0.0423 | Loss 15.9317
Epoch 02509 | Accuracy 64.98%
Process 000 | Epoch 02529 | Time(s) 0.3639 | Comm(s) 0.2093 | Reduce(s) 0.0423 | Loss 15.9328
Epoch 02519 | Accuracy 64.81%
Process 000 | Epoch 02539 | Time(s) 0.3639 | Comm(s) 0.2093 | Reduce(s) 0.0423 | Loss 15.9070
Epoch 02529 | Accuracy 65.06%
Process 000 | Epoch 02549 | Time(s) 0.3639 | Comm(s) 0.2093 | Reduce(s) 0.0423 | Loss 16.0549
Epoch 02539 | Accuracy 65.01%
Process 000 | Epoch 02559 | Time(s) 0.3639 | Comm(s) 0.2093 | Reduce(s) 0.0423 | Loss 15.9582
Epoch 02549 | Accuracy 65.26%
Process 000 | Epoch 02569 | Time(s) 0.3639 | Comm(s) 0.2093 | Reduce(s) 0.0423 | Loss 15.9088
Epoch 02559 | Accuracy 65.22%
Process 000 | Epoch 02579 | Time(s) 0.3639 | Comm(s) 0.2092 | Reduce(s) 0.0423 | Loss 15.9014
Epoch 02569 | Accuracy 65.07%
Process 000 | Epoch 02589 | Time(s) 0.3639 | Comm(s) 0.2092 | Reduce(s) 0.0423 | Loss 15.8969
Epoch 02579 | Accuracy 65.02%
Process 000 | Epoch 02599 | Time(s) 0.3639 | Comm(s) 0.2092 | Reduce(s) 0.0423 | Loss 15.8959
Epoch 02589 | Accuracy 64.84%
Process 000 | Epoch 02609 | Time(s) 0.3639 | Comm(s) 0.2092 | Reduce(s) 0.0423 | Loss 15.9134
Epoch 02599 | Accuracy 65.00%
Process 000 | Epoch 02619 | Time(s) 0.3638 | Comm(s) 0.2092 | Reduce(s) 0.0423 | Loss 15.9034
Epoch 02609 | Accuracy 65.00%
Process 000 | Epoch 02629 | Time(s) 0.3638 | Comm(s) 0.2092 | Reduce(s) 0.0423 | Loss 15.9490
Epoch 02619 | Accuracy 65.00%
Process 000 | Epoch 02639 | Time(s) 0.3639 | Comm(s) 0.2092 | Reduce(s) 0.0423 | Loss 15.9177
Epoch 02629 | Accuracy 65.26%
Process 000 | Epoch 02649 | Time(s) 0.3638 | Comm(s) 0.2092 | Reduce(s) 0.0423 | Loss 15.8982
Epoch 02639 | Accuracy 64.85%
Process 001 | Epoch 02629 | Time(s) 0.4036 | Comm(s) 0.2112 | Reduce(s) 0.0411 | Loss 15.2306
Process 001 | Epoch 02639 | Time(s) 0.4035 | Comm(s) 0.2113 | Reduce(s) 0.0411 | Loss 15.1832
Process 001 | Epoch 02649 | Time(s) 0.4036 | Comm(s) 0.2113 | Reduce(s) 0.0410 | Loss 15.1600
Process 001 | Epoch 02659 | Time(s) 0.4036 | Comm(s) 0.2112 | Reduce(s) 0.0410 | Loss 15.1646
Process 001 | Epoch 02669 | Time(s) 0.4036 | Comm(s) 0.2112 | Reduce(s) 0.0410 | Loss 15.1633
Process 001 | Epoch 02679 | Time(s) 0.4037 | Comm(s) 0.2113 | Reduce(s) 0.0410 | Loss 15.3243
Process 001 | Epoch 02689 | Time(s) 0.4037 | Comm(s) 0.2112 | Reduce(s) 0.0410 | Loss 15.1688
Process 001 | Epoch 02699 | Time(s) 0.4037 | Comm(s) 0.2113 | Reduce(s) 0.0410 | Loss 15.1663
Process 001 | Epoch 02709 | Time(s) 0.4037 | Comm(s) 0.2113 | Reduce(s) 0.0410 | Loss 15.1529
Process 001 | Epoch 02719 | Time(s) 0.4037 | Comm(s) 0.2113 | Reduce(s) 0.0410 | Loss 15.1389
Process 001 | Epoch 02729 | Time(s) 0.4037 | Comm(s) 0.2113 | Reduce(s) 0.0410 | Loss 15.1481
Process 001 | Epoch 02739 | Time(s) 0.4037 | Comm(s) 0.2113 | Reduce(s) 0.0410 | Loss 15.1424
Process 001 | Epoch 02749 | Time(s) 0.4037 | Comm(s) 0.2113 | Reduce(s) 0.0410 | Loss 15.1489
Process 001 | Epoch 02759 | Time(s) 0.4037 | Comm(s) 0.2113 | Reduce(s) 0.0410 | Loss 15.1480
Process 001 | Epoch 02769 | Time(s) 0.4037 | Comm(s) 0.2113 | Reduce(s) 0.0410 | Loss 15.1717
Process 001 | Epoch 02779 | Time(s) 0.4038 | Comm(s) 0.2113 | Reduce(s) 0.0410 | Loss 15.1505
Process 001 | Epoch 02789 | Time(s) 0.4037 | Comm(s) 0.2113 | Reduce(s) 0.0410 | Loss 15.1389
Process 001 | Epoch 02799 | Time(s) 0.4038 | Comm(s) 0.2113 | Reduce(s) 0.0410 | Loss 15.1498
Process 001 | Epoch 02809 | Time(s) 0.4038 | Comm(s) 0.2113 | Reduce(s) 0.0410 | Loss 15.1310
Process 001 | Epoch 02819 | Time(s) 0.4039 | Comm(s) 0.2113 | Reduce(s) 0.0410 | Loss 15.1281
Process 001 | Epoch 02829 | Time(s) 0.4039 | Comm(s) 0.2113 | Reduce(s) 0.0410 | Loss 15.1513
Process 001 | Epoch 02839 | Time(s) 0.4039 | Comm(s) 0.2113 | Reduce(s) 0.0410 | Loss 15.1519
Process 001 | Epoch 02849 | Time(s) 0.4039 | Comm(s) 0.2113 | Reduce(s) 0.0410 | Loss 15.1358
Process 001 | Epoch 02859 | Time(s) 0.4039 | Comm(s) 0.2113 | Reduce(s) 0.0410 | Loss 15.1443
Process 001 | Epoch 02869 | Time(s) 0.4039 | Comm(s) 0.2113 | Reduce(s) 0.0410 | Loss 15.1324
Process 001 | Epoch 02879 | Time(s) 0.4039 | Comm(s) 0.2113 | Reduce(s) 0.0410 | Loss 15.1194
Process 001 | Epoch 02889 | Time(s) 0.4039 | Comm(s) 0.2113 | Reduce(s) 0.0410 | Loss 15.1313
Process 001 | Epoch 02899 | Time(s) 0.4039 | Comm(s) 0.2113 | Reduce(s) 0.0410 | Loss 15.1159
Process 001 | Epoch 02909 | Time(s) 0.4039 | Comm(s) 0.2113 | Reduce(s) 0.0410 | Loss 15.1198
Process 001 | Epoch 02919 | Time(s) 0.4039 | Comm(s) 0.2112 | Reduce(s) 0.0410 | Loss 15.2681
Process 001 | Epoch 02929 | Time(s) 0.4039 | Comm(s) 0.2112 | Reduce(s) 0.0410 | Loss 15.1311
Process 001 | Epoch 02939 | Time(s) 0.4039 | Comm(s) 0.2112 | Reduce(s) 0.0410 | Loss 15.1136
Process 001 | Epoch 02949 | Time(s) 0.4039 | Comm(s) 0.2112 | Reduce(s) 0.0410 | Loss 15.1023
Process 001 | Epoch 02959 | Time(s) 0.4039 | Comm(s) 0.2112 | Reduce(s) 0.0410 | Loss 15.0957
Process 001 | Epoch 02969 | Time(s) 0.4039 | Comm(s) 0.2112 | Reduce(s) 0.0410 | Loss 15.1940
Process 001 | Epoch 02979 | Time(s) 0.4039 | Comm(s) 0.2112 | Reduce(s) 0.0410 | Loss 15.1300
Process 001 | Epoch 02989 | Time(s) 0.4039 | Comm(s) 0.2112 | Reduce(s) 0.0410 | Loss 15.0991
Process 001 | Epoch 02999 | Time(s) 0.4039 | Comm(s) 0.2112 | Reduce(s) 0.0410 | Loss 15.0913
(rank 1) memory stats: current 676.68MB, peak 5215.67MB, reserved 5366.00MB

Process 002 | Epoch 02629 | Time(s) 0.4036 | Comm(s) 0.2083 | Reduce(s) 0.0419 | Loss 12.9939
Process 002 | Epoch 02639 | Time(s) 0.4035 | Comm(s) 0.2083 | Reduce(s) 0.0419 | Loss 12.9723
Process 002 | Epoch 02649 | Time(s) 0.4036 | Comm(s) 0.2083 | Reduce(s) 0.0419 | Loss 12.9527
Process 002 | Epoch 02659 | Time(s) 0.4036 | Comm(s) 0.2083 | Reduce(s) 0.0419 | Loss 12.9469
Process 002 | Epoch 02669 | Time(s) 0.4036 | Comm(s) 0.2083 | Reduce(s) 0.0419 | Loss 12.9403
Process 002 | Epoch 02679 | Time(s) 0.4037 | Comm(s) 0.2083 | Reduce(s) 0.0419 | Loss 13.0833
Process 002 | Epoch 02689 | Time(s) 0.4037 | Comm(s) 0.2083 | Reduce(s) 0.0419 | Loss 12.9492
Process 002 | Epoch 02699 | Time(s) 0.4037 | Comm(s) 0.2083 | Reduce(s) 0.0419 | Loss 12.9586
Process 002 | Epoch 02709 | Time(s) 0.4037 | Comm(s) 0.2083 | Reduce(s) 0.0419 | Loss 12.9350
Process 002 | Epoch 02719 | Time(s) 0.4037 | Comm(s) 0.2082 | Reduce(s) 0.0419 | Loss 12.9370
Process 002 | Epoch 02729 | Time(s) 0.4037 | Comm(s) 0.2082 | Reduce(s) 0.0419 | Loss 12.9425
Process 002 | Epoch 02739 | Time(s) 0.4037 | Comm(s) 0.2082 | Reduce(s) 0.0419 | Loss 12.9348
Process 002 | Epoch 02749 | Time(s) 0.4037 | Comm(s) 0.2082 | Reduce(s) 0.0419 | Loss 12.9329
Process 002 | Epoch 02759 | Time(s) 0.4037 | Comm(s) 0.2082 | Reduce(s) 0.0419 | Loss 12.9276
Process 002 | Epoch 02769 | Time(s) 0.4037 | Comm(s) 0.2082 | Reduce(s) 0.0419 | Loss 12.9436
Process 002 | Epoch 02779 | Time(s) 0.4038 | Comm(s) 0.2083 | Reduce(s) 0.0419 | Loss 12.9348
Process 002 | Epoch 02789 | Time(s) 0.4037 | Comm(s) 0.2082 | Reduce(s) 0.0419 | Loss 12.9189
Process 002 | Epoch 02799 | Time(s) 0.4038 | Comm(s) 0.2083 | Reduce(s) 0.0419 | Loss 12.9418
Process 002 | Epoch 02809 | Time(s) 0.4038 | Comm(s) 0.2083 | Reduce(s) 0.0419 | Loss 12.9236
Process 002 | Epoch 02819 | Time(s) 0.4039 | Comm(s) 0.2083 | Reduce(s) 0.0419 | Loss 12.9104
Process 002 | Epoch 02829 | Time(s) 0.4039 | Comm(s) 0.2083 | Reduce(s) 0.0419 | Loss 12.9434
Process 002 | Epoch 02839 | Time(s) 0.4039 | Comm(s) 0.2083 | Reduce(s) 0.0419 | Loss 12.9641
Process 002 | Epoch 02849 | Time(s) 0.4039 | Comm(s) 0.2083 | Reduce(s) 0.0419 | Loss 12.9152
Process 002 | Epoch 02859 | Time(s) 0.4039 | Comm(s) 0.2083 | Reduce(s) 0.0419 | Loss 12.9451
Process 002 | Epoch 02869 | Time(s) 0.4039 | Comm(s) 0.2083 | Reduce(s) 0.0419 | Loss 12.9097
Process 002 | Epoch 02879 | Time(s) 0.4039 | Comm(s) 0.2083 | Reduce(s) 0.0419 | Loss 12.9121
Process 002 | Epoch 02889 | Time(s) 0.4039 | Comm(s) 0.2083 | Reduce(s) 0.0419 | Loss 12.9162
Process 002 | Epoch 02899 | Time(s) 0.4039 | Comm(s) 0.2082 | Reduce(s) 0.0419 | Loss 12.9118
Process 002 | Epoch 02909 | Time(s) 0.4039 | Comm(s) 0.2082 | Reduce(s) 0.0419 | Loss 12.9091
Process 002 | Epoch 02919 | Time(s) 0.4039 | Comm(s) 0.2082 | Reduce(s) 0.0419 | Loss 13.0400
Process 002 | Epoch 02929 | Time(s) 0.4039 | Comm(s) 0.2082 | Reduce(s) 0.0419 | Loss 12.9103
Process 002 | Epoch 02939 | Time(s) 0.4039 | Comm(s) 0.2082 | Reduce(s) 0.0419 | Loss 12.9148
Process 002 | Epoch 02949 | Time(s) 0.4039 | Comm(s) 0.2082 | Reduce(s) 0.0419 | Loss 12.8957
Process 002 | Epoch 02959 | Time(s) 0.4039 | Comm(s) 0.2082 | Reduce(s) 0.0419 | Loss 12.8851
Process 002 | Epoch 02969 | Time(s) 0.4039 | Comm(s) 0.2082 | Reduce(s) 0.0419 | Loss 12.9931
Process 002 | Epoch 02979 | Time(s) 0.4039 | Comm(s) 0.2082 | Reduce(s) 0.0419 | Loss 12.9133
Process 002 | Epoch 02989 | Time(s) 0.4039 | Comm(s) 0.2082 | Reduce(s) 0.0419 | Loss 12.9004
Process 002 | Epoch 02999 | Time(s) 0.4039 | Comm(s) 0.2082 | Reduce(s) 0.0419 | Loss 12.8855
(rank 2) memory stats: current 749.01MB, peak 5489.05MB, reserved 5866.00MB

Process 000 | Epoch 02659 | Time(s) 0.3638 | Comm(s) 0.2092 | Reduce(s) 0.0423 | Loss 15.8860
Epoch 02649 | Accuracy 65.01%
Process 000 | Epoch 02669 | Time(s) 0.3639 | Comm(s) 0.2092 | Reduce(s) 0.0423 | Loss 15.8849
Epoch 02659 | Accuracy 64.99%
Process 000 | Epoch 02679 | Time(s) 0.3639 | Comm(s) 0.2092 | Reduce(s) 0.0423 | Loss 16.0650
Epoch 02669 | Accuracy 65.03%
Process 000 | Epoch 02689 | Time(s) 0.3638 | Comm(s) 0.2092 | Reduce(s) 0.0423 | Loss 15.8846
Epoch 02679 | Accuracy 65.18%
Process 000 | Epoch 02699 | Time(s) 0.3639 | Comm(s) 0.2092 | Reduce(s) 0.0423 | Loss 15.8863
Epoch 02689 | Accuracy 64.79%
Process 000 | Epoch 02709 | Time(s) 0.3639 | Comm(s) 0.2092 | Reduce(s) 0.0423 | Loss 15.8790
Epoch 02699 | Accuracy 64.80%
Process 000 | Epoch 02719 | Time(s) 0.3639 | Comm(s) 0.2092 | Reduce(s) 0.0423 | Loss 15.8638
Epoch 02709 | Accuracy 64.97%
Process 000 | Epoch 02729 | Time(s) 0.3639 | Comm(s) 0.2092 | Reduce(s) 0.0423 | Loss 15.8884
Epoch 02719 | Accuracy 65.03%
Process 000 | Epoch 02739 | Time(s) 0.3638 | Comm(s) 0.2092 | Reduce(s) 0.0423 | Loss 15.8714
Epoch 02729 | Accuracy 65.06%
Process 000 | Epoch 02749 | Time(s) 0.3638 | Comm(s) 0.2092 | Reduce(s) 0.0423 | Loss 15.8723
Epoch 02739 | Accuracy 64.87%
Process 000 | Epoch 02759 | Time(s) 0.3638 | Comm(s) 0.2092 | Reduce(s) 0.0423 | Loss 15.8628
Epoch 02749 | Accuracy 64.89%
Process 000 | Epoch 02769 | Time(s) 0.3638 | Comm(s) 0.2092 | Reduce(s) 0.0423 | Loss 15.8852
Epoch 02759 | Accuracy 65.02%
Process 000 | Epoch 02779 | Time(s) 0.3638 | Comm(s) 0.2092 | Reduce(s) 0.0423 | Loss 15.8776
Epoch 02769 | Accuracy 65.18%
Process 000 | Epoch 02789 | Time(s) 0.3638 | Comm(s) 0.2092 | Reduce(s) 0.0423 | Loss 15.8545
Epoch 02779 | Accuracy 64.77%
Process 000 | Epoch 02799 | Time(s) 0.3638 | Comm(s) 0.2092 | Reduce(s) 0.0423 | Loss 15.8629
Epoch 02789 | Accuracy 65.02%
Process 000 | Epoch 02809 | Time(s) 0.3639 | Comm(s) 0.2092 | Reduce(s) 0.0423 | Loss 15.8653
Epoch 02799 | Accuracy 65.10%
Process 000 | Epoch 02819 | Time(s) 0.3639 | Comm(s) 0.2092 | Reduce(s) 0.0423 | Loss 15.8663
Epoch 02809 | Accuracy 65.02%
Process 000 | Epoch 02829 | Time(s) 0.3639 | Comm(s) 0.2092 | Reduce(s) 0.0423 | Loss 15.8809
Epoch 02819 | Accuracy 64.95%
Process 000 | Epoch 02839 | Time(s) 0.3639 | Comm(s) 0.2092 | Reduce(s) 0.0423 | Loss 15.8915
Epoch 02829 | Accuracy 65.14%
Process 000 | Epoch 02849 | Time(s) 0.3639 | Comm(s) 0.2093 | Reduce(s) 0.0423 | Loss 15.8424
Epoch 02839 | Accuracy 64.83%
Process 000 | Epoch 02859 | Time(s) 0.3639 | Comm(s) 0.2093 | Reduce(s) 0.0423 | Loss 15.8720
Epoch 02849 | Accuracy 65.00%
Process 000 | Epoch 02869 | Time(s) 0.3639 | Comm(s) 0.2093 | Reduce(s) 0.0423 | Loss 15.8496
Epoch 02859 | Accuracy 65.21%
Process 000 | Epoch 02879 | Time(s) 0.3639 | Comm(s) 0.2093 | Reduce(s) 0.0423 | Loss 15.8508
Epoch 02869 | Accuracy 64.78%
Process 000 | Epoch 02889 | Time(s) 0.3639 | Comm(s) 0.2093 | Reduce(s) 0.0423 | Loss 15.8556
Epoch 02879 | Accuracy 65.10%
Process 000 | Epoch 02899 | Time(s) 0.3639 | Comm(s) 0.2093 | Reduce(s) 0.0423 | Loss 15.8461
Epoch 02889 | Accuracy 65.15%
Process 000 | Epoch 02909 | Time(s) 0.3639 | Comm(s) 0.2093 | Reduce(s) 0.0423 | Loss 15.8430
Epoch 02899 | Accuracy 64.98%
Process 000 | Epoch 02919 | Time(s) 0.3639 | Comm(s) 0.2093 | Reduce(s) 0.0423 | Loss 16.0112
Epoch 02909 | Accuracy 65.04%
Process 000 | Epoch 02929 | Time(s) 0.3639 | Comm(s) 0.2093 | Reduce(s) 0.0423 | Loss 15.8472
Epoch 02919 | Accuracy 65.19%
Process 000 | Epoch 02939 | Time(s) 0.3638 | Comm(s) 0.2093 | Reduce(s) 0.0423 | Loss 15.8576
Epoch 02929 | Accuracy 65.00%
Process 000 | Epoch 02949 | Time(s) 0.3638 | Comm(s) 0.2093 | Reduce(s) 0.0423 | Loss 15.8246
Epoch 02939 | Accuracy 64.94%
Process 000 | Epoch 02959 | Time(s) 0.3638 | Comm(s) 0.2093 | Reduce(s) 0.0423 | Loss 15.8185
Epoch 02949 | Accuracy 65.00%
Process 000 | Epoch 02969 | Time(s) 0.3638 | Comm(s) 0.2092 | Reduce(s) 0.0423 | Loss 15.9301
Epoch 02959 | Accuracy 65.02%
Process 000 | Epoch 02979 | Time(s) 0.3638 | Comm(s) 0.2092 | Reduce(s) 0.0423 | Loss 15.8572
Epoch 02969 | Accuracy 65.25%
Process 000 | Epoch 02989 | Time(s) 0.3638 | Comm(s) 0.2092 | Reduce(s) 0.0423 | Loss 15.8304
Epoch 02979 | Accuracy 65.16%
Process 000 | Epoch 02999 | Time(s) 0.3638 | Comm(s) 0.2092 | Reduce(s) 0.0423 | Loss 15.8215
Epoch 02989 | Accuracy 65.08%
(rank 0) memory stats: current 664.02MB, peak 5212.10MB, reserved 5530.00MB
Epoch 02999 | Accuracy 64.98%
model saved
Max Validation Accuracy 65.26%
Test Result | Accuracy 65.31%
