/home/zhaoyu/miniconda3/envs/test/lib/python3.11/site-packages/dgl/graphbolt/__init__.py:114: GBWarning: 
An experimental feature for CUDA allocations is turned on for better allocation
pattern resulting in better memory usage for minibatch GNN training workloads.
See https://pytorch.org/docs/stable/notes/cuda.html#optimizing-memory-usage-with-pytorch-cuda-alloc-conf,
and set the environment variable `PYTORCH_CUDA_ALLOC_CONF=expandable_segments:False`
if you want to disable it and set it True to acknowledge and disable the warning.

  gb_warning(WARNING_STR_TO_BE_SHOWN)
Namespace(dataset='reddit', data_path='./dataset/', part_path='./partition/', graph_name='reddit-2-metis-vol-induc', model='graphsage', dropout=0.5, lr=0.01, sampling_rate=0.1, heads=1, n_epochs=3000, n_partitions=2, n_hidden=256, n_layers=4, log_every=10, weight_decay=0, norm='layer', partition_obj='vol', partition_method='metis', n_linear=0, use_pp=True, inductive=True, fix_seed=True, seed=4, backend='gloo', port=18118, master_addr='127.0.0.1', node_rank=0, parts_per_node=10, skip_partition=True, eval=True)
loading partitions
Process 0 has 144839 nodes, 28484466 edges 78250 inner nodes, and 20593238 inner edges.
Process 0 start training
Process 000 | Epoch 00009 | Time(s) 0.0868 | Comm(s) 0.0593 | Reduce(s) 0.0049 | Loss 2.4772
Process 000 | Epoch 00019 | Time(s) 0.0893 | Comm(s) 0.0602 | Reduce(s) 0.0051 | Loss 1.6972
Epoch 00009 | Accuracy 21.18%
Process 000 | Epoch 00029 | Time(s) 0.1054 | Comm(s) 0.0715 | Reduce(s) 0.0051 | Loss 1.2092
Epoch 00019 | Accuracy 45.41%
Process 000 | Epoch 00039 | Time(s) 0.1103 | Comm(s) 0.0740 | Reduce(s) 0.0058 | Loss 0.7217
Epoch 00029 | Accuracy 65.82%
Process 000 | Epoch 00049 | Time(s) 0.1127 | Comm(s) 0.0756 | Reduce(s) 0.0059 | Loss 0.5414
Epoch 00039 | Accuracy 80.18%
Process 000 | Epoch 00059 | Time(s) 0.1141 | Comm(s) 0.0758 | Reduce(s) 0.0063 | Loss 0.4492
Epoch 00049 | Accuracy 89.59%
Process 000 | Epoch 00069 | Time(s) 0.1155 | Comm(s) 0.0766 | Reduce(s) 0.0061 | Loss 0.3969
Epoch 00059 | Accuracy 91.36%
Process 000 | Epoch 00079 | Time(s) 0.1154 | Comm(s) 0.0767 | Reduce(s) 0.0060 | Loss 0.3540
Epoch 00069 | Accuracy 92.28%
Process 000 | Epoch 00089 | Time(s) 0.1149 | Comm(s) 0.0766 | Reduce(s) 0.0059 | Loss 0.3379
Epoch 00079 | Accuracy 92.77%
Process 000 | Epoch 00099 | Time(s) 0.1152 | Comm(s) 0.0767 | Reduce(s) 0.0058 | Loss 0.3133
Epoch 00089 | Accuracy 93.19%
Process 000 | Epoch 00109 | Time(s) 0.1153 | Comm(s) 0.0765 | Reduce(s) 0.0058 | Loss 0.3015
Epoch 00099 | Accuracy 93.62%
Process 000 | Epoch 00119 | Time(s) 0.1149 | Comm(s) 0.0763 | Reduce(s) 0.0058 | Loss 0.2881
Epoch 00109 | Accuracy 94.07%
Process 000 | Epoch 00129 | Time(s) 0.1147 | Comm(s) 0.0760 | Reduce(s) 0.0057 | Loss 0.2724
Epoch 00119 | Accuracy 94.38%
Process 000 | Epoch 00139 | Time(s) 0.1145 | Comm(s) 0.0759 | Reduce(s) 0.0057 | Loss 0.2657
Epoch 00129 | Accuracy 94.55%
Process 000 | Epoch 00149 | Time(s) 0.1148 | Comm(s) 0.0762 | Reduce(s) 0.0057 | Loss 0.2549
Epoch 00139 | Accuracy 94.69%
Process 000 | Epoch 00159 | Time(s) 0.1149 | Comm(s) 0.0762 | Reduce(s) 0.0057 | Loss 0.2495
Epoch 00149 | Accuracy 94.81%
Process 000 | Epoch 00169 | Time(s) 0.1149 | Comm(s) 0.0763 | Reduce(s) 0.0057 | Loss 0.2376
Epoch 00159 | Accuracy 94.94%
Process 000 | Epoch 00179 | Time(s) 0.1149 | Comm(s) 0.0764 | Reduce(s) 0.0058 | Loss 0.2352
Epoch 00169 | Accuracy 94.98%
Process 000 | Epoch 00189 | Time(s) 0.1149 | Comm(s) 0.0763 | Reduce(s) 0.0058 | Loss 0.2268
Epoch 00179 | Accuracy 95.12%
Process 000 | Epoch 00199 | Time(s) 0.1152 | Comm(s) 0.0765 | Reduce(s) 0.0057 | Loss 0.2242
Epoch 00189 | Accuracy 95.19%
Process 000 | Epoch 00209 | Time(s) 0.1153 | Comm(s) 0.0766 | Reduce(s) 0.0057 | Loss 0.2168
Epoch 00199 | Accuracy 95.25%
Process 000 | Epoch 00219 | Time(s) 0.1153 | Comm(s) 0.0765 | Reduce(s) 0.0057 | Loss 0.2151
Epoch 00209 | Accuracy 95.34%
Process 000 | Epoch 00229 | Time(s) 0.1153 | Comm(s) 0.0765 | Reduce(s) 0.0057 | Loss 0.2061
Epoch 00219 | Accuracy 95.38%
Process 000 | Epoch 00239 | Time(s) 0.1154 | Comm(s) 0.0767 | Reduce(s) 0.0057 | Loss 0.2066
Epoch 00229 | Accuracy 95.45%
Process 000 | Epoch 00249 | Time(s) 0.1150 | Comm(s) 0.0764 | Reduce(s) 0.0056 | Loss 0.2038
Epoch 00239 | Accuracy 95.55%
Process 000 | Epoch 00259 | Time(s) 0.1147 | Comm(s) 0.0762 | Reduce(s) 0.0056 | Loss 0.1983
Epoch 00249 | Accuracy 95.63%
Process 000 | Epoch 00269 | Time(s) 0.1148 | Comm(s) 0.0763 | Reduce(s) 0.0056 | Loss 0.1912
Epoch 00259 | Accuracy 95.68%
Process 000 | Epoch 00279 | Time(s) 0.1146 | Comm(s) 0.0762 | Reduce(s) 0.0056 | Loss 0.1916
Epoch 00269 | Accuracy 95.70%
Process 000 | Epoch 00289 | Time(s) 0.1145 | Comm(s) 0.0762 | Reduce(s) 0.0056 | Loss 0.1871
Epoch 00279 | Accuracy 95.75%
Process 000 | Epoch 00299 | Time(s) 0.1143 | Comm(s) 0.0761 | Reduce(s) 0.0056 | Loss 0.1844
Epoch 00289 | Accuracy 95.75%
Process 000 | Epoch 00309 | Time(s) 0.1143 | Comm(s) 0.0760 | Reduce(s) 0.0056 | Loss 0.1818
Epoch 00299 | Accuracy 95.81%
Process 000 | Epoch 00319 | Time(s) 0.1142 | Comm(s) 0.0760 | Reduce(s) 0.0056 | Loss 0.1791
Epoch 00309 | Accuracy 95.85%
Process 000 | Epoch 00329 | Time(s) 0.1144 | Comm(s) 0.0761 | Reduce(s) 0.0057 | Loss 0.1756
Epoch 00319 | Accuracy 95.90%
Process 000 | Epoch 00339 | Time(s) 0.1143 | Comm(s) 0.0760 | Reduce(s) 0.0056 | Loss 0.1717
Epoch 00329 | Accuracy 95.92%
Process 000 | Epoch 00349 | Time(s) 0.1143 | Comm(s) 0.0761 | Reduce(s) 0.0056 | Loss 0.1697
Epoch 00339 | Accuracy 96.02%
Process 000 | Epoch 00359 | Time(s) 0.1143 | Comm(s) 0.0761 | Reduce(s) 0.0056 | Loss 0.1696
Epoch 00349 | Accuracy 95.95%
Process 000 | Epoch 00369 | Time(s) 0.1142 | Comm(s) 0.0760 | Reduce(s) 0.0056 | Loss 0.1649
Epoch 00359 | Accuracy 96.06%
Process 000 | Epoch 00379 | Time(s) 0.1142 | Comm(s) 0.0760 | Reduce(s) 0.0055 | Loss 0.1657
Epoch 00369 | Accuracy 96.06%
Process 000 | Epoch 00389 | Time(s) 0.1141 | Comm(s) 0.0759 | Reduce(s) 0.0055 | Loss 0.1588
Epoch 00379 | Accuracy 96.02%
Process 000 | Epoch 00399 | Time(s) 0.1142 | Comm(s) 0.0759 | Reduce(s) 0.0056 | Loss 0.1606
Epoch 00389 | Accuracy 96.11%
Process 000 | Epoch 00409 | Time(s) 0.1141 | Comm(s) 0.0759 | Reduce(s) 0.0056 | Loss 0.1569
Epoch 00399 | Accuracy 96.14%
Process 000 | Epoch 00419 | Time(s) 0.1141 | Comm(s) 0.0758 | Reduce(s) 0.0056 | Loss 0.1560
Epoch 00409 | Accuracy 96.10%
Process 000 | Epoch 00429 | Time(s) 0.1141 | Comm(s) 0.0759 | Reduce(s) 0.0056 | Loss 0.1534
Epoch 00419 | Accuracy 96.11%
Process 000 | Epoch 00439 | Time(s) 0.1139 | Comm(s) 0.0758 | Reduce(s) 0.0056 | Loss 0.1530
Epoch 00429 | Accuracy 96.15%
Process 000 | Epoch 00449 | Time(s) 0.1139 | Comm(s) 0.0757 | Reduce(s) 0.0056 | Loss 0.1491
Epoch 00439 | Accuracy 96.14%
Process 000 | Epoch 00459 | Time(s) 0.1137 | Comm(s) 0.0757 | Reduce(s) 0.0056 | Loss 0.1479
Epoch 00449 | Accuracy 96.18%
Process 000 | Epoch 00469 | Time(s) 0.1137 | Comm(s) 0.0756 | Reduce(s) 0.0056 | Loss 0.1463
Epoch 00459 | Accuracy 96.14%
Process 000 | Epoch 00479 | Time(s) 0.1137 | Comm(s) 0.0756 | Reduce(s) 0.0056 | Loss 0.1431
Epoch 00469 | Accuracy 96.20%
Process 000 | Epoch 00489 | Time(s) 0.1137 | Comm(s) 0.0756 | Reduce(s) 0.0056 | Loss 0.1409
Epoch 00479 | Accuracy 96.18%
Process 000 | Epoch 00499 | Time(s) 0.1137 | Comm(s) 0.0756 | Reduce(s) 0.0055 | Loss 0.1407
Epoch 00489 | Accuracy 96.18%
Process 000 | Epoch 00509 | Time(s) 0.1137 | Comm(s) 0.0756 | Reduce(s) 0.0055 | Loss 0.1369
Epoch 00499 | Accuracy 96.29%
Process 000 | Epoch 00519 | Time(s) 0.1136 | Comm(s) 0.0755 | Reduce(s) 0.0055 | Loss 0.1401
Epoch 00509 | Accuracy 96.22%
Process 000 | Epoch 00529 | Time(s) 0.1136 | Comm(s) 0.0755 | Reduce(s) 0.0055 | Loss 0.1391
Epoch 00519 | Accuracy 96.25%
Process 000 | Epoch 00539 | Time(s) 0.1136 | Comm(s) 0.0754 | Reduce(s) 0.0056 | Loss 0.1351
Epoch 00529 | Accuracy 96.20%
Process 000 | Epoch 00549 | Time(s) 0.1136 | Comm(s) 0.0754 | Reduce(s) 0.0056 | Loss 0.1347
Epoch 00539 | Accuracy 96.29%
Process 000 | Epoch 00559 | Time(s) 0.1135 | Comm(s) 0.0754 | Reduce(s) 0.0056 | Loss 0.1326
Epoch 00549 | Accuracy 96.37%
Process 000 | Epoch 00569 | Time(s) 0.1135 | Comm(s) 0.0754 | Reduce(s) 0.0056 | Loss 0.1330
Epoch 00559 | Accuracy 96.25%
Process 000 | Epoch 00579 | Time(s) 0.1135 | Comm(s) 0.0754 | Reduce(s) 0.0056 | Loss 0.1314
Epoch 00569 | Accuracy 96.35%
Process 000 | Epoch 00589 | Time(s) 0.1135 | Comm(s) 0.0754 | Reduce(s) 0.0056 | Loss 0.1285
Epoch 00579 | Accuracy 96.31%
Process 000 | Epoch 00599 | Time(s) 0.1136 | Comm(s) 0.0755 | Reduce(s) 0.0056 | Loss 0.1298
Epoch 00589 | Accuracy 96.36%
Process 000 | Epoch 00609 | Time(s) 0.1137 | Comm(s) 0.0755 | Reduce(s) 0.0055 | Loss 0.1264
Epoch 00599 | Accuracy 96.35%
Process 000 | Epoch 00619 | Time(s) 0.1136 | Comm(s) 0.0755 | Reduce(s) 0.0056 | Loss 0.1303
Epoch 00609 | Accuracy 96.33%
Process 000 | Epoch 00629 | Time(s) 0.1136 | Comm(s) 0.0754 | Reduce(s) 0.0056 | Loss 0.1237
Epoch 00619 | Accuracy 96.37%
Process 000 | Epoch 00639 | Time(s) 0.1136 | Comm(s) 0.0754 | Reduce(s) 0.0056 | Loss 0.1226
Epoch 00629 | Accuracy 96.38%
Process 000 | Epoch 00649 | Time(s) 0.1135 | Comm(s) 0.0754 | Reduce(s) 0.0056 | Loss 0.1208
Epoch 00639 | Accuracy 96.33%
Process 000 | Epoch 00659 | Time(s) 0.1134 | Comm(s) 0.0753 | Reduce(s) 0.0055 | Loss 0.1252
Epoch 00649 | Accuracy 96.35%loading partitions
Process 1 has 108813 nodes, 31844953 edges 75181 inner nodes, and 23953725 inner edges.
Process 1 start training
Process 001 | Epoch 00009 | Time(s) 0.0867 | Comm(s) 0.0590 | Reduce(s) 0.0048 | Loss 3.6938
Process 001 | Epoch 00019 | Time(s) 0.0904 | Comm(s) 0.0597 | Reduce(s) 0.0050 | Loss 2.6574
Process 001 | Epoch 00029 | Time(s) 0.2085 | Comm(s) 0.0694 | Reduce(s) 0.0059 | Loss 1.7552
Process 001 | Epoch 00039 | Time(s) 0.1970 | Comm(s) 0.0720 | Reduce(s) 0.0058 | Loss 1.1123
Process 001 | Epoch 00049 | Time(s) 0.1882 | Comm(s) 0.0737 | Reduce(s) 0.0057 | Loss 0.6999
Process 001 | Epoch 00059 | Time(s) 0.1827 | Comm(s) 0.0745 | Reduce(s) 0.0061 | Loss 0.5446
Process 001 | Epoch 00069 | Time(s) 0.1797 | Comm(s) 0.0755 | Reduce(s) 0.0060 | Loss 0.4582
Process 001 | Epoch 00079 | Time(s) 0.1778 | Comm(s) 0.0757 | Reduce(s) 0.0059 | Loss 0.3992
Process 001 | Epoch 00089 | Time(s) 0.1794 | Comm(s) 0.0757 | Reduce(s) 0.0059 | Loss 0.3635
Process 001 | Epoch 00099 | Time(s) 0.1798 | Comm(s) 0.0760 | Reduce(s) 0.0059 | Loss 0.3479
Process 001 | Epoch 00109 | Time(s) 0.1789 | Comm(s) 0.0760 | Reduce(s) 0.0060 | Loss 0.3278
Process 001 | Epoch 00119 | Time(s) 0.1792 | Comm(s) 0.0759 | Reduce(s) 0.0060 | Loss 0.3093
Process 001 | Epoch 00129 | Time(s) 0.1797 | Comm(s) 0.0757 | Reduce(s) 0.0060 | Loss 0.2946
Process 001 | Epoch 00139 | Time(s) 0.1794 | Comm(s) 0.0758 | Reduce(s) 0.0060 | Loss 0.2809
Process 001 | Epoch 00149 | Time(s) 0.1799 | Comm(s) 0.0761 | Reduce(s) 0.0060 | Loss 0.2743
Process 001 | Epoch 00159 | Time(s) 0.1792 | Comm(s) 0.0762 | Reduce(s) 0.0060 | Loss 0.2634
Process 001 | Epoch 00169 | Time(s) 0.1789 | Comm(s) 0.0764 | Reduce(s) 0.0060 | Loss 0.2599
Process 001 | Epoch 00179 | Time(s) 0.1790 | Comm(s) 0.0766 | Reduce(s) 0.0061 | Loss 0.2488
Process 001 | Epoch 00189 | Time(s) 0.1787 | Comm(s) 0.0767 | Reduce(s) 0.0061 | Loss 0.2412
Process 001 | Epoch 00199 | Time(s) 0.1787 | Comm(s) 0.0771 | Reduce(s) 0.0060 | Loss 0.2380
Process 001 | Epoch 00209 | Time(s) 0.1785 | Comm(s) 0.0774 | Reduce(s) 0.0060 | Loss 0.2289
Process 001 | Epoch 00219 | Time(s) 0.1784 | Comm(s) 0.0773 | Reduce(s) 0.0060 | Loss 0.2248
Process 001 | Epoch 00229 | Time(s) 0.1786 | Comm(s) 0.0772 | Reduce(s) 0.0060 | Loss 0.2269
Process 001 | Epoch 00239 | Time(s) 0.1789 | Comm(s) 0.0774 | Reduce(s) 0.0060 | Loss 0.2200
Process 001 | Epoch 00249 | Time(s) 0.1782 | Comm(s) 0.0772 | Reduce(s) 0.0060 | Loss 0.2187
Process 001 | Epoch 00259 | Time(s) 0.1780 | Comm(s) 0.0770 | Reduce(s) 0.0060 | Loss 0.2154
Process 001 | Epoch 00269 | Time(s) 0.1781 | Comm(s) 0.0771 | Reduce(s) 0.0059 | Loss 0.2111
Process 001 | Epoch 00279 | Time(s) 0.1780 | Comm(s) 0.0770 | Reduce(s) 0.0059 | Loss 0.2064
Process 001 | Epoch 00289 | Time(s) 0.1780 | Comm(s) 0.0769 | Reduce(s) 0.0060 | Loss 0.1985
Process 001 | Epoch 00299 | Time(s) 0.1778 | Comm(s) 0.0769 | Reduce(s) 0.0059 | Loss 0.1955
Process 001 | Epoch 00309 | Time(s) 0.1779 | Comm(s) 0.0768 | Reduce(s) 0.0059 | Loss 0.1968
Process 001 | Epoch 00319 | Time(s) 0.1776 | Comm(s) 0.0767 | Reduce(s) 0.0059 | Loss 0.1927
Process 001 | Epoch 00329 | Time(s) 0.1777 | Comm(s) 0.0768 | Reduce(s) 0.0059 | Loss 0.1890
Process 001 | Epoch 00339 | Time(s) 0.1772 | Comm(s) 0.0768 | Reduce(s) 0.0059 | Loss 0.1856
Process 001 | Epoch 00349 | Time(s) 0.1774 | Comm(s) 0.0769 | Reduce(s) 0.0059 | Loss 0.1845
Process 001 | Epoch 00359 | Time(s) 0.1772 | Comm(s) 0.0769 | Reduce(s) 0.0059 | Loss 0.1804
Process 001 | Epoch 00369 | Time(s) 0.1769 | Comm(s) 0.0768 | Reduce(s) 0.0059 | Loss 0.1769
Process 001 | Epoch 00379 | Time(s) 0.1771 | Comm(s) 0.0768 | Reduce(s) 0.0059 | Loss 0.1755
Process 001 | Epoch 00389 | Time(s) 0.1771 | Comm(s) 0.0767 | Reduce(s) 0.0059 | Loss 0.1749
Process 001 | Epoch 00399 | Time(s) 0.1773 | Comm(s) 0.0768 | Reduce(s) 0.0059 | Loss 0.1718
Process 001 | Epoch 00409 | Time(s) 0.1773 | Comm(s) 0.0767 | Reduce(s) 0.0059 | Loss 0.1710
Process 001 | Epoch 00419 | Time(s) 0.1773 | Comm(s) 0.0766 | Reduce(s) 0.0059 | Loss 0.1665
Process 001 | Epoch 00429 | Time(s) 0.1773 | Comm(s) 0.0767 | Reduce(s) 0.0059 | Loss 0.1653
Process 001 | Epoch 00439 | Time(s) 0.1772 | Comm(s) 0.0765 | Reduce(s) 0.0059 | Loss 0.1628
Process 001 | Epoch 00449 | Time(s) 0.1773 | Comm(s) 0.0765 | Reduce(s) 0.0059 | Loss 0.1599
Process 001 | Epoch 00459 | Time(s) 0.1772 | Comm(s) 0.0765 | Reduce(s) 0.0059 | Loss 0.1593
Process 001 | Epoch 00469 | Time(s) 0.1773 | Comm(s) 0.0764 | Reduce(s) 0.0059 | Loss 0.1573
Process 001 | Epoch 00479 | Time(s) 0.1773 | Comm(s) 0.0764 | Reduce(s) 0.0059 | Loss 0.1560
Process 001 | Epoch 00489 | Time(s) 0.1773 | Comm(s) 0.0764 | Reduce(s) 0.0059 | Loss 0.1561
Process 001 | Epoch 00499 | Time(s) 0.1773 | Comm(s) 0.0764 | Reduce(s) 0.0059 | Loss 0.1542
Process 001 | Epoch 00509 | Time(s) 0.1774 | Comm(s) 0.0763 | Reduce(s) 0.0059 | Loss 0.1505
Process 001 | Epoch 00519 | Time(s) 0.1773 | Comm(s) 0.0763 | Reduce(s) 0.0059 | Loss 0.1499
Process 001 | Epoch 00529 | Time(s) 0.1775 | Comm(s) 0.0763 | Reduce(s) 0.0059 | Loss 0.1496
Process 001 | Epoch 00539 | Time(s) 0.1775 | Comm(s) 0.0762 | Reduce(s) 0.0059 | Loss 0.1493
Process 001 | Epoch 00549 | Time(s) 0.1775 | Comm(s) 0.0762 | Reduce(s) 0.0059 | Loss 0.1503
Process 001 | Epoch 00559 | Time(s) 0.1776 | Comm(s) 0.0762 | Reduce(s) 0.0059 | Loss 0.1487
Process 001 | Epoch 00569 | Time(s) 0.1776 | Comm(s) 0.0762 | Reduce(s) 0.0059 | Loss 0.1457
Process 001 | Epoch 00579 | Time(s) 0.1776 | Comm(s) 0.0762 | Reduce(s) 0.0059 | Loss 0.1436
Process 001 | Epoch 00589 | Time(s) 0.1776 | Comm(s) 0.0762 | Reduce(s) 0.0059 | Loss 0.1404
Process 001 | Epoch 00599 | Time(s) 0.1777 | Comm(s) 0.0762 | Reduce(s) 0.0059 | Loss 0.1371
Process 001 | Epoch 00609 | Time(s) 0.1776 | Comm(s) 0.0762 | Reduce(s) 0.0059 | Loss 0.1387
Process 001 | Epoch 00619 | Time(s) 0.1776 | Comm(s) 0.0762 | Reduce(s) 0.0059 | Loss 0.1395
Process 001 | Epoch 00629 | Time(s) 0.1777 | Comm(s) 0.0761 | Reduce(s) 0.0059 | Loss 0.1359
Process 001 | Epoch 00639 | Time(s) 0.1776 | Comm(s) 0.0761 | Reduce(s) 0.0059 | Loss 0.1382
Process 001 | Epoch 00649 | Time(s) 0.1777 | Comm(s) 0.0761 | Reduce(s) 0.0059 | Loss 0.1336
Process 001 | Epoch 00659 | Time(s) 0.1776 | Comm(s) 0.0760 | Reduce(s) 0.0059 | Loss 0.1304
Process 001 | Epoch 00669 | Time(s) 0.1778 | Comm(s) 0.0760 | Reduce(s) 0.0059 | Loss 0.1308
Process 001 | Epoch 00679 | Time(s) 0.1777 | Comm(s) 0.0760 | Reduce(s) 0.0059 | Loss 0.1315
Process 001 | Epoch 00689 | Time(s) 0.1778 | Comm(s) 0.0759 | Reduce(s) 0.0059 | Loss 0.1301
Process 001 | Epoch 00699 | Time(s) 0.1777 | Comm(s) 0.0759 | Reduce(s) 0.0059 | Loss 0.1304
Process 001 | Epoch 00709 | Time(s) 0.1777 | Comm(s) 0.0758 | Reduce(s) 0.0059 | Loss 0.1297
Process 001 | Epoch 00719 | Time(s) 0.1778 | Comm(s) 0.0758 | Reduce(s) 0.0059 | Loss 0.1298
Process 001 | Epoch 00729 | Time(s) 0.1778 | Comm(s) 0.0758 | Reduce(s) 0.0059 | Loss 0.1281
Process 001 | Epoch 00739 | Time(s) 0.1778 | Comm(s) 0.0758 | Reduce(s) 0.0059 | Loss 0.1257
Process 001 | Epoch 00749 | Time(s) 0.1778 | Comm(s) 0.0758 | Reduce(s) 0.0059 | Loss 0.1259
Process 001 | Epoch 00759 | Time(s) 0.1777 | Comm(s) 0.0757 | Reduce(s) 0.0059 | Loss 0.1226
Process 001 | Epoch 00769 | Time(s) 0.1779 | Comm(s) 0.0757 | Reduce(s) 0.0059 | Loss 0.1255
Process 001 | Epoch 00779 | Time(s) 0.1779 | Comm(s) 0.0758 | Reduce(s) 0.0059 | Loss 0.1210
Process 001 | Epoch 00789 | Time(s) 0.1778 | Comm(s) 0.0757 | Reduce(s) 0.0060 | Loss 0.1203
Process 001 | Epoch 00799 | Time(s) 0.1779 | Comm(s) 0.0757 | Reduce(s) 0.0060 | Loss 0.1194
Process 001 | Epoch 00809 | Time(s) 0.1778 | Comm(s) 0.0756 | Reduce(s) 0.0059 | Loss 0.1208
Process 001 | Epoch 00819 | Time(s) 0.1779 | Comm(s) 0.0757 | Reduce(s) 0.0060 | Loss 0.1202
Process 001 | Epoch 00829 | Time(s) 0.1779 | Comm(s) 0.0756 | Reduce(s) 0.0060 | Loss 0.1180
Process 001 | Epoch 00839 | Time(s) 0.1777 | Comm(s) 0.0756 | Reduce(s) 0.0060 | Loss 0.1219
Process 001 | Epoch 00849 | Time(s) 0.1777 | Comm(s) 0.0756 | Reduce(s) 0.0059 | Loss 0.1198
Process 001 | Epoch 00859 | Time(s) 0.1778 | Comm(s) 0.0756 | Reduce(s) 0.0060 | Loss 0.1173
Process 001 | Epoch 00869 | Time(s) 0.1777 | Comm(s) 0.0755 | Reduce(s) 0.0060 | Loss 0.1151
Process 000 | Epoch 00669 | Time(s) 0.1135 | Comm(s) 0.0753 | Reduce(s) 0.0055 | Loss 0.1204
Epoch 00659 | Accuracy 96.37%
Process 000 | Epoch 00679 | Time(s) 0.1134 | Comm(s) 0.0752 | Reduce(s) 0.0055 | Loss 0.1175
Epoch 00669 | Accuracy 96.27%
Process 000 | Epoch 00689 | Time(s) 0.1134 | Comm(s) 0.0752 | Reduce(s) 0.0055 | Loss 0.1197
Epoch 00679 | Accuracy 96.27%
Process 000 | Epoch 00699 | Time(s) 0.1133 | Comm(s) 0.0751 | Reduce(s) 0.0055 | Loss 0.1185
Epoch 00689 | Accuracy 96.37%
Process 000 | Epoch 00709 | Time(s) 0.1133 | Comm(s) 0.0751 | Reduce(s) 0.0055 | Loss 0.1177
Epoch 00699 | Accuracy 96.31%
Process 000 | Epoch 00719 | Time(s) 0.1133 | Comm(s) 0.0752 | Reduce(s) 0.0055 | Loss 0.1184
Epoch 00709 | Accuracy 96.35%
Process 000 | Epoch 00729 | Time(s) 0.1134 | Comm(s) 0.0752 | Reduce(s) 0.0055 | Loss 0.1134
Epoch 00719 | Accuracy 96.40%
Process 000 | Epoch 00739 | Time(s) 0.1133 | Comm(s) 0.0751 | Reduce(s) 0.0055 | Loss 0.1132
Epoch 00729 | Accuracy 96.43%
Process 000 | Epoch 00749 | Time(s) 0.1133 | Comm(s) 0.0751 | Reduce(s) 0.0056 | Loss 0.1165
Epoch 00739 | Accuracy 96.39%
Process 000 | Epoch 00759 | Time(s) 0.1132 | Comm(s) 0.0751 | Reduce(s) 0.0055 | Loss 0.1117
Epoch 00749 | Accuracy 96.36%
Process 000 | Epoch 00769 | Time(s) 0.1132 | Comm(s) 0.0751 | Reduce(s) 0.0055 | Loss 0.1128
Epoch 00759 | Accuracy 96.39%
Process 000 | Epoch 00779 | Time(s) 0.1133 | Comm(s) 0.0751 | Reduce(s) 0.0055 | Loss 0.1135
Epoch 00769 | Accuracy 96.42%
Process 000 | Epoch 00789 | Time(s) 0.1133 | Comm(s) 0.0751 | Reduce(s) 0.0055 | Loss 0.1125
Epoch 00779 | Accuracy 96.40%
Process 000 | Epoch 00799 | Time(s) 0.1133 | Comm(s) 0.0751 | Reduce(s) 0.0055 | Loss 0.1116
Epoch 00789 | Accuracy 96.43%
Process 000 | Epoch 00809 | Time(s) 0.1132 | Comm(s) 0.0750 | Reduce(s) 0.0055 | Loss 0.1128
Epoch 00799 | Accuracy 96.42%
Process 000 | Epoch 00819 | Time(s) 0.1132 | Comm(s) 0.0750 | Reduce(s) 0.0055 | Loss 0.1105
Epoch 00809 | Accuracy 96.41%
Process 000 | Epoch 00829 | Time(s) 0.1132 | Comm(s) 0.0750 | Reduce(s) 0.0055 | Loss 0.1107
Epoch 00819 | Accuracy 96.44%
Process 000 | Epoch 00839 | Time(s) 0.1132 | Comm(s) 0.0750 | Reduce(s) 0.0055 | Loss 0.1075
Epoch 00829 | Accuracy 96.41%
Process 000 | Epoch 00849 | Time(s) 0.1132 | Comm(s) 0.0750 | Reduce(s) 0.0055 | Loss 0.1114
Epoch 00839 | Accuracy 96.45%
Process 000 | Epoch 00859 | Time(s) 0.1132 | Comm(s) 0.0750 | Reduce(s) 0.0055 | Loss 0.1089
Epoch 00849 | Accuracy 96.35%
Process 000 | Epoch 00869 | Time(s) 0.1131 | Comm(s) 0.0749 | Reduce(s) 0.0055 | Loss 0.1092
Epoch 00859 | Accuracy 96.32%
Process 000 | Epoch 00879 | Time(s) 0.1131 | Comm(s) 0.0748 | Reduce(s) 0.0055 | Loss 0.1081
Epoch 00869 | Accuracy 96.42%
Process 000 | Epoch 00889 | Time(s) 0.1130 | Comm(s) 0.0748 | Reduce(s) 0.0055 | Loss 0.1055
Epoch 00879 | Accuracy 96.40%
Process 000 | Epoch 00899 | Time(s) 0.1130 | Comm(s) 0.0748 | Reduce(s) 0.0055 | Loss 0.1075
Epoch 00889 | Accuracy 96.40%
Process 000 | Epoch 00909 | Time(s) 0.1130 | Comm(s) 0.0748 | Reduce(s) 0.0055 | Loss 0.1091
Epoch 00899 | Accuracy 96.39%
Process 000 | Epoch 00919 | Time(s) 0.1129 | Comm(s) 0.0747 | Reduce(s) 0.0055 | Loss 0.1031
Epoch 00909 | Accuracy 96.44%
Process 000 | Epoch 00929 | Time(s) 0.1128 | Comm(s) 0.0747 | Reduce(s) 0.0055 | Loss 0.1029
Epoch 00919 | Accuracy 96.43%
Process 000 | Epoch 00939 | Time(s) 0.1127 | Comm(s) 0.0746 | Reduce(s) 0.0055 | Loss 0.1027
Epoch 00929 | Accuracy 96.38%
Process 000 | Epoch 00949 | Time(s) 0.1128 | Comm(s) 0.0746 | Reduce(s) 0.0055 | Loss 0.1034
Epoch 00939 | Accuracy 96.42%
Process 000 | Epoch 00959 | Time(s) 0.1128 | Comm(s) 0.0746 | Reduce(s) 0.0055 | Loss 0.1027
Epoch 00949 | Accuracy 96.34%
Process 000 | Epoch 00969 | Time(s) 0.1128 | Comm(s) 0.0746 | Reduce(s) 0.0055 | Loss 0.1030
Epoch 00959 | Accuracy 96.37%
Process 000 | Epoch 00979 | Time(s) 0.1127 | Comm(s) 0.0746 | Reduce(s) 0.0055 | Loss 0.1015
Epoch 00969 | Accuracy 96.41%
Process 000 | Epoch 00989 | Time(s) 0.1128 | Comm(s) 0.0746 | Reduce(s) 0.0055 | Loss 0.1009
Epoch 00979 | Accuracy 96.52%
Process 000 | Epoch 00999 | Time(s) 0.1127 | Comm(s) 0.0746 | Reduce(s) 0.0055 | Loss 0.1016
Epoch 00989 | Accuracy 96.41%
Process 000 | Epoch 01009 | Time(s) 0.1127 | Comm(s) 0.0746 | Reduce(s) 0.0055 | Loss 0.1020
Epoch 00999 | Accuracy 96.46%
Process 000 | Epoch 01019 | Time(s) 0.1126 | Comm(s) 0.0745 | Reduce(s) 0.0055 | Loss 0.1035
Epoch 01009 | Accuracy 96.44%
Process 000 | Epoch 01029 | Time(s) 0.1125 | Comm(s) 0.0744 | Reduce(s) 0.0055 | Loss 0.1041
Epoch 01019 | Accuracy 96.48%
Process 000 | Epoch 01039 | Time(s) 0.1125 | Comm(s) 0.0744 | Reduce(s) 0.0055 | Loss 0.1001
Epoch 01029 | Accuracy 96.38%
Process 000 | Epoch 01049 | Time(s) 0.1124 | Comm(s) 0.0744 | Reduce(s) 0.0055 | Loss 0.1015
Epoch 01039 | Accuracy 96.44%
Process 000 | Epoch 01059 | Time(s) 0.1124 | Comm(s) 0.0744 | Reduce(s) 0.0055 | Loss 0.0984
Epoch 01049 | Accuracy 96.43%
Process 000 | Epoch 01069 | Time(s) 0.1124 | Comm(s) 0.0743 | Reduce(s) 0.0055 | Loss 0.0957
Epoch 01059 | Accuracy 96.48%
Process 000 | Epoch 01079 | Time(s) 0.1123 | Comm(s) 0.0743 | Reduce(s) 0.0055 | Loss 0.0967
Epoch 01069 | Accuracy 96.48%
Process 000 | Epoch 01089 | Time(s) 0.1123 | Comm(s) 0.0743 | Reduce(s) 0.0055 | Loss 0.0972
Epoch 01079 | Accuracy 96.40%
Process 000 | Epoch 01099 | Time(s) 0.1122 | Comm(s) 0.0743 | Reduce(s) 0.0055 | Loss 0.0987
Epoch 01089 | Accuracy 96.41%
Process 000 | Epoch 01109 | Time(s) 0.1122 | Comm(s) 0.0742 | Reduce(s) 0.0055 | Loss 0.0962
Epoch 01099 | Accuracy 96.42%
Process 000 | Epoch 01119 | Time(s) 0.1121 | Comm(s) 0.0742 | Reduce(s) 0.0055 | Loss 0.0995
Epoch 01109 | Accuracy 96.48%
Process 000 | Epoch 01129 | Time(s) 0.1121 | Comm(s) 0.0742 | Reduce(s) 0.0055 | Loss 0.1017
Epoch 01119 | Accuracy 96.49%
Process 000 | Epoch 01139 | Time(s) 0.1121 | Comm(s) 0.0741 | Reduce(s) 0.0055 | Loss 0.0981
Epoch 01129 | Accuracy 96.45%
Process 000 | Epoch 01149 | Time(s) 0.1121 | Comm(s) 0.0741 | Reduce(s) 0.0055 | Loss 0.0968
Epoch 01139 | Accuracy 96.51%
Process 000 | Epoch 01159 | Time(s) 0.1121 | Comm(s) 0.0741 | Reduce(s) 0.0055 | Loss 0.0946
Epoch 01149 | Accuracy 96.40%
Process 000 | Epoch 01169 | Time(s) 0.1121 | Comm(s) 0.0741 | Reduce(s) 0.0055 | Loss 0.0958
Epoch 01159 | Accuracy 96.49%
Process 000 | Epoch 01179 | Time(s) 0.1122 | Comm(s) 0.0742 | Reduce(s) 0.0055 | Loss 0.0944
Epoch 01169 | Accuracy 96.40%
Process 000 | Epoch 01189 | Time(s) 0.1122 | Comm(s) 0.0742 | Reduce(s) 0.0055 | Loss 0.0942
Epoch 01179 | Accuracy 96.48%
Process 000 | Epoch 01199 | Time(s) 0.1122 | Comm(s) 0.0742 | Reduce(s) 0.0055 | Loss 0.0964
Epoch 01189 | Accuracy 96.50%
Process 000 | Epoch 01209 | Time(s) 0.1122 | Comm(s) 0.0742 | Reduce(s) 0.0055 | Loss 0.0932
Epoch 01199 | Accuracy 96.53%
Process 000 | Epoch 01219 | Time(s) 0.1122 | Comm(s) 0.0742 | Reduce(s) 0.0055 | Loss 0.0950
Epoch 01209 | Accuracy 96.43%
Process 000 | Epoch 01229 | Time(s) 0.1122 | Comm(s) 0.0741 | Reduce(s) 0.0055 | Loss 0.0926
Epoch 01219 | Accuracy 96.42%
Process 000 | Epoch 01239 | Time(s) 0.1122 | Comm(s) 0.0742 | Reduce(s) 0.0055 | Loss 0.0949
Epoch 01229 | Accuracy 96.52%
Process 000 | Epoch 01249 | Time(s) 0.1122 | Comm(s) 0.0741 | Reduce(s) 0.0055 | Loss 0.0913
Epoch 01239 | Accuracy 96.49%
Process 000 | Epoch 01259 | Time(s) 0.1122 | Comm(s) 0.0741 | Reduce(s) 0.0055 | Loss 0.0937
Epoch 01249 | Accuracy 96.55%
Process 000 | Epoch 01269 | Time(s) 0.1122 | Comm(s) 0.0741 | Reduce(s) 0.0055 | Loss 0.0936
Epoch 01259 | Accuracy 96.51%
Process 000 | Epoch 01279 | Time(s) 0.1122 | Comm(s) 0.0741 | Reduce(s) 0.0055 | Loss 0.0928
Epoch 01269 | Accuracy 96.45%
Process 000 | Epoch 01289 | Time(s) 0.1121 | Comm(s) 0.0741 | Reduce(s) 0.0055 | Loss 0.0927
Epoch 01279 | Accuracy 96.40%
Process 000 | Epoch 01299 | Time(s) 0.1122 | Comm(s) 0.0741 | Reduce(s) 0.0055 | Loss 0.0938
Epoch 01289 | Accuracy 96.42%
Process 000 | Epoch 01309 | Time(s) 0.1122 | Comm(s) 0.0741 | Reduce(s) 0.0055 | Loss 0.0939
Epoch 01299 | Accuracy 96.41%
Process 000 | Epoch 01319 | Time(s) 0.1122 | Comm(s) 0.0741 | Reduce(s) 0.0055 | Loss 0.0939
Epoch 01309 | Accuracy 96.31%
Process 000 | Epoch 01329 | Time(s) 0.1122 | Comm(s) 0.0741 | Reduce(s) 0.0055 | Loss 0.0943
Process 001 | Epoch 00879 | Time(s) 0.1777 | Comm(s) 0.0755 | Reduce(s) 0.0060 | Loss 0.1175
Process 001 | Epoch 00889 | Time(s) 0.1777 | Comm(s) 0.0754 | Reduce(s) 0.0059 | Loss 0.1172
Process 001 | Epoch 00899 | Time(s) 0.1777 | Comm(s) 0.0754 | Reduce(s) 0.0059 | Loss 0.1172
Process 001 | Epoch 00909 | Time(s) 0.1777 | Comm(s) 0.0754 | Reduce(s) 0.0059 | Loss 0.1165
Process 001 | Epoch 00919 | Time(s) 0.1775 | Comm(s) 0.0754 | Reduce(s) 0.0059 | Loss 0.1141
Process 001 | Epoch 00929 | Time(s) 0.1776 | Comm(s) 0.0753 | Reduce(s) 0.0059 | Loss 0.1156
Process 001 | Epoch 00939 | Time(s) 0.1776 | Comm(s) 0.0752 | Reduce(s) 0.0059 | Loss 0.1146
Process 001 | Epoch 00949 | Time(s) 0.1777 | Comm(s) 0.0753 | Reduce(s) 0.0059 | Loss 0.1186
Process 001 | Epoch 00959 | Time(s) 0.1777 | Comm(s) 0.0753 | Reduce(s) 0.0059 | Loss 0.1144
Process 001 | Epoch 00969 | Time(s) 0.1776 | Comm(s) 0.0752 | Reduce(s) 0.0059 | Loss 0.1131
Process 001 | Epoch 00979 | Time(s) 0.1776 | Comm(s) 0.0752 | Reduce(s) 0.0059 | Loss 0.1124
Process 001 | Epoch 00989 | Time(s) 0.1776 | Comm(s) 0.0753 | Reduce(s) 0.0059 | Loss 0.1138
Process 001 | Epoch 00999 | Time(s) 0.1776 | Comm(s) 0.0752 | Reduce(s) 0.0059 | Loss 0.1131
Process 001 | Epoch 01009 | Time(s) 0.1776 | Comm(s) 0.0752 | Reduce(s) 0.0059 | Loss 0.1094
Process 001 | Epoch 01019 | Time(s) 0.1776 | Comm(s) 0.0751 | Reduce(s) 0.0059 | Loss 0.1101
Process 001 | Epoch 01029 | Time(s) 0.1776 | Comm(s) 0.0750 | Reduce(s) 0.0059 | Loss 0.1121
Process 001 | Epoch 01039 | Time(s) 0.1777 | Comm(s) 0.0750 | Reduce(s) 0.0059 | Loss 0.1104
Process 001 | Epoch 01049 | Time(s) 0.1777 | Comm(s) 0.0750 | Reduce(s) 0.0059 | Loss 0.1104
Process 001 | Epoch 01059 | Time(s) 0.1777 | Comm(s) 0.0750 | Reduce(s) 0.0059 | Loss 0.1071
Process 001 | Epoch 01069 | Time(s) 0.1776 | Comm(s) 0.0750 | Reduce(s) 0.0059 | Loss 0.1065
Process 001 | Epoch 01079 | Time(s) 0.1776 | Comm(s) 0.0749 | Reduce(s) 0.0059 | Loss 0.1066
Process 001 | Epoch 01089 | Time(s) 0.1775 | Comm(s) 0.0749 | Reduce(s) 0.0059 | Loss 0.1082
Process 001 | Epoch 01099 | Time(s) 0.1775 | Comm(s) 0.0748 | Reduce(s) 0.0059 | Loss 0.1100
Process 001 | Epoch 01109 | Time(s) 0.1776 | Comm(s) 0.0748 | Reduce(s) 0.0059 | Loss 0.1093
Process 001 | Epoch 01119 | Time(s) 0.1776 | Comm(s) 0.0748 | Reduce(s) 0.0059 | Loss 0.1078
Process 001 | Epoch 01129 | Time(s) 0.1775 | Comm(s) 0.0747 | Reduce(s) 0.0059 | Loss 0.1043
Process 001 | Epoch 01139 | Time(s) 0.1774 | Comm(s) 0.0747 | Reduce(s) 0.0059 | Loss 0.1104
Process 001 | Epoch 01149 | Time(s) 0.1775 | Comm(s) 0.0746 | Reduce(s) 0.0059 | Loss 0.1077
Process 001 | Epoch 01159 | Time(s) 0.1775 | Comm(s) 0.0746 | Reduce(s) 0.0058 | Loss 0.1039
Process 001 | Epoch 01169 | Time(s) 0.1775 | Comm(s) 0.0747 | Reduce(s) 0.0058 | Loss 0.1047
Process 001 | Epoch 01179 | Time(s) 0.1776 | Comm(s) 0.0748 | Reduce(s) 0.0058 | Loss 0.1054
Process 001 | Epoch 01189 | Time(s) 0.1774 | Comm(s) 0.0747 | Reduce(s) 0.0058 | Loss 0.1060
Process 001 | Epoch 01199 | Time(s) 0.1774 | Comm(s) 0.0747 | Reduce(s) 0.0058 | Loss 0.1039
Process 001 | Epoch 01209 | Time(s) 0.1774 | Comm(s) 0.0747 | Reduce(s) 0.0059 | Loss 0.1039
Process 001 | Epoch 01219 | Time(s) 0.1774 | Comm(s) 0.0747 | Reduce(s) 0.0059 | Loss 0.1073
Process 001 | Epoch 01229 | Time(s) 0.1773 | Comm(s) 0.0747 | Reduce(s) 0.0059 | Loss 0.1062
Process 001 | Epoch 01239 | Time(s) 0.1774 | Comm(s) 0.0747 | Reduce(s) 0.0059 | Loss 0.1026
Process 001 | Epoch 01249 | Time(s) 0.1773 | Comm(s) 0.0747 | Reduce(s) 0.0059 | Loss 0.1017
Process 001 | Epoch 01259 | Time(s) 0.1773 | Comm(s) 0.0747 | Reduce(s) 0.0059 | Loss 0.1037
Process 001 | Epoch 01269 | Time(s) 0.1773 | Comm(s) 0.0747 | Reduce(s) 0.0059 | Loss 0.1056
Process 001 | Epoch 01279 | Time(s) 0.1774 | Comm(s) 0.0747 | Reduce(s) 0.0059 | Loss 0.1017
Process 001 | Epoch 01289 | Time(s) 0.1773 | Comm(s) 0.0747 | Reduce(s) 0.0059 | Loss 0.1000
Process 001 | Epoch 01299 | Time(s) 0.1773 | Comm(s) 0.0747 | Reduce(s) 0.0059 | Loss 0.1047
Process 001 | Epoch 01309 | Time(s) 0.1772 | Comm(s) 0.0747 | Reduce(s) 0.0059 | Loss 0.1017
Process 001 | Epoch 01319 | Time(s) 0.1772 | Comm(s) 0.0747 | Reduce(s) 0.0059 | Loss 0.1026
Process 001 | Epoch 01329 | Time(s) 0.1772 | Comm(s) 0.0747 | Reduce(s) 0.0059 | Loss 0.1016
Process 001 | Epoch 01339 | Time(s) 0.1772 | Comm(s) 0.0747 | Reduce(s) 0.0059 | Loss 0.0997
Process 001 | Epoch 01349 | Time(s) 0.1773 | Comm(s) 0.0747 | Reduce(s) 0.0059 | Loss 0.1001
Process 001 | Epoch 01359 | Time(s) 0.1774 | Comm(s) 0.0747 | Reduce(s) 0.0059 | Loss 0.1007
Process 001 | Epoch 01369 | Time(s) 0.1774 | Comm(s) 0.0747 | Reduce(s) 0.0059 | Loss 0.1019
Process 001 | Epoch 01379 | Time(s) 0.1775 | Comm(s) 0.0747 | Reduce(s) 0.0059 | Loss 0.0988
Process 001 | Epoch 01389 | Time(s) 0.1775 | Comm(s) 0.0747 | Reduce(s) 0.0059 | Loss 0.0999
Process 001 | Epoch 01399 | Time(s) 0.1775 | Comm(s) 0.0747 | Reduce(s) 0.0059 | Loss 0.0999
Process 001 | Epoch 01409 | Time(s) 0.1776 | Comm(s) 0.0747 | Reduce(s) 0.0059 | Loss 0.0966
Process 001 | Epoch 01419 | Time(s) 0.1776 | Comm(s) 0.0747 | Reduce(s) 0.0059 | Loss 0.1013
Process 001 | Epoch 01429 | Time(s) 0.1776 | Comm(s) 0.0747 | Reduce(s) 0.0059 | Loss 0.0996
Process 001 | Epoch 01439 | Time(s) 0.1777 | Comm(s) 0.0747 | Reduce(s) 0.0059 | Loss 0.0988
Process 001 | Epoch 01449 | Time(s) 0.1777 | Comm(s) 0.0747 | Reduce(s) 0.0059 | Loss 0.1010
Process 001 | Epoch 01459 | Time(s) 0.1778 | Comm(s) 0.0747 | Reduce(s) 0.0059 | Loss 0.0976
Process 001 | Epoch 01469 | Time(s) 0.1778 | Comm(s) 0.0748 | Reduce(s) 0.0058 | Loss 0.1001
Process 001 | Epoch 01479 | Time(s) 0.1778 | Comm(s) 0.0748 | Reduce(s) 0.0058 | Loss 0.0996
Process 001 | Epoch 01489 | Time(s) 0.1778 | Comm(s) 0.0748 | Reduce(s) 0.0058 | Loss 0.0969
Process 001 | Epoch 01499 | Time(s) 0.1779 | Comm(s) 0.0748 | Reduce(s) 0.0058 | Loss 0.0965
Process 001 | Epoch 01509 | Time(s) 0.1778 | Comm(s) 0.0748 | Reduce(s) 0.0058 | Loss 0.0980
Process 001 | Epoch 01519 | Time(s) 0.1778 | Comm(s) 0.0748 | Reduce(s) 0.0058 | Loss 0.0991
Process 001 | Epoch 01529 | Time(s) 0.1779 | Comm(s) 0.0748 | Reduce(s) 0.0058 | Loss 0.0963
Process 001 | Epoch 01539 | Time(s) 0.1778 | Comm(s) 0.0748 | Reduce(s) 0.0058 | Loss 0.0940
Process 001 | Epoch 01549 | Time(s) 0.1778 | Comm(s) 0.0748 | Reduce(s) 0.0058 | Loss 0.0968
Process 001 | Epoch 01559 | Time(s) 0.1779 | Comm(s) 0.0748 | Reduce(s) 0.0058 | Loss 0.0938
Process 001 | Epoch 01569 | Time(s) 0.1779 | Comm(s) 0.0748 | Reduce(s) 0.0058 | Loss 0.0975
Process 001 | Epoch 01579 | Time(s) 0.1778 | Comm(s) 0.0748 | Reduce(s) 0.0058 | Loss 0.0924
Process 001 | Epoch 01589 | Time(s) 0.1779 | Comm(s) 0.0747 | Reduce(s) 0.0058 | Loss 0.0987
Process 001 | Epoch 01599 | Time(s) 0.1779 | Comm(s) 0.0747 | Reduce(s) 0.0058 | Loss 0.0960
Process 001 | Epoch 01609 | Time(s) 0.1778 | Comm(s) 0.0747 | Reduce(s) 0.0058 | Loss 0.0981
Process 001 | Epoch 01619 | Time(s) 0.1779 | Comm(s) 0.0747 | Reduce(s) 0.0058 | Loss 0.0968
Process 001 | Epoch 01629 | Time(s) 0.1778 | Comm(s) 0.0747 | Reduce(s) 0.0058 | Loss 0.0946
Process 001 | Epoch 01639 | Time(s) 0.1779 | Comm(s) 0.0747 | Reduce(s) 0.0058 | Loss 0.0986
Process 001 | Epoch 01649 | Time(s) 0.1779 | Comm(s) 0.0747 | Reduce(s) 0.0058 | Loss 0.0946
Process 001 | Epoch 01659 | Time(s) 0.1779 | Comm(s) 0.0747 | Reduce(s) 0.0058 | Loss 0.0934
Process 001 | Epoch 01669 | Time(s) 0.1779 | Comm(s) 0.0746 | Reduce(s) 0.0058 | Loss 0.0965
Process 001 | Epoch 01679 | Time(s) 0.1779 | Comm(s) 0.0747 | Reduce(s) 0.0058 | Loss 0.0928
Process 001 | Epoch 01689 | Time(s) 0.1778 | Comm(s) 0.0747 | Reduce(s) 0.0058 | Loss 0.0926
Process 001 | Epoch 01699 | Time(s) 0.1778 | Comm(s) 0.0746 | Reduce(s) 0.0058 | Loss 0.0921
Process 001 | Epoch 01709 | Time(s) 0.1778 | Comm(s) 0.0746 | Reduce(s) 0.0058 | Loss 0.0932
Process 001 | Epoch 01719 | Time(s) 0.1777 | Comm(s) 0.0746 | Reduce(s) 0.0058 | Loss 0.0926
Process 001 | Epoch 01729 | Time(s) 0.1777 | Comm(s) 0.0745 | Reduce(s) 0.0058 | Loss 0.0952
Process 001 | Epoch 01739 | Time(s) 0.1777 | Comm(s) 0.0745 | Reduce(s) 0.0058 | Loss 0.0905
Process 001 | Epoch 01749 | Time(s) 0.1777 | Comm(s) 0.0745 | Reduce(s) 0.0058 | Loss 0.0915
Process 001 | Epoch 01759 | Time(s) 0.1777 | Comm(s) 0.0745 | Reduce(s) 0.0058 | Loss 0.0942
Epoch 01319 | Accuracy 96.47%
Process 000 | Epoch 01339 | Time(s) 0.1122 | Comm(s) 0.0741 | Reduce(s) 0.0055 | Loss 0.0907
Epoch 01329 | Accuracy 96.49%
Process 000 | Epoch 01349 | Time(s) 0.1122 | Comm(s) 0.0741 | Reduce(s) 0.0055 | Loss 0.0896
Epoch 01339 | Accuracy 96.45%
Process 000 | Epoch 01359 | Time(s) 0.1122 | Comm(s) 0.0741 | Reduce(s) 0.0055 | Loss 0.0915
Epoch 01349 | Accuracy 96.47%
Process 000 | Epoch 01369 | Time(s) 0.1122 | Comm(s) 0.0741 | Reduce(s) 0.0055 | Loss 0.0928
Epoch 01359 | Accuracy 96.43%
Process 000 | Epoch 01379 | Time(s) 0.1122 | Comm(s) 0.0741 | Reduce(s) 0.0055 | Loss 0.0893
Epoch 01369 | Accuracy 96.45%
Process 000 | Epoch 01389 | Time(s) 0.1122 | Comm(s) 0.0741 | Reduce(s) 0.0055 | Loss 0.0901
Epoch 01379 | Accuracy 96.50%
Process 000 | Epoch 01399 | Time(s) 0.1122 | Comm(s) 0.0741 | Reduce(s) 0.0055 | Loss 0.0894
Epoch 01389 | Accuracy 96.55%
Process 000 | Epoch 01409 | Time(s) 0.1122 | Comm(s) 0.0741 | Reduce(s) 0.0055 | Loss 0.0881
Epoch 01399 | Accuracy 96.53%
Process 000 | Epoch 01419 | Time(s) 0.1122 | Comm(s) 0.0741 | Reduce(s) 0.0055 | Loss 0.0883
Epoch 01409 | Accuracy 96.48%
Process 000 | Epoch 01429 | Time(s) 0.1121 | Comm(s) 0.0741 | Reduce(s) 0.0055 | Loss 0.0897
Epoch 01419 | Accuracy 96.50%
Process 000 | Epoch 01439 | Time(s) 0.1121 | Comm(s) 0.0741 | Reduce(s) 0.0055 | Loss 0.0910
Epoch 01429 | Accuracy 96.50%
Process 000 | Epoch 01449 | Time(s) 0.1121 | Comm(s) 0.0741 | Reduce(s) 0.0055 | Loss 0.0902
Epoch 01439 | Accuracy 96.48%
Process 000 | Epoch 01459 | Time(s) 0.1122 | Comm(s) 0.0741 | Reduce(s) 0.0055 | Loss 0.0899
Epoch 01449 | Accuracy 96.42%
Process 000 | Epoch 01469 | Time(s) 0.1122 | Comm(s) 0.0742 | Reduce(s) 0.0055 | Loss 0.0869
Epoch 01459 | Accuracy 96.51%
Process 000 | Epoch 01479 | Time(s) 0.1122 | Comm(s) 0.0742 | Reduce(s) 0.0055 | Loss 0.0873
Epoch 01469 | Accuracy 96.51%
Process 000 | Epoch 01489 | Time(s) 0.1123 | Comm(s) 0.0742 | Reduce(s) 0.0055 | Loss 0.0868
Epoch 01479 | Accuracy 96.53%
Process 000 | Epoch 01499 | Time(s) 0.1123 | Comm(s) 0.0742 | Reduce(s) 0.0055 | Loss 0.0870
Epoch 01489 | Accuracy 96.53%
Process 000 | Epoch 01509 | Time(s) 0.1123 | Comm(s) 0.0742 | Reduce(s) 0.0055 | Loss 0.0895
Epoch 01499 | Accuracy 96.49%
Process 000 | Epoch 01519 | Time(s) 0.1123 | Comm(s) 0.0743 | Reduce(s) 0.0055 | Loss 0.0846
Epoch 01509 | Accuracy 96.53%
Process 000 | Epoch 01529 | Time(s) 0.1123 | Comm(s) 0.0742 | Reduce(s) 0.0055 | Loss 0.0870
Epoch 01519 | Accuracy 96.51%
Process 000 | Epoch 01539 | Time(s) 0.1122 | Comm(s) 0.0742 | Reduce(s) 0.0055 | Loss 0.0864
Epoch 01529 | Accuracy 96.55%
Process 000 | Epoch 01549 | Time(s) 0.1122 | Comm(s) 0.0742 | Reduce(s) 0.0055 | Loss 0.0870
Epoch 01539 | Accuracy 96.56%
Process 000 | Epoch 01559 | Time(s) 0.1122 | Comm(s) 0.0742 | Reduce(s) 0.0055 | Loss 0.0873
Epoch 01549 | Accuracy 96.54%
Process 000 | Epoch 01569 | Time(s) 0.1122 | Comm(s) 0.0742 | Reduce(s) 0.0055 | Loss 0.0880
Epoch 01559 | Accuracy 96.45%
Process 000 | Epoch 01579 | Time(s) 0.1122 | Comm(s) 0.0742 | Reduce(s) 0.0055 | Loss 0.0873
Epoch 01569 | Accuracy 96.53%
Process 000 | Epoch 01589 | Time(s) 0.1121 | Comm(s) 0.0741 | Reduce(s) 0.0055 | Loss 0.0859
Epoch 01579 | Accuracy 96.50%
Process 000 | Epoch 01599 | Time(s) 0.1121 | Comm(s) 0.0742 | Reduce(s) 0.0055 | Loss 0.0863
Epoch 01589 | Accuracy 96.51%
Process 000 | Epoch 01609 | Time(s) 0.1121 | Comm(s) 0.0741 | Reduce(s) 0.0055 | Loss 0.0842
Epoch 01599 | Accuracy 96.52%
Process 000 | Epoch 01619 | Time(s) 0.1121 | Comm(s) 0.0741 | Reduce(s) 0.0055 | Loss 0.0870
Epoch 01609 | Accuracy 96.50%
Process 000 | Epoch 01629 | Time(s) 0.1121 | Comm(s) 0.0741 | Reduce(s) 0.0055 | Loss 0.0879
Epoch 01619 | Accuracy 96.51%
Process 000 | Epoch 01639 | Time(s) 0.1121 | Comm(s) 0.0741 | Reduce(s) 0.0055 | Loss 0.0871
Epoch 01629 | Accuracy 96.49%
Process 000 | Epoch 01649 | Time(s) 0.1121 | Comm(s) 0.0741 | Reduce(s) 0.0055 | Loss 0.0856
Epoch 01639 | Accuracy 96.46%
Process 000 | Epoch 01659 | Time(s) 0.1121 | Comm(s) 0.0741 | Reduce(s) 0.0055 | Loss 0.0868
Epoch 01649 | Accuracy 96.56%
Process 000 | Epoch 01669 | Time(s) 0.1121 | Comm(s) 0.0741 | Reduce(s) 0.0055 | Loss 0.0866
Epoch 01659 | Accuracy 96.56%
Process 000 | Epoch 01679 | Time(s) 0.1121 | Comm(s) 0.0741 | Reduce(s) 0.0055 | Loss 0.0872
Epoch 01669 | Accuracy 96.53%
Process 000 | Epoch 01689 | Time(s) 0.1121 | Comm(s) 0.0741 | Reduce(s) 0.0055 | Loss 0.0851
Epoch 01679 | Accuracy 96.54%
Process 000 | Epoch 01699 | Time(s) 0.1120 | Comm(s) 0.0741 | Reduce(s) 0.0055 | Loss 0.0808
Epoch 01689 | Accuracy 96.50%
Process 000 | Epoch 01709 | Time(s) 0.1120 | Comm(s) 0.0741 | Reduce(s) 0.0055 | Loss 0.0865
Epoch 01699 | Accuracy 96.49%
Process 000 | Epoch 01719 | Time(s) 0.1120 | Comm(s) 0.0740 | Reduce(s) 0.0055 | Loss 0.0856
Epoch 01709 | Accuracy 96.50%
Process 000 | Epoch 01729 | Time(s) 0.1119 | Comm(s) 0.0740 | Reduce(s) 0.0055 | Loss 0.0850
Epoch 01719 | Accuracy 96.48%
Process 000 | Epoch 01739 | Time(s) 0.1119 | Comm(s) 0.0740 | Reduce(s) 0.0055 | Loss 0.0855
Epoch 01729 | Accuracy 96.48%
Process 000 | Epoch 01749 | Time(s) 0.1119 | Comm(s) 0.0740 | Reduce(s) 0.0055 | Loss 0.0826
Epoch 01739 | Accuracy 96.57%
Process 000 | Epoch 01759 | Time(s) 0.1119 | Comm(s) 0.0740 | Reduce(s) 0.0055 | Loss 0.0827
Epoch 01749 | Accuracy 96.55%
Process 000 | Epoch 01769 | Time(s) 0.1119 | Comm(s) 0.0740 | Reduce(s) 0.0055 | Loss 0.0845
Epoch 01759 | Accuracy 96.58%
Process 000 | Epoch 01779 | Time(s) 0.1119 | Comm(s) 0.0740 | Reduce(s) 0.0055 | Loss 0.0829
Epoch 01769 | Accuracy 96.51%
Process 000 | Epoch 01789 | Time(s) 0.1119 | Comm(s) 0.0739 | Reduce(s) 0.0055 | Loss 0.0840
Epoch 01779 | Accuracy 96.56%
Process 000 | Epoch 01799 | Time(s) 0.1119 | Comm(s) 0.0739 | Reduce(s) 0.0055 | Loss 0.0854
Epoch 01789 | Accuracy 96.51%
Process 000 | Epoch 01809 | Time(s) 0.1118 | Comm(s) 0.0739 | Reduce(s) 0.0055 | Loss 0.0839
Epoch 01799 | Accuracy 96.56%
Process 000 | Epoch 01819 | Time(s) 0.1118 | Comm(s) 0.0739 | Reduce(s) 0.0055 | Loss 0.0867
Epoch 01809 | Accuracy 96.52%
Process 000 | Epoch 01829 | Time(s) 0.1118 | Comm(s) 0.0739 | Reduce(s) 0.0055 | Loss 0.0840
Epoch 01819 | Accuracy 96.45%
Process 000 | Epoch 01839 | Time(s) 0.1118 | Comm(s) 0.0739 | Reduce(s) 0.0055 | Loss 0.0853
Epoch 01829 | Accuracy 96.44%
Process 000 | Epoch 01849 | Time(s) 0.1118 | Comm(s) 0.0739 | Reduce(s) 0.0055 | Loss 0.0815
Epoch 01839 | Accuracy 96.46%
Process 000 | Epoch 01859 | Time(s) 0.1118 | Comm(s) 0.0739 | Reduce(s) 0.0054 | Loss 0.0844
Epoch 01849 | Accuracy 96.58%
Process 000 | Epoch 01869 | Time(s) 0.1118 | Comm(s) 0.0739 | Reduce(s) 0.0054 | Loss 0.0811
Epoch 01859 | Accuracy 96.56%
Process 000 | Epoch 01879 | Time(s) 0.1118 | Comm(s) 0.0738 | Reduce(s) 0.0054 | Loss 0.0860
Epoch 01869 | Accuracy 96.59%
Process 000 | Epoch 01889 | Time(s) 0.1118 | Comm(s) 0.0738 | Reduce(s) 0.0054 | Loss 0.0822
Epoch 01879 | Accuracy 96.60%
Process 000 | Epoch 01899 | Time(s) 0.1117 | Comm(s) 0.0738 | Reduce(s) 0.0054 | Loss 0.0820
Epoch 01889 | Accuracy 96.55%
Process 000 | Epoch 01909 | Time(s) 0.1117 | Comm(s) 0.0738 | Reduce(s) 0.0054 | Loss 0.0844
Epoch 01899 | Accuracy 96.47%
Process 000 | Epoch 01919 | Time(s) 0.1117 | Comm(s) 0.0737 | Reduce(s) 0.0054 | Loss 0.0830
Epoch 01909 | Accuracy 96.57%
Process 000 | Epoch 01929 | Time(s) 0.1117 | Comm(s) 0.0738 | Reduce(s) 0.0054 | Loss 0.0823
Epoch 01919 | Accuracy 96.56%
Process 000 | Epoch 01939 | Time(s) 0.1116 | Comm(s) 0.0737 | Reduce(s) 0.0054 | Loss 0.0834
Epoch 01929 | Accuracy 96.59%
Process 000 | Epoch 01949 | Time(s) 0.1116 | Comm(s) 0.0737 | Reduce(s) 0.0054 | Loss 0.0808
Epoch 01939 | Accuracy 96.59%
Process 000 | Epoch 01959 | Time(s) 0.1116 | Comm(s) 0.0737 | Reduce(s) 0.0054 | Loss 0.0826
Epoch 01949 | Accuracy 96.53%
Process 000 | Epoch 01969 | Time(s) 0.1115 | Comm(s) 0.0737 | Reduce(s) 0.0054 | Loss 0.0796
Epoch 01959 | Accuracy 96.53%
Process 000 | Epoch 01979 | Time(s) 0.1115 | Comm(s) 0.0736 | Reduce(s) 0.0054 | Loss 0.0846
Epoch 01969 | Accuracy 96.59%
Process 000 | Epoch 01989 | Time(s) 0.1115 | Comm(s) 0.0736 | Reduce(s) 0.0054 | Loss 0.0824
Epoch 01979 | Accuracy 96.65%
Process 000 | Epoch 01999 | Time(s) 0.1115 | Comm(s) 0.0736 | Reduce(s) 0.0054 | Loss 0.0827
Process 001 | Epoch 01769 | Time(s) 0.1777 | Comm(s) 0.0745 | Reduce(s) 0.0058 | Loss 0.0950
Process 001 | Epoch 01779 | Time(s) 0.1776 | Comm(s) 0.0745 | Reduce(s) 0.0058 | Loss 0.0914
Process 001 | Epoch 01789 | Time(s) 0.1776 | Comm(s) 0.0745 | Reduce(s) 0.0058 | Loss 0.0915
Process 001 | Epoch 01799 | Time(s) 0.1777 | Comm(s) 0.0745 | Reduce(s) 0.0058 | Loss 0.0947
Process 001 | Epoch 01809 | Time(s) 0.1777 | Comm(s) 0.0745 | Reduce(s) 0.0058 | Loss 0.0916
Process 001 | Epoch 01819 | Time(s) 0.1777 | Comm(s) 0.0745 | Reduce(s) 0.0058 | Loss 0.0921
Process 001 | Epoch 01829 | Time(s) 0.1776 | Comm(s) 0.0744 | Reduce(s) 0.0058 | Loss 0.0936
Process 001 | Epoch 01839 | Time(s) 0.1777 | Comm(s) 0.0744 | Reduce(s) 0.0058 | Loss 0.0925
Process 001 | Epoch 01849 | Time(s) 0.1777 | Comm(s) 0.0744 | Reduce(s) 0.0058 | Loss 0.0920
Process 001 | Epoch 01859 | Time(s) 0.1777 | Comm(s) 0.0744 | Reduce(s) 0.0058 | Loss 0.0956
Process 001 | Epoch 01869 | Time(s) 0.1777 | Comm(s) 0.0744 | Reduce(s) 0.0058 | Loss 0.0924
Process 001 | Epoch 01879 | Time(s) 0.1777 | Comm(s) 0.0744 | Reduce(s) 0.0058 | Loss 0.0920
Process 001 | Epoch 01889 | Time(s) 0.1777 | Comm(s) 0.0744 | Reduce(s) 0.0058 | Loss 0.0891
Process 001 | Epoch 01899 | Time(s) 0.1776 | Comm(s) 0.0744 | Reduce(s) 0.0058 | Loss 0.0907
Process 001 | Epoch 01909 | Time(s) 0.1777 | Comm(s) 0.0744 | Reduce(s) 0.0058 | Loss 0.0913
Process 001 | Epoch 01919 | Time(s) 0.1776 | Comm(s) 0.0743 | Reduce(s) 0.0058 | Loss 0.0901
Process 001 | Epoch 01929 | Time(s) 0.1777 | Comm(s) 0.0743 | Reduce(s) 0.0058 | Loss 0.0893
Process 001 | Epoch 01939 | Time(s) 0.1777 | Comm(s) 0.0743 | Reduce(s) 0.0058 | Loss 0.0894
Process 001 | Epoch 01949 | Time(s) 0.1777 | Comm(s) 0.0743 | Reduce(s) 0.0058 | Loss 0.0920
Process 001 | Epoch 01959 | Time(s) 0.1777 | Comm(s) 0.0743 | Reduce(s) 0.0058 | Loss 0.0902
Process 001 | Epoch 01969 | Time(s) 0.1777 | Comm(s) 0.0742 | Reduce(s) 0.0058 | Loss 0.0902
Process 001 | Epoch 01979 | Time(s) 0.1777 | Comm(s) 0.0742 | Reduce(s) 0.0058 | Loss 0.0874
Process 001 | Epoch 01989 | Time(s) 0.1777 | Comm(s) 0.0742 | Reduce(s) 0.0058 | Loss 0.0897
Process 001 | Epoch 01999 | Time(s) 0.1777 | Comm(s) 0.0742 | Reduce(s) 0.0058 | Loss 0.0894
Process 001 | Epoch 02009 | Time(s) 0.1777 | Comm(s) 0.0742 | Reduce(s) 0.0058 | Loss 0.0915
Process 001 | Epoch 02019 | Time(s) 0.1777 | Comm(s) 0.0742 | Reduce(s) 0.0058 | Loss 0.0924
Process 001 | Epoch 02029 | Time(s) 0.1777 | Comm(s) 0.0741 | Reduce(s) 0.0058 | Loss 0.0880
Process 001 | Epoch 02039 | Time(s) 0.1778 | Comm(s) 0.0741 | Reduce(s) 0.0058 | Loss 0.0902
Process 001 | Epoch 02049 | Time(s) 0.1778 | Comm(s) 0.0741 | Reduce(s) 0.0058 | Loss 0.0904
Process 001 | Epoch 02059 | Time(s) 0.1778 | Comm(s) 0.0741 | Reduce(s) 0.0058 | Loss 0.0915
Process 001 | Epoch 02069 | Time(s) 0.1778 | Comm(s) 0.0741 | Reduce(s) 0.0058 | Loss 0.0911
Process 001 | Epoch 02079 | Time(s) 0.1779 | Comm(s) 0.0741 | Reduce(s) 0.0058 | Loss 0.0912
Process 001 | Epoch 02089 | Time(s) 0.1779 | Comm(s) 0.0741 | Reduce(s) 0.0058 | Loss 0.0897
Process 001 | Epoch 02099 | Time(s) 0.1779 | Comm(s) 0.0741 | Reduce(s) 0.0058 | Loss 0.0890
Process 001 | Epoch 02109 | Time(s) 0.1778 | Comm(s) 0.0741 | Reduce(s) 0.0058 | Loss 0.0915
Process 001 | Epoch 02119 | Time(s) 0.1778 | Comm(s) 0.0741 | Reduce(s) 0.0058 | Loss 0.0873
Process 001 | Epoch 02129 | Time(s) 0.1779 | Comm(s) 0.0742 | Reduce(s) 0.0058 | Loss 0.0896
Process 001 | Epoch 02139 | Time(s) 0.1777 | Comm(s) 0.0742 | Reduce(s) 0.0058 | Loss 0.0898
Process 001 | Epoch 02149 | Time(s) 0.1778 | Comm(s) 0.0742 | Reduce(s) 0.0058 | Loss 0.0862
Process 001 | Epoch 02159 | Time(s) 0.1777 | Comm(s) 0.0741 | Reduce(s) 0.0058 | Loss 0.0867
Process 001 | Epoch 02169 | Time(s) 0.1778 | Comm(s) 0.0741 | Reduce(s) 0.0058 | Loss 0.0875
Process 001 | Epoch 02179 | Time(s) 0.1778 | Comm(s) 0.0741 | Reduce(s) 0.0058 | Loss 0.0889
Process 001 | Epoch 02189 | Time(s) 0.1778 | Comm(s) 0.0741 | Reduce(s) 0.0058 | Loss 0.0891
Process 001 | Epoch 02199 | Time(s) 0.1778 | Comm(s) 0.0742 | Reduce(s) 0.0058 | Loss 0.0883
Process 001 | Epoch 02209 | Time(s) 0.1777 | Comm(s) 0.0742 | Reduce(s) 0.0058 | Loss 0.0905
Process 001 | Epoch 02219 | Time(s) 0.1778 | Comm(s) 0.0742 | Reduce(s) 0.0058 | Loss 0.0863
Process 001 | Epoch 02229 | Time(s) 0.1777 | Comm(s) 0.0742 | Reduce(s) 0.0058 | Loss 0.0877
Process 001 | Epoch 02239 | Time(s) 0.1778 | Comm(s) 0.0742 | Reduce(s) 0.0058 | Loss 0.0865
Process 001 | Epoch 02249 | Time(s) 0.1778 | Comm(s) 0.0742 | Reduce(s) 0.0058 | Loss 0.0879
Process 001 | Epoch 02259 | Time(s) 0.1778 | Comm(s) 0.0742 | Reduce(s) 0.0058 | Loss 0.0877
Process 001 | Epoch 02269 | Time(s) 0.1778 | Comm(s) 0.0743 | Reduce(s) 0.0058 | Loss 0.0880
Process 001 | Epoch 02279 | Time(s) 0.1778 | Comm(s) 0.0743 | Reduce(s) 0.0058 | Loss 0.0890
Process 001 | Epoch 02289 | Time(s) 0.1779 | Comm(s) 0.0743 | Reduce(s) 0.0058 | Loss 0.0968
Process 001 | Epoch 02299 | Time(s) 0.1779 | Comm(s) 0.0743 | Reduce(s) 0.0058 | Loss 0.0933
Process 001 | Epoch 02309 | Time(s) 0.1780 | Comm(s) 0.0743 | Reduce(s) 0.0058 | Loss 0.0972
Process 001 | Epoch 02319 | Time(s) 0.1780 | Comm(s) 0.0743 | Reduce(s) 0.0058 | Loss 0.0964
Process 001 | Epoch 02329 | Time(s) 0.1780 | Comm(s) 0.0743 | Reduce(s) 0.0058 | Loss 0.0923
Process 001 | Epoch 02339 | Time(s) 0.1780 | Comm(s) 0.0743 | Reduce(s) 0.0058 | Loss 0.0935
Process 001 | Epoch 02349 | Time(s) 0.1780 | Comm(s) 0.0743 | Reduce(s) 0.0058 | Loss 0.0928
Process 001 | Epoch 02359 | Time(s) 0.1780 | Comm(s) 0.0743 | Reduce(s) 0.0058 | Loss 0.0917
Process 001 | Epoch 02369 | Time(s) 0.1780 | Comm(s) 0.0743 | Reduce(s) 0.0058 | Loss 0.0938
Process 001 | Epoch 02379 | Time(s) 0.1780 | Comm(s) 0.0743 | Reduce(s) 0.0057 | Loss 0.0913
Process 001 | Epoch 02389 | Time(s) 0.1780 | Comm(s) 0.0743 | Reduce(s) 0.0057 | Loss 0.0941
Process 001 | Epoch 02399 | Time(s) 0.1780 | Comm(s) 0.0743 | Reduce(s) 0.0057 | Loss 0.0903
Process 001 | Epoch 02409 | Time(s) 0.1780 | Comm(s) 0.0743 | Reduce(s) 0.0057 | Loss 0.0952
Process 001 | Epoch 02419 | Time(s) 0.1780 | Comm(s) 0.0743 | Reduce(s) 0.0057 | Loss 0.0926
Process 001 | Epoch 02429 | Time(s) 0.1780 | Comm(s) 0.0743 | Reduce(s) 0.0057 | Loss 0.0922
Process 001 | Epoch 02439 | Time(s) 0.1780 | Comm(s) 0.0743 | Reduce(s) 0.0057 | Loss 0.0913
Process 001 | Epoch 02449 | Time(s) 0.1780 | Comm(s) 0.0743 | Reduce(s) 0.0057 | Loss 0.0898
Process 001 | Epoch 02459 | Time(s) 0.1780 | Comm(s) 0.0743 | Reduce(s) 0.0057 | Loss 0.0923
Process 001 | Epoch 02469 | Time(s) 0.1780 | Comm(s) 0.0742 | Reduce(s) 0.0057 | Loss 0.0950
Process 001 | Epoch 02479 | Time(s) 0.1781 | Comm(s) 0.0743 | Reduce(s) 0.0057 | Loss 0.0903
Process 001 | Epoch 02489 | Time(s) 0.1781 | Comm(s) 0.0742 | Reduce(s) 0.0057 | Loss 0.0928
Process 001 | Epoch 02499 | Time(s) 0.1781 | Comm(s) 0.0742 | Reduce(s) 0.0057 | Loss 0.0886
Process 001 | Epoch 02509 | Time(s) 0.1781 | Comm(s) 0.0742 | Reduce(s) 0.0057 | Loss 0.0914
Process 001 | Epoch 02519 | Time(s) 0.1781 | Comm(s) 0.0742 | Reduce(s) 0.0057 | Loss 0.0918
Process 001 | Epoch 02529 | Time(s) 0.1780 | Comm(s) 0.0742 | Reduce(s) 0.0057 | Loss 0.0911
Process 001 | Epoch 02539 | Time(s) 0.1781 | Comm(s) 0.0742 | Reduce(s) 0.0057 | Loss 0.0927
Process 001 | Epoch 02549 | Time(s) 0.1781 | Comm(s) 0.0742 | Reduce(s) 0.0057 | Loss 0.0862
Process 001 | Epoch 02559 | Time(s) 0.1781 | Comm(s) 0.0742 | Reduce(s) 0.0057 | Loss 0.0920
Process 001 | Epoch 02569 | Time(s) 0.1781 | Comm(s) 0.0742 | Reduce(s) 0.0057 | Loss 0.0894
Process 001 | Epoch 02579 | Time(s) 0.1781 | Comm(s) 0.0742 | Reduce(s) 0.0057 | Loss 0.0905
Process 001 | Epoch 02589 | Time(s) 0.1781 | Comm(s) 0.0742 | Reduce(s) 0.0057 | Loss 0.0913
Process 001 | Epoch 02599 | Time(s) 0.1781 | Comm(s) 0.0742 | Reduce(s) 0.0057 | Loss 0.0921
Process 001 | Epoch 02609 | Time(s) 0.1781 | Comm(s) 0.0742 | Reduce(s) 0.0057 | Loss 0.0895
Process 001 | Epoch 02619 | Time(s) 0.1781 | Comm(s) 0.0742 | Reduce(s) 0.0057 | Loss 0.0911
Process 001 | Epoch 02629 | Time(s) 0.1781 | Comm(s) 0.0741 | Reduce(s) 0.0057 | Loss 0.0895
Process 001 | Epoch 02639 | Time(s) 0.1781 | Comm(s) 0.0741 | Reduce(s) 0.0057 | Loss 0.0907
Process 001 | Epoch 02649 | Time(s) 0.1781 | Comm(s) 0.0741 | Reduce(s) 0.0057 | Loss 0.0933
Epoch 01989 | Accuracy 96.63%
Process 000 | Epoch 02009 | Time(s) 0.1114 | Comm(s) 0.0736 | Reduce(s) 0.0054 | Loss 0.0810
Epoch 01999 | Accuracy 96.57%
Process 000 | Epoch 02019 | Time(s) 0.1114 | Comm(s) 0.0736 | Reduce(s) 0.0054 | Loss 0.0809
Epoch 02009 | Accuracy 96.63%
Process 000 | Epoch 02029 | Time(s) 0.1114 | Comm(s) 0.0736 | Reduce(s) 0.0054 | Loss 0.0799
Epoch 02019 | Accuracy 96.59%
Process 000 | Epoch 02039 | Time(s) 0.1114 | Comm(s) 0.0736 | Reduce(s) 0.0054 | Loss 0.0812
Epoch 02029 | Accuracy 96.56%
Process 000 | Epoch 02049 | Time(s) 0.1114 | Comm(s) 0.0736 | Reduce(s) 0.0054 | Loss 0.0785
Epoch 02039 | Accuracy 96.52%
Process 000 | Epoch 02059 | Time(s) 0.1114 | Comm(s) 0.0736 | Reduce(s) 0.0054 | Loss 0.0821
Epoch 02049 | Accuracy 96.63%
Process 000 | Epoch 02069 | Time(s) 0.1114 | Comm(s) 0.0736 | Reduce(s) 0.0054 | Loss 0.0796
Epoch 02059 | Accuracy 96.64%
Process 000 | Epoch 02079 | Time(s) 0.1114 | Comm(s) 0.0736 | Reduce(s) 0.0054 | Loss 0.0792
Epoch 02069 | Accuracy 96.53%
Process 000 | Epoch 02089 | Time(s) 0.1114 | Comm(s) 0.0736 | Reduce(s) 0.0054 | Loss 0.0791
Epoch 02079 | Accuracy 96.53%
Process 000 | Epoch 02099 | Time(s) 0.1114 | Comm(s) 0.0736 | Reduce(s) 0.0054 | Loss 0.0794
Epoch 02089 | Accuracy 96.51%
Process 000 | Epoch 02109 | Time(s) 0.1114 | Comm(s) 0.0735 | Reduce(s) 0.0054 | Loss 0.0797
Epoch 02099 | Accuracy 96.48%
Process 000 | Epoch 02119 | Time(s) 0.1114 | Comm(s) 0.0736 | Reduce(s) 0.0054 | Loss 0.0796
Epoch 02109 | Accuracy 96.61%
Process 000 | Epoch 02129 | Time(s) 0.1114 | Comm(s) 0.0736 | Reduce(s) 0.0054 | Loss 0.0798
Epoch 02119 | Accuracy 96.60%
Process 000 | Epoch 02139 | Time(s) 0.1114 | Comm(s) 0.0736 | Reduce(s) 0.0054 | Loss 0.0820
Epoch 02129 | Accuracy 96.51%
Process 000 | Epoch 02149 | Time(s) 0.1114 | Comm(s) 0.0736 | Reduce(s) 0.0054 | Loss 0.0818
Epoch 02139 | Accuracy 96.53%
Process 000 | Epoch 02159 | Time(s) 0.1114 | Comm(s) 0.0736 | Reduce(s) 0.0054 | Loss 0.0791
Epoch 02149 | Accuracy 96.55%
Process 000 | Epoch 02169 | Time(s) 0.1114 | Comm(s) 0.0736 | Reduce(s) 0.0054 | Loss 0.0803
Epoch 02159 | Accuracy 96.56%
Process 000 | Epoch 02179 | Time(s) 0.1114 | Comm(s) 0.0736 | Reduce(s) 0.0054 | Loss 0.0806
Epoch 02169 | Accuracy 96.49%
Process 000 | Epoch 02189 | Time(s) 0.1114 | Comm(s) 0.0736 | Reduce(s) 0.0054 | Loss 0.0787
Epoch 02179 | Accuracy 96.57%
Process 000 | Epoch 02199 | Time(s) 0.1114 | Comm(s) 0.0736 | Reduce(s) 0.0054 | Loss 0.0803
Epoch 02189 | Accuracy 96.58%
Process 000 | Epoch 02209 | Time(s) 0.1114 | Comm(s) 0.0736 | Reduce(s) 0.0054 | Loss 0.0784
Epoch 02199 | Accuracy 96.56%
Process 000 | Epoch 02219 | Time(s) 0.1114 | Comm(s) 0.0736 | Reduce(s) 0.0054 | Loss 0.0764
Epoch 02209 | Accuracy 96.51%
Process 000 | Epoch 02229 | Time(s) 0.1114 | Comm(s) 0.0736 | Reduce(s) 0.0054 | Loss 0.0776
Epoch 02219 | Accuracy 96.58%
Process 000 | Epoch 02239 | Time(s) 0.1114 | Comm(s) 0.0736 | Reduce(s) 0.0054 | Loss 0.0775
Epoch 02229 | Accuracy 96.59%
Process 000 | Epoch 02249 | Time(s) 0.1114 | Comm(s) 0.0736 | Reduce(s) 0.0054 | Loss 0.0761
Epoch 02239 | Accuracy 96.59%
Process 000 | Epoch 02259 | Time(s) 0.1115 | Comm(s) 0.0737 | Reduce(s) 0.0054 | Loss 0.0783
Epoch 02249 | Accuracy 96.58%
Process 000 | Epoch 02269 | Time(s) 0.1115 | Comm(s) 0.0737 | Reduce(s) 0.0054 | Loss 0.0785
Epoch 02259 | Accuracy 96.58%
Process 000 | Epoch 02279 | Time(s) 0.1115 | Comm(s) 0.0737 | Reduce(s) 0.0054 | Loss 0.0871
Epoch 02269 | Accuracy 96.54%
Process 000 | Epoch 02289 | Time(s) 0.1115 | Comm(s) 0.0737 | Reduce(s) 0.0054 | Loss 0.0847
Epoch 02279 | Accuracy 96.38%
Process 000 | Epoch 02299 | Time(s) 0.1115 | Comm(s) 0.0737 | Reduce(s) 0.0054 | Loss 0.0847
Epoch 02289 | Accuracy 96.00%
Process 000 | Epoch 02309 | Time(s) 0.1116 | Comm(s) 0.0737 | Reduce(s) 0.0054 | Loss 0.0875
Epoch 02299 | Accuracy 95.42%
Process 000 | Epoch 02319 | Time(s) 0.1116 | Comm(s) 0.0738 | Reduce(s) 0.0054 | Loss 0.0834
Epoch 02309 | Accuracy 96.04%
Process 000 | Epoch 02329 | Time(s) 0.1115 | Comm(s) 0.0737 | Reduce(s) 0.0054 | Loss 0.0854
Epoch 02319 | Accuracy 95.66%
Process 000 | Epoch 02339 | Time(s) 0.1115 | Comm(s) 0.0737 | Reduce(s) 0.0054 | Loss 0.0841
Epoch 02329 | Accuracy 95.55%
Process 000 | Epoch 02349 | Time(s) 0.1115 | Comm(s) 0.0737 | Reduce(s) 0.0054 | Loss 0.0861
Epoch 02339 | Accuracy 95.83%
Process 000 | Epoch 02359 | Time(s) 0.1115 | Comm(s) 0.0737 | Reduce(s) 0.0054 | Loss 0.0854
Epoch 02349 | Accuracy 95.98%
Process 000 | Epoch 02369 | Time(s) 0.1115 | Comm(s) 0.0737 | Reduce(s) 0.0054 | Loss 0.0850
Epoch 02359 | Accuracy 95.59%
Process 000 | Epoch 02379 | Time(s) 0.1115 | Comm(s) 0.0737 | Reduce(s) 0.0054 | Loss 0.0846
Epoch 02369 | Accuracy 96.12%
Process 000 | Epoch 02389 | Time(s) 0.1115 | Comm(s) 0.0737 | Reduce(s) 0.0054 | Loss 0.0840
Epoch 02379 | Accuracy 95.60%
Process 000 | Epoch 02399 | Time(s) 0.1115 | Comm(s) 0.0737 | Reduce(s) 0.0054 | Loss 0.0851
Epoch 02389 | Accuracy 95.69%
Process 000 | Epoch 02409 | Time(s) 0.1115 | Comm(s) 0.0737 | Reduce(s) 0.0054 | Loss 0.0852
Epoch 02399 | Accuracy 95.85%
Process 000 | Epoch 02419 | Time(s) 0.1115 | Comm(s) 0.0737 | Reduce(s) 0.0054 | Loss 0.0827
Epoch 02409 | Accuracy 95.70%
Process 000 | Epoch 02429 | Time(s) 0.1115 | Comm(s) 0.0737 | Reduce(s) 0.0054 | Loss 0.0802
Epoch 02419 | Accuracy 96.09%
Process 000 | Epoch 02439 | Time(s) 0.1115 | Comm(s) 0.0737 | Reduce(s) 0.0054 | Loss 0.0828
Epoch 02429 | Accuracy 95.62%
Process 000 | Epoch 02449 | Time(s) 0.1115 | Comm(s) 0.0737 | Reduce(s) 0.0054 | Loss 0.0814
Epoch 02439 | Accuracy 95.75%
Process 000 | Epoch 02459 | Time(s) 0.1115 | Comm(s) 0.0737 | Reduce(s) 0.0054 | Loss 0.0832
Epoch 02449 | Accuracy 95.85%
Process 000 | Epoch 02469 | Time(s) 0.1114 | Comm(s) 0.0737 | Reduce(s) 0.0054 | Loss 0.0813
Epoch 02459 | Accuracy 95.64%
Process 000 | Epoch 02479 | Time(s) 0.1114 | Comm(s) 0.0737 | Reduce(s) 0.0054 | Loss 0.0814
Epoch 02469 | Accuracy 95.62%
Process 000 | Epoch 02489 | Time(s) 0.1114 | Comm(s) 0.0737 | Reduce(s) 0.0054 | Loss 0.0840
Epoch 02479 | Accuracy 96.18%
Process 000 | Epoch 02499 | Time(s) 0.1114 | Comm(s) 0.0737 | Reduce(s) 0.0054 | Loss 0.0854
Epoch 02489 | Accuracy 96.03%
Process 000 | Epoch 02509 | Time(s) 0.1114 | Comm(s) 0.0737 | Reduce(s) 0.0054 | Loss 0.0808
Epoch 02499 | Accuracy 96.12%
Process 000 | Epoch 02519 | Time(s) 0.1114 | Comm(s) 0.0737 | Reduce(s) 0.0054 | Loss 0.0817
Epoch 02509 | Accuracy 96.02%
Process 000 | Epoch 02529 | Time(s) 0.1114 | Comm(s) 0.0736 | Reduce(s) 0.0054 | Loss 0.0816
Epoch 02519 | Accuracy 95.97%
Process 000 | Epoch 02539 | Time(s) 0.1114 | Comm(s) 0.0736 | Reduce(s) 0.0054 | Loss 0.0807
Epoch 02529 | Accuracy 95.96%
Process 000 | Epoch 02549 | Time(s) 0.1114 | Comm(s) 0.0736 | Reduce(s) 0.0054 | Loss 0.0808
Epoch 02539 | Accuracy 96.11%
Process 000 | Epoch 02559 | Time(s) 0.1114 | Comm(s) 0.0737 | Reduce(s) 0.0054 | Loss 0.0797
Epoch 02549 | Accuracy 95.89%
Process 000 | Epoch 02569 | Time(s) 0.1114 | Comm(s) 0.0736 | Reduce(s) 0.0054 | Loss 0.0803
Epoch 02559 | Accuracy 95.86%
Process 000 | Epoch 02579 | Time(s) 0.1113 | Comm(s) 0.0736 | Reduce(s) 0.0054 | Loss 0.0808
Epoch 02569 | Accuracy 95.85%
Process 000 | Epoch 02589 | Time(s) 0.1113 | Comm(s) 0.0736 | Reduce(s) 0.0054 | Loss 0.0812
Epoch 02579 | Accuracy 96.11%
Process 000 | Epoch 02599 | Time(s) 0.1113 | Comm(s) 0.0736 | Reduce(s) 0.0054 | Loss 0.0814
Epoch 02589 | Accuracy 95.99%
Process 000 | Epoch 02609 | Time(s) 0.1113 | Comm(s) 0.0736 | Reduce(s) 0.0054 | Loss 0.0821
Epoch 02599 | Accuracy 95.90%
Process 000 | Epoch 02619 | Time(s) 0.1113 | Comm(s) 0.0736 | Reduce(s) 0.0054 | Loss 0.0834
Epoch 02609 | Accuracy 96.09%
Process 000 | Epoch 02629 | Time(s) 0.1112 | Comm(s) 0.0736 | Reduce(s) 0.0054 | Loss 0.0787
Epoch 02619 | Accuracy 96.23%
Process 000 | Epoch 02639 | Time(s) 0.1112 | Comm(s) 0.0735 | Reduce(s) 0.0054 | Loss 0.0819
Epoch 02629 | Accuracy 95.81%
Process 000 | Epoch 02649 | Time(s) 0.1112 | Comm(s) 0.0735 | Reduce(s) 0.0054 | Loss 0.0828
Epoch 02639 | Accuracy 96.40%
Process 000 | Epoch 02659 | Time(s) 0.1112 | Comm(s) 0.0735 | Reduce(s) 0.0054 | Loss 0.0809
Epoch 02649 | Accuracy 96.11%
Process 000 | Epoch 02669 | Time(s) 0.1112 | Comm(s) 0.0735 | Reduce(s) 0.0054 | Loss 0.0817
Process 001 | Epoch 02659 | Time(s) 0.1781 | Comm(s) 0.0741 | Reduce(s) 0.0057 | Loss 0.0879
Process 001 | Epoch 02669 | Time(s) 0.1782 | Comm(s) 0.0741 | Reduce(s) 0.0057 | Loss 0.0898
Process 001 | Epoch 02679 | Time(s) 0.1782 | Comm(s) 0.0741 | Reduce(s) 0.0057 | Loss 0.0897
Process 001 | Epoch 02689 | Time(s) 0.1783 | Comm(s) 0.0741 | Reduce(s) 0.0057 | Loss 0.0895
Process 001 | Epoch 02699 | Time(s) 0.1783 | Comm(s) 0.0741 | Reduce(s) 0.0057 | Loss 0.0909
Process 001 | Epoch 02709 | Time(s) 0.1783 | Comm(s) 0.0741 | Reduce(s) 0.0057 | Loss 0.0893
Process 001 | Epoch 02719 | Time(s) 0.1784 | Comm(s) 0.0741 | Reduce(s) 0.0057 | Loss 0.0900
Process 001 | Epoch 02729 | Time(s) 0.1784 | Comm(s) 0.0741 | Reduce(s) 0.0057 | Loss 0.0887
Process 001 | Epoch 02739 | Time(s) 0.1785 | Comm(s) 0.0741 | Reduce(s) 0.0057 | Loss 0.0863
Process 001 | Epoch 02749 | Time(s) 0.1785 | Comm(s) 0.0741 | Reduce(s) 0.0057 | Loss 0.0910
Process 001 | Epoch 02759 | Time(s) 0.1786 | Comm(s) 0.0741 | Reduce(s) 0.0057 | Loss 0.0886
Process 001 | Epoch 02769 | Time(s) 0.1786 | Comm(s) 0.0741 | Reduce(s) 0.0057 | Loss 0.0889
Process 001 | Epoch 02779 | Time(s) 0.1786 | Comm(s) 0.0741 | Reduce(s) 0.0057 | Loss 0.0881
Process 001 | Epoch 02789 | Time(s) 0.1786 | Comm(s) 0.0741 | Reduce(s) 0.0057 | Loss 0.0909
Process 001 | Epoch 02799 | Time(s) 0.1786 | Comm(s) 0.0741 | Reduce(s) 0.0057 | Loss 0.0880
Process 001 | Epoch 02809 | Time(s) 0.1786 | Comm(s) 0.0741 | Reduce(s) 0.0057 | Loss 0.0868
Process 001 | Epoch 02819 | Time(s) 0.1786 | Comm(s) 0.0741 | Reduce(s) 0.0057 | Loss 0.0892
Process 001 | Epoch 02829 | Time(s) 0.1787 | Comm(s) 0.0741 | Reduce(s) 0.0057 | Loss 0.0883
Process 001 | Epoch 02839 | Time(s) 0.1786 | Comm(s) 0.0741 | Reduce(s) 0.0057 | Loss 0.0876
Process 001 | Epoch 02849 | Time(s) 0.1787 | Comm(s) 0.0741 | Reduce(s) 0.0057 | Loss 0.0894
Process 001 | Epoch 02859 | Time(s) 0.1787 | Comm(s) 0.0741 | Reduce(s) 0.0057 | Loss 0.0897
Process 001 | Epoch 02869 | Time(s) 0.1787 | Comm(s) 0.0741 | Reduce(s) 0.0057 | Loss 0.0898
Process 001 | Epoch 02879 | Time(s) 0.1787 | Comm(s) 0.0741 | Reduce(s) 0.0057 | Loss 0.0897
Process 001 | Epoch 02889 | Time(s) 0.1787 | Comm(s) 0.0741 | Reduce(s) 0.0057 | Loss 0.0886
Process 001 | Epoch 02899 | Time(s) 0.1788 | Comm(s) 0.0741 | Reduce(s) 0.0057 | Loss 0.0885
Process 001 | Epoch 02909 | Time(s) 0.1788 | Comm(s) 0.0741 | Reduce(s) 0.0057 | Loss 0.0845
Process 001 | Epoch 02919 | Time(s) 0.1788 | Comm(s) 0.0741 | Reduce(s) 0.0057 | Loss 0.0912
Process 001 | Epoch 02929 | Time(s) 0.1788 | Comm(s) 0.0742 | Reduce(s) 0.0057 | Loss 0.0882
Process 001 | Epoch 02939 | Time(s) 0.1788 | Comm(s) 0.0741 | Reduce(s) 0.0057 | Loss 0.0933
Process 001 | Epoch 02949 | Time(s) 0.1788 | Comm(s) 0.0741 | Reduce(s) 0.0057 | Loss 0.0872
Process 001 | Epoch 02959 | Time(s) 0.1789 | Comm(s) 0.0741 | Reduce(s) 0.0057 | Loss 0.0882
Process 001 | Epoch 02969 | Time(s) 0.1789 | Comm(s) 0.0741 | Reduce(s) 0.0057 | Loss 0.0858
Process 001 | Epoch 02979 | Time(s) 0.1789 | Comm(s) 0.0741 | Reduce(s) 0.0057 | Loss 0.0898
Process 001 | Epoch 02989 | Time(s) 0.1789 | Comm(s) 0.0741 | Reduce(s) 0.0057 | Loss 0.0886
Process 001 | Epoch 02999 | Time(s) 0.1789 | Comm(s) 0.0741 | Reduce(s) 0.0057 | Loss 0.0888
(rank 1) memory stats: current 1283.51MB, peak 3405.85MB, reserved 3978.00MB

Epoch 02659 | Accuracy 96.11%
Process 000 | Epoch 02679 | Time(s) 0.1112 | Comm(s) 0.0735 | Reduce(s) 0.0054 | Loss 0.0786
Epoch 02669 | Accuracy 96.04%
Process 000 | Epoch 02689 | Time(s) 0.1112 | Comm(s) 0.0735 | Reduce(s) 0.0054 | Loss 0.0811
Epoch 02679 | Accuracy 95.61%
Process 000 | Epoch 02699 | Time(s) 0.1112 | Comm(s) 0.0735 | Reduce(s) 0.0054 | Loss 0.0848
Epoch 02689 | Accuracy 96.23%
Process 000 | Epoch 02709 | Time(s) 0.1112 | Comm(s) 0.0735 | Reduce(s) 0.0054 | Loss 0.0831
Epoch 02699 | Accuracy 95.92%
Process 000 | Epoch 02719 | Time(s) 0.1112 | Comm(s) 0.0735 | Reduce(s) 0.0054 | Loss 0.0792
Epoch 02709 | Accuracy 96.16%
Process 000 | Epoch 02729 | Time(s) 0.1112 | Comm(s) 0.0735 | Reduce(s) 0.0054 | Loss 0.0803
Epoch 02719 | Accuracy 95.95%
Process 000 | Epoch 02739 | Time(s) 0.1112 | Comm(s) 0.0735 | Reduce(s) 0.0054 | Loss 0.0805
Epoch 02729 | Accuracy 96.22%
Process 000 | Epoch 02749 | Time(s) 0.1113 | Comm(s) 0.0735 | Reduce(s) 0.0054 | Loss 0.0823
Epoch 02739 | Accuracy 95.71%
Process 000 | Epoch 02759 | Time(s) 0.1113 | Comm(s) 0.0735 | Reduce(s) 0.0054 | Loss 0.0807
Epoch 02749 | Accuracy 96.05%
Process 000 | Epoch 02769 | Time(s) 0.1113 | Comm(s) 0.0736 | Reduce(s) 0.0054 | Loss 0.0800
Epoch 02759 | Accuracy 96.21%
Process 000 | Epoch 02779 | Time(s) 0.1113 | Comm(s) 0.0736 | Reduce(s) 0.0054 | Loss 0.0805
Epoch 02769 | Accuracy 96.05%
Process 000 | Epoch 02789 | Time(s) 0.1113 | Comm(s) 0.0736 | Reduce(s) 0.0054 | Loss 0.0831
Epoch 02779 | Accuracy 96.03%
Process 000 | Epoch 02799 | Time(s) 0.1113 | Comm(s) 0.0736 | Reduce(s) 0.0054 | Loss 0.0807
Epoch 02789 | Accuracy 95.96%
Process 000 | Epoch 02809 | Time(s) 0.1113 | Comm(s) 0.0736 | Reduce(s) 0.0054 | Loss 0.0803
Epoch 02799 | Accuracy 96.12%
Process 000 | Epoch 02819 | Time(s) 0.1113 | Comm(s) 0.0736 | Reduce(s) 0.0054 | Loss 0.0803
Epoch 02809 | Accuracy 96.14%
Process 000 | Epoch 02829 | Time(s) 0.1113 | Comm(s) 0.0736 | Reduce(s) 0.0054 | Loss 0.0789
Epoch 02819 | Accuracy 96.03%
Process 000 | Epoch 02839 | Time(s) 0.1113 | Comm(s) 0.0736 | Reduce(s) 0.0054 | Loss 0.0784
Epoch 02829 | Accuracy 95.91%
Process 000 | Epoch 02849 | Time(s) 0.1113 | Comm(s) 0.0736 | Reduce(s) 0.0054 | Loss 0.0781
Epoch 02839 | Accuracy 96.19%
Process 000 | Epoch 02859 | Time(s) 0.1113 | Comm(s) 0.0736 | Reduce(s) 0.0054 | Loss 0.0808
Epoch 02849 | Accuracy 96.22%
Process 000 | Epoch 02869 | Time(s) 0.1113 | Comm(s) 0.0736 | Reduce(s) 0.0054 | Loss 0.0816
Epoch 02859 | Accuracy 96.08%
Process 000 | Epoch 02879 | Time(s) 0.1113 | Comm(s) 0.0736 | Reduce(s) 0.0054 | Loss 0.0809
Epoch 02869 | Accuracy 95.79%
Process 000 | Epoch 02889 | Time(s) 0.1113 | Comm(s) 0.0736 | Reduce(s) 0.0054 | Loss 0.0811
Epoch 02879 | Accuracy 96.07%
Process 000 | Epoch 02899 | Time(s) 0.1113 | Comm(s) 0.0736 | Reduce(s) 0.0054 | Loss 0.0794
Epoch 02889 | Accuracy 96.28%
Process 000 | Epoch 02909 | Time(s) 0.1114 | Comm(s) 0.0736 | Reduce(s) 0.0054 | Loss 0.0783
Epoch 02899 | Accuracy 95.75%
Process 000 | Epoch 02919 | Time(s) 0.1114 | Comm(s) 0.0736 | Reduce(s) 0.0054 | Loss 0.0819
Epoch 02909 | Accuracy 95.98%
Process 000 | Epoch 02929 | Time(s) 0.1114 | Comm(s) 0.0736 | Reduce(s) 0.0054 | Loss 0.0807
Epoch 02919 | Accuracy 96.20%
Process 000 | Epoch 02939 | Time(s) 0.1114 | Comm(s) 0.0736 | Reduce(s) 0.0054 | Loss 0.0775
Epoch 02929 | Accuracy 96.19%
Process 000 | Epoch 02949 | Time(s) 0.1113 | Comm(s) 0.0736 | Reduce(s) 0.0054 | Loss 0.0795
Epoch 02939 | Accuracy 95.74%
Process 000 | Epoch 02959 | Time(s) 0.1113 | Comm(s) 0.0736 | Reduce(s) 0.0054 | Loss 0.0794
Epoch 02949 | Accuracy 96.39%
Process 000 | Epoch 02969 | Time(s) 0.1113 | Comm(s) 0.0736 | Reduce(s) 0.0054 | Loss 0.0787
Epoch 02959 | Accuracy 96.15%
Process 000 | Epoch 02979 | Time(s) 0.1113 | Comm(s) 0.0736 | Reduce(s) 0.0054 | Loss 0.0839
Epoch 02969 | Accuracy 95.85%
Process 000 | Epoch 02989 | Time(s) 0.1113 | Comm(s) 0.0736 | Reduce(s) 0.0054 | Loss 0.0825
Epoch 02979 | Accuracy 96.05%
Process 000 | Epoch 02999 | Time(s) 0.1113 | Comm(s) 0.0736 | Reduce(s) 0.0054 | Loss 0.0789
Epoch 02989 | Accuracy 95.96%
(rank 0) memory stats: current 1186.63MB, peak 3271.04MB, reserved 3814.00MB
Epoch 02999 | Accuracy 96.09%
model saved
Max Validation Accuracy 96.65%
Test Result | Accuracy 97.18%
