/home/zhaoyu/miniconda3/envs/test/lib/python3.11/site-packages/dgl/graphbolt/__init__.py:114: GBWarning: 
An experimental feature for CUDA allocations is turned on for better allocation
pattern resulting in better memory usage for minibatch GNN training workloads.
See https://pytorch.org/docs/stable/notes/cuda.html#optimizing-memory-usage-with-pytorch-cuda-alloc-conf,
and set the environment variable `PYTORCH_CUDA_ALLOC_CONF=expandable_segments:False`
if you want to disable it and set it True to acknowledge and disable the warning.

  gb_warning(WARNING_STR_TO_BE_SHOWN)
Namespace(dataset='reddit', data_path='./dataset/', part_path='./partition/', graph_name='reddit-2-metis-vol-induc', model='graphsage', dropout=0.5, lr=0.01, sampling_rate=0.1, heads=1, n_epochs=3000, n_partitions=2, n_hidden=256, n_layers=4, log_every=10, weight_decay=0, norm='layer', partition_obj='vol', partition_method='metis', n_linear=0, use_pp=True, inductive=True, fix_seed=True, seed=2, backend='gloo', port=18118, master_addr='127.0.0.1', node_rank=0, parts_per_node=10, skip_partition=True, eval=True)
loading partitions
Process 0 has 144839 nodes, 28484466 edges 78250 inner nodes, and 20593238 inner edges.
Process 0 start training
Process 000 | Epoch 00009 | Time(s) 0.0888 | Comm(s) 0.0597 | Reduce(s) 0.0053 | Loss 2.5294
Process 000 | Epoch 00019 | Time(s) 0.0928 | Comm(s) 0.0626 | Reduce(s) 0.0053 | Loss 1.3962
Epoch 00009 | Accuracy 28.90%
Process 000 | Epoch 00029 | Time(s) 0.1039 | Comm(s) 0.0697 | Reduce(s) 0.0057 | Loss 0.8056
Epoch 00019 | Accuracy 53.51%
Process 000 | Epoch 00039 | Time(s) 0.1100 | Comm(s) 0.0737 | Reduce(s) 0.0058 | Loss 0.5496
Epoch 00029 | Accuracy 76.44%
Process 000 | Epoch 00049 | Time(s) 0.1130 | Comm(s) 0.0751 | Reduce(s) 0.0060 | Loss 0.4581
Epoch 00039 | Accuracy 87.02%
Process 000 | Epoch 00059 | Time(s) 0.1144 | Comm(s) 0.0754 | Reduce(s) 0.0062 | Loss 0.4136
Epoch 00049 | Accuracy 91.07%
Process 000 | Epoch 00069 | Time(s) 0.1143 | Comm(s) 0.0752 | Reduce(s) 0.0060 | Loss 0.3713
Epoch 00059 | Accuracy 92.24%
Process 000 | Epoch 00079 | Time(s) 0.1145 | Comm(s) 0.0758 | Reduce(s) 0.0059 | Loss 0.3398
Epoch 00069 | Accuracy 92.86%
Process 000 | Epoch 00089 | Time(s) 0.1142 | Comm(s) 0.0752 | Reduce(s) 0.0058 | Loss 0.3182
Epoch 00079 | Accuracy 93.27%
Process 000 | Epoch 00099 | Time(s) 0.1143 | Comm(s) 0.0752 | Reduce(s) 0.0058 | Loss 0.3010
Epoch 00089 | Accuracy 93.78%
Process 000 | Epoch 00109 | Time(s) 0.1145 | Comm(s) 0.0754 | Reduce(s) 0.0058 | Loss 0.2824
Epoch 00099 | Accuracy 94.12%
Process 000 | Epoch 00119 | Time(s) 0.1135 | Comm(s) 0.0748 | Reduce(s) 0.0058 | Loss 0.2766
Epoch 00109 | Accuracy 94.33%
Process 000 | Epoch 00129 | Time(s) 0.1131 | Comm(s) 0.0744 | Reduce(s) 0.0058 | Loss 0.2609
Epoch 00119 | Accuracy 94.48%
Process 000 | Epoch 00139 | Time(s) 0.1132 | Comm(s) 0.0748 | Reduce(s) 0.0057 | Loss 0.2562
Epoch 00129 | Accuracy 94.73%
Process 000 | Epoch 00149 | Time(s) 0.1126 | Comm(s) 0.0744 | Reduce(s) 0.0057 | Loss 0.2427
Epoch 00139 | Accuracy 94.94%
Process 000 | Epoch 00159 | Time(s) 0.1122 | Comm(s) 0.0739 | Reduce(s) 0.0057 | Loss 0.2377
Epoch 00149 | Accuracy 95.10%
Process 000 | Epoch 00169 | Time(s) 0.1120 | Comm(s) 0.0739 | Reduce(s) 0.0057 | Loss 0.2293
Epoch 00159 | Accuracy 95.19%
Process 000 | Epoch 00179 | Time(s) 0.1121 | Comm(s) 0.0740 | Reduce(s) 0.0057 | Loss 0.2219
Epoch 00169 | Accuracy 95.24%
Process 000 | Epoch 00189 | Time(s) 0.1123 | Comm(s) 0.0742 | Reduce(s) 0.0057 | Loss 0.2210
Epoch 00179 | Accuracy 95.31%
Process 000 | Epoch 00199 | Time(s) 0.1125 | Comm(s) 0.0744 | Reduce(s) 0.0057 | Loss 0.2151
Epoch 00189 | Accuracy 95.44%
Process 000 | Epoch 00209 | Time(s) 0.1124 | Comm(s) 0.0743 | Reduce(s) 0.0057 | Loss 0.2105
Epoch 00199 | Accuracy 95.45%
Process 000 | Epoch 00219 | Time(s) 0.1122 | Comm(s) 0.0742 | Reduce(s) 0.0057 | Loss 0.2062
Epoch 00209 | Accuracy 95.51%
Process 000 | Epoch 00229 | Time(s) 0.1119 | Comm(s) 0.0740 | Reduce(s) 0.0057 | Loss 0.1994
Epoch 00219 | Accuracy 95.58%
Process 000 | Epoch 00239 | Time(s) 0.1120 | Comm(s) 0.0741 | Reduce(s) 0.0057 | Loss 0.1978
Epoch 00229 | Accuracy 95.63%
Process 000 | Epoch 00249 | Time(s) 0.1118 | Comm(s) 0.0738 | Reduce(s) 0.0056 | Loss 0.1962
Epoch 00239 | Accuracy 95.64%
Process 000 | Epoch 00259 | Time(s) 0.1118 | Comm(s) 0.0737 | Reduce(s) 0.0057 | Loss 0.1904
Epoch 00249 | Accuracy 95.76%
Process 000 | Epoch 00269 | Time(s) 0.1118 | Comm(s) 0.0738 | Reduce(s) 0.0057 | Loss 0.1837
Epoch 00259 | Accuracy 95.77%
Process 000 | Epoch 00279 | Time(s) 0.1118 | Comm(s) 0.0738 | Reduce(s) 0.0057 | Loss 0.1822
Epoch 00269 | Accuracy 95.88%
Process 000 | Epoch 00289 | Time(s) 0.1120 | Comm(s) 0.0739 | Reduce(s) 0.0057 | Loss 0.1821
Epoch 00279 | Accuracy 95.88%
Process 000 | Epoch 00299 | Time(s) 0.1121 | Comm(s) 0.0739 | Reduce(s) 0.0057 | Loss 0.1781
Epoch 00289 | Accuracy 95.88%
Process 000 | Epoch 00309 | Time(s) 0.1124 | Comm(s) 0.0743 | Reduce(s) 0.0057 | Loss 0.1777
Epoch 00299 | Accuracy 95.89%
Process 000 | Epoch 00319 | Time(s) 0.1124 | Comm(s) 0.0743 | Reduce(s) 0.0057 | Loss 0.1715
Epoch 00309 | Accuracy 95.96%
Process 000 | Epoch 00329 | Time(s) 0.1124 | Comm(s) 0.0743 | Reduce(s) 0.0057 | Loss 0.1711
Epoch 00319 | Accuracy 95.96%
Process 000 | Epoch 00339 | Time(s) 0.1122 | Comm(s) 0.0743 | Reduce(s) 0.0057 | Loss 0.1661
Epoch 00329 | Accuracy 96.01%
Process 000 | Epoch 00349 | Time(s) 0.1122 | Comm(s) 0.0742 | Reduce(s) 0.0056 | Loss 0.1649
Epoch 00339 | Accuracy 96.08%
Process 000 | Epoch 00359 | Time(s) 0.1123 | Comm(s) 0.0741 | Reduce(s) 0.0057 | Loss 0.1623
Epoch 00349 | Accuracy 96.08%
Process 000 | Epoch 00369 | Time(s) 0.1124 | Comm(s) 0.0743 | Reduce(s) 0.0057 | Loss 0.1600
Epoch 00359 | Accuracy 96.08%
Process 000 | Epoch 00379 | Time(s) 0.1123 | Comm(s) 0.0741 | Reduce(s) 0.0057 | Loss 0.1582
Epoch 00369 | Accuracy 96.12%
Process 000 | Epoch 00389 | Time(s) 0.1125 | Comm(s) 0.0742 | Reduce(s) 0.0056 | Loss 0.1595
Epoch 00379 | Accuracy 96.10%
Process 000 | Epoch 00399 | Time(s) 0.1124 | Comm(s) 0.0742 | Reduce(s) 0.0056 | Loss 0.1528
Epoch 00389 | Accuracy 96.12%
Process 000 | Epoch 00409 | Time(s) 0.1125 | Comm(s) 0.0742 | Reduce(s) 0.0056 | Loss 0.1545
Epoch 00399 | Accuracy 96.19%
Process 000 | Epoch 00419 | Time(s) 0.1123 | Comm(s) 0.0741 | Reduce(s) 0.0056 | Loss 0.1486
Epoch 00409 | Accuracy 96.14%
Process 000 | Epoch 00429 | Time(s) 0.1122 | Comm(s) 0.0741 | Reduce(s) 0.0056 | Loss 0.1514
Epoch 00419 | Accuracy 96.16%
Process 000 | Epoch 00439 | Time(s) 0.1122 | Comm(s) 0.0741 | Reduce(s) 0.0056 | Loss 0.1513
Epoch 00429 | Accuracy 96.24%
Process 000 | Epoch 00449 | Time(s) 0.1122 | Comm(s) 0.0741 | Reduce(s) 0.0056 | Loss 0.1412
Epoch 00439 | Accuracy 96.20%
Process 000 | Epoch 00459 | Time(s) 0.1121 | Comm(s) 0.0741 | Reduce(s) 0.0056 | Loss 0.1453
Epoch 00449 | Accuracy 96.32%
Process 000 | Epoch 00469 | Time(s) 0.1122 | Comm(s) 0.0742 | Reduce(s) 0.0056 | Loss 0.1459
Epoch 00459 | Accuracy 96.24%
Process 000 | Epoch 00479 | Time(s) 0.1123 | Comm(s) 0.0742 | Reduce(s) 0.0056 | Loss 0.1403
Epoch 00469 | Accuracy 96.27%
Process 000 | Epoch 00489 | Time(s) 0.1123 | Comm(s) 0.0742 | Reduce(s) 0.0056 | Loss 0.1406
Epoch 00479 | Accuracy 96.34%
Process 000 | Epoch 00499 | Time(s) 0.1123 | Comm(s) 0.0742 | Reduce(s) 0.0056 | Loss 0.1407
Epoch 00489 | Accuracy 96.34%
Process 000 | Epoch 00509 | Time(s) 0.1122 | Comm(s) 0.0742 | Reduce(s) 0.0056 | Loss 0.1349
Epoch 00499 | Accuracy 96.32%
Process 000 | Epoch 00519 | Time(s) 0.1121 | Comm(s) 0.0741 | Reduce(s) 0.0056 | Loss 0.1338
Epoch 00509 | Accuracy 96.34%
Process 000 | Epoch 00529 | Time(s) 0.1121 | Comm(s) 0.0741 | Reduce(s) 0.0056 | Loss 0.1363
Epoch 00519 | Accuracy 96.39%
Process 000 | Epoch 00539 | Time(s) 0.1120 | Comm(s) 0.0740 | Reduce(s) 0.0056 | Loss 0.1326
Epoch 00529 | Accuracy 96.29%
Process 000 | Epoch 00549 | Time(s) 0.1120 | Comm(s) 0.0740 | Reduce(s) 0.0056 | Loss 0.1323
Epoch 00539 | Accuracy 96.32%
Process 000 | Epoch 00559 | Time(s) 0.1119 | Comm(s) 0.0740 | Reduce(s) 0.0056 | Loss 0.1304
Epoch 00549 | Accuracy 96.38%
Process 000 | Epoch 00569 | Time(s) 0.1120 | Comm(s) 0.0740 | Reduce(s) 0.0056 | Loss 0.1257
Epoch 00559 | Accuracy 96.40%
Process 000 | Epoch 00579 | Time(s) 0.1119 | Comm(s) 0.0739 | Reduce(s) 0.0056 | Loss 0.1277
Epoch 00569 | Accuracy 96.30%
Process 000 | Epoch 00589 | Time(s) 0.1120 | Comm(s) 0.0740 | Reduce(s) 0.0056 | Loss 0.1259
Epoch 00579 | Accuracy 96.35%
Process 000 | Epoch 00599 | Time(s) 0.1120 | Comm(s) 0.0740 | Reduce(s) 0.0056 | Loss 0.1259
Epoch 00589 | Accuracy 96.36%
Process 000 | Epoch 00609 | Time(s) 0.1119 | Comm(s) 0.0740 | Reduce(s) 0.0055 | Loss 0.1222
Epoch 00599 | Accuracy 96.35%
Process 000 | Epoch 00619 | Time(s) 0.1120 | Comm(s) 0.0741 | Reduce(s) 0.0055 | Loss 0.1252
Epoch 00609 | Accuracy 96.40%
Process 000 | Epoch 00629 | Time(s) 0.1119 | Comm(s) 0.0740 | Reduce(s) 0.0055 | Loss 0.1215
Epoch 00619 | Accuracy 96.39%
Process 000 | Epoch 00639 | Time(s) 0.1119 | Comm(s) 0.0740 | Reduce(s) 0.0055 | Loss 0.1217
Epoch 00629 | Accuracy 96.39%
Process 000 | Epoch 00649 | Time(s) 0.1120 | Comm(s) 0.0741 | Reduce(s) 0.0055 | Loss 0.1169
Epoch 00639 | Accuracy 96.44%
Process 000 | Epoch 00659 | Time(s) 0.1120 | Comm(s) 0.0741 | Reduce(s) 0.0055 | Loss 0.1209
Epoch 00649 | Accuracy 96.42%loading partitions
Process 1 has 108813 nodes, 31844953 edges 75181 inner nodes, and 23953725 inner edges.
Process 1 start training
Process 001 | Epoch 00009 | Time(s) 0.0888 | Comm(s) 0.0590 | Reduce(s) 0.0054 | Loss 3.3776
Process 001 | Epoch 00019 | Time(s) 0.0939 | Comm(s) 0.0627 | Reduce(s) 0.0053 | Loss 2.1626
Process 001 | Epoch 00029 | Time(s) 0.2215 | Comm(s) 0.0697 | Reduce(s) 0.0056 | Loss 1.3905
Process 001 | Epoch 00039 | Time(s) 0.2087 | Comm(s) 0.0734 | Reduce(s) 0.0060 | Loss 0.8412
Process 001 | Epoch 00049 | Time(s) 0.2033 | Comm(s) 0.0753 | Reduce(s) 0.0062 | Loss 0.5674
Process 001 | Epoch 00059 | Time(s) 0.2002 | Comm(s) 0.0760 | Reduce(s) 0.0063 | Loss 0.4674
Process 001 | Epoch 00069 | Time(s) 0.1977 | Comm(s) 0.0758 | Reduce(s) 0.0061 | Loss 0.4079
Process 001 | Epoch 00079 | Time(s) 0.1956 | Comm(s) 0.0763 | Reduce(s) 0.0061 | Loss 0.3716
Process 001 | Epoch 00089 | Time(s) 0.1960 | Comm(s) 0.0761 | Reduce(s) 0.0060 | Loss 0.3385
Process 001 | Epoch 00099 | Time(s) 0.1944 | Comm(s) 0.0759 | Reduce(s) 0.0060 | Loss 0.3213
Process 001 | Epoch 00109 | Time(s) 0.1926 | Comm(s) 0.0760 | Reduce(s) 0.0060 | Loss 0.3004
Process 001 | Epoch 00119 | Time(s) 0.1912 | Comm(s) 0.0754 | Reduce(s) 0.0059 | Loss 0.2924
Process 001 | Epoch 00129 | Time(s) 0.1904 | Comm(s) 0.0752 | Reduce(s) 0.0059 | Loss 0.2757
Process 001 | Epoch 00139 | Time(s) 0.1897 | Comm(s) 0.0755 | Reduce(s) 0.0059 | Loss 0.2708
Process 001 | Epoch 00149 | Time(s) 0.1885 | Comm(s) 0.0751 | Reduce(s) 0.0059 | Loss 0.2606
Process 001 | Epoch 00159 | Time(s) 0.1874 | Comm(s) 0.0748 | Reduce(s) 0.0059 | Loss 0.2529
Process 001 | Epoch 00169 | Time(s) 0.1866 | Comm(s) 0.0746 | Reduce(s) 0.0059 | Loss 0.2437
Process 001 | Epoch 00179 | Time(s) 0.1864 | Comm(s) 0.0748 | Reduce(s) 0.0059 | Loss 0.2388
Process 001 | Epoch 00189 | Time(s) 0.1864 | Comm(s) 0.0751 | Reduce(s) 0.0059 | Loss 0.2336
Process 001 | Epoch 00199 | Time(s) 0.1857 | Comm(s) 0.0752 | Reduce(s) 0.0059 | Loss 0.2239
Process 001 | Epoch 00209 | Time(s) 0.1852 | Comm(s) 0.0751 | Reduce(s) 0.0059 | Loss 0.2231
Process 001 | Epoch 00219 | Time(s) 0.1846 | Comm(s) 0.0749 | Reduce(s) 0.0059 | Loss 0.2192
Process 001 | Epoch 00229 | Time(s) 0.1837 | Comm(s) 0.0747 | Reduce(s) 0.0058 | Loss 0.2084
Process 001 | Epoch 00239 | Time(s) 0.1835 | Comm(s) 0.0748 | Reduce(s) 0.0058 | Loss 0.2089
Process 001 | Epoch 00249 | Time(s) 0.1834 | Comm(s) 0.0747 | Reduce(s) 0.0058 | Loss 0.2105
Process 001 | Epoch 00259 | Time(s) 0.1833 | Comm(s) 0.0746 | Reduce(s) 0.0058 | Loss 0.2064
Process 001 | Epoch 00269 | Time(s) 0.1832 | Comm(s) 0.0746 | Reduce(s) 0.0058 | Loss 0.2003
Process 001 | Epoch 00279 | Time(s) 0.1830 | Comm(s) 0.0746 | Reduce(s) 0.0058 | Loss 0.1938
Process 001 | Epoch 00289 | Time(s) 0.1831 | Comm(s) 0.0747 | Reduce(s) 0.0058 | Loss 0.1907
Process 001 | Epoch 00299 | Time(s) 0.1830 | Comm(s) 0.0747 | Reduce(s) 0.0058 | Loss 0.1902
Process 001 | Epoch 00309 | Time(s) 0.1831 | Comm(s) 0.0750 | Reduce(s) 0.0059 | Loss 0.1865
Process 001 | Epoch 00319 | Time(s) 0.1825 | Comm(s) 0.0749 | Reduce(s) 0.0058 | Loss 0.1836
Process 001 | Epoch 00329 | Time(s) 0.1823 | Comm(s) 0.0748 | Reduce(s) 0.0059 | Loss 0.1836
Process 001 | Epoch 00339 | Time(s) 0.1821 | Comm(s) 0.0747 | Reduce(s) 0.0058 | Loss 0.1777
Process 001 | Epoch 00349 | Time(s) 0.1819 | Comm(s) 0.0746 | Reduce(s) 0.0058 | Loss 0.1737
Process 001 | Epoch 00359 | Time(s) 0.1817 | Comm(s) 0.0747 | Reduce(s) 0.0058 | Loss 0.1791
Process 001 | Epoch 00369 | Time(s) 0.1818 | Comm(s) 0.0747 | Reduce(s) 0.0058 | Loss 0.1740
Process 001 | Epoch 00379 | Time(s) 0.1815 | Comm(s) 0.0746 | Reduce(s) 0.0058 | Loss 0.1680
Process 001 | Epoch 00389 | Time(s) 0.1818 | Comm(s) 0.0747 | Reduce(s) 0.0058 | Loss 0.1705
Process 001 | Epoch 00399 | Time(s) 0.1815 | Comm(s) 0.0746 | Reduce(s) 0.0058 | Loss 0.1668
Process 001 | Epoch 00409 | Time(s) 0.1818 | Comm(s) 0.0747 | Reduce(s) 0.0058 | Loss 0.1638
Process 001 | Epoch 00419 | Time(s) 0.1818 | Comm(s) 0.0745 | Reduce(s) 0.0058 | Loss 0.1630
Process 001 | Epoch 00429 | Time(s) 0.1818 | Comm(s) 0.0745 | Reduce(s) 0.0058 | Loss 0.1648
Process 001 | Epoch 00439 | Time(s) 0.1818 | Comm(s) 0.0745 | Reduce(s) 0.0058 | Loss 0.1597
Process 001 | Epoch 00449 | Time(s) 0.1816 | Comm(s) 0.0744 | Reduce(s) 0.0058 | Loss 0.1559
Process 001 | Epoch 00459 | Time(s) 0.1815 | Comm(s) 0.0744 | Reduce(s) 0.0058 | Loss 0.1557
Process 001 | Epoch 00469 | Time(s) 0.1816 | Comm(s) 0.0746 | Reduce(s) 0.0058 | Loss 0.1589
Process 001 | Epoch 00479 | Time(s) 0.1815 | Comm(s) 0.0747 | Reduce(s) 0.0058 | Loss 0.1540
Process 001 | Epoch 00489 | Time(s) 0.1814 | Comm(s) 0.0747 | Reduce(s) 0.0058 | Loss 0.1504
Process 001 | Epoch 00499 | Time(s) 0.1813 | Comm(s) 0.0747 | Reduce(s) 0.0058 | Loss 0.1481
Process 001 | Epoch 00509 | Time(s) 0.1813 | Comm(s) 0.0746 | Reduce(s) 0.0058 | Loss 0.1477
Process 001 | Epoch 00519 | Time(s) 0.1810 | Comm(s) 0.0746 | Reduce(s) 0.0058 | Loss 0.1487
Process 001 | Epoch 00529 | Time(s) 0.1811 | Comm(s) 0.0746 | Reduce(s) 0.0058 | Loss 0.1452
Process 001 | Epoch 00539 | Time(s) 0.1810 | Comm(s) 0.0745 | Reduce(s) 0.0058 | Loss 0.1436
Process 001 | Epoch 00549 | Time(s) 0.1812 | Comm(s) 0.0745 | Reduce(s) 0.0057 | Loss 0.1436
Process 001 | Epoch 00559 | Time(s) 0.1813 | Comm(s) 0.0745 | Reduce(s) 0.0057 | Loss 0.1428
Process 001 | Epoch 00569 | Time(s) 0.1813 | Comm(s) 0.0745 | Reduce(s) 0.0057 | Loss 0.1438
Process 001 | Epoch 00579 | Time(s) 0.1810 | Comm(s) 0.0745 | Reduce(s) 0.0057 | Loss 0.1393
Process 001 | Epoch 00589 | Time(s) 0.1810 | Comm(s) 0.0745 | Reduce(s) 0.0057 | Loss 0.1391
Process 001 | Epoch 00599 | Time(s) 0.1808 | Comm(s) 0.0745 | Reduce(s) 0.0057 | Loss 0.1394
Process 001 | Epoch 00609 | Time(s) 0.1808 | Comm(s) 0.0745 | Reduce(s) 0.0057 | Loss 0.1373
Process 001 | Epoch 00619 | Time(s) 0.1808 | Comm(s) 0.0745 | Reduce(s) 0.0057 | Loss 0.1332
Process 001 | Epoch 00629 | Time(s) 0.1807 | Comm(s) 0.0745 | Reduce(s) 0.0057 | Loss 0.1326
Process 001 | Epoch 00639 | Time(s) 0.1806 | Comm(s) 0.0745 | Reduce(s) 0.0057 | Loss 0.1333
Process 001 | Epoch 00649 | Time(s) 0.1805 | Comm(s) 0.0745 | Reduce(s) 0.0057 | Loss 0.1345
Process 001 | Epoch 00659 | Time(s) 0.1805 | Comm(s) 0.0746 | Reduce(s) 0.0057 | Loss 0.1304
Process 001 | Epoch 00669 | Time(s) 0.1804 | Comm(s) 0.0745 | Reduce(s) 0.0057 | Loss 0.1295
Process 001 | Epoch 00679 | Time(s) 0.1805 | Comm(s) 0.0746 | Reduce(s) 0.0057 | Loss 0.1285
Process 001 | Epoch 00689 | Time(s) 0.1805 | Comm(s) 0.0746 | Reduce(s) 0.0057 | Loss 0.1260
Process 001 | Epoch 00699 | Time(s) 0.1807 | Comm(s) 0.0746 | Reduce(s) 0.0057 | Loss 0.1277
Process 001 | Epoch 00709 | Time(s) 0.1807 | Comm(s) 0.0745 | Reduce(s) 0.0057 | Loss 0.1271
Process 001 | Epoch 00719 | Time(s) 0.1807 | Comm(s) 0.0745 | Reduce(s) 0.0057 | Loss 0.1246
Process 001 | Epoch 00729 | Time(s) 0.1807 | Comm(s) 0.0745 | Reduce(s) 0.0057 | Loss 0.1263
Process 001 | Epoch 00739 | Time(s) 0.1807 | Comm(s) 0.0745 | Reduce(s) 0.0057 | Loss 0.1223
Process 001 | Epoch 00749 | Time(s) 0.1806 | Comm(s) 0.0745 | Reduce(s) 0.0057 | Loss 0.1250
Process 001 | Epoch 00759 | Time(s) 0.1806 | Comm(s) 0.0746 | Reduce(s) 0.0057 | Loss 0.1225
Process 001 | Epoch 00769 | Time(s) 0.1806 | Comm(s) 0.0746 | Reduce(s) 0.0057 | Loss 0.1232
Process 001 | Epoch 00779 | Time(s) 0.1804 | Comm(s) 0.0746 | Reduce(s) 0.0057 | Loss 0.1213
Process 001 | Epoch 00789 | Time(s) 0.1805 | Comm(s) 0.0747 | Reduce(s) 0.0057 | Loss 0.1221
Process 001 | Epoch 00799 | Time(s) 0.1805 | Comm(s) 0.0747 | Reduce(s) 0.0057 | Loss 0.1222
Process 001 | Epoch 00809 | Time(s) 0.1803 | Comm(s) 0.0747 | Reduce(s) 0.0057 | Loss 0.1231
Process 001 | Epoch 00819 | Time(s) 0.1802 | Comm(s) 0.0746 | Reduce(s) 0.0057 | Loss 0.1182
Process 001 | Epoch 00829 | Time(s) 0.1802 | Comm(s) 0.0747 | Reduce(s) 0.0057 | Loss 0.1171
Process 001 | Epoch 00839 | Time(s) 0.1802 | Comm(s) 0.0747 | Reduce(s) 0.0057 | Loss 0.1187
Process 001 | Epoch 00849 | Time(s) 0.1803 | Comm(s) 0.0747 | Reduce(s) 0.0057 | Loss 0.1167
Process 001 | Epoch 00859 | Time(s) 0.1802 | Comm(s) 0.0748 | Reduce(s) 0.0057 | Loss 0.1156
Process 001 | Epoch 00869 | Time(s) 0.1801 | Comm(s) 0.0748 | Reduce(s) 0.0057 | Loss 0.1153
Process 000 | Epoch 00669 | Time(s) 0.1120 | Comm(s) 0.0741 | Reduce(s) 0.0055 | Loss 0.1173
Epoch 00659 | Accuracy 96.40%
Process 000 | Epoch 00679 | Time(s) 0.1120 | Comm(s) 0.0741 | Reduce(s) 0.0055 | Loss 0.1195
Epoch 00669 | Accuracy 96.36%
Process 000 | Epoch 00689 | Time(s) 0.1120 | Comm(s) 0.0741 | Reduce(s) 0.0055 | Loss 0.1194
Epoch 00679 | Accuracy 96.33%
Process 000 | Epoch 00699 | Time(s) 0.1120 | Comm(s) 0.0741 | Reduce(s) 0.0055 | Loss 0.1158
Epoch 00689 | Accuracy 96.45%
Process 000 | Epoch 00709 | Time(s) 0.1120 | Comm(s) 0.0740 | Reduce(s) 0.0055 | Loss 0.1163
Epoch 00699 | Accuracy 96.40%
Process 000 | Epoch 00719 | Time(s) 0.1120 | Comm(s) 0.0740 | Reduce(s) 0.0055 | Loss 0.1151
Epoch 00709 | Accuracy 96.45%
Process 000 | Epoch 00729 | Time(s) 0.1120 | Comm(s) 0.0740 | Reduce(s) 0.0055 | Loss 0.1145
Epoch 00719 | Accuracy 96.45%
Process 000 | Epoch 00739 | Time(s) 0.1120 | Comm(s) 0.0740 | Reduce(s) 0.0055 | Loss 0.1125
Epoch 00729 | Accuracy 96.42%
Process 000 | Epoch 00749 | Time(s) 0.1120 | Comm(s) 0.0740 | Reduce(s) 0.0055 | Loss 0.1135
Epoch 00739 | Accuracy 96.42%
Process 000 | Epoch 00759 | Time(s) 0.1120 | Comm(s) 0.0740 | Reduce(s) 0.0055 | Loss 0.1119
Epoch 00749 | Accuracy 96.45%
Process 000 | Epoch 00769 | Time(s) 0.1121 | Comm(s) 0.0740 | Reduce(s) 0.0055 | Loss 0.1109
Epoch 00759 | Accuracy 96.44%
Process 000 | Epoch 00779 | Time(s) 0.1121 | Comm(s) 0.0740 | Reduce(s) 0.0055 | Loss 0.1121
Epoch 00769 | Accuracy 96.51%
Process 000 | Epoch 00789 | Time(s) 0.1122 | Comm(s) 0.0741 | Reduce(s) 0.0055 | Loss 0.1090
Epoch 00779 | Accuracy 96.40%
Process 000 | Epoch 00799 | Time(s) 0.1123 | Comm(s) 0.0742 | Reduce(s) 0.0055 | Loss 0.1106
Epoch 00789 | Accuracy 96.45%
Process 000 | Epoch 00809 | Time(s) 0.1122 | Comm(s) 0.0742 | Reduce(s) 0.0055 | Loss 0.1097
Epoch 00799 | Accuracy 96.49%
Process 000 | Epoch 00819 | Time(s) 0.1122 | Comm(s) 0.0741 | Reduce(s) 0.0055 | Loss 0.1104
Epoch 00809 | Accuracy 96.48%
Process 000 | Epoch 00829 | Time(s) 0.1122 | Comm(s) 0.0742 | Reduce(s) 0.0055 | Loss 0.1074
Epoch 00819 | Accuracy 96.47%
Process 000 | Epoch 00839 | Time(s) 0.1122 | Comm(s) 0.0742 | Reduce(s) 0.0055 | Loss 0.1060
Epoch 00829 | Accuracy 96.50%
Process 000 | Epoch 00849 | Time(s) 0.1123 | Comm(s) 0.0742 | Reduce(s) 0.0055 | Loss 0.1088
Epoch 00839 | Accuracy 96.47%
Process 000 | Epoch 00859 | Time(s) 0.1124 | Comm(s) 0.0743 | Reduce(s) 0.0055 | Loss 0.1061
Epoch 00849 | Accuracy 96.42%
Process 000 | Epoch 00869 | Time(s) 0.1123 | Comm(s) 0.0743 | Reduce(s) 0.0055 | Loss 0.1078
Epoch 00859 | Accuracy 96.46%
Process 000 | Epoch 00879 | Time(s) 0.1123 | Comm(s) 0.0743 | Reduce(s) 0.0055 | Loss 0.1050
Epoch 00869 | Accuracy 96.45%
Process 000 | Epoch 00889 | Time(s) 0.1124 | Comm(s) 0.0743 | Reduce(s) 0.0055 | Loss 0.1047
Epoch 00879 | Accuracy 96.45%
Process 000 | Epoch 00899 | Time(s) 0.1123 | Comm(s) 0.0743 | Reduce(s) 0.0055 | Loss 0.1051
Epoch 00889 | Accuracy 96.44%
Process 000 | Epoch 00909 | Time(s) 0.1123 | Comm(s) 0.0743 | Reduce(s) 0.0055 | Loss 0.1030
Epoch 00899 | Accuracy 96.40%
Process 000 | Epoch 00919 | Time(s) 0.1123 | Comm(s) 0.0742 | Reduce(s) 0.0055 | Loss 0.1034
Epoch 00909 | Accuracy 96.47%
Process 000 | Epoch 00929 | Time(s) 0.1121 | Comm(s) 0.0741 | Reduce(s) 0.0055 | Loss 0.1038
Epoch 00919 | Accuracy 96.43%
Process 000 | Epoch 00939 | Time(s) 0.1122 | Comm(s) 0.0742 | Reduce(s) 0.0055 | Loss 0.1020
Epoch 00929 | Accuracy 96.50%
Process 000 | Epoch 00949 | Time(s) 0.1122 | Comm(s) 0.0742 | Reduce(s) 0.0055 | Loss 0.1036
Epoch 00939 | Accuracy 96.56%
Process 000 | Epoch 00959 | Time(s) 0.1122 | Comm(s) 0.0741 | Reduce(s) 0.0055 | Loss 0.1020
Epoch 00949 | Accuracy 96.52%
Process 000 | Epoch 00969 | Time(s) 0.1121 | Comm(s) 0.0741 | Reduce(s) 0.0055 | Loss 0.0968
Epoch 00959 | Accuracy 96.53%
Process 000 | Epoch 00979 | Time(s) 0.1121 | Comm(s) 0.0741 | Reduce(s) 0.0055 | Loss 0.0995
Epoch 00969 | Accuracy 96.46%
Process 000 | Epoch 00989 | Time(s) 0.1121 | Comm(s) 0.0740 | Reduce(s) 0.0055 | Loss 0.1009
Epoch 00979 | Accuracy 96.48%
Process 000 | Epoch 00999 | Time(s) 0.1120 | Comm(s) 0.0740 | Reduce(s) 0.0055 | Loss 0.1000
Epoch 00989 | Accuracy 96.42%
Process 000 | Epoch 01009 | Time(s) 0.1121 | Comm(s) 0.0740 | Reduce(s) 0.0055 | Loss 0.0997
Epoch 00999 | Accuracy 96.47%
Process 000 | Epoch 01019 | Time(s) 0.1121 | Comm(s) 0.0740 | Reduce(s) 0.0055 | Loss 0.1006
Epoch 01009 | Accuracy 96.45%
Process 000 | Epoch 01029 | Time(s) 0.1121 | Comm(s) 0.0740 | Reduce(s) 0.0055 | Loss 0.1044
Epoch 01019 | Accuracy 96.41%
Process 000 | Epoch 01039 | Time(s) 0.1121 | Comm(s) 0.0741 | Reduce(s) 0.0055 | Loss 0.0999
Epoch 01029 | Accuracy 96.42%
Process 000 | Epoch 01049 | Time(s) 0.1122 | Comm(s) 0.0741 | Reduce(s) 0.0055 | Loss 0.0983
Epoch 01039 | Accuracy 96.45%
Process 000 | Epoch 01059 | Time(s) 0.1122 | Comm(s) 0.0741 | Reduce(s) 0.0055 | Loss 0.1017
Epoch 01049 | Accuracy 96.39%
Process 000 | Epoch 01069 | Time(s) 0.1122 | Comm(s) 0.0741 | Reduce(s) 0.0055 | Loss 0.0963
Epoch 01059 | Accuracy 96.46%
Process 000 | Epoch 01079 | Time(s) 0.1123 | Comm(s) 0.0742 | Reduce(s) 0.0055 | Loss 0.0956
Epoch 01069 | Accuracy 96.42%
Process 000 | Epoch 01089 | Time(s) 0.1123 | Comm(s) 0.0742 | Reduce(s) 0.0055 | Loss 0.0971
Epoch 01079 | Accuracy 96.53%
Process 000 | Epoch 01099 | Time(s) 0.1123 | Comm(s) 0.0742 | Reduce(s) 0.0055 | Loss 0.0968
Epoch 01089 | Accuracy 96.51%
Process 000 | Epoch 01109 | Time(s) 0.1124 | Comm(s) 0.0743 | Reduce(s) 0.0055 | Loss 0.0963
Epoch 01099 | Accuracy 96.44%
Process 000 | Epoch 01119 | Time(s) 0.1124 | Comm(s) 0.0743 | Reduce(s) 0.0055 | Loss 0.0963
Epoch 01109 | Accuracy 96.48%
Process 000 | Epoch 01129 | Time(s) 0.1124 | Comm(s) 0.0743 | Reduce(s) 0.0055 | Loss 0.0968
Epoch 01119 | Accuracy 96.45%
Process 000 | Epoch 01139 | Time(s) 0.1124 | Comm(s) 0.0743 | Reduce(s) 0.0055 | Loss 0.0957
Epoch 01129 | Accuracy 96.53%
Process 000 | Epoch 01149 | Time(s) 0.1124 | Comm(s) 0.0743 | Reduce(s) 0.0055 | Loss 0.0956
Epoch 01139 | Accuracy 96.46%
Process 000 | Epoch 01159 | Time(s) 0.1123 | Comm(s) 0.0743 | Reduce(s) 0.0055 | Loss 0.0930
Epoch 01149 | Accuracy 96.47%
Process 000 | Epoch 01169 | Time(s) 0.1124 | Comm(s) 0.0743 | Reduce(s) 0.0055 | Loss 0.0950
Epoch 01159 | Accuracy 96.54%
Process 000 | Epoch 01179 | Time(s) 0.1124 | Comm(s) 0.0743 | Reduce(s) 0.0055 | Loss 0.0951
Epoch 01169 | Accuracy 96.42%
Process 000 | Epoch 01189 | Time(s) 0.1123 | Comm(s) 0.0743 | Reduce(s) 0.0055 | Loss 0.0957
Epoch 01179 | Accuracy 96.47%
Process 000 | Epoch 01199 | Time(s) 0.1124 | Comm(s) 0.0743 | Reduce(s) 0.0055 | Loss 0.0940
Epoch 01189 | Accuracy 96.51%
Process 000 | Epoch 01209 | Time(s) 0.1123 | Comm(s) 0.0743 | Reduce(s) 0.0055 | Loss 0.0947
Epoch 01199 | Accuracy 96.48%
Process 000 | Epoch 01219 | Time(s) 0.1123 | Comm(s) 0.0743 | Reduce(s) 0.0055 | Loss 0.0926
Epoch 01209 | Accuracy 96.54%
Process 000 | Epoch 01229 | Time(s) 0.1123 | Comm(s) 0.0743 | Reduce(s) 0.0055 | Loss 0.0942
Epoch 01219 | Accuracy 96.47%
Process 000 | Epoch 01239 | Time(s) 0.1123 | Comm(s) 0.0743 | Reduce(s) 0.0055 | Loss 0.0946
Epoch 01229 | Accuracy 96.48%
Process 000 | Epoch 01249 | Time(s) 0.1123 | Comm(s) 0.0743 | Reduce(s) 0.0055 | Loss 0.0934
Epoch 01239 | Accuracy 96.57%
Process 000 | Epoch 01259 | Time(s) 0.1123 | Comm(s) 0.0742 | Reduce(s) 0.0055 | Loss 0.0880
Epoch 01249 | Accuracy 96.49%
Process 000 | Epoch 01269 | Time(s) 0.1123 | Comm(s) 0.0742 | Reduce(s) 0.0055 | Loss 0.0939
Epoch 01259 | Accuracy 96.49%
Process 000 | Epoch 01279 | Time(s) 0.1123 | Comm(s) 0.0742 | Reduce(s) 0.0055 | Loss 0.0905
Epoch 01269 | Accuracy 96.45%
Process 000 | Epoch 01289 | Time(s) 0.1124 | Comm(s) 0.0743 | Reduce(s) 0.0055 | Loss 0.0923
Epoch 01279 | Accuracy 96.45%
Process 000 | Epoch 01299 | Time(s) 0.1124 | Comm(s) 0.0744 | Reduce(s) 0.0055 | Loss 0.0894
Epoch 01289 | Accuracy 96.40%
Process 000 | Epoch 01309 | Time(s) 0.1124 | Comm(s) 0.0743 | Reduce(s) 0.0055 | Loss 0.0920
Epoch 01299 | Accuracy 96.46%
Process 000 | Epoch 01319 | Time(s) 0.1125 | Comm(s) 0.0744 | Reduce(s) 0.0055 | Loss 0.0907
Epoch 01309 | Accuracy 96.50%
Process 000 | Epoch 01329 | Time(s) 0.1124 | Comm(s) 0.0743 | Reduce(s) 0.0055 | Loss 0.0920
Process 001 | Epoch 00879 | Time(s) 0.1801 | Comm(s) 0.0748 | Reduce(s) 0.0057 | Loss 0.1147
Process 001 | Epoch 00889 | Time(s) 0.1802 | Comm(s) 0.0748 | Reduce(s) 0.0057 | Loss 0.1169
Process 001 | Epoch 00899 | Time(s) 0.1801 | Comm(s) 0.0748 | Reduce(s) 0.0057 | Loss 0.1140
Process 001 | Epoch 00909 | Time(s) 0.1801 | Comm(s) 0.0748 | Reduce(s) 0.0057 | Loss 0.1137
Process 001 | Epoch 00919 | Time(s) 0.1801 | Comm(s) 0.0747 | Reduce(s) 0.0057 | Loss 0.1105
Process 001 | Epoch 00929 | Time(s) 0.1801 | Comm(s) 0.0746 | Reduce(s) 0.0057 | Loss 0.1138
Process 001 | Epoch 00939 | Time(s) 0.1801 | Comm(s) 0.0746 | Reduce(s) 0.0057 | Loss 0.1090
Process 001 | Epoch 00949 | Time(s) 0.1801 | Comm(s) 0.0746 | Reduce(s) 0.0057 | Loss 0.1101
Process 001 | Epoch 00959 | Time(s) 0.1800 | Comm(s) 0.0746 | Reduce(s) 0.0057 | Loss 0.1153
Process 001 | Epoch 00969 | Time(s) 0.1799 | Comm(s) 0.0746 | Reduce(s) 0.0057 | Loss 0.1138
Process 001 | Epoch 00979 | Time(s) 0.1800 | Comm(s) 0.0746 | Reduce(s) 0.0057 | Loss 0.1113
Process 001 | Epoch 00989 | Time(s) 0.1799 | Comm(s) 0.0745 | Reduce(s) 0.0057 | Loss 0.1110
Process 001 | Epoch 00999 | Time(s) 0.1798 | Comm(s) 0.0745 | Reduce(s) 0.0057 | Loss 0.1108
Process 001 | Epoch 01009 | Time(s) 0.1798 | Comm(s) 0.0745 | Reduce(s) 0.0057 | Loss 0.1101
Process 001 | Epoch 01019 | Time(s) 0.1798 | Comm(s) 0.0745 | Reduce(s) 0.0057 | Loss 0.1099
Process 001 | Epoch 01029 | Time(s) 0.1798 | Comm(s) 0.0745 | Reduce(s) 0.0057 | Loss 0.1093
Process 001 | Epoch 01039 | Time(s) 0.1797 | Comm(s) 0.0745 | Reduce(s) 0.0057 | Loss 0.1091
Process 001 | Epoch 01049 | Time(s) 0.1797 | Comm(s) 0.0745 | Reduce(s) 0.0057 | Loss 0.1070
Process 001 | Epoch 01059 | Time(s) 0.1797 | Comm(s) 0.0746 | Reduce(s) 0.0057 | Loss 0.1063
Process 001 | Epoch 01069 | Time(s) 0.1796 | Comm(s) 0.0745 | Reduce(s) 0.0057 | Loss 0.1071
Process 001 | Epoch 01079 | Time(s) 0.1798 | Comm(s) 0.0746 | Reduce(s) 0.0057 | Loss 0.1081
Process 001 | Epoch 01089 | Time(s) 0.1796 | Comm(s) 0.0746 | Reduce(s) 0.0057 | Loss 0.1061
Process 001 | Epoch 01099 | Time(s) 0.1796 | Comm(s) 0.0747 | Reduce(s) 0.0057 | Loss 0.1088
Process 001 | Epoch 01109 | Time(s) 0.1795 | Comm(s) 0.0747 | Reduce(s) 0.0057 | Loss 0.1093
Process 001 | Epoch 01119 | Time(s) 0.1795 | Comm(s) 0.0747 | Reduce(s) 0.0057 | Loss 0.1107
Process 001 | Epoch 01129 | Time(s) 0.1795 | Comm(s) 0.0747 | Reduce(s) 0.0057 | Loss 0.1052
Process 001 | Epoch 01139 | Time(s) 0.1794 | Comm(s) 0.0747 | Reduce(s) 0.0057 | Loss 0.1068
Process 001 | Epoch 01149 | Time(s) 0.1794 | Comm(s) 0.0747 | Reduce(s) 0.0057 | Loss 0.1051
Process 001 | Epoch 01159 | Time(s) 0.1794 | Comm(s) 0.0747 | Reduce(s) 0.0057 | Loss 0.1061
Process 001 | Epoch 01169 | Time(s) 0.1794 | Comm(s) 0.0747 | Reduce(s) 0.0057 | Loss 0.1071
Process 001 | Epoch 01179 | Time(s) 0.1794 | Comm(s) 0.0747 | Reduce(s) 0.0057 | Loss 0.1042
Process 001 | Epoch 01189 | Time(s) 0.1793 | Comm(s) 0.0747 | Reduce(s) 0.0057 | Loss 0.1057
Process 001 | Epoch 01199 | Time(s) 0.1793 | Comm(s) 0.0747 | Reduce(s) 0.0057 | Loss 0.1007
Process 001 | Epoch 01209 | Time(s) 0.1793 | Comm(s) 0.0747 | Reduce(s) 0.0057 | Loss 0.1063
Process 001 | Epoch 01219 | Time(s) 0.1793 | Comm(s) 0.0747 | Reduce(s) 0.0057 | Loss 0.0997
Process 001 | Epoch 01229 | Time(s) 0.1793 | Comm(s) 0.0747 | Reduce(s) 0.0057 | Loss 0.1031
Process 001 | Epoch 01239 | Time(s) 0.1794 | Comm(s) 0.0747 | Reduce(s) 0.0057 | Loss 0.1014
Process 001 | Epoch 01249 | Time(s) 0.1794 | Comm(s) 0.0746 | Reduce(s) 0.0057 | Loss 0.1028
Process 001 | Epoch 01259 | Time(s) 0.1793 | Comm(s) 0.0746 | Reduce(s) 0.0057 | Loss 0.1031
Process 001 | Epoch 01269 | Time(s) 0.1793 | Comm(s) 0.0747 | Reduce(s) 0.0057 | Loss 0.1003
Process 001 | Epoch 01279 | Time(s) 0.1793 | Comm(s) 0.0747 | Reduce(s) 0.0057 | Loss 0.1036
Process 001 | Epoch 01289 | Time(s) 0.1793 | Comm(s) 0.0747 | Reduce(s) 0.0057 | Loss 0.1004
Process 001 | Epoch 01299 | Time(s) 0.1793 | Comm(s) 0.0748 | Reduce(s) 0.0057 | Loss 0.0996
Process 001 | Epoch 01309 | Time(s) 0.1793 | Comm(s) 0.0748 | Reduce(s) 0.0057 | Loss 0.1011
Process 001 | Epoch 01319 | Time(s) 0.1793 | Comm(s) 0.0748 | Reduce(s) 0.0057 | Loss 0.1001
Process 001 | Epoch 01329 | Time(s) 0.1793 | Comm(s) 0.0748 | Reduce(s) 0.0057 | Loss 0.1003
Process 001 | Epoch 01339 | Time(s) 0.1794 | Comm(s) 0.0748 | Reduce(s) 0.0057 | Loss 0.1011
Process 001 | Epoch 01349 | Time(s) 0.1794 | Comm(s) 0.0749 | Reduce(s) 0.0057 | Loss 0.1010
Process 001 | Epoch 01359 | Time(s) 0.1793 | Comm(s) 0.0748 | Reduce(s) 0.0057 | Loss 0.0943
Process 001 | Epoch 01369 | Time(s) 0.1792 | Comm(s) 0.0748 | Reduce(s) 0.0057 | Loss 0.1003
Process 001 | Epoch 01379 | Time(s) 0.1792 | Comm(s) 0.0749 | Reduce(s) 0.0057 | Loss 0.0985
Process 001 | Epoch 01389 | Time(s) 0.1792 | Comm(s) 0.0749 | Reduce(s) 0.0057 | Loss 0.0962
Process 001 | Epoch 01399 | Time(s) 0.1791 | Comm(s) 0.0749 | Reduce(s) 0.0057 | Loss 0.1014
Process 001 | Epoch 01409 | Time(s) 0.1791 | Comm(s) 0.0748 | Reduce(s) 0.0057 | Loss 0.0987
Process 001 | Epoch 01419 | Time(s) 0.1791 | Comm(s) 0.0748 | Reduce(s) 0.0057 | Loss 0.0996
Process 001 | Epoch 01429 | Time(s) 0.1791 | Comm(s) 0.0748 | Reduce(s) 0.0057 | Loss 0.0987
Process 001 | Epoch 01439 | Time(s) 0.1790 | Comm(s) 0.0748 | Reduce(s) 0.0057 | Loss 0.0972
Process 001 | Epoch 01449 | Time(s) 0.1791 | Comm(s) 0.0748 | Reduce(s) 0.0057 | Loss 0.0945
Process 001 | Epoch 01459 | Time(s) 0.1790 | Comm(s) 0.0748 | Reduce(s) 0.0057 | Loss 0.0973
Process 001 | Epoch 01469 | Time(s) 0.1790 | Comm(s) 0.0748 | Reduce(s) 0.0057 | Loss 0.0967
Process 001 | Epoch 01479 | Time(s) 0.1790 | Comm(s) 0.0748 | Reduce(s) 0.0057 | Loss 0.0978
Process 001 | Epoch 01489 | Time(s) 0.1790 | Comm(s) 0.0748 | Reduce(s) 0.0057 | Loss 0.0962
Process 001 | Epoch 01499 | Time(s) 0.1790 | Comm(s) 0.0748 | Reduce(s) 0.0057 | Loss 0.0957
Process 001 | Epoch 01509 | Time(s) 0.1790 | Comm(s) 0.0748 | Reduce(s) 0.0057 | Loss 0.0941
Process 001 | Epoch 01519 | Time(s) 0.1790 | Comm(s) 0.0748 | Reduce(s) 0.0057 | Loss 0.0932
Process 001 | Epoch 01529 | Time(s) 0.1790 | Comm(s) 0.0747 | Reduce(s) 0.0057 | Loss 0.0980
Process 001 | Epoch 01539 | Time(s) 0.1790 | Comm(s) 0.0747 | Reduce(s) 0.0057 | Loss 0.0952
Process 001 | Epoch 01549 | Time(s) 0.1790 | Comm(s) 0.0747 | Reduce(s) 0.0057 | Loss 0.0961
Process 001 | Epoch 01559 | Time(s) 0.1790 | Comm(s) 0.0747 | Reduce(s) 0.0057 | Loss 0.0973
Process 001 | Epoch 01569 | Time(s) 0.1790 | Comm(s) 0.0748 | Reduce(s) 0.0057 | Loss 0.0960
Process 001 | Epoch 01579 | Time(s) 0.1789 | Comm(s) 0.0747 | Reduce(s) 0.0057 | Loss 0.0947
Process 001 | Epoch 01589 | Time(s) 0.1789 | Comm(s) 0.0747 | Reduce(s) 0.0057 | Loss 0.0951
Process 001 | Epoch 01599 | Time(s) 0.1789 | Comm(s) 0.0747 | Reduce(s) 0.0057 | Loss 0.0946
Process 001 | Epoch 01609 | Time(s) 0.1789 | Comm(s) 0.0747 | Reduce(s) 0.0057 | Loss 0.0966
Process 001 | Epoch 01619 | Time(s) 0.1789 | Comm(s) 0.0746 | Reduce(s) 0.0057 | Loss 0.0945
Process 001 | Epoch 01629 | Time(s) 0.1789 | Comm(s) 0.0746 | Reduce(s) 0.0057 | Loss 0.0942
Process 001 | Epoch 01639 | Time(s) 0.1789 | Comm(s) 0.0746 | Reduce(s) 0.0057 | Loss 0.0949
Process 001 | Epoch 01649 | Time(s) 0.1788 | Comm(s) 0.0746 | Reduce(s) 0.0057 | Loss 0.0947
Process 001 | Epoch 01659 | Time(s) 0.1788 | Comm(s) 0.0746 | Reduce(s) 0.0057 | Loss 0.0922
Process 001 | Epoch 01669 | Time(s) 0.1788 | Comm(s) 0.0747 | Reduce(s) 0.0057 | Loss 0.0979
Process 001 | Epoch 01679 | Time(s) 0.1787 | Comm(s) 0.0747 | Reduce(s) 0.0057 | Loss 0.0956
Process 001 | Epoch 01689 | Time(s) 0.1788 | Comm(s) 0.0746 | Reduce(s) 0.0057 | Loss 0.0922
Process 001 | Epoch 01699 | Time(s) 0.1788 | Comm(s) 0.0747 | Reduce(s) 0.0057 | Loss 0.0945
Process 001 | Epoch 01709 | Time(s) 0.1788 | Comm(s) 0.0747 | Reduce(s) 0.0057 | Loss 0.0918
Process 001 | Epoch 01719 | Time(s) 0.1788 | Comm(s) 0.0747 | Reduce(s) 0.0057 | Loss 0.0922
Process 001 | Epoch 01729 | Time(s) 0.1788 | Comm(s) 0.0747 | Reduce(s) 0.0057 | Loss 0.0940
Process 001 | Epoch 01739 | Time(s) 0.1788 | Comm(s) 0.0747 | Reduce(s) 0.0057 | Loss 0.0920
Process 001 | Epoch 01749 | Time(s) 0.1787 | Comm(s) 0.0747 | Reduce(s) 0.0057 | Loss 0.0934
Process 001 | Epoch 01759 | Time(s) 0.1786 | Comm(s) 0.0747 | Reduce(s) 0.0057 | Loss 0.0932
Epoch 01319 | Accuracy 96.48%
Process 000 | Epoch 01339 | Time(s) 0.1125 | Comm(s) 0.0744 | Reduce(s) 0.0055 | Loss 0.0897
Epoch 01329 | Accuracy 96.46%
Process 000 | Epoch 01349 | Time(s) 0.1126 | Comm(s) 0.0744 | Reduce(s) 0.0055 | Loss 0.0928
Epoch 01339 | Accuracy 96.49%
Process 000 | Epoch 01359 | Time(s) 0.1126 | Comm(s) 0.0744 | Reduce(s) 0.0055 | Loss 0.0939
Epoch 01349 | Accuracy 96.48%
Process 000 | Epoch 01369 | Time(s) 0.1126 | Comm(s) 0.0745 | Reduce(s) 0.0055 | Loss 0.0908
Epoch 01359 | Accuracy 96.49%
Process 000 | Epoch 01379 | Time(s) 0.1126 | Comm(s) 0.0745 | Reduce(s) 0.0055 | Loss 0.0906
Epoch 01369 | Accuracy 96.48%
Process 000 | Epoch 01389 | Time(s) 0.1126 | Comm(s) 0.0745 | Reduce(s) 0.0055 | Loss 0.0870
Epoch 01379 | Accuracy 96.57%
Process 000 | Epoch 01399 | Time(s) 0.1126 | Comm(s) 0.0745 | Reduce(s) 0.0055 | Loss 0.0886
Epoch 01389 | Accuracy 96.53%
Process 000 | Epoch 01409 | Time(s) 0.1126 | Comm(s) 0.0744 | Reduce(s) 0.0055 | Loss 0.0883
Epoch 01399 | Accuracy 96.47%
Process 000 | Epoch 01419 | Time(s) 0.1126 | Comm(s) 0.0745 | Reduce(s) 0.0055 | Loss 0.0878
Epoch 01409 | Accuracy 96.55%
Process 000 | Epoch 01429 | Time(s) 0.1126 | Comm(s) 0.0745 | Reduce(s) 0.0055 | Loss 0.0871
Epoch 01419 | Accuracy 96.57%
Process 000 | Epoch 01439 | Time(s) 0.1126 | Comm(s) 0.0745 | Reduce(s) 0.0055 | Loss 0.0885
Epoch 01429 | Accuracy 96.54%
Process 000 | Epoch 01449 | Time(s) 0.1126 | Comm(s) 0.0745 | Reduce(s) 0.0055 | Loss 0.0882
Epoch 01439 | Accuracy 96.51%
Process 000 | Epoch 01459 | Time(s) 0.1125 | Comm(s) 0.0745 | Reduce(s) 0.0055 | Loss 0.0900
Epoch 01449 | Accuracy 96.54%
Process 000 | Epoch 01469 | Time(s) 0.1125 | Comm(s) 0.0744 | Reduce(s) 0.0055 | Loss 0.0878
Epoch 01459 | Accuracy 96.52%
Process 000 | Epoch 01479 | Time(s) 0.1125 | Comm(s) 0.0745 | Reduce(s) 0.0055 | Loss 0.0904
Epoch 01469 | Accuracy 96.48%
Process 000 | Epoch 01489 | Time(s) 0.1125 | Comm(s) 0.0745 | Reduce(s) 0.0055 | Loss 0.0897
Epoch 01479 | Accuracy 96.45%
Process 000 | Epoch 01499 | Time(s) 0.1125 | Comm(s) 0.0744 | Reduce(s) 0.0055 | Loss 0.0884
Epoch 01489 | Accuracy 96.53%
Process 000 | Epoch 01509 | Time(s) 0.1125 | Comm(s) 0.0744 | Reduce(s) 0.0055 | Loss 0.0855
Epoch 01499 | Accuracy 96.54%
Process 000 | Epoch 01519 | Time(s) 0.1124 | Comm(s) 0.0744 | Reduce(s) 0.0055 | Loss 0.0851
Epoch 01509 | Accuracy 96.53%
Process 000 | Epoch 01529 | Time(s) 0.1124 | Comm(s) 0.0744 | Reduce(s) 0.0055 | Loss 0.0870
Epoch 01519 | Accuracy 96.52%
Process 000 | Epoch 01539 | Time(s) 0.1124 | Comm(s) 0.0744 | Reduce(s) 0.0055 | Loss 0.0879
Epoch 01529 | Accuracy 96.53%
Process 000 | Epoch 01549 | Time(s) 0.1124 | Comm(s) 0.0744 | Reduce(s) 0.0055 | Loss 0.0859
Epoch 01539 | Accuracy 96.50%
Process 000 | Epoch 01559 | Time(s) 0.1124 | Comm(s) 0.0744 | Reduce(s) 0.0055 | Loss 0.0878
Epoch 01549 | Accuracy 96.42%
Process 000 | Epoch 01569 | Time(s) 0.1124 | Comm(s) 0.0745 | Reduce(s) 0.0055 | Loss 0.0851
Epoch 01559 | Accuracy 96.55%
Process 000 | Epoch 01579 | Time(s) 0.1123 | Comm(s) 0.0744 | Reduce(s) 0.0055 | Loss 0.0871
Epoch 01569 | Accuracy 96.53%
Process 000 | Epoch 01589 | Time(s) 0.1123 | Comm(s) 0.0744 | Reduce(s) 0.0055 | Loss 0.0862
Epoch 01579 | Accuracy 96.55%
Process 000 | Epoch 01599 | Time(s) 0.1123 | Comm(s) 0.0744 | Reduce(s) 0.0055 | Loss 0.0865
Epoch 01589 | Accuracy 96.51%
Process 000 | Epoch 01609 | Time(s) 0.1123 | Comm(s) 0.0744 | Reduce(s) 0.0055 | Loss 0.0846
Epoch 01599 | Accuracy 96.53%
Process 000 | Epoch 01619 | Time(s) 0.1122 | Comm(s) 0.0744 | Reduce(s) 0.0055 | Loss 0.0842
Epoch 01609 | Accuracy 96.54%
Process 000 | Epoch 01629 | Time(s) 0.1122 | Comm(s) 0.0744 | Reduce(s) 0.0055 | Loss 0.0858
Epoch 01619 | Accuracy 96.53%
Process 000 | Epoch 01639 | Time(s) 0.1123 | Comm(s) 0.0744 | Reduce(s) 0.0055 | Loss 0.0863
Epoch 01629 | Accuracy 96.50%
Process 000 | Epoch 01649 | Time(s) 0.1122 | Comm(s) 0.0744 | Reduce(s) 0.0055 | Loss 0.0858
Epoch 01639 | Accuracy 96.52%
Process 000 | Epoch 01659 | Time(s) 0.1123 | Comm(s) 0.0744 | Reduce(s) 0.0055 | Loss 0.0825
Epoch 01649 | Accuracy 96.56%
Process 000 | Epoch 01669 | Time(s) 0.1123 | Comm(s) 0.0744 | Reduce(s) 0.0055 | Loss 0.0872
Epoch 01659 | Accuracy 96.56%
Process 000 | Epoch 01679 | Time(s) 0.1123 | Comm(s) 0.0744 | Reduce(s) 0.0055 | Loss 0.0845
Epoch 01669 | Accuracy 96.53%
Process 000 | Epoch 01689 | Time(s) 0.1122 | Comm(s) 0.0744 | Reduce(s) 0.0055 | Loss 0.0834
Epoch 01679 | Accuracy 96.55%
Process 000 | Epoch 01699 | Time(s) 0.1123 | Comm(s) 0.0744 | Reduce(s) 0.0055 | Loss 0.0839
Epoch 01689 | Accuracy 96.54%
Process 000 | Epoch 01709 | Time(s) 0.1123 | Comm(s) 0.0744 | Reduce(s) 0.0055 | Loss 0.0839
Epoch 01699 | Accuracy 96.55%
Process 000 | Epoch 01719 | Time(s) 0.1123 | Comm(s) 0.0744 | Reduce(s) 0.0055 | Loss 0.0838
Epoch 01709 | Accuracy 96.53%
Process 000 | Epoch 01729 | Time(s) 0.1123 | Comm(s) 0.0744 | Reduce(s) 0.0055 | Loss 0.0822
Epoch 01719 | Accuracy 96.52%
Process 000 | Epoch 01739 | Time(s) 0.1124 | Comm(s) 0.0745 | Reduce(s) 0.0055 | Loss 0.0833
Epoch 01729 | Accuracy 96.50%
Process 000 | Epoch 01749 | Time(s) 0.1123 | Comm(s) 0.0745 | Reduce(s) 0.0055 | Loss 0.0837
Epoch 01739 | Accuracy 96.61%
Process 000 | Epoch 01759 | Time(s) 0.1123 | Comm(s) 0.0745 | Reduce(s) 0.0055 | Loss 0.0852
Epoch 01749 | Accuracy 96.60%
Process 000 | Epoch 01769 | Time(s) 0.1123 | Comm(s) 0.0745 | Reduce(s) 0.0055 | Loss 0.0847
Epoch 01759 | Accuracy 96.45%
Process 000 | Epoch 01779 | Time(s) 0.1123 | Comm(s) 0.0745 | Reduce(s) 0.0055 | Loss 0.0841
Epoch 01769 | Accuracy 96.53%
Process 000 | Epoch 01789 | Time(s) 0.1123 | Comm(s) 0.0744 | Reduce(s) 0.0055 | Loss 0.0849
Epoch 01779 | Accuracy 96.56%
Process 000 | Epoch 01799 | Time(s) 0.1123 | Comm(s) 0.0745 | Reduce(s) 0.0055 | Loss 0.0842
Epoch 01789 | Accuracy 96.59%
Process 000 | Epoch 01809 | Time(s) 0.1123 | Comm(s) 0.0744 | Reduce(s) 0.0055 | Loss 0.0835
Epoch 01799 | Accuracy 96.50%
Process 000 | Epoch 01819 | Time(s) 0.1123 | Comm(s) 0.0745 | Reduce(s) 0.0055 | Loss 0.0812
Epoch 01809 | Accuracy 96.58%
Process 000 | Epoch 01829 | Time(s) 0.1123 | Comm(s) 0.0744 | Reduce(s) 0.0055 | Loss 0.0809
Epoch 01819 | Accuracy 96.56%
Process 000 | Epoch 01839 | Time(s) 0.1123 | Comm(s) 0.0745 | Reduce(s) 0.0055 | Loss 0.0839
Epoch 01829 | Accuracy 96.57%
Process 000 | Epoch 01849 | Time(s) 0.1123 | Comm(s) 0.0745 | Reduce(s) 0.0055 | Loss 0.0843
Epoch 01839 | Accuracy 96.53%
Process 000 | Epoch 01859 | Time(s) 0.1123 | Comm(s) 0.0745 | Reduce(s) 0.0055 | Loss 0.0821
Epoch 01849 | Accuracy 96.57%
Process 000 | Epoch 01869 | Time(s) 0.1123 | Comm(s) 0.0744 | Reduce(s) 0.0055 | Loss 0.0818
Epoch 01859 | Accuracy 96.53%
Process 000 | Epoch 01879 | Time(s) 0.1123 | Comm(s) 0.0745 | Reduce(s) 0.0055 | Loss 0.0846
Epoch 01869 | Accuracy 96.58%
Process 000 | Epoch 01889 | Time(s) 0.1123 | Comm(s) 0.0744 | Reduce(s) 0.0055 | Loss 0.0837
Epoch 01879 | Accuracy 96.58%
Process 000 | Epoch 01899 | Time(s) 0.1122 | Comm(s) 0.0744 | Reduce(s) 0.0055 | Loss 0.0812
Epoch 01889 | Accuracy 96.61%
Process 000 | Epoch 01909 | Time(s) 0.1122 | Comm(s) 0.0744 | Reduce(s) 0.0055 | Loss 0.0795
Epoch 01899 | Accuracy 96.50%
Process 000 | Epoch 01919 | Time(s) 0.1121 | Comm(s) 0.0744 | Reduce(s) 0.0055 | Loss 0.0818
Epoch 01909 | Accuracy 96.57%
Process 000 | Epoch 01929 | Time(s) 0.1121 | Comm(s) 0.0743 | Reduce(s) 0.0055 | Loss 0.0810
Epoch 01919 | Accuracy 96.58%
Process 000 | Epoch 01939 | Time(s) 0.1121 | Comm(s) 0.0743 | Reduce(s) 0.0055 | Loss 0.0819
Epoch 01929 | Accuracy 96.56%
Process 000 | Epoch 01949 | Time(s) 0.1121 | Comm(s) 0.0743 | Reduce(s) 0.0055 | Loss 0.0826
Epoch 01939 | Accuracy 96.56%
Process 000 | Epoch 01959 | Time(s) 0.1121 | Comm(s) 0.0743 | Reduce(s) 0.0055 | Loss 0.0813
Epoch 01949 | Accuracy 96.49%
Process 000 | Epoch 01969 | Time(s) 0.1121 | Comm(s) 0.0743 | Reduce(s) 0.0055 | Loss 0.0810
Epoch 01959 | Accuracy 96.63%
Process 000 | Epoch 01979 | Time(s) 0.1121 | Comm(s) 0.0743 | Reduce(s) 0.0055 | Loss 0.0821
Epoch 01969 | Accuracy 96.59%
Process 000 | Epoch 01989 | Time(s) 0.1121 | Comm(s) 0.0743 | Reduce(s) 0.0055 | Loss 0.0822
Epoch 01979 | Accuracy 96.53%
Process 000 | Epoch 01999 | Time(s) 0.1121 | Comm(s) 0.0743 | Reduce(s) 0.0055 | Loss 0.0852
Process 001 | Epoch 01769 | Time(s) 0.1786 | Comm(s) 0.0747 | Reduce(s) 0.0057 | Loss 0.0918
Process 001 | Epoch 01779 | Time(s) 0.1786 | Comm(s) 0.0747 | Reduce(s) 0.0057 | Loss 0.0929
Process 001 | Epoch 01789 | Time(s) 0.1786 | Comm(s) 0.0747 | Reduce(s) 0.0057 | Loss 0.0942
Process 001 | Epoch 01799 | Time(s) 0.1786 | Comm(s) 0.0747 | Reduce(s) 0.0057 | Loss 0.0918
Process 001 | Epoch 01809 | Time(s) 0.1786 | Comm(s) 0.0747 | Reduce(s) 0.0057 | Loss 0.0904
Process 001 | Epoch 01819 | Time(s) 0.1787 | Comm(s) 0.0747 | Reduce(s) 0.0057 | Loss 0.0894
Process 001 | Epoch 01829 | Time(s) 0.1787 | Comm(s) 0.0747 | Reduce(s) 0.0057 | Loss 0.0903
Process 001 | Epoch 01839 | Time(s) 0.1788 | Comm(s) 0.0747 | Reduce(s) 0.0057 | Loss 0.0910
Process 001 | Epoch 01849 | Time(s) 0.1788 | Comm(s) 0.0747 | Reduce(s) 0.0057 | Loss 0.0907
Process 001 | Epoch 01859 | Time(s) 0.1787 | Comm(s) 0.0747 | Reduce(s) 0.0057 | Loss 0.0889
Process 001 | Epoch 01869 | Time(s) 0.1787 | Comm(s) 0.0747 | Reduce(s) 0.0057 | Loss 0.0875
Process 001 | Epoch 01879 | Time(s) 0.1787 | Comm(s) 0.0747 | Reduce(s) 0.0057 | Loss 0.0906
Process 001 | Epoch 01889 | Time(s) 0.1787 | Comm(s) 0.0746 | Reduce(s) 0.0057 | Loss 0.0932
Process 001 | Epoch 01899 | Time(s) 0.1787 | Comm(s) 0.0746 | Reduce(s) 0.0057 | Loss 0.0900
Process 001 | Epoch 01909 | Time(s) 0.1787 | Comm(s) 0.0746 | Reduce(s) 0.0057 | Loss 0.0908
Process 001 | Epoch 01919 | Time(s) 0.1786 | Comm(s) 0.0746 | Reduce(s) 0.0057 | Loss 0.0915
Process 001 | Epoch 01929 | Time(s) 0.1786 | Comm(s) 0.0746 | Reduce(s) 0.0057 | Loss 0.0900
Process 001 | Epoch 01939 | Time(s) 0.1786 | Comm(s) 0.0745 | Reduce(s) 0.0057 | Loss 0.0905
Process 001 | Epoch 01949 | Time(s) 0.1786 | Comm(s) 0.0745 | Reduce(s) 0.0057 | Loss 0.0892
Process 001 | Epoch 01959 | Time(s) 0.1786 | Comm(s) 0.0745 | Reduce(s) 0.0057 | Loss 0.0917
Process 001 | Epoch 01969 | Time(s) 0.1786 | Comm(s) 0.0746 | Reduce(s) 0.0057 | Loss 0.0893
Process 001 | Epoch 01979 | Time(s) 0.1786 | Comm(s) 0.0745 | Reduce(s) 0.0057 | Loss 0.0916
Process 001 | Epoch 01989 | Time(s) 0.1787 | Comm(s) 0.0746 | Reduce(s) 0.0057 | Loss 0.0921
Process 001 | Epoch 01999 | Time(s) 0.1786 | Comm(s) 0.0745 | Reduce(s) 0.0057 | Loss 0.0872
Process 001 | Epoch 02009 | Time(s) 0.1787 | Comm(s) 0.0746 | Reduce(s) 0.0057 | Loss 0.0899
Process 001 | Epoch 02019 | Time(s) 0.1787 | Comm(s) 0.0746 | Reduce(s) 0.0057 | Loss 0.0899
Process 001 | Epoch 02029 | Time(s) 0.1787 | Comm(s) 0.0746 | Reduce(s) 0.0057 | Loss 0.0924
Process 001 | Epoch 02039 | Time(s) 0.1788 | Comm(s) 0.0746 | Reduce(s) 0.0057 | Loss 0.0883
Process 001 | Epoch 02049 | Time(s) 0.1788 | Comm(s) 0.0745 | Reduce(s) 0.0057 | Loss 0.0874
Process 001 | Epoch 02059 | Time(s) 0.1788 | Comm(s) 0.0745 | Reduce(s) 0.0057 | Loss 0.0891
Process 001 | Epoch 02069 | Time(s) 0.1788 | Comm(s) 0.0745 | Reduce(s) 0.0057 | Loss 0.0895
Process 001 | Epoch 02079 | Time(s) 0.1788 | Comm(s) 0.0745 | Reduce(s) 0.0057 | Loss 0.0899
Process 001 | Epoch 02089 | Time(s) 0.1789 | Comm(s) 0.0745 | Reduce(s) 0.0057 | Loss 0.0894
Process 001 | Epoch 02099 | Time(s) 0.1788 | Comm(s) 0.0745 | Reduce(s) 0.0057 | Loss 0.0896
Process 001 | Epoch 02109 | Time(s) 0.1789 | Comm(s) 0.0745 | Reduce(s) 0.0057 | Loss 0.0892
Process 001 | Epoch 02119 | Time(s) 0.1789 | Comm(s) 0.0745 | Reduce(s) 0.0057 | Loss 0.0879
Process 001 | Epoch 02129 | Time(s) 0.1788 | Comm(s) 0.0745 | Reduce(s) 0.0057 | Loss 0.0889
Process 001 | Epoch 02139 | Time(s) 0.1788 | Comm(s) 0.0745 | Reduce(s) 0.0057 | Loss 0.0880
Process 001 | Epoch 02149 | Time(s) 0.1788 | Comm(s) 0.0744 | Reduce(s) 0.0057 | Loss 0.0922
Process 001 | Epoch 02159 | Time(s) 0.1788 | Comm(s) 0.0744 | Reduce(s) 0.0057 | Loss 0.0892
Process 001 | Epoch 02169 | Time(s) 0.1788 | Comm(s) 0.0744 | Reduce(s) 0.0057 | Loss 0.0883
Process 001 | Epoch 02179 | Time(s) 0.1789 | Comm(s) 0.0744 | Reduce(s) 0.0057 | Loss 0.0892
Process 001 | Epoch 02189 | Time(s) 0.1788 | Comm(s) 0.0744 | Reduce(s) 0.0057 | Loss 0.0866
Process 001 | Epoch 02199 | Time(s) 0.1789 | Comm(s) 0.0744 | Reduce(s) 0.0057 | Loss 0.0899
Process 001 | Epoch 02209 | Time(s) 0.1789 | Comm(s) 0.0744 | Reduce(s) 0.0057 | Loss 0.0880
Process 001 | Epoch 02219 | Time(s) 0.1789 | Comm(s) 0.0743 | Reduce(s) 0.0057 | Loss 0.0855
Process 001 | Epoch 02229 | Time(s) 0.1789 | Comm(s) 0.0744 | Reduce(s) 0.0057 | Loss 0.0878
Process 001 | Epoch 02239 | Time(s) 0.1789 | Comm(s) 0.0744 | Reduce(s) 0.0057 | Loss 0.0888
Process 001 | Epoch 02249 | Time(s) 0.1788 | Comm(s) 0.0744 | Reduce(s) 0.0057 | Loss 0.0869
Process 001 | Epoch 02259 | Time(s) 0.1789 | Comm(s) 0.0744 | Reduce(s) 0.0057 | Loss 0.0879
Process 001 | Epoch 02269 | Time(s) 0.1788 | Comm(s) 0.0743 | Reduce(s) 0.0057 | Loss 0.0852
Process 001 | Epoch 02279 | Time(s) 0.1789 | Comm(s) 0.0743 | Reduce(s) 0.0057 | Loss 0.0868
Process 001 | Epoch 02289 | Time(s) 0.1788 | Comm(s) 0.0743 | Reduce(s) 0.0057 | Loss 0.0858
Process 001 | Epoch 02299 | Time(s) 0.1788 | Comm(s) 0.0743 | Reduce(s) 0.0057 | Loss 0.0876
Process 001 | Epoch 02309 | Time(s) 0.1788 | Comm(s) 0.0743 | Reduce(s) 0.0057 | Loss 0.0870
Process 001 | Epoch 02319 | Time(s) 0.1788 | Comm(s) 0.0743 | Reduce(s) 0.0057 | Loss 0.0845
Process 001 | Epoch 02329 | Time(s) 0.1788 | Comm(s) 0.0743 | Reduce(s) 0.0057 | Loss 0.0893
Process 001 | Epoch 02339 | Time(s) 0.1788 | Comm(s) 0.0742 | Reduce(s) 0.0057 | Loss 0.0869
Process 001 | Epoch 02349 | Time(s) 0.1789 | Comm(s) 0.0743 | Reduce(s) 0.0057 | Loss 0.0846
Process 001 | Epoch 02359 | Time(s) 0.1789 | Comm(s) 0.0742 | Reduce(s) 0.0057 | Loss 0.0874
Process 001 | Epoch 02369 | Time(s) 0.1789 | Comm(s) 0.0742 | Reduce(s) 0.0056 | Loss 0.0881
Process 001 | Epoch 02379 | Time(s) 0.1789 | Comm(s) 0.0743 | Reduce(s) 0.0056 | Loss 0.0886
Process 001 | Epoch 02389 | Time(s) 0.1788 | Comm(s) 0.0742 | Reduce(s) 0.0056 | Loss 0.0857
Process 001 | Epoch 02399 | Time(s) 0.1788 | Comm(s) 0.0742 | Reduce(s) 0.0056 | Loss 0.0849
Process 001 | Epoch 02409 | Time(s) 0.1789 | Comm(s) 0.0742 | Reduce(s) 0.0057 | Loss 0.0859
Process 001 | Epoch 02419 | Time(s) 0.1788 | Comm(s) 0.0742 | Reduce(s) 0.0056 | Loss 0.0844
Process 001 | Epoch 02429 | Time(s) 0.1788 | Comm(s) 0.0742 | Reduce(s) 0.0056 | Loss 0.0855
Process 001 | Epoch 02439 | Time(s) 0.1789 | Comm(s) 0.0742 | Reduce(s) 0.0056 | Loss 0.0845
Process 001 | Epoch 02449 | Time(s) 0.1789 | Comm(s) 0.0742 | Reduce(s) 0.0056 | Loss 0.0857
Process 001 | Epoch 02459 | Time(s) 0.1789 | Comm(s) 0.0742 | Reduce(s) 0.0056 | Loss 0.0867
Process 001 | Epoch 02469 | Time(s) 0.1789 | Comm(s) 0.0742 | Reduce(s) 0.0056 | Loss 0.0876
Process 001 | Epoch 02479 | Time(s) 0.1789 | Comm(s) 0.0742 | Reduce(s) 0.0056 | Loss 0.0856
Process 001 | Epoch 02489 | Time(s) 0.1789 | Comm(s) 0.0742 | Reduce(s) 0.0057 | Loss 0.0851
Process 001 | Epoch 02499 | Time(s) 0.1789 | Comm(s) 0.0742 | Reduce(s) 0.0056 | Loss 0.0845
Process 001 | Epoch 02509 | Time(s) 0.1789 | Comm(s) 0.0742 | Reduce(s) 0.0056 | Loss 0.0836
Process 001 | Epoch 02519 | Time(s) 0.1789 | Comm(s) 0.0742 | Reduce(s) 0.0056 | Loss 0.0842
Process 001 | Epoch 02529 | Time(s) 0.1789 | Comm(s) 0.0741 | Reduce(s) 0.0056 | Loss 0.0871
Process 001 | Epoch 02539 | Time(s) 0.1789 | Comm(s) 0.0741 | Reduce(s) 0.0056 | Loss 0.0850
Process 001 | Epoch 02549 | Time(s) 0.1788 | Comm(s) 0.0742 | Reduce(s) 0.0056 | Loss 0.0832
Process 001 | Epoch 02559 | Time(s) 0.1789 | Comm(s) 0.0742 | Reduce(s) 0.0056 | Loss 0.0850
Process 001 | Epoch 02569 | Time(s) 0.1788 | Comm(s) 0.0742 | Reduce(s) 0.0057 | Loss 0.0851
Process 001 | Epoch 02579 | Time(s) 0.1788 | Comm(s) 0.0742 | Reduce(s) 0.0057 | Loss 0.0823
Process 001 | Epoch 02589 | Time(s) 0.1788 | Comm(s) 0.0742 | Reduce(s) 0.0057 | Loss 0.0850
Process 001 | Epoch 02599 | Time(s) 0.1788 | Comm(s) 0.0742 | Reduce(s) 0.0057 | Loss 0.0838
Process 001 | Epoch 02609 | Time(s) 0.1788 | Comm(s) 0.0742 | Reduce(s) 0.0057 | Loss 0.0868
Process 001 | Epoch 02619 | Time(s) 0.1788 | Comm(s) 0.0742 | Reduce(s) 0.0056 | Loss 0.0833
Process 001 | Epoch 02629 | Time(s) 0.1788 | Comm(s) 0.0742 | Reduce(s) 0.0057 | Loss 0.0828
Process 001 | Epoch 02639 | Time(s) 0.1788 | Comm(s) 0.0742 | Reduce(s) 0.0057 | Loss 0.0830
Process 001 | Epoch 02649 | Time(s) 0.1788 | Comm(s) 0.0742 | Reduce(s) 0.0057 | Loss 0.0833
Epoch 01989 | Accuracy 96.50%
Process 000 | Epoch 02009 | Time(s) 0.1121 | Comm(s) 0.0743 | Reduce(s) 0.0055 | Loss 0.0802
Epoch 01999 | Accuracy 96.48%
Process 000 | Epoch 02019 | Time(s) 0.1121 | Comm(s) 0.0743 | Reduce(s) 0.0055 | Loss 0.0767
Epoch 02009 | Accuracy 96.51%
Process 000 | Epoch 02029 | Time(s) 0.1121 | Comm(s) 0.0743 | Reduce(s) 0.0055 | Loss 0.0791
Epoch 02019 | Accuracy 96.55%
Process 000 | Epoch 02039 | Time(s) 0.1121 | Comm(s) 0.0743 | Reduce(s) 0.0055 | Loss 0.0823
Epoch 02029 | Accuracy 96.55%
Process 000 | Epoch 02049 | Time(s) 0.1121 | Comm(s) 0.0743 | Reduce(s) 0.0055 | Loss 0.0837
Epoch 02039 | Accuracy 96.57%
Process 000 | Epoch 02059 | Time(s) 0.1121 | Comm(s) 0.0743 | Reduce(s) 0.0055 | Loss 0.0822
Epoch 02049 | Accuracy 96.50%
Process 000 | Epoch 02069 | Time(s) 0.1120 | Comm(s) 0.0743 | Reduce(s) 0.0055 | Loss 0.0802
Epoch 02059 | Accuracy 96.55%
Process 000 | Epoch 02079 | Time(s) 0.1120 | Comm(s) 0.0743 | Reduce(s) 0.0055 | Loss 0.0777
Epoch 02069 | Accuracy 96.56%
Process 000 | Epoch 02089 | Time(s) 0.1120 | Comm(s) 0.0743 | Reduce(s) 0.0055 | Loss 0.0787
Epoch 02079 | Accuracy 96.53%
Process 000 | Epoch 02099 | Time(s) 0.1120 | Comm(s) 0.0743 | Reduce(s) 0.0055 | Loss 0.0822
Epoch 02089 | Accuracy 96.48%
Process 000 | Epoch 02109 | Time(s) 0.1120 | Comm(s) 0.0743 | Reduce(s) 0.0055 | Loss 0.0774
Epoch 02099 | Accuracy 96.54%
Process 000 | Epoch 02119 | Time(s) 0.1120 | Comm(s) 0.0743 | Reduce(s) 0.0055 | Loss 0.0792
Epoch 02109 | Accuracy 96.47%
Process 000 | Epoch 02129 | Time(s) 0.1120 | Comm(s) 0.0743 | Reduce(s) 0.0055 | Loss 0.0808
Epoch 02119 | Accuracy 96.54%
Process 000 | Epoch 02139 | Time(s) 0.1120 | Comm(s) 0.0743 | Reduce(s) 0.0055 | Loss 0.0798
Epoch 02129 | Accuracy 96.53%
Process 000 | Epoch 02149 | Time(s) 0.1119 | Comm(s) 0.0742 | Reduce(s) 0.0055 | Loss 0.0811
Epoch 02139 | Accuracy 96.49%
Process 000 | Epoch 02159 | Time(s) 0.1119 | Comm(s) 0.0742 | Reduce(s) 0.0054 | Loss 0.0799
Epoch 02149 | Accuracy 96.56%
Process 000 | Epoch 02169 | Time(s) 0.1119 | Comm(s) 0.0742 | Reduce(s) 0.0054 | Loss 0.0805
Epoch 02159 | Accuracy 96.45%
Process 000 | Epoch 02179 | Time(s) 0.1119 | Comm(s) 0.0742 | Reduce(s) 0.0054 | Loss 0.0815
Epoch 02169 | Accuracy 96.50%
Process 000 | Epoch 02189 | Time(s) 0.1118 | Comm(s) 0.0742 | Reduce(s) 0.0055 | Loss 0.0784
Epoch 02179 | Accuracy 96.53%
Process 000 | Epoch 02199 | Time(s) 0.1119 | Comm(s) 0.0742 | Reduce(s) 0.0054 | Loss 0.0787
Epoch 02189 | Accuracy 96.52%
Process 000 | Epoch 02209 | Time(s) 0.1118 | Comm(s) 0.0742 | Reduce(s) 0.0054 | Loss 0.0791
Epoch 02199 | Accuracy 96.53%
Process 000 | Epoch 02219 | Time(s) 0.1118 | Comm(s) 0.0742 | Reduce(s) 0.0054 | Loss 0.0781
Epoch 02209 | Accuracy 96.46%
Process 000 | Epoch 02229 | Time(s) 0.1119 | Comm(s) 0.0742 | Reduce(s) 0.0055 | Loss 0.0812
Epoch 02219 | Accuracy 96.51%
Process 000 | Epoch 02239 | Time(s) 0.1119 | Comm(s) 0.0742 | Reduce(s) 0.0055 | Loss 0.0809
Epoch 02229 | Accuracy 96.52%
Process 000 | Epoch 02249 | Time(s) 0.1119 | Comm(s) 0.0742 | Reduce(s) 0.0054 | Loss 0.0781
Epoch 02239 | Accuracy 96.42%
Process 000 | Epoch 02259 | Time(s) 0.1119 | Comm(s) 0.0742 | Reduce(s) 0.0054 | Loss 0.0768
Epoch 02249 | Accuracy 96.53%
Process 000 | Epoch 02269 | Time(s) 0.1118 | Comm(s) 0.0742 | Reduce(s) 0.0054 | Loss 0.0784
Epoch 02259 | Accuracy 96.46%
Process 000 | Epoch 02279 | Time(s) 0.1118 | Comm(s) 0.0742 | Reduce(s) 0.0054 | Loss 0.0779
Epoch 02269 | Accuracy 96.58%
Process 000 | Epoch 02289 | Time(s) 0.1118 | Comm(s) 0.0742 | Reduce(s) 0.0054 | Loss 0.0796
Epoch 02279 | Accuracy 96.52%
Process 000 | Epoch 02299 | Time(s) 0.1118 | Comm(s) 0.0741 | Reduce(s) 0.0054 | Loss 0.0779
Epoch 02289 | Accuracy 96.52%
Process 000 | Epoch 02309 | Time(s) 0.1118 | Comm(s) 0.0741 | Reduce(s) 0.0054 | Loss 0.0799
Epoch 02299 | Accuracy 96.59%
Process 000 | Epoch 02319 | Time(s) 0.1118 | Comm(s) 0.0741 | Reduce(s) 0.0054 | Loss 0.0782
Epoch 02309 | Accuracy 96.56%
Process 000 | Epoch 02329 | Time(s) 0.1117 | Comm(s) 0.0741 | Reduce(s) 0.0054 | Loss 0.0772
Epoch 02319 | Accuracy 96.48%
Process 000 | Epoch 02339 | Time(s) 0.1117 | Comm(s) 0.0741 | Reduce(s) 0.0054 | Loss 0.0788
Epoch 02329 | Accuracy 96.60%
Process 000 | Epoch 02349 | Time(s) 0.1117 | Comm(s) 0.0741 | Reduce(s) 0.0054 | Loss 0.0760
Epoch 02339 | Accuracy 96.63%
Process 000 | Epoch 02359 | Time(s) 0.1117 | Comm(s) 0.0741 | Reduce(s) 0.0054 | Loss 0.0750
Epoch 02349 | Accuracy 96.58%
Process 000 | Epoch 02369 | Time(s) 0.1117 | Comm(s) 0.0741 | Reduce(s) 0.0054 | Loss 0.0770
Epoch 02359 | Accuracy 96.50%
Process 000 | Epoch 02379 | Time(s) 0.1117 | Comm(s) 0.0741 | Reduce(s) 0.0054 | Loss 0.0793
Epoch 02369 | Accuracy 96.55%
Process 000 | Epoch 02389 | Time(s) 0.1117 | Comm(s) 0.0741 | Reduce(s) 0.0054 | Loss 0.0778
Epoch 02379 | Accuracy 96.58%
Process 000 | Epoch 02399 | Time(s) 0.1116 | Comm(s) 0.0741 | Reduce(s) 0.0054 | Loss 0.0771
Epoch 02389 | Accuracy 96.56%
Process 000 | Epoch 02409 | Time(s) 0.1116 | Comm(s) 0.0741 | Reduce(s) 0.0054 | Loss 0.0768
Epoch 02399 | Accuracy 96.53%
Process 000 | Epoch 02419 | Time(s) 0.1116 | Comm(s) 0.0741 | Reduce(s) 0.0054 | Loss 0.0765
Epoch 02409 | Accuracy 96.58%
Process 000 | Epoch 02429 | Time(s) 0.1116 | Comm(s) 0.0740 | Reduce(s) 0.0054 | Loss 0.0765
Epoch 02419 | Accuracy 96.64%
Process 000 | Epoch 02439 | Time(s) 0.1116 | Comm(s) 0.0741 | Reduce(s) 0.0054 | Loss 0.0782
Epoch 02429 | Accuracy 96.58%
Process 000 | Epoch 02449 | Time(s) 0.1116 | Comm(s) 0.0740 | Reduce(s) 0.0054 | Loss 0.0781
Epoch 02439 | Accuracy 96.57%
Process 000 | Epoch 02459 | Time(s) 0.1116 | Comm(s) 0.0741 | Reduce(s) 0.0054 | Loss 0.0770
Epoch 02449 | Accuracy 96.72%
Process 000 | Epoch 02469 | Time(s) 0.1116 | Comm(s) 0.0740 | Reduce(s) 0.0054 | Loss 0.0769
Epoch 02459 | Accuracy 96.61%
Process 000 | Epoch 02479 | Time(s) 0.1116 | Comm(s) 0.0740 | Reduce(s) 0.0054 | Loss 0.0743
Epoch 02469 | Accuracy 96.58%
Process 000 | Epoch 02489 | Time(s) 0.1115 | Comm(s) 0.0740 | Reduce(s) 0.0054 | Loss 0.0744
Epoch 02479 | Accuracy 96.63%
Process 000 | Epoch 02499 | Time(s) 0.1115 | Comm(s) 0.0740 | Reduce(s) 0.0054 | Loss 0.0779
Epoch 02489 | Accuracy 96.60%
Process 000 | Epoch 02509 | Time(s) 0.1115 | Comm(s) 0.0740 | Reduce(s) 0.0054 | Loss 0.0775
Epoch 02499 | Accuracy 96.63%
Process 000 | Epoch 02519 | Time(s) 0.1115 | Comm(s) 0.0740 | Reduce(s) 0.0054 | Loss 0.0788
Epoch 02509 | Accuracy 96.63%
Process 000 | Epoch 02529 | Time(s) 0.1115 | Comm(s) 0.0740 | Reduce(s) 0.0054 | Loss 0.0780
Epoch 02519 | Accuracy 96.53%
Process 000 | Epoch 02539 | Time(s) 0.1115 | Comm(s) 0.0740 | Reduce(s) 0.0054 | Loss 0.0792
Epoch 02529 | Accuracy 96.50%
Process 000 | Epoch 02549 | Time(s) 0.1115 | Comm(s) 0.0740 | Reduce(s) 0.0054 | Loss 0.0749
Epoch 02539 | Accuracy 96.62%
Process 000 | Epoch 02559 | Time(s) 0.1115 | Comm(s) 0.0740 | Reduce(s) 0.0054 | Loss 0.0757
Epoch 02549 | Accuracy 96.58%
Process 000 | Epoch 02569 | Time(s) 0.1116 | Comm(s) 0.0741 | Reduce(s) 0.0054 | Loss 0.0759
Epoch 02559 | Accuracy 96.50%
Process 000 | Epoch 02579 | Time(s) 0.1116 | Comm(s) 0.0741 | Reduce(s) 0.0054 | Loss 0.0757
Epoch 02569 | Accuracy 96.49%
Process 000 | Epoch 02589 | Time(s) 0.1116 | Comm(s) 0.0741 | Reduce(s) 0.0054 | Loss 0.0774
Epoch 02579 | Accuracy 96.66%
Process 000 | Epoch 02599 | Time(s) 0.1116 | Comm(s) 0.0741 | Reduce(s) 0.0054 | Loss 0.0766
Epoch 02589 | Accuracy 96.59%
Process 000 | Epoch 02609 | Time(s) 0.1116 | Comm(s) 0.0741 | Reduce(s) 0.0054 | Loss 0.0784
Epoch 02599 | Accuracy 96.60%
Process 000 | Epoch 02619 | Time(s) 0.1116 | Comm(s) 0.0741 | Reduce(s) 0.0054 | Loss 0.0761
Epoch 02609 | Accuracy 96.65%
Process 000 | Epoch 02629 | Time(s) 0.1116 | Comm(s) 0.0741 | Reduce(s) 0.0054 | Loss 0.0769
Epoch 02619 | Accuracy 96.55%
Process 000 | Epoch 02639 | Time(s) 0.1116 | Comm(s) 0.0741 | Reduce(s) 0.0054 | Loss 0.0757
Epoch 02629 | Accuracy 96.61%
Process 000 | Epoch 02649 | Time(s) 0.1116 | Comm(s) 0.0741 | Reduce(s) 0.0054 | Loss 0.0768
Epoch 02639 | Accuracy 96.67%
Process 000 | Epoch 02659 | Time(s) 0.1116 | Comm(s) 0.0741 | Reduce(s) 0.0055 | Loss 0.0741
Epoch 02649 | Accuracy 96.62%
Process 000 | Epoch 02669 | Time(s) 0.1116 | Comm(s) 0.0741 | Reduce(s) 0.0054 | Loss 0.0737
Process 001 | Epoch 02659 | Time(s) 0.1787 | Comm(s) 0.0742 | Reduce(s) 0.0057 | Loss 0.0858
Process 001 | Epoch 02669 | Time(s) 0.1788 | Comm(s) 0.0742 | Reduce(s) 0.0057 | Loss 0.0828
Process 001 | Epoch 02679 | Time(s) 0.1788 | Comm(s) 0.0742 | Reduce(s) 0.0057 | Loss 0.0842
Process 001 | Epoch 02689 | Time(s) 0.1787 | Comm(s) 0.0742 | Reduce(s) 0.0057 | Loss 0.0850
Process 001 | Epoch 02699 | Time(s) 0.1787 | Comm(s) 0.0742 | Reduce(s) 0.0057 | Loss 0.0829
Process 001 | Epoch 02709 | Time(s) 0.1787 | Comm(s) 0.0742 | Reduce(s) 0.0057 | Loss 0.0836
Process 001 | Epoch 02719 | Time(s) 0.1787 | Comm(s) 0.0742 | Reduce(s) 0.0057 | Loss 0.0851
Process 001 | Epoch 02729 | Time(s) 0.1787 | Comm(s) 0.0742 | Reduce(s) 0.0057 | Loss 0.0854
Process 001 | Epoch 02739 | Time(s) 0.1787 | Comm(s) 0.0742 | Reduce(s) 0.0057 | Loss 0.0860
Process 001 | Epoch 02749 | Time(s) 0.1787 | Comm(s) 0.0742 | Reduce(s) 0.0057 | Loss 0.0832
Process 001 | Epoch 02759 | Time(s) 0.1787 | Comm(s) 0.0742 | Reduce(s) 0.0057 | Loss 0.0823
Process 001 | Epoch 02769 | Time(s) 0.1787 | Comm(s) 0.0742 | Reduce(s) 0.0057 | Loss 0.0829
Process 001 | Epoch 02779 | Time(s) 0.1787 | Comm(s) 0.0742 | Reduce(s) 0.0057 | Loss 0.0825
Process 001 | Epoch 02789 | Time(s) 0.1787 | Comm(s) 0.0742 | Reduce(s) 0.0057 | Loss 0.0830
Process 001 | Epoch 02799 | Time(s) 0.1787 | Comm(s) 0.0742 | Reduce(s) 0.0057 | Loss 0.0834
Process 001 | Epoch 02809 | Time(s) 0.1787 | Comm(s) 0.0742 | Reduce(s) 0.0057 | Loss 0.0816
Process 001 | Epoch 02819 | Time(s) 0.1787 | Comm(s) 0.0742 | Reduce(s) 0.0057 | Loss 0.0829
Process 001 | Epoch 02829 | Time(s) 0.1787 | Comm(s) 0.0742 | Reduce(s) 0.0057 | Loss 0.0834
Process 001 | Epoch 02839 | Time(s) 0.1787 | Comm(s) 0.0742 | Reduce(s) 0.0057 | Loss 0.0821
Process 001 | Epoch 02849 | Time(s) 0.1787 | Comm(s) 0.0742 | Reduce(s) 0.0057 | Loss 0.0825
Process 001 | Epoch 02859 | Time(s) 0.1787 | Comm(s) 0.0742 | Reduce(s) 0.0057 | Loss 0.0819
Process 001 | Epoch 02869 | Time(s) 0.1787 | Comm(s) 0.0742 | Reduce(s) 0.0057 | Loss 0.0829
Process 001 | Epoch 02879 | Time(s) 0.1787 | Comm(s) 0.0742 | Reduce(s) 0.0057 | Loss 0.0837
Process 001 | Epoch 02889 | Time(s) 0.1787 | Comm(s) 0.0742 | Reduce(s) 0.0057 | Loss 0.0824
Process 001 | Epoch 02899 | Time(s) 0.1787 | Comm(s) 0.0742 | Reduce(s) 0.0057 | Loss 0.0842
Process 001 | Epoch 02909 | Time(s) 0.1787 | Comm(s) 0.0742 | Reduce(s) 0.0057 | Loss 0.0848
Process 001 | Epoch 02919 | Time(s) 0.1787 | Comm(s) 0.0742 | Reduce(s) 0.0057 | Loss 0.0822
Process 001 | Epoch 02929 | Time(s) 0.1787 | Comm(s) 0.0742 | Reduce(s) 0.0057 | Loss 0.0813
Process 001 | Epoch 02939 | Time(s) 0.1787 | Comm(s) 0.0742 | Reduce(s) 0.0057 | Loss 0.0821
Process 001 | Epoch 02949 | Time(s) 0.1787 | Comm(s) 0.0742 | Reduce(s) 0.0057 | Loss 0.0814
Process 001 | Epoch 02959 | Time(s) 0.1787 | Comm(s) 0.0742 | Reduce(s) 0.0057 | Loss 0.0824
Process 001 | Epoch 02969 | Time(s) 0.1787 | Comm(s) 0.0742 | Reduce(s) 0.0057 | Loss 0.0810
Process 001 | Epoch 02979 | Time(s) 0.1787 | Comm(s) 0.0742 | Reduce(s) 0.0057 | Loss 0.0831
Process 001 | Epoch 02989 | Time(s) 0.1787 | Comm(s) 0.0742 | Reduce(s) 0.0057 | Loss 0.0803
Process 001 | Epoch 02999 | Time(s) 0.1787 | Comm(s) 0.0742 | Reduce(s) 0.0057 | Loss 0.0825
(rank 1) memory stats: current 1283.87MB, peak 3406.92MB, reserved 3918.00MB

Epoch 02659 | Accuracy 96.62%
Process 000 | Epoch 02679 | Time(s) 0.1117 | Comm(s) 0.0741 | Reduce(s) 0.0054 | Loss 0.0741
Epoch 02669 | Accuracy 96.66%
Process 000 | Epoch 02689 | Time(s) 0.1116 | Comm(s) 0.0741 | Reduce(s) 0.0054 | Loss 0.0767
Epoch 02679 | Accuracy 96.65%
Process 000 | Epoch 02699 | Time(s) 0.1116 | Comm(s) 0.0741 | Reduce(s) 0.0054 | Loss 0.0758
Epoch 02689 | Accuracy 96.60%
Process 000 | Epoch 02709 | Time(s) 0.1117 | Comm(s) 0.0741 | Reduce(s) 0.0054 | Loss 0.0763
Epoch 02699 | Accuracy 96.54%
Process 000 | Epoch 02719 | Time(s) 0.1116 | Comm(s) 0.0741 | Reduce(s) 0.0054 | Loss 0.0769
Epoch 02709 | Accuracy 96.60%
Process 000 | Epoch 02729 | Time(s) 0.1116 | Comm(s) 0.0741 | Reduce(s) 0.0054 | Loss 0.0758
Epoch 02719 | Accuracy 96.59%
Process 000 | Epoch 02739 | Time(s) 0.1116 | Comm(s) 0.0741 | Reduce(s) 0.0054 | Loss 0.0762
Epoch 02729 | Accuracy 96.58%
Process 000 | Epoch 02749 | Time(s) 0.1116 | Comm(s) 0.0741 | Reduce(s) 0.0054 | Loss 0.0748
Epoch 02739 | Accuracy 96.61%
Process 000 | Epoch 02759 | Time(s) 0.1116 | Comm(s) 0.0741 | Reduce(s) 0.0054 | Loss 0.0728
Epoch 02749 | Accuracy 96.62%
Process 000 | Epoch 02769 | Time(s) 0.1116 | Comm(s) 0.0741 | Reduce(s) 0.0054 | Loss 0.0747
Epoch 02759 | Accuracy 96.64%
Process 000 | Epoch 02779 | Time(s) 0.1117 | Comm(s) 0.0741 | Reduce(s) 0.0054 | Loss 0.0751
Epoch 02769 | Accuracy 96.62%
Process 000 | Epoch 02789 | Time(s) 0.1117 | Comm(s) 0.0741 | Reduce(s) 0.0054 | Loss 0.0749
Epoch 02779 | Accuracy 96.62%
Process 000 | Epoch 02799 | Time(s) 0.1117 | Comm(s) 0.0741 | Reduce(s) 0.0054 | Loss 0.0770
Epoch 02789 | Accuracy 96.55%
Process 000 | Epoch 02809 | Time(s) 0.1117 | Comm(s) 0.0741 | Reduce(s) 0.0054 | Loss 0.0768
Epoch 02799 | Accuracy 96.61%
Process 000 | Epoch 02819 | Time(s) 0.1117 | Comm(s) 0.0741 | Reduce(s) 0.0054 | Loss 0.0757
Epoch 02809 | Accuracy 96.54%
Process 000 | Epoch 02829 | Time(s) 0.1117 | Comm(s) 0.0742 | Reduce(s) 0.0054 | Loss 0.0739
Epoch 02819 | Accuracy 96.56%
Process 000 | Epoch 02839 | Time(s) 0.1117 | Comm(s) 0.0741 | Reduce(s) 0.0054 | Loss 0.0742
Epoch 02829 | Accuracy 96.56%
Process 000 | Epoch 02849 | Time(s) 0.1117 | Comm(s) 0.0741 | Reduce(s) 0.0054 | Loss 0.0758
Epoch 02839 | Accuracy 96.58%
Process 000 | Epoch 02859 | Time(s) 0.1117 | Comm(s) 0.0741 | Reduce(s) 0.0054 | Loss 0.0772
Epoch 02849 | Accuracy 96.59%
Process 000 | Epoch 02869 | Time(s) 0.1117 | Comm(s) 0.0741 | Reduce(s) 0.0054 | Loss 0.0768
Epoch 02859 | Accuracy 96.60%
Process 000 | Epoch 02879 | Time(s) 0.1117 | Comm(s) 0.0741 | Reduce(s) 0.0054 | Loss 0.0739
Epoch 02869 | Accuracy 96.54%
Process 000 | Epoch 02889 | Time(s) 0.1117 | Comm(s) 0.0741 | Reduce(s) 0.0054 | Loss 0.0761
Epoch 02879 | Accuracy 96.53%
Process 000 | Epoch 02899 | Time(s) 0.1117 | Comm(s) 0.0741 | Reduce(s) 0.0054 | Loss 0.0751
Epoch 02889 | Accuracy 96.60%
Process 000 | Epoch 02909 | Time(s) 0.1117 | Comm(s) 0.0741 | Reduce(s) 0.0054 | Loss 0.0759
Epoch 02899 | Accuracy 96.61%
Process 000 | Epoch 02919 | Time(s) 0.1117 | Comm(s) 0.0741 | Reduce(s) 0.0054 | Loss 0.0737
Epoch 02909 | Accuracy 96.60%
Process 000 | Epoch 02929 | Time(s) 0.1117 | Comm(s) 0.0741 | Reduce(s) 0.0055 | Loss 0.0728
Epoch 02919 | Accuracy 96.58%
Process 000 | Epoch 02939 | Time(s) 0.1117 | Comm(s) 0.0741 | Reduce(s) 0.0054 | Loss 0.0755
Epoch 02929 | Accuracy 96.53%
Process 000 | Epoch 02949 | Time(s) 0.1117 | Comm(s) 0.0741 | Reduce(s) 0.0054 | Loss 0.0751
Epoch 02939 | Accuracy 96.50%
Process 000 | Epoch 02959 | Time(s) 0.1117 | Comm(s) 0.0741 | Reduce(s) 0.0054 | Loss 0.0730
Epoch 02949 | Accuracy 96.53%
Process 000 | Epoch 02969 | Time(s) 0.1117 | Comm(s) 0.0741 | Reduce(s) 0.0054 | Loss 0.0734
Epoch 02959 | Accuracy 96.58%
Process 000 | Epoch 02979 | Time(s) 0.1117 | Comm(s) 0.0741 | Reduce(s) 0.0054 | Loss 0.0743
Epoch 02969 | Accuracy 96.63%
Process 000 | Epoch 02989 | Time(s) 0.1117 | Comm(s) 0.0742 | Reduce(s) 0.0054 | Loss 0.0733
Epoch 02979 | Accuracy 96.66%
Process 000 | Epoch 02999 | Time(s) 0.1117 | Comm(s) 0.0742 | Reduce(s) 0.0054 | Loss 0.0736
Epoch 02989 | Accuracy 96.66%
(rank 0) memory stats: current 1186.68MB, peak 3270.94MB, reserved 3834.00MB
Epoch 02999 | Accuracy 96.59%
model saved
Max Validation Accuracy 96.72%
Test Result | Accuracy 97.18%
