/home/zhaoyu/miniconda3/envs/test/lib/python3.11/site-packages/dgl/graphbolt/__init__.py:114: GBWarning: 
An experimental feature for CUDA allocations is turned on for better allocation
pattern resulting in better memory usage for minibatch GNN training workloads.
See https://pytorch.org/docs/stable/notes/cuda.html#optimizing-memory-usage-with-pytorch-cuda-alloc-conf,
and set the environment variable `PYTORCH_CUDA_ALLOC_CONF=expandable_segments:False`
if you want to disable it and set it True to acknowledge and disable the warning.

  gb_warning(WARNING_STR_TO_BE_SHOWN)
Namespace(dataset='reddit', data_path='./dataset/', part_path='./partition/', graph_name='reddit-2-metis-vol-induc', model='graphsage', dropout=0.5, lr=0.01, sampling_rate=0.1, heads=1, n_epochs=3000, n_partitions=2, n_hidden=256, n_layers=4, log_every=10, weight_decay=0, norm='layer', partition_obj='vol', partition_method='metis', n_linear=0, use_pp=True, inductive=True, fix_seed=True, seed=3, backend='gloo', port=18118, master_addr='127.0.0.1', node_rank=0, parts_per_node=10, skip_partition=True, eval=True)
loading partitions
Process 0 has 144839 nodes, 28484466 edges 78250 inner nodes, and 20593238 inner edges.
Process 0 start training
Process 000 | Epoch 00009 | Time(s) 0.0910 | Comm(s) 0.0630 | Reduce(s) 0.0051 | Loss 2.5350
Process 000 | Epoch 00019 | Time(s) 0.0961 | Comm(s) 0.0661 | Reduce(s) 0.0050 | Loss 1.6322
Epoch 00009 | Accuracy 20.84%
Process 000 | Epoch 00029 | Time(s) 0.1088 | Comm(s) 0.0737 | Reduce(s) 0.0053 | Loss 0.9606
Epoch 00019 | Accuracy 51.40%
Process 000 | Epoch 00039 | Time(s) 0.1133 | Comm(s) 0.0770 | Reduce(s) 0.0053 | Loss 0.6151
Epoch 00029 | Accuracy 74.83%
Process 000 | Epoch 00049 | Time(s) 0.1149 | Comm(s) 0.0775 | Reduce(s) 0.0055 | Loss 0.4821
Epoch 00039 | Accuracy 86.01%
Process 000 | Epoch 00059 | Time(s) 0.1163 | Comm(s) 0.0782 | Reduce(s) 0.0057 | Loss 0.4178
Epoch 00049 | Accuracy 90.30%
Process 000 | Epoch 00069 | Time(s) 0.1179 | Comm(s) 0.0790 | Reduce(s) 0.0058 | Loss 0.3830
Epoch 00059 | Accuracy 91.73%
Process 000 | Epoch 00079 | Time(s) 0.1178 | Comm(s) 0.0788 | Reduce(s) 0.0057 | Loss 0.3469
Epoch 00069 | Accuracy 92.56%
Process 000 | Epoch 00089 | Time(s) 0.1184 | Comm(s) 0.0793 | Reduce(s) 0.0057 | Loss 0.3237
Epoch 00079 | Accuracy 93.14%
Process 000 | Epoch 00099 | Time(s) 0.1181 | Comm(s) 0.0793 | Reduce(s) 0.0057 | Loss 0.3010
Epoch 00089 | Accuracy 93.71%
Process 000 | Epoch 00109 | Time(s) 0.1187 | Comm(s) 0.0796 | Reduce(s) 0.0058 | Loss 0.2875
Epoch 00099 | Accuracy 94.01%
Process 000 | Epoch 00119 | Time(s) 0.1183 | Comm(s) 0.0792 | Reduce(s) 0.0058 | Loss 0.2750
Epoch 00109 | Accuracy 94.19%
Process 000 | Epoch 00129 | Time(s) 0.1178 | Comm(s) 0.0788 | Reduce(s) 0.0058 | Loss 0.2671
Epoch 00119 | Accuracy 94.43%
Process 000 | Epoch 00139 | Time(s) 0.1171 | Comm(s) 0.0783 | Reduce(s) 0.0057 | Loss 0.2518
Epoch 00129 | Accuracy 94.57%
Process 000 | Epoch 00149 | Time(s) 0.1169 | Comm(s) 0.0783 | Reduce(s) 0.0057 | Loss 0.2472
Epoch 00139 | Accuracy 94.70%
Process 000 | Epoch 00159 | Time(s) 0.1172 | Comm(s) 0.0785 | Reduce(s) 0.0057 | Loss 0.2356
Epoch 00149 | Accuracy 94.82%
Process 000 | Epoch 00169 | Time(s) 0.1173 | Comm(s) 0.0787 | Reduce(s) 0.0057 | Loss 0.2325
Epoch 00159 | Accuracy 94.95%
Process 000 | Epoch 00179 | Time(s) 0.1168 | Comm(s) 0.0783 | Reduce(s) 0.0057 | Loss 0.2275
Epoch 00169 | Accuracy 95.07%
Process 000 | Epoch 00189 | Time(s) 0.1170 | Comm(s) 0.0785 | Reduce(s) 0.0057 | Loss 0.2198
Epoch 00179 | Accuracy 95.21%
Process 000 | Epoch 00199 | Time(s) 0.1168 | Comm(s) 0.0782 | Reduce(s) 0.0057 | Loss 0.2198
Epoch 00189 | Accuracy 95.25%
Process 000 | Epoch 00209 | Time(s) 0.1171 | Comm(s) 0.0785 | Reduce(s) 0.0057 | Loss 0.2152
Epoch 00199 | Accuracy 95.37%
Process 000 | Epoch 00219 | Time(s) 0.1171 | Comm(s) 0.0786 | Reduce(s) 0.0057 | Loss 0.2064
Epoch 00209 | Accuracy 95.35%
Process 000 | Epoch 00229 | Time(s) 0.1171 | Comm(s) 0.0785 | Reduce(s) 0.0058 | Loss 0.2035
Epoch 00219 | Accuracy 95.55%
Process 000 | Epoch 00239 | Time(s) 0.1172 | Comm(s) 0.0787 | Reduce(s) 0.0059 | Loss 0.2008
Epoch 00229 | Accuracy 95.55%
Process 000 | Epoch 00249 | Time(s) 0.1173 | Comm(s) 0.0786 | Reduce(s) 0.0059 | Loss 0.2002
Epoch 00239 | Accuracy 95.57%
Process 000 | Epoch 00259 | Time(s) 0.1172 | Comm(s) 0.0787 | Reduce(s) 0.0058 | Loss 0.1917
Epoch 00249 | Accuracy 95.59%
Process 000 | Epoch 00269 | Time(s) 0.1172 | Comm(s) 0.0786 | Reduce(s) 0.0058 | Loss 0.1904
Epoch 00259 | Accuracy 95.69%
Process 000 | Epoch 00279 | Time(s) 0.1170 | Comm(s) 0.0784 | Reduce(s) 0.0058 | Loss 0.1871
Epoch 00269 | Accuracy 95.77%
Process 000 | Epoch 00289 | Time(s) 0.1169 | Comm(s) 0.0784 | Reduce(s) 0.0058 | Loss 0.1842
Epoch 00279 | Accuracy 95.80%
Process 000 | Epoch 00299 | Time(s) 0.1170 | Comm(s) 0.0786 | Reduce(s) 0.0058 | Loss 0.1762
Epoch 00289 | Accuracy 95.85%
Process 000 | Epoch 00309 | Time(s) 0.1171 | Comm(s) 0.0787 | Reduce(s) 0.0058 | Loss 0.1767
Epoch 00299 | Accuracy 95.80%
Process 000 | Epoch 00319 | Time(s) 0.1173 | Comm(s) 0.0787 | Reduce(s) 0.0058 | Loss 0.1717
Epoch 00309 | Accuracy 95.93%
Process 000 | Epoch 00329 | Time(s) 0.1173 | Comm(s) 0.0787 | Reduce(s) 0.0058 | Loss 0.1704
Epoch 00319 | Accuracy 95.89%
Process 000 | Epoch 00339 | Time(s) 0.1171 | Comm(s) 0.0787 | Reduce(s) 0.0058 | Loss 0.1698
Epoch 00329 | Accuracy 95.93%
Process 000 | Epoch 00349 | Time(s) 0.1170 | Comm(s) 0.0785 | Reduce(s) 0.0058 | Loss 0.1683
Epoch 00339 | Accuracy 95.99%
Process 000 | Epoch 00359 | Time(s) 0.1170 | Comm(s) 0.0785 | Reduce(s) 0.0058 | Loss 0.1659
Epoch 00349 | Accuracy 95.98%
Process 000 | Epoch 00369 | Time(s) 0.1169 | Comm(s) 0.0784 | Reduce(s) 0.0058 | Loss 0.1623
Epoch 00359 | Accuracy 96.00%
Process 000 | Epoch 00379 | Time(s) 0.1171 | Comm(s) 0.0786 | Reduce(s) 0.0058 | Loss 0.1624
Epoch 00369 | Accuracy 95.98%
Process 000 | Epoch 00389 | Time(s) 0.1172 | Comm(s) 0.0787 | Reduce(s) 0.0058 | Loss 0.1578
Epoch 00379 | Accuracy 96.10%
Process 000 | Epoch 00399 | Time(s) 0.1172 | Comm(s) 0.0787 | Reduce(s) 0.0057 | Loss 0.1534
Epoch 00389 | Accuracy 96.09%
Process 000 | Epoch 00409 | Time(s) 0.1173 | Comm(s) 0.0787 | Reduce(s) 0.0057 | Loss 0.1555
Epoch 00399 | Accuracy 96.14%
Process 000 | Epoch 00419 | Time(s) 0.1173 | Comm(s) 0.0787 | Reduce(s) 0.0057 | Loss 0.1524
Epoch 00409 | Accuracy 96.12%
Process 000 | Epoch 00429 | Time(s) 0.1172 | Comm(s) 0.0786 | Reduce(s) 0.0057 | Loss 0.1520
Epoch 00419 | Accuracy 96.15%
Process 000 | Epoch 00439 | Time(s) 0.1171 | Comm(s) 0.0785 | Reduce(s) 0.0057 | Loss 0.1480
Epoch 00429 | Accuracy 96.16%
Process 000 | Epoch 00449 | Time(s) 0.1171 | Comm(s) 0.0785 | Reduce(s) 0.0057 | Loss 0.1472
Epoch 00439 | Accuracy 96.18%
Process 000 | Epoch 00459 | Time(s) 0.1171 | Comm(s) 0.0785 | Reduce(s) 0.0057 | Loss 0.1436
Epoch 00449 | Accuracy 96.19%
Process 000 | Epoch 00469 | Time(s) 0.1172 | Comm(s) 0.0785 | Reduce(s) 0.0057 | Loss 0.1430
Epoch 00459 | Accuracy 96.22%
Process 000 | Epoch 00479 | Time(s) 0.1173 | Comm(s) 0.0785 | Reduce(s) 0.0057 | Loss 0.1404
Epoch 00469 | Accuracy 96.16%
Process 000 | Epoch 00489 | Time(s) 0.1172 | Comm(s) 0.0784 | Reduce(s) 0.0057 | Loss 0.1408
Epoch 00479 | Accuracy 96.16%
Process 000 | Epoch 00499 | Time(s) 0.1172 | Comm(s) 0.0785 | Reduce(s) 0.0057 | Loss 0.1380
Epoch 00489 | Accuracy 96.22%
Process 000 | Epoch 00509 | Time(s) 0.1171 | Comm(s) 0.0784 | Reduce(s) 0.0057 | Loss 0.1398
Epoch 00499 | Accuracy 96.23%
Process 000 | Epoch 00519 | Time(s) 0.1171 | Comm(s) 0.0784 | Reduce(s) 0.0057 | Loss 0.1349
Epoch 00509 | Accuracy 96.24%
Process 000 | Epoch 00529 | Time(s) 0.1172 | Comm(s) 0.0784 | Reduce(s) 0.0057 | Loss 0.1361
Epoch 00519 | Accuracy 96.34%
Process 000 | Epoch 00539 | Time(s) 0.1172 | Comm(s) 0.0784 | Reduce(s) 0.0057 | Loss 0.1338
Epoch 00529 | Accuracy 96.34%
Process 000 | Epoch 00549 | Time(s) 0.1173 | Comm(s) 0.0784 | Reduce(s) 0.0057 | Loss 0.1311
Epoch 00539 | Accuracy 96.32%
Process 000 | Epoch 00559 | Time(s) 0.1174 | Comm(s) 0.0785 | Reduce(s) 0.0057 | Loss 0.1315
Epoch 00549 | Accuracy 96.36%
Process 000 | Epoch 00569 | Time(s) 0.1175 | Comm(s) 0.0786 | Reduce(s) 0.0057 | Loss 0.1312
Epoch 00559 | Accuracy 96.33%
Process 000 | Epoch 00579 | Time(s) 0.1175 | Comm(s) 0.0786 | Reduce(s) 0.0057 | Loss 0.1269
Epoch 00569 | Accuracy 96.35%
Process 000 | Epoch 00589 | Time(s) 0.1175 | Comm(s) 0.0786 | Reduce(s) 0.0057 | Loss 0.1282
Epoch 00579 | Accuracy 96.40%
Process 000 | Epoch 00599 | Time(s) 0.1175 | Comm(s) 0.0786 | Reduce(s) 0.0057 | Loss 0.1282
Epoch 00589 | Accuracy 96.43%
Process 000 | Epoch 00609 | Time(s) 0.1175 | Comm(s) 0.0786 | Reduce(s) 0.0057 | Loss 0.1242
Epoch 00599 | Accuracy 96.29%
Process 000 | Epoch 00619 | Time(s) 0.1175 | Comm(s) 0.0785 | Reduce(s) 0.0056 | Loss 0.1245
Epoch 00609 | Accuracy 96.45%
Process 000 | Epoch 00629 | Time(s) 0.1175 | Comm(s) 0.0785 | Reduce(s) 0.0056 | Loss 0.1247
Epoch 00619 | Accuracy 96.42%
Process 000 | Epoch 00639 | Time(s) 0.1174 | Comm(s) 0.0785 | Reduce(s) 0.0056 | Loss 0.1224
Epoch 00629 | Accuracy 96.42%
Process 000 | Epoch 00649 | Time(s) 0.1174 | Comm(s) 0.0785 | Reduce(s) 0.0056 | Loss 0.1222
Epoch 00639 | Accuracy 96.41%
Process 000 | Epoch 00659 | Time(s) 0.1173 | Comm(s) 0.0784 | Reduce(s) 0.0056 | Loss 0.1237
Epoch 00649 | Accuracy 96.36%loading partitions
Process 1 has 108813 nodes, 31844953 edges 75181 inner nodes, and 23953725 inner edges.
Process 1 start training
Process 001 | Epoch 00009 | Time(s) 0.0910 | Comm(s) 0.0623 | Reduce(s) 0.0050 | Loss 3.7146
Process 001 | Epoch 00019 | Time(s) 0.0980 | Comm(s) 0.0652 | Reduce(s) 0.0056 | Loss 2.4560
Process 001 | Epoch 00029 | Time(s) 0.2044 | Comm(s) 0.0725 | Reduce(s) 0.0061 | Loss 1.5497
Process 001 | Epoch 00039 | Time(s) 0.1938 | Comm(s) 0.0749 | Reduce(s) 0.0060 | Loss 0.9376
Process 001 | Epoch 00049 | Time(s) 0.1905 | Comm(s) 0.0753 | Reduce(s) 0.0058 | Loss 0.6278
Process 001 | Epoch 00059 | Time(s) 0.1909 | Comm(s) 0.0766 | Reduce(s) 0.0057 | Loss 0.5034
Process 001 | Epoch 00069 | Time(s) 0.1923 | Comm(s) 0.0784 | Reduce(s) 0.0057 | Loss 0.4242
Process 001 | Epoch 00079 | Time(s) 0.1896 | Comm(s) 0.0780 | Reduce(s) 0.0058 | Loss 0.3858
Process 001 | Epoch 00089 | Time(s) 0.1909 | Comm(s) 0.0785 | Reduce(s) 0.0059 | Loss 0.3424
Process 001 | Epoch 00099 | Time(s) 0.1891 | Comm(s) 0.0786 | Reduce(s) 0.0058 | Loss 0.3335
Process 001 | Epoch 00109 | Time(s) 0.1888 | Comm(s) 0.0787 | Reduce(s) 0.0058 | Loss 0.3157
Process 001 | Epoch 00119 | Time(s) 0.1882 | Comm(s) 0.0785 | Reduce(s) 0.0058 | Loss 0.2913
Process 001 | Epoch 00129 | Time(s) 0.1892 | Comm(s) 0.0782 | Reduce(s) 0.0058 | Loss 0.2796
Process 001 | Epoch 00139 | Time(s) 0.1884 | Comm(s) 0.0777 | Reduce(s) 0.0058 | Loss 0.2722
Process 001 | Epoch 00149 | Time(s) 0.1877 | Comm(s) 0.0777 | Reduce(s) 0.0058 | Loss 0.2662
Process 001 | Epoch 00159 | Time(s) 0.1874 | Comm(s) 0.0780 | Reduce(s) 0.0059 | Loss 0.2509
Process 001 | Epoch 00169 | Time(s) 0.1873 | Comm(s) 0.0779 | Reduce(s) 0.0059 | Loss 0.2456
Process 001 | Epoch 00179 | Time(s) 0.1864 | Comm(s) 0.0776 | Reduce(s) 0.0059 | Loss 0.2445
Process 001 | Epoch 00189 | Time(s) 0.1865 | Comm(s) 0.0778 | Reduce(s) 0.0059 | Loss 0.2377
Process 001 | Epoch 00199 | Time(s) 0.1858 | Comm(s) 0.0776 | Reduce(s) 0.0059 | Loss 0.2253
Process 001 | Epoch 00209 | Time(s) 0.1859 | Comm(s) 0.0778 | Reduce(s) 0.0059 | Loss 0.2302
Process 001 | Epoch 00219 | Time(s) 0.1855 | Comm(s) 0.0778 | Reduce(s) 0.0059 | Loss 0.2228
Process 001 | Epoch 00229 | Time(s) 0.1855 | Comm(s) 0.0775 | Reduce(s) 0.0060 | Loss 0.2140
Process 001 | Epoch 00239 | Time(s) 0.1853 | Comm(s) 0.0776 | Reduce(s) 0.0060 | Loss 0.2123
Process 001 | Epoch 00249 | Time(s) 0.1851 | Comm(s) 0.0775 | Reduce(s) 0.0060 | Loss 0.2067
Process 001 | Epoch 00259 | Time(s) 0.1846 | Comm(s) 0.0775 | Reduce(s) 0.0060 | Loss 0.2041
Process 001 | Epoch 00269 | Time(s) 0.1843 | Comm(s) 0.0775 | Reduce(s) 0.0060 | Loss 0.2017
Process 001 | Epoch 00279 | Time(s) 0.1842 | Comm(s) 0.0773 | Reduce(s) 0.0059 | Loss 0.1979
Process 001 | Epoch 00289 | Time(s) 0.1842 | Comm(s) 0.0772 | Reduce(s) 0.0059 | Loss 0.1917
Process 001 | Epoch 00299 | Time(s) 0.1841 | Comm(s) 0.0773 | Reduce(s) 0.0059 | Loss 0.1889
Process 001 | Epoch 00309 | Time(s) 0.1841 | Comm(s) 0.0773 | Reduce(s) 0.0059 | Loss 0.1892
Process 001 | Epoch 00319 | Time(s) 0.1838 | Comm(s) 0.0773 | Reduce(s) 0.0059 | Loss 0.1890
Process 001 | Epoch 00329 | Time(s) 0.1834 | Comm(s) 0.0774 | Reduce(s) 0.0059 | Loss 0.1863
Process 001 | Epoch 00339 | Time(s) 0.1833 | Comm(s) 0.0773 | Reduce(s) 0.0059 | Loss 0.1811
Process 001 | Epoch 00349 | Time(s) 0.1831 | Comm(s) 0.0771 | Reduce(s) 0.0059 | Loss 0.1765
Process 001 | Epoch 00359 | Time(s) 0.1834 | Comm(s) 0.0772 | Reduce(s) 0.0059 | Loss 0.1725
Process 001 | Epoch 00369 | Time(s) 0.1833 | Comm(s) 0.0771 | Reduce(s) 0.0059 | Loss 0.1739
Process 001 | Epoch 00379 | Time(s) 0.1835 | Comm(s) 0.0772 | Reduce(s) 0.0059 | Loss 0.1740
Process 001 | Epoch 00389 | Time(s) 0.1834 | Comm(s) 0.0774 | Reduce(s) 0.0059 | Loss 0.1704
Process 001 | Epoch 00399 | Time(s) 0.1831 | Comm(s) 0.0774 | Reduce(s) 0.0059 | Loss 0.1681
Process 001 | Epoch 00409 | Time(s) 0.1831 | Comm(s) 0.0774 | Reduce(s) 0.0059 | Loss 0.1657
Process 001 | Epoch 00419 | Time(s) 0.1830 | Comm(s) 0.0774 | Reduce(s) 0.0059 | Loss 0.1637
Process 001 | Epoch 00429 | Time(s) 0.1829 | Comm(s) 0.0773 | Reduce(s) 0.0059 | Loss 0.1628
Process 001 | Epoch 00439 | Time(s) 0.1828 | Comm(s) 0.0773 | Reduce(s) 0.0059 | Loss 0.1556
Process 001 | Epoch 00449 | Time(s) 0.1829 | Comm(s) 0.0773 | Reduce(s) 0.0059 | Loss 0.1540
Process 001 | Epoch 00459 | Time(s) 0.1826 | Comm(s) 0.0773 | Reduce(s) 0.0059 | Loss 0.1599
Process 001 | Epoch 00469 | Time(s) 0.1828 | Comm(s) 0.0774 | Reduce(s) 0.0059 | Loss 0.1531
Process 001 | Epoch 00479 | Time(s) 0.1826 | Comm(s) 0.0774 | Reduce(s) 0.0059 | Loss 0.1556
Process 001 | Epoch 00489 | Time(s) 0.1824 | Comm(s) 0.0774 | Reduce(s) 0.0059 | Loss 0.1503
Process 001 | Epoch 00499 | Time(s) 0.1825 | Comm(s) 0.0773 | Reduce(s) 0.0059 | Loss 0.1502
Process 001 | Epoch 00509 | Time(s) 0.1823 | Comm(s) 0.0773 | Reduce(s) 0.0058 | Loss 0.1517
Process 001 | Epoch 00519 | Time(s) 0.1823 | Comm(s) 0.0773 | Reduce(s) 0.0059 | Loss 0.1518
Process 001 | Epoch 00529 | Time(s) 0.1822 | Comm(s) 0.0773 | Reduce(s) 0.0059 | Loss 0.1433
Process 001 | Epoch 00539 | Time(s) 0.1821 | Comm(s) 0.0774 | Reduce(s) 0.0059 | Loss 0.1446
Process 001 | Epoch 00549 | Time(s) 0.1820 | Comm(s) 0.0774 | Reduce(s) 0.0059 | Loss 0.1375
Process 001 | Epoch 00559 | Time(s) 0.1822 | Comm(s) 0.0775 | Reduce(s) 0.0059 | Loss 0.1420
Process 001 | Epoch 00569 | Time(s) 0.1822 | Comm(s) 0.0776 | Reduce(s) 0.0059 | Loss 0.1416
Process 001 | Epoch 00579 | Time(s) 0.1821 | Comm(s) 0.0777 | Reduce(s) 0.0058 | Loss 0.1369
Process 001 | Epoch 00589 | Time(s) 0.1821 | Comm(s) 0.0777 | Reduce(s) 0.0058 | Loss 0.1376
Process 001 | Epoch 00599 | Time(s) 0.1820 | Comm(s) 0.0777 | Reduce(s) 0.0058 | Loss 0.1373
Process 001 | Epoch 00609 | Time(s) 0.1820 | Comm(s) 0.0776 | Reduce(s) 0.0058 | Loss 0.1344
Process 001 | Epoch 00619 | Time(s) 0.1820 | Comm(s) 0.0777 | Reduce(s) 0.0058 | Loss 0.1312
Process 001 | Epoch 00629 | Time(s) 0.1820 | Comm(s) 0.0776 | Reduce(s) 0.0058 | Loss 0.1389
Process 001 | Epoch 00639 | Time(s) 0.1820 | Comm(s) 0.0776 | Reduce(s) 0.0058 | Loss 0.1319
Process 001 | Epoch 00649 | Time(s) 0.1819 | Comm(s) 0.0776 | Reduce(s) 0.0058 | Loss 0.1361
Process 001 | Epoch 00659 | Time(s) 0.1818 | Comm(s) 0.0776 | Reduce(s) 0.0058 | Loss 0.1309
Process 001 | Epoch 00669 | Time(s) 0.1820 | Comm(s) 0.0776 | Reduce(s) 0.0058 | Loss 0.1291
Process 001 | Epoch 00679 | Time(s) 0.1819 | Comm(s) 0.0775 | Reduce(s) 0.0058 | Loss 0.1305
Process 001 | Epoch 00689 | Time(s) 0.1818 | Comm(s) 0.0776 | Reduce(s) 0.0058 | Loss 0.1261
Process 001 | Epoch 00699 | Time(s) 0.1819 | Comm(s) 0.0776 | Reduce(s) 0.0058 | Loss 0.1290
Process 001 | Epoch 00709 | Time(s) 0.1817 | Comm(s) 0.0776 | Reduce(s) 0.0058 | Loss 0.1257
Process 001 | Epoch 00719 | Time(s) 0.1817 | Comm(s) 0.0777 | Reduce(s) 0.0058 | Loss 0.1235
Process 001 | Epoch 00729 | Time(s) 0.1818 | Comm(s) 0.0778 | Reduce(s) 0.0058 | Loss 0.1225
Process 001 | Epoch 00739 | Time(s) 0.1817 | Comm(s) 0.0779 | Reduce(s) 0.0058 | Loss 0.1236
Process 001 | Epoch 00749 | Time(s) 0.1817 | Comm(s) 0.0779 | Reduce(s) 0.0058 | Loss 0.1229
Process 001 | Epoch 00759 | Time(s) 0.1816 | Comm(s) 0.0779 | Reduce(s) 0.0058 | Loss 0.1235
Process 001 | Epoch 00769 | Time(s) 0.1816 | Comm(s) 0.0780 | Reduce(s) 0.0058 | Loss 0.1224
Process 001 | Epoch 00779 | Time(s) 0.1816 | Comm(s) 0.0780 | Reduce(s) 0.0058 | Loss 0.1208
Process 001 | Epoch 00789 | Time(s) 0.1815 | Comm(s) 0.0780 | Reduce(s) 0.0058 | Loss 0.1184
Process 001 | Epoch 00799 | Time(s) 0.1814 | Comm(s) 0.0780 | Reduce(s) 0.0058 | Loss 0.1222
Process 001 | Epoch 00809 | Time(s) 0.1814 | Comm(s) 0.0780 | Reduce(s) 0.0058 | Loss 0.1218
Process 001 | Epoch 00819 | Time(s) 0.1814 | Comm(s) 0.0780 | Reduce(s) 0.0058 | Loss 0.1224
Process 001 | Epoch 00829 | Time(s) 0.1814 | Comm(s) 0.0781 | Reduce(s) 0.0058 | Loss 0.1167
Process 001 | Epoch 00839 | Time(s) 0.1812 | Comm(s) 0.0781 | Reduce(s) 0.0058 | Loss 0.1170
Process 001 | Epoch 00849 | Time(s) 0.1812 | Comm(s) 0.0781 | Reduce(s) 0.0058 | Loss 0.1173
Process 001 | Epoch 00859 | Time(s) 0.1812 | Comm(s) 0.0781 | Reduce(s) 0.0058 | Loss 0.1154
Process 001 | Epoch 00869 | Time(s) 0.1812 | Comm(s) 0.0782 | Reduce(s) 0.0058 | Loss 0.1135
Process 000 | Epoch 00669 | Time(s) 0.1173 | Comm(s) 0.0784 | Reduce(s) 0.0056 | Loss 0.1235
Epoch 00659 | Accuracy 96.42%
Process 000 | Epoch 00679 | Time(s) 0.1173 | Comm(s) 0.0784 | Reduce(s) 0.0056 | Loss 0.1191
Epoch 00669 | Accuracy 96.41%
Process 000 | Epoch 00689 | Time(s) 0.1172 | Comm(s) 0.0784 | Reduce(s) 0.0056 | Loss 0.1198
Epoch 00679 | Accuracy 96.42%
Process 000 | Epoch 00699 | Time(s) 0.1173 | Comm(s) 0.0784 | Reduce(s) 0.0056 | Loss 0.1177
Epoch 00689 | Accuracy 96.49%
Process 000 | Epoch 00709 | Time(s) 0.1173 | Comm(s) 0.0784 | Reduce(s) 0.0056 | Loss 0.1154
Epoch 00699 | Accuracy 96.45%
Process 000 | Epoch 00719 | Time(s) 0.1173 | Comm(s) 0.0784 | Reduce(s) 0.0056 | Loss 0.1188
Epoch 00709 | Accuracy 96.44%
Process 000 | Epoch 00729 | Time(s) 0.1174 | Comm(s) 0.0784 | Reduce(s) 0.0056 | Loss 0.1142
Epoch 00719 | Accuracy 96.36%
Process 000 | Epoch 00739 | Time(s) 0.1174 | Comm(s) 0.0785 | Reduce(s) 0.0056 | Loss 0.1138
Epoch 00729 | Accuracy 96.42%
Process 000 | Epoch 00749 | Time(s) 0.1174 | Comm(s) 0.0785 | Reduce(s) 0.0056 | Loss 0.1138
Epoch 00739 | Accuracy 96.45%
Process 000 | Epoch 00759 | Time(s) 0.1174 | Comm(s) 0.0785 | Reduce(s) 0.0056 | Loss 0.1153
Epoch 00749 | Accuracy 96.42%
Process 000 | Epoch 00769 | Time(s) 0.1174 | Comm(s) 0.0784 | Reduce(s) 0.0056 | Loss 0.1119
Epoch 00759 | Accuracy 96.42%
Process 000 | Epoch 00779 | Time(s) 0.1174 | Comm(s) 0.0785 | Reduce(s) 0.0056 | Loss 0.1106
Epoch 00769 | Accuracy 96.42%
Process 000 | Epoch 00789 | Time(s) 0.1174 | Comm(s) 0.0785 | Reduce(s) 0.0056 | Loss 0.1142
Epoch 00779 | Accuracy 96.42%
Process 000 | Epoch 00799 | Time(s) 0.1174 | Comm(s) 0.0785 | Reduce(s) 0.0056 | Loss 0.1123
Epoch 00789 | Accuracy 96.42%
Process 000 | Epoch 00809 | Time(s) 0.1173 | Comm(s) 0.0785 | Reduce(s) 0.0056 | Loss 0.1097
Epoch 00799 | Accuracy 96.42%
Process 000 | Epoch 00819 | Time(s) 0.1173 | Comm(s) 0.0784 | Reduce(s) 0.0057 | Loss 0.1116
Epoch 00809 | Accuracy 96.50%
Process 000 | Epoch 00829 | Time(s) 0.1173 | Comm(s) 0.0785 | Reduce(s) 0.0057 | Loss 0.1095
Epoch 00819 | Accuracy 96.44%
Process 000 | Epoch 00839 | Time(s) 0.1173 | Comm(s) 0.0785 | Reduce(s) 0.0057 | Loss 0.1068
Epoch 00829 | Accuracy 96.45%
Process 000 | Epoch 00849 | Time(s) 0.1173 | Comm(s) 0.0784 | Reduce(s) 0.0057 | Loss 0.1082
Epoch 00839 | Accuracy 96.50%
Process 000 | Epoch 00859 | Time(s) 0.1173 | Comm(s) 0.0785 | Reduce(s) 0.0056 | Loss 0.1075
Epoch 00849 | Accuracy 96.49%
Process 000 | Epoch 00869 | Time(s) 0.1173 | Comm(s) 0.0785 | Reduce(s) 0.0056 | Loss 0.1032
Epoch 00859 | Accuracy 96.50%
Process 000 | Epoch 00879 | Time(s) 0.1173 | Comm(s) 0.0784 | Reduce(s) 0.0057 | Loss 0.1058
Epoch 00869 | Accuracy 96.52%
Process 000 | Epoch 00889 | Time(s) 0.1172 | Comm(s) 0.0784 | Reduce(s) 0.0056 | Loss 0.1062
Epoch 00879 | Accuracy 96.54%
Process 000 | Epoch 00899 | Time(s) 0.1172 | Comm(s) 0.0784 | Reduce(s) 0.0056 | Loss 0.1027
Epoch 00889 | Accuracy 96.45%
Process 000 | Epoch 00909 | Time(s) 0.1171 | Comm(s) 0.0784 | Reduce(s) 0.0056 | Loss 0.1036
Epoch 00899 | Accuracy 96.53%
Process 000 | Epoch 00919 | Time(s) 0.1171 | Comm(s) 0.0783 | Reduce(s) 0.0056 | Loss 0.1051
Epoch 00909 | Accuracy 96.42%
Process 000 | Epoch 00929 | Time(s) 0.1171 | Comm(s) 0.0784 | Reduce(s) 0.0056 | Loss 0.1025
Epoch 00919 | Accuracy 96.44%
Process 000 | Epoch 00939 | Time(s) 0.1170 | Comm(s) 0.0783 | Reduce(s) 0.0056 | Loss 0.1040
Epoch 00929 | Accuracy 96.48%
Process 000 | Epoch 00949 | Time(s) 0.1170 | Comm(s) 0.0783 | Reduce(s) 0.0056 | Loss 0.1026
Epoch 00939 | Accuracy 96.44%
Process 000 | Epoch 00959 | Time(s) 0.1170 | Comm(s) 0.0783 | Reduce(s) 0.0056 | Loss 0.1032
Epoch 00949 | Accuracy 96.50%
Process 000 | Epoch 00969 | Time(s) 0.1170 | Comm(s) 0.0783 | Reduce(s) 0.0056 | Loss 0.1026
Epoch 00959 | Accuracy 96.48%
Process 000 | Epoch 00979 | Time(s) 0.1169 | Comm(s) 0.0783 | Reduce(s) 0.0056 | Loss 0.1003
Epoch 00969 | Accuracy 96.45%
Process 000 | Epoch 00989 | Time(s) 0.1169 | Comm(s) 0.0782 | Reduce(s) 0.0056 | Loss 0.1032
Epoch 00979 | Accuracy 96.45%
Process 000 | Epoch 00999 | Time(s) 0.1169 | Comm(s) 0.0782 | Reduce(s) 0.0056 | Loss 0.1025
Epoch 00989 | Accuracy 96.51%
Process 000 | Epoch 01009 | Time(s) 0.1170 | Comm(s) 0.0783 | Reduce(s) 0.0056 | Loss 0.0996
Epoch 00999 | Accuracy 96.55%
Process 000 | Epoch 01019 | Time(s) 0.1170 | Comm(s) 0.0783 | Reduce(s) 0.0056 | Loss 0.1017
Epoch 01009 | Accuracy 96.59%
Process 000 | Epoch 01029 | Time(s) 0.1170 | Comm(s) 0.0783 | Reduce(s) 0.0056 | Loss 0.1030
Epoch 01019 | Accuracy 96.48%
Process 000 | Epoch 01039 | Time(s) 0.1171 | Comm(s) 0.0784 | Reduce(s) 0.0056 | Loss 0.0955
Epoch 01029 | Accuracy 96.48%
Process 000 | Epoch 01049 | Time(s) 0.1171 | Comm(s) 0.0783 | Reduce(s) 0.0056 | Loss 0.0970
Epoch 01039 | Accuracy 96.53%
Process 000 | Epoch 01059 | Time(s) 0.1172 | Comm(s) 0.0784 | Reduce(s) 0.0056 | Loss 0.0965
Epoch 01049 | Accuracy 96.49%
Process 000 | Epoch 01069 | Time(s) 0.1172 | Comm(s) 0.0784 | Reduce(s) 0.0056 | Loss 0.0989
Epoch 01059 | Accuracy 96.53%
Process 000 | Epoch 01079 | Time(s) 0.1172 | Comm(s) 0.0783 | Reduce(s) 0.0056 | Loss 0.0970
Epoch 01069 | Accuracy 96.50%
Process 000 | Epoch 01089 | Time(s) 0.1172 | Comm(s) 0.0784 | Reduce(s) 0.0056 | Loss 0.0984
Epoch 01079 | Accuracy 96.51%
Process 000 | Epoch 01099 | Time(s) 0.1172 | Comm(s) 0.0784 | Reduce(s) 0.0056 | Loss 0.0971
Epoch 01089 | Accuracy 96.45%
Process 000 | Epoch 01109 | Time(s) 0.1172 | Comm(s) 0.0784 | Reduce(s) 0.0056 | Loss 0.1006
Epoch 01099 | Accuracy 96.49%
Process 000 | Epoch 01119 | Time(s) 0.1172 | Comm(s) 0.0784 | Reduce(s) 0.0056 | Loss 0.0964
Epoch 01109 | Accuracy 96.44%
Process 000 | Epoch 01129 | Time(s) 0.1172 | Comm(s) 0.0784 | Reduce(s) 0.0056 | Loss 0.0940
Epoch 01119 | Accuracy 96.40%
Process 000 | Epoch 01139 | Time(s) 0.1172 | Comm(s) 0.0784 | Reduce(s) 0.0056 | Loss 0.0958
Epoch 01129 | Accuracy 96.48%
Process 000 | Epoch 01149 | Time(s) 0.1173 | Comm(s) 0.0785 | Reduce(s) 0.0056 | Loss 0.0975
Epoch 01139 | Accuracy 96.42%
Process 000 | Epoch 01159 | Time(s) 0.1172 | Comm(s) 0.0784 | Reduce(s) 0.0056 | Loss 0.0963
Epoch 01149 | Accuracy 96.48%
Process 000 | Epoch 01169 | Time(s) 0.1172 | Comm(s) 0.0784 | Reduce(s) 0.0056 | Loss 0.0969
Epoch 01159 | Accuracy 96.58%
Process 000 | Epoch 01179 | Time(s) 0.1172 | Comm(s) 0.0785 | Reduce(s) 0.0056 | Loss 0.0921
Epoch 01169 | Accuracy 96.48%
Process 000 | Epoch 01189 | Time(s) 0.1172 | Comm(s) 0.0785 | Reduce(s) 0.0056 | Loss 0.0957
Epoch 01179 | Accuracy 96.47%
Process 000 | Epoch 01199 | Time(s) 0.1172 | Comm(s) 0.0785 | Reduce(s) 0.0056 | Loss 0.0953
Epoch 01189 | Accuracy 96.50%
Process 000 | Epoch 01209 | Time(s) 0.1173 | Comm(s) 0.0785 | Reduce(s) 0.0056 | Loss 0.0919
Epoch 01199 | Accuracy 96.52%
Process 000 | Epoch 01219 | Time(s) 0.1173 | Comm(s) 0.0785 | Reduce(s) 0.0056 | Loss 0.0932
Epoch 01209 | Accuracy 96.58%
Process 000 | Epoch 01229 | Time(s) 0.1173 | Comm(s) 0.0786 | Reduce(s) 0.0056 | Loss 0.0957
Epoch 01219 | Accuracy 96.46%
Process 000 | Epoch 01239 | Time(s) 0.1173 | Comm(s) 0.0786 | Reduce(s) 0.0056 | Loss 0.0914
Epoch 01229 | Accuracy 96.52%
Process 000 | Epoch 01249 | Time(s) 0.1173 | Comm(s) 0.0786 | Reduce(s) 0.0056 | Loss 0.0937
Epoch 01239 | Accuracy 96.57%
Process 000 | Epoch 01259 | Time(s) 0.1173 | Comm(s) 0.0786 | Reduce(s) 0.0056 | Loss 0.0953
Epoch 01249 | Accuracy 96.50%
Process 000 | Epoch 01269 | Time(s) 0.1173 | Comm(s) 0.0786 | Reduce(s) 0.0056 | Loss 0.0947
Epoch 01259 | Accuracy 96.55%
Process 000 | Epoch 01279 | Time(s) 0.1173 | Comm(s) 0.0786 | Reduce(s) 0.0056 | Loss 0.0904
Epoch 01269 | Accuracy 96.54%
Process 000 | Epoch 01289 | Time(s) 0.1173 | Comm(s) 0.0786 | Reduce(s) 0.0056 | Loss 0.0951
Epoch 01279 | Accuracy 96.52%
Process 000 | Epoch 01299 | Time(s) 0.1173 | Comm(s) 0.0786 | Reduce(s) 0.0056 | Loss 0.0914
Epoch 01289 | Accuracy 96.49%
Process 000 | Epoch 01309 | Time(s) 0.1173 | Comm(s) 0.0786 | Reduce(s) 0.0056 | Loss 0.0919
Epoch 01299 | Accuracy 96.50%
Process 000 | Epoch 01319 | Time(s) 0.1173 | Comm(s) 0.0786 | Reduce(s) 0.0056 | Loss 0.0900
Epoch 01309 | Accuracy 96.54%
Process 000 | Epoch 01329 | Time(s) 0.1173 | Comm(s) 0.0786 | Reduce(s) 0.0056 | Loss 0.0918
Process 001 | Epoch 00879 | Time(s) 0.1812 | Comm(s) 0.0782 | Reduce(s) 0.0058 | Loss 0.1175
Process 001 | Epoch 00889 | Time(s) 0.1811 | Comm(s) 0.0781 | Reduce(s) 0.0058 | Loss 0.1136
Process 001 | Epoch 00899 | Time(s) 0.1811 | Comm(s) 0.0781 | Reduce(s) 0.0058 | Loss 0.1155
Process 001 | Epoch 00909 | Time(s) 0.1810 | Comm(s) 0.0781 | Reduce(s) 0.0058 | Loss 0.1177
Process 001 | Epoch 00919 | Time(s) 0.1809 | Comm(s) 0.0781 | Reduce(s) 0.0058 | Loss 0.1169
Process 001 | Epoch 00929 | Time(s) 0.1809 | Comm(s) 0.0782 | Reduce(s) 0.0058 | Loss 0.1154
Process 001 | Epoch 00939 | Time(s) 0.1809 | Comm(s) 0.0782 | Reduce(s) 0.0058 | Loss 0.1104
Process 001 | Epoch 00949 | Time(s) 0.1808 | Comm(s) 0.0782 | Reduce(s) 0.0058 | Loss 0.1109
Process 001 | Epoch 00959 | Time(s) 0.1809 | Comm(s) 0.0782 | Reduce(s) 0.0058 | Loss 0.1102
Process 001 | Epoch 00969 | Time(s) 0.1808 | Comm(s) 0.0782 | Reduce(s) 0.0058 | Loss 0.1137
Process 001 | Epoch 00979 | Time(s) 0.1809 | Comm(s) 0.0782 | Reduce(s) 0.0058 | Loss 0.1066
Process 001 | Epoch 00989 | Time(s) 0.1810 | Comm(s) 0.0782 | Reduce(s) 0.0058 | Loss 0.1100
Process 001 | Epoch 00999 | Time(s) 0.1810 | Comm(s) 0.0782 | Reduce(s) 0.0058 | Loss 0.1091
Process 001 | Epoch 01009 | Time(s) 0.1810 | Comm(s) 0.0783 | Reduce(s) 0.0058 | Loss 0.1101
Process 001 | Epoch 01019 | Time(s) 0.1810 | Comm(s) 0.0783 | Reduce(s) 0.0058 | Loss 0.1089
Process 001 | Epoch 01029 | Time(s) 0.1810 | Comm(s) 0.0783 | Reduce(s) 0.0059 | Loss 0.1093
Process 001 | Epoch 01039 | Time(s) 0.1809 | Comm(s) 0.0784 | Reduce(s) 0.0059 | Loss 0.1096
Process 001 | Epoch 01049 | Time(s) 0.1809 | Comm(s) 0.0784 | Reduce(s) 0.0059 | Loss 0.1065
Process 001 | Epoch 01059 | Time(s) 0.1808 | Comm(s) 0.0785 | Reduce(s) 0.0059 | Loss 0.1078
Process 001 | Epoch 01069 | Time(s) 0.1807 | Comm(s) 0.0785 | Reduce(s) 0.0059 | Loss 0.1044
Process 001 | Epoch 01079 | Time(s) 0.1808 | Comm(s) 0.0785 | Reduce(s) 0.0059 | Loss 0.1042
Process 001 | Epoch 01089 | Time(s) 0.1808 | Comm(s) 0.0785 | Reduce(s) 0.0059 | Loss 0.1076
Process 001 | Epoch 01099 | Time(s) 0.1808 | Comm(s) 0.0786 | Reduce(s) 0.0059 | Loss 0.1053
Process 001 | Epoch 01109 | Time(s) 0.1808 | Comm(s) 0.0786 | Reduce(s) 0.0059 | Loss 0.1051
Process 001 | Epoch 01119 | Time(s) 0.1807 | Comm(s) 0.0786 | Reduce(s) 0.0059 | Loss 0.1062
Process 001 | Epoch 01129 | Time(s) 0.1808 | Comm(s) 0.0786 | Reduce(s) 0.0059 | Loss 0.1039
Process 001 | Epoch 01139 | Time(s) 0.1808 | Comm(s) 0.0786 | Reduce(s) 0.0059 | Loss 0.1074
Process 001 | Epoch 01149 | Time(s) 0.1809 | Comm(s) 0.0787 | Reduce(s) 0.0059 | Loss 0.1049
Process 001 | Epoch 01159 | Time(s) 0.1808 | Comm(s) 0.0787 | Reduce(s) 0.0059 | Loss 0.1002
Process 001 | Epoch 01169 | Time(s) 0.1808 | Comm(s) 0.0787 | Reduce(s) 0.0059 | Loss 0.1048
Process 001 | Epoch 01179 | Time(s) 0.1808 | Comm(s) 0.0787 | Reduce(s) 0.0059 | Loss 0.1037
Process 001 | Epoch 01189 | Time(s) 0.1808 | Comm(s) 0.0787 | Reduce(s) 0.0059 | Loss 0.1036
Process 001 | Epoch 01199 | Time(s) 0.1807 | Comm(s) 0.0788 | Reduce(s) 0.0059 | Loss 0.1037
Process 001 | Epoch 01209 | Time(s) 0.1807 | Comm(s) 0.0788 | Reduce(s) 0.0059 | Loss 0.1037
Process 001 | Epoch 01219 | Time(s) 0.1807 | Comm(s) 0.0788 | Reduce(s) 0.0059 | Loss 0.1019
Process 001 | Epoch 01229 | Time(s) 0.1807 | Comm(s) 0.0788 | Reduce(s) 0.0059 | Loss 0.1029
Process 001 | Epoch 01239 | Time(s) 0.1808 | Comm(s) 0.0789 | Reduce(s) 0.0059 | Loss 0.1020
Process 001 | Epoch 01249 | Time(s) 0.1807 | Comm(s) 0.0789 | Reduce(s) 0.0059 | Loss 0.1032
Process 001 | Epoch 01259 | Time(s) 0.1808 | Comm(s) 0.0789 | Reduce(s) 0.0059 | Loss 0.1032
Process 001 | Epoch 01269 | Time(s) 0.1808 | Comm(s) 0.0789 | Reduce(s) 0.0059 | Loss 0.1039
Process 001 | Epoch 01279 | Time(s) 0.1808 | Comm(s) 0.0790 | Reduce(s) 0.0059 | Loss 0.1000
Process 001 | Epoch 01289 | Time(s) 0.1809 | Comm(s) 0.0790 | Reduce(s) 0.0059 | Loss 0.1029
Process 001 | Epoch 01299 | Time(s) 0.1809 | Comm(s) 0.0790 | Reduce(s) 0.0059 | Loss 0.1038
Process 001 | Epoch 01309 | Time(s) 0.1809 | Comm(s) 0.0790 | Reduce(s) 0.0059 | Loss 0.0984
Process 001 | Epoch 01319 | Time(s) 0.1809 | Comm(s) 0.0791 | Reduce(s) 0.0059 | Loss 0.0995
Process 001 | Epoch 01329 | Time(s) 0.1809 | Comm(s) 0.0791 | Reduce(s) 0.0059 | Loss 0.1009
Process 001 | Epoch 01339 | Time(s) 0.1809 | Comm(s) 0.0791 | Reduce(s) 0.0059 | Loss 0.0989
Process 001 | Epoch 01349 | Time(s) 0.1809 | Comm(s) 0.0791 | Reduce(s) 0.0059 | Loss 0.1000
Process 001 | Epoch 01359 | Time(s) 0.1808 | Comm(s) 0.0791 | Reduce(s) 0.0059 | Loss 0.1031
Process 001 | Epoch 01369 | Time(s) 0.1809 | Comm(s) 0.0791 | Reduce(s) 0.0059 | Loss 0.0997
Process 001 | Epoch 01379 | Time(s) 0.1809 | Comm(s) 0.0791 | Reduce(s) 0.0059 | Loss 0.0981
Process 001 | Epoch 01389 | Time(s) 0.1809 | Comm(s) 0.0792 | Reduce(s) 0.0059 | Loss 0.0985
Process 001 | Epoch 01399 | Time(s) 0.1809 | Comm(s) 0.0791 | Reduce(s) 0.0059 | Loss 0.0971
Process 001 | Epoch 01409 | Time(s) 0.1809 | Comm(s) 0.0792 | Reduce(s) 0.0059 | Loss 0.0982
Process 001 | Epoch 01419 | Time(s) 0.1809 | Comm(s) 0.0792 | Reduce(s) 0.0059 | Loss 0.1006
Process 001 | Epoch 01429 | Time(s) 0.1808 | Comm(s) 0.0792 | Reduce(s) 0.0059 | Loss 0.0957
Process 001 | Epoch 01439 | Time(s) 0.1809 | Comm(s) 0.0792 | Reduce(s) 0.0059 | Loss 0.0995
Process 001 | Epoch 01449 | Time(s) 0.1809 | Comm(s) 0.0792 | Reduce(s) 0.0059 | Loss 0.0974
Process 001 | Epoch 01459 | Time(s) 0.1809 | Comm(s) 0.0792 | Reduce(s) 0.0059 | Loss 0.0955
Process 001 | Epoch 01469 | Time(s) 0.1809 | Comm(s) 0.0792 | Reduce(s) 0.0059 | Loss 0.0964
Process 001 | Epoch 01479 | Time(s) 0.1809 | Comm(s) 0.0792 | Reduce(s) 0.0059 | Loss 0.0971
Process 001 | Epoch 01489 | Time(s) 0.1808 | Comm(s) 0.0792 | Reduce(s) 0.0059 | Loss 0.0981
Process 001 | Epoch 01499 | Time(s) 0.1809 | Comm(s) 0.0793 | Reduce(s) 0.0059 | Loss 0.0950
Process 001 | Epoch 01509 | Time(s) 0.1808 | Comm(s) 0.0793 | Reduce(s) 0.0059 | Loss 0.0930
Process 001 | Epoch 01519 | Time(s) 0.1808 | Comm(s) 0.0793 | Reduce(s) 0.0059 | Loss 0.0951
Process 001 | Epoch 01529 | Time(s) 0.1809 | Comm(s) 0.0793 | Reduce(s) 0.0059 | Loss 0.0958
Process 001 | Epoch 01539 | Time(s) 0.1808 | Comm(s) 0.0793 | Reduce(s) 0.0059 | Loss 0.0961
Process 001 | Epoch 01549 | Time(s) 0.1808 | Comm(s) 0.0793 | Reduce(s) 0.0059 | Loss 0.0954
Process 001 | Epoch 01559 | Time(s) 0.1809 | Comm(s) 0.0794 | Reduce(s) 0.0059 | Loss 0.0938
Process 001 | Epoch 01569 | Time(s) 0.1809 | Comm(s) 0.0794 | Reduce(s) 0.0059 | Loss 0.0937
Process 001 | Epoch 01579 | Time(s) 0.1809 | Comm(s) 0.0794 | Reduce(s) 0.0059 | Loss 0.0954
Process 001 | Epoch 01589 | Time(s) 0.1809 | Comm(s) 0.0794 | Reduce(s) 0.0059 | Loss 0.0946
Process 001 | Epoch 01599 | Time(s) 0.1808 | Comm(s) 0.0794 | Reduce(s) 0.0059 | Loss 0.0907
Process 001 | Epoch 01609 | Time(s) 0.1809 | Comm(s) 0.0794 | Reduce(s) 0.0059 | Loss 0.0958
Process 001 | Epoch 01619 | Time(s) 0.1809 | Comm(s) 0.0794 | Reduce(s) 0.0059 | Loss 0.0934
Process 001 | Epoch 01629 | Time(s) 0.1809 | Comm(s) 0.0794 | Reduce(s) 0.0059 | Loss 0.0934
Process 001 | Epoch 01639 | Time(s) 0.1809 | Comm(s) 0.0794 | Reduce(s) 0.0059 | Loss 0.0945
Process 001 | Epoch 01649 | Time(s) 0.1808 | Comm(s) 0.0795 | Reduce(s) 0.0059 | Loss 0.0943
Process 001 | Epoch 01659 | Time(s) 0.1809 | Comm(s) 0.0795 | Reduce(s) 0.0059 | Loss 0.0948
Process 001 | Epoch 01669 | Time(s) 0.1809 | Comm(s) 0.0795 | Reduce(s) 0.0059 | Loss 0.0959
Process 001 | Epoch 01679 | Time(s) 0.1809 | Comm(s) 0.0795 | Reduce(s) 0.0059 | Loss 0.0946
Process 001 | Epoch 01689 | Time(s) 0.1810 | Comm(s) 0.0795 | Reduce(s) 0.0059 | Loss 0.0936
Process 001 | Epoch 01699 | Time(s) 0.1810 | Comm(s) 0.0795 | Reduce(s) 0.0059 | Loss 0.0927
Process 001 | Epoch 01709 | Time(s) 0.1809 | Comm(s) 0.0795 | Reduce(s) 0.0059 | Loss 0.0961
Process 001 | Epoch 01719 | Time(s) 0.1809 | Comm(s) 0.0795 | Reduce(s) 0.0059 | Loss 0.0915
Process 001 | Epoch 01729 | Time(s) 0.1809 | Comm(s) 0.0795 | Reduce(s) 0.0059 | Loss 0.0933
Process 001 | Epoch 01739 | Time(s) 0.1810 | Comm(s) 0.0796 | Reduce(s) 0.0059 | Loss 0.0933
Process 001 | Epoch 01749 | Time(s) 0.1809 | Comm(s) 0.0796 | Reduce(s) 0.0059 | Loss 0.0912
Process 001 | Epoch 01759 | Time(s) 0.1809 | Comm(s) 0.0796 | Reduce(s) 0.0059 | Loss 0.0936
Epoch 01319 | Accuracy 96.43%
Process 000 | Epoch 01339 | Time(s) 0.1173 | Comm(s) 0.0786 | Reduce(s) 0.0056 | Loss 0.0932
Epoch 01329 | Accuracy 96.43%
Process 000 | Epoch 01349 | Time(s) 0.1173 | Comm(s) 0.0786 | Reduce(s) 0.0056 | Loss 0.0897
Epoch 01339 | Accuracy 96.48%
Process 000 | Epoch 01359 | Time(s) 0.1173 | Comm(s) 0.0786 | Reduce(s) 0.0056 | Loss 0.0910
Epoch 01349 | Accuracy 96.50%
Process 000 | Epoch 01369 | Time(s) 0.1173 | Comm(s) 0.0786 | Reduce(s) 0.0056 | Loss 0.0908
Epoch 01359 | Accuracy 96.54%
Process 000 | Epoch 01379 | Time(s) 0.1173 | Comm(s) 0.0786 | Reduce(s) 0.0056 | Loss 0.0920
Epoch 01369 | Accuracy 96.46%
Process 000 | Epoch 01389 | Time(s) 0.1173 | Comm(s) 0.0786 | Reduce(s) 0.0056 | Loss 0.0887
Epoch 01379 | Accuracy 96.45%
Process 000 | Epoch 01399 | Time(s) 0.1172 | Comm(s) 0.0785 | Reduce(s) 0.0056 | Loss 0.0895
Epoch 01389 | Accuracy 96.49%
Process 000 | Epoch 01409 | Time(s) 0.1172 | Comm(s) 0.0785 | Reduce(s) 0.0056 | Loss 0.0904
Epoch 01399 | Accuracy 96.41%
Process 000 | Epoch 01419 | Time(s) 0.1173 | Comm(s) 0.0786 | Reduce(s) 0.0056 | Loss 0.0875
Epoch 01409 | Accuracy 96.44%
Process 000 | Epoch 01429 | Time(s) 0.1172 | Comm(s) 0.0786 | Reduce(s) 0.0056 | Loss 0.0915
Epoch 01419 | Accuracy 96.58%
Process 000 | Epoch 01439 | Time(s) 0.1172 | Comm(s) 0.0786 | Reduce(s) 0.0056 | Loss 0.0898
Epoch 01429 | Accuracy 96.52%
Process 000 | Epoch 01449 | Time(s) 0.1172 | Comm(s) 0.0786 | Reduce(s) 0.0056 | Loss 0.0887
Epoch 01439 | Accuracy 96.51%
Process 000 | Epoch 01459 | Time(s) 0.1172 | Comm(s) 0.0786 | Reduce(s) 0.0056 | Loss 0.0894
Epoch 01449 | Accuracy 96.55%
Process 000 | Epoch 01469 | Time(s) 0.1173 | Comm(s) 0.0786 | Reduce(s) 0.0056 | Loss 0.0861
Epoch 01459 | Accuracy 96.48%
Process 000 | Epoch 01479 | Time(s) 0.1172 | Comm(s) 0.0786 | Reduce(s) 0.0056 | Loss 0.0870
Epoch 01469 | Accuracy 96.52%
Process 000 | Epoch 01489 | Time(s) 0.1172 | Comm(s) 0.0786 | Reduce(s) 0.0056 | Loss 0.0865
Epoch 01479 | Accuracy 96.50%
Process 000 | Epoch 01499 | Time(s) 0.1173 | Comm(s) 0.0786 | Reduce(s) 0.0056 | Loss 0.0885
Epoch 01489 | Accuracy 96.53%
Process 000 | Epoch 01509 | Time(s) 0.1173 | Comm(s) 0.0786 | Reduce(s) 0.0056 | Loss 0.0887
Epoch 01499 | Accuracy 96.48%
Process 000 | Epoch 01519 | Time(s) 0.1172 | Comm(s) 0.0786 | Reduce(s) 0.0056 | Loss 0.0836
Epoch 01509 | Accuracy 96.55%
Process 000 | Epoch 01529 | Time(s) 0.1173 | Comm(s) 0.0786 | Reduce(s) 0.0056 | Loss 0.0853
Epoch 01519 | Accuracy 96.53%
Process 000 | Epoch 01539 | Time(s) 0.1172 | Comm(s) 0.0786 | Reduce(s) 0.0056 | Loss 0.0861
Epoch 01529 | Accuracy 96.53%
Process 000 | Epoch 01549 | Time(s) 0.1172 | Comm(s) 0.0786 | Reduce(s) 0.0056 | Loss 0.0868
Epoch 01539 | Accuracy 96.52%
Process 000 | Epoch 01559 | Time(s) 0.1173 | Comm(s) 0.0786 | Reduce(s) 0.0056 | Loss 0.0868
Epoch 01549 | Accuracy 96.55%
Process 000 | Epoch 01569 | Time(s) 0.1173 | Comm(s) 0.0786 | Reduce(s) 0.0056 | Loss 0.0843
Epoch 01559 | Accuracy 96.52%
Process 000 | Epoch 01579 | Time(s) 0.1172 | Comm(s) 0.0786 | Reduce(s) 0.0056 | Loss 0.0876
Epoch 01569 | Accuracy 96.47%
Process 000 | Epoch 01589 | Time(s) 0.1173 | Comm(s) 0.0786 | Reduce(s) 0.0056 | Loss 0.0838
Epoch 01579 | Accuracy 96.47%
Process 000 | Epoch 01599 | Time(s) 0.1172 | Comm(s) 0.0785 | Reduce(s) 0.0056 | Loss 0.0862
Epoch 01589 | Accuracy 96.54%
Process 000 | Epoch 01609 | Time(s) 0.1173 | Comm(s) 0.0786 | Reduce(s) 0.0056 | Loss 0.0853
Epoch 01599 | Accuracy 96.50%
Process 000 | Epoch 01619 | Time(s) 0.1172 | Comm(s) 0.0786 | Reduce(s) 0.0056 | Loss 0.0859
Epoch 01609 | Accuracy 96.53%
Process 000 | Epoch 01629 | Time(s) 0.1173 | Comm(s) 0.0786 | Reduce(s) 0.0056 | Loss 0.0872
Epoch 01619 | Accuracy 96.59%
Process 000 | Epoch 01639 | Time(s) 0.1173 | Comm(s) 0.0786 | Reduce(s) 0.0056 | Loss 0.0864
Epoch 01629 | Accuracy 96.62%
Process 000 | Epoch 01649 | Time(s) 0.1173 | Comm(s) 0.0786 | Reduce(s) 0.0056 | Loss 0.0876
Epoch 01639 | Accuracy 96.50%
Process 000 | Epoch 01659 | Time(s) 0.1173 | Comm(s) 0.0786 | Reduce(s) 0.0056 | Loss 0.0859
Epoch 01649 | Accuracy 96.53%
Process 000 | Epoch 01669 | Time(s) 0.1173 | Comm(s) 0.0786 | Reduce(s) 0.0056 | Loss 0.0856
Epoch 01659 | Accuracy 96.53%
Process 000 | Epoch 01679 | Time(s) 0.1173 | Comm(s) 0.0786 | Reduce(s) 0.0056 | Loss 0.0884
Epoch 01669 | Accuracy 96.57%
Process 000 | Epoch 01689 | Time(s) 0.1173 | Comm(s) 0.0786 | Reduce(s) 0.0056 | Loss 0.0850
Epoch 01679 | Accuracy 96.49%
Process 000 | Epoch 01699 | Time(s) 0.1173 | Comm(s) 0.0786 | Reduce(s) 0.0056 | Loss 0.0866
Epoch 01689 | Accuracy 96.50%
Process 000 | Epoch 01709 | Time(s) 0.1173 | Comm(s) 0.0786 | Reduce(s) 0.0056 | Loss 0.0839
Epoch 01699 | Accuracy 96.60%
Process 000 | Epoch 01719 | Time(s) 0.1173 | Comm(s) 0.0786 | Reduce(s) 0.0056 | Loss 0.0824
Epoch 01709 | Accuracy 96.52%
Process 000 | Epoch 01729 | Time(s) 0.1173 | Comm(s) 0.0786 | Reduce(s) 0.0056 | Loss 0.0830
Epoch 01719 | Accuracy 96.58%
Process 000 | Epoch 01739 | Time(s) 0.1173 | Comm(s) 0.0786 | Reduce(s) 0.0056 | Loss 0.0833
Epoch 01729 | Accuracy 96.54%
Process 000 | Epoch 01749 | Time(s) 0.1173 | Comm(s) 0.0786 | Reduce(s) 0.0056 | Loss 0.0849
Epoch 01739 | Accuracy 96.51%
Process 000 | Epoch 01759 | Time(s) 0.1173 | Comm(s) 0.0786 | Reduce(s) 0.0056 | Loss 0.0857
Epoch 01749 | Accuracy 96.60%
Process 000 | Epoch 01769 | Time(s) 0.1173 | Comm(s) 0.0786 | Reduce(s) 0.0056 | Loss 0.0848
Epoch 01759 | Accuracy 96.55%
Process 000 | Epoch 01779 | Time(s) 0.1173 | Comm(s) 0.0786 | Reduce(s) 0.0056 | Loss 0.0827
Epoch 01769 | Accuracy 96.64%
Process 000 | Epoch 01789 | Time(s) 0.1173 | Comm(s) 0.0786 | Reduce(s) 0.0056 | Loss 0.0822
Epoch 01779 | Accuracy 96.55%
Process 000 | Epoch 01799 | Time(s) 0.1173 | Comm(s) 0.0786 | Reduce(s) 0.0056 | Loss 0.0837
Epoch 01789 | Accuracy 96.53%
Process 000 | Epoch 01809 | Time(s) 0.1173 | Comm(s) 0.0786 | Reduce(s) 0.0056 | Loss 0.0844
Epoch 01799 | Accuracy 96.59%
Process 000 | Epoch 01819 | Time(s) 0.1173 | Comm(s) 0.0785 | Reduce(s) 0.0056 | Loss 0.0838
Epoch 01809 | Accuracy 96.57%
Process 000 | Epoch 01829 | Time(s) 0.1173 | Comm(s) 0.0785 | Reduce(s) 0.0056 | Loss 0.0828
Epoch 01819 | Accuracy 96.58%
Process 000 | Epoch 01839 | Time(s) 0.1173 | Comm(s) 0.0785 | Reduce(s) 0.0056 | Loss 0.0836
Epoch 01829 | Accuracy 96.54%
Process 000 | Epoch 01849 | Time(s) 0.1173 | Comm(s) 0.0785 | Reduce(s) 0.0056 | Loss 0.0822
Epoch 01839 | Accuracy 96.55%
Process 000 | Epoch 01859 | Time(s) 0.1173 | Comm(s) 0.0785 | Reduce(s) 0.0056 | Loss 0.0823
Epoch 01849 | Accuracy 96.56%
Process 000 | Epoch 01869 | Time(s) 0.1172 | Comm(s) 0.0785 | Reduce(s) 0.0056 | Loss 0.0811
Epoch 01859 | Accuracy 96.63%
Process 000 | Epoch 01879 | Time(s) 0.1173 | Comm(s) 0.0785 | Reduce(s) 0.0056 | Loss 0.0820
Epoch 01869 | Accuracy 96.58%
Process 000 | Epoch 01889 | Time(s) 0.1173 | Comm(s) 0.0785 | Reduce(s) 0.0056 | Loss 0.0835
Epoch 01879 | Accuracy 96.58%
Process 000 | Epoch 01899 | Time(s) 0.1173 | Comm(s) 0.0785 | Reduce(s) 0.0056 | Loss 0.0820
Epoch 01889 | Accuracy 96.54%
Process 000 | Epoch 01909 | Time(s) 0.1173 | Comm(s) 0.0785 | Reduce(s) 0.0056 | Loss 0.0830
Epoch 01899 | Accuracy 96.57%
Process 000 | Epoch 01919 | Time(s) 0.1173 | Comm(s) 0.0785 | Reduce(s) 0.0056 | Loss 0.0831
Epoch 01909 | Accuracy 96.61%
Process 000 | Epoch 01929 | Time(s) 0.1173 | Comm(s) 0.0785 | Reduce(s) 0.0056 | Loss 0.0833
Epoch 01919 | Accuracy 96.57%
Process 000 | Epoch 01939 | Time(s) 0.1173 | Comm(s) 0.0785 | Reduce(s) 0.0056 | Loss 0.0859
Epoch 01929 | Accuracy 96.55%
Process 000 | Epoch 01949 | Time(s) 0.1173 | Comm(s) 0.0785 | Reduce(s) 0.0056 | Loss 0.0833
Epoch 01939 | Accuracy 96.60%
Process 000 | Epoch 01959 | Time(s) 0.1173 | Comm(s) 0.0785 | Reduce(s) 0.0056 | Loss 0.0839
Epoch 01949 | Accuracy 96.58%
Process 000 | Epoch 01969 | Time(s) 0.1173 | Comm(s) 0.0785 | Reduce(s) 0.0056 | Loss 0.0810
Epoch 01959 | Accuracy 96.58%
Process 000 | Epoch 01979 | Time(s) 0.1173 | Comm(s) 0.0785 | Reduce(s) 0.0056 | Loss 0.0830
Epoch 01969 | Accuracy 96.61%
Process 000 | Epoch 01989 | Time(s) 0.1173 | Comm(s) 0.0785 | Reduce(s) 0.0056 | Loss 0.0841
Epoch 01979 | Accuracy 96.52%
Process 000 | Epoch 01999 | Time(s) 0.1173 | Comm(s) 0.0785 | Reduce(s) 0.0056 | Loss 0.0824
Process 001 | Epoch 01769 | Time(s) 0.1810 | Comm(s) 0.0796 | Reduce(s) 0.0059 | Loss 0.0931
Process 001 | Epoch 01779 | Time(s) 0.1810 | Comm(s) 0.0796 | Reduce(s) 0.0059 | Loss 0.0927
Process 001 | Epoch 01789 | Time(s) 0.1810 | Comm(s) 0.0796 | Reduce(s) 0.0059 | Loss 0.0905
Process 001 | Epoch 01799 | Time(s) 0.1811 | Comm(s) 0.0796 | Reduce(s) 0.0059 | Loss 0.0904
Process 001 | Epoch 01809 | Time(s) 0.1812 | Comm(s) 0.0797 | Reduce(s) 0.0059 | Loss 0.0920
Process 001 | Epoch 01819 | Time(s) 0.1812 | Comm(s) 0.0796 | Reduce(s) 0.0059 | Loss 0.0900
Process 001 | Epoch 01829 | Time(s) 0.1812 | Comm(s) 0.0797 | Reduce(s) 0.0059 | Loss 0.0895
Process 001 | Epoch 01839 | Time(s) 0.1812 | Comm(s) 0.0796 | Reduce(s) 0.0059 | Loss 0.0908
Process 001 | Epoch 01849 | Time(s) 0.1812 | Comm(s) 0.0797 | Reduce(s) 0.0059 | Loss 0.0901
Process 001 | Epoch 01859 | Time(s) 0.1813 | Comm(s) 0.0796 | Reduce(s) 0.0059 | Loss 0.0887
Process 001 | Epoch 01869 | Time(s) 0.1812 | Comm(s) 0.0796 | Reduce(s) 0.0059 | Loss 0.0902
Process 001 | Epoch 01879 | Time(s) 0.1813 | Comm(s) 0.0796 | Reduce(s) 0.0059 | Loss 0.0897
Process 001 | Epoch 01889 | Time(s) 0.1812 | Comm(s) 0.0796 | Reduce(s) 0.0059 | Loss 0.0903
Process 001 | Epoch 01899 | Time(s) 0.1812 | Comm(s) 0.0797 | Reduce(s) 0.0059 | Loss 0.0885
Process 001 | Epoch 01909 | Time(s) 0.1812 | Comm(s) 0.0797 | Reduce(s) 0.0059 | Loss 0.0908
Process 001 | Epoch 01919 | Time(s) 0.1811 | Comm(s) 0.0796 | Reduce(s) 0.0059 | Loss 0.0920
Process 001 | Epoch 01929 | Time(s) 0.1812 | Comm(s) 0.0797 | Reduce(s) 0.0059 | Loss 0.0918
Process 001 | Epoch 01939 | Time(s) 0.1812 | Comm(s) 0.0797 | Reduce(s) 0.0059 | Loss 0.0843
Process 001 | Epoch 01949 | Time(s) 0.1811 | Comm(s) 0.0797 | Reduce(s) 0.0059 | Loss 0.0870
Process 001 | Epoch 01959 | Time(s) 0.1812 | Comm(s) 0.0797 | Reduce(s) 0.0059 | Loss 0.0902
Process 001 | Epoch 01969 | Time(s) 0.1812 | Comm(s) 0.0797 | Reduce(s) 0.0059 | Loss 0.0893
Process 001 | Epoch 01979 | Time(s) 0.1812 | Comm(s) 0.0797 | Reduce(s) 0.0059 | Loss 0.0915
Process 001 | Epoch 01989 | Time(s) 0.1812 | Comm(s) 0.0797 | Reduce(s) 0.0059 | Loss 0.0899
Process 001 | Epoch 01999 | Time(s) 0.1813 | Comm(s) 0.0797 | Reduce(s) 0.0059 | Loss 0.0904
Process 001 | Epoch 02009 | Time(s) 0.1812 | Comm(s) 0.0797 | Reduce(s) 0.0059 | Loss 0.0866
Process 001 | Epoch 02019 | Time(s) 0.1812 | Comm(s) 0.0797 | Reduce(s) 0.0059 | Loss 0.0862
Process 001 | Epoch 02029 | Time(s) 0.1812 | Comm(s) 0.0797 | Reduce(s) 0.0059 | Loss 0.0868
Process 001 | Epoch 02039 | Time(s) 0.1813 | Comm(s) 0.0798 | Reduce(s) 0.0059 | Loss 0.0873
Process 001 | Epoch 02049 | Time(s) 0.1813 | Comm(s) 0.0798 | Reduce(s) 0.0059 | Loss 0.0864
Process 001 | Epoch 02059 | Time(s) 0.1813 | Comm(s) 0.0798 | Reduce(s) 0.0059 | Loss 0.0861
Process 001 | Epoch 02069 | Time(s) 0.1813 | Comm(s) 0.0798 | Reduce(s) 0.0059 | Loss 0.0856
Process 001 | Epoch 02079 | Time(s) 0.1813 | Comm(s) 0.0798 | Reduce(s) 0.0059 | Loss 0.0876
Process 001 | Epoch 02089 | Time(s) 0.1813 | Comm(s) 0.0798 | Reduce(s) 0.0059 | Loss 0.0873
Process 001 | Epoch 02099 | Time(s) 0.1814 | Comm(s) 0.0798 | Reduce(s) 0.0059 | Loss 0.0871
Process 001 | Epoch 02109 | Time(s) 0.1814 | Comm(s) 0.0798 | Reduce(s) 0.0059 | Loss 0.0901
Process 001 | Epoch 02119 | Time(s) 0.1814 | Comm(s) 0.0798 | Reduce(s) 0.0059 | Loss 0.0872
Process 001 | Epoch 02129 | Time(s) 0.1814 | Comm(s) 0.0799 | Reduce(s) 0.0059 | Loss 0.0863
Process 001 | Epoch 02139 | Time(s) 0.1814 | Comm(s) 0.0799 | Reduce(s) 0.0059 | Loss 0.0864
Process 001 | Epoch 02149 | Time(s) 0.1815 | Comm(s) 0.0799 | Reduce(s) 0.0059 | Loss 0.0901
Process 001 | Epoch 02159 | Time(s) 0.1814 | Comm(s) 0.0799 | Reduce(s) 0.0059 | Loss 0.0834
Process 001 | Epoch 02169 | Time(s) 0.1813 | Comm(s) 0.0799 | Reduce(s) 0.0059 | Loss 0.0877
Process 001 | Epoch 02179 | Time(s) 0.1814 | Comm(s) 0.0799 | Reduce(s) 0.0059 | Loss 0.0855
Process 001 | Epoch 02189 | Time(s) 0.1814 | Comm(s) 0.0799 | Reduce(s) 0.0059 | Loss 0.0834
Process 001 | Epoch 02199 | Time(s) 0.1813 | Comm(s) 0.0799 | Reduce(s) 0.0059 | Loss 0.0871
Process 001 | Epoch 02209 | Time(s) 0.1813 | Comm(s) 0.0799 | Reduce(s) 0.0059 | Loss 0.0867
Process 001 | Epoch 02219 | Time(s) 0.1814 | Comm(s) 0.0799 | Reduce(s) 0.0059 | Loss 0.0877
Process 001 | Epoch 02229 | Time(s) 0.1813 | Comm(s) 0.0799 | Reduce(s) 0.0059 | Loss 0.0844
Process 001 | Epoch 02239 | Time(s) 0.1813 | Comm(s) 0.0799 | Reduce(s) 0.0059 | Loss 0.0869
Process 001 | Epoch 02249 | Time(s) 0.1813 | Comm(s) 0.0799 | Reduce(s) 0.0059 | Loss 0.0876
Process 001 | Epoch 02259 | Time(s) 0.1813 | Comm(s) 0.0800 | Reduce(s) 0.0059 | Loss 0.0831
Process 001 | Epoch 02269 | Time(s) 0.1814 | Comm(s) 0.0800 | Reduce(s) 0.0059 | Loss 0.0852
Process 001 | Epoch 02279 | Time(s) 0.1813 | Comm(s) 0.0800 | Reduce(s) 0.0059 | Loss 0.0844
Process 001 | Epoch 02289 | Time(s) 0.1813 | Comm(s) 0.0800 | Reduce(s) 0.0059 | Loss 0.0842
Process 001 | Epoch 02299 | Time(s) 0.1813 | Comm(s) 0.0800 | Reduce(s) 0.0059 | Loss 0.0856
Process 001 | Epoch 02309 | Time(s) 0.1813 | Comm(s) 0.0800 | Reduce(s) 0.0059 | Loss 0.0832
Process 001 | Epoch 02319 | Time(s) 0.1813 | Comm(s) 0.0800 | Reduce(s) 0.0059 | Loss 0.0841
Process 001 | Epoch 02329 | Time(s) 0.1813 | Comm(s) 0.0800 | Reduce(s) 0.0059 | Loss 0.0842
Process 001 | Epoch 02339 | Time(s) 0.1813 | Comm(s) 0.0800 | Reduce(s) 0.0059 | Loss 0.0834
Process 001 | Epoch 02349 | Time(s) 0.1814 | Comm(s) 0.0800 | Reduce(s) 0.0059 | Loss 0.0848
Process 001 | Epoch 02359 | Time(s) 0.1813 | Comm(s) 0.0800 | Reduce(s) 0.0059 | Loss 0.0852
Process 001 | Epoch 02369 | Time(s) 0.1813 | Comm(s) 0.0800 | Reduce(s) 0.0059 | Loss 0.0863
Process 001 | Epoch 02379 | Time(s) 0.1814 | Comm(s) 0.0800 | Reduce(s) 0.0059 | Loss 0.0826
Process 001 | Epoch 02389 | Time(s) 0.1814 | Comm(s) 0.0800 | Reduce(s) 0.0059 | Loss 0.0863
Process 001 | Epoch 02399 | Time(s) 0.1814 | Comm(s) 0.0800 | Reduce(s) 0.0059 | Loss 0.0832
Process 001 | Epoch 02409 | Time(s) 0.1814 | Comm(s) 0.0800 | Reduce(s) 0.0059 | Loss 0.0837
Process 001 | Epoch 02419 | Time(s) 0.1814 | Comm(s) 0.0800 | Reduce(s) 0.0059 | Loss 0.0836
Process 001 | Epoch 02429 | Time(s) 0.1814 | Comm(s) 0.0800 | Reduce(s) 0.0059 | Loss 0.0878
Process 001 | Epoch 02439 | Time(s) 0.1814 | Comm(s) 0.0800 | Reduce(s) 0.0059 | Loss 0.0824
Process 001 | Epoch 02449 | Time(s) 0.1813 | Comm(s) 0.0800 | Reduce(s) 0.0059 | Loss 0.0838
Process 001 | Epoch 02459 | Time(s) 0.1813 | Comm(s) 0.0800 | Reduce(s) 0.0059 | Loss 0.0838
Process 001 | Epoch 02469 | Time(s) 0.1813 | Comm(s) 0.0800 | Reduce(s) 0.0059 | Loss 0.0849
Process 001 | Epoch 02479 | Time(s) 0.1814 | Comm(s) 0.0801 | Reduce(s) 0.0059 | Loss 0.0823
Process 001 | Epoch 02489 | Time(s) 0.1814 | Comm(s) 0.0801 | Reduce(s) 0.0059 | Loss 0.0834
Process 001 | Epoch 02499 | Time(s) 0.1814 | Comm(s) 0.0801 | Reduce(s) 0.0059 | Loss 0.0836
Process 001 | Epoch 02509 | Time(s) 0.1814 | Comm(s) 0.0801 | Reduce(s) 0.0059 | Loss 0.0844
Process 001 | Epoch 02519 | Time(s) 0.1814 | Comm(s) 0.0801 | Reduce(s) 0.0059 | Loss 0.0818
Process 001 | Epoch 02529 | Time(s) 0.1814 | Comm(s) 0.0801 | Reduce(s) 0.0059 | Loss 0.0823
Process 001 | Epoch 02539 | Time(s) 0.1814 | Comm(s) 0.0801 | Reduce(s) 0.0059 | Loss 0.0829
Process 001 | Epoch 02549 | Time(s) 0.1814 | Comm(s) 0.0801 | Reduce(s) 0.0059 | Loss 0.0817
Process 001 | Epoch 02559 | Time(s) 0.1814 | Comm(s) 0.0801 | Reduce(s) 0.0059 | Loss 0.0834
Process 001 | Epoch 02569 | Time(s) 0.1814 | Comm(s) 0.0801 | Reduce(s) 0.0059 | Loss 0.0807
Process 001 | Epoch 02579 | Time(s) 0.1814 | Comm(s) 0.0801 | Reduce(s) 0.0059 | Loss 0.0829
Process 001 | Epoch 02589 | Time(s) 0.1814 | Comm(s) 0.0801 | Reduce(s) 0.0059 | Loss 0.0840
Process 001 | Epoch 02599 | Time(s) 0.1814 | Comm(s) 0.0801 | Reduce(s) 0.0059 | Loss 0.0854
Process 001 | Epoch 02609 | Time(s) 0.1814 | Comm(s) 0.0801 | Reduce(s) 0.0059 | Loss 0.0819
Process 001 | Epoch 02619 | Time(s) 0.1814 | Comm(s) 0.0801 | Reduce(s) 0.0059 | Loss 0.0827
Process 001 | Epoch 02629 | Time(s) 0.1814 | Comm(s) 0.0801 | Reduce(s) 0.0059 | Loss 0.0835
Process 001 | Epoch 02639 | Time(s) 0.1814 | Comm(s) 0.0801 | Reduce(s) 0.0059 | Loss 0.0825
Process 001 | Epoch 02649 | Time(s) 0.1814 | Comm(s) 0.0801 | Reduce(s) 0.0059 | Loss 0.0870
Epoch 01989 | Accuracy 96.59%
Process 000 | Epoch 02009 | Time(s) 0.1173 | Comm(s) 0.0785 | Reduce(s) 0.0056 | Loss 0.0839
Epoch 01999 | Accuracy 96.56%
Process 000 | Epoch 02019 | Time(s) 0.1173 | Comm(s) 0.0785 | Reduce(s) 0.0056 | Loss 0.0799
Epoch 02009 | Accuracy 96.57%
Process 000 | Epoch 02029 | Time(s) 0.1173 | Comm(s) 0.0785 | Reduce(s) 0.0056 | Loss 0.0795
Epoch 02019 | Accuracy 96.58%
Process 000 | Epoch 02039 | Time(s) 0.1173 | Comm(s) 0.0785 | Reduce(s) 0.0056 | Loss 0.0832
Epoch 02029 | Accuracy 96.55%
Process 000 | Epoch 02049 | Time(s) 0.1173 | Comm(s) 0.0785 | Reduce(s) 0.0056 | Loss 0.0807
Epoch 02039 | Accuracy 96.55%
Process 000 | Epoch 02059 | Time(s) 0.1174 | Comm(s) 0.0785 | Reduce(s) 0.0056 | Loss 0.0814
Epoch 02049 | Accuracy 96.58%
Process 000 | Epoch 02069 | Time(s) 0.1174 | Comm(s) 0.0785 | Reduce(s) 0.0056 | Loss 0.0807
Epoch 02059 | Accuracy 96.59%
Process 000 | Epoch 02079 | Time(s) 0.1174 | Comm(s) 0.0785 | Reduce(s) 0.0056 | Loss 0.0787
Epoch 02069 | Accuracy 96.56%
Process 000 | Epoch 02089 | Time(s) 0.1174 | Comm(s) 0.0785 | Reduce(s) 0.0056 | Loss 0.0816
Epoch 02079 | Accuracy 96.59%
Process 000 | Epoch 02099 | Time(s) 0.1174 | Comm(s) 0.0786 | Reduce(s) 0.0056 | Loss 0.0796
Epoch 02089 | Accuracy 96.59%
Process 000 | Epoch 02109 | Time(s) 0.1174 | Comm(s) 0.0786 | Reduce(s) 0.0056 | Loss 0.0822
Epoch 02099 | Accuracy 96.49%
Process 000 | Epoch 02119 | Time(s) 0.1174 | Comm(s) 0.0786 | Reduce(s) 0.0056 | Loss 0.0779
Epoch 02109 | Accuracy 96.56%
Process 000 | Epoch 02129 | Time(s) 0.1174 | Comm(s) 0.0785 | Reduce(s) 0.0056 | Loss 0.0815
Epoch 02119 | Accuracy 96.51%
Process 000 | Epoch 02139 | Time(s) 0.1174 | Comm(s) 0.0785 | Reduce(s) 0.0056 | Loss 0.0801
Epoch 02129 | Accuracy 96.49%
Process 000 | Epoch 02149 | Time(s) 0.1174 | Comm(s) 0.0786 | Reduce(s) 0.0056 | Loss 0.0796
Epoch 02139 | Accuracy 96.48%
Process 000 | Epoch 02159 | Time(s) 0.1175 | Comm(s) 0.0786 | Reduce(s) 0.0056 | Loss 0.0815
Epoch 02149 | Accuracy 96.49%
Process 000 | Epoch 02169 | Time(s) 0.1174 | Comm(s) 0.0786 | Reduce(s) 0.0056 | Loss 0.0801
Epoch 02159 | Accuracy 96.56%
Process 000 | Epoch 02179 | Time(s) 0.1174 | Comm(s) 0.0786 | Reduce(s) 0.0056 | Loss 0.0839
Epoch 02169 | Accuracy 96.55%
Process 000 | Epoch 02189 | Time(s) 0.1175 | Comm(s) 0.0786 | Reduce(s) 0.0056 | Loss 0.0779
Epoch 02179 | Accuracy 96.55%
Process 000 | Epoch 02199 | Time(s) 0.1175 | Comm(s) 0.0786 | Reduce(s) 0.0056 | Loss 0.0804
Epoch 02189 | Accuracy 96.59%
Process 000 | Epoch 02209 | Time(s) 0.1175 | Comm(s) 0.0786 | Reduce(s) 0.0056 | Loss 0.0799
Epoch 02199 | Accuracy 96.58%
Process 000 | Epoch 02219 | Time(s) 0.1175 | Comm(s) 0.0786 | Reduce(s) 0.0056 | Loss 0.0808
Epoch 02209 | Accuracy 96.57%
Process 000 | Epoch 02229 | Time(s) 0.1175 | Comm(s) 0.0786 | Reduce(s) 0.0056 | Loss 0.0802
Epoch 02219 | Accuracy 96.53%
Process 000 | Epoch 02239 | Time(s) 0.1175 | Comm(s) 0.0786 | Reduce(s) 0.0056 | Loss 0.0817
Epoch 02229 | Accuracy 96.60%
Process 000 | Epoch 02249 | Time(s) 0.1175 | Comm(s) 0.0786 | Reduce(s) 0.0056 | Loss 0.0804
Epoch 02239 | Accuracy 96.62%
Process 000 | Epoch 02259 | Time(s) 0.1175 | Comm(s) 0.0786 | Reduce(s) 0.0056 | Loss 0.0795
Epoch 02249 | Accuracy 96.58%
Process 000 | Epoch 02269 | Time(s) 0.1175 | Comm(s) 0.0786 | Reduce(s) 0.0056 | Loss 0.0811
Epoch 02259 | Accuracy 96.56%
Process 000 | Epoch 02279 | Time(s) 0.1175 | Comm(s) 0.0786 | Reduce(s) 0.0056 | Loss 0.0790
Epoch 02269 | Accuracy 96.58%
Process 000 | Epoch 02289 | Time(s) 0.1175 | Comm(s) 0.0786 | Reduce(s) 0.0056 | Loss 0.0776
Epoch 02279 | Accuracy 96.57%
Process 000 | Epoch 02299 | Time(s) 0.1175 | Comm(s) 0.0786 | Reduce(s) 0.0056 | Loss 0.0806
Epoch 02289 | Accuracy 96.55%
Process 000 | Epoch 02309 | Time(s) 0.1175 | Comm(s) 0.0786 | Reduce(s) 0.0056 | Loss 0.0799
Epoch 02299 | Accuracy 96.56%
Process 000 | Epoch 02319 | Time(s) 0.1175 | Comm(s) 0.0786 | Reduce(s) 0.0056 | Loss 0.0767
Epoch 02309 | Accuracy 96.59%
Process 000 | Epoch 02329 | Time(s) 0.1175 | Comm(s) 0.0785 | Reduce(s) 0.0056 | Loss 0.0784
Epoch 02319 | Accuracy 96.57%
Process 000 | Epoch 02339 | Time(s) 0.1175 | Comm(s) 0.0785 | Reduce(s) 0.0056 | Loss 0.0798
Epoch 02329 | Accuracy 96.63%
Process 000 | Epoch 02349 | Time(s) 0.1175 | Comm(s) 0.0786 | Reduce(s) 0.0056 | Loss 0.0780
Epoch 02339 | Accuracy 96.60%
Process 000 | Epoch 02359 | Time(s) 0.1175 | Comm(s) 0.0786 | Reduce(s) 0.0056 | Loss 0.0783
Epoch 02349 | Accuracy 96.53%
Process 000 | Epoch 02369 | Time(s) 0.1175 | Comm(s) 0.0786 | Reduce(s) 0.0056 | Loss 0.0799
Epoch 02359 | Accuracy 96.61%
Process 000 | Epoch 02379 | Time(s) 0.1175 | Comm(s) 0.0785 | Reduce(s) 0.0056 | Loss 0.0791
Epoch 02369 | Accuracy 96.55%
Process 000 | Epoch 02389 | Time(s) 0.1175 | Comm(s) 0.0785 | Reduce(s) 0.0056 | Loss 0.0766
Epoch 02379 | Accuracy 96.57%
Process 000 | Epoch 02399 | Time(s) 0.1175 | Comm(s) 0.0786 | Reduce(s) 0.0056 | Loss 0.0759
Epoch 02389 | Accuracy 96.61%
Process 000 | Epoch 02409 | Time(s) 0.1175 | Comm(s) 0.0786 | Reduce(s) 0.0056 | Loss 0.0800
Epoch 02399 | Accuracy 96.56%
Process 000 | Epoch 02419 | Time(s) 0.1175 | Comm(s) 0.0786 | Reduce(s) 0.0056 | Loss 0.0779
Epoch 02409 | Accuracy 96.55%
Process 000 | Epoch 02429 | Time(s) 0.1175 | Comm(s) 0.0786 | Reduce(s) 0.0056 | Loss 0.0807
Epoch 02419 | Accuracy 96.53%
Process 000 | Epoch 02439 | Time(s) 0.1175 | Comm(s) 0.0786 | Reduce(s) 0.0056 | Loss 0.0779
Epoch 02429 | Accuracy 96.51%
Process 000 | Epoch 02449 | Time(s) 0.1175 | Comm(s) 0.0786 | Reduce(s) 0.0056 | Loss 0.0780
Epoch 02439 | Accuracy 96.53%
Process 000 | Epoch 02459 | Time(s) 0.1175 | Comm(s) 0.0786 | Reduce(s) 0.0056 | Loss 0.0779
Epoch 02449 | Accuracy 96.51%
Process 000 | Epoch 02469 | Time(s) 0.1175 | Comm(s) 0.0785 | Reduce(s) 0.0056 | Loss 0.0779
Epoch 02459 | Accuracy 96.52%
Process 000 | Epoch 02479 | Time(s) 0.1175 | Comm(s) 0.0786 | Reduce(s) 0.0056 | Loss 0.0789
Epoch 02469 | Accuracy 96.52%
Process 000 | Epoch 02489 | Time(s) 0.1175 | Comm(s) 0.0785 | Reduce(s) 0.0056 | Loss 0.0783
Epoch 02479 | Accuracy 96.60%
Process 000 | Epoch 02499 | Time(s) 0.1175 | Comm(s) 0.0786 | Reduce(s) 0.0056 | Loss 0.0788
Epoch 02489 | Accuracy 96.59%
Process 000 | Epoch 02509 | Time(s) 0.1175 | Comm(s) 0.0786 | Reduce(s) 0.0056 | Loss 0.0798
Epoch 02499 | Accuracy 96.59%
Process 000 | Epoch 02519 | Time(s) 0.1175 | Comm(s) 0.0786 | Reduce(s) 0.0056 | Loss 0.0790
Epoch 02509 | Accuracy 96.55%
Process 000 | Epoch 02529 | Time(s) 0.1175 | Comm(s) 0.0786 | Reduce(s) 0.0056 | Loss 0.0768
Epoch 02519 | Accuracy 96.57%
Process 000 | Epoch 02539 | Time(s) 0.1175 | Comm(s) 0.0786 | Reduce(s) 0.0056 | Loss 0.0756
Epoch 02529 | Accuracy 96.58%
Process 000 | Epoch 02549 | Time(s) 0.1175 | Comm(s) 0.0786 | Reduce(s) 0.0056 | Loss 0.0779
Epoch 02539 | Accuracy 96.58%
Process 000 | Epoch 02559 | Time(s) 0.1175 | Comm(s) 0.0786 | Reduce(s) 0.0056 | Loss 0.0772
Epoch 02549 | Accuracy 96.57%
Process 000 | Epoch 02569 | Time(s) 0.1175 | Comm(s) 0.0785 | Reduce(s) 0.0056 | Loss 0.0756
Epoch 02559 | Accuracy 96.55%
Process 000 | Epoch 02579 | Time(s) 0.1175 | Comm(s) 0.0785 | Reduce(s) 0.0056 | Loss 0.0768
Epoch 02569 | Accuracy 96.59%
Process 000 | Epoch 02589 | Time(s) 0.1175 | Comm(s) 0.0785 | Reduce(s) 0.0056 | Loss 0.0748
Epoch 02579 | Accuracy 96.58%
Process 000 | Epoch 02599 | Time(s) 0.1175 | Comm(s) 0.0786 | Reduce(s) 0.0056 | Loss 0.0757
Epoch 02589 | Accuracy 96.58%
Process 000 | Epoch 02609 | Time(s) 0.1175 | Comm(s) 0.0785 | Reduce(s) 0.0056 | Loss 0.0751
Epoch 02599 | Accuracy 96.63%
Process 000 | Epoch 02619 | Time(s) 0.1175 | Comm(s) 0.0785 | Reduce(s) 0.0056 | Loss 0.0799
Epoch 02609 | Accuracy 96.63%
Process 000 | Epoch 02629 | Time(s) 0.1175 | Comm(s) 0.0786 | Reduce(s) 0.0056 | Loss 0.0779
Epoch 02619 | Accuracy 96.61%
Process 000 | Epoch 02639 | Time(s) 0.1175 | Comm(s) 0.0786 | Reduce(s) 0.0056 | Loss 0.0755
Epoch 02629 | Accuracy 96.59%
Process 000 | Epoch 02649 | Time(s) 0.1175 | Comm(s) 0.0785 | Reduce(s) 0.0056 | Loss 0.0767
Epoch 02639 | Accuracy 96.63%
Process 000 | Epoch 02659 | Time(s) 0.1175 | Comm(s) 0.0785 | Reduce(s) 0.0056 | Loss 0.0760
Epoch 02649 | Accuracy 96.60%
Process 000 | Epoch 02669 | Time(s) 0.1175 | Comm(s) 0.0785 | Reduce(s) 0.0056 | Loss 0.0777
Process 001 | Epoch 02659 | Time(s) 0.1814 | Comm(s) 0.0801 | Reduce(s) 0.0059 | Loss 0.0836
Process 001 | Epoch 02669 | Time(s) 0.1814 | Comm(s) 0.0801 | Reduce(s) 0.0059 | Loss 0.0819
Process 001 | Epoch 02679 | Time(s) 0.1814 | Comm(s) 0.0801 | Reduce(s) 0.0059 | Loss 0.0830
Process 001 | Epoch 02689 | Time(s) 0.1814 | Comm(s) 0.0801 | Reduce(s) 0.0059 | Loss 0.0823
Process 001 | Epoch 02699 | Time(s) 0.1814 | Comm(s) 0.0801 | Reduce(s) 0.0059 | Loss 0.0847
Process 001 | Epoch 02709 | Time(s) 0.1815 | Comm(s) 0.0801 | Reduce(s) 0.0059 | Loss 0.0824
Process 001 | Epoch 02719 | Time(s) 0.1815 | Comm(s) 0.0801 | Reduce(s) 0.0059 | Loss 0.0838
Process 001 | Epoch 02729 | Time(s) 0.1815 | Comm(s) 0.0801 | Reduce(s) 0.0059 | Loss 0.0802
Process 001 | Epoch 02739 | Time(s) 0.1815 | Comm(s) 0.0801 | Reduce(s) 0.0059 | Loss 0.0810
Process 001 | Epoch 02749 | Time(s) 0.1814 | Comm(s) 0.0801 | Reduce(s) 0.0059 | Loss 0.0800
Process 001 | Epoch 02759 | Time(s) 0.1815 | Comm(s) 0.0801 | Reduce(s) 0.0059 | Loss 0.0813
Process 001 | Epoch 02769 | Time(s) 0.1814 | Comm(s) 0.0801 | Reduce(s) 0.0059 | Loss 0.0810
Process 001 | Epoch 02779 | Time(s) 0.1815 | Comm(s) 0.0801 | Reduce(s) 0.0059 | Loss 0.0793
Process 001 | Epoch 02789 | Time(s) 0.1815 | Comm(s) 0.0802 | Reduce(s) 0.0059 | Loss 0.0810
Process 001 | Epoch 02799 | Time(s) 0.1815 | Comm(s) 0.0802 | Reduce(s) 0.0059 | Loss 0.0833
Process 001 | Epoch 02809 | Time(s) 0.1815 | Comm(s) 0.0802 | Reduce(s) 0.0059 | Loss 0.0840
Process 001 | Epoch 02819 | Time(s) 0.1815 | Comm(s) 0.0802 | Reduce(s) 0.0059 | Loss 0.0806
Process 001 | Epoch 02829 | Time(s) 0.1815 | Comm(s) 0.0802 | Reduce(s) 0.0059 | Loss 0.0817
Process 001 | Epoch 02839 | Time(s) 0.1815 | Comm(s) 0.0801 | Reduce(s) 0.0059 | Loss 0.0828
Process 001 | Epoch 02849 | Time(s) 0.1815 | Comm(s) 0.0801 | Reduce(s) 0.0059 | Loss 0.0814
Process 001 | Epoch 02859 | Time(s) 0.1815 | Comm(s) 0.0801 | Reduce(s) 0.0059 | Loss 0.0807
Process 001 | Epoch 02869 | Time(s) 0.1815 | Comm(s) 0.0801 | Reduce(s) 0.0059 | Loss 0.0829
Process 001 | Epoch 02879 | Time(s) 0.1814 | Comm(s) 0.0801 | Reduce(s) 0.0059 | Loss 0.0822
Process 001 | Epoch 02889 | Time(s) 0.1815 | Comm(s) 0.0801 | Reduce(s) 0.0059 | Loss 0.0823
Process 001 | Epoch 02899 | Time(s) 0.1814 | Comm(s) 0.0801 | Reduce(s) 0.0059 | Loss 0.0796
Process 001 | Epoch 02909 | Time(s) 0.1814 | Comm(s) 0.0801 | Reduce(s) 0.0059 | Loss 0.0804
Process 001 | Epoch 02919 | Time(s) 0.1814 | Comm(s) 0.0801 | Reduce(s) 0.0059 | Loss 0.0791
Process 001 | Epoch 02929 | Time(s) 0.1814 | Comm(s) 0.0801 | Reduce(s) 0.0059 | Loss 0.0808
Process 001 | Epoch 02939 | Time(s) 0.1814 | Comm(s) 0.0801 | Reduce(s) 0.0059 | Loss 0.0791
Process 001 | Epoch 02949 | Time(s) 0.1814 | Comm(s) 0.0801 | Reduce(s) 0.0059 | Loss 0.0820
Process 001 | Epoch 02959 | Time(s) 0.1814 | Comm(s) 0.0801 | Reduce(s) 0.0059 | Loss 0.0818
Process 001 | Epoch 02969 | Time(s) 0.1814 | Comm(s) 0.0801 | Reduce(s) 0.0059 | Loss 0.0818
Process 001 | Epoch 02979 | Time(s) 0.1814 | Comm(s) 0.0802 | Reduce(s) 0.0059 | Loss 0.0803
Process 001 | Epoch 02989 | Time(s) 0.1814 | Comm(s) 0.0802 | Reduce(s) 0.0059 | Loss 0.0812
Process 001 | Epoch 02999 | Time(s) 0.1814 | Comm(s) 0.0802 | Reduce(s) 0.0059 | Loss 0.0817
(rank 1) memory stats: current 1283.01MB, peak 3406.69MB, reserved 3958.00MB

Epoch 02659 | Accuracy 96.55%
Process 000 | Epoch 02679 | Time(s) 0.1175 | Comm(s) 0.0785 | Reduce(s) 0.0056 | Loss 0.0757
Epoch 02669 | Accuracy 96.61%
Process 000 | Epoch 02689 | Time(s) 0.1175 | Comm(s) 0.0785 | Reduce(s) 0.0056 | Loss 0.0771
Epoch 02679 | Accuracy 96.54%
Process 000 | Epoch 02699 | Time(s) 0.1175 | Comm(s) 0.0785 | Reduce(s) 0.0056 | Loss 0.0794
Epoch 02689 | Accuracy 96.58%
Process 000 | Epoch 02709 | Time(s) 0.1175 | Comm(s) 0.0785 | Reduce(s) 0.0056 | Loss 0.0780
Epoch 02699 | Accuracy 96.59%
Process 000 | Epoch 02719 | Time(s) 0.1175 | Comm(s) 0.0785 | Reduce(s) 0.0056 | Loss 0.0788
Epoch 02709 | Accuracy 96.60%
Process 000 | Epoch 02729 | Time(s) 0.1175 | Comm(s) 0.0785 | Reduce(s) 0.0056 | Loss 0.0756
Epoch 02719 | Accuracy 96.57%
Process 000 | Epoch 02739 | Time(s) 0.1175 | Comm(s) 0.0785 | Reduce(s) 0.0056 | Loss 0.0761
Epoch 02729 | Accuracy 96.63%
Process 000 | Epoch 02749 | Time(s) 0.1175 | Comm(s) 0.0785 | Reduce(s) 0.0056 | Loss 0.0749
Epoch 02739 | Accuracy 96.59%
Process 000 | Epoch 02759 | Time(s) 0.1175 | Comm(s) 0.0785 | Reduce(s) 0.0056 | Loss 0.0755
Epoch 02749 | Accuracy 96.62%
Process 000 | Epoch 02769 | Time(s) 0.1175 | Comm(s) 0.0785 | Reduce(s) 0.0056 | Loss 0.0762
Epoch 02759 | Accuracy 96.55%
Process 000 | Epoch 02779 | Time(s) 0.1175 | Comm(s) 0.0785 | Reduce(s) 0.0056 | Loss 0.0757
Epoch 02769 | Accuracy 96.54%
Process 000 | Epoch 02789 | Time(s) 0.1175 | Comm(s) 0.0785 | Reduce(s) 0.0056 | Loss 0.0770
Epoch 02779 | Accuracy 96.50%
Process 000 | Epoch 02799 | Time(s) 0.1175 | Comm(s) 0.0786 | Reduce(s) 0.0056 | Loss 0.0774
Epoch 02789 | Accuracy 96.54%
Process 000 | Epoch 02809 | Time(s) 0.1175 | Comm(s) 0.0785 | Reduce(s) 0.0056 | Loss 0.0785
Epoch 02799 | Accuracy 96.51%
Process 000 | Epoch 02819 | Time(s) 0.1175 | Comm(s) 0.0785 | Reduce(s) 0.0056 | Loss 0.0763
Epoch 02809 | Accuracy 96.54%
Process 000 | Epoch 02829 | Time(s) 0.1175 | Comm(s) 0.0786 | Reduce(s) 0.0056 | Loss 0.0748
Epoch 02819 | Accuracy 96.47%
Process 000 | Epoch 02839 | Time(s) 0.1175 | Comm(s) 0.0785 | Reduce(s) 0.0056 | Loss 0.0791
Epoch 02829 | Accuracy 96.53%
Process 000 | Epoch 02849 | Time(s) 0.1175 | Comm(s) 0.0785 | Reduce(s) 0.0056 | Loss 0.0793
Epoch 02839 | Accuracy 96.58%
Process 000 | Epoch 02859 | Time(s) 0.1175 | Comm(s) 0.0785 | Reduce(s) 0.0056 | Loss 0.0763
Epoch 02849 | Accuracy 96.58%
Process 000 | Epoch 02869 | Time(s) 0.1175 | Comm(s) 0.0785 | Reduce(s) 0.0056 | Loss 0.0766
Epoch 02859 | Accuracy 96.58%
Process 000 | Epoch 02879 | Time(s) 0.1175 | Comm(s) 0.0785 | Reduce(s) 0.0056 | Loss 0.0758
Epoch 02869 | Accuracy 96.53%
Process 000 | Epoch 02889 | Time(s) 0.1175 | Comm(s) 0.0785 | Reduce(s) 0.0056 | Loss 0.0761
Epoch 02879 | Accuracy 96.51%
Process 000 | Epoch 02899 | Time(s) 0.1175 | Comm(s) 0.0785 | Reduce(s) 0.0056 | Loss 0.0758
Epoch 02889 | Accuracy 96.54%
Process 000 | Epoch 02909 | Time(s) 0.1175 | Comm(s) 0.0785 | Reduce(s) 0.0056 | Loss 0.0753
Epoch 02899 | Accuracy 96.46%
Process 000 | Epoch 02919 | Time(s) 0.1175 | Comm(s) 0.0785 | Reduce(s) 0.0056 | Loss 0.0763
Epoch 02909 | Accuracy 96.54%
Process 000 | Epoch 02929 | Time(s) 0.1175 | Comm(s) 0.0785 | Reduce(s) 0.0056 | Loss 0.0752
Epoch 02919 | Accuracy 96.41%
Process 000 | Epoch 02939 | Time(s) 0.1175 | Comm(s) 0.0785 | Reduce(s) 0.0056 | Loss 0.0768
Epoch 02929 | Accuracy 96.54%
Process 000 | Epoch 02949 | Time(s) 0.1175 | Comm(s) 0.0785 | Reduce(s) 0.0056 | Loss 0.0781
Epoch 02939 | Accuracy 96.59%
Process 000 | Epoch 02959 | Time(s) 0.1175 | Comm(s) 0.0785 | Reduce(s) 0.0056 | Loss 0.0759
Epoch 02949 | Accuracy 96.59%
Process 000 | Epoch 02969 | Time(s) 0.1175 | Comm(s) 0.0785 | Reduce(s) 0.0056 | Loss 0.0746
Epoch 02959 | Accuracy 96.51%
Process 000 | Epoch 02979 | Time(s) 0.1175 | Comm(s) 0.0785 | Reduce(s) 0.0056 | Loss 0.0753
Epoch 02969 | Accuracy 96.55%
Process 000 | Epoch 02989 | Time(s) 0.1175 | Comm(s) 0.0785 | Reduce(s) 0.0056 | Loss 0.0752
Epoch 02979 | Accuracy 96.52%
Process 000 | Epoch 02999 | Time(s) 0.1175 | Comm(s) 0.0785 | Reduce(s) 0.0056 | Loss 0.0751
Epoch 02989 | Accuracy 96.46%
(rank 0) memory stats: current 1186.95MB, peak 3271.36MB, reserved 3836.00MB
Epoch 02999 | Accuracy 96.54%
model saved
Max Validation Accuracy 96.64%
Test Result | Accuracy 97.10%
