/home/zhaoyu/miniconda3/envs/test/lib/python3.11/site-packages/dgl/graphbolt/__init__.py:114: GBWarning: 
An experimental feature for CUDA allocations is turned on for better allocation
pattern resulting in better memory usage for minibatch GNN training workloads.
See https://pytorch.org/docs/stable/notes/cuda.html#optimizing-memory-usage-with-pytorch-cuda-alloc-conf,
and set the environment variable `PYTORCH_CUDA_ALLOC_CONF=expandable_segments:False`
if you want to disable it and set it True to acknowledge and disable the warning.

  gb_warning(WARNING_STR_TO_BE_SHOWN)
Namespace(dataset='reddit', data_path='./dataset/', part_path='./partition/', graph_name='reddit-2-metis-vol-induc', model='graphsage', dropout=0.5, lr=0.01, sampling_rate=0.1, heads=1, n_epochs=3000, n_partitions=2, n_hidden=256, n_layers=4, log_every=10, weight_decay=0, norm='layer', partition_obj='vol', partition_method='metis', n_linear=0, use_pp=True, inductive=True, fix_seed=True, seed=9, backend='gloo', port=18118, master_addr='127.0.0.1', node_rank=0, parts_per_node=10, skip_partition=True, eval=True)
loading partitions
Process 0 has 144839 nodes, 28484466 edges 78250 inner nodes, and 20593238 inner edges.
Process 0 start training
Process 000 | Epoch 00009 | Time(s) 0.0889 | Comm(s) 0.0594 | Reduce(s) 0.0049 | Loss 2.3970
Process 000 | Epoch 00019 | Time(s) 0.0923 | Comm(s) 0.0617 | Reduce(s) 0.0057 | Loss 1.4898
Epoch 00009 | Accuracy 31.44%
Process 000 | Epoch 00029 | Time(s) 0.1057 | Comm(s) 0.0711 | Reduce(s) 0.0064 | Loss 0.7882
Epoch 00019 | Accuracy 55.68%
Process 000 | Epoch 00039 | Time(s) 0.1104 | Comm(s) 0.0739 | Reduce(s) 0.0060 | Loss 0.5442
Epoch 00029 | Accuracy 75.93%
Process 000 | Epoch 00049 | Time(s) 0.1132 | Comm(s) 0.0752 | Reduce(s) 0.0063 | Loss 0.4525
Epoch 00039 | Accuracy 87.72%
Process 000 | Epoch 00059 | Time(s) 0.1147 | Comm(s) 0.0761 | Reduce(s) 0.0062 | Loss 0.3967
Epoch 00049 | Accuracy 91.40%
Process 000 | Epoch 00069 | Time(s) 0.1169 | Comm(s) 0.0779 | Reduce(s) 0.0061 | Loss 0.3631
Epoch 00059 | Accuracy 92.34%
Process 000 | Epoch 00079 | Time(s) 0.1176 | Comm(s) 0.0779 | Reduce(s) 0.0059 | Loss 0.3352
Epoch 00069 | Accuracy 92.91%
Process 000 | Epoch 00089 | Time(s) 0.1170 | Comm(s) 0.0774 | Reduce(s) 0.0059 | Loss 0.3169
Epoch 00079 | Accuracy 93.41%
Process 000 | Epoch 00099 | Time(s) 0.1169 | Comm(s) 0.0769 | Reduce(s) 0.0059 | Loss 0.2991
Epoch 00089 | Accuracy 93.71%
Process 000 | Epoch 00109 | Time(s) 0.1171 | Comm(s) 0.0773 | Reduce(s) 0.0059 | Loss 0.2899
Epoch 00099 | Accuracy 93.96%
Process 000 | Epoch 00119 | Time(s) 0.1170 | Comm(s) 0.0772 | Reduce(s) 0.0059 | Loss 0.2720
Epoch 00109 | Accuracy 94.17%
Process 000 | Epoch 00129 | Time(s) 0.1166 | Comm(s) 0.0770 | Reduce(s) 0.0059 | Loss 0.2659
Epoch 00119 | Accuracy 94.31%
Process 000 | Epoch 00139 | Time(s) 0.1164 | Comm(s) 0.0768 | Reduce(s) 0.0059 | Loss 0.2524
Epoch 00129 | Accuracy 94.55%
Process 000 | Epoch 00149 | Time(s) 0.1164 | Comm(s) 0.0770 | Reduce(s) 0.0058 | Loss 0.2453
Epoch 00139 | Accuracy 94.70%
Process 000 | Epoch 00159 | Time(s) 0.1163 | Comm(s) 0.0769 | Reduce(s) 0.0058 | Loss 0.2434
Epoch 00149 | Accuracy 94.84%
Process 000 | Epoch 00169 | Time(s) 0.1169 | Comm(s) 0.0773 | Reduce(s) 0.0058 | Loss 0.2346
Epoch 00159 | Accuracy 95.04%
Process 000 | Epoch 00179 | Time(s) 0.1172 | Comm(s) 0.0775 | Reduce(s) 0.0058 | Loss 0.2287
Epoch 00169 | Accuracy 95.09%
Process 000 | Epoch 00189 | Time(s) 0.1171 | Comm(s) 0.0774 | Reduce(s) 0.0059 | Loss 0.2244
Epoch 00179 | Accuracy 95.16%
Process 000 | Epoch 00199 | Time(s) 0.1173 | Comm(s) 0.0776 | Reduce(s) 0.0058 | Loss 0.2152
Epoch 00189 | Accuracy 95.23%
Process 000 | Epoch 00209 | Time(s) 0.1176 | Comm(s) 0.0779 | Reduce(s) 0.0058 | Loss 0.2108
Epoch 00199 | Accuracy 95.25%
Process 000 | Epoch 00219 | Time(s) 0.1173 | Comm(s) 0.0777 | Reduce(s) 0.0058 | Loss 0.2085
Epoch 00209 | Accuracy 95.45%
Process 000 | Epoch 00229 | Time(s) 0.1173 | Comm(s) 0.0778 | Reduce(s) 0.0058 | Loss 0.2035
Epoch 00219 | Accuracy 95.38%
Process 000 | Epoch 00239 | Time(s) 0.1173 | Comm(s) 0.0779 | Reduce(s) 0.0058 | Loss 0.2013
Epoch 00229 | Accuracy 95.52%
Process 000 | Epoch 00249 | Time(s) 0.1171 | Comm(s) 0.0777 | Reduce(s) 0.0058 | Loss 0.1987
Epoch 00239 | Accuracy 95.55%
Process 000 | Epoch 00259 | Time(s) 0.1171 | Comm(s) 0.0777 | Reduce(s) 0.0058 | Loss 0.1921
Epoch 00249 | Accuracy 95.64%
Process 000 | Epoch 00269 | Time(s) 0.1172 | Comm(s) 0.0778 | Reduce(s) 0.0058 | Loss 0.1886
Epoch 00259 | Accuracy 95.74%
Process 000 | Epoch 00279 | Time(s) 0.1172 | Comm(s) 0.0778 | Reduce(s) 0.0059 | Loss 0.1890
Epoch 00269 | Accuracy 95.72%
Process 000 | Epoch 00289 | Time(s) 0.1172 | Comm(s) 0.0777 | Reduce(s) 0.0059 | Loss 0.1824
Epoch 00279 | Accuracy 95.80%
Process 000 | Epoch 00299 | Time(s) 0.1171 | Comm(s) 0.0777 | Reduce(s) 0.0059 | Loss 0.1829
Epoch 00289 | Accuracy 95.84%
Process 000 | Epoch 00309 | Time(s) 0.1172 | Comm(s) 0.0777 | Reduce(s) 0.0059 | Loss 0.1780
Epoch 00299 | Accuracy 95.88%
Process 000 | Epoch 00319 | Time(s) 0.1173 | Comm(s) 0.0778 | Reduce(s) 0.0059 | Loss 0.1765
Epoch 00309 | Accuracy 95.85%
Process 000 | Epoch 00329 | Time(s) 0.1173 | Comm(s) 0.0777 | Reduce(s) 0.0059 | Loss 0.1731
Epoch 00319 | Accuracy 95.94%
Process 000 | Epoch 00339 | Time(s) 0.1174 | Comm(s) 0.0778 | Reduce(s) 0.0059 | Loss 0.1695
Epoch 00329 | Accuracy 95.93%
Process 000 | Epoch 00349 | Time(s) 0.1175 | Comm(s) 0.0778 | Reduce(s) 0.0059 | Loss 0.1673
Epoch 00339 | Accuracy 96.02%
Process 000 | Epoch 00359 | Time(s) 0.1175 | Comm(s) 0.0778 | Reduce(s) 0.0059 | Loss 0.1662
Epoch 00349 | Accuracy 96.06%
Process 000 | Epoch 00369 | Time(s) 0.1176 | Comm(s) 0.0779 | Reduce(s) 0.0059 | Loss 0.1614
Epoch 00359 | Accuracy 96.07%
Process 000 | Epoch 00379 | Time(s) 0.1174 | Comm(s) 0.0779 | Reduce(s) 0.0059 | Loss 0.1570
Epoch 00369 | Accuracy 96.08%
Process 000 | Epoch 00389 | Time(s) 0.1175 | Comm(s) 0.0779 | Reduce(s) 0.0059 | Loss 0.1626
Epoch 00379 | Accuracy 96.08%
Process 000 | Epoch 00399 | Time(s) 0.1175 | Comm(s) 0.0779 | Reduce(s) 0.0059 | Loss 0.1593
Epoch 00389 | Accuracy 96.15%
Process 000 | Epoch 00409 | Time(s) 0.1175 | Comm(s) 0.0779 | Reduce(s) 0.0059 | Loss 0.1573
Epoch 00399 | Accuracy 96.20%
Process 000 | Epoch 00419 | Time(s) 0.1174 | Comm(s) 0.0779 | Reduce(s) 0.0059 | Loss 0.1571
Epoch 00409 | Accuracy 96.19%
Process 000 | Epoch 00429 | Time(s) 0.1174 | Comm(s) 0.0779 | Reduce(s) 0.0059 | Loss 0.1488
Epoch 00419 | Accuracy 96.20%
Process 000 | Epoch 00439 | Time(s) 0.1173 | Comm(s) 0.0778 | Reduce(s) 0.0059 | Loss 0.1464
Epoch 00429 | Accuracy 96.26%
Process 000 | Epoch 00449 | Time(s) 0.1173 | Comm(s) 0.0778 | Reduce(s) 0.0059 | Loss 0.1500
Epoch 00439 | Accuracy 96.18%
Process 000 | Epoch 00459 | Time(s) 0.1173 | Comm(s) 0.0778 | Reduce(s) 0.0059 | Loss 0.1451
Epoch 00449 | Accuracy 96.24%
Process 000 | Epoch 00469 | Time(s) 0.1173 | Comm(s) 0.0778 | Reduce(s) 0.0059 | Loss 0.1439
Epoch 00459 | Accuracy 96.19%
Process 000 | Epoch 00479 | Time(s) 0.1173 | Comm(s) 0.0778 | Reduce(s) 0.0059 | Loss 0.1415
Epoch 00469 | Accuracy 96.19%
Process 000 | Epoch 00489 | Time(s) 0.1175 | Comm(s) 0.0779 | Reduce(s) 0.0059 | Loss 0.1408
Epoch 00479 | Accuracy 96.31%
Process 000 | Epoch 00499 | Time(s) 0.1175 | Comm(s) 0.0779 | Reduce(s) 0.0059 | Loss 0.1390
Epoch 00489 | Accuracy 96.26%
Process 000 | Epoch 00509 | Time(s) 0.1175 | Comm(s) 0.0779 | Reduce(s) 0.0059 | Loss 0.1376
Epoch 00499 | Accuracy 96.29%
Process 000 | Epoch 00519 | Time(s) 0.1176 | Comm(s) 0.0780 | Reduce(s) 0.0059 | Loss 0.1379
Epoch 00509 | Accuracy 96.29%
Process 000 | Epoch 00529 | Time(s) 0.1176 | Comm(s) 0.0780 | Reduce(s) 0.0059 | Loss 0.1359
Epoch 00519 | Accuracy 96.32%
Process 000 | Epoch 00539 | Time(s) 0.1176 | Comm(s) 0.0780 | Reduce(s) 0.0059 | Loss 0.1329
Epoch 00529 | Accuracy 96.34%
Process 000 | Epoch 00549 | Time(s) 0.1177 | Comm(s) 0.0781 | Reduce(s) 0.0059 | Loss 0.1313
Epoch 00539 | Accuracy 96.30%
Process 000 | Epoch 00559 | Time(s) 0.1177 | Comm(s) 0.0781 | Reduce(s) 0.0059 | Loss 0.1330
Epoch 00549 | Accuracy 96.27%
Process 000 | Epoch 00569 | Time(s) 0.1177 | Comm(s) 0.0781 | Reduce(s) 0.0059 | Loss 0.1324
Epoch 00559 | Accuracy 96.31%
Process 000 | Epoch 00579 | Time(s) 0.1177 | Comm(s) 0.0781 | Reduce(s) 0.0059 | Loss 0.1312
Epoch 00569 | Accuracy 96.31%
Process 000 | Epoch 00589 | Time(s) 0.1178 | Comm(s) 0.0782 | Reduce(s) 0.0059 | Loss 0.1284
Epoch 00579 | Accuracy 96.37%
Process 000 | Epoch 00599 | Time(s) 0.1177 | Comm(s) 0.0781 | Reduce(s) 0.0059 | Loss 0.1276
Epoch 00589 | Accuracy 96.37%
Process 000 | Epoch 00609 | Time(s) 0.1178 | Comm(s) 0.0782 | Reduce(s) 0.0059 | Loss 0.1250
Epoch 00599 | Accuracy 96.32%
Process 000 | Epoch 00619 | Time(s) 0.1179 | Comm(s) 0.0783 | Reduce(s) 0.0059 | Loss 0.1251
Epoch 00609 | Accuracy 96.32%
Process 000 | Epoch 00629 | Time(s) 0.1178 | Comm(s) 0.0783 | Reduce(s) 0.0059 | Loss 0.1245
Epoch 00619 | Accuracy 96.37%
Process 000 | Epoch 00639 | Time(s) 0.1177 | Comm(s) 0.0782 | Reduce(s) 0.0058 | Loss 0.1260
Epoch 00629 | Accuracy 96.36%
Process 000 | Epoch 00649 | Time(s) 0.1178 | Comm(s) 0.0783 | Reduce(s) 0.0058 | Loss 0.1240
Epoch 00639 | Accuracy 96.42%
Process 000 | Epoch 00659 | Time(s) 0.1177 | Comm(s) 0.0783 | Reduce(s) 0.0058 | Loss 0.1204
Epoch 00649 | Accuracy 96.36%loading partitions
Process 1 has 108813 nodes, 31844953 edges 75181 inner nodes, and 23953725 inner edges.
Process 1 start training
Process 001 | Epoch 00009 | Time(s) 0.0889 | Comm(s) 0.0593 | Reduce(s) 0.0050 | Loss 3.4482
Process 001 | Epoch 00019 | Time(s) 0.0936 | Comm(s) 0.0617 | Reduce(s) 0.0055 | Loss 2.3034
Process 001 | Epoch 00029 | Time(s) 0.2022 | Comm(s) 0.0708 | Reduce(s) 0.0062 | Loss 1.3703
Process 001 | Epoch 00039 | Time(s) 0.1932 | Comm(s) 0.0738 | Reduce(s) 0.0060 | Loss 0.8084
Process 001 | Epoch 00049 | Time(s) 0.1867 | Comm(s) 0.0760 | Reduce(s) 0.0062 | Loss 0.5788
Process 001 | Epoch 00059 | Time(s) 0.1823 | Comm(s) 0.0767 | Reduce(s) 0.0061 | Loss 0.4616
Process 001 | Epoch 00069 | Time(s) 0.1810 | Comm(s) 0.0783 | Reduce(s) 0.0060 | Loss 0.4003
Process 001 | Epoch 00079 | Time(s) 0.1799 | Comm(s) 0.0785 | Reduce(s) 0.0061 | Loss 0.3671
Process 001 | Epoch 00089 | Time(s) 0.1783 | Comm(s) 0.0779 | Reduce(s) 0.0060 | Loss 0.3470
Process 001 | Epoch 00099 | Time(s) 0.1782 | Comm(s) 0.0774 | Reduce(s) 0.0061 | Loss 0.3295
Process 001 | Epoch 00109 | Time(s) 0.1789 | Comm(s) 0.0778 | Reduce(s) 0.0061 | Loss 0.3143
Process 001 | Epoch 00119 | Time(s) 0.1789 | Comm(s) 0.0775 | Reduce(s) 0.0061 | Loss 0.2992
Process 001 | Epoch 00129 | Time(s) 0.1783 | Comm(s) 0.0770 | Reduce(s) 0.0061 | Loss 0.2836
Process 001 | Epoch 00139 | Time(s) 0.1785 | Comm(s) 0.0768 | Reduce(s) 0.0061 | Loss 0.2738
Process 001 | Epoch 00149 | Time(s) 0.1788 | Comm(s) 0.0769 | Reduce(s) 0.0061 | Loss 0.2636
Process 001 | Epoch 00159 | Time(s) 0.1783 | Comm(s) 0.0768 | Reduce(s) 0.0060 | Loss 0.2556
Process 001 | Epoch 00169 | Time(s) 0.1784 | Comm(s) 0.0773 | Reduce(s) 0.0060 | Loss 0.2473
Process 001 | Epoch 00179 | Time(s) 0.1779 | Comm(s) 0.0773 | Reduce(s) 0.0061 | Loss 0.2425
Process 001 | Epoch 00189 | Time(s) 0.1780 | Comm(s) 0.0772 | Reduce(s) 0.0062 | Loss 0.2373
Process 001 | Epoch 00199 | Time(s) 0.1782 | Comm(s) 0.0773 | Reduce(s) 0.0062 | Loss 0.2357
Process 001 | Epoch 00209 | Time(s) 0.1784 | Comm(s) 0.0774 | Reduce(s) 0.0062 | Loss 0.2270
Process 001 | Epoch 00219 | Time(s) 0.1776 | Comm(s) 0.0771 | Reduce(s) 0.0062 | Loss 0.2204
Process 001 | Epoch 00229 | Time(s) 0.1774 | Comm(s) 0.0770 | Reduce(s) 0.0062 | Loss 0.2186
Process 001 | Epoch 00239 | Time(s) 0.1773 | Comm(s) 0.0771 | Reduce(s) 0.0062 | Loss 0.2142
Process 001 | Epoch 00249 | Time(s) 0.1776 | Comm(s) 0.0769 | Reduce(s) 0.0062 | Loss 0.2105
Process 001 | Epoch 00259 | Time(s) 0.1777 | Comm(s) 0.0769 | Reduce(s) 0.0062 | Loss 0.2085
Process 001 | Epoch 00269 | Time(s) 0.1778 | Comm(s) 0.0769 | Reduce(s) 0.0062 | Loss 0.2001
Process 001 | Epoch 00279 | Time(s) 0.1779 | Comm(s) 0.0770 | Reduce(s) 0.0062 | Loss 0.1989
Process 001 | Epoch 00289 | Time(s) 0.1777 | Comm(s) 0.0769 | Reduce(s) 0.0061 | Loss 0.1959
Process 001 | Epoch 00299 | Time(s) 0.1776 | Comm(s) 0.0769 | Reduce(s) 0.0061 | Loss 0.1992
Process 001 | Epoch 00309 | Time(s) 0.1777 | Comm(s) 0.0769 | Reduce(s) 0.0061 | Loss 0.1901
Process 001 | Epoch 00319 | Time(s) 0.1777 | Comm(s) 0.0770 | Reduce(s) 0.0061 | Loss 0.1900
Process 001 | Epoch 00329 | Time(s) 0.1777 | Comm(s) 0.0769 | Reduce(s) 0.0061 | Loss 0.1845
Process 001 | Epoch 00339 | Time(s) 0.1780 | Comm(s) 0.0769 | Reduce(s) 0.0061 | Loss 0.1840
Process 001 | Epoch 00349 | Time(s) 0.1780 | Comm(s) 0.0769 | Reduce(s) 0.0061 | Loss 0.1818
Process 001 | Epoch 00359 | Time(s) 0.1780 | Comm(s) 0.0769 | Reduce(s) 0.0061 | Loss 0.1734
Process 001 | Epoch 00369 | Time(s) 0.1782 | Comm(s) 0.0770 | Reduce(s) 0.0061 | Loss 0.1772
Process 001 | Epoch 00379 | Time(s) 0.1780 | Comm(s) 0.0769 | Reduce(s) 0.0061 | Loss 0.1776
Process 001 | Epoch 00389 | Time(s) 0.1781 | Comm(s) 0.0770 | Reduce(s) 0.0061 | Loss 0.1722
Process 001 | Epoch 00399 | Time(s) 0.1781 | Comm(s) 0.0770 | Reduce(s) 0.0061 | Loss 0.1651
Process 001 | Epoch 00409 | Time(s) 0.1779 | Comm(s) 0.0770 | Reduce(s) 0.0061 | Loss 0.1676
Process 001 | Epoch 00419 | Time(s) 0.1780 | Comm(s) 0.0770 | Reduce(s) 0.0061 | Loss 0.1611
Process 001 | Epoch 00429 | Time(s) 0.1779 | Comm(s) 0.0770 | Reduce(s) 0.0061 | Loss 0.1620
Process 001 | Epoch 00439 | Time(s) 0.1779 | Comm(s) 0.0770 | Reduce(s) 0.0061 | Loss 0.1615
Process 001 | Epoch 00449 | Time(s) 0.1781 | Comm(s) 0.0770 | Reduce(s) 0.0061 | Loss 0.1575
Process 001 | Epoch 00459 | Time(s) 0.1781 | Comm(s) 0.0770 | Reduce(s) 0.0061 | Loss 0.1564
Process 001 | Epoch 00469 | Time(s) 0.1781 | Comm(s) 0.0770 | Reduce(s) 0.0061 | Loss 0.1549
Process 001 | Epoch 00479 | Time(s) 0.1780 | Comm(s) 0.0770 | Reduce(s) 0.0060 | Loss 0.1530
Process 001 | Epoch 00489 | Time(s) 0.1780 | Comm(s) 0.0771 | Reduce(s) 0.0060 | Loss 0.1524
Process 001 | Epoch 00499 | Time(s) 0.1780 | Comm(s) 0.0772 | Reduce(s) 0.0060 | Loss 0.1492
Process 001 | Epoch 00509 | Time(s) 0.1780 | Comm(s) 0.0772 | Reduce(s) 0.0060 | Loss 0.1485
Process 001 | Epoch 00519 | Time(s) 0.1781 | Comm(s) 0.0773 | Reduce(s) 0.0061 | Loss 0.1535
Process 001 | Epoch 00529 | Time(s) 0.1780 | Comm(s) 0.0773 | Reduce(s) 0.0061 | Loss 0.1454
Process 001 | Epoch 00539 | Time(s) 0.1780 | Comm(s) 0.0773 | Reduce(s) 0.0061 | Loss 0.1468
Process 001 | Epoch 00549 | Time(s) 0.1779 | Comm(s) 0.0775 | Reduce(s) 0.0060 | Loss 0.1479
Process 001 | Epoch 00559 | Time(s) 0.1780 | Comm(s) 0.0775 | Reduce(s) 0.0060 | Loss 0.1420
Process 001 | Epoch 00569 | Time(s) 0.1779 | Comm(s) 0.0775 | Reduce(s) 0.0060 | Loss 0.1406
Process 001 | Epoch 00579 | Time(s) 0.1777 | Comm(s) 0.0774 | Reduce(s) 0.0061 | Loss 0.1399
Process 001 | Epoch 00589 | Time(s) 0.1779 | Comm(s) 0.0775 | Reduce(s) 0.0061 | Loss 0.1397
Process 001 | Epoch 00599 | Time(s) 0.1776 | Comm(s) 0.0775 | Reduce(s) 0.0061 | Loss 0.1400
Process 001 | Epoch 00609 | Time(s) 0.1777 | Comm(s) 0.0776 | Reduce(s) 0.0061 | Loss 0.1376
Process 001 | Epoch 00619 | Time(s) 0.1777 | Comm(s) 0.0776 | Reduce(s) 0.0061 | Loss 0.1342
Process 001 | Epoch 00629 | Time(s) 0.1776 | Comm(s) 0.0776 | Reduce(s) 0.0061 | Loss 0.1334
Process 001 | Epoch 00639 | Time(s) 0.1776 | Comm(s) 0.0776 | Reduce(s) 0.0060 | Loss 0.1349
Process 001 | Epoch 00649 | Time(s) 0.1777 | Comm(s) 0.0777 | Reduce(s) 0.0060 | Loss 0.1308
Process 001 | Epoch 00659 | Time(s) 0.1776 | Comm(s) 0.0776 | Reduce(s) 0.0061 | Loss 0.1320
Process 001 | Epoch 00669 | Time(s) 0.1777 | Comm(s) 0.0775 | Reduce(s) 0.0060 | Loss 0.1319
Process 001 | Epoch 00679 | Time(s) 0.1778 | Comm(s) 0.0776 | Reduce(s) 0.0060 | Loss 0.1339
Process 001 | Epoch 00689 | Time(s) 0.1777 | Comm(s) 0.0776 | Reduce(s) 0.0060 | Loss 0.1302
Process 001 | Epoch 00699 | Time(s) 0.1778 | Comm(s) 0.0776 | Reduce(s) 0.0060 | Loss 0.1265
Process 001 | Epoch 00709 | Time(s) 0.1777 | Comm(s) 0.0776 | Reduce(s) 0.0060 | Loss 0.1285
Process 001 | Epoch 00719 | Time(s) 0.1777 | Comm(s) 0.0776 | Reduce(s) 0.0060 | Loss 0.1320
Process 001 | Epoch 00729 | Time(s) 0.1777 | Comm(s) 0.0775 | Reduce(s) 0.0060 | Loss 0.1262
Process 001 | Epoch 00739 | Time(s) 0.1776 | Comm(s) 0.0775 | Reduce(s) 0.0060 | Loss 0.1276
Process 001 | Epoch 00749 | Time(s) 0.1776 | Comm(s) 0.0774 | Reduce(s) 0.0060 | Loss 0.1221
Process 001 | Epoch 00759 | Time(s) 0.1775 | Comm(s) 0.0774 | Reduce(s) 0.0060 | Loss 0.1231
Process 001 | Epoch 00769 | Time(s) 0.1775 | Comm(s) 0.0772 | Reduce(s) 0.0060 | Loss 0.1239
Process 001 | Epoch 00779 | Time(s) 0.1775 | Comm(s) 0.0772 | Reduce(s) 0.0060 | Loss 0.1230
Process 001 | Epoch 00789 | Time(s) 0.1775 | Comm(s) 0.0772 | Reduce(s) 0.0060 | Loss 0.1229
Process 001 | Epoch 00799 | Time(s) 0.1774 | Comm(s) 0.0772 | Reduce(s) 0.0060 | Loss 0.1224
Process 001 | Epoch 00809 | Time(s) 0.1775 | Comm(s) 0.0772 | Reduce(s) 0.0060 | Loss 0.1196
Process 001 | Epoch 00819 | Time(s) 0.1773 | Comm(s) 0.0773 | Reduce(s) 0.0060 | Loss 0.1216
Process 001 | Epoch 00829 | Time(s) 0.1773 | Comm(s) 0.0773 | Reduce(s) 0.0060 | Loss 0.1203
Process 001 | Epoch 00839 | Time(s) 0.1774 | Comm(s) 0.0773 | Reduce(s) 0.0060 | Loss 0.1185
Process 001 | Epoch 00849 | Time(s) 0.1773 | Comm(s) 0.0772 | Reduce(s) 0.0060 | Loss 0.1195
Process 001 | Epoch 00859 | Time(s) 0.1773 | Comm(s) 0.0772 | Reduce(s) 0.0060 | Loss 0.1190
Process 001 | Epoch 00869 | Time(s) 0.1774 | Comm(s) 0.0773 | Reduce(s) 0.0060 | Loss 0.1204
Process 000 | Epoch 00669 | Time(s) 0.1177 | Comm(s) 0.0782 | Reduce(s) 0.0058 | Loss 0.1207
Epoch 00659 | Accuracy 96.35%
Process 000 | Epoch 00679 | Time(s) 0.1178 | Comm(s) 0.0783 | Reduce(s) 0.0058 | Loss 0.1202
Epoch 00669 | Accuracy 96.37%
Process 000 | Epoch 00689 | Time(s) 0.1177 | Comm(s) 0.0783 | Reduce(s) 0.0058 | Loss 0.1238
Epoch 00679 | Accuracy 96.42%
Process 000 | Epoch 00699 | Time(s) 0.1177 | Comm(s) 0.0783 | Reduce(s) 0.0058 | Loss 0.1167
Epoch 00689 | Accuracy 96.38%
Process 000 | Epoch 00709 | Time(s) 0.1177 | Comm(s) 0.0783 | Reduce(s) 0.0058 | Loss 0.1189
Epoch 00699 | Accuracy 96.41%
Process 000 | Epoch 00719 | Time(s) 0.1176 | Comm(s) 0.0782 | Reduce(s) 0.0058 | Loss 0.1168
Epoch 00709 | Accuracy 96.40%
Process 000 | Epoch 00729 | Time(s) 0.1175 | Comm(s) 0.0781 | Reduce(s) 0.0058 | Loss 0.1158
Epoch 00719 | Accuracy 96.42%
Process 000 | Epoch 00739 | Time(s) 0.1175 | Comm(s) 0.0781 | Reduce(s) 0.0058 | Loss 0.1140
Epoch 00729 | Accuracy 96.44%
Process 000 | Epoch 00749 | Time(s) 0.1174 | Comm(s) 0.0781 | Reduce(s) 0.0058 | Loss 0.1172
Epoch 00739 | Accuracy 96.36%
Process 000 | Epoch 00759 | Time(s) 0.1173 | Comm(s) 0.0780 | Reduce(s) 0.0058 | Loss 0.1151
Epoch 00749 | Accuracy 96.41%
Process 000 | Epoch 00769 | Time(s) 0.1172 | Comm(s) 0.0780 | Reduce(s) 0.0058 | Loss 0.1172
Epoch 00759 | Accuracy 96.40%
Process 000 | Epoch 00779 | Time(s) 0.1171 | Comm(s) 0.0779 | Reduce(s) 0.0058 | Loss 0.1148
Epoch 00769 | Accuracy 96.45%
Process 000 | Epoch 00789 | Time(s) 0.1171 | Comm(s) 0.0779 | Reduce(s) 0.0058 | Loss 0.1119
Epoch 00779 | Accuracy 96.41%
Process 000 | Epoch 00799 | Time(s) 0.1171 | Comm(s) 0.0778 | Reduce(s) 0.0058 | Loss 0.1100
Epoch 00789 | Accuracy 96.49%
Process 000 | Epoch 00809 | Time(s) 0.1172 | Comm(s) 0.0779 | Reduce(s) 0.0058 | Loss 0.1143
Epoch 00799 | Accuracy 96.43%
Process 000 | Epoch 00819 | Time(s) 0.1172 | Comm(s) 0.0780 | Reduce(s) 0.0058 | Loss 0.1099
Epoch 00809 | Accuracy 96.51%
Process 000 | Epoch 00829 | Time(s) 0.1171 | Comm(s) 0.0779 | Reduce(s) 0.0058 | Loss 0.1084
Epoch 00819 | Accuracy 96.42%
Process 000 | Epoch 00839 | Time(s) 0.1171 | Comm(s) 0.0779 | Reduce(s) 0.0058 | Loss 0.1099
Epoch 00829 | Accuracy 96.44%
Process 000 | Epoch 00849 | Time(s) 0.1170 | Comm(s) 0.0779 | Reduce(s) 0.0058 | Loss 0.1098
Epoch 00839 | Accuracy 96.41%
Process 000 | Epoch 00859 | Time(s) 0.1170 | Comm(s) 0.0779 | Reduce(s) 0.0058 | Loss 0.1090
Epoch 00849 | Accuracy 96.41%
Process 000 | Epoch 00869 | Time(s) 0.1171 | Comm(s) 0.0779 | Reduce(s) 0.0058 | Loss 0.1084
Epoch 00859 | Accuracy 96.40%
Process 000 | Epoch 00879 | Time(s) 0.1172 | Comm(s) 0.0780 | Reduce(s) 0.0058 | Loss 0.1067
Epoch 00869 | Accuracy 96.47%
Process 000 | Epoch 00889 | Time(s) 0.1171 | Comm(s) 0.0779 | Reduce(s) 0.0058 | Loss 0.1083
Epoch 00879 | Accuracy 96.44%
Process 000 | Epoch 00899 | Time(s) 0.1171 | Comm(s) 0.0779 | Reduce(s) 0.0058 | Loss 0.1065
Epoch 00889 | Accuracy 96.47%
Process 000 | Epoch 00909 | Time(s) 0.1171 | Comm(s) 0.0779 | Reduce(s) 0.0058 | Loss 0.1070
Epoch 00899 | Accuracy 96.49%
Process 000 | Epoch 00919 | Time(s) 0.1170 | Comm(s) 0.0779 | Reduce(s) 0.0058 | Loss 0.1027
Epoch 00909 | Accuracy 96.44%
Process 000 | Epoch 00929 | Time(s) 0.1170 | Comm(s) 0.0779 | Reduce(s) 0.0058 | Loss 0.1075
Epoch 00919 | Accuracy 96.47%
Process 000 | Epoch 00939 | Time(s) 0.1170 | Comm(s) 0.0779 | Reduce(s) 0.0058 | Loss 0.1020
Epoch 00929 | Accuracy 96.51%
Process 000 | Epoch 00949 | Time(s) 0.1170 | Comm(s) 0.0780 | Reduce(s) 0.0058 | Loss 0.1031
Epoch 00939 | Accuracy 96.52%
Process 000 | Epoch 00959 | Time(s) 0.1170 | Comm(s) 0.0779 | Reduce(s) 0.0058 | Loss 0.1035
Epoch 00949 | Accuracy 96.41%
Process 000 | Epoch 00969 | Time(s) 0.1170 | Comm(s) 0.0779 | Reduce(s) 0.0058 | Loss 0.1043
Epoch 00959 | Accuracy 96.49%
Process 000 | Epoch 00979 | Time(s) 0.1171 | Comm(s) 0.0779 | Reduce(s) 0.0058 | Loss 0.1032
Epoch 00969 | Accuracy 96.55%
Process 000 | Epoch 00989 | Time(s) 0.1170 | Comm(s) 0.0780 | Reduce(s) 0.0058 | Loss 0.1028
Epoch 00979 | Accuracy 96.48%
Process 000 | Epoch 00999 | Time(s) 0.1171 | Comm(s) 0.0780 | Reduce(s) 0.0058 | Loss 0.1028
Epoch 00989 | Accuracy 96.47%
Process 000 | Epoch 01009 | Time(s) 0.1170 | Comm(s) 0.0779 | Reduce(s) 0.0058 | Loss 0.1024
Epoch 00999 | Accuracy 96.48%
Process 000 | Epoch 01019 | Time(s) 0.1170 | Comm(s) 0.0780 | Reduce(s) 0.0058 | Loss 0.1008
Epoch 01009 | Accuracy 96.41%
Process 000 | Epoch 01029 | Time(s) 0.1170 | Comm(s) 0.0779 | Reduce(s) 0.0058 | Loss 0.1004
Epoch 01019 | Accuracy 96.49%
Process 000 | Epoch 01039 | Time(s) 0.1169 | Comm(s) 0.0779 | Reduce(s) 0.0058 | Loss 0.1016
Epoch 01029 | Accuracy 96.48%
Process 000 | Epoch 01049 | Time(s) 0.1169 | Comm(s) 0.0779 | Reduce(s) 0.0058 | Loss 0.1000
Epoch 01039 | Accuracy 96.50%
Process 000 | Epoch 01059 | Time(s) 0.1169 | Comm(s) 0.0779 | Reduce(s) 0.0058 | Loss 0.0999
Epoch 01049 | Accuracy 96.40%
Process 000 | Epoch 01069 | Time(s) 0.1169 | Comm(s) 0.0779 | Reduce(s) 0.0058 | Loss 0.0980
Epoch 01059 | Accuracy 96.48%
Process 000 | Epoch 01079 | Time(s) 0.1169 | Comm(s) 0.0779 | Reduce(s) 0.0058 | Loss 0.0993
Epoch 01069 | Accuracy 96.53%
Process 000 | Epoch 01089 | Time(s) 0.1168 | Comm(s) 0.0779 | Reduce(s) 0.0058 | Loss 0.0985
Epoch 01079 | Accuracy 96.53%
Process 000 | Epoch 01099 | Time(s) 0.1168 | Comm(s) 0.0779 | Reduce(s) 0.0058 | Loss 0.0985
Epoch 01089 | Accuracy 96.51%
Process 000 | Epoch 01109 | Time(s) 0.1168 | Comm(s) 0.0779 | Reduce(s) 0.0058 | Loss 0.0942
Epoch 01099 | Accuracy 96.43%
Process 000 | Epoch 01119 | Time(s) 0.1168 | Comm(s) 0.0778 | Reduce(s) 0.0058 | Loss 0.0986
Epoch 01109 | Accuracy 96.47%
Process 000 | Epoch 01129 | Time(s) 0.1168 | Comm(s) 0.0778 | Reduce(s) 0.0058 | Loss 0.0965
Epoch 01119 | Accuracy 96.52%
Process 000 | Epoch 01139 | Time(s) 0.1168 | Comm(s) 0.0778 | Reduce(s) 0.0058 | Loss 0.0936
Epoch 01129 | Accuracy 96.55%
Process 000 | Epoch 01149 | Time(s) 0.1167 | Comm(s) 0.0778 | Reduce(s) 0.0058 | Loss 0.0984
Epoch 01139 | Accuracy 96.52%
Process 000 | Epoch 01159 | Time(s) 0.1167 | Comm(s) 0.0777 | Reduce(s) 0.0058 | Loss 0.0957
Epoch 01149 | Accuracy 96.57%
Process 000 | Epoch 01169 | Time(s) 0.1166 | Comm(s) 0.0777 | Reduce(s) 0.0058 | Loss 0.0957
Epoch 01159 | Accuracy 96.48%
Process 000 | Epoch 01179 | Time(s) 0.1167 | Comm(s) 0.0778 | Reduce(s) 0.0058 | Loss 0.0967
Epoch 01169 | Accuracy 96.44%
Process 000 | Epoch 01189 | Time(s) 0.1167 | Comm(s) 0.0778 | Reduce(s) 0.0058 | Loss 0.0951
Epoch 01179 | Accuracy 96.47%
Process 000 | Epoch 01199 | Time(s) 0.1167 | Comm(s) 0.0778 | Reduce(s) 0.0058 | Loss 0.0937
Epoch 01189 | Accuracy 96.51%
Process 000 | Epoch 01209 | Time(s) 0.1167 | Comm(s) 0.0778 | Reduce(s) 0.0057 | Loss 0.0938
Epoch 01199 | Accuracy 96.53%
Process 000 | Epoch 01219 | Time(s) 0.1167 | Comm(s) 0.0778 | Reduce(s) 0.0057 | Loss 0.0922
Epoch 01209 | Accuracy 96.54%
Process 000 | Epoch 01229 | Time(s) 0.1167 | Comm(s) 0.0778 | Reduce(s) 0.0057 | Loss 0.0959
Epoch 01219 | Accuracy 96.53%
Process 000 | Epoch 01239 | Time(s) 0.1167 | Comm(s) 0.0778 | Reduce(s) 0.0057 | Loss 0.0919
Epoch 01229 | Accuracy 96.50%
Process 000 | Epoch 01249 | Time(s) 0.1167 | Comm(s) 0.0778 | Reduce(s) 0.0057 | Loss 0.0929
Epoch 01239 | Accuracy 96.54%
Process 000 | Epoch 01259 | Time(s) 0.1167 | Comm(s) 0.0778 | Reduce(s) 0.0057 | Loss 0.0940
Epoch 01249 | Accuracy 96.58%
Process 000 | Epoch 01269 | Time(s) 0.1166 | Comm(s) 0.0778 | Reduce(s) 0.0057 | Loss 0.0922
Epoch 01259 | Accuracy 96.55%
Process 000 | Epoch 01279 | Time(s) 0.1167 | Comm(s) 0.0778 | Reduce(s) 0.0057 | Loss 0.0947
Epoch 01269 | Accuracy 96.52%
Process 000 | Epoch 01289 | Time(s) 0.1166 | Comm(s) 0.0778 | Reduce(s) 0.0057 | Loss 0.0940
Epoch 01279 | Accuracy 96.55%
Process 000 | Epoch 01299 | Time(s) 0.1166 | Comm(s) 0.0778 | Reduce(s) 0.0057 | Loss 0.0917
Epoch 01289 | Accuracy 96.45%
Process 000 | Epoch 01309 | Time(s) 0.1166 | Comm(s) 0.0778 | Reduce(s) 0.0057 | Loss 0.0907
Epoch 01299 | Accuracy 96.48%
Process 000 | Epoch 01319 | Time(s) 0.1166 | Comm(s) 0.0778 | Reduce(s) 0.0057 | Loss 0.0931
Epoch 01309 | Accuracy 96.58%
Process 000 | Epoch 01329 | Time(s) 0.1166 | Comm(s) 0.0778 | Reduce(s) 0.0057 | Loss 0.0896
Process 001 | Epoch 00879 | Time(s) 0.1773 | Comm(s) 0.0774 | Reduce(s) 0.0060 | Loss 0.1162
Process 001 | Epoch 00889 | Time(s) 0.1772 | Comm(s) 0.0773 | Reduce(s) 0.0060 | Loss 0.1172
Process 001 | Epoch 00899 | Time(s) 0.1772 | Comm(s) 0.0773 | Reduce(s) 0.0060 | Loss 0.1142
Process 001 | Epoch 00909 | Time(s) 0.1772 | Comm(s) 0.0773 | Reduce(s) 0.0060 | Loss 0.1170
Process 001 | Epoch 00919 | Time(s) 0.1772 | Comm(s) 0.0773 | Reduce(s) 0.0060 | Loss 0.1169
Process 001 | Epoch 00929 | Time(s) 0.1772 | Comm(s) 0.0773 | Reduce(s) 0.0060 | Loss 0.1150
Process 001 | Epoch 00939 | Time(s) 0.1772 | Comm(s) 0.0773 | Reduce(s) 0.0060 | Loss 0.1107
Process 001 | Epoch 00949 | Time(s) 0.1772 | Comm(s) 0.0773 | Reduce(s) 0.0060 | Loss 0.1114
Process 001 | Epoch 00959 | Time(s) 0.1771 | Comm(s) 0.0773 | Reduce(s) 0.0060 | Loss 0.1101
Process 001 | Epoch 00969 | Time(s) 0.1771 | Comm(s) 0.0773 | Reduce(s) 0.0060 | Loss 0.1133
Process 001 | Epoch 00979 | Time(s) 0.1771 | Comm(s) 0.0773 | Reduce(s) 0.0060 | Loss 0.1138
Process 001 | Epoch 00989 | Time(s) 0.1770 | Comm(s) 0.0773 | Reduce(s) 0.0060 | Loss 0.1075
Process 001 | Epoch 00999 | Time(s) 0.1770 | Comm(s) 0.0773 | Reduce(s) 0.0060 | Loss 0.1128
Process 001 | Epoch 01009 | Time(s) 0.1769 | Comm(s) 0.0773 | Reduce(s) 0.0060 | Loss 0.1102
Process 001 | Epoch 01019 | Time(s) 0.1770 | Comm(s) 0.0773 | Reduce(s) 0.0060 | Loss 0.1088
Process 001 | Epoch 01029 | Time(s) 0.1769 | Comm(s) 0.0773 | Reduce(s) 0.0060 | Loss 0.1106
Process 001 | Epoch 01039 | Time(s) 0.1769 | Comm(s) 0.0773 | Reduce(s) 0.0060 | Loss 0.1124
Process 001 | Epoch 01049 | Time(s) 0.1769 | Comm(s) 0.0773 | Reduce(s) 0.0060 | Loss 0.1070
Process 001 | Epoch 01059 | Time(s) 0.1769 | Comm(s) 0.0773 | Reduce(s) 0.0060 | Loss 0.1097
Process 001 | Epoch 01069 | Time(s) 0.1769 | Comm(s) 0.0772 | Reduce(s) 0.0060 | Loss 0.1066
Process 001 | Epoch 01079 | Time(s) 0.1769 | Comm(s) 0.0772 | Reduce(s) 0.0060 | Loss 0.1081
Process 001 | Epoch 01089 | Time(s) 0.1769 | Comm(s) 0.0772 | Reduce(s) 0.0060 | Loss 0.1078
Process 001 | Epoch 01099 | Time(s) 0.1769 | Comm(s) 0.0772 | Reduce(s) 0.0060 | Loss 0.1093
Process 001 | Epoch 01109 | Time(s) 0.1769 | Comm(s) 0.0772 | Reduce(s) 0.0060 | Loss 0.1085
Process 001 | Epoch 01119 | Time(s) 0.1770 | Comm(s) 0.0772 | Reduce(s) 0.0060 | Loss 0.1115
Process 001 | Epoch 01129 | Time(s) 0.1770 | Comm(s) 0.0772 | Reduce(s) 0.0060 | Loss 0.1067
Process 001 | Epoch 01139 | Time(s) 0.1769 | Comm(s) 0.0772 | Reduce(s) 0.0060 | Loss 0.1064
Process 001 | Epoch 01149 | Time(s) 0.1769 | Comm(s) 0.0772 | Reduce(s) 0.0060 | Loss 0.1045
Process 001 | Epoch 01159 | Time(s) 0.1769 | Comm(s) 0.0771 | Reduce(s) 0.0060 | Loss 0.1037
Process 001 | Epoch 01169 | Time(s) 0.1769 | Comm(s) 0.0771 | Reduce(s) 0.0060 | Loss 0.1054
Process 001 | Epoch 01179 | Time(s) 0.1769 | Comm(s) 0.0771 | Reduce(s) 0.0060 | Loss 0.1067
Process 001 | Epoch 01189 | Time(s) 0.1769 | Comm(s) 0.0771 | Reduce(s) 0.0060 | Loss 0.1073
Process 001 | Epoch 01199 | Time(s) 0.1768 | Comm(s) 0.0771 | Reduce(s) 0.0060 | Loss 0.1055
Process 001 | Epoch 01209 | Time(s) 0.1768 | Comm(s) 0.0771 | Reduce(s) 0.0060 | Loss 0.1040
Process 001 | Epoch 01219 | Time(s) 0.1769 | Comm(s) 0.0772 | Reduce(s) 0.0060 | Loss 0.1034
Process 001 | Epoch 01229 | Time(s) 0.1768 | Comm(s) 0.0771 | Reduce(s) 0.0060 | Loss 0.1045
Process 001 | Epoch 01239 | Time(s) 0.1768 | Comm(s) 0.0771 | Reduce(s) 0.0060 | Loss 0.1033
Process 001 | Epoch 01249 | Time(s) 0.1768 | Comm(s) 0.0772 | Reduce(s) 0.0060 | Loss 0.1045
Process 001 | Epoch 01259 | Time(s) 0.1767 | Comm(s) 0.0772 | Reduce(s) 0.0060 | Loss 0.1041
Process 001 | Epoch 01269 | Time(s) 0.1767 | Comm(s) 0.0772 | Reduce(s) 0.0060 | Loss 0.1019
Process 001 | Epoch 01279 | Time(s) 0.1768 | Comm(s) 0.0772 | Reduce(s) 0.0060 | Loss 0.1022
Process 001 | Epoch 01289 | Time(s) 0.1767 | Comm(s) 0.0771 | Reduce(s) 0.0060 | Loss 0.1021
Process 001 | Epoch 01299 | Time(s) 0.1768 | Comm(s) 0.0772 | Reduce(s) 0.0060 | Loss 0.1031
Process 001 | Epoch 01309 | Time(s) 0.1768 | Comm(s) 0.0772 | Reduce(s) 0.0060 | Loss 0.1010
Process 001 | Epoch 01319 | Time(s) 0.1768 | Comm(s) 0.0772 | Reduce(s) 0.0060 | Loss 0.1020
Process 001 | Epoch 01329 | Time(s) 0.1767 | Comm(s) 0.0772 | Reduce(s) 0.0060 | Loss 0.0967
Process 001 | Epoch 01339 | Time(s) 0.1767 | Comm(s) 0.0772 | Reduce(s) 0.0060 | Loss 0.0993
Process 001 | Epoch 01349 | Time(s) 0.1768 | Comm(s) 0.0772 | Reduce(s) 0.0060 | Loss 0.1003
Process 001 | Epoch 01359 | Time(s) 0.1768 | Comm(s) 0.0772 | Reduce(s) 0.0060 | Loss 0.1006
Process 001 | Epoch 01369 | Time(s) 0.1768 | Comm(s) 0.0772 | Reduce(s) 0.0060 | Loss 0.1000
Process 001 | Epoch 01379 | Time(s) 0.1767 | Comm(s) 0.0771 | Reduce(s) 0.0060 | Loss 0.0996
Process 001 | Epoch 01389 | Time(s) 0.1766 | Comm(s) 0.0771 | Reduce(s) 0.0060 | Loss 0.1014
Process 001 | Epoch 01399 | Time(s) 0.1767 | Comm(s) 0.0771 | Reduce(s) 0.0060 | Loss 0.0971
Process 001 | Epoch 01409 | Time(s) 0.1767 | Comm(s) 0.0771 | Reduce(s) 0.0060 | Loss 0.0996
Process 001 | Epoch 01419 | Time(s) 0.1767 | Comm(s) 0.0771 | Reduce(s) 0.0060 | Loss 0.1004
Process 001 | Epoch 01429 | Time(s) 0.1767 | Comm(s) 0.0771 | Reduce(s) 0.0060 | Loss 0.0969
Process 001 | Epoch 01439 | Time(s) 0.1767 | Comm(s) 0.0771 | Reduce(s) 0.0060 | Loss 0.1003
Process 001 | Epoch 01449 | Time(s) 0.1766 | Comm(s) 0.0772 | Reduce(s) 0.0060 | Loss 0.0978
Process 001 | Epoch 01459 | Time(s) 0.1766 | Comm(s) 0.0772 | Reduce(s) 0.0060 | Loss 0.0981
Process 001 | Epoch 01469 | Time(s) 0.1766 | Comm(s) 0.0772 | Reduce(s) 0.0060 | Loss 0.0965
Process 001 | Epoch 01479 | Time(s) 0.1765 | Comm(s) 0.0772 | Reduce(s) 0.0060 | Loss 0.0970
Process 001 | Epoch 01489 | Time(s) 0.1765 | Comm(s) 0.0772 | Reduce(s) 0.0060 | Loss 0.0997
Process 001 | Epoch 01499 | Time(s) 0.1765 | Comm(s) 0.0772 | Reduce(s) 0.0060 | Loss 0.0968
Process 001 | Epoch 01509 | Time(s) 0.1765 | Comm(s) 0.0772 | Reduce(s) 0.0060 | Loss 0.1000
Process 001 | Epoch 01519 | Time(s) 0.1766 | Comm(s) 0.0773 | Reduce(s) 0.0060 | Loss 0.0972
Process 001 | Epoch 01529 | Time(s) 0.1764 | Comm(s) 0.0773 | Reduce(s) 0.0060 | Loss 0.0968
Process 001 | Epoch 01539 | Time(s) 0.1764 | Comm(s) 0.0773 | Reduce(s) 0.0060 | Loss 0.0931
Process 001 | Epoch 01549 | Time(s) 0.1764 | Comm(s) 0.0773 | Reduce(s) 0.0060 | Loss 0.0971
Process 001 | Epoch 01559 | Time(s) 0.1765 | Comm(s) 0.0773 | Reduce(s) 0.0060 | Loss 0.0945
Process 001 | Epoch 01569 | Time(s) 0.1764 | Comm(s) 0.0773 | Reduce(s) 0.0060 | Loss 0.0970
Process 001 | Epoch 01579 | Time(s) 0.1764 | Comm(s) 0.0773 | Reduce(s) 0.0060 | Loss 0.0948
Process 001 | Epoch 01589 | Time(s) 0.1764 | Comm(s) 0.0773 | Reduce(s) 0.0060 | Loss 0.0943
Process 001 | Epoch 01599 | Time(s) 0.1764 | Comm(s) 0.0773 | Reduce(s) 0.0060 | Loss 0.0950
Process 001 | Epoch 01609 | Time(s) 0.1763 | Comm(s) 0.0772 | Reduce(s) 0.0060 | Loss 0.0962
Process 001 | Epoch 01619 | Time(s) 0.1763 | Comm(s) 0.0772 | Reduce(s) 0.0060 | Loss 0.0914
Process 001 | Epoch 01629 | Time(s) 0.1764 | Comm(s) 0.0773 | Reduce(s) 0.0060 | Loss 0.0927
Process 001 | Epoch 01639 | Time(s) 0.1763 | Comm(s) 0.0773 | Reduce(s) 0.0060 | Loss 0.0938
Process 001 | Epoch 01649 | Time(s) 0.1764 | Comm(s) 0.0774 | Reduce(s) 0.0060 | Loss 0.0938
Process 001 | Epoch 01659 | Time(s) 0.1763 | Comm(s) 0.0774 | Reduce(s) 0.0060 | Loss 0.0926
Process 001 | Epoch 01669 | Time(s) 0.1763 | Comm(s) 0.0774 | Reduce(s) 0.0060 | Loss 0.0934
Process 001 | Epoch 01679 | Time(s) 0.1763 | Comm(s) 0.0774 | Reduce(s) 0.0060 | Loss 0.0958
Process 001 | Epoch 01689 | Time(s) 0.1763 | Comm(s) 0.0774 | Reduce(s) 0.0060 | Loss 0.0930
Process 001 | Epoch 01699 | Time(s) 0.1763 | Comm(s) 0.0774 | Reduce(s) 0.0060 | Loss 0.0935
Process 001 | Epoch 01709 | Time(s) 0.1764 | Comm(s) 0.0774 | Reduce(s) 0.0060 | Loss 0.0928
Process 001 | Epoch 01719 | Time(s) 0.1765 | Comm(s) 0.0773 | Reduce(s) 0.0060 | Loss 0.0938
Process 001 | Epoch 01729 | Time(s) 0.1765 | Comm(s) 0.0773 | Reduce(s) 0.0060 | Loss 0.0952
Process 001 | Epoch 01739 | Time(s) 0.1765 | Comm(s) 0.0774 | Reduce(s) 0.0060 | Loss 0.0928
Process 001 | Epoch 01749 | Time(s) 0.1765 | Comm(s) 0.0773 | Reduce(s) 0.0060 | Loss 0.0936
Process 001 | Epoch 01759 | Time(s) 0.1765 | Comm(s) 0.0773 | Reduce(s) 0.0060 | Loss 0.0930
Epoch 01319 | Accuracy 96.50%
Process 000 | Epoch 01339 | Time(s) 0.1166 | Comm(s) 0.0778 | Reduce(s) 0.0057 | Loss 0.0913
Epoch 01329 | Accuracy 96.58%
Process 000 | Epoch 01349 | Time(s) 0.1165 | Comm(s) 0.0778 | Reduce(s) 0.0057 | Loss 0.0943
Epoch 01339 | Accuracy 96.59%
Process 000 | Epoch 01359 | Time(s) 0.1165 | Comm(s) 0.0778 | Reduce(s) 0.0057 | Loss 0.0931
Epoch 01349 | Accuracy 96.55%
Process 000 | Epoch 01369 | Time(s) 0.1165 | Comm(s) 0.0778 | Reduce(s) 0.0057 | Loss 0.0906
Epoch 01359 | Accuracy 96.57%
Process 000 | Epoch 01379 | Time(s) 0.1165 | Comm(s) 0.0778 | Reduce(s) 0.0057 | Loss 0.0904
Epoch 01369 | Accuracy 96.51%
Process 000 | Epoch 01389 | Time(s) 0.1165 | Comm(s) 0.0777 | Reduce(s) 0.0058 | Loss 0.0926
Epoch 01379 | Accuracy 96.58%
Process 000 | Epoch 01399 | Time(s) 0.1165 | Comm(s) 0.0777 | Reduce(s) 0.0058 | Loss 0.0920
Epoch 01389 | Accuracy 96.50%
Process 000 | Epoch 01409 | Time(s) 0.1165 | Comm(s) 0.0777 | Reduce(s) 0.0058 | Loss 0.0887
Epoch 01399 | Accuracy 96.59%
Process 000 | Epoch 01419 | Time(s) 0.1165 | Comm(s) 0.0777 | Reduce(s) 0.0058 | Loss 0.0902
Epoch 01409 | Accuracy 96.50%
Process 000 | Epoch 01429 | Time(s) 0.1165 | Comm(s) 0.0777 | Reduce(s) 0.0058 | Loss 0.0899
Epoch 01419 | Accuracy 96.55%
Process 000 | Epoch 01439 | Time(s) 0.1165 | Comm(s) 0.0777 | Reduce(s) 0.0058 | Loss 0.0923
Epoch 01429 | Accuracy 96.54%
Process 000 | Epoch 01449 | Time(s) 0.1166 | Comm(s) 0.0777 | Reduce(s) 0.0058 | Loss 0.0907
Epoch 01439 | Accuracy 96.58%
Process 000 | Epoch 01459 | Time(s) 0.1166 | Comm(s) 0.0777 | Reduce(s) 0.0058 | Loss 0.0880
Epoch 01449 | Accuracy 96.59%
Process 000 | Epoch 01469 | Time(s) 0.1166 | Comm(s) 0.0777 | Reduce(s) 0.0058 | Loss 0.0889
Epoch 01459 | Accuracy 96.47%
Process 000 | Epoch 01479 | Time(s) 0.1166 | Comm(s) 0.0777 | Reduce(s) 0.0058 | Loss 0.0894
Epoch 01469 | Accuracy 96.55%
Process 000 | Epoch 01489 | Time(s) 0.1166 | Comm(s) 0.0778 | Reduce(s) 0.0058 | Loss 0.0878
Epoch 01479 | Accuracy 96.55%
Process 000 | Epoch 01499 | Time(s) 0.1166 | Comm(s) 0.0777 | Reduce(s) 0.0058 | Loss 0.0872
Epoch 01489 | Accuracy 96.55%
Process 000 | Epoch 01509 | Time(s) 0.1167 | Comm(s) 0.0778 | Reduce(s) 0.0058 | Loss 0.0871
Epoch 01499 | Accuracy 96.60%
Process 000 | Epoch 01519 | Time(s) 0.1168 | Comm(s) 0.0778 | Reduce(s) 0.0058 | Loss 0.0902
Epoch 01509 | Accuracy 96.53%
Process 000 | Epoch 01529 | Time(s) 0.1167 | Comm(s) 0.0778 | Reduce(s) 0.0058 | Loss 0.0867
Epoch 01519 | Accuracy 96.50%
Process 000 | Epoch 01539 | Time(s) 0.1167 | Comm(s) 0.0778 | Reduce(s) 0.0058 | Loss 0.0885
Epoch 01529 | Accuracy 96.57%
Process 000 | Epoch 01549 | Time(s) 0.1167 | Comm(s) 0.0778 | Reduce(s) 0.0058 | Loss 0.0871
Epoch 01539 | Accuracy 96.62%
Process 000 | Epoch 01559 | Time(s) 0.1167 | Comm(s) 0.0778 | Reduce(s) 0.0058 | Loss 0.0889
Epoch 01549 | Accuracy 96.54%
Process 000 | Epoch 01569 | Time(s) 0.1167 | Comm(s) 0.0778 | Reduce(s) 0.0058 | Loss 0.0877
Epoch 01559 | Accuracy 96.53%
Process 000 | Epoch 01579 | Time(s) 0.1167 | Comm(s) 0.0778 | Reduce(s) 0.0058 | Loss 0.0855
Epoch 01569 | Accuracy 96.57%
Process 000 | Epoch 01589 | Time(s) 0.1168 | Comm(s) 0.0778 | Reduce(s) 0.0058 | Loss 0.0872
Epoch 01579 | Accuracy 96.63%
Process 000 | Epoch 01599 | Time(s) 0.1168 | Comm(s) 0.0778 | Reduce(s) 0.0058 | Loss 0.0883
Epoch 01589 | Accuracy 96.58%
Process 000 | Epoch 01609 | Time(s) 0.1167 | Comm(s) 0.0777 | Reduce(s) 0.0058 | Loss 0.0879
Epoch 01599 | Accuracy 96.58%
Process 000 | Epoch 01619 | Time(s) 0.1167 | Comm(s) 0.0777 | Reduce(s) 0.0058 | Loss 0.0883
Epoch 01609 | Accuracy 96.60%
Process 000 | Epoch 01629 | Time(s) 0.1168 | Comm(s) 0.0778 | Reduce(s) 0.0058 | Loss 0.0878
Epoch 01619 | Accuracy 96.62%
Process 000 | Epoch 01639 | Time(s) 0.1168 | Comm(s) 0.0778 | Reduce(s) 0.0058 | Loss 0.0824
Epoch 01629 | Accuracy 96.55%
Process 000 | Epoch 01649 | Time(s) 0.1168 | Comm(s) 0.0778 | Reduce(s) 0.0058 | Loss 0.0861
Epoch 01639 | Accuracy 96.63%
Process 000 | Epoch 01659 | Time(s) 0.1169 | Comm(s) 0.0779 | Reduce(s) 0.0058 | Loss 0.0850
Epoch 01649 | Accuracy 96.61%
Process 000 | Epoch 01669 | Time(s) 0.1169 | Comm(s) 0.0779 | Reduce(s) 0.0058 | Loss 0.0847
Epoch 01659 | Accuracy 96.63%
Process 000 | Epoch 01679 | Time(s) 0.1169 | Comm(s) 0.0779 | Reduce(s) 0.0058 | Loss 0.0832
Epoch 01669 | Accuracy 96.56%
Process 000 | Epoch 01689 | Time(s) 0.1169 | Comm(s) 0.0779 | Reduce(s) 0.0058 | Loss 0.0867
Epoch 01679 | Accuracy 96.53%
Process 000 | Epoch 01699 | Time(s) 0.1169 | Comm(s) 0.0779 | Reduce(s) 0.0058 | Loss 0.0871
Epoch 01689 | Accuracy 96.56%
Process 000 | Epoch 01709 | Time(s) 0.1168 | Comm(s) 0.0779 | Reduce(s) 0.0058 | Loss 0.0851
Epoch 01699 | Accuracy 96.58%
Process 000 | Epoch 01719 | Time(s) 0.1168 | Comm(s) 0.0779 | Reduce(s) 0.0058 | Loss 0.0876
Epoch 01709 | Accuracy 96.58%
Process 000 | Epoch 01729 | Time(s) 0.1168 | Comm(s) 0.0778 | Reduce(s) 0.0058 | Loss 0.0845
Epoch 01719 | Accuracy 96.57%
Process 000 | Epoch 01739 | Time(s) 0.1168 | Comm(s) 0.0779 | Reduce(s) 0.0058 | Loss 0.0868
Epoch 01729 | Accuracy 96.54%
Process 000 | Epoch 01749 | Time(s) 0.1168 | Comm(s) 0.0778 | Reduce(s) 0.0058 | Loss 0.0867
Epoch 01739 | Accuracy 96.64%
Process 000 | Epoch 01759 | Time(s) 0.1168 | Comm(s) 0.0779 | Reduce(s) 0.0058 | Loss 0.0858
Epoch 01749 | Accuracy 96.54%
Process 000 | Epoch 01769 | Time(s) 0.1168 | Comm(s) 0.0779 | Reduce(s) 0.0058 | Loss 0.0810
Epoch 01759 | Accuracy 96.54%
Process 000 | Epoch 01779 | Time(s) 0.1167 | Comm(s) 0.0778 | Reduce(s) 0.0058 | Loss 0.0834
Epoch 01769 | Accuracy 96.55%
Process 000 | Epoch 01789 | Time(s) 0.1168 | Comm(s) 0.0778 | Reduce(s) 0.0058 | Loss 0.0832
Epoch 01779 | Accuracy 96.58%
Process 000 | Epoch 01799 | Time(s) 0.1168 | Comm(s) 0.0779 | Reduce(s) 0.0058 | Loss 0.0841
Epoch 01789 | Accuracy 96.58%
Process 000 | Epoch 01809 | Time(s) 0.1168 | Comm(s) 0.0779 | Reduce(s) 0.0058 | Loss 0.0824
Epoch 01799 | Accuracy 96.61%
Process 000 | Epoch 01819 | Time(s) 0.1168 | Comm(s) 0.0779 | Reduce(s) 0.0058 | Loss 0.0832
Epoch 01809 | Accuracy 96.56%
Process 000 | Epoch 01829 | Time(s) 0.1168 | Comm(s) 0.0779 | Reduce(s) 0.0058 | Loss 0.0829
Epoch 01819 | Accuracy 96.58%
Process 000 | Epoch 01839 | Time(s) 0.1168 | Comm(s) 0.0778 | Reduce(s) 0.0058 | Loss 0.0834
Epoch 01829 | Accuracy 96.57%
Process 000 | Epoch 01849 | Time(s) 0.1168 | Comm(s) 0.0778 | Reduce(s) 0.0058 | Loss 0.0832
Epoch 01839 | Accuracy 96.67%
Process 000 | Epoch 01859 | Time(s) 0.1168 | Comm(s) 0.0778 | Reduce(s) 0.0058 | Loss 0.0842
Epoch 01849 | Accuracy 96.58%
Process 000 | Epoch 01869 | Time(s) 0.1167 | Comm(s) 0.0778 | Reduce(s) 0.0058 | Loss 0.0811
Epoch 01859 | Accuracy 96.61%
Process 000 | Epoch 01879 | Time(s) 0.1167 | Comm(s) 0.0778 | Reduce(s) 0.0058 | Loss 0.0807
Epoch 01869 | Accuracy 96.55%
Process 000 | Epoch 01889 | Time(s) 0.1168 | Comm(s) 0.0778 | Reduce(s) 0.0058 | Loss 0.0813
Epoch 01879 | Accuracy 96.55%
Process 000 | Epoch 01899 | Time(s) 0.1168 | Comm(s) 0.0778 | Reduce(s) 0.0058 | Loss 0.0832
Epoch 01889 | Accuracy 96.55%
Process 000 | Epoch 01909 | Time(s) 0.1168 | Comm(s) 0.0778 | Reduce(s) 0.0058 | Loss 0.0840
Epoch 01899 | Accuracy 96.54%
Process 000 | Epoch 01919 | Time(s) 0.1167 | Comm(s) 0.0778 | Reduce(s) 0.0058 | Loss 0.0821
Epoch 01909 | Accuracy 96.50%
Process 000 | Epoch 01929 | Time(s) 0.1168 | Comm(s) 0.0778 | Reduce(s) 0.0058 | Loss 0.0817
Epoch 01919 | Accuracy 96.58%
Process 000 | Epoch 01939 | Time(s) 0.1168 | Comm(s) 0.0778 | Reduce(s) 0.0058 | Loss 0.0833
Epoch 01929 | Accuracy 96.60%
Process 000 | Epoch 01949 | Time(s) 0.1168 | Comm(s) 0.0778 | Reduce(s) 0.0058 | Loss 0.0824
Epoch 01939 | Accuracy 96.58%
Process 000 | Epoch 01959 | Time(s) 0.1168 | Comm(s) 0.0778 | Reduce(s) 0.0058 | Loss 0.0819
Epoch 01949 | Accuracy 96.49%
Process 000 | Epoch 01969 | Time(s) 0.1168 | Comm(s) 0.0778 | Reduce(s) 0.0058 | Loss 0.0823
Epoch 01959 | Accuracy 96.54%
Process 000 | Epoch 01979 | Time(s) 0.1168 | Comm(s) 0.0778 | Reduce(s) 0.0058 | Loss 0.0786
Epoch 01969 | Accuracy 96.54%
Process 000 | Epoch 01989 | Time(s) 0.1168 | Comm(s) 0.0778 | Reduce(s) 0.0058 | Loss 0.0805
Epoch 01979 | Accuracy 96.58%
Process 000 | Epoch 01999 | Time(s) 0.1168 | Comm(s) 0.0778 | Reduce(s) 0.0058 | Loss 0.0842
Process 001 | Epoch 01769 | Time(s) 0.1765 | Comm(s) 0.0773 | Reduce(s) 0.0060 | Loss 0.0918
Process 001 | Epoch 01779 | Time(s) 0.1765 | Comm(s) 0.0773 | Reduce(s) 0.0060 | Loss 0.0942
Process 001 | Epoch 01789 | Time(s) 0.1766 | Comm(s) 0.0773 | Reduce(s) 0.0060 | Loss 0.0918
Process 001 | Epoch 01799 | Time(s) 0.1767 | Comm(s) 0.0773 | Reduce(s) 0.0060 | Loss 0.0920
Process 001 | Epoch 01809 | Time(s) 0.1767 | Comm(s) 0.0773 | Reduce(s) 0.0060 | Loss 0.0940
Process 001 | Epoch 01819 | Time(s) 0.1766 | Comm(s) 0.0773 | Reduce(s) 0.0060 | Loss 0.0943
Process 001 | Epoch 01829 | Time(s) 0.1767 | Comm(s) 0.0773 | Reduce(s) 0.0060 | Loss 0.0896
Process 001 | Epoch 01839 | Time(s) 0.1767 | Comm(s) 0.0773 | Reduce(s) 0.0060 | Loss 0.0920
Process 001 | Epoch 01849 | Time(s) 0.1767 | Comm(s) 0.0773 | Reduce(s) 0.0060 | Loss 0.0923
Process 001 | Epoch 01859 | Time(s) 0.1768 | Comm(s) 0.0773 | Reduce(s) 0.0060 | Loss 0.0908
Process 001 | Epoch 01869 | Time(s) 0.1767 | Comm(s) 0.0773 | Reduce(s) 0.0060 | Loss 0.0885
Process 001 | Epoch 01879 | Time(s) 0.1767 | Comm(s) 0.0773 | Reduce(s) 0.0060 | Loss 0.0907
Process 001 | Epoch 01889 | Time(s) 0.1767 | Comm(s) 0.0773 | Reduce(s) 0.0060 | Loss 0.0915
Process 001 | Epoch 01899 | Time(s) 0.1767 | Comm(s) 0.0773 | Reduce(s) 0.0060 | Loss 0.0896
Process 001 | Epoch 01909 | Time(s) 0.1767 | Comm(s) 0.0772 | Reduce(s) 0.0060 | Loss 0.0914
Process 001 | Epoch 01919 | Time(s) 0.1767 | Comm(s) 0.0772 | Reduce(s) 0.0060 | Loss 0.0882
Process 001 | Epoch 01929 | Time(s) 0.1767 | Comm(s) 0.0773 | Reduce(s) 0.0060 | Loss 0.0890
Process 001 | Epoch 01939 | Time(s) 0.1767 | Comm(s) 0.0773 | Reduce(s) 0.0060 | Loss 0.0909
Process 001 | Epoch 01949 | Time(s) 0.1767 | Comm(s) 0.0773 | Reduce(s) 0.0060 | Loss 0.0902
Process 001 | Epoch 01959 | Time(s) 0.1767 | Comm(s) 0.0773 | Reduce(s) 0.0060 | Loss 0.0894
Process 001 | Epoch 01969 | Time(s) 0.1767 | Comm(s) 0.0773 | Reduce(s) 0.0060 | Loss 0.0916
Process 001 | Epoch 01979 | Time(s) 0.1767 | Comm(s) 0.0773 | Reduce(s) 0.0060 | Loss 0.0867
Process 001 | Epoch 01989 | Time(s) 0.1767 | Comm(s) 0.0773 | Reduce(s) 0.0060 | Loss 0.0907
Process 001 | Epoch 01999 | Time(s) 0.1767 | Comm(s) 0.0773 | Reduce(s) 0.0060 | Loss 0.0905
Process 001 | Epoch 02009 | Time(s) 0.1767 | Comm(s) 0.0773 | Reduce(s) 0.0060 | Loss 0.0887
Process 001 | Epoch 02019 | Time(s) 0.1767 | Comm(s) 0.0773 | Reduce(s) 0.0060 | Loss 0.0875
Process 001 | Epoch 02029 | Time(s) 0.1767 | Comm(s) 0.0772 | Reduce(s) 0.0060 | Loss 0.0905
Process 001 | Epoch 02039 | Time(s) 0.1767 | Comm(s) 0.0772 | Reduce(s) 0.0060 | Loss 0.0896
Process 001 | Epoch 02049 | Time(s) 0.1767 | Comm(s) 0.0772 | Reduce(s) 0.0060 | Loss 0.0912
Process 001 | Epoch 02059 | Time(s) 0.1767 | Comm(s) 0.0772 | Reduce(s) 0.0060 | Loss 0.0894
Process 001 | Epoch 02069 | Time(s) 0.1767 | Comm(s) 0.0772 | Reduce(s) 0.0060 | Loss 0.0875
Process 001 | Epoch 02079 | Time(s) 0.1767 | Comm(s) 0.0773 | Reduce(s) 0.0060 | Loss 0.0902
Process 001 | Epoch 02089 | Time(s) 0.1767 | Comm(s) 0.0773 | Reduce(s) 0.0060 | Loss 0.0864
Process 001 | Epoch 02099 | Time(s) 0.1767 | Comm(s) 0.0773 | Reduce(s) 0.0060 | Loss 0.0885
Process 001 | Epoch 02109 | Time(s) 0.1767 | Comm(s) 0.0773 | Reduce(s) 0.0060 | Loss 0.0909
Process 001 | Epoch 02119 | Time(s) 0.1767 | Comm(s) 0.0773 | Reduce(s) 0.0060 | Loss 0.0902
Process 001 | Epoch 02129 | Time(s) 0.1766 | Comm(s) 0.0772 | Reduce(s) 0.0060 | Loss 0.0931
Process 001 | Epoch 02139 | Time(s) 0.1766 | Comm(s) 0.0772 | Reduce(s) 0.0060 | Loss 0.0906
Process 001 | Epoch 02149 | Time(s) 0.1766 | Comm(s) 0.0773 | Reduce(s) 0.0060 | Loss 0.0873
Process 001 | Epoch 02159 | Time(s) 0.1766 | Comm(s) 0.0772 | Reduce(s) 0.0060 | Loss 0.0875
Process 001 | Epoch 02169 | Time(s) 0.1766 | Comm(s) 0.0772 | Reduce(s) 0.0060 | Loss 0.0875
Process 001 | Epoch 02179 | Time(s) 0.1767 | Comm(s) 0.0772 | Reduce(s) 0.0060 | Loss 0.0885
Process 001 | Epoch 02189 | Time(s) 0.1767 | Comm(s) 0.0772 | Reduce(s) 0.0060 | Loss 0.0885
Process 001 | Epoch 02199 | Time(s) 0.1767 | Comm(s) 0.0772 | Reduce(s) 0.0060 | Loss 0.0874
Process 001 | Epoch 02209 | Time(s) 0.1767 | Comm(s) 0.0772 | Reduce(s) 0.0060 | Loss 0.0868
Process 001 | Epoch 02219 | Time(s) 0.1768 | Comm(s) 0.0772 | Reduce(s) 0.0060 | Loss 0.0877
Process 001 | Epoch 02229 | Time(s) 0.1768 | Comm(s) 0.0773 | Reduce(s) 0.0060 | Loss 0.0907
Process 001 | Epoch 02239 | Time(s) 0.1767 | Comm(s) 0.0772 | Reduce(s) 0.0060 | Loss 0.0859
Process 001 | Epoch 02249 | Time(s) 0.1768 | Comm(s) 0.0772 | Reduce(s) 0.0060 | Loss 0.0857
Process 001 | Epoch 02259 | Time(s) 0.1768 | Comm(s) 0.0772 | Reduce(s) 0.0060 | Loss 0.0855
Process 001 | Epoch 02269 | Time(s) 0.1767 | Comm(s) 0.0772 | Reduce(s) 0.0060 | Loss 0.0866
Process 001 | Epoch 02279 | Time(s) 0.1768 | Comm(s) 0.0773 | Reduce(s) 0.0060 | Loss 0.0884
Process 001 | Epoch 02289 | Time(s) 0.1768 | Comm(s) 0.0773 | Reduce(s) 0.0060 | Loss 0.0900
Process 001 | Epoch 02299 | Time(s) 0.1767 | Comm(s) 0.0773 | Reduce(s) 0.0060 | Loss 0.0886
Process 001 | Epoch 02309 | Time(s) 0.1767 | Comm(s) 0.0773 | Reduce(s) 0.0060 | Loss 0.0861
Process 001 | Epoch 02319 | Time(s) 0.1767 | Comm(s) 0.0773 | Reduce(s) 0.0060 | Loss 0.0851
Process 001 | Epoch 02329 | Time(s) 0.1767 | Comm(s) 0.0773 | Reduce(s) 0.0060 | Loss 0.0856
Process 001 | Epoch 02339 | Time(s) 0.1767 | Comm(s) 0.0773 | Reduce(s) 0.0060 | Loss 0.0899
Process 001 | Epoch 02349 | Time(s) 0.1767 | Comm(s) 0.0773 | Reduce(s) 0.0060 | Loss 0.0862
Process 001 | Epoch 02359 | Time(s) 0.1767 | Comm(s) 0.0773 | Reduce(s) 0.0060 | Loss 0.0860
Process 001 | Epoch 02369 | Time(s) 0.1767 | Comm(s) 0.0773 | Reduce(s) 0.0060 | Loss 0.0865
Process 001 | Epoch 02379 | Time(s) 0.1767 | Comm(s) 0.0773 | Reduce(s) 0.0060 | Loss 0.0874
Process 001 | Epoch 02389 | Time(s) 0.1768 | Comm(s) 0.0773 | Reduce(s) 0.0060 | Loss 0.0846
Process 001 | Epoch 02399 | Time(s) 0.1767 | Comm(s) 0.0772 | Reduce(s) 0.0060 | Loss 0.0879
Process 001 | Epoch 02409 | Time(s) 0.1768 | Comm(s) 0.0773 | Reduce(s) 0.0060 | Loss 0.0864
Process 001 | Epoch 02419 | Time(s) 0.1768 | Comm(s) 0.0772 | Reduce(s) 0.0060 | Loss 0.0879
Process 001 | Epoch 02429 | Time(s) 0.1767 | Comm(s) 0.0772 | Reduce(s) 0.0060 | Loss 0.0846
Process 001 | Epoch 02439 | Time(s) 0.1768 | Comm(s) 0.0772 | Reduce(s) 0.0060 | Loss 0.0858
Process 001 | Epoch 02449 | Time(s) 0.1768 | Comm(s) 0.0772 | Reduce(s) 0.0060 | Loss 0.0851
Process 001 | Epoch 02459 | Time(s) 0.1768 | Comm(s) 0.0772 | Reduce(s) 0.0060 | Loss 0.0844
Process 001 | Epoch 02469 | Time(s) 0.1768 | Comm(s) 0.0772 | Reduce(s) 0.0060 | Loss 0.0860
Process 001 | Epoch 02479 | Time(s) 0.1768 | Comm(s) 0.0772 | Reduce(s) 0.0060 | Loss 0.0852
Process 001 | Epoch 02489 | Time(s) 0.1768 | Comm(s) 0.0772 | Reduce(s) 0.0060 | Loss 0.0876
Process 001 | Epoch 02499 | Time(s) 0.1768 | Comm(s) 0.0772 | Reduce(s) 0.0060 | Loss 0.0853
Process 001 | Epoch 02509 | Time(s) 0.1768 | Comm(s) 0.0772 | Reduce(s) 0.0060 | Loss 0.0846
Process 001 | Epoch 02519 | Time(s) 0.1768 | Comm(s) 0.0772 | Reduce(s) 0.0060 | Loss 0.0859
Process 001 | Epoch 02529 | Time(s) 0.1768 | Comm(s) 0.0772 | Reduce(s) 0.0060 | Loss 0.0846
Process 001 | Epoch 02539 | Time(s) 0.1768 | Comm(s) 0.0772 | Reduce(s) 0.0060 | Loss 0.0867
Process 001 | Epoch 02549 | Time(s) 0.1768 | Comm(s) 0.0772 | Reduce(s) 0.0060 | Loss 0.0825
Process 001 | Epoch 02559 | Time(s) 0.1768 | Comm(s) 0.0772 | Reduce(s) 0.0060 | Loss 0.0867
Process 001 | Epoch 02569 | Time(s) 0.1768 | Comm(s) 0.0773 | Reduce(s) 0.0060 | Loss 0.0854
Process 001 | Epoch 02579 | Time(s) 0.1768 | Comm(s) 0.0773 | Reduce(s) 0.0060 | Loss 0.0849
Process 001 | Epoch 02589 | Time(s) 0.1768 | Comm(s) 0.0772 | Reduce(s) 0.0060 | Loss 0.0853
Process 001 | Epoch 02599 | Time(s) 0.1768 | Comm(s) 0.0772 | Reduce(s) 0.0060 | Loss 0.0861
Process 001 | Epoch 02609 | Time(s) 0.1768 | Comm(s) 0.0772 | Reduce(s) 0.0060 | Loss 0.0858
Process 001 | Epoch 02619 | Time(s) 0.1767 | Comm(s) 0.0772 | Reduce(s) 0.0060 | Loss 0.0840
Process 001 | Epoch 02629 | Time(s) 0.1767 | Comm(s) 0.0772 | Reduce(s) 0.0060 | Loss 0.0851
Process 001 | Epoch 02639 | Time(s) 0.1767 | Comm(s) 0.0773 | Reduce(s) 0.0060 | Loss 0.0835
Process 001 | Epoch 02649 | Time(s) 0.1767 | Comm(s) 0.0772 | Reduce(s) 0.0060 | Loss 0.0834
Epoch 01989 | Accuracy 96.61%
Process 000 | Epoch 02009 | Time(s) 0.1168 | Comm(s) 0.0778 | Reduce(s) 0.0058 | Loss 0.0815
Epoch 01999 | Accuracy 96.61%
Process 000 | Epoch 02019 | Time(s) 0.1167 | Comm(s) 0.0778 | Reduce(s) 0.0058 | Loss 0.0820
Epoch 02009 | Accuracy 96.65%
Process 000 | Epoch 02029 | Time(s) 0.1167 | Comm(s) 0.0778 | Reduce(s) 0.0058 | Loss 0.0814
Epoch 02019 | Accuracy 96.61%
Process 000 | Epoch 02039 | Time(s) 0.1167 | Comm(s) 0.0778 | Reduce(s) 0.0058 | Loss 0.0797
Epoch 02029 | Accuracy 96.66%
Process 000 | Epoch 02049 | Time(s) 0.1167 | Comm(s) 0.0778 | Reduce(s) 0.0058 | Loss 0.0798
Epoch 02039 | Accuracy 96.62%
Process 000 | Epoch 02059 | Time(s) 0.1167 | Comm(s) 0.0778 | Reduce(s) 0.0058 | Loss 0.0802
Epoch 02049 | Accuracy 96.58%
Process 000 | Epoch 02069 | Time(s) 0.1167 | Comm(s) 0.0778 | Reduce(s) 0.0058 | Loss 0.0809
Epoch 02059 | Accuracy 96.57%
Process 000 | Epoch 02079 | Time(s) 0.1167 | Comm(s) 0.0778 | Reduce(s) 0.0058 | Loss 0.0805
Epoch 02069 | Accuracy 96.57%
Process 000 | Epoch 02089 | Time(s) 0.1167 | Comm(s) 0.0778 | Reduce(s) 0.0058 | Loss 0.0805
Epoch 02079 | Accuracy 96.58%
Process 000 | Epoch 02099 | Time(s) 0.1167 | Comm(s) 0.0778 | Reduce(s) 0.0058 | Loss 0.0823
Epoch 02089 | Accuracy 96.58%
Process 000 | Epoch 02109 | Time(s) 0.1167 | Comm(s) 0.0778 | Reduce(s) 0.0058 | Loss 0.0803
Epoch 02099 | Accuracy 96.57%
Process 000 | Epoch 02119 | Time(s) 0.1167 | Comm(s) 0.0778 | Reduce(s) 0.0058 | Loss 0.0816
Epoch 02109 | Accuracy 96.55%
Process 000 | Epoch 02129 | Time(s) 0.1167 | Comm(s) 0.0778 | Reduce(s) 0.0058 | Loss 0.0801
Epoch 02119 | Accuracy 96.49%
Process 000 | Epoch 02139 | Time(s) 0.1167 | Comm(s) 0.0778 | Reduce(s) 0.0058 | Loss 0.0805
Epoch 02129 | Accuracy 96.62%
Process 000 | Epoch 02149 | Time(s) 0.1167 | Comm(s) 0.0778 | Reduce(s) 0.0058 | Loss 0.0810
Epoch 02139 | Accuracy 96.61%
Process 000 | Epoch 02159 | Time(s) 0.1167 | Comm(s) 0.0778 | Reduce(s) 0.0058 | Loss 0.0799
Epoch 02149 | Accuracy 96.59%
Process 000 | Epoch 02169 | Time(s) 0.1167 | Comm(s) 0.0778 | Reduce(s) 0.0058 | Loss 0.0807
Epoch 02159 | Accuracy 96.65%
Process 000 | Epoch 02179 | Time(s) 0.1166 | Comm(s) 0.0777 | Reduce(s) 0.0058 | Loss 0.0808
Epoch 02169 | Accuracy 96.54%
Process 000 | Epoch 02189 | Time(s) 0.1167 | Comm(s) 0.0777 | Reduce(s) 0.0058 | Loss 0.0808
Epoch 02179 | Accuracy 96.61%
Process 000 | Epoch 02199 | Time(s) 0.1167 | Comm(s) 0.0778 | Reduce(s) 0.0058 | Loss 0.0777
Epoch 02189 | Accuracy 96.62%
Process 000 | Epoch 02209 | Time(s) 0.1166 | Comm(s) 0.0777 | Reduce(s) 0.0057 | Loss 0.0790
Epoch 02199 | Accuracy 96.57%
Process 000 | Epoch 02219 | Time(s) 0.1166 | Comm(s) 0.0778 | Reduce(s) 0.0057 | Loss 0.0791
Epoch 02209 | Accuracy 96.61%
Process 000 | Epoch 02229 | Time(s) 0.1167 | Comm(s) 0.0778 | Reduce(s) 0.0057 | Loss 0.0786
Epoch 02219 | Accuracy 96.63%
Process 000 | Epoch 02239 | Time(s) 0.1166 | Comm(s) 0.0777 | Reduce(s) 0.0057 | Loss 0.0770
Epoch 02229 | Accuracy 96.61%
Process 000 | Epoch 02249 | Time(s) 0.1166 | Comm(s) 0.0778 | Reduce(s) 0.0058 | Loss 0.0789
Epoch 02239 | Accuracy 96.59%
Process 000 | Epoch 02259 | Time(s) 0.1167 | Comm(s) 0.0778 | Reduce(s) 0.0057 | Loss 0.0792
Epoch 02249 | Accuracy 96.56%
Process 000 | Epoch 02269 | Time(s) 0.1166 | Comm(s) 0.0778 | Reduce(s) 0.0057 | Loss 0.0790
Epoch 02259 | Accuracy 96.59%
Process 000 | Epoch 02279 | Time(s) 0.1167 | Comm(s) 0.0778 | Reduce(s) 0.0057 | Loss 0.0791
Epoch 02269 | Accuracy 96.62%
Process 000 | Epoch 02289 | Time(s) 0.1167 | Comm(s) 0.0778 | Reduce(s) 0.0057 | Loss 0.0790
Epoch 02279 | Accuracy 96.66%
Process 000 | Epoch 02299 | Time(s) 0.1167 | Comm(s) 0.0778 | Reduce(s) 0.0057 | Loss 0.0775
Epoch 02289 | Accuracy 96.63%
Process 000 | Epoch 02309 | Time(s) 0.1167 | Comm(s) 0.0778 | Reduce(s) 0.0057 | Loss 0.0783
Epoch 02299 | Accuracy 96.53%
Process 000 | Epoch 02319 | Time(s) 0.1167 | Comm(s) 0.0778 | Reduce(s) 0.0057 | Loss 0.0766
Epoch 02309 | Accuracy 96.68%
Process 000 | Epoch 02329 | Time(s) 0.1167 | Comm(s) 0.0778 | Reduce(s) 0.0057 | Loss 0.0768
Epoch 02319 | Accuracy 96.59%
Process 000 | Epoch 02339 | Time(s) 0.1167 | Comm(s) 0.0778 | Reduce(s) 0.0057 | Loss 0.0808
Epoch 02329 | Accuracy 96.53%
Process 000 | Epoch 02349 | Time(s) 0.1167 | Comm(s) 0.0778 | Reduce(s) 0.0057 | Loss 0.0788
Epoch 02339 | Accuracy 96.62%
Process 000 | Epoch 02359 | Time(s) 0.1167 | Comm(s) 0.0778 | Reduce(s) 0.0058 | Loss 0.0788
Epoch 02349 | Accuracy 96.61%
Process 000 | Epoch 02369 | Time(s) 0.1167 | Comm(s) 0.0778 | Reduce(s) 0.0058 | Loss 0.0769
Epoch 02359 | Accuracy 96.64%
Process 000 | Epoch 02379 | Time(s) 0.1167 | Comm(s) 0.0778 | Reduce(s) 0.0058 | Loss 0.0785
Epoch 02369 | Accuracy 96.63%
Process 000 | Epoch 02389 | Time(s) 0.1166 | Comm(s) 0.0778 | Reduce(s) 0.0058 | Loss 0.0778
Epoch 02379 | Accuracy 96.60%
Process 000 | Epoch 02399 | Time(s) 0.1166 | Comm(s) 0.0778 | Reduce(s) 0.0058 | Loss 0.0802
Epoch 02389 | Accuracy 96.57%
Process 000 | Epoch 02409 | Time(s) 0.1166 | Comm(s) 0.0778 | Reduce(s) 0.0058 | Loss 0.0784
Epoch 02399 | Accuracy 96.60%
Process 000 | Epoch 02419 | Time(s) 0.1166 | Comm(s) 0.0778 | Reduce(s) 0.0058 | Loss 0.0791
Epoch 02409 | Accuracy 96.63%
Process 000 | Epoch 02429 | Time(s) 0.1165 | Comm(s) 0.0777 | Reduce(s) 0.0058 | Loss 0.0761
Epoch 02419 | Accuracy 96.60%
Process 000 | Epoch 02439 | Time(s) 0.1166 | Comm(s) 0.0778 | Reduce(s) 0.0058 | Loss 0.0791
Epoch 02429 | Accuracy 96.57%
Process 000 | Epoch 02449 | Time(s) 0.1165 | Comm(s) 0.0778 | Reduce(s) 0.0058 | Loss 0.0762
Epoch 02439 | Accuracy 96.63%
Process 000 | Epoch 02459 | Time(s) 0.1165 | Comm(s) 0.0777 | Reduce(s) 0.0058 | Loss 0.0785
Epoch 02449 | Accuracy 96.66%
Process 000 | Epoch 02469 | Time(s) 0.1165 | Comm(s) 0.0778 | Reduce(s) 0.0058 | Loss 0.0763
Epoch 02459 | Accuracy 96.66%
Process 000 | Epoch 02479 | Time(s) 0.1165 | Comm(s) 0.0777 | Reduce(s) 0.0058 | Loss 0.0783
Epoch 02469 | Accuracy 96.61%
Process 000 | Epoch 02489 | Time(s) 0.1165 | Comm(s) 0.0777 | Reduce(s) 0.0058 | Loss 0.0739
Epoch 02479 | Accuracy 96.67%
Process 000 | Epoch 02499 | Time(s) 0.1165 | Comm(s) 0.0777 | Reduce(s) 0.0058 | Loss 0.0765
Epoch 02489 | Accuracy 96.66%
Process 000 | Epoch 02509 | Time(s) 0.1165 | Comm(s) 0.0778 | Reduce(s) 0.0058 | Loss 0.0770
Epoch 02499 | Accuracy 96.66%
Process 000 | Epoch 02519 | Time(s) 0.1165 | Comm(s) 0.0778 | Reduce(s) 0.0058 | Loss 0.0770
Epoch 02509 | Accuracy 96.62%
Process 000 | Epoch 02529 | Time(s) 0.1165 | Comm(s) 0.0778 | Reduce(s) 0.0058 | Loss 0.0740
Epoch 02519 | Accuracy 96.66%
Process 000 | Epoch 02539 | Time(s) 0.1165 | Comm(s) 0.0778 | Reduce(s) 0.0058 | Loss 0.0752
Epoch 02529 | Accuracy 96.58%
Process 000 | Epoch 02549 | Time(s) 0.1165 | Comm(s) 0.0778 | Reduce(s) 0.0058 | Loss 0.0766
Epoch 02539 | Accuracy 96.57%
Process 000 | Epoch 02559 | Time(s) 0.1165 | Comm(s) 0.0778 | Reduce(s) 0.0058 | Loss 0.0753
Epoch 02549 | Accuracy 96.59%
Process 000 | Epoch 02569 | Time(s) 0.1165 | Comm(s) 0.0778 | Reduce(s) 0.0058 | Loss 0.0780
Epoch 02559 | Accuracy 96.58%
Process 000 | Epoch 02579 | Time(s) 0.1165 | Comm(s) 0.0778 | Reduce(s) 0.0058 | Loss 0.0747
Epoch 02569 | Accuracy 96.63%
Process 000 | Epoch 02589 | Time(s) 0.1165 | Comm(s) 0.0778 | Reduce(s) 0.0058 | Loss 0.0769
Epoch 02579 | Accuracy 96.58%
Process 000 | Epoch 02599 | Time(s) 0.1166 | Comm(s) 0.0778 | Reduce(s) 0.0058 | Loss 0.0768
Epoch 02589 | Accuracy 96.50%
Process 000 | Epoch 02609 | Time(s) 0.1165 | Comm(s) 0.0778 | Reduce(s) 0.0058 | Loss 0.0759
Epoch 02599 | Accuracy 96.60%
Process 000 | Epoch 02619 | Time(s) 0.1165 | Comm(s) 0.0778 | Reduce(s) 0.0058 | Loss 0.0751
Epoch 02609 | Accuracy 96.63%
Process 000 | Epoch 02629 | Time(s) 0.1165 | Comm(s) 0.0778 | Reduce(s) 0.0058 | Loss 0.0746
Epoch 02619 | Accuracy 96.68%
Process 000 | Epoch 02639 | Time(s) 0.1165 | Comm(s) 0.0778 | Reduce(s) 0.0058 | Loss 0.0775
Epoch 02629 | Accuracy 96.62%
Process 000 | Epoch 02649 | Time(s) 0.1165 | Comm(s) 0.0778 | Reduce(s) 0.0058 | Loss 0.0743
Epoch 02639 | Accuracy 96.65%
Process 000 | Epoch 02659 | Time(s) 0.1165 | Comm(s) 0.0778 | Reduce(s) 0.0058 | Loss 0.0766
Epoch 02649 | Accuracy 96.61%
Process 000 | Epoch 02669 | Time(s) 0.1165 | Comm(s) 0.0778 | Reduce(s) 0.0058 | Loss 0.0776
Process 001 | Epoch 02659 | Time(s) 0.1767 | Comm(s) 0.0773 | Reduce(s) 0.0060 | Loss 0.0863
Process 001 | Epoch 02669 | Time(s) 0.1767 | Comm(s) 0.0773 | Reduce(s) 0.0060 | Loss 0.0858
Process 001 | Epoch 02679 | Time(s) 0.1767 | Comm(s) 0.0773 | Reduce(s) 0.0060 | Loss 0.0847
Process 001 | Epoch 02689 | Time(s) 0.1767 | Comm(s) 0.0773 | Reduce(s) 0.0060 | Loss 0.0816
Process 001 | Epoch 02699 | Time(s) 0.1767 | Comm(s) 0.0773 | Reduce(s) 0.0060 | Loss 0.0815
Process 001 | Epoch 02709 | Time(s) 0.1767 | Comm(s) 0.0773 | Reduce(s) 0.0060 | Loss 0.0843
Process 001 | Epoch 02719 | Time(s) 0.1767 | Comm(s) 0.0773 | Reduce(s) 0.0060 | Loss 0.0849
Process 001 | Epoch 02729 | Time(s) 0.1768 | Comm(s) 0.0773 | Reduce(s) 0.0060 | Loss 0.0848
Process 001 | Epoch 02739 | Time(s) 0.1768 | Comm(s) 0.0773 | Reduce(s) 0.0060 | Loss 0.0832
Process 001 | Epoch 02749 | Time(s) 0.1768 | Comm(s) 0.0773 | Reduce(s) 0.0060 | Loss 0.0825
Process 001 | Epoch 02759 | Time(s) 0.1768 | Comm(s) 0.0773 | Reduce(s) 0.0060 | Loss 0.0821
Process 001 | Epoch 02769 | Time(s) 0.1768 | Comm(s) 0.0773 | Reduce(s) 0.0060 | Loss 0.0848
Process 001 | Epoch 02779 | Time(s) 0.1769 | Comm(s) 0.0774 | Reduce(s) 0.0060 | Loss 0.0843
Process 001 | Epoch 02789 | Time(s) 0.1769 | Comm(s) 0.0774 | Reduce(s) 0.0060 | Loss 0.0816
Process 001 | Epoch 02799 | Time(s) 0.1769 | Comm(s) 0.0774 | Reduce(s) 0.0060 | Loss 0.0829
Process 001 | Epoch 02809 | Time(s) 0.1769 | Comm(s) 0.0774 | Reduce(s) 0.0060 | Loss 0.0872
Process 001 | Epoch 02819 | Time(s) 0.1770 | Comm(s) 0.0774 | Reduce(s) 0.0060 | Loss 0.0838
Process 001 | Epoch 02829 | Time(s) 0.1770 | Comm(s) 0.0774 | Reduce(s) 0.0060 | Loss 0.0832
Process 001 | Epoch 02839 | Time(s) 0.1770 | Comm(s) 0.0774 | Reduce(s) 0.0060 | Loss 0.0829
Process 001 | Epoch 02849 | Time(s) 0.1770 | Comm(s) 0.0774 | Reduce(s) 0.0060 | Loss 0.0846
Process 001 | Epoch 02859 | Time(s) 0.1771 | Comm(s) 0.0774 | Reduce(s) 0.0060 | Loss 0.0812
Process 001 | Epoch 02869 | Time(s) 0.1771 | Comm(s) 0.0774 | Reduce(s) 0.0060 | Loss 0.0818
Process 001 | Epoch 02879 | Time(s) 0.1771 | Comm(s) 0.0774 | Reduce(s) 0.0060 | Loss 0.0852
Process 001 | Epoch 02889 | Time(s) 0.1771 | Comm(s) 0.0774 | Reduce(s) 0.0060 | Loss 0.0859
Process 001 | Epoch 02899 | Time(s) 0.1771 | Comm(s) 0.0774 | Reduce(s) 0.0060 | Loss 0.0843
Process 001 | Epoch 02909 | Time(s) 0.1771 | Comm(s) 0.0774 | Reduce(s) 0.0060 | Loss 0.0842
Process 001 | Epoch 02919 | Time(s) 0.1770 | Comm(s) 0.0773 | Reduce(s) 0.0060 | Loss 0.0817
Process 001 | Epoch 02929 | Time(s) 0.1771 | Comm(s) 0.0774 | Reduce(s) 0.0060 | Loss 0.0793
Process 001 | Epoch 02939 | Time(s) 0.1770 | Comm(s) 0.0774 | Reduce(s) 0.0060 | Loss 0.0832
Process 001 | Epoch 02949 | Time(s) 0.1771 | Comm(s) 0.0774 | Reduce(s) 0.0060 | Loss 0.0849
Process 001 | Epoch 02959 | Time(s) 0.1770 | Comm(s) 0.0774 | Reduce(s) 0.0060 | Loss 0.0811
Process 001 | Epoch 02969 | Time(s) 0.1771 | Comm(s) 0.0774 | Reduce(s) 0.0060 | Loss 0.0808
Process 001 | Epoch 02979 | Time(s) 0.1771 | Comm(s) 0.0774 | Reduce(s) 0.0060 | Loss 0.0850
Process 001 | Epoch 02989 | Time(s) 0.1770 | Comm(s) 0.0774 | Reduce(s) 0.0060 | Loss 0.0824
Process 001 | Epoch 02999 | Time(s) 0.1770 | Comm(s) 0.0774 | Reduce(s) 0.0060 | Loss 0.0817
(rank 1) memory stats: current 1283.47MB, peak 3407.13MB, reserved 3958.00MB

Epoch 02659 | Accuracy 96.63%
Process 000 | Epoch 02679 | Time(s) 0.1165 | Comm(s) 0.0778 | Reduce(s) 0.0058 | Loss 0.0762
Epoch 02669 | Accuracy 96.61%
Process 000 | Epoch 02689 | Time(s) 0.1165 | Comm(s) 0.0778 | Reduce(s) 0.0058 | Loss 0.0750
Epoch 02679 | Accuracy 96.65%
Process 000 | Epoch 02699 | Time(s) 0.1166 | Comm(s) 0.0778 | Reduce(s) 0.0058 | Loss 0.0757
Epoch 02689 | Accuracy 96.57%
Process 000 | Epoch 02709 | Time(s) 0.1165 | Comm(s) 0.0778 | Reduce(s) 0.0058 | Loss 0.0770
Epoch 02699 | Accuracy 96.56%
Process 000 | Epoch 02719 | Time(s) 0.1165 | Comm(s) 0.0778 | Reduce(s) 0.0058 | Loss 0.0778
Epoch 02709 | Accuracy 96.60%
Process 000 | Epoch 02729 | Time(s) 0.1165 | Comm(s) 0.0778 | Reduce(s) 0.0058 | Loss 0.0747
Epoch 02719 | Accuracy 96.60%
Process 000 | Epoch 02739 | Time(s) 0.1165 | Comm(s) 0.0778 | Reduce(s) 0.0058 | Loss 0.0734
Epoch 02729 | Accuracy 96.70%
Process 000 | Epoch 02749 | Time(s) 0.1165 | Comm(s) 0.0778 | Reduce(s) 0.0058 | Loss 0.0766
Epoch 02739 | Accuracy 96.63%
Process 000 | Epoch 02759 | Time(s) 0.1165 | Comm(s) 0.0778 | Reduce(s) 0.0058 | Loss 0.0754
Epoch 02749 | Accuracy 96.63%
Process 000 | Epoch 02769 | Time(s) 0.1165 | Comm(s) 0.0778 | Reduce(s) 0.0058 | Loss 0.0735
Epoch 02759 | Accuracy 96.64%
Process 000 | Epoch 02779 | Time(s) 0.1166 | Comm(s) 0.0779 | Reduce(s) 0.0058 | Loss 0.0762
Epoch 02769 | Accuracy 96.66%
Process 000 | Epoch 02789 | Time(s) 0.1166 | Comm(s) 0.0778 | Reduce(s) 0.0058 | Loss 0.0738
Epoch 02779 | Accuracy 96.61%
Process 000 | Epoch 02799 | Time(s) 0.1166 | Comm(s) 0.0779 | Reduce(s) 0.0058 | Loss 0.0756
Epoch 02789 | Accuracy 96.61%
Process 000 | Epoch 02809 | Time(s) 0.1165 | Comm(s) 0.0778 | Reduce(s) 0.0058 | Loss 0.0773
Epoch 02799 | Accuracy 96.60%
Process 000 | Epoch 02819 | Time(s) 0.1165 | Comm(s) 0.0778 | Reduce(s) 0.0058 | Loss 0.0787
Epoch 02809 | Accuracy 96.65%
Process 000 | Epoch 02829 | Time(s) 0.1166 | Comm(s) 0.0778 | Reduce(s) 0.0058 | Loss 0.0751
Epoch 02819 | Accuracy 96.66%
Process 000 | Epoch 02839 | Time(s) 0.1165 | Comm(s) 0.0778 | Reduce(s) 0.0058 | Loss 0.0774
Epoch 02829 | Accuracy 96.68%
Process 000 | Epoch 02849 | Time(s) 0.1165 | Comm(s) 0.0779 | Reduce(s) 0.0058 | Loss 0.0748
Epoch 02839 | Accuracy 96.70%
Process 000 | Epoch 02859 | Time(s) 0.1165 | Comm(s) 0.0778 | Reduce(s) 0.0058 | Loss 0.0724
Epoch 02849 | Accuracy 96.62%
Process 000 | Epoch 02869 | Time(s) 0.1165 | Comm(s) 0.0778 | Reduce(s) 0.0058 | Loss 0.0764
Epoch 02859 | Accuracy 96.61%
Process 000 | Epoch 02879 | Time(s) 0.1165 | Comm(s) 0.0778 | Reduce(s) 0.0058 | Loss 0.0752
Epoch 02869 | Accuracy 96.57%
Process 000 | Epoch 02889 | Time(s) 0.1165 | Comm(s) 0.0778 | Reduce(s) 0.0058 | Loss 0.0760
Epoch 02879 | Accuracy 96.61%
Process 000 | Epoch 02899 | Time(s) 0.1165 | Comm(s) 0.0778 | Reduce(s) 0.0058 | Loss 0.0749
Epoch 02889 | Accuracy 96.55%
Process 000 | Epoch 02909 | Time(s) 0.1165 | Comm(s) 0.0778 | Reduce(s) 0.0058 | Loss 0.0722
Epoch 02899 | Accuracy 96.59%
Process 000 | Epoch 02919 | Time(s) 0.1165 | Comm(s) 0.0778 | Reduce(s) 0.0058 | Loss 0.0760
Epoch 02909 | Accuracy 96.61%
Process 000 | Epoch 02929 | Time(s) 0.1165 | Comm(s) 0.0778 | Reduce(s) 0.0058 | Loss 0.0754
Epoch 02919 | Accuracy 96.61%
Process 000 | Epoch 02939 | Time(s) 0.1165 | Comm(s) 0.0778 | Reduce(s) 0.0058 | Loss 0.0746
Epoch 02929 | Accuracy 96.56%
Process 000 | Epoch 02949 | Time(s) 0.1165 | Comm(s) 0.0778 | Reduce(s) 0.0058 | Loss 0.0747
Epoch 02939 | Accuracy 96.59%
Process 000 | Epoch 02959 | Time(s) 0.1165 | Comm(s) 0.0778 | Reduce(s) 0.0058 | Loss 0.0729
Epoch 02949 | Accuracy 96.52%
Process 000 | Epoch 02969 | Time(s) 0.1165 | Comm(s) 0.0779 | Reduce(s) 0.0057 | Loss 0.0748
Epoch 02959 | Accuracy 96.63%
Process 000 | Epoch 02979 | Time(s) 0.1166 | Comm(s) 0.0779 | Reduce(s) 0.0057 | Loss 0.0735
Epoch 02969 | Accuracy 96.62%
Process 000 | Epoch 02989 | Time(s) 0.1166 | Comm(s) 0.0779 | Reduce(s) 0.0057 | Loss 0.0767
Epoch 02979 | Accuracy 96.61%
Process 000 | Epoch 02999 | Time(s) 0.1166 | Comm(s) 0.0779 | Reduce(s) 0.0057 | Loss 0.0722
Epoch 02989 | Accuracy 96.60%
(rank 0) memory stats: current 1186.97MB, peak 3270.94MB, reserved 3836.00MB
Epoch 02999 | Accuracy 96.53%
model saved
Max Validation Accuracy 96.70%
Test Result | Accuracy 97.16%
