/home/zhaoyu/miniconda3/envs/test/lib/python3.11/site-packages/dgl/graphbolt/__init__.py:114: GBWarning: 
An experimental feature for CUDA allocations is turned on for better allocation
pattern resulting in better memory usage for minibatch GNN training workloads.
See https://pytorch.org/docs/stable/notes/cuda.html#optimizing-memory-usage-with-pytorch-cuda-alloc-conf,
and set the environment variable `PYTORCH_CUDA_ALLOC_CONF=expandable_segments:False`
if you want to disable it and set it True to acknowledge and disable the warning.

  gb_warning(WARNING_STR_TO_BE_SHOWN)
Namespace(dataset='reddit', data_path='./dataset/', part_path='./partition/', graph_name='reddit-2-metis-vol-induc', model='graphsage', dropout=0.5, lr=0.01, sampling_rate=0.1, heads=1, n_epochs=3000, n_partitions=2, n_hidden=256, n_layers=4, log_every=10, weight_decay=0, norm='layer', partition_obj='vol', partition_method='metis', n_linear=0, use_pp=True, inductive=True, fix_seed=True, seed=5, backend='gloo', port=18118, master_addr='127.0.0.1', node_rank=0, parts_per_node=10, skip_partition=True, eval=True)
loading partitions
Process 0 has 144839 nodes, 28484466 edges 78250 inner nodes, and 20593238 inner edges.
Process 0 start training
Process 000 | Epoch 00009 | Time(s) 0.0926 | Comm(s) 0.0639 | Reduce(s) 0.0055 | Loss 2.6133
Process 000 | Epoch 00019 | Time(s) 0.0931 | Comm(s) 0.0628 | Reduce(s) 0.0053 | Loss 1.8929
Epoch 00009 | Accuracy 20.48%
Process 000 | Epoch 00029 | Time(s) 0.1013 | Comm(s) 0.0691 | Reduce(s) 0.0054 | Loss 1.0771
Epoch 00019 | Accuracy 39.75%
Process 000 | Epoch 00039 | Time(s) 0.1054 | Comm(s) 0.0710 | Reduce(s) 0.0054 | Loss 0.6319
Epoch 00029 | Accuracy 66.01%
Process 000 | Epoch 00049 | Time(s) 0.1095 | Comm(s) 0.0730 | Reduce(s) 0.0054 | Loss 0.4791
Epoch 00039 | Accuracy 84.34%
Process 000 | Epoch 00059 | Time(s) 0.1108 | Comm(s) 0.0738 | Reduce(s) 0.0054 | Loss 0.4103
Epoch 00049 | Accuracy 90.45%
Process 000 | Epoch 00069 | Time(s) 0.1117 | Comm(s) 0.0742 | Reduce(s) 0.0054 | Loss 0.3708
Epoch 00059 | Accuracy 91.98%
Process 000 | Epoch 00079 | Time(s) 0.1122 | Comm(s) 0.0740 | Reduce(s) 0.0055 | Loss 0.3437
Epoch 00069 | Accuracy 92.98%
Process 000 | Epoch 00089 | Time(s) 0.1128 | Comm(s) 0.0743 | Reduce(s) 0.0055 | Loss 0.3277
Epoch 00079 | Accuracy 93.46%
Process 000 | Epoch 00099 | Time(s) 0.1141 | Comm(s) 0.0753 | Reduce(s) 0.0055 | Loss 0.3073
Epoch 00089 | Accuracy 93.74%
Process 000 | Epoch 00109 | Time(s) 0.1144 | Comm(s) 0.0757 | Reduce(s) 0.0054 | Loss 0.2902
Epoch 00099 | Accuracy 93.88%
Process 000 | Epoch 00119 | Time(s) 0.1142 | Comm(s) 0.0754 | Reduce(s) 0.0054 | Loss 0.2842
Epoch 00109 | Accuracy 94.16%
Process 000 | Epoch 00129 | Time(s) 0.1144 | Comm(s) 0.0755 | Reduce(s) 0.0054 | Loss 0.2709
Epoch 00119 | Accuracy 94.36%
Process 000 | Epoch 00139 | Time(s) 0.1148 | Comm(s) 0.0755 | Reduce(s) 0.0053 | Loss 0.2588
Epoch 00129 | Accuracy 94.52%
Process 000 | Epoch 00149 | Time(s) 0.1149 | Comm(s) 0.0756 | Reduce(s) 0.0054 | Loss 0.2534
Epoch 00139 | Accuracy 94.68%
Process 000 | Epoch 00159 | Time(s) 0.1149 | Comm(s) 0.0756 | Reduce(s) 0.0053 | Loss 0.2453
Epoch 00149 | Accuracy 94.80%
Process 000 | Epoch 00169 | Time(s) 0.1147 | Comm(s) 0.0756 | Reduce(s) 0.0054 | Loss 0.2438
Epoch 00159 | Accuracy 94.94%
Process 000 | Epoch 00179 | Time(s) 0.1144 | Comm(s) 0.0754 | Reduce(s) 0.0053 | Loss 0.2366
Epoch 00169 | Accuracy 95.05%
Process 000 | Epoch 00189 | Time(s) 0.1145 | Comm(s) 0.0756 | Reduce(s) 0.0053 | Loss 0.2231
Epoch 00179 | Accuracy 95.15%
Process 000 | Epoch 00199 | Time(s) 0.1148 | Comm(s) 0.0756 | Reduce(s) 0.0054 | Loss 0.2186
Epoch 00189 | Accuracy 95.19%
Process 000 | Epoch 00209 | Time(s) 0.1146 | Comm(s) 0.0756 | Reduce(s) 0.0054 | Loss 0.2154
Epoch 00199 | Accuracy 95.28%
Process 000 | Epoch 00219 | Time(s) 0.1144 | Comm(s) 0.0754 | Reduce(s) 0.0054 | Loss 0.2113
Epoch 00209 | Accuracy 95.34%
Process 000 | Epoch 00229 | Time(s) 0.1141 | Comm(s) 0.0753 | Reduce(s) 0.0054 | Loss 0.2081
Epoch 00219 | Accuracy 95.43%
Process 000 | Epoch 00239 | Time(s) 0.1144 | Comm(s) 0.0756 | Reduce(s) 0.0055 | Loss 0.2133
Epoch 00229 | Accuracy 95.49%
Process 000 | Epoch 00249 | Time(s) 0.1145 | Comm(s) 0.0756 | Reduce(s) 0.0055 | Loss 0.2571
Epoch 00239 | Accuracy 94.39%
Process 000 | Epoch 00259 | Time(s) 0.1141 | Comm(s) 0.0754 | Reduce(s) 0.0055 | Loss 0.2356
Epoch 00249 | Accuracy 80.82%
Process 000 | Epoch 00269 | Time(s) 0.1140 | Comm(s) 0.0753 | Reduce(s) 0.0054 | Loss 0.2156
Epoch 00259 | Accuracy 83.35%
Process 000 | Epoch 00279 | Time(s) 0.1139 | Comm(s) 0.0753 | Reduce(s) 0.0054 | Loss 0.2078
Epoch 00269 | Accuracy 88.65%
Process 000 | Epoch 00289 | Time(s) 0.1141 | Comm(s) 0.0755 | Reduce(s) 0.0054 | Loss 0.2006
Epoch 00279 | Accuracy 90.02%
Process 000 | Epoch 00299 | Time(s) 0.1139 | Comm(s) 0.0754 | Reduce(s) 0.0054 | Loss 0.1941
Epoch 00289 | Accuracy 90.00%
Process 000 | Epoch 00309 | Time(s) 0.1139 | Comm(s) 0.0755 | Reduce(s) 0.0054 | Loss 0.1908
Epoch 00299 | Accuracy 91.66%
Process 000 | Epoch 00319 | Time(s) 0.1140 | Comm(s) 0.0755 | Reduce(s) 0.0054 | Loss 0.1854
Epoch 00309 | Accuracy 91.04%
Process 000 | Epoch 00329 | Time(s) 0.1140 | Comm(s) 0.0755 | Reduce(s) 0.0054 | Loss 0.1835
Epoch 00319 | Accuracy 91.66%
Process 000 | Epoch 00339 | Time(s) 0.1139 | Comm(s) 0.0756 | Reduce(s) 0.0054 | Loss 0.1770
Epoch 00329 | Accuracy 92.37%
Process 000 | Epoch 00349 | Time(s) 0.1139 | Comm(s) 0.0757 | Reduce(s) 0.0054 | Loss 0.1788
Epoch 00339 | Accuracy 92.20%
Process 000 | Epoch 00359 | Time(s) 0.1139 | Comm(s) 0.0758 | Reduce(s) 0.0054 | Loss 0.1716
Epoch 00349 | Accuracy 92.60%
Process 000 | Epoch 00369 | Time(s) 0.1140 | Comm(s) 0.0759 | Reduce(s) 0.0054 | Loss 0.1703
Epoch 00359 | Accuracy 92.57%
Process 000 | Epoch 00379 | Time(s) 0.1142 | Comm(s) 0.0760 | Reduce(s) 0.0054 | Loss 0.1707
Epoch 00369 | Accuracy 92.87%
Process 000 | Epoch 00389 | Time(s) 0.1141 | Comm(s) 0.0759 | Reduce(s) 0.0054 | Loss 0.1653
Epoch 00379 | Accuracy 92.74%
Process 000 | Epoch 00399 | Time(s) 0.1140 | Comm(s) 0.0759 | Reduce(s) 0.0054 | Loss 0.1645
Epoch 00389 | Accuracy 93.01%
Process 000 | Epoch 00409 | Time(s) 0.1140 | Comm(s) 0.0759 | Reduce(s) 0.0054 | Loss 0.1622
Epoch 00399 | Accuracy 93.37%
Process 000 | Epoch 00419 | Time(s) 0.1140 | Comm(s) 0.0759 | Reduce(s) 0.0054 | Loss 0.1577
Epoch 00409 | Accuracy 92.94%
Process 000 | Epoch 00429 | Time(s) 0.1140 | Comm(s) 0.0758 | Reduce(s) 0.0054 | Loss 0.1557
Epoch 00419 | Accuracy 93.36%
Process 000 | Epoch 00439 | Time(s) 0.1139 | Comm(s) 0.0758 | Reduce(s) 0.0054 | Loss 0.1562
Epoch 00429 | Accuracy 93.36%
Process 000 | Epoch 00449 | Time(s) 0.1138 | Comm(s) 0.0758 | Reduce(s) 0.0055 | Loss 0.1539
Epoch 00439 | Accuracy 93.61%
Process 000 | Epoch 00459 | Time(s) 0.1138 | Comm(s) 0.0758 | Reduce(s) 0.0055 | Loss 0.1528
Epoch 00449 | Accuracy 93.13%
Process 000 | Epoch 00469 | Time(s) 0.1137 | Comm(s) 0.0758 | Reduce(s) 0.0055 | Loss 0.1469
Epoch 00459 | Accuracy 93.59%
Process 000 | Epoch 00479 | Time(s) 0.1136 | Comm(s) 0.0757 | Reduce(s) 0.0055 | Loss 0.1469
Epoch 00469 | Accuracy 93.60%
Process 000 | Epoch 00489 | Time(s) 0.1135 | Comm(s) 0.0756 | Reduce(s) 0.0055 | Loss 0.1446
Epoch 00479 | Accuracy 93.77%
Process 000 | Epoch 00499 | Time(s) 0.1136 | Comm(s) 0.0756 | Reduce(s) 0.0055 | Loss 0.1452
Epoch 00489 | Accuracy 93.75%
Process 000 | Epoch 00509 | Time(s) 0.1135 | Comm(s) 0.0755 | Reduce(s) 0.0055 | Loss 0.1439
Epoch 00499 | Accuracy 93.83%
Process 000 | Epoch 00519 | Time(s) 0.1135 | Comm(s) 0.0756 | Reduce(s) 0.0055 | Loss 0.1412
Epoch 00509 | Accuracy 93.65%
Process 000 | Epoch 00529 | Time(s) 0.1135 | Comm(s) 0.0756 | Reduce(s) 0.0055 | Loss 0.1402
Epoch 00519 | Accuracy 94.04%
Process 000 | Epoch 00539 | Time(s) 0.1136 | Comm(s) 0.0756 | Reduce(s) 0.0055 | Loss 0.1357
Epoch 00529 | Accuracy 93.95%
Process 000 | Epoch 00549 | Time(s) 0.1135 | Comm(s) 0.0756 | Reduce(s) 0.0055 | Loss 0.1366
Epoch 00539 | Accuracy 93.88%
Process 000 | Epoch 00559 | Time(s) 0.1136 | Comm(s) 0.0756 | Reduce(s) 0.0055 | Loss 0.1366
Epoch 00549 | Accuracy 94.08%
Process 000 | Epoch 00569 | Time(s) 0.1136 | Comm(s) 0.0756 | Reduce(s) 0.0055 | Loss 0.1367
Epoch 00559 | Accuracy 93.86%
Process 000 | Epoch 00579 | Time(s) 0.1138 | Comm(s) 0.0757 | Reduce(s) 0.0055 | Loss 0.1341
Epoch 00569 | Accuracy 93.91%
Process 000 | Epoch 00589 | Time(s) 0.1137 | Comm(s) 0.0757 | Reduce(s) 0.0055 | Loss 0.1345
Epoch 00579 | Accuracy 94.07%
Process 000 | Epoch 00599 | Time(s) 0.1136 | Comm(s) 0.0756 | Reduce(s) 0.0056 | Loss 0.1314
Epoch 00589 | Accuracy 94.17%
Process 000 | Epoch 00609 | Time(s) 0.1137 | Comm(s) 0.0757 | Reduce(s) 0.0056 | Loss 0.1320
Epoch 00599 | Accuracy 94.23%
Process 000 | Epoch 00619 | Time(s) 0.1137 | Comm(s) 0.0757 | Reduce(s) 0.0056 | Loss 0.1302
Epoch 00609 | Accuracy 94.25%
Process 000 | Epoch 00629 | Time(s) 0.1137 | Comm(s) 0.0756 | Reduce(s) 0.0056 | Loss 0.1326
Epoch 00619 | Accuracy 94.15%
Process 000 | Epoch 00639 | Time(s) 0.1137 | Comm(s) 0.0756 | Reduce(s) 0.0056 | Loss 0.1281
Epoch 00629 | Accuracy 94.11%
Process 000 | Epoch 00649 | Time(s) 0.1137 | Comm(s) 0.0756 | Reduce(s) 0.0056 | Loss 0.1280
Epoch 00639 | Accuracy 94.17%
Process 000 | Epoch 00659 | Time(s) 0.1138 | Comm(s) 0.0757 | Reduce(s) 0.0056 | Loss 0.1273
Epoch 00649 | Accuracy 94.01%loading partitions
Process 1 has 108813 nodes, 31844953 edges 75181 inner nodes, and 23953725 inner edges.
Process 1 start training
Process 001 | Epoch 00009 | Time(s) 0.0925 | Comm(s) 0.0637 | Reduce(s) 0.0054 | Loss 4.2353
Process 001 | Epoch 00019 | Time(s) 0.0942 | Comm(s) 0.0631 | Reduce(s) 0.0057 | Loss 2.8181
Process 001 | Epoch 00029 | Time(s) 0.2059 | Comm(s) 0.0689 | Reduce(s) 0.0055 | Loss 1.8298
Process 001 | Epoch 00039 | Time(s) 0.1942 | Comm(s) 0.0719 | Reduce(s) 0.0056 | Loss 1.0540
Process 001 | Epoch 00049 | Time(s) 0.1903 | Comm(s) 0.0746 | Reduce(s) 0.0055 | Loss 0.6363
Process 001 | Epoch 00059 | Time(s) 0.1852 | Comm(s) 0.0754 | Reduce(s) 0.0054 | Loss 0.4874
Process 001 | Epoch 00069 | Time(s) 0.1841 | Comm(s) 0.0759 | Reduce(s) 0.0055 | Loss 0.4184
Process 001 | Epoch 00079 | Time(s) 0.1806 | Comm(s) 0.0764 | Reduce(s) 0.0055 | Loss 0.3794
Process 001 | Epoch 00089 | Time(s) 0.1794 | Comm(s) 0.0769 | Reduce(s) 0.0053 | Loss 0.3539
Process 001 | Epoch 00099 | Time(s) 0.1787 | Comm(s) 0.0777 | Reduce(s) 0.0053 | Loss 0.3292
Process 001 | Epoch 00109 | Time(s) 0.1768 | Comm(s) 0.0782 | Reduce(s) 0.0054 | Loss 0.3129
Process 001 | Epoch 00119 | Time(s) 0.1761 | Comm(s) 0.0780 | Reduce(s) 0.0054 | Loss 0.3005
Process 001 | Epoch 00129 | Time(s) 0.1764 | Comm(s) 0.0781 | Reduce(s) 0.0055 | Loss 0.2923
Process 001 | Epoch 00139 | Time(s) 0.1765 | Comm(s) 0.0783 | Reduce(s) 0.0056 | Loss 0.2779
Process 001 | Epoch 00149 | Time(s) 0.1756 | Comm(s) 0.0783 | Reduce(s) 0.0057 | Loss 0.2660
Process 001 | Epoch 00159 | Time(s) 0.1752 | Comm(s) 0.0785 | Reduce(s) 0.0057 | Loss 0.2639
Process 001 | Epoch 00169 | Time(s) 0.1745 | Comm(s) 0.0783 | Reduce(s) 0.0057 | Loss 0.2573
Process 001 | Epoch 00179 | Time(s) 0.1741 | Comm(s) 0.0780 | Reduce(s) 0.0056 | Loss 0.2437
Process 001 | Epoch 00189 | Time(s) 0.1740 | Comm(s) 0.0780 | Reduce(s) 0.0056 | Loss 0.2384
Process 001 | Epoch 00199 | Time(s) 0.1738 | Comm(s) 0.0782 | Reduce(s) 0.0057 | Loss 0.2315
Process 001 | Epoch 00209 | Time(s) 0.1732 | Comm(s) 0.0781 | Reduce(s) 0.0057 | Loss 0.2291
Process 001 | Epoch 00219 | Time(s) 0.1731 | Comm(s) 0.0779 | Reduce(s) 0.0057 | Loss 0.2251
Process 001 | Epoch 00229 | Time(s) 0.1727 | Comm(s) 0.0777 | Reduce(s) 0.0057 | Loss 0.2191
Process 001 | Epoch 00239 | Time(s) 0.1729 | Comm(s) 0.0779 | Reduce(s) 0.0057 | Loss 0.2165
Process 001 | Epoch 00249 | Time(s) 0.1724 | Comm(s) 0.0779 | Reduce(s) 0.0057 | Loss 0.2529
Process 001 | Epoch 00259 | Time(s) 0.1722 | Comm(s) 0.0777 | Reduce(s) 0.0057 | Loss 0.2343
Process 001 | Epoch 00269 | Time(s) 0.1723 | Comm(s) 0.0776 | Reduce(s) 0.0057 | Loss 0.2266
Process 001 | Epoch 00279 | Time(s) 0.1723 | Comm(s) 0.0775 | Reduce(s) 0.0056 | Loss 0.2185
Process 001 | Epoch 00289 | Time(s) 0.1725 | Comm(s) 0.0778 | Reduce(s) 0.0056 | Loss 0.2049
Process 001 | Epoch 00299 | Time(s) 0.1724 | Comm(s) 0.0777 | Reduce(s) 0.0056 | Loss 0.2026
Process 001 | Epoch 00309 | Time(s) 0.1724 | Comm(s) 0.0777 | Reduce(s) 0.0057 | Loss 0.1960
Process 001 | Epoch 00319 | Time(s) 0.1725 | Comm(s) 0.0778 | Reduce(s) 0.0056 | Loss 0.1909
Process 001 | Epoch 00329 | Time(s) 0.1722 | Comm(s) 0.0779 | Reduce(s) 0.0056 | Loss 0.1849
Process 001 | Epoch 00339 | Time(s) 0.1724 | Comm(s) 0.0779 | Reduce(s) 0.0057 | Loss 0.1887
Process 001 | Epoch 00349 | Time(s) 0.1722 | Comm(s) 0.0778 | Reduce(s) 0.0056 | Loss 0.1841
Process 001 | Epoch 00359 | Time(s) 0.1721 | Comm(s) 0.0778 | Reduce(s) 0.0056 | Loss 0.1796
Process 001 | Epoch 00369 | Time(s) 0.1720 | Comm(s) 0.0779 | Reduce(s) 0.0056 | Loss 0.1750
Process 001 | Epoch 00379 | Time(s) 0.1719 | Comm(s) 0.0781 | Reduce(s) 0.0057 | Loss 0.1734
Process 001 | Epoch 00389 | Time(s) 0.1718 | Comm(s) 0.0780 | Reduce(s) 0.0057 | Loss 0.1741
Process 001 | Epoch 00399 | Time(s) 0.1717 | Comm(s) 0.0779 | Reduce(s) 0.0057 | Loss 0.1686
Process 001 | Epoch 00409 | Time(s) 0.1717 | Comm(s) 0.0779 | Reduce(s) 0.0057 | Loss 0.1717
Process 001 | Epoch 00419 | Time(s) 0.1720 | Comm(s) 0.0779 | Reduce(s) 0.0057 | Loss 0.1642
Process 001 | Epoch 00429 | Time(s) 0.1718 | Comm(s) 0.0779 | Reduce(s) 0.0057 | Loss 0.1620
Process 001 | Epoch 00439 | Time(s) 0.1718 | Comm(s) 0.0778 | Reduce(s) 0.0057 | Loss 0.1592
Process 001 | Epoch 00449 | Time(s) 0.1716 | Comm(s) 0.0778 | Reduce(s) 0.0057 | Loss 0.1610
Process 001 | Epoch 00459 | Time(s) 0.1716 | Comm(s) 0.0777 | Reduce(s) 0.0057 | Loss 0.1555
Process 001 | Epoch 00469 | Time(s) 0.1718 | Comm(s) 0.0777 | Reduce(s) 0.0057 | Loss 0.1557
Process 001 | Epoch 00479 | Time(s) 0.1717 | Comm(s) 0.0776 | Reduce(s) 0.0057 | Loss 0.1528
Process 001 | Epoch 00489 | Time(s) 0.1716 | Comm(s) 0.0775 | Reduce(s) 0.0057 | Loss 0.1546
Process 001 | Epoch 00499 | Time(s) 0.1717 | Comm(s) 0.0776 | Reduce(s) 0.0057 | Loss 0.1542
Process 001 | Epoch 00509 | Time(s) 0.1717 | Comm(s) 0.0776 | Reduce(s) 0.0057 | Loss 0.1513
Process 001 | Epoch 00519 | Time(s) 0.1718 | Comm(s) 0.0776 | Reduce(s) 0.0057 | Loss 0.1495
Process 001 | Epoch 00529 | Time(s) 0.1716 | Comm(s) 0.0776 | Reduce(s) 0.0057 | Loss 0.1476
Process 001 | Epoch 00539 | Time(s) 0.1717 | Comm(s) 0.0776 | Reduce(s) 0.0057 | Loss 0.1455
Process 001 | Epoch 00549 | Time(s) 0.1717 | Comm(s) 0.0776 | Reduce(s) 0.0057 | Loss 0.1481
Process 001 | Epoch 00559 | Time(s) 0.1718 | Comm(s) 0.0776 | Reduce(s) 0.0058 | Loss 0.1469
Process 001 | Epoch 00569 | Time(s) 0.1718 | Comm(s) 0.0776 | Reduce(s) 0.0058 | Loss 0.1416
Process 001 | Epoch 00579 | Time(s) 0.1720 | Comm(s) 0.0777 | Reduce(s) 0.0058 | Loss 0.1410
Process 001 | Epoch 00589 | Time(s) 0.1718 | Comm(s) 0.0777 | Reduce(s) 0.0058 | Loss 0.1405
Process 001 | Epoch 00599 | Time(s) 0.1719 | Comm(s) 0.0776 | Reduce(s) 0.0058 | Loss 0.1387
Process 001 | Epoch 00609 | Time(s) 0.1721 | Comm(s) 0.0777 | Reduce(s) 0.0058 | Loss 0.1402
Process 001 | Epoch 00619 | Time(s) 0.1720 | Comm(s) 0.0777 | Reduce(s) 0.0058 | Loss 0.1416
Process 001 | Epoch 00629 | Time(s) 0.1720 | Comm(s) 0.0777 | Reduce(s) 0.0058 | Loss 0.1403
Process 001 | Epoch 00639 | Time(s) 0.1719 | Comm(s) 0.0776 | Reduce(s) 0.0058 | Loss 0.1390
Process 001 | Epoch 00649 | Time(s) 0.1719 | Comm(s) 0.0777 | Reduce(s) 0.0058 | Loss 0.1389
Process 001 | Epoch 00659 | Time(s) 0.1720 | Comm(s) 0.0777 | Reduce(s) 0.0058 | Loss 0.1348
Process 001 | Epoch 00669 | Time(s) 0.1719 | Comm(s) 0.0777 | Reduce(s) 0.0058 | Loss 0.1343
Process 001 | Epoch 00679 | Time(s) 0.1719 | Comm(s) 0.0778 | Reduce(s) 0.0058 | Loss 0.1322
Process 001 | Epoch 00689 | Time(s) 0.1720 | Comm(s) 0.0778 | Reduce(s) 0.0058 | Loss 0.1326
Process 001 | Epoch 00699 | Time(s) 0.1720 | Comm(s) 0.0779 | Reduce(s) 0.0058 | Loss 0.1311
Process 001 | Epoch 00709 | Time(s) 0.1720 | Comm(s) 0.0778 | Reduce(s) 0.0058 | Loss 0.1312
Process 001 | Epoch 00719 | Time(s) 0.1720 | Comm(s) 0.0778 | Reduce(s) 0.0058 | Loss 0.1318
Process 001 | Epoch 00729 | Time(s) 0.1721 | Comm(s) 0.0779 | Reduce(s) 0.0058 | Loss 0.1299
Process 001 | Epoch 00739 | Time(s) 0.1721 | Comm(s) 0.0779 | Reduce(s) 0.0058 | Loss 0.1333
Process 001 | Epoch 00749 | Time(s) 0.1722 | Comm(s) 0.0779 | Reduce(s) 0.0058 | Loss 0.1323
Process 001 | Epoch 00759 | Time(s) 0.1723 | Comm(s) 0.0779 | Reduce(s) 0.0058 | Loss 0.1292
Process 001 | Epoch 00769 | Time(s) 0.1723 | Comm(s) 0.0778 | Reduce(s) 0.0058 | Loss 0.1268
Process 001 | Epoch 00779 | Time(s) 0.1723 | Comm(s) 0.0778 | Reduce(s) 0.0058 | Loss 0.1258
Process 001 | Epoch 00789 | Time(s) 0.1722 | Comm(s) 0.0778 | Reduce(s) 0.0058 | Loss 0.1282
Process 001 | Epoch 00799 | Time(s) 0.1723 | Comm(s) 0.0778 | Reduce(s) 0.0058 | Loss 0.1235
Process 001 | Epoch 00809 | Time(s) 0.1723 | Comm(s) 0.0777 | Reduce(s) 0.0058 | Loss 0.1249
Process 001 | Epoch 00819 | Time(s) 0.1723 | Comm(s) 0.0777 | Reduce(s) 0.0058 | Loss 0.1248
Process 001 | Epoch 00829 | Time(s) 0.1723 | Comm(s) 0.0777 | Reduce(s) 0.0058 | Loss 0.1229
Process 001 | Epoch 00839 | Time(s) 0.1724 | Comm(s) 0.0777 | Reduce(s) 0.0058 | Loss 0.1229
Process 001 | Epoch 00849 | Time(s) 0.1723 | Comm(s) 0.0777 | Reduce(s) 0.0058 | Loss 0.1210
Process 001 | Epoch 00859 | Time(s) 0.1724 | Comm(s) 0.0777 | Reduce(s) 0.0059 | Loss 0.1235
Process 001 | Epoch 00869 | Time(s) 0.1724 | Comm(s) 0.0777 | Reduce(s) 0.0058 | Loss 0.1237
Process 000 | Epoch 00669 | Time(s) 0.1138 | Comm(s) 0.0757 | Reduce(s) 0.0056 | Loss 0.1273
Epoch 00659 | Accuracy 94.24%
Process 000 | Epoch 00679 | Time(s) 0.1138 | Comm(s) 0.0757 | Reduce(s) 0.0056 | Loss 0.1262
Epoch 00669 | Accuracy 94.31%
Process 000 | Epoch 00689 | Time(s) 0.1139 | Comm(s) 0.0758 | Reduce(s) 0.0056 | Loss 0.1240
Epoch 00679 | Accuracy 94.13%
Process 000 | Epoch 00699 | Time(s) 0.1140 | Comm(s) 0.0759 | Reduce(s) 0.0056 | Loss 0.1245
Epoch 00689 | Accuracy 94.11%
Process 000 | Epoch 00709 | Time(s) 0.1139 | Comm(s) 0.0758 | Reduce(s) 0.0056 | Loss 0.1213
Epoch 00699 | Accuracy 94.12%
Process 000 | Epoch 00719 | Time(s) 0.1139 | Comm(s) 0.0758 | Reduce(s) 0.0056 | Loss 0.1216
Epoch 00709 | Accuracy 94.05%
Process 000 | Epoch 00729 | Time(s) 0.1140 | Comm(s) 0.0759 | Reduce(s) 0.0056 | Loss 0.1242
Epoch 00719 | Accuracy 94.24%
Process 000 | Epoch 00739 | Time(s) 0.1140 | Comm(s) 0.0759 | Reduce(s) 0.0056 | Loss 0.1224
Epoch 00729 | Accuracy 94.07%
Process 000 | Epoch 00749 | Time(s) 0.1140 | Comm(s) 0.0758 | Reduce(s) 0.0056 | Loss 0.1197
Epoch 00739 | Accuracy 94.18%
Process 000 | Epoch 00759 | Time(s) 0.1140 | Comm(s) 0.0759 | Reduce(s) 0.0056 | Loss 0.1188
Epoch 00749 | Accuracy 94.13%
Process 000 | Epoch 00769 | Time(s) 0.1140 | Comm(s) 0.0758 | Reduce(s) 0.0056 | Loss 0.1189
Epoch 00759 | Accuracy 94.16%
Process 000 | Epoch 00779 | Time(s) 0.1140 | Comm(s) 0.0758 | Reduce(s) 0.0056 | Loss 0.1157
Epoch 00769 | Accuracy 94.26%
Process 000 | Epoch 00789 | Time(s) 0.1139 | Comm(s) 0.0758 | Reduce(s) 0.0056 | Loss 0.1195
Epoch 00779 | Accuracy 94.21%
Process 000 | Epoch 00799 | Time(s) 0.1139 | Comm(s) 0.0758 | Reduce(s) 0.0056 | Loss 0.1146
Epoch 00789 | Accuracy 94.13%
Process 000 | Epoch 00809 | Time(s) 0.1139 | Comm(s) 0.0757 | Reduce(s) 0.0056 | Loss 0.1175
Epoch 00799 | Accuracy 94.10%
Process 000 | Epoch 00819 | Time(s) 0.1139 | Comm(s) 0.0757 | Reduce(s) 0.0056 | Loss 0.1153
Epoch 00809 | Accuracy 94.21%
Process 000 | Epoch 00829 | Time(s) 0.1139 | Comm(s) 0.0757 | Reduce(s) 0.0056 | Loss 0.1138
Epoch 00819 | Accuracy 94.11%
Process 000 | Epoch 00839 | Time(s) 0.1139 | Comm(s) 0.0757 | Reduce(s) 0.0056 | Loss 0.1166
Epoch 00829 | Accuracy 94.28%
Process 000 | Epoch 00849 | Time(s) 0.1138 | Comm(s) 0.0757 | Reduce(s) 0.0056 | Loss 0.1161
Epoch 00839 | Accuracy 94.23%
Process 000 | Epoch 00859 | Time(s) 0.1138 | Comm(s) 0.0757 | Reduce(s) 0.0057 | Loss 0.1121
Epoch 00849 | Accuracy 94.22%
Process 000 | Epoch 00869 | Time(s) 0.1139 | Comm(s) 0.0758 | Reduce(s) 0.0057 | Loss 0.1139
Epoch 00859 | Accuracy 94.15%
Process 000 | Epoch 00879 | Time(s) 0.1139 | Comm(s) 0.0758 | Reduce(s) 0.0057 | Loss 0.1134
Epoch 00869 | Accuracy 94.26%
Process 000 | Epoch 00889 | Time(s) 0.1139 | Comm(s) 0.0758 | Reduce(s) 0.0056 | Loss 0.1151
Epoch 00879 | Accuracy 94.12%
Process 000 | Epoch 00899 | Time(s) 0.1139 | Comm(s) 0.0758 | Reduce(s) 0.0057 | Loss 0.1149
Epoch 00889 | Accuracy 94.17%
Process 000 | Epoch 00909 | Time(s) 0.1139 | Comm(s) 0.0759 | Reduce(s) 0.0056 | Loss 0.1076
Epoch 00899 | Accuracy 94.10%
Process 000 | Epoch 00919 | Time(s) 0.1139 | Comm(s) 0.0758 | Reduce(s) 0.0056 | Loss 0.1142
Epoch 00909 | Accuracy 94.19%
Process 000 | Epoch 00929 | Time(s) 0.1139 | Comm(s) 0.0758 | Reduce(s) 0.0056 | Loss 0.1108
Epoch 00919 | Accuracy 94.13%
Process 000 | Epoch 00939 | Time(s) 0.1139 | Comm(s) 0.0758 | Reduce(s) 0.0056 | Loss 0.1094
Epoch 00929 | Accuracy 94.17%
Process 000 | Epoch 00949 | Time(s) 0.1138 | Comm(s) 0.0757 | Reduce(s) 0.0056 | Loss 0.1095
Epoch 00939 | Accuracy 94.24%
Process 000 | Epoch 00959 | Time(s) 0.1139 | Comm(s) 0.0757 | Reduce(s) 0.0057 | Loss 0.1062
Epoch 00949 | Accuracy 94.11%
Process 000 | Epoch 00969 | Time(s) 0.1138 | Comm(s) 0.0757 | Reduce(s) 0.0057 | Loss 0.1087
Epoch 00959 | Accuracy 94.34%
Process 000 | Epoch 00979 | Time(s) 0.1138 | Comm(s) 0.0757 | Reduce(s) 0.0056 | Loss 0.1104
Epoch 00969 | Accuracy 94.31%
Process 000 | Epoch 00989 | Time(s) 0.1137 | Comm(s) 0.0756 | Reduce(s) 0.0056 | Loss 0.1073
Epoch 00979 | Accuracy 94.06%
Process 000 | Epoch 00999 | Time(s) 0.1137 | Comm(s) 0.0756 | Reduce(s) 0.0056 | Loss 0.1084
Epoch 00989 | Accuracy 94.06%
Process 000 | Epoch 01009 | Time(s) 0.1138 | Comm(s) 0.0757 | Reduce(s) 0.0056 | Loss 0.1103
Epoch 00999 | Accuracy 94.00%
Process 000 | Epoch 01019 | Time(s) 0.1138 | Comm(s) 0.0757 | Reduce(s) 0.0057 | Loss 0.1063
Epoch 01009 | Accuracy 94.06%
Process 000 | Epoch 01029 | Time(s) 0.1138 | Comm(s) 0.0757 | Reduce(s) 0.0057 | Loss 0.1087
Epoch 01019 | Accuracy 94.19%
Process 000 | Epoch 01039 | Time(s) 0.1138 | Comm(s) 0.0757 | Reduce(s) 0.0057 | Loss 0.1074
Epoch 01029 | Accuracy 94.15%
Process 000 | Epoch 01049 | Time(s) 0.1138 | Comm(s) 0.0757 | Reduce(s) 0.0057 | Loss 0.1081
Epoch 01039 | Accuracy 94.18%
Process 000 | Epoch 01059 | Time(s) 0.1138 | Comm(s) 0.0756 | Reduce(s) 0.0056 | Loss 0.1056
Epoch 01049 | Accuracy 94.29%
Process 000 | Epoch 01069 | Time(s) 0.1138 | Comm(s) 0.0756 | Reduce(s) 0.0056 | Loss 0.1057
Epoch 01059 | Accuracy 94.27%
Process 000 | Epoch 01079 | Time(s) 0.1138 | Comm(s) 0.0756 | Reduce(s) 0.0057 | Loss 0.1059
Epoch 01069 | Accuracy 94.14%
Process 000 | Epoch 01089 | Time(s) 0.1139 | Comm(s) 0.0757 | Reduce(s) 0.0056 | Loss 0.1085
Epoch 01079 | Accuracy 94.13%
Process 000 | Epoch 01099 | Time(s) 0.1138 | Comm(s) 0.0756 | Reduce(s) 0.0056 | Loss 0.1025
Epoch 01089 | Accuracy 94.26%
Process 000 | Epoch 01109 | Time(s) 0.1138 | Comm(s) 0.0756 | Reduce(s) 0.0056 | Loss 0.1013
Epoch 01099 | Accuracy 94.38%
Process 000 | Epoch 01119 | Time(s) 0.1138 | Comm(s) 0.0756 | Reduce(s) 0.0056 | Loss 0.1047
Epoch 01109 | Accuracy 94.34%
Process 000 | Epoch 01129 | Time(s) 0.1138 | Comm(s) 0.0756 | Reduce(s) 0.0056 | Loss 0.1029
Epoch 01119 | Accuracy 94.29%
Process 000 | Epoch 01139 | Time(s) 0.1138 | Comm(s) 0.0756 | Reduce(s) 0.0056 | Loss 0.1038
Epoch 01129 | Accuracy 94.13%
Process 000 | Epoch 01149 | Time(s) 0.1138 | Comm(s) 0.0757 | Reduce(s) 0.0056 | Loss 0.1038
Epoch 01139 | Accuracy 94.23%
Process 000 | Epoch 01159 | Time(s) 0.1139 | Comm(s) 0.0757 | Reduce(s) 0.0056 | Loss 0.1023
Epoch 01149 | Accuracy 94.31%
Process 000 | Epoch 01169 | Time(s) 0.1138 | Comm(s) 0.0757 | Reduce(s) 0.0056 | Loss 0.1020
Epoch 01159 | Accuracy 94.21%
Process 000 | Epoch 01179 | Time(s) 0.1138 | Comm(s) 0.0757 | Reduce(s) 0.0056 | Loss 0.1034
Epoch 01169 | Accuracy 94.34%
Process 000 | Epoch 01189 | Time(s) 0.1138 | Comm(s) 0.0757 | Reduce(s) 0.0056 | Loss 0.1025
Epoch 01179 | Accuracy 94.41%
Process 000 | Epoch 01199 | Time(s) 0.1138 | Comm(s) 0.0757 | Reduce(s) 0.0056 | Loss 0.1024
Epoch 01189 | Accuracy 94.31%
Process 000 | Epoch 01209 | Time(s) 0.1138 | Comm(s) 0.0757 | Reduce(s) 0.0056 | Loss 0.1028
Epoch 01199 | Accuracy 94.32%
Process 000 | Epoch 01219 | Time(s) 0.1137 | Comm(s) 0.0757 | Reduce(s) 0.0056 | Loss 0.0996
Epoch 01209 | Accuracy 94.33%
Process 000 | Epoch 01229 | Time(s) 0.1138 | Comm(s) 0.0757 | Reduce(s) 0.0056 | Loss 0.1014
Epoch 01219 | Accuracy 94.20%
Process 000 | Epoch 01239 | Time(s) 0.1138 | Comm(s) 0.0757 | Reduce(s) 0.0056 | Loss 0.1010
Epoch 01229 | Accuracy 94.29%
Process 000 | Epoch 01249 | Time(s) 0.1138 | Comm(s) 0.0757 | Reduce(s) 0.0056 | Loss 0.0996
Epoch 01239 | Accuracy 94.39%
Process 000 | Epoch 01259 | Time(s) 0.1138 | Comm(s) 0.0757 | Reduce(s) 0.0056 | Loss 0.0967
Epoch 01249 | Accuracy 94.29%
Process 000 | Epoch 01269 | Time(s) 0.1138 | Comm(s) 0.0757 | Reduce(s) 0.0056 | Loss 0.1002
Epoch 01259 | Accuracy 93.99%
Process 000 | Epoch 01279 | Time(s) 0.1138 | Comm(s) 0.0757 | Reduce(s) 0.0056 | Loss 0.0993
Epoch 01269 | Accuracy 94.41%
Process 000 | Epoch 01289 | Time(s) 0.1138 | Comm(s) 0.0757 | Reduce(s) 0.0056 | Loss 0.0989
Epoch 01279 | Accuracy 94.33%
Process 000 | Epoch 01299 | Time(s) 0.1138 | Comm(s) 0.0757 | Reduce(s) 0.0056 | Loss 0.0981
Epoch 01289 | Accuracy 94.23%
Process 000 | Epoch 01309 | Time(s) 0.1138 | Comm(s) 0.0758 | Reduce(s) 0.0056 | Loss 0.0996
Epoch 01299 | Accuracy 94.42%
Process 000 | Epoch 01319 | Time(s) 0.1138 | Comm(s) 0.0758 | Reduce(s) 0.0056 | Loss 0.1005
Epoch 01309 | Accuracy 94.43%
Process 000 | Epoch 01329 | Time(s) 0.1138 | Comm(s) 0.0758 | Reduce(s) 0.0056 | Loss 0.0970
Process 001 | Epoch 00879 | Time(s) 0.1725 | Comm(s) 0.0777 | Reduce(s) 0.0058 | Loss 0.1249
Process 001 | Epoch 00889 | Time(s) 0.1725 | Comm(s) 0.0778 | Reduce(s) 0.0058 | Loss 0.1235
Process 001 | Epoch 00899 | Time(s) 0.1725 | Comm(s) 0.0778 | Reduce(s) 0.0058 | Loss 0.1188
Process 001 | Epoch 00909 | Time(s) 0.1725 | Comm(s) 0.0778 | Reduce(s) 0.0058 | Loss 0.1203
Process 001 | Epoch 00919 | Time(s) 0.1724 | Comm(s) 0.0778 | Reduce(s) 0.0058 | Loss 0.1212
Process 001 | Epoch 00929 | Time(s) 0.1724 | Comm(s) 0.0777 | Reduce(s) 0.0058 | Loss 0.1196
Process 001 | Epoch 00939 | Time(s) 0.1725 | Comm(s) 0.0777 | Reduce(s) 0.0058 | Loss 0.1200
Process 001 | Epoch 00949 | Time(s) 0.1726 | Comm(s) 0.0777 | Reduce(s) 0.0058 | Loss 0.1169
Process 001 | Epoch 00959 | Time(s) 0.1726 | Comm(s) 0.0777 | Reduce(s) 0.0058 | Loss 0.1172
Process 001 | Epoch 00969 | Time(s) 0.1725 | Comm(s) 0.0776 | Reduce(s) 0.0058 | Loss 0.1181
Process 001 | Epoch 00979 | Time(s) 0.1724 | Comm(s) 0.0776 | Reduce(s) 0.0058 | Loss 0.1184
Process 001 | Epoch 00989 | Time(s) 0.1723 | Comm(s) 0.0775 | Reduce(s) 0.0058 | Loss 0.1146
Process 001 | Epoch 00999 | Time(s) 0.1723 | Comm(s) 0.0776 | Reduce(s) 0.0058 | Loss 0.1153
Process 001 | Epoch 01009 | Time(s) 0.1724 | Comm(s) 0.0776 | Reduce(s) 0.0058 | Loss 0.1169
Process 001 | Epoch 01019 | Time(s) 0.1723 | Comm(s) 0.0776 | Reduce(s) 0.0058 | Loss 0.1143
Process 001 | Epoch 01029 | Time(s) 0.1722 | Comm(s) 0.0776 | Reduce(s) 0.0059 | Loss 0.1141
Process 001 | Epoch 01039 | Time(s) 0.1722 | Comm(s) 0.0776 | Reduce(s) 0.0058 | Loss 0.1149
Process 001 | Epoch 01049 | Time(s) 0.1723 | Comm(s) 0.0776 | Reduce(s) 0.0059 | Loss 0.1154
Process 001 | Epoch 01059 | Time(s) 0.1722 | Comm(s) 0.0776 | Reduce(s) 0.0058 | Loss 0.1120
Process 001 | Epoch 01069 | Time(s) 0.1722 | Comm(s) 0.0775 | Reduce(s) 0.0058 | Loss 0.1145
Process 001 | Epoch 01079 | Time(s) 0.1722 | Comm(s) 0.0775 | Reduce(s) 0.0059 | Loss 0.1163
Process 001 | Epoch 01089 | Time(s) 0.1723 | Comm(s) 0.0776 | Reduce(s) 0.0059 | Loss 0.1138
Process 001 | Epoch 01099 | Time(s) 0.1721 | Comm(s) 0.0775 | Reduce(s) 0.0059 | Loss 0.1134
Process 001 | Epoch 01109 | Time(s) 0.1722 | Comm(s) 0.0775 | Reduce(s) 0.0058 | Loss 0.1137
Process 001 | Epoch 01119 | Time(s) 0.1723 | Comm(s) 0.0775 | Reduce(s) 0.0058 | Loss 0.1107
Process 001 | Epoch 01129 | Time(s) 0.1723 | Comm(s) 0.0775 | Reduce(s) 0.0058 | Loss 0.1093
Process 001 | Epoch 01139 | Time(s) 0.1723 | Comm(s) 0.0775 | Reduce(s) 0.0058 | Loss 0.1145
Process 001 | Epoch 01149 | Time(s) 0.1724 | Comm(s) 0.0775 | Reduce(s) 0.0058 | Loss 0.1105
Process 001 | Epoch 01159 | Time(s) 0.1724 | Comm(s) 0.0775 | Reduce(s) 0.0058 | Loss 0.1103
Process 001 | Epoch 01169 | Time(s) 0.1723 | Comm(s) 0.0775 | Reduce(s) 0.0058 | Loss 0.1083
Process 001 | Epoch 01179 | Time(s) 0.1724 | Comm(s) 0.0775 | Reduce(s) 0.0058 | Loss 0.1067
Process 001 | Epoch 01189 | Time(s) 0.1724 | Comm(s) 0.0775 | Reduce(s) 0.0058 | Loss 0.1110
Process 001 | Epoch 01199 | Time(s) 0.1725 | Comm(s) 0.0775 | Reduce(s) 0.0058 | Loss 0.1074
Process 001 | Epoch 01209 | Time(s) 0.1725 | Comm(s) 0.0775 | Reduce(s) 0.0058 | Loss 0.1089
Process 001 | Epoch 01219 | Time(s) 0.1724 | Comm(s) 0.0775 | Reduce(s) 0.0058 | Loss 0.1034
Process 001 | Epoch 01229 | Time(s) 0.1726 | Comm(s) 0.0776 | Reduce(s) 0.0058 | Loss 0.1085
Process 001 | Epoch 01239 | Time(s) 0.1725 | Comm(s) 0.0775 | Reduce(s) 0.0058 | Loss 0.1097
Process 001 | Epoch 01249 | Time(s) 0.1725 | Comm(s) 0.0775 | Reduce(s) 0.0058 | Loss 0.1061
Process 001 | Epoch 01259 | Time(s) 0.1725 | Comm(s) 0.0775 | Reduce(s) 0.0058 | Loss 0.1077
Process 001 | Epoch 01269 | Time(s) 0.1726 | Comm(s) 0.0776 | Reduce(s) 0.0058 | Loss 0.1078
Process 001 | Epoch 01279 | Time(s) 0.1725 | Comm(s) 0.0776 | Reduce(s) 0.0058 | Loss 0.1094
Process 001 | Epoch 01289 | Time(s) 0.1725 | Comm(s) 0.0776 | Reduce(s) 0.0058 | Loss 0.1082
Process 001 | Epoch 01299 | Time(s) 0.1724 | Comm(s) 0.0776 | Reduce(s) 0.0058 | Loss 0.1041
Process 001 | Epoch 01309 | Time(s) 0.1725 | Comm(s) 0.0776 | Reduce(s) 0.0058 | Loss 0.1048
Process 001 | Epoch 01319 | Time(s) 0.1725 | Comm(s) 0.0776 | Reduce(s) 0.0058 | Loss 0.1069
Process 001 | Epoch 01329 | Time(s) 0.1726 | Comm(s) 0.0776 | Reduce(s) 0.0058 | Loss 0.1078
Process 001 | Epoch 01339 | Time(s) 0.1725 | Comm(s) 0.0776 | Reduce(s) 0.0058 | Loss 0.1040
Process 001 | Epoch 01349 | Time(s) 0.1726 | Comm(s) 0.0777 | Reduce(s) 0.0058 | Loss 0.1046
Process 001 | Epoch 01359 | Time(s) 0.1725 | Comm(s) 0.0776 | Reduce(s) 0.0058 | Loss 0.1063
Process 001 | Epoch 01369 | Time(s) 0.1726 | Comm(s) 0.0777 | Reduce(s) 0.0058 | Loss 0.1053
Process 001 | Epoch 01379 | Time(s) 0.1726 | Comm(s) 0.0777 | Reduce(s) 0.0058 | Loss 0.1041
Process 001 | Epoch 01389 | Time(s) 0.1727 | Comm(s) 0.0777 | Reduce(s) 0.0058 | Loss 0.1065
Process 001 | Epoch 01399 | Time(s) 0.1727 | Comm(s) 0.0777 | Reduce(s) 0.0058 | Loss 0.1037
Process 001 | Epoch 01409 | Time(s) 0.1728 | Comm(s) 0.0777 | Reduce(s) 0.0058 | Loss 0.1029
Process 001 | Epoch 01419 | Time(s) 0.1728 | Comm(s) 0.0777 | Reduce(s) 0.0058 | Loss 0.1047
Process 001 | Epoch 01429 | Time(s) 0.1729 | Comm(s) 0.0777 | Reduce(s) 0.0058 | Loss 0.1049
Process 001 | Epoch 01439 | Time(s) 0.1729 | Comm(s) 0.0777 | Reduce(s) 0.0058 | Loss 0.1046
Process 001 | Epoch 01449 | Time(s) 0.1729 | Comm(s) 0.0777 | Reduce(s) 0.0058 | Loss 0.1051
Process 001 | Epoch 01459 | Time(s) 0.1729 | Comm(s) 0.0777 | Reduce(s) 0.0058 | Loss 0.1016
Process 001 | Epoch 01469 | Time(s) 0.1730 | Comm(s) 0.0777 | Reduce(s) 0.0058 | Loss 0.1060
Process 001 | Epoch 01479 | Time(s) 0.1730 | Comm(s) 0.0777 | Reduce(s) 0.0058 | Loss 0.1051
Process 001 | Epoch 01489 | Time(s) 0.1730 | Comm(s) 0.0777 | Reduce(s) 0.0058 | Loss 0.1020
Process 001 | Epoch 01499 | Time(s) 0.1730 | Comm(s) 0.0777 | Reduce(s) 0.0058 | Loss 0.1017
Process 001 | Epoch 01509 | Time(s) 0.1730 | Comm(s) 0.0778 | Reduce(s) 0.0058 | Loss 0.1030
Process 001 | Epoch 01519 | Time(s) 0.1730 | Comm(s) 0.0778 | Reduce(s) 0.0058 | Loss 0.1035
Process 001 | Epoch 01529 | Time(s) 0.1730 | Comm(s) 0.0778 | Reduce(s) 0.0058 | Loss 0.1009
Process 001 | Epoch 01539 | Time(s) 0.1731 | Comm(s) 0.0778 | Reduce(s) 0.0058 | Loss 0.1026
Process 001 | Epoch 01549 | Time(s) 0.1731 | Comm(s) 0.0778 | Reduce(s) 0.0058 | Loss 0.1026
Process 001 | Epoch 01559 | Time(s) 0.1731 | Comm(s) 0.0778 | Reduce(s) 0.0058 | Loss 0.1013
Process 001 | Epoch 01569 | Time(s) 0.1731 | Comm(s) 0.0778 | Reduce(s) 0.0058 | Loss 0.1012
Process 001 | Epoch 01579 | Time(s) 0.1731 | Comm(s) 0.0778 | Reduce(s) 0.0058 | Loss 0.1000
Process 001 | Epoch 01589 | Time(s) 0.1732 | Comm(s) 0.0778 | Reduce(s) 0.0058 | Loss 0.1006
Process 001 | Epoch 01599 | Time(s) 0.1732 | Comm(s) 0.0778 | Reduce(s) 0.0058 | Loss 0.1017
Process 001 | Epoch 01609 | Time(s) 0.1732 | Comm(s) 0.0778 | Reduce(s) 0.0058 | Loss 0.1006
Process 001 | Epoch 01619 | Time(s) 0.1732 | Comm(s) 0.0778 | Reduce(s) 0.0058 | Loss 0.1027
Process 001 | Epoch 01629 | Time(s) 0.1733 | Comm(s) 0.0778 | Reduce(s) 0.0058 | Loss 0.0983
Process 001 | Epoch 01639 | Time(s) 0.1733 | Comm(s) 0.0778 | Reduce(s) 0.0058 | Loss 0.1009
Process 001 | Epoch 01649 | Time(s) 0.1734 | Comm(s) 0.0779 | Reduce(s) 0.0058 | Loss 0.1023
Process 001 | Epoch 01659 | Time(s) 0.1734 | Comm(s) 0.0778 | Reduce(s) 0.0058 | Loss 0.0959
Process 001 | Epoch 01669 | Time(s) 0.1734 | Comm(s) 0.0779 | Reduce(s) 0.0058 | Loss 0.1000
Process 001 | Epoch 01679 | Time(s) 0.1734 | Comm(s) 0.0779 | Reduce(s) 0.0058 | Loss 0.1010
Process 001 | Epoch 01689 | Time(s) 0.1735 | Comm(s) 0.0779 | Reduce(s) 0.0058 | Loss 0.0970
Process 001 | Epoch 01699 | Time(s) 0.1734 | Comm(s) 0.0779 | Reduce(s) 0.0058 | Loss 0.0996
Process 001 | Epoch 01709 | Time(s) 0.1735 | Comm(s) 0.0779 | Reduce(s) 0.0058 | Loss 0.1001
Process 001 | Epoch 01719 | Time(s) 0.1734 | Comm(s) 0.0779 | Reduce(s) 0.0058 | Loss 0.1004
Process 001 | Epoch 01729 | Time(s) 0.1734 | Comm(s) 0.0779 | Reduce(s) 0.0058 | Loss 0.0975
Process 001 | Epoch 01739 | Time(s) 0.1734 | Comm(s) 0.0779 | Reduce(s) 0.0058 | Loss 0.0982
Process 001 | Epoch 01749 | Time(s) 0.1735 | Comm(s) 0.0780 | Reduce(s) 0.0058 | Loss 0.0959
Process 001 | Epoch 01759 | Time(s) 0.1736 | Comm(s) 0.0780 | Reduce(s) 0.0058 | Loss 0.0968
Epoch 01319 | Accuracy 94.41%
Process 000 | Epoch 01339 | Time(s) 0.1138 | Comm(s) 0.0758 | Reduce(s) 0.0056 | Loss 0.1001
Epoch 01329 | Accuracy 94.34%
Process 000 | Epoch 01349 | Time(s) 0.1139 | Comm(s) 0.0758 | Reduce(s) 0.0056 | Loss 0.0961
Epoch 01339 | Accuracy 94.39%
Process 000 | Epoch 01359 | Time(s) 0.1138 | Comm(s) 0.0758 | Reduce(s) 0.0056 | Loss 0.0949
Epoch 01349 | Accuracy 94.35%
Process 000 | Epoch 01369 | Time(s) 0.1139 | Comm(s) 0.0758 | Reduce(s) 0.0056 | Loss 0.0948
Epoch 01359 | Accuracy 94.38%
Process 000 | Epoch 01379 | Time(s) 0.1139 | Comm(s) 0.0758 | Reduce(s) 0.0056 | Loss 0.0954
Epoch 01369 | Accuracy 94.43%
Process 000 | Epoch 01389 | Time(s) 0.1139 | Comm(s) 0.0758 | Reduce(s) 0.0056 | Loss 0.0960
Epoch 01379 | Accuracy 94.30%
Process 000 | Epoch 01399 | Time(s) 0.1139 | Comm(s) 0.0758 | Reduce(s) 0.0056 | Loss 0.0951
Epoch 01389 | Accuracy 94.40%
Process 000 | Epoch 01409 | Time(s) 0.1139 | Comm(s) 0.0758 | Reduce(s) 0.0056 | Loss 0.0985
Epoch 01399 | Accuracy 94.41%
Process 000 | Epoch 01419 | Time(s) 0.1139 | Comm(s) 0.0758 | Reduce(s) 0.0056 | Loss 0.0978
Epoch 01409 | Accuracy 94.47%
Process 000 | Epoch 01429 | Time(s) 0.1139 | Comm(s) 0.0758 | Reduce(s) 0.0056 | Loss 0.0965
Epoch 01419 | Accuracy 94.44%
Process 000 | Epoch 01439 | Time(s) 0.1139 | Comm(s) 0.0758 | Reduce(s) 0.0056 | Loss 0.0948
Epoch 01429 | Accuracy 94.44%
Process 000 | Epoch 01449 | Time(s) 0.1139 | Comm(s) 0.0758 | Reduce(s) 0.0056 | Loss 0.0957
Epoch 01439 | Accuracy 94.38%
Process 000 | Epoch 01459 | Time(s) 0.1139 | Comm(s) 0.0758 | Reduce(s) 0.0056 | Loss 0.0944
Epoch 01449 | Accuracy 94.29%
Process 000 | Epoch 01469 | Time(s) 0.1139 | Comm(s) 0.0758 | Reduce(s) 0.0056 | Loss 0.0921
Epoch 01459 | Accuracy 94.28%
Process 000 | Epoch 01479 | Time(s) 0.1139 | Comm(s) 0.0758 | Reduce(s) 0.0056 | Loss 0.0968
Epoch 01469 | Accuracy 94.31%
Process 000 | Epoch 01489 | Time(s) 0.1140 | Comm(s) 0.0758 | Reduce(s) 0.0056 | Loss 0.0968
Epoch 01479 | Accuracy 94.33%
Process 000 | Epoch 01499 | Time(s) 0.1140 | Comm(s) 0.0758 | Reduce(s) 0.0056 | Loss 0.0954
Epoch 01489 | Accuracy 94.34%
Process 000 | Epoch 01509 | Time(s) 0.1140 | Comm(s) 0.0758 | Reduce(s) 0.0056 | Loss 0.0957
Epoch 01499 | Accuracy 94.42%
Process 000 | Epoch 01519 | Time(s) 0.1140 | Comm(s) 0.0758 | Reduce(s) 0.0056 | Loss 0.0936
Epoch 01509 | Accuracy 94.50%
Process 000 | Epoch 01529 | Time(s) 0.1140 | Comm(s) 0.0758 | Reduce(s) 0.0056 | Loss 0.0933
Epoch 01519 | Accuracy 94.37%
Process 000 | Epoch 01539 | Time(s) 0.1140 | Comm(s) 0.0759 | Reduce(s) 0.0056 | Loss 0.0941
Epoch 01529 | Accuracy 94.45%
Process 000 | Epoch 01549 | Time(s) 0.1140 | Comm(s) 0.0759 | Reduce(s) 0.0056 | Loss 0.0936
Epoch 01539 | Accuracy 94.37%
Process 000 | Epoch 01559 | Time(s) 0.1140 | Comm(s) 0.0759 | Reduce(s) 0.0056 | Loss 0.0916
Epoch 01549 | Accuracy 94.26%
Process 000 | Epoch 01569 | Time(s) 0.1140 | Comm(s) 0.0759 | Reduce(s) 0.0056 | Loss 0.0926
Epoch 01559 | Accuracy 94.24%
Process 000 | Epoch 01579 | Time(s) 0.1140 | Comm(s) 0.0759 | Reduce(s) 0.0056 | Loss 0.0925
Epoch 01569 | Accuracy 94.44%
Process 000 | Epoch 01589 | Time(s) 0.1141 | Comm(s) 0.0759 | Reduce(s) 0.0056 | Loss 0.0920
Epoch 01579 | Accuracy 94.56%
Process 000 | Epoch 01599 | Time(s) 0.1141 | Comm(s) 0.0759 | Reduce(s) 0.0056 | Loss 0.0943
Epoch 01589 | Accuracy 94.44%
Process 000 | Epoch 01609 | Time(s) 0.1141 | Comm(s) 0.0759 | Reduce(s) 0.0056 | Loss 0.0932
Epoch 01599 | Accuracy 94.50%
Process 000 | Epoch 01619 | Time(s) 0.1141 | Comm(s) 0.0759 | Reduce(s) 0.0056 | Loss 0.0926
Epoch 01609 | Accuracy 94.39%
Process 000 | Epoch 01629 | Time(s) 0.1141 | Comm(s) 0.0759 | Reduce(s) 0.0056 | Loss 0.0896
Epoch 01619 | Accuracy 94.51%
Process 000 | Epoch 01639 | Time(s) 0.1141 | Comm(s) 0.0759 | Reduce(s) 0.0056 | Loss 0.0922
Epoch 01629 | Accuracy 94.55%
Process 000 | Epoch 01649 | Time(s) 0.1141 | Comm(s) 0.0760 | Reduce(s) 0.0056 | Loss 0.0917
Epoch 01639 | Accuracy 94.41%
Process 000 | Epoch 01659 | Time(s) 0.1141 | Comm(s) 0.0759 | Reduce(s) 0.0056 | Loss 0.0922
Epoch 01649 | Accuracy 94.39%
Process 000 | Epoch 01669 | Time(s) 0.1141 | Comm(s) 0.0760 | Reduce(s) 0.0056 | Loss 0.0905
Epoch 01659 | Accuracy 94.50%
Process 000 | Epoch 01679 | Time(s) 0.1142 | Comm(s) 0.0760 | Reduce(s) 0.0055 | Loss 0.0892
Epoch 01669 | Accuracy 94.45%
Process 000 | Epoch 01689 | Time(s) 0.1142 | Comm(s) 0.0760 | Reduce(s) 0.0055 | Loss 0.0920
Epoch 01679 | Accuracy 94.49%
Process 000 | Epoch 01699 | Time(s) 0.1142 | Comm(s) 0.0760 | Reduce(s) 0.0055 | Loss 0.0891
Epoch 01689 | Accuracy 94.47%
Process 000 | Epoch 01709 | Time(s) 0.1143 | Comm(s) 0.0760 | Reduce(s) 0.0055 | Loss 0.0879
Epoch 01699 | Accuracy 94.49%
Process 000 | Epoch 01719 | Time(s) 0.1143 | Comm(s) 0.0760 | Reduce(s) 0.0055 | Loss 0.0928
Epoch 01709 | Accuracy 94.55%
Process 000 | Epoch 01729 | Time(s) 0.1143 | Comm(s) 0.0760 | Reduce(s) 0.0055 | Loss 0.0894
Epoch 01719 | Accuracy 94.43%
Process 000 | Epoch 01739 | Time(s) 0.1143 | Comm(s) 0.0760 | Reduce(s) 0.0055 | Loss 0.0890
Epoch 01729 | Accuracy 94.37%
Process 000 | Epoch 01749 | Time(s) 0.1143 | Comm(s) 0.0760 | Reduce(s) 0.0055 | Loss 0.0891
Epoch 01739 | Accuracy 94.34%
Process 000 | Epoch 01759 | Time(s) 0.1143 | Comm(s) 0.0760 | Reduce(s) 0.0055 | Loss 0.0902
Epoch 01749 | Accuracy 94.25%
Process 000 | Epoch 01769 | Time(s) 0.1143 | Comm(s) 0.0760 | Reduce(s) 0.0055 | Loss 0.0888
Epoch 01759 | Accuracy 94.31%
Process 000 | Epoch 01779 | Time(s) 0.1143 | Comm(s) 0.0760 | Reduce(s) 0.0055 | Loss 0.0935
Epoch 01769 | Accuracy 94.39%
Process 000 | Epoch 01789 | Time(s) 0.1143 | Comm(s) 0.0760 | Reduce(s) 0.0055 | Loss 0.0898
Epoch 01779 | Accuracy 94.51%
Process 000 | Epoch 01799 | Time(s) 0.1143 | Comm(s) 0.0760 | Reduce(s) 0.0055 | Loss 0.0900
Epoch 01789 | Accuracy 94.50%
Process 000 | Epoch 01809 | Time(s) 0.1143 | Comm(s) 0.0761 | Reduce(s) 0.0055 | Loss 0.0907
Epoch 01799 | Accuracy 94.42%
Process 000 | Epoch 01819 | Time(s) 0.1144 | Comm(s) 0.0761 | Reduce(s) 0.0055 | Loss 0.0895
Epoch 01809 | Accuracy 94.46%
Process 000 | Epoch 01829 | Time(s) 0.1143 | Comm(s) 0.0761 | Reduce(s) 0.0055 | Loss 0.0883
Epoch 01819 | Accuracy 94.55%
Process 000 | Epoch 01839 | Time(s) 0.1144 | Comm(s) 0.0761 | Reduce(s) 0.0055 | Loss 0.0874
Epoch 01829 | Accuracy 94.44%
Process 000 | Epoch 01849 | Time(s) 0.1143 | Comm(s) 0.0761 | Reduce(s) 0.0055 | Loss 0.0868
Epoch 01839 | Accuracy 94.44%
Process 000 | Epoch 01859 | Time(s) 0.1143 | Comm(s) 0.0761 | Reduce(s) 0.0055 | Loss 0.0856
Epoch 01849 | Accuracy 94.32%
Process 000 | Epoch 01869 | Time(s) 0.1143 | Comm(s) 0.0761 | Reduce(s) 0.0055 | Loss 0.0870
Epoch 01859 | Accuracy 94.44%
Process 000 | Epoch 01879 | Time(s) 0.1143 | Comm(s) 0.0761 | Reduce(s) 0.0055 | Loss 0.0888
Epoch 01869 | Accuracy 94.51%
Process 000 | Epoch 01889 | Time(s) 0.1143 | Comm(s) 0.0761 | Reduce(s) 0.0055 | Loss 0.0895
Epoch 01879 | Accuracy 94.41%
Process 000 | Epoch 01899 | Time(s) 0.1143 | Comm(s) 0.0761 | Reduce(s) 0.0055 | Loss 0.0880
Epoch 01889 | Accuracy 94.43%
Process 000 | Epoch 01909 | Time(s) 0.1143 | Comm(s) 0.0760 | Reduce(s) 0.0055 | Loss 0.0863
Epoch 01899 | Accuracy 94.44%
Process 000 | Epoch 01919 | Time(s) 0.1143 | Comm(s) 0.0760 | Reduce(s) 0.0055 | Loss 0.0863
Epoch 01909 | Accuracy 94.47%
Process 000 | Epoch 01929 | Time(s) 0.1143 | Comm(s) 0.0760 | Reduce(s) 0.0055 | Loss 0.0890
Epoch 01919 | Accuracy 94.52%
Process 000 | Epoch 01939 | Time(s) 0.1144 | Comm(s) 0.0761 | Reduce(s) 0.0055 | Loss 0.0890
Epoch 01929 | Accuracy 94.44%
Process 000 | Epoch 01949 | Time(s) 0.1144 | Comm(s) 0.0761 | Reduce(s) 0.0055 | Loss 0.0905
Epoch 01939 | Accuracy 94.32%
Process 000 | Epoch 01959 | Time(s) 0.1143 | Comm(s) 0.0760 | Reduce(s) 0.0055 | Loss 0.0897
Epoch 01949 | Accuracy 94.36%
Process 000 | Epoch 01969 | Time(s) 0.1144 | Comm(s) 0.0761 | Reduce(s) 0.0055 | Loss 0.0882
Epoch 01959 | Accuracy 94.48%
Process 000 | Epoch 01979 | Time(s) 0.1144 | Comm(s) 0.0761 | Reduce(s) 0.0055 | Loss 0.0875
Epoch 01969 | Accuracy 94.49%
Process 000 | Epoch 01989 | Time(s) 0.1144 | Comm(s) 0.0760 | Reduce(s) 0.0055 | Loss 0.0866
Epoch 01979 | Accuracy 94.47%
Process 000 | Epoch 01999 | Time(s) 0.1144 | Comm(s) 0.0760 | Reduce(s) 0.0055 | Loss 0.0857
Process 001 | Epoch 01769 | Time(s) 0.1735 | Comm(s) 0.0780 | Reduce(s) 0.0058 | Loss 0.0964
Process 001 | Epoch 01779 | Time(s) 0.1735 | Comm(s) 0.0780 | Reduce(s) 0.0058 | Loss 0.0974
Process 001 | Epoch 01789 | Time(s) 0.1736 | Comm(s) 0.0780 | Reduce(s) 0.0058 | Loss 0.0955
Process 001 | Epoch 01799 | Time(s) 0.1736 | Comm(s) 0.0780 | Reduce(s) 0.0058 | Loss 0.0960
Process 001 | Epoch 01809 | Time(s) 0.1737 | Comm(s) 0.0780 | Reduce(s) 0.0058 | Loss 0.0958
Process 001 | Epoch 01819 | Time(s) 0.1737 | Comm(s) 0.0780 | Reduce(s) 0.0058 | Loss 0.0941
Process 001 | Epoch 01829 | Time(s) 0.1737 | Comm(s) 0.0780 | Reduce(s) 0.0058 | Loss 0.0971
Process 001 | Epoch 01839 | Time(s) 0.1737 | Comm(s) 0.0780 | Reduce(s) 0.0058 | Loss 0.0986
Process 001 | Epoch 01849 | Time(s) 0.1738 | Comm(s) 0.0780 | Reduce(s) 0.0058 | Loss 0.0951
Process 001 | Epoch 01859 | Time(s) 0.1738 | Comm(s) 0.0780 | Reduce(s) 0.0058 | Loss 0.0961
Process 001 | Epoch 01869 | Time(s) 0.1738 | Comm(s) 0.0780 | Reduce(s) 0.0058 | Loss 0.0949
Process 001 | Epoch 01879 | Time(s) 0.1738 | Comm(s) 0.0780 | Reduce(s) 0.0058 | Loss 0.0976
Process 001 | Epoch 01889 | Time(s) 0.1738 | Comm(s) 0.0780 | Reduce(s) 0.0058 | Loss 0.0974
Process 001 | Epoch 01899 | Time(s) 0.1738 | Comm(s) 0.0780 | Reduce(s) 0.0058 | Loss 0.0949
Process 001 | Epoch 01909 | Time(s) 0.1738 | Comm(s) 0.0780 | Reduce(s) 0.0058 | Loss 0.0944
Process 001 | Epoch 01919 | Time(s) 0.1739 | Comm(s) 0.0780 | Reduce(s) 0.0058 | Loss 0.0964
Process 001 | Epoch 01929 | Time(s) 0.1738 | Comm(s) 0.0780 | Reduce(s) 0.0058 | Loss 0.0958
Process 001 | Epoch 01939 | Time(s) 0.1739 | Comm(s) 0.0780 | Reduce(s) 0.0058 | Loss 0.0951
Process 001 | Epoch 01949 | Time(s) 0.1739 | Comm(s) 0.0780 | Reduce(s) 0.0058 | Loss 0.0962
Process 001 | Epoch 01959 | Time(s) 0.1739 | Comm(s) 0.0780 | Reduce(s) 0.0058 | Loss 0.0946
Process 001 | Epoch 01969 | Time(s) 0.1739 | Comm(s) 0.0780 | Reduce(s) 0.0058 | Loss 0.0916
Process 001 | Epoch 01979 | Time(s) 0.1739 | Comm(s) 0.0781 | Reduce(s) 0.0058 | Loss 0.0971
Process 001 | Epoch 01989 | Time(s) 0.1739 | Comm(s) 0.0781 | Reduce(s) 0.0058 | Loss 0.0949
Process 001 | Epoch 01999 | Time(s) 0.1740 | Comm(s) 0.0781 | Reduce(s) 0.0058 | Loss 0.0939
Process 001 | Epoch 02009 | Time(s) 0.1740 | Comm(s) 0.0781 | Reduce(s) 0.0058 | Loss 0.0940
Process 001 | Epoch 02019 | Time(s) 0.1740 | Comm(s) 0.0781 | Reduce(s) 0.0058 | Loss 0.0924
Process 001 | Epoch 02029 | Time(s) 0.1740 | Comm(s) 0.0781 | Reduce(s) 0.0058 | Loss 0.0945
Process 001 | Epoch 02039 | Time(s) 0.1741 | Comm(s) 0.0781 | Reduce(s) 0.0058 | Loss 0.0929
Process 001 | Epoch 02049 | Time(s) 0.1741 | Comm(s) 0.0781 | Reduce(s) 0.0058 | Loss 0.0937
Process 001 | Epoch 02059 | Time(s) 0.1741 | Comm(s) 0.0781 | Reduce(s) 0.0058 | Loss 0.0954
Process 001 | Epoch 02069 | Time(s) 0.1741 | Comm(s) 0.0781 | Reduce(s) 0.0058 | Loss 0.0916
Process 001 | Epoch 02079 | Time(s) 0.1742 | Comm(s) 0.0781 | Reduce(s) 0.0058 | Loss 0.0925
Process 001 | Epoch 02089 | Time(s) 0.1742 | Comm(s) 0.0781 | Reduce(s) 0.0058 | Loss 0.0925
Process 001 | Epoch 02099 | Time(s) 0.1742 | Comm(s) 0.0781 | Reduce(s) 0.0058 | Loss 0.0936
Process 001 | Epoch 02109 | Time(s) 0.1742 | Comm(s) 0.0781 | Reduce(s) 0.0058 | Loss 0.0935
Process 001 | Epoch 02119 | Time(s) 0.1742 | Comm(s) 0.0781 | Reduce(s) 0.0058 | Loss 0.0928
Process 001 | Epoch 02129 | Time(s) 0.1742 | Comm(s) 0.0781 | Reduce(s) 0.0058 | Loss 0.0947
Process 001 | Epoch 02139 | Time(s) 0.1742 | Comm(s) 0.0781 | Reduce(s) 0.0058 | Loss 0.0913
Process 001 | Epoch 02149 | Time(s) 0.1742 | Comm(s) 0.0782 | Reduce(s) 0.0058 | Loss 0.0937
Process 001 | Epoch 02159 | Time(s) 0.1742 | Comm(s) 0.0782 | Reduce(s) 0.0058 | Loss 0.0926
Process 001 | Epoch 02169 | Time(s) 0.1742 | Comm(s) 0.0782 | Reduce(s) 0.0058 | Loss 0.0927
Process 001 | Epoch 02179 | Time(s) 0.1742 | Comm(s) 0.0782 | Reduce(s) 0.0058 | Loss 0.0927
Process 001 | Epoch 02189 | Time(s) 0.1742 | Comm(s) 0.0782 | Reduce(s) 0.0058 | Loss 0.0924
Process 001 | Epoch 02199 | Time(s) 0.1743 | Comm(s) 0.0783 | Reduce(s) 0.0058 | Loss 0.0946
Process 001 | Epoch 02209 | Time(s) 0.1742 | Comm(s) 0.0782 | Reduce(s) 0.0058 | Loss 0.0910
Process 001 | Epoch 02219 | Time(s) 0.1743 | Comm(s) 0.0783 | Reduce(s) 0.0058 | Loss 0.0947
Process 001 | Epoch 02229 | Time(s) 0.1742 | Comm(s) 0.0783 | Reduce(s) 0.0058 | Loss 0.0910
Process 001 | Epoch 02239 | Time(s) 0.1743 | Comm(s) 0.0783 | Reduce(s) 0.0058 | Loss 0.0916
Process 001 | Epoch 02249 | Time(s) 0.1743 | Comm(s) 0.0783 | Reduce(s) 0.0058 | Loss 0.0911
Process 001 | Epoch 02259 | Time(s) 0.1743 | Comm(s) 0.0783 | Reduce(s) 0.0058 | Loss 0.0922
Process 001 | Epoch 02269 | Time(s) 0.1743 | Comm(s) 0.0783 | Reduce(s) 0.0058 | Loss 0.0909
Process 001 | Epoch 02279 | Time(s) 0.1744 | Comm(s) 0.0783 | Reduce(s) 0.0058 | Loss 0.0914
Process 001 | Epoch 02289 | Time(s) 0.1744 | Comm(s) 0.0784 | Reduce(s) 0.0058 | Loss 0.0936
Process 001 | Epoch 02299 | Time(s) 0.1744 | Comm(s) 0.0783 | Reduce(s) 0.0058 | Loss 0.0924
Process 001 | Epoch 02309 | Time(s) 0.1744 | Comm(s) 0.0784 | Reduce(s) 0.0058 | Loss 0.0922
Process 001 | Epoch 02319 | Time(s) 0.1744 | Comm(s) 0.0784 | Reduce(s) 0.0058 | Loss 0.0928
Process 001 | Epoch 02329 | Time(s) 0.1744 | Comm(s) 0.0784 | Reduce(s) 0.0058 | Loss 0.0914
Process 001 | Epoch 02339 | Time(s) 0.1744 | Comm(s) 0.0784 | Reduce(s) 0.0058 | Loss 0.0894
Process 001 | Epoch 02349 | Time(s) 0.1745 | Comm(s) 0.0784 | Reduce(s) 0.0058 | Loss 0.0904
Process 001 | Epoch 02359 | Time(s) 0.1745 | Comm(s) 0.0783 | Reduce(s) 0.0058 | Loss 0.0920
Process 001 | Epoch 02369 | Time(s) 0.1745 | Comm(s) 0.0783 | Reduce(s) 0.0058 | Loss 0.0898
Process 001 | Epoch 02379 | Time(s) 0.1746 | Comm(s) 0.0783 | Reduce(s) 0.0058 | Loss 0.0913
Process 001 | Epoch 02389 | Time(s) 0.1746 | Comm(s) 0.0783 | Reduce(s) 0.0058 | Loss 0.0898
Process 001 | Epoch 02399 | Time(s) 0.1746 | Comm(s) 0.0783 | Reduce(s) 0.0058 | Loss 0.0930
Process 001 | Epoch 02409 | Time(s) 0.1746 | Comm(s) 0.0783 | Reduce(s) 0.0058 | Loss 0.0904
Process 001 | Epoch 02419 | Time(s) 0.1747 | Comm(s) 0.0783 | Reduce(s) 0.0058 | Loss 0.0895
Process 001 | Epoch 02429 | Time(s) 0.1747 | Comm(s) 0.0783 | Reduce(s) 0.0058 | Loss 0.0901
Process 001 | Epoch 02439 | Time(s) 0.1747 | Comm(s) 0.0783 | Reduce(s) 0.0058 | Loss 0.0923
Process 001 | Epoch 02449 | Time(s) 0.1747 | Comm(s) 0.0783 | Reduce(s) 0.0058 | Loss 0.0897
Process 001 | Epoch 02459 | Time(s) 0.1747 | Comm(s) 0.0783 | Reduce(s) 0.0058 | Loss 0.0893
Process 001 | Epoch 02469 | Time(s) 0.1747 | Comm(s) 0.0783 | Reduce(s) 0.0058 | Loss 0.0871
Process 001 | Epoch 02479 | Time(s) 0.1747 | Comm(s) 0.0783 | Reduce(s) 0.0058 | Loss 0.0906
Process 001 | Epoch 02489 | Time(s) 0.1748 | Comm(s) 0.0783 | Reduce(s) 0.0058 | Loss 0.0889
Process 001 | Epoch 02499 | Time(s) 0.1747 | Comm(s) 0.0783 | Reduce(s) 0.0058 | Loss 0.0877
Process 001 | Epoch 02509 | Time(s) 0.1747 | Comm(s) 0.0783 | Reduce(s) 0.0058 | Loss 0.0894
Process 001 | Epoch 02519 | Time(s) 0.1747 | Comm(s) 0.0783 | Reduce(s) 0.0058 | Loss 0.0910
Process 001 | Epoch 02529 | Time(s) 0.1747 | Comm(s) 0.0783 | Reduce(s) 0.0058 | Loss 0.0900
Process 001 | Epoch 02539 | Time(s) 0.1747 | Comm(s) 0.0783 | Reduce(s) 0.0058 | Loss 0.0867
Process 001 | Epoch 02549 | Time(s) 0.1747 | Comm(s) 0.0783 | Reduce(s) 0.0058 | Loss 0.0882
Process 001 | Epoch 02559 | Time(s) 0.1748 | Comm(s) 0.0783 | Reduce(s) 0.0058 | Loss 0.0882
Process 001 | Epoch 02569 | Time(s) 0.1748 | Comm(s) 0.0783 | Reduce(s) 0.0058 | Loss 0.0877
Process 001 | Epoch 02579 | Time(s) 0.1748 | Comm(s) 0.0784 | Reduce(s) 0.0058 | Loss 0.0908
Process 001 | Epoch 02589 | Time(s) 0.1748 | Comm(s) 0.0784 | Reduce(s) 0.0058 | Loss 0.0905
Process 001 | Epoch 02599 | Time(s) 0.1748 | Comm(s) 0.0784 | Reduce(s) 0.0058 | Loss 0.0903
Process 001 | Epoch 02609 | Time(s) 0.1748 | Comm(s) 0.0784 | Reduce(s) 0.0058 | Loss 0.0873
Process 001 | Epoch 02619 | Time(s) 0.1748 | Comm(s) 0.0784 | Reduce(s) 0.0058 | Loss 0.0860
Process 001 | Epoch 02629 | Time(s) 0.1748 | Comm(s) 0.0784 | Reduce(s) 0.0058 | Loss 0.0885
Process 001 | Epoch 02639 | Time(s) 0.1748 | Comm(s) 0.0784 | Reduce(s) 0.0058 | Loss 0.0914
Process 001 | Epoch 02649 | Time(s) 0.1748 | Comm(s) 0.0784 | Reduce(s) 0.0058 | Loss 0.0864
Epoch 01989 | Accuracy 94.62%
Process 000 | Epoch 02009 | Time(s) 0.1144 | Comm(s) 0.0760 | Reduce(s) 0.0055 | Loss 0.0854
Epoch 01999 | Accuracy 94.54%
Process 000 | Epoch 02019 | Time(s) 0.1144 | Comm(s) 0.0761 | Reduce(s) 0.0055 | Loss 0.0844
Epoch 02009 | Accuracy 94.50%
Process 000 | Epoch 02029 | Time(s) 0.1144 | Comm(s) 0.0761 | Reduce(s) 0.0055 | Loss 0.0851
Epoch 02019 | Accuracy 94.55%
Process 000 | Epoch 02039 | Time(s) 0.1144 | Comm(s) 0.0761 | Reduce(s) 0.0055 | Loss 0.0866
Epoch 02029 | Accuracy 94.52%
Process 000 | Epoch 02049 | Time(s) 0.1144 | Comm(s) 0.0761 | Reduce(s) 0.0055 | Loss 0.0880
Epoch 02039 | Accuracy 94.47%
Process 000 | Epoch 02059 | Time(s) 0.1144 | Comm(s) 0.0761 | Reduce(s) 0.0055 | Loss 0.0856
Epoch 02049 | Accuracy 94.57%
Process 000 | Epoch 02069 | Time(s) 0.1144 | Comm(s) 0.0761 | Reduce(s) 0.0055 | Loss 0.0868
Epoch 02059 | Accuracy 94.54%
Process 000 | Epoch 02079 | Time(s) 0.1144 | Comm(s) 0.0761 | Reduce(s) 0.0055 | Loss 0.0859
Epoch 02069 | Accuracy 94.55%
Process 000 | Epoch 02089 | Time(s) 0.1144 | Comm(s) 0.0761 | Reduce(s) 0.0055 | Loss 0.0835
Epoch 02079 | Accuracy 94.53%
Process 000 | Epoch 02099 | Time(s) 0.1145 | Comm(s) 0.0761 | Reduce(s) 0.0055 | Loss 0.0844
Epoch 02089 | Accuracy 94.55%
Process 000 | Epoch 02109 | Time(s) 0.1144 | Comm(s) 0.0761 | Reduce(s) 0.0055 | Loss 0.0849
Epoch 02099 | Accuracy 94.55%
Process 000 | Epoch 02119 | Time(s) 0.1144 | Comm(s) 0.0761 | Reduce(s) 0.0055 | Loss 0.0856
Epoch 02109 | Accuracy 94.54%
Process 000 | Epoch 02129 | Time(s) 0.1145 | Comm(s) 0.0761 | Reduce(s) 0.0055 | Loss 0.0856
Epoch 02119 | Accuracy 94.49%
Process 000 | Epoch 02139 | Time(s) 0.1145 | Comm(s) 0.0761 | Reduce(s) 0.0055 | Loss 0.0831
Epoch 02129 | Accuracy 94.53%
Process 000 | Epoch 02149 | Time(s) 0.1145 | Comm(s) 0.0762 | Reduce(s) 0.0055 | Loss 0.0823
Epoch 02139 | Accuracy 94.49%
Process 000 | Epoch 02159 | Time(s) 0.1145 | Comm(s) 0.0762 | Reduce(s) 0.0055 | Loss 0.0846
Epoch 02149 | Accuracy 94.53%
Process 000 | Epoch 02169 | Time(s) 0.1146 | Comm(s) 0.0762 | Reduce(s) 0.0055 | Loss 0.0846
Epoch 02159 | Accuracy 94.50%
Process 000 | Epoch 02179 | Time(s) 0.1146 | Comm(s) 0.0762 | Reduce(s) 0.0055 | Loss 0.0868
Epoch 02169 | Accuracy 94.54%
Process 000 | Epoch 02189 | Time(s) 0.1146 | Comm(s) 0.0762 | Reduce(s) 0.0055 | Loss 0.0850
Epoch 02179 | Accuracy 94.55%
Process 000 | Epoch 02199 | Time(s) 0.1146 | Comm(s) 0.0762 | Reduce(s) 0.0055 | Loss 0.0827
Epoch 02189 | Accuracy 94.44%
Process 000 | Epoch 02209 | Time(s) 0.1146 | Comm(s) 0.0762 | Reduce(s) 0.0055 | Loss 0.0838
Epoch 02199 | Accuracy 94.49%
Process 000 | Epoch 02219 | Time(s) 0.1146 | Comm(s) 0.0763 | Reduce(s) 0.0055 | Loss 0.0849
Epoch 02209 | Accuracy 94.49%
Process 000 | Epoch 02229 | Time(s) 0.1147 | Comm(s) 0.0763 | Reduce(s) 0.0055 | Loss 0.0839
Epoch 02219 | Accuracy 94.47%
Process 000 | Epoch 02239 | Time(s) 0.1147 | Comm(s) 0.0763 | Reduce(s) 0.0055 | Loss 0.0855
Epoch 02229 | Accuracy 94.51%
Process 000 | Epoch 02249 | Time(s) 0.1147 | Comm(s) 0.0763 | Reduce(s) 0.0055 | Loss 0.0850
Epoch 02239 | Accuracy 94.54%
Process 000 | Epoch 02259 | Time(s) 0.1147 | Comm(s) 0.0763 | Reduce(s) 0.0055 | Loss 0.0863
Epoch 02249 | Accuracy 94.50%
Process 000 | Epoch 02269 | Time(s) 0.1147 | Comm(s) 0.0763 | Reduce(s) 0.0055 | Loss 0.0866
Epoch 02259 | Accuracy 94.47%
Process 000 | Epoch 02279 | Time(s) 0.1147 | Comm(s) 0.0763 | Reduce(s) 0.0055 | Loss 0.0875
Epoch 02269 | Accuracy 94.46%
Process 000 | Epoch 02289 | Time(s) 0.1147 | Comm(s) 0.0763 | Reduce(s) 0.0055 | Loss 0.0855
Epoch 02279 | Accuracy 94.43%
Process 000 | Epoch 02299 | Time(s) 0.1147 | Comm(s) 0.0763 | Reduce(s) 0.0055 | Loss 0.0826
Epoch 02289 | Accuracy 94.42%
Process 000 | Epoch 02309 | Time(s) 0.1147 | Comm(s) 0.0763 | Reduce(s) 0.0055 | Loss 0.0852
Epoch 02299 | Accuracy 94.44%
Process 000 | Epoch 02319 | Time(s) 0.1147 | Comm(s) 0.0763 | Reduce(s) 0.0055 | Loss 0.0820
Epoch 02309 | Accuracy 94.56%
Process 000 | Epoch 02329 | Time(s) 0.1147 | Comm(s) 0.0763 | Reduce(s) 0.0055 | Loss 0.0828
Epoch 02319 | Accuracy 94.75%
Process 000 | Epoch 02339 | Time(s) 0.1147 | Comm(s) 0.0763 | Reduce(s) 0.0055 | Loss 0.0849
Epoch 02329 | Accuracy 94.55%
Process 000 | Epoch 02349 | Time(s) 0.1147 | Comm(s) 0.0763 | Reduce(s) 0.0055 | Loss 0.0829
Epoch 02339 | Accuracy 94.54%
Process 000 | Epoch 02359 | Time(s) 0.1147 | Comm(s) 0.0763 | Reduce(s) 0.0055 | Loss 0.0839
Epoch 02349 | Accuracy 94.61%
Process 000 | Epoch 02369 | Time(s) 0.1147 | Comm(s) 0.0763 | Reduce(s) 0.0055 | Loss 0.0842
Epoch 02359 | Accuracy 94.58%
Process 000 | Epoch 02379 | Time(s) 0.1147 | Comm(s) 0.0763 | Reduce(s) 0.0055 | Loss 0.0832
Epoch 02369 | Accuracy 94.47%
Process 000 | Epoch 02389 | Time(s) 0.1147 | Comm(s) 0.0763 | Reduce(s) 0.0055 | Loss 0.0810
Epoch 02379 | Accuracy 94.49%
Process 000 | Epoch 02399 | Time(s) 0.1147 | Comm(s) 0.0763 | Reduce(s) 0.0055 | Loss 0.0839
Epoch 02389 | Accuracy 94.73%
Process 000 | Epoch 02409 | Time(s) 0.1147 | Comm(s) 0.0763 | Reduce(s) 0.0055 | Loss 0.0861
Epoch 02399 | Accuracy 94.51%
Process 000 | Epoch 02419 | Time(s) 0.1147 | Comm(s) 0.0763 | Reduce(s) 0.0055 | Loss 0.0835
Epoch 02409 | Accuracy 94.51%
Process 000 | Epoch 02429 | Time(s) 0.1147 | Comm(s) 0.0763 | Reduce(s) 0.0055 | Loss 0.0827
Epoch 02419 | Accuracy 94.47%
Process 000 | Epoch 02439 | Time(s) 0.1147 | Comm(s) 0.0763 | Reduce(s) 0.0055 | Loss 0.0810
Epoch 02429 | Accuracy 94.52%
Process 000 | Epoch 02449 | Time(s) 0.1147 | Comm(s) 0.0763 | Reduce(s) 0.0055 | Loss 0.0838
Epoch 02439 | Accuracy 94.60%
Process 000 | Epoch 02459 | Time(s) 0.1147 | Comm(s) 0.0763 | Reduce(s) 0.0055 | Loss 0.0824
Epoch 02449 | Accuracy 94.48%
Process 000 | Epoch 02469 | Time(s) 0.1147 | Comm(s) 0.0763 | Reduce(s) 0.0055 | Loss 0.0854
Epoch 02459 | Accuracy 94.49%
Process 000 | Epoch 02479 | Time(s) 0.1147 | Comm(s) 0.0763 | Reduce(s) 0.0055 | Loss 0.0809
Epoch 02469 | Accuracy 94.51%
Process 000 | Epoch 02489 | Time(s) 0.1147 | Comm(s) 0.0763 | Reduce(s) 0.0055 | Loss 0.0830
Epoch 02479 | Accuracy 94.50%
Process 000 | Epoch 02499 | Time(s) 0.1147 | Comm(s) 0.0763 | Reduce(s) 0.0055 | Loss 0.0845
Epoch 02489 | Accuracy 94.39%
Process 000 | Epoch 02509 | Time(s) 0.1147 | Comm(s) 0.0763 | Reduce(s) 0.0055 | Loss 0.0828
Epoch 02499 | Accuracy 94.46%
Process 000 | Epoch 02519 | Time(s) 0.1147 | Comm(s) 0.0763 | Reduce(s) 0.0055 | Loss 0.0830
Epoch 02509 | Accuracy 94.51%
Process 000 | Epoch 02529 | Time(s) 0.1147 | Comm(s) 0.0763 | Reduce(s) 0.0055 | Loss 0.0851
Epoch 02519 | Accuracy 94.68%
Process 000 | Epoch 02539 | Time(s) 0.1147 | Comm(s) 0.0763 | Reduce(s) 0.0055 | Loss 0.0833
Epoch 02529 | Accuracy 94.65%
Process 000 | Epoch 02549 | Time(s) 0.1147 | Comm(s) 0.0763 | Reduce(s) 0.0055 | Loss 0.0803
Epoch 02539 | Accuracy 94.73%
Process 000 | Epoch 02559 | Time(s) 0.1147 | Comm(s) 0.0763 | Reduce(s) 0.0055 | Loss 0.0804
Epoch 02549 | Accuracy 94.58%
Process 000 | Epoch 02569 | Time(s) 0.1147 | Comm(s) 0.0763 | Reduce(s) 0.0055 | Loss 0.0817
Epoch 02559 | Accuracy 94.32%
Process 000 | Epoch 02579 | Time(s) 0.1148 | Comm(s) 0.0763 | Reduce(s) 0.0055 | Loss 0.0838
Epoch 02569 | Accuracy 94.68%
Process 000 | Epoch 02589 | Time(s) 0.1148 | Comm(s) 0.0763 | Reduce(s) 0.0055 | Loss 0.0828
Epoch 02579 | Accuracy 94.87%
Process 000 | Epoch 02599 | Time(s) 0.1148 | Comm(s) 0.0763 | Reduce(s) 0.0055 | Loss 0.0787
Epoch 02589 | Accuracy 94.60%
Process 000 | Epoch 02609 | Time(s) 0.1148 | Comm(s) 0.0763 | Reduce(s) 0.0055 | Loss 0.0805
Epoch 02599 | Accuracy 94.67%
Process 000 | Epoch 02619 | Time(s) 0.1148 | Comm(s) 0.0763 | Reduce(s) 0.0055 | Loss 0.0804
Epoch 02609 | Accuracy 94.64%
Process 000 | Epoch 02629 | Time(s) 0.1148 | Comm(s) 0.0763 | Reduce(s) 0.0055 | Loss 0.0801
Epoch 02619 | Accuracy 94.71%
Process 000 | Epoch 02639 | Time(s) 0.1148 | Comm(s) 0.0763 | Reduce(s) 0.0055 | Loss 0.0825
Epoch 02629 | Accuracy 94.65%
Process 000 | Epoch 02649 | Time(s) 0.1148 | Comm(s) 0.0763 | Reduce(s) 0.0055 | Loss 0.0806
Epoch 02639 | Accuracy 94.74%
Process 000 | Epoch 02659 | Time(s) 0.1148 | Comm(s) 0.0763 | Reduce(s) 0.0055 | Loss 0.0769
Epoch 02649 | Accuracy 94.75%
Process 000 | Epoch 02669 | Time(s) 0.1148 | Comm(s) 0.0763 | Reduce(s) 0.0055 | Loss 0.0825
Process 001 | Epoch 02659 | Time(s) 0.1748 | Comm(s) 0.0784 | Reduce(s) 0.0058 | Loss 0.0860
Process 001 | Epoch 02669 | Time(s) 0.1748 | Comm(s) 0.0784 | Reduce(s) 0.0058 | Loss 0.0882
Process 001 | Epoch 02679 | Time(s) 0.1748 | Comm(s) 0.0784 | Reduce(s) 0.0058 | Loss 0.0900
Process 001 | Epoch 02689 | Time(s) 0.1748 | Comm(s) 0.0784 | Reduce(s) 0.0058 | Loss 0.0879
Process 001 | Epoch 02699 | Time(s) 0.1749 | Comm(s) 0.0784 | Reduce(s) 0.0058 | Loss 0.0902
Process 001 | Epoch 02709 | Time(s) 0.1749 | Comm(s) 0.0784 | Reduce(s) 0.0058 | Loss 0.0876
Process 001 | Epoch 02719 | Time(s) 0.1749 | Comm(s) 0.0784 | Reduce(s) 0.0058 | Loss 0.0897
Process 001 | Epoch 02729 | Time(s) 0.1749 | Comm(s) 0.0784 | Reduce(s) 0.0058 | Loss 0.0863
Process 001 | Epoch 02739 | Time(s) 0.1749 | Comm(s) 0.0784 | Reduce(s) 0.0058 | Loss 0.0885
Process 001 | Epoch 02749 | Time(s) 0.1749 | Comm(s) 0.0784 | Reduce(s) 0.0058 | Loss 0.0872
Process 001 | Epoch 02759 | Time(s) 0.1749 | Comm(s) 0.0784 | Reduce(s) 0.0058 | Loss 0.0887
Process 001 | Epoch 02769 | Time(s) 0.1749 | Comm(s) 0.0784 | Reduce(s) 0.0058 | Loss 0.0887
Process 001 | Epoch 02779 | Time(s) 0.1749 | Comm(s) 0.0784 | Reduce(s) 0.0058 | Loss 0.0882
Process 001 | Epoch 02789 | Time(s) 0.1749 | Comm(s) 0.0784 | Reduce(s) 0.0058 | Loss 0.0876
Process 001 | Epoch 02799 | Time(s) 0.1749 | Comm(s) 0.0784 | Reduce(s) 0.0058 | Loss 0.0867
Process 001 | Epoch 02809 | Time(s) 0.1749 | Comm(s) 0.0784 | Reduce(s) 0.0058 | Loss 0.0882
Process 001 | Epoch 02819 | Time(s) 0.1749 | Comm(s) 0.0784 | Reduce(s) 0.0058 | Loss 0.0894
Process 001 | Epoch 02829 | Time(s) 0.1749 | Comm(s) 0.0784 | Reduce(s) 0.0058 | Loss 0.0882
Process 001 | Epoch 02839 | Time(s) 0.1749 | Comm(s) 0.0784 | Reduce(s) 0.0058 | Loss 0.0860
Process 001 | Epoch 02849 | Time(s) 0.1749 | Comm(s) 0.0784 | Reduce(s) 0.0058 | Loss 0.0851
Process 001 | Epoch 02859 | Time(s) 0.1749 | Comm(s) 0.0784 | Reduce(s) 0.0058 | Loss 0.0878
Process 001 | Epoch 02869 | Time(s) 0.1749 | Comm(s) 0.0784 | Reduce(s) 0.0058 | Loss 0.0851
Process 001 | Epoch 02879 | Time(s) 0.1749 | Comm(s) 0.0784 | Reduce(s) 0.0058 | Loss 0.0861
Process 001 | Epoch 02889 | Time(s) 0.1749 | Comm(s) 0.0784 | Reduce(s) 0.0058 | Loss 0.0842
Process 001 | Epoch 02899 | Time(s) 0.1749 | Comm(s) 0.0784 | Reduce(s) 0.0058 | Loss 0.0874
Process 001 | Epoch 02909 | Time(s) 0.1749 | Comm(s) 0.0784 | Reduce(s) 0.0058 | Loss 0.0881
Process 001 | Epoch 02919 | Time(s) 0.1749 | Comm(s) 0.0784 | Reduce(s) 0.0058 | Loss 0.0880
Process 001 | Epoch 02929 | Time(s) 0.1749 | Comm(s) 0.0784 | Reduce(s) 0.0058 | Loss 0.0879
Process 001 | Epoch 02939 | Time(s) 0.1749 | Comm(s) 0.0784 | Reduce(s) 0.0058 | Loss 0.0880
Process 001 | Epoch 02949 | Time(s) 0.1750 | Comm(s) 0.0784 | Reduce(s) 0.0058 | Loss 0.0870
Process 001 | Epoch 02959 | Time(s) 0.1750 | Comm(s) 0.0784 | Reduce(s) 0.0058 | Loss 0.0868
Process 001 | Epoch 02969 | Time(s) 0.1750 | Comm(s) 0.0785 | Reduce(s) 0.0058 | Loss 0.0874
Process 001 | Epoch 02979 | Time(s) 0.1750 | Comm(s) 0.0784 | Reduce(s) 0.0058 | Loss 0.0863
Process 001 | Epoch 02989 | Time(s) 0.1750 | Comm(s) 0.0784 | Reduce(s) 0.0058 | Loss 0.0860
Process 001 | Epoch 02999 | Time(s) 0.1750 | Comm(s) 0.0784 | Reduce(s) 0.0058 | Loss 0.0864
(rank 1) memory stats: current 1284.32MB, peak 3407.63MB, reserved 3938.00MB

Epoch 02659 | Accuracy 94.76%
Process 000 | Epoch 02679 | Time(s) 0.1148 | Comm(s) 0.0763 | Reduce(s) 0.0055 | Loss 0.0800
Epoch 02669 | Accuracy 94.67%
Process 000 | Epoch 02689 | Time(s) 0.1148 | Comm(s) 0.0763 | Reduce(s) 0.0055 | Loss 0.0804
Epoch 02679 | Accuracy 94.54%
Process 000 | Epoch 02699 | Time(s) 0.1148 | Comm(s) 0.0763 | Reduce(s) 0.0055 | Loss 0.0816
Epoch 02689 | Accuracy 94.66%
Process 000 | Epoch 02709 | Time(s) 0.1148 | Comm(s) 0.0763 | Reduce(s) 0.0055 | Loss 0.0797
Epoch 02699 | Accuracy 94.66%
Process 000 | Epoch 02719 | Time(s) 0.1148 | Comm(s) 0.0763 | Reduce(s) 0.0055 | Loss 0.0822
Epoch 02709 | Accuracy 95.65%
Process 000 | Epoch 02729 | Time(s) 0.1148 | Comm(s) 0.0763 | Reduce(s) 0.0055 | Loss 0.0800
Epoch 02719 | Accuracy 94.62%
Process 000 | Epoch 02739 | Time(s) 0.1148 | Comm(s) 0.0763 | Reduce(s) 0.0055 | Loss 0.0784
Epoch 02729 | Accuracy 94.66%
Process 000 | Epoch 02749 | Time(s) 0.1148 | Comm(s) 0.0763 | Reduce(s) 0.0055 | Loss 0.0814
Epoch 02739 | Accuracy 94.87%
Process 000 | Epoch 02759 | Time(s) 0.1148 | Comm(s) 0.0763 | Reduce(s) 0.0055 | Loss 0.0801
Epoch 02749 | Accuracy 94.88%
Process 000 | Epoch 02769 | Time(s) 0.1148 | Comm(s) 0.0763 | Reduce(s) 0.0055 | Loss 0.0793
Epoch 02759 | Accuracy 94.88%
Process 000 | Epoch 02779 | Time(s) 0.1148 | Comm(s) 0.0763 | Reduce(s) 0.0055 | Loss 0.0808
Epoch 02769 | Accuracy 94.64%
Process 000 | Epoch 02789 | Time(s) 0.1148 | Comm(s) 0.0763 | Reduce(s) 0.0055 | Loss 0.0786
Epoch 02779 | Accuracy 94.49%
Process 000 | Epoch 02799 | Time(s) 0.1148 | Comm(s) 0.0763 | Reduce(s) 0.0055 | Loss 0.0808
Epoch 02789 | Accuracy 94.62%
Process 000 | Epoch 02809 | Time(s) 0.1148 | Comm(s) 0.0763 | Reduce(s) 0.0055 | Loss 0.0794
Epoch 02799 | Accuracy 94.99%
Process 000 | Epoch 02819 | Time(s) 0.1148 | Comm(s) 0.0763 | Reduce(s) 0.0055 | Loss 0.0781
Epoch 02809 | Accuracy 95.21%
Process 000 | Epoch 02829 | Time(s) 0.1148 | Comm(s) 0.0763 | Reduce(s) 0.0055 | Loss 0.0811
Epoch 02819 | Accuracy 94.94%
Process 000 | Epoch 02839 | Time(s) 0.1148 | Comm(s) 0.0763 | Reduce(s) 0.0055 | Loss 0.0812
Epoch 02829 | Accuracy 94.66%
Process 000 | Epoch 02849 | Time(s) 0.1148 | Comm(s) 0.0763 | Reduce(s) 0.0055 | Loss 0.0780
Epoch 02839 | Accuracy 94.57%
Process 000 | Epoch 02859 | Time(s) 0.1148 | Comm(s) 0.0763 | Reduce(s) 0.0055 | Loss 0.0796
Epoch 02849 | Accuracy 94.71%
Process 000 | Epoch 02869 | Time(s) 0.1148 | Comm(s) 0.0763 | Reduce(s) 0.0055 | Loss 0.0792
Epoch 02859 | Accuracy 94.54%
Process 000 | Epoch 02879 | Time(s) 0.1148 | Comm(s) 0.0763 | Reduce(s) 0.0055 | Loss 0.0791
Epoch 02869 | Accuracy 95.38%
Process 000 | Epoch 02889 | Time(s) 0.1148 | Comm(s) 0.0763 | Reduce(s) 0.0055 | Loss 0.0777
Epoch 02879 | Accuracy 94.96%
Process 000 | Epoch 02899 | Time(s) 0.1148 | Comm(s) 0.0763 | Reduce(s) 0.0055 | Loss 0.0790
Epoch 02889 | Accuracy 95.26%
Process 000 | Epoch 02909 | Time(s) 0.1149 | Comm(s) 0.0763 | Reduce(s) 0.0055 | Loss 0.0782
Epoch 02899 | Accuracy 95.05%
Process 000 | Epoch 02919 | Time(s) 0.1149 | Comm(s) 0.0763 | Reduce(s) 0.0055 | Loss 0.0793
Epoch 02909 | Accuracy 94.71%
Process 000 | Epoch 02929 | Time(s) 0.1149 | Comm(s) 0.0763 | Reduce(s) 0.0055 | Loss 0.0800
Epoch 02919 | Accuracy 95.09%
Process 000 | Epoch 02939 | Time(s) 0.1149 | Comm(s) 0.0763 | Reduce(s) 0.0055 | Loss 0.0805
Epoch 02929 | Accuracy 95.26%
Process 000 | Epoch 02949 | Time(s) 0.1149 | Comm(s) 0.0763 | Reduce(s) 0.0055 | Loss 0.0801
Epoch 02939 | Accuracy 95.05%
Process 000 | Epoch 02959 | Time(s) 0.1149 | Comm(s) 0.0763 | Reduce(s) 0.0055 | Loss 0.0792
Epoch 02949 | Accuracy 94.81%
Process 000 | Epoch 02969 | Time(s) 0.1149 | Comm(s) 0.0763 | Reduce(s) 0.0055 | Loss 0.0785
Epoch 02959 | Accuracy 94.98%
Process 000 | Epoch 02979 | Time(s) 0.1149 | Comm(s) 0.0763 | Reduce(s) 0.0055 | Loss 0.0787
Epoch 02969 | Accuracy 94.73%
Process 000 | Epoch 02989 | Time(s) 0.1149 | Comm(s) 0.0763 | Reduce(s) 0.0055 | Loss 0.0790
Epoch 02979 | Accuracy 94.93%
Process 000 | Epoch 02999 | Time(s) 0.1149 | Comm(s) 0.0763 | Reduce(s) 0.0055 | Loss 0.0795
Epoch 02989 | Accuracy 94.84%
(rank 0) memory stats: current 1186.37MB, peak 3271.31MB, reserved 3914.00MB
Epoch 02999 | Accuracy 95.53%
model saved
Max Validation Accuracy 95.65%
Test Result | Accuracy 96.23%
