/home/zhaoyu/miniconda3/envs/test/lib/python3.11/site-packages/dgl/graphbolt/__init__.py:114: GBWarning: 
An experimental feature for CUDA allocations is turned on for better allocation
pattern resulting in better memory usage for minibatch GNN training workloads.
See https://pytorch.org/docs/stable/notes/cuda.html#optimizing-memory-usage-with-pytorch-cuda-alloc-conf,
and set the environment variable `PYTORCH_CUDA_ALLOC_CONF=expandable_segments:False`
if you want to disable it and set it True to acknowledge and disable the warning.

  gb_warning(WARNING_STR_TO_BE_SHOWN)
Namespace(dataset='reddit', data_path='./dataset/', part_path='./partition/', graph_name='reddit-2-metis-vol-induc', model='graphsage', dropout=0.5, lr=0.01, sampling_rate=0.1, heads=1, n_epochs=3000, n_partitions=2, n_hidden=256, n_layers=4, log_every=10, weight_decay=0, norm='layer', partition_obj='vol', partition_method='metis', n_linear=0, use_pp=True, inductive=True, fix_seed=True, seed=6, backend='gloo', port=18118, master_addr='127.0.0.1', node_rank=0, parts_per_node=10, skip_partition=True, eval=True)
loading partitions
Process 0 has 144839 nodes, 28484466 edges 78250 inner nodes, and 20593238 inner edges.
Process 0 start training
Process 000 | Epoch 00009 | Time(s) 0.0881 | Comm(s) 0.0589 | Reduce(s) 0.0051 | Loss 2.7756
Process 000 | Epoch 00019 | Time(s) 0.0905 | Comm(s) 0.0604 | Reduce(s) 0.0052 | Loss 2.0163
Epoch 00009 | Accuracy 25.80%
Process 000 | Epoch 00029 | Time(s) 0.1015 | Comm(s) 0.0678 | Reduce(s) 0.0050 | Loss 1.0317
Epoch 00019 | Accuracy 32.65%
Process 000 | Epoch 00039 | Time(s) 0.1069 | Comm(s) 0.0720 | Reduce(s) 0.0050 | Loss 0.6616
Epoch 00029 | Accuracy 64.91%
Process 000 | Epoch 00049 | Time(s) 0.1100 | Comm(s) 0.0735 | Reduce(s) 0.0050 | Loss 0.5340
Epoch 00039 | Accuracy 79.99%
Process 000 | Epoch 00059 | Time(s) 0.1133 | Comm(s) 0.0752 | Reduce(s) 0.0056 | Loss 0.4581
Epoch 00049 | Accuracy 89.43%
Process 000 | Epoch 00069 | Time(s) 0.1148 | Comm(s) 0.0760 | Reduce(s) 0.0057 | Loss 0.4021
Epoch 00059 | Accuracy 91.36%
Process 000 | Epoch 00079 | Time(s) 0.1160 | Comm(s) 0.0767 | Reduce(s) 0.0058 | Loss 0.3587
Epoch 00069 | Accuracy 92.27%
Process 000 | Epoch 00089 | Time(s) 0.1163 | Comm(s) 0.0770 | Reduce(s) 0.0058 | Loss 0.3354
Epoch 00079 | Accuracy 93.02%
Process 000 | Epoch 00099 | Time(s) 0.1163 | Comm(s) 0.0771 | Reduce(s) 0.0058 | Loss 0.3128
Epoch 00089 | Accuracy 93.41%
Process 000 | Epoch 00109 | Time(s) 0.1153 | Comm(s) 0.0764 | Reduce(s) 0.0058 | Loss 0.3023
Epoch 00099 | Accuracy 93.86%
Process 000 | Epoch 00119 | Time(s) 0.1153 | Comm(s) 0.0768 | Reduce(s) 0.0057 | Loss 0.2861
Epoch 00109 | Accuracy 94.18%
Process 000 | Epoch 00129 | Time(s) 0.1149 | Comm(s) 0.0765 | Reduce(s) 0.0057 | Loss 0.2740
Epoch 00119 | Accuracy 94.46%
Process 000 | Epoch 00139 | Time(s) 0.1151 | Comm(s) 0.0768 | Reduce(s) 0.0057 | Loss 0.2636
Epoch 00129 | Accuracy 94.56%
Process 000 | Epoch 00149 | Time(s) 0.1153 | Comm(s) 0.0770 | Reduce(s) 0.0057 | Loss 0.2540
Epoch 00139 | Accuracy 94.69%
Process 000 | Epoch 00159 | Time(s) 0.1149 | Comm(s) 0.0769 | Reduce(s) 0.0057 | Loss 0.2461
Epoch 00149 | Accuracy 94.86%
Process 000 | Epoch 00169 | Time(s) 0.1144 | Comm(s) 0.0765 | Reduce(s) 0.0057 | Loss 0.2410
Epoch 00159 | Accuracy 94.91%
Process 000 | Epoch 00179 | Time(s) 0.1140 | Comm(s) 0.0763 | Reduce(s) 0.0057 | Loss 0.2375
Epoch 00169 | Accuracy 95.12%
Process 000 | Epoch 00189 | Time(s) 0.1142 | Comm(s) 0.0766 | Reduce(s) 0.0057 | Loss 0.2286
Epoch 00179 | Accuracy 95.24%
Process 000 | Epoch 00199 | Time(s) 0.1138 | Comm(s) 0.0763 | Reduce(s) 0.0057 | Loss 0.2224
Epoch 00189 | Accuracy 95.22%
Process 000 | Epoch 00209 | Time(s) 0.1138 | Comm(s) 0.0763 | Reduce(s) 0.0058 | Loss 0.2179
Epoch 00199 | Accuracy 95.31%
Process 000 | Epoch 00219 | Time(s) 0.1138 | Comm(s) 0.0763 | Reduce(s) 0.0057 | Loss 0.2169
Epoch 00209 | Accuracy 95.41%
Process 000 | Epoch 00229 | Time(s) 0.1136 | Comm(s) 0.0762 | Reduce(s) 0.0057 | Loss 0.2075
Epoch 00219 | Accuracy 95.47%
Process 000 | Epoch 00239 | Time(s) 0.1135 | Comm(s) 0.0761 | Reduce(s) 0.0057 | Loss 0.2036
Epoch 00229 | Accuracy 95.59%
Process 000 | Epoch 00249 | Time(s) 0.1132 | Comm(s) 0.0759 | Reduce(s) 0.0057 | Loss 0.2025
Epoch 00239 | Accuracy 95.59%
Process 000 | Epoch 00259 | Time(s) 0.1134 | Comm(s) 0.0760 | Reduce(s) 0.0056 | Loss 0.1992
Epoch 00249 | Accuracy 95.61%
Process 000 | Epoch 00269 | Time(s) 0.1130 | Comm(s) 0.0758 | Reduce(s) 0.0056 | Loss 0.1958
Epoch 00259 | Accuracy 95.66%
Process 000 | Epoch 00279 | Time(s) 0.1129 | Comm(s) 0.0758 | Reduce(s) 0.0056 | Loss 0.1908
Epoch 00269 | Accuracy 95.69%
Process 000 | Epoch 00289 | Time(s) 0.1129 | Comm(s) 0.0759 | Reduce(s) 0.0056 | Loss 0.1900
Epoch 00279 | Accuracy 95.77%
Process 000 | Epoch 00299 | Time(s) 0.1128 | Comm(s) 0.0758 | Reduce(s) 0.0056 | Loss 0.1878
Epoch 00289 | Accuracy 95.85%
Process 000 | Epoch 00309 | Time(s) 0.1128 | Comm(s) 0.0758 | Reduce(s) 0.0055 | Loss 0.1838
Epoch 00299 | Accuracy 95.83%
Process 000 | Epoch 00319 | Time(s) 0.1126 | Comm(s) 0.0757 | Reduce(s) 0.0056 | Loss 0.1778
Epoch 00309 | Accuracy 95.86%
Process 000 | Epoch 00329 | Time(s) 0.1127 | Comm(s) 0.0757 | Reduce(s) 0.0056 | Loss 0.1751
Epoch 00319 | Accuracy 95.96%
Process 000 | Epoch 00339 | Time(s) 0.1126 | Comm(s) 0.0757 | Reduce(s) 0.0056 | Loss 0.1731
Epoch 00329 | Accuracy 95.95%
Process 000 | Epoch 00349 | Time(s) 0.1125 | Comm(s) 0.0757 | Reduce(s) 0.0056 | Loss 0.1714
Epoch 00339 | Accuracy 96.03%
Process 000 | Epoch 00359 | Time(s) 0.1124 | Comm(s) 0.0756 | Reduce(s) 0.0055 | Loss 0.1697
Epoch 00349 | Accuracy 96.02%
Process 000 | Epoch 00369 | Time(s) 0.1121 | Comm(s) 0.0754 | Reduce(s) 0.0055 | Loss 0.1652
Epoch 00359 | Accuracy 96.03%
Process 000 | Epoch 00379 | Time(s) 0.1121 | Comm(s) 0.0754 | Reduce(s) 0.0055 | Loss 0.1652
Epoch 00369 | Accuracy 96.10%
Process 000 | Epoch 00389 | Time(s) 0.1120 | Comm(s) 0.0753 | Reduce(s) 0.0055 | Loss 0.1607
Epoch 00379 | Accuracy 96.20%
Process 000 | Epoch 00399 | Time(s) 0.1119 | Comm(s) 0.0753 | Reduce(s) 0.0055 | Loss 0.1636
Epoch 00389 | Accuracy 96.18%
Process 000 | Epoch 00409 | Time(s) 0.1119 | Comm(s) 0.0752 | Reduce(s) 0.0055 | Loss 0.1542
Epoch 00399 | Accuracy 96.19%
Process 000 | Epoch 00419 | Time(s) 0.1118 | Comm(s) 0.0752 | Reduce(s) 0.0055 | Loss 0.1530
Epoch 00409 | Accuracy 96.19%
Process 000 | Epoch 00429 | Time(s) 0.1117 | Comm(s) 0.0750 | Reduce(s) 0.0055 | Loss 0.1515
Epoch 00419 | Accuracy 96.29%
Process 000 | Epoch 00439 | Time(s) 0.1116 | Comm(s) 0.0750 | Reduce(s) 0.0055 | Loss 0.1503
Epoch 00429 | Accuracy 96.23%
Process 000 | Epoch 00449 | Time(s) 0.1116 | Comm(s) 0.0750 | Reduce(s) 0.0055 | Loss 0.1457
Epoch 00439 | Accuracy 96.23%
Process 000 | Epoch 00459 | Time(s) 0.1115 | Comm(s) 0.0750 | Reduce(s) 0.0055 | Loss 0.1450
Epoch 00449 | Accuracy 96.30%
Process 000 | Epoch 00469 | Time(s) 0.1114 | Comm(s) 0.0749 | Reduce(s) 0.0055 | Loss 0.1471
Epoch 00459 | Accuracy 96.30%
Process 000 | Epoch 00479 | Time(s) 0.1114 | Comm(s) 0.0749 | Reduce(s) 0.0055 | Loss 0.1432
Epoch 00469 | Accuracy 96.27%
Process 000 | Epoch 00489 | Time(s) 0.1113 | Comm(s) 0.0748 | Reduce(s) 0.0055 | Loss 0.1444
Epoch 00479 | Accuracy 96.30%
Process 000 | Epoch 00499 | Time(s) 0.1112 | Comm(s) 0.0747 | Reduce(s) 0.0055 | Loss 0.1432
Epoch 00489 | Accuracy 96.24%
Process 000 | Epoch 00509 | Time(s) 0.1111 | Comm(s) 0.0747 | Reduce(s) 0.0055 | Loss 0.1465
Epoch 00499 | Accuracy 96.27%
Process 000 | Epoch 00519 | Time(s) 0.1110 | Comm(s) 0.0746 | Reduce(s) 0.0055 | Loss 0.1356
Epoch 00509 | Accuracy 96.22%
Process 000 | Epoch 00529 | Time(s) 0.1111 | Comm(s) 0.0747 | Reduce(s) 0.0055 | Loss 0.1337
Epoch 00519 | Accuracy 96.27%
Process 000 | Epoch 00539 | Time(s) 0.1110 | Comm(s) 0.0747 | Reduce(s) 0.0055 | Loss 0.1365
Epoch 00529 | Accuracy 96.20%
Process 000 | Epoch 00549 | Time(s) 0.1109 | Comm(s) 0.0746 | Reduce(s) 0.0054 | Loss 0.1341
Epoch 00539 | Accuracy 96.32%
Process 000 | Epoch 00559 | Time(s) 0.1108 | Comm(s) 0.0746 | Reduce(s) 0.0054 | Loss 0.1333
Epoch 00549 | Accuracy 96.20%
Process 000 | Epoch 00569 | Time(s) 0.1109 | Comm(s) 0.0746 | Reduce(s) 0.0054 | Loss 0.1347
Epoch 00559 | Accuracy 96.35%
Process 000 | Epoch 00579 | Time(s) 0.1108 | Comm(s) 0.0746 | Reduce(s) 0.0054 | Loss 0.1360
Epoch 00569 | Accuracy 96.35%
Process 000 | Epoch 00589 | Time(s) 0.1108 | Comm(s) 0.0745 | Reduce(s) 0.0055 | Loss 0.1294
Epoch 00579 | Accuracy 96.25%
Process 000 | Epoch 00599 | Time(s) 0.1108 | Comm(s) 0.0746 | Reduce(s) 0.0054 | Loss 0.1264
Epoch 00589 | Accuracy 96.29%
Process 000 | Epoch 00609 | Time(s) 0.1107 | Comm(s) 0.0746 | Reduce(s) 0.0054 | Loss 0.1261
Epoch 00599 | Accuracy 96.36%
Process 000 | Epoch 00619 | Time(s) 0.1106 | Comm(s) 0.0745 | Reduce(s) 0.0054 | Loss 0.1254
Epoch 00609 | Accuracy 96.37%
Process 000 | Epoch 00629 | Time(s) 0.1105 | Comm(s) 0.0744 | Reduce(s) 0.0054 | Loss 0.1236
Epoch 00619 | Accuracy 96.44%
Process 000 | Epoch 00639 | Time(s) 0.1105 | Comm(s) 0.0744 | Reduce(s) 0.0054 | Loss 0.1221
Epoch 00629 | Accuracy 96.37%
Process 000 | Epoch 00649 | Time(s) 0.1104 | Comm(s) 0.0743 | Reduce(s) 0.0054 | Loss 0.1236
Epoch 00639 | Accuracy 96.36%
Process 000 | Epoch 00659 | Time(s) 0.1103 | Comm(s) 0.0743 | Reduce(s) 0.0054 | Loss 0.1237
Epoch 00649 | Accuracy 96.37%loading partitions
Process 1 has 108813 nodes, 31844953 edges 75181 inner nodes, and 23953725 inner edges.
Process 1 start training
Process 001 | Epoch 00009 | Time(s) 0.0882 | Comm(s) 0.0583 | Reduce(s) 0.0051 | Loss 4.0146
Process 001 | Epoch 00019 | Time(s) 0.0916 | Comm(s) 0.0598 | Reduce(s) 0.0052 | Loss 3.0654
Process 001 | Epoch 00029 | Time(s) 0.1962 | Comm(s) 0.0667 | Reduce(s) 0.0055 | Loss 2.0168
Process 001 | Epoch 00039 | Time(s) 0.1868 | Comm(s) 0.0708 | Reduce(s) 0.0052 | Loss 1.2258
Process 001 | Epoch 00049 | Time(s) 0.1807 | Comm(s) 0.0725 | Reduce(s) 0.0056 | Loss 0.7397
Process 001 | Epoch 00059 | Time(s) 0.1788 | Comm(s) 0.0750 | Reduce(s) 0.0057 | Loss 0.5869
Process 001 | Epoch 00069 | Time(s) 0.1756 | Comm(s) 0.0763 | Reduce(s) 0.0058 | Loss 0.4713
Process 001 | Epoch 00079 | Time(s) 0.1741 | Comm(s) 0.0767 | Reduce(s) 0.0059 | Loss 0.4099
Process 001 | Epoch 00089 | Time(s) 0.1731 | Comm(s) 0.0768 | Reduce(s) 0.0060 | Loss 0.3681
Process 001 | Epoch 00099 | Time(s) 0.1723 | Comm(s) 0.0769 | Reduce(s) 0.0060 | Loss 0.3511
Process 001 | Epoch 00109 | Time(s) 0.1724 | Comm(s) 0.0762 | Reduce(s) 0.0059 | Loss 0.3193
Process 001 | Epoch 00119 | Time(s) 0.1730 | Comm(s) 0.0765 | Reduce(s) 0.0059 | Loss 0.3071
Process 001 | Epoch 00129 | Time(s) 0.1730 | Comm(s) 0.0760 | Reduce(s) 0.0059 | Loss 0.2922
Process 001 | Epoch 00139 | Time(s) 0.1737 | Comm(s) 0.0763 | Reduce(s) 0.0059 | Loss 0.2795
Process 001 | Epoch 00149 | Time(s) 0.1739 | Comm(s) 0.0765 | Reduce(s) 0.0058 | Loss 0.2739
Process 001 | Epoch 00159 | Time(s) 0.1741 | Comm(s) 0.0763 | Reduce(s) 0.0058 | Loss 0.2655
Process 001 | Epoch 00169 | Time(s) 0.1740 | Comm(s) 0.0760 | Reduce(s) 0.0058 | Loss 0.2536
Process 001 | Epoch 00179 | Time(s) 0.1739 | Comm(s) 0.0756 | Reduce(s) 0.0057 | Loss 0.2491
Process 001 | Epoch 00189 | Time(s) 0.1746 | Comm(s) 0.0756 | Reduce(s) 0.0057 | Loss 0.2428
Process 001 | Epoch 00199 | Time(s) 0.1737 | Comm(s) 0.0752 | Reduce(s) 0.0056 | Loss 0.2336
Process 001 | Epoch 00209 | Time(s) 0.1740 | Comm(s) 0.0752 | Reduce(s) 0.0056 | Loss 0.2303
Process 001 | Epoch 00219 | Time(s) 0.1741 | Comm(s) 0.0752 | Reduce(s) 0.0056 | Loss 0.2259
Process 001 | Epoch 00229 | Time(s) 0.1745 | Comm(s) 0.0751 | Reduce(s) 0.0056 | Loss 0.2239
Process 001 | Epoch 00239 | Time(s) 0.1746 | Comm(s) 0.0749 | Reduce(s) 0.0056 | Loss 0.2131
Process 001 | Epoch 00249 | Time(s) 0.1744 | Comm(s) 0.0747 | Reduce(s) 0.0056 | Loss 0.2143
Process 001 | Epoch 00259 | Time(s) 0.1745 | Comm(s) 0.0748 | Reduce(s) 0.0055 | Loss 0.2063
Process 001 | Epoch 00269 | Time(s) 0.1742 | Comm(s) 0.0746 | Reduce(s) 0.0055 | Loss 0.2045
Process 001 | Epoch 00279 | Time(s) 0.1742 | Comm(s) 0.0747 | Reduce(s) 0.0055 | Loss 0.1977
Process 001 | Epoch 00289 | Time(s) 0.1740 | Comm(s) 0.0746 | Reduce(s) 0.0055 | Loss 0.2009
Process 001 | Epoch 00299 | Time(s) 0.1739 | Comm(s) 0.0746 | Reduce(s) 0.0055 | Loss 0.1924
Process 001 | Epoch 00309 | Time(s) 0.1741 | Comm(s) 0.0745 | Reduce(s) 0.0055 | Loss 0.1928
Process 001 | Epoch 00319 | Time(s) 0.1741 | Comm(s) 0.0744 | Reduce(s) 0.0055 | Loss 0.1874
Process 001 | Epoch 00329 | Time(s) 0.1742 | Comm(s) 0.0745 | Reduce(s) 0.0055 | Loss 0.1859
Process 001 | Epoch 00339 | Time(s) 0.1743 | Comm(s) 0.0744 | Reduce(s) 0.0055 | Loss 0.1850
Process 001 | Epoch 00349 | Time(s) 0.1742 | Comm(s) 0.0744 | Reduce(s) 0.0055 | Loss 0.1808
Process 001 | Epoch 00359 | Time(s) 0.1741 | Comm(s) 0.0743 | Reduce(s) 0.0055 | Loss 0.1796
Process 001 | Epoch 00369 | Time(s) 0.1743 | Comm(s) 0.0741 | Reduce(s) 0.0055 | Loss 0.1779
Process 001 | Epoch 00379 | Time(s) 0.1744 | Comm(s) 0.0740 | Reduce(s) 0.0055 | Loss 0.1732
Process 001 | Epoch 00389 | Time(s) 0.1742 | Comm(s) 0.0740 | Reduce(s) 0.0055 | Loss 0.1732
Process 001 | Epoch 00399 | Time(s) 0.1741 | Comm(s) 0.0739 | Reduce(s) 0.0055 | Loss 0.1669
Process 001 | Epoch 00409 | Time(s) 0.1742 | Comm(s) 0.0739 | Reduce(s) 0.0055 | Loss 0.1658
Process 001 | Epoch 00419 | Time(s) 0.1743 | Comm(s) 0.0738 | Reduce(s) 0.0055 | Loss 0.1615
Process 001 | Epoch 00429 | Time(s) 0.1743 | Comm(s) 0.0737 | Reduce(s) 0.0054 | Loss 0.1616
Process 001 | Epoch 00439 | Time(s) 0.1745 | Comm(s) 0.0737 | Reduce(s) 0.0055 | Loss 0.1583
Process 001 | Epoch 00449 | Time(s) 0.1746 | Comm(s) 0.0736 | Reduce(s) 0.0055 | Loss 0.1628
Process 001 | Epoch 00459 | Time(s) 0.1746 | Comm(s) 0.0736 | Reduce(s) 0.0054 | Loss 0.1532
Process 001 | Epoch 00469 | Time(s) 0.1747 | Comm(s) 0.0735 | Reduce(s) 0.0054 | Loss 0.1588
Process 001 | Epoch 00479 | Time(s) 0.1747 | Comm(s) 0.0734 | Reduce(s) 0.0054 | Loss 0.1545
Process 001 | Epoch 00489 | Time(s) 0.1746 | Comm(s) 0.0733 | Reduce(s) 0.0055 | Loss 0.1549
Process 001 | Epoch 00499 | Time(s) 0.1745 | Comm(s) 0.0733 | Reduce(s) 0.0054 | Loss 0.1521
Process 001 | Epoch 00509 | Time(s) 0.1746 | Comm(s) 0.0733 | Reduce(s) 0.0054 | Loss 0.1483
Process 001 | Epoch 00519 | Time(s) 0.1746 | Comm(s) 0.0732 | Reduce(s) 0.0054 | Loss 0.1516
Process 001 | Epoch 00529 | Time(s) 0.1747 | Comm(s) 0.0732 | Reduce(s) 0.0054 | Loss 0.1495
Process 001 | Epoch 00539 | Time(s) 0.1748 | Comm(s) 0.0732 | Reduce(s) 0.0054 | Loss 0.1448
Process 001 | Epoch 00549 | Time(s) 0.1748 | Comm(s) 0.0731 | Reduce(s) 0.0054 | Loss 0.1414
Process 001 | Epoch 00559 | Time(s) 0.1747 | Comm(s) 0.0731 | Reduce(s) 0.0054 | Loss 0.1395
Process 001 | Epoch 00569 | Time(s) 0.1746 | Comm(s) 0.0731 | Reduce(s) 0.0054 | Loss 0.1442
Process 001 | Epoch 00579 | Time(s) 0.1747 | Comm(s) 0.0731 | Reduce(s) 0.0054 | Loss 0.1371
Process 001 | Epoch 00589 | Time(s) 0.1746 | Comm(s) 0.0730 | Reduce(s) 0.0054 | Loss 0.1390
Process 001 | Epoch 00599 | Time(s) 0.1747 | Comm(s) 0.0730 | Reduce(s) 0.0054 | Loss 0.1389
Process 001 | Epoch 00609 | Time(s) 0.1748 | Comm(s) 0.0731 | Reduce(s) 0.0054 | Loss 0.1389
Process 001 | Epoch 00619 | Time(s) 0.1747 | Comm(s) 0.0730 | Reduce(s) 0.0054 | Loss 0.1369
Process 001 | Epoch 00629 | Time(s) 0.1748 | Comm(s) 0.0729 | Reduce(s) 0.0054 | Loss 0.1325
Process 001 | Epoch 00639 | Time(s) 0.1749 | Comm(s) 0.0729 | Reduce(s) 0.0054 | Loss 0.1339
Process 001 | Epoch 00649 | Time(s) 0.1749 | Comm(s) 0.0728 | Reduce(s) 0.0054 | Loss 0.1338
Process 001 | Epoch 00659 | Time(s) 0.1750 | Comm(s) 0.0728 | Reduce(s) 0.0054 | Loss 0.1302
Process 001 | Epoch 00669 | Time(s) 0.1751 | Comm(s) 0.0728 | Reduce(s) 0.0054 | Loss 0.1319
Process 001 | Epoch 00679 | Time(s) 0.1751 | Comm(s) 0.0727 | Reduce(s) 0.0054 | Loss 0.1309
Process 001 | Epoch 00689 | Time(s) 0.1751 | Comm(s) 0.0726 | Reduce(s) 0.0054 | Loss 0.1277
Process 001 | Epoch 00699 | Time(s) 0.1753 | Comm(s) 0.0727 | Reduce(s) 0.0054 | Loss 0.1262
Process 001 | Epoch 00709 | Time(s) 0.1752 | Comm(s) 0.0727 | Reduce(s) 0.0054 | Loss 0.1282
Process 001 | Epoch 00719 | Time(s) 0.1752 | Comm(s) 0.0727 | Reduce(s) 0.0054 | Loss 0.1269
Process 001 | Epoch 00729 | Time(s) 0.1753 | Comm(s) 0.0727 | Reduce(s) 0.0054 | Loss 0.1263
Process 001 | Epoch 00739 | Time(s) 0.1753 | Comm(s) 0.0727 | Reduce(s) 0.0054 | Loss 0.1243
Process 001 | Epoch 00749 | Time(s) 0.1753 | Comm(s) 0.0726 | Reduce(s) 0.0054 | Loss 0.1231
Process 001 | Epoch 00759 | Time(s) 0.1753 | Comm(s) 0.0726 | Reduce(s) 0.0054 | Loss 0.1239
Process 001 | Epoch 00769 | Time(s) 0.1753 | Comm(s) 0.0726 | Reduce(s) 0.0054 | Loss 0.1221
Process 001 | Epoch 00779 | Time(s) 0.1752 | Comm(s) 0.0726 | Reduce(s) 0.0054 | Loss 0.1220
Process 001 | Epoch 00789 | Time(s) 0.1752 | Comm(s) 0.0726 | Reduce(s) 0.0054 | Loss 0.1277
Process 001 | Epoch 00799 | Time(s) 0.1754 | Comm(s) 0.0727 | Reduce(s) 0.0054 | Loss 0.1237
Process 001 | Epoch 00809 | Time(s) 0.1753 | Comm(s) 0.0726 | Reduce(s) 0.0054 | Loss 0.1225
Process 001 | Epoch 00819 | Time(s) 0.1753 | Comm(s) 0.0727 | Reduce(s) 0.0054 | Loss 0.1197
Process 001 | Epoch 00829 | Time(s) 0.1752 | Comm(s) 0.0726 | Reduce(s) 0.0054 | Loss 0.1193
Process 001 | Epoch 00839 | Time(s) 0.1753 | Comm(s) 0.0726 | Reduce(s) 0.0054 | Loss 0.1173
Process 001 | Epoch 00849 | Time(s) 0.1753 | Comm(s) 0.0726 | Reduce(s) 0.0054 | Loss 0.1192
Process 001 | Epoch 00859 | Time(s) 0.1752 | Comm(s) 0.0726 | Reduce(s) 0.0054 | Loss 0.1190
Process 001 | Epoch 00869 | Time(s) 0.1753 | Comm(s) 0.0727 | Reduce(s) 0.0054 | Loss 0.1139
Process 000 | Epoch 00669 | Time(s) 0.1102 | Comm(s) 0.0742 | Reduce(s) 0.0054 | Loss 0.1182
Epoch 00659 | Accuracy 96.38%
Process 000 | Epoch 00679 | Time(s) 0.1101 | Comm(s) 0.0741 | Reduce(s) 0.0054 | Loss 0.1204
Epoch 00669 | Accuracy 96.35%
Process 000 | Epoch 00689 | Time(s) 0.1100 | Comm(s) 0.0740 | Reduce(s) 0.0054 | Loss 0.1187
Epoch 00679 | Accuracy 96.36%
Process 000 | Epoch 00699 | Time(s) 0.1101 | Comm(s) 0.0741 | Reduce(s) 0.0054 | Loss 0.1190
Epoch 00689 | Accuracy 96.35%
Process 000 | Epoch 00709 | Time(s) 0.1100 | Comm(s) 0.0740 | Reduce(s) 0.0054 | Loss 0.1153
Epoch 00699 | Accuracy 96.32%
Process 000 | Epoch 00719 | Time(s) 0.1100 | Comm(s) 0.0740 | Reduce(s) 0.0054 | Loss 0.1178
Epoch 00709 | Accuracy 96.37%
Process 000 | Epoch 00729 | Time(s) 0.1100 | Comm(s) 0.0740 | Reduce(s) 0.0054 | Loss 0.1157
Epoch 00719 | Accuracy 96.31%
Process 000 | Epoch 00739 | Time(s) 0.1099 | Comm(s) 0.0740 | Reduce(s) 0.0054 | Loss 0.1136
Epoch 00729 | Accuracy 96.33%
Process 000 | Epoch 00749 | Time(s) 0.1099 | Comm(s) 0.0739 | Reduce(s) 0.0054 | Loss 0.1174
Epoch 00739 | Accuracy 96.39%
Process 000 | Epoch 00759 | Time(s) 0.1099 | Comm(s) 0.0740 | Reduce(s) 0.0054 | Loss 0.1097
Epoch 00749 | Accuracy 96.38%
Process 000 | Epoch 00769 | Time(s) 0.1099 | Comm(s) 0.0739 | Reduce(s) 0.0054 | Loss 0.1112
Epoch 00759 | Accuracy 96.36%
Process 000 | Epoch 00779 | Time(s) 0.1099 | Comm(s) 0.0739 | Reduce(s) 0.0054 | Loss 0.1128
Epoch 00769 | Accuracy 96.31%
Process 000 | Epoch 00789 | Time(s) 0.1098 | Comm(s) 0.0738 | Reduce(s) 0.0054 | Loss 0.1118
Epoch 00779 | Accuracy 96.38%
Process 000 | Epoch 00799 | Time(s) 0.1099 | Comm(s) 0.0739 | Reduce(s) 0.0054 | Loss 0.1119
Epoch 00789 | Accuracy 96.44%
Process 000 | Epoch 00809 | Time(s) 0.1099 | Comm(s) 0.0738 | Reduce(s) 0.0054 | Loss 0.1115
Epoch 00799 | Accuracy 96.41%
Process 000 | Epoch 00819 | Time(s) 0.1099 | Comm(s) 0.0738 | Reduce(s) 0.0054 | Loss 0.1126
Epoch 00809 | Accuracy 96.42%
Process 000 | Epoch 00829 | Time(s) 0.1099 | Comm(s) 0.0738 | Reduce(s) 0.0054 | Loss 0.1094
Epoch 00819 | Accuracy 96.36%
Process 000 | Epoch 00839 | Time(s) 0.1099 | Comm(s) 0.0738 | Reduce(s) 0.0054 | Loss 0.1119
Epoch 00829 | Accuracy 96.45%
Process 000 | Epoch 00849 | Time(s) 0.1099 | Comm(s) 0.0738 | Reduce(s) 0.0054 | Loss 0.1082
Epoch 00839 | Accuracy 96.45%
Process 000 | Epoch 00859 | Time(s) 0.1099 | Comm(s) 0.0738 | Reduce(s) 0.0054 | Loss 0.1083
Epoch 00849 | Accuracy 96.39%
Process 000 | Epoch 00869 | Time(s) 0.1099 | Comm(s) 0.0738 | Reduce(s) 0.0054 | Loss 0.1054
Epoch 00859 | Accuracy 96.42%
Process 000 | Epoch 00879 | Time(s) 0.1098 | Comm(s) 0.0737 | Reduce(s) 0.0054 | Loss 0.1052
Epoch 00869 | Accuracy 96.44%
Process 000 | Epoch 00889 | Time(s) 0.1097 | Comm(s) 0.0737 | Reduce(s) 0.0054 | Loss 0.1074
Epoch 00879 | Accuracy 96.45%
Process 000 | Epoch 00899 | Time(s) 0.1097 | Comm(s) 0.0737 | Reduce(s) 0.0054 | Loss 0.1023
Epoch 00889 | Accuracy 96.42%
Process 000 | Epoch 00909 | Time(s) 0.1097 | Comm(s) 0.0736 | Reduce(s) 0.0054 | Loss 0.1053
Epoch 00899 | Accuracy 96.44%
Process 000 | Epoch 00919 | Time(s) 0.1097 | Comm(s) 0.0736 | Reduce(s) 0.0054 | Loss 0.1054
Epoch 00909 | Accuracy 96.37%
Process 000 | Epoch 00929 | Time(s) 0.1098 | Comm(s) 0.0737 | Reduce(s) 0.0054 | Loss 0.1047
Epoch 00919 | Accuracy 96.37%
Process 000 | Epoch 00939 | Time(s) 0.1098 | Comm(s) 0.0737 | Reduce(s) 0.0054 | Loss 0.1043
Epoch 00929 | Accuracy 96.38%
Process 000 | Epoch 00949 | Time(s) 0.1097 | Comm(s) 0.0736 | Reduce(s) 0.0054 | Loss 0.1065
Epoch 00939 | Accuracy 96.40%
Process 000 | Epoch 00959 | Time(s) 0.1097 | Comm(s) 0.0736 | Reduce(s) 0.0054 | Loss 0.1012
Epoch 00949 | Accuracy 96.52%
Process 000 | Epoch 00969 | Time(s) 0.1098 | Comm(s) 0.0736 | Reduce(s) 0.0054 | Loss 0.1028
Epoch 00959 | Accuracy 96.35%
Process 000 | Epoch 00979 | Time(s) 0.1098 | Comm(s) 0.0736 | Reduce(s) 0.0054 | Loss 0.1040
Epoch 00969 | Accuracy 96.35%
Process 000 | Epoch 00989 | Time(s) 0.1098 | Comm(s) 0.0736 | Reduce(s) 0.0054 | Loss 0.1010
Epoch 00979 | Accuracy 96.41%
Process 000 | Epoch 00999 | Time(s) 0.1098 | Comm(s) 0.0736 | Reduce(s) 0.0054 | Loss 0.1007
Epoch 00989 | Accuracy 96.46%
Process 000 | Epoch 01009 | Time(s) 0.1097 | Comm(s) 0.0736 | Reduce(s) 0.0054 | Loss 0.1004
Epoch 00999 | Accuracy 96.49%
Process 000 | Epoch 01019 | Time(s) 0.1097 | Comm(s) 0.0736 | Reduce(s) 0.0054 | Loss 0.1009
Epoch 01009 | Accuracy 96.47%
Process 000 | Epoch 01029 | Time(s) 0.1098 | Comm(s) 0.0736 | Reduce(s) 0.0054 | Loss 0.0991
Epoch 01019 | Accuracy 96.47%
Process 000 | Epoch 01039 | Time(s) 0.1099 | Comm(s) 0.0736 | Reduce(s) 0.0054 | Loss 0.0982
Epoch 01029 | Accuracy 96.53%
Process 000 | Epoch 01049 | Time(s) 0.1099 | Comm(s) 0.0736 | Reduce(s) 0.0054 | Loss 0.0978
Epoch 01039 | Accuracy 96.50%
Process 000 | Epoch 01059 | Time(s) 0.1098 | Comm(s) 0.0735 | Reduce(s) 0.0054 | Loss 0.0983
Epoch 01049 | Accuracy 96.50%
Process 000 | Epoch 01069 | Time(s) 0.1099 | Comm(s) 0.0736 | Reduce(s) 0.0054 | Loss 0.0993
Epoch 01059 | Accuracy 96.49%
Process 000 | Epoch 01079 | Time(s) 0.1098 | Comm(s) 0.0735 | Reduce(s) 0.0054 | Loss 0.0981
Epoch 01069 | Accuracy 96.41%
Process 000 | Epoch 01089 | Time(s) 0.1098 | Comm(s) 0.0735 | Reduce(s) 0.0054 | Loss 0.0967
Epoch 01079 | Accuracy 96.50%
Process 000 | Epoch 01099 | Time(s) 0.1098 | Comm(s) 0.0735 | Reduce(s) 0.0054 | Loss 0.1003
Epoch 01089 | Accuracy 96.43%
Process 000 | Epoch 01109 | Time(s) 0.1098 | Comm(s) 0.0735 | Reduce(s) 0.0054 | Loss 0.0988
Epoch 01099 | Accuracy 96.42%
Process 000 | Epoch 01119 | Time(s) 0.1098 | Comm(s) 0.0735 | Reduce(s) 0.0054 | Loss 0.0983
Epoch 01109 | Accuracy 96.46%
Process 000 | Epoch 01129 | Time(s) 0.1098 | Comm(s) 0.0735 | Reduce(s) 0.0054 | Loss 0.0978
Epoch 01119 | Accuracy 96.45%
Process 000 | Epoch 01139 | Time(s) 0.1098 | Comm(s) 0.0735 | Reduce(s) 0.0054 | Loss 0.0933
Epoch 01129 | Accuracy 96.33%
Process 000 | Epoch 01149 | Time(s) 0.1097 | Comm(s) 0.0735 | Reduce(s) 0.0054 | Loss 0.0971
Epoch 01139 | Accuracy 96.41%
Process 000 | Epoch 01159 | Time(s) 0.1098 | Comm(s) 0.0736 | Reduce(s) 0.0054 | Loss 0.0968
Epoch 01149 | Accuracy 96.41%
Process 000 | Epoch 01169 | Time(s) 0.1098 | Comm(s) 0.0736 | Reduce(s) 0.0054 | Loss 0.0947
Epoch 01159 | Accuracy 96.43%
Process 000 | Epoch 01179 | Time(s) 0.1098 | Comm(s) 0.0735 | Reduce(s) 0.0054 | Loss 0.0977
Epoch 01169 | Accuracy 96.44%
Process 000 | Epoch 01189 | Time(s) 0.1099 | Comm(s) 0.0736 | Reduce(s) 0.0054 | Loss 0.0933
Epoch 01179 | Accuracy 96.48%
Process 000 | Epoch 01199 | Time(s) 0.1099 | Comm(s) 0.0736 | Reduce(s) 0.0054 | Loss 0.0929
Epoch 01189 | Accuracy 96.49%
Process 000 | Epoch 01209 | Time(s) 0.1099 | Comm(s) 0.0736 | Reduce(s) 0.0054 | Loss 0.0928
Epoch 01199 | Accuracy 96.49%
Process 000 | Epoch 01219 | Time(s) 0.1099 | Comm(s) 0.0736 | Reduce(s) 0.0054 | Loss 0.0920
Epoch 01209 | Accuracy 96.49%
Process 000 | Epoch 01229 | Time(s) 0.1100 | Comm(s) 0.0736 | Reduce(s) 0.0054 | Loss 0.0944
Epoch 01219 | Accuracy 96.48%
Process 000 | Epoch 01239 | Time(s) 0.1100 | Comm(s) 0.0736 | Reduce(s) 0.0054 | Loss 0.0932
Epoch 01229 | Accuracy 96.49%
Process 000 | Epoch 01249 | Time(s) 0.1099 | Comm(s) 0.0736 | Reduce(s) 0.0054 | Loss 0.0929
Epoch 01239 | Accuracy 96.32%
Process 000 | Epoch 01259 | Time(s) 0.1099 | Comm(s) 0.0736 | Reduce(s) 0.0054 | Loss 0.0948
Epoch 01249 | Accuracy 96.50%
Process 000 | Epoch 01269 | Time(s) 0.1099 | Comm(s) 0.0736 | Reduce(s) 0.0054 | Loss 0.0910
Epoch 01259 | Accuracy 96.53%
Process 000 | Epoch 01279 | Time(s) 0.1099 | Comm(s) 0.0736 | Reduce(s) 0.0054 | Loss 0.0943
Epoch 01269 | Accuracy 96.47%
Process 000 | Epoch 01289 | Time(s) 0.1099 | Comm(s) 0.0736 | Reduce(s) 0.0054 | Loss 0.0927
Epoch 01279 | Accuracy 96.59%
Process 000 | Epoch 01299 | Time(s) 0.1099 | Comm(s) 0.0736 | Reduce(s) 0.0054 | Loss 0.0917
Epoch 01289 | Accuracy 96.53%
Process 000 | Epoch 01309 | Time(s) 0.1099 | Comm(s) 0.0736 | Reduce(s) 0.0054 | Loss 0.0926
Epoch 01299 | Accuracy 96.48%
Process 000 | Epoch 01319 | Time(s) 0.1099 | Comm(s) 0.0736 | Reduce(s) 0.0054 | Loss 0.0909
Epoch 01309 | Accuracy 96.46%
Process 000 | Epoch 01329 | Time(s) 0.1099 | Comm(s) 0.0736 | Reduce(s) 0.0054 | Loss 0.0934
Process 001 | Epoch 00879 | Time(s) 0.1752 | Comm(s) 0.0726 | Reduce(s) 0.0054 | Loss 0.1163
Process 001 | Epoch 00889 | Time(s) 0.1752 | Comm(s) 0.0726 | Reduce(s) 0.0054 | Loss 0.1146
Process 001 | Epoch 00899 | Time(s) 0.1753 | Comm(s) 0.0726 | Reduce(s) 0.0054 | Loss 0.1172
Process 001 | Epoch 00909 | Time(s) 0.1751 | Comm(s) 0.0726 | Reduce(s) 0.0054 | Loss 0.1172
Process 001 | Epoch 00919 | Time(s) 0.1752 | Comm(s) 0.0726 | Reduce(s) 0.0054 | Loss 0.1146
Process 001 | Epoch 00929 | Time(s) 0.1753 | Comm(s) 0.0726 | Reduce(s) 0.0054 | Loss 0.1144
Process 001 | Epoch 00939 | Time(s) 0.1752 | Comm(s) 0.0726 | Reduce(s) 0.0055 | Loss 0.1128
Process 001 | Epoch 00949 | Time(s) 0.1752 | Comm(s) 0.0726 | Reduce(s) 0.0055 | Loss 0.1105
Process 001 | Epoch 00959 | Time(s) 0.1752 | Comm(s) 0.0726 | Reduce(s) 0.0055 | Loss 0.1110
Process 001 | Epoch 00969 | Time(s) 0.1753 | Comm(s) 0.0726 | Reduce(s) 0.0055 | Loss 0.1155
Process 001 | Epoch 00979 | Time(s) 0.1752 | Comm(s) 0.0726 | Reduce(s) 0.0055 | Loss 0.1136
Process 001 | Epoch 00989 | Time(s) 0.1752 | Comm(s) 0.0726 | Reduce(s) 0.0055 | Loss 0.1106
Process 001 | Epoch 00999 | Time(s) 0.1752 | Comm(s) 0.0726 | Reduce(s) 0.0055 | Loss 0.1100
Process 001 | Epoch 01009 | Time(s) 0.1752 | Comm(s) 0.0726 | Reduce(s) 0.0055 | Loss 0.1077
Process 001 | Epoch 01019 | Time(s) 0.1753 | Comm(s) 0.0726 | Reduce(s) 0.0055 | Loss 0.1097
Process 001 | Epoch 01029 | Time(s) 0.1753 | Comm(s) 0.0727 | Reduce(s) 0.0055 | Loss 0.1144
Process 001 | Epoch 01039 | Time(s) 0.1752 | Comm(s) 0.0727 | Reduce(s) 0.0055 | Loss 0.1076
Process 001 | Epoch 01049 | Time(s) 0.1752 | Comm(s) 0.0727 | Reduce(s) 0.0055 | Loss 0.1104
Process 001 | Epoch 01059 | Time(s) 0.1752 | Comm(s) 0.0727 | Reduce(s) 0.0055 | Loss 0.1088
Process 001 | Epoch 01069 | Time(s) 0.1753 | Comm(s) 0.0728 | Reduce(s) 0.0055 | Loss 0.1067
Process 001 | Epoch 01079 | Time(s) 0.1752 | Comm(s) 0.0727 | Reduce(s) 0.0055 | Loss 0.1071
Process 001 | Epoch 01089 | Time(s) 0.1753 | Comm(s) 0.0727 | Reduce(s) 0.0055 | Loss 0.1073
Process 001 | Epoch 01099 | Time(s) 0.1754 | Comm(s) 0.0727 | Reduce(s) 0.0055 | Loss 0.1056
Process 001 | Epoch 01109 | Time(s) 0.1753 | Comm(s) 0.0727 | Reduce(s) 0.0055 | Loss 0.1080
Process 001 | Epoch 01119 | Time(s) 0.1754 | Comm(s) 0.0727 | Reduce(s) 0.0055 | Loss 0.1054
Process 001 | Epoch 01129 | Time(s) 0.1753 | Comm(s) 0.0727 | Reduce(s) 0.0055 | Loss 0.1070
Process 001 | Epoch 01139 | Time(s) 0.1754 | Comm(s) 0.0727 | Reduce(s) 0.0055 | Loss 0.1070
Process 001 | Epoch 01149 | Time(s) 0.1754 | Comm(s) 0.0727 | Reduce(s) 0.0055 | Loss 0.1074
Process 001 | Epoch 01159 | Time(s) 0.1756 | Comm(s) 0.0728 | Reduce(s) 0.0055 | Loss 0.1038
Process 001 | Epoch 01169 | Time(s) 0.1756 | Comm(s) 0.0728 | Reduce(s) 0.0055 | Loss 0.1057
Process 001 | Epoch 01179 | Time(s) 0.1756 | Comm(s) 0.0727 | Reduce(s) 0.0055 | Loss 0.1061
Process 001 | Epoch 01189 | Time(s) 0.1757 | Comm(s) 0.0728 | Reduce(s) 0.0055 | Loss 0.1043
Process 001 | Epoch 01199 | Time(s) 0.1757 | Comm(s) 0.0728 | Reduce(s) 0.0055 | Loss 0.1028
Process 001 | Epoch 01209 | Time(s) 0.1757 | Comm(s) 0.0728 | Reduce(s) 0.0055 | Loss 0.1067
Process 001 | Epoch 01219 | Time(s) 0.1757 | Comm(s) 0.0728 | Reduce(s) 0.0055 | Loss 0.1049
Process 001 | Epoch 01229 | Time(s) 0.1758 | Comm(s) 0.0728 | Reduce(s) 0.0055 | Loss 0.1021
Process 001 | Epoch 01239 | Time(s) 0.1757 | Comm(s) 0.0728 | Reduce(s) 0.0055 | Loss 0.1039
Process 001 | Epoch 01249 | Time(s) 0.1758 | Comm(s) 0.0728 | Reduce(s) 0.0055 | Loss 0.1026
Process 001 | Epoch 01259 | Time(s) 0.1758 | Comm(s) 0.0728 | Reduce(s) 0.0055 | Loss 0.1028
Process 001 | Epoch 01269 | Time(s) 0.1758 | Comm(s) 0.0728 | Reduce(s) 0.0055 | Loss 0.1027
Process 001 | Epoch 01279 | Time(s) 0.1758 | Comm(s) 0.0728 | Reduce(s) 0.0055 | Loss 0.0993
Process 001 | Epoch 01289 | Time(s) 0.1758 | Comm(s) 0.0728 | Reduce(s) 0.0055 | Loss 0.1008
Process 001 | Epoch 01299 | Time(s) 0.1757 | Comm(s) 0.0729 | Reduce(s) 0.0055 | Loss 0.1009
Process 001 | Epoch 01309 | Time(s) 0.1757 | Comm(s) 0.0729 | Reduce(s) 0.0055 | Loss 0.0979
Process 001 | Epoch 01319 | Time(s) 0.1757 | Comm(s) 0.0728 | Reduce(s) 0.0055 | Loss 0.1028
Process 001 | Epoch 01329 | Time(s) 0.1758 | Comm(s) 0.0729 | Reduce(s) 0.0055 | Loss 0.0997
Process 001 | Epoch 01339 | Time(s) 0.1757 | Comm(s) 0.0729 | Reduce(s) 0.0055 | Loss 0.1011
Process 001 | Epoch 01349 | Time(s) 0.1758 | Comm(s) 0.0729 | Reduce(s) 0.0055 | Loss 0.0982
Process 001 | Epoch 01359 | Time(s) 0.1757 | Comm(s) 0.0729 | Reduce(s) 0.0055 | Loss 0.1004
Process 001 | Epoch 01369 | Time(s) 0.1757 | Comm(s) 0.0728 | Reduce(s) 0.0055 | Loss 0.0989
Process 001 | Epoch 01379 | Time(s) 0.1758 | Comm(s) 0.0728 | Reduce(s) 0.0055 | Loss 0.1014
Process 001 | Epoch 01389 | Time(s) 0.1758 | Comm(s) 0.0728 | Reduce(s) 0.0055 | Loss 0.1003
Process 001 | Epoch 01399 | Time(s) 0.1758 | Comm(s) 0.0728 | Reduce(s) 0.0055 | Loss 0.0980
Process 001 | Epoch 01409 | Time(s) 0.1758 | Comm(s) 0.0728 | Reduce(s) 0.0055 | Loss 0.0999
Process 001 | Epoch 01419 | Time(s) 0.1758 | Comm(s) 0.0728 | Reduce(s) 0.0055 | Loss 0.0977
Process 001 | Epoch 01429 | Time(s) 0.1758 | Comm(s) 0.0728 | Reduce(s) 0.0055 | Loss 0.0959
Process 001 | Epoch 01439 | Time(s) 0.1758 | Comm(s) 0.0728 | Reduce(s) 0.0055 | Loss 0.0986
Process 001 | Epoch 01449 | Time(s) 0.1758 | Comm(s) 0.0728 | Reduce(s) 0.0055 | Loss 0.0983
Process 001 | Epoch 01459 | Time(s) 0.1757 | Comm(s) 0.0728 | Reduce(s) 0.0055 | Loss 0.1007
Process 001 | Epoch 01469 | Time(s) 0.1757 | Comm(s) 0.0728 | Reduce(s) 0.0055 | Loss 0.0971
Process 001 | Epoch 01479 | Time(s) 0.1756 | Comm(s) 0.0728 | Reduce(s) 0.0055 | Loss 0.0986
Process 001 | Epoch 01489 | Time(s) 0.1756 | Comm(s) 0.0728 | Reduce(s) 0.0055 | Loss 0.0976
Process 001 | Epoch 01499 | Time(s) 0.1756 | Comm(s) 0.0728 | Reduce(s) 0.0055 | Loss 0.0965
Process 001 | Epoch 01509 | Time(s) 0.1756 | Comm(s) 0.0727 | Reduce(s) 0.0055 | Loss 0.0966
Process 001 | Epoch 01519 | Time(s) 0.1756 | Comm(s) 0.0727 | Reduce(s) 0.0055 | Loss 0.0964
Process 001 | Epoch 01529 | Time(s) 0.1756 | Comm(s) 0.0728 | Reduce(s) 0.0055 | Loss 0.0977
Process 001 | Epoch 01539 | Time(s) 0.1756 | Comm(s) 0.0728 | Reduce(s) 0.0055 | Loss 0.0961
Process 001 | Epoch 01549 | Time(s) 0.1756 | Comm(s) 0.0728 | Reduce(s) 0.0055 | Loss 0.0976
Process 001 | Epoch 01559 | Time(s) 0.1757 | Comm(s) 0.0728 | Reduce(s) 0.0055 | Loss 0.0928
Process 001 | Epoch 01569 | Time(s) 0.1758 | Comm(s) 0.0728 | Reduce(s) 0.0055 | Loss 0.0951
Process 001 | Epoch 01579 | Time(s) 0.1759 | Comm(s) 0.0728 | Reduce(s) 0.0055 | Loss 0.0954
Process 001 | Epoch 01589 | Time(s) 0.1759 | Comm(s) 0.0728 | Reduce(s) 0.0055 | Loss 0.0987
Process 001 | Epoch 01599 | Time(s) 0.1760 | Comm(s) 0.0728 | Reduce(s) 0.0055 | Loss 0.0957
Process 001 | Epoch 01609 | Time(s) 0.1761 | Comm(s) 0.0729 | Reduce(s) 0.0055 | Loss 0.0951
Process 001 | Epoch 01619 | Time(s) 0.1761 | Comm(s) 0.0729 | Reduce(s) 0.0055 | Loss 0.0923
Process 001 | Epoch 01629 | Time(s) 0.1761 | Comm(s) 0.0728 | Reduce(s) 0.0055 | Loss 0.0953
Process 001 | Epoch 01639 | Time(s) 0.1762 | Comm(s) 0.0728 | Reduce(s) 0.0055 | Loss 0.0932
Process 001 | Epoch 01649 | Time(s) 0.1762 | Comm(s) 0.0728 | Reduce(s) 0.0055 | Loss 0.0929
Process 001 | Epoch 01659 | Time(s) 0.1762 | Comm(s) 0.0728 | Reduce(s) 0.0055 | Loss 0.0948
Process 001 | Epoch 01669 | Time(s) 0.1762 | Comm(s) 0.0728 | Reduce(s) 0.0055 | Loss 0.0940
Process 001 | Epoch 01679 | Time(s) 0.1763 | Comm(s) 0.0728 | Reduce(s) 0.0055 | Loss 0.0944
Process 001 | Epoch 01689 | Time(s) 0.1763 | Comm(s) 0.0728 | Reduce(s) 0.0055 | Loss 0.0945
Process 001 | Epoch 01699 | Time(s) 0.1763 | Comm(s) 0.0728 | Reduce(s) 0.0055 | Loss 0.0970
Process 001 | Epoch 01709 | Time(s) 0.1764 | Comm(s) 0.0728 | Reduce(s) 0.0055 | Loss 0.0910
Process 001 | Epoch 01719 | Time(s) 0.1764 | Comm(s) 0.0728 | Reduce(s) 0.0055 | Loss 0.0950
Process 001 | Epoch 01729 | Time(s) 0.1764 | Comm(s) 0.0728 | Reduce(s) 0.0055 | Loss 0.0930
Process 001 | Epoch 01739 | Time(s) 0.1764 | Comm(s) 0.0728 | Reduce(s) 0.0056 | Loss 0.0930
Process 001 | Epoch 01749 | Time(s) 0.1764 | Comm(s) 0.0728 | Reduce(s) 0.0055 | Loss 0.0940
Process 001 | Epoch 01759 | Time(s) 0.1765 | Comm(s) 0.0728 | Reduce(s) 0.0055 | Loss 0.0947
Epoch 01319 | Accuracy 96.53%
Process 000 | Epoch 01339 | Time(s) 0.1099 | Comm(s) 0.0736 | Reduce(s) 0.0054 | Loss 0.0889
Epoch 01329 | Accuracy 96.57%
Process 000 | Epoch 01349 | Time(s) 0.1100 | Comm(s) 0.0736 | Reduce(s) 0.0054 | Loss 0.0903
Epoch 01339 | Accuracy 96.54%
Process 000 | Epoch 01359 | Time(s) 0.1099 | Comm(s) 0.0736 | Reduce(s) 0.0054 | Loss 0.0919
Epoch 01349 | Accuracy 96.55%
Process 000 | Epoch 01369 | Time(s) 0.1099 | Comm(s) 0.0736 | Reduce(s) 0.0054 | Loss 0.0898
Epoch 01359 | Accuracy 96.55%
Process 000 | Epoch 01379 | Time(s) 0.1099 | Comm(s) 0.0736 | Reduce(s) 0.0054 | Loss 0.0910
Epoch 01369 | Accuracy 96.51%
Process 000 | Epoch 01389 | Time(s) 0.1099 | Comm(s) 0.0736 | Reduce(s) 0.0054 | Loss 0.0895
Epoch 01379 | Accuracy 96.50%
Process 000 | Epoch 01399 | Time(s) 0.1099 | Comm(s) 0.0735 | Reduce(s) 0.0054 | Loss 0.0919
Epoch 01389 | Accuracy 96.50%
Process 000 | Epoch 01409 | Time(s) 0.1099 | Comm(s) 0.0735 | Reduce(s) 0.0054 | Loss 0.0873
Epoch 01399 | Accuracy 96.51%
Process 000 | Epoch 01419 | Time(s) 0.1098 | Comm(s) 0.0735 | Reduce(s) 0.0054 | Loss 0.0874
Epoch 01409 | Accuracy 96.51%
Process 000 | Epoch 01429 | Time(s) 0.1098 | Comm(s) 0.0735 | Reduce(s) 0.0054 | Loss 0.0895
Epoch 01419 | Accuracy 96.50%
Process 000 | Epoch 01439 | Time(s) 0.1098 | Comm(s) 0.0735 | Reduce(s) 0.0054 | Loss 0.0878
Epoch 01429 | Accuracy 96.50%
Process 000 | Epoch 01449 | Time(s) 0.1098 | Comm(s) 0.0735 | Reduce(s) 0.0054 | Loss 0.0887
Epoch 01439 | Accuracy 96.51%
Process 000 | Epoch 01459 | Time(s) 0.1098 | Comm(s) 0.0735 | Reduce(s) 0.0054 | Loss 0.0889
Epoch 01449 | Accuracy 96.48%
Process 000 | Epoch 01469 | Time(s) 0.1098 | Comm(s) 0.0735 | Reduce(s) 0.0054 | Loss 0.0861
Epoch 01459 | Accuracy 96.55%
Process 000 | Epoch 01479 | Time(s) 0.1098 | Comm(s) 0.0735 | Reduce(s) 0.0054 | Loss 0.0888
Epoch 01469 | Accuracy 96.49%
Process 000 | Epoch 01489 | Time(s) 0.1098 | Comm(s) 0.0735 | Reduce(s) 0.0054 | Loss 0.0877
Epoch 01479 | Accuracy 96.59%
Process 000 | Epoch 01499 | Time(s) 0.1098 | Comm(s) 0.0735 | Reduce(s) 0.0054 | Loss 0.0891
Epoch 01489 | Accuracy 96.53%
Process 000 | Epoch 01509 | Time(s) 0.1097 | Comm(s) 0.0735 | Reduce(s) 0.0054 | Loss 0.0860
Epoch 01499 | Accuracy 96.44%
Process 000 | Epoch 01519 | Time(s) 0.1097 | Comm(s) 0.0734 | Reduce(s) 0.0054 | Loss 0.0854
Epoch 01509 | Accuracy 96.46%
Process 000 | Epoch 01529 | Time(s) 0.1098 | Comm(s) 0.0735 | Reduce(s) 0.0054 | Loss 0.0869
Epoch 01519 | Accuracy 96.59%
Process 000 | Epoch 01539 | Time(s) 0.1098 | Comm(s) 0.0735 | Reduce(s) 0.0054 | Loss 0.0860
Epoch 01529 | Accuracy 96.56%
Process 000 | Epoch 01549 | Time(s) 0.1098 | Comm(s) 0.0735 | Reduce(s) 0.0054 | Loss 0.0854
Epoch 01539 | Accuracy 96.52%
Process 000 | Epoch 01559 | Time(s) 0.1098 | Comm(s) 0.0735 | Reduce(s) 0.0054 | Loss 0.0849
Epoch 01549 | Accuracy 96.53%
Process 000 | Epoch 01569 | Time(s) 0.1098 | Comm(s) 0.0735 | Reduce(s) 0.0054 | Loss 0.0876
Epoch 01559 | Accuracy 96.53%
Process 000 | Epoch 01579 | Time(s) 0.1098 | Comm(s) 0.0734 | Reduce(s) 0.0054 | Loss 0.0874
Epoch 01569 | Accuracy 96.49%
Process 000 | Epoch 01589 | Time(s) 0.1098 | Comm(s) 0.0734 | Reduce(s) 0.0054 | Loss 0.0877
Epoch 01579 | Accuracy 96.54%
Process 000 | Epoch 01599 | Time(s) 0.1099 | Comm(s) 0.0735 | Reduce(s) 0.0054 | Loss 0.0876
Epoch 01589 | Accuracy 96.61%
Process 000 | Epoch 01609 | Time(s) 0.1099 | Comm(s) 0.0735 | Reduce(s) 0.0054 | Loss 0.0874
Epoch 01599 | Accuracy 96.55%
Process 000 | Epoch 01619 | Time(s) 0.1099 | Comm(s) 0.0735 | Reduce(s) 0.0054 | Loss 0.0880
Epoch 01609 | Accuracy 96.46%
Process 000 | Epoch 01629 | Time(s) 0.1099 | Comm(s) 0.0735 | Reduce(s) 0.0054 | Loss 0.0871
Epoch 01619 | Accuracy 96.44%
Process 000 | Epoch 01639 | Time(s) 0.1099 | Comm(s) 0.0735 | Reduce(s) 0.0054 | Loss 0.0829
Epoch 01629 | Accuracy 96.51%
Process 000 | Epoch 01649 | Time(s) 0.1099 | Comm(s) 0.0735 | Reduce(s) 0.0054 | Loss 0.0855
Epoch 01639 | Accuracy 96.56%
Process 000 | Epoch 01659 | Time(s) 0.1098 | Comm(s) 0.0734 | Reduce(s) 0.0054 | Loss 0.0843
Epoch 01649 | Accuracy 96.43%
Process 000 | Epoch 01669 | Time(s) 0.1098 | Comm(s) 0.0734 | Reduce(s) 0.0054 | Loss 0.0866
Epoch 01659 | Accuracy 96.51%
Process 000 | Epoch 01679 | Time(s) 0.1098 | Comm(s) 0.0734 | Reduce(s) 0.0054 | Loss 0.0861
Epoch 01669 | Accuracy 96.56%
Process 000 | Epoch 01689 | Time(s) 0.1098 | Comm(s) 0.0734 | Reduce(s) 0.0054 | Loss 0.0847
Epoch 01679 | Accuracy 96.54%
Process 000 | Epoch 01699 | Time(s) 0.1098 | Comm(s) 0.0734 | Reduce(s) 0.0054 | Loss 0.0837
Epoch 01689 | Accuracy 96.41%
Process 000 | Epoch 01709 | Time(s) 0.1098 | Comm(s) 0.0734 | Reduce(s) 0.0054 | Loss 0.0812
Epoch 01699 | Accuracy 96.48%
Process 000 | Epoch 01719 | Time(s) 0.1098 | Comm(s) 0.0734 | Reduce(s) 0.0054 | Loss 0.0846
Epoch 01709 | Accuracy 96.55%
Process 000 | Epoch 01729 | Time(s) 0.1098 | Comm(s) 0.0734 | Reduce(s) 0.0054 | Loss 0.0832
Epoch 01719 | Accuracy 96.50%
Process 000 | Epoch 01739 | Time(s) 0.1098 | Comm(s) 0.0734 | Reduce(s) 0.0054 | Loss 0.0819
Epoch 01729 | Accuracy 96.58%
Process 000 | Epoch 01749 | Time(s) 0.1098 | Comm(s) 0.0734 | Reduce(s) 0.0054 | Loss 0.0844
Epoch 01739 | Accuracy 96.49%
Process 000 | Epoch 01759 | Time(s) 0.1098 | Comm(s) 0.0734 | Reduce(s) 0.0054 | Loss 0.0853
Epoch 01749 | Accuracy 96.55%
Process 000 | Epoch 01769 | Time(s) 0.1098 | Comm(s) 0.0734 | Reduce(s) 0.0054 | Loss 0.0835
Epoch 01759 | Accuracy 96.53%
Process 000 | Epoch 01779 | Time(s) 0.1098 | Comm(s) 0.0734 | Reduce(s) 0.0054 | Loss 0.0825
Epoch 01769 | Accuracy 96.56%
Process 000 | Epoch 01789 | Time(s) 0.1098 | Comm(s) 0.0733 | Reduce(s) 0.0054 | Loss 0.0838
Epoch 01779 | Accuracy 96.58%
Process 000 | Epoch 01799 | Time(s) 0.1098 | Comm(s) 0.0734 | Reduce(s) 0.0054 | Loss 0.0836
Epoch 01789 | Accuracy 96.52%
Process 000 | Epoch 01809 | Time(s) 0.1098 | Comm(s) 0.0734 | Reduce(s) 0.0054 | Loss 0.0834
Epoch 01799 | Accuracy 96.48%
Process 000 | Epoch 01819 | Time(s) 0.1098 | Comm(s) 0.0734 | Reduce(s) 0.0054 | Loss 0.0833
Epoch 01809 | Accuracy 96.57%
Process 000 | Epoch 01829 | Time(s) 0.1098 | Comm(s) 0.0733 | Reduce(s) 0.0054 | Loss 0.0798
Epoch 01819 | Accuracy 96.50%
Process 000 | Epoch 01839 | Time(s) 0.1098 | Comm(s) 0.0733 | Reduce(s) 0.0054 | Loss 0.0838
Epoch 01829 | Accuracy 96.55%
Process 000 | Epoch 01849 | Time(s) 0.1097 | Comm(s) 0.0733 | Reduce(s) 0.0054 | Loss 0.0789
Epoch 01839 | Accuracy 96.52%
Process 000 | Epoch 01859 | Time(s) 0.1097 | Comm(s) 0.0733 | Reduce(s) 0.0054 | Loss 0.0818
Epoch 01849 | Accuracy 96.51%
Process 000 | Epoch 01869 | Time(s) 0.1097 | Comm(s) 0.0733 | Reduce(s) 0.0054 | Loss 0.0813
Epoch 01859 | Accuracy 96.50%
Process 000 | Epoch 01879 | Time(s) 0.1097 | Comm(s) 0.0732 | Reduce(s) 0.0054 | Loss 0.0842
Epoch 01869 | Accuracy 96.43%
Process 000 | Epoch 01889 | Time(s) 0.1097 | Comm(s) 0.0732 | Reduce(s) 0.0054 | Loss 0.0818
Epoch 01879 | Accuracy 96.49%
Process 000 | Epoch 01899 | Time(s) 0.1096 | Comm(s) 0.0732 | Reduce(s) 0.0054 | Loss 0.0833
Epoch 01889 | Accuracy 96.41%
Process 000 | Epoch 01909 | Time(s) 0.1096 | Comm(s) 0.0732 | Reduce(s) 0.0054 | Loss 0.0836
Epoch 01899 | Accuracy 96.46%
Process 000 | Epoch 01919 | Time(s) 0.1096 | Comm(s) 0.0732 | Reduce(s) 0.0054 | Loss 0.0796
Epoch 01909 | Accuracy 96.50%
Process 000 | Epoch 01929 | Time(s) 0.1096 | Comm(s) 0.0732 | Reduce(s) 0.0054 | Loss 0.0816
Epoch 01919 | Accuracy 96.54%
Process 000 | Epoch 01939 | Time(s) 0.1096 | Comm(s) 0.0732 | Reduce(s) 0.0054 | Loss 0.0821
Epoch 01929 | Accuracy 96.53%
Process 000 | Epoch 01949 | Time(s) 0.1096 | Comm(s) 0.0732 | Reduce(s) 0.0054 | Loss 0.0809
Epoch 01939 | Accuracy 96.51%
Process 000 | Epoch 01959 | Time(s) 0.1096 | Comm(s) 0.0732 | Reduce(s) 0.0054 | Loss 0.0819
Epoch 01949 | Accuracy 96.59%
Process 000 | Epoch 01969 | Time(s) 0.1096 | Comm(s) 0.0732 | Reduce(s) 0.0054 | Loss 0.0843
Epoch 01959 | Accuracy 96.56%
Process 000 | Epoch 01979 | Time(s) 0.1096 | Comm(s) 0.0732 | Reduce(s) 0.0054 | Loss 0.0819
Epoch 01969 | Accuracy 96.45%
Process 000 | Epoch 01989 | Time(s) 0.1096 | Comm(s) 0.0732 | Reduce(s) 0.0054 | Loss 0.0819
Epoch 01979 | Accuracy 96.50%
Process 000 | Epoch 01999 | Time(s) 0.1096 | Comm(s) 0.0732 | Reduce(s) 0.0054 | Loss 0.0804
Process 001 | Epoch 01769 | Time(s) 0.1765 | Comm(s) 0.0728 | Reduce(s) 0.0056 | Loss 0.0915
Process 001 | Epoch 01779 | Time(s) 0.1765 | Comm(s) 0.0727 | Reduce(s) 0.0056 | Loss 0.0935
Process 001 | Epoch 01789 | Time(s) 0.1766 | Comm(s) 0.0728 | Reduce(s) 0.0056 | Loss 0.0913
Process 001 | Epoch 01799 | Time(s) 0.1766 | Comm(s) 0.0728 | Reduce(s) 0.0056 | Loss 0.0899
Process 001 | Epoch 01809 | Time(s) 0.1766 | Comm(s) 0.0728 | Reduce(s) 0.0056 | Loss 0.0922
Process 001 | Epoch 01819 | Time(s) 0.1766 | Comm(s) 0.0728 | Reduce(s) 0.0056 | Loss 0.0933
Process 001 | Epoch 01829 | Time(s) 0.1766 | Comm(s) 0.0728 | Reduce(s) 0.0056 | Loss 0.0907
Process 001 | Epoch 01839 | Time(s) 0.1767 | Comm(s) 0.0728 | Reduce(s) 0.0056 | Loss 0.0913
Process 001 | Epoch 01849 | Time(s) 0.1766 | Comm(s) 0.0727 | Reduce(s) 0.0056 | Loss 0.0924
Process 001 | Epoch 01859 | Time(s) 0.1766 | Comm(s) 0.0727 | Reduce(s) 0.0056 | Loss 0.0887
Process 001 | Epoch 01869 | Time(s) 0.1767 | Comm(s) 0.0727 | Reduce(s) 0.0056 | Loss 0.0926
Process 001 | Epoch 01879 | Time(s) 0.1767 | Comm(s) 0.0727 | Reduce(s) 0.0056 | Loss 0.0931
Process 001 | Epoch 01889 | Time(s) 0.1767 | Comm(s) 0.0727 | Reduce(s) 0.0056 | Loss 0.0923
Process 001 | Epoch 01899 | Time(s) 0.1767 | Comm(s) 0.0727 | Reduce(s) 0.0056 | Loss 0.0946
Process 001 | Epoch 01909 | Time(s) 0.1767 | Comm(s) 0.0727 | Reduce(s) 0.0056 | Loss 0.0912
Process 001 | Epoch 01919 | Time(s) 0.1767 | Comm(s) 0.0727 | Reduce(s) 0.0056 | Loss 0.0909
Process 001 | Epoch 01929 | Time(s) 0.1769 | Comm(s) 0.0727 | Reduce(s) 0.0056 | Loss 0.0924
Process 001 | Epoch 01939 | Time(s) 0.1769 | Comm(s) 0.0727 | Reduce(s) 0.0056 | Loss 0.0875
Process 001 | Epoch 01949 | Time(s) 0.1770 | Comm(s) 0.0727 | Reduce(s) 0.0056 | Loss 0.0919
Process 001 | Epoch 01959 | Time(s) 0.1770 | Comm(s) 0.0727 | Reduce(s) 0.0056 | Loss 0.0891
Process 001 | Epoch 01969 | Time(s) 0.1771 | Comm(s) 0.0727 | Reduce(s) 0.0056 | Loss 0.0910
Process 001 | Epoch 01979 | Time(s) 0.1771 | Comm(s) 0.0727 | Reduce(s) 0.0056 | Loss 0.0925
Process 001 | Epoch 01989 | Time(s) 0.1772 | Comm(s) 0.0727 | Reduce(s) 0.0056 | Loss 0.0917
Process 001 | Epoch 01999 | Time(s) 0.1772 | Comm(s) 0.0727 | Reduce(s) 0.0056 | Loss 0.0880
Process 001 | Epoch 02009 | Time(s) 0.1772 | Comm(s) 0.0727 | Reduce(s) 0.0056 | Loss 0.0866
Process 001 | Epoch 02019 | Time(s) 0.1773 | Comm(s) 0.0727 | Reduce(s) 0.0056 | Loss 0.0871
Process 001 | Epoch 02029 | Time(s) 0.1773 | Comm(s) 0.0727 | Reduce(s) 0.0056 | Loss 0.0873
Process 001 | Epoch 02039 | Time(s) 0.1772 | Comm(s) 0.0727 | Reduce(s) 0.0056 | Loss 0.0907
Process 001 | Epoch 02049 | Time(s) 0.1773 | Comm(s) 0.0726 | Reduce(s) 0.0056 | Loss 0.0869
Process 001 | Epoch 02059 | Time(s) 0.1773 | Comm(s) 0.0726 | Reduce(s) 0.0056 | Loss 0.0884
Process 001 | Epoch 02069 | Time(s) 0.1773 | Comm(s) 0.0726 | Reduce(s) 0.0056 | Loss 0.0882
Process 001 | Epoch 02079 | Time(s) 0.1773 | Comm(s) 0.0726 | Reduce(s) 0.0056 | Loss 0.0886
Process 001 | Epoch 02089 | Time(s) 0.1773 | Comm(s) 0.0726 | Reduce(s) 0.0056 | Loss 0.0874
Process 001 | Epoch 02099 | Time(s) 0.1773 | Comm(s) 0.0726 | Reduce(s) 0.0056 | Loss 0.0889
Process 001 | Epoch 02109 | Time(s) 0.1773 | Comm(s) 0.0726 | Reduce(s) 0.0056 | Loss 0.0895
Process 001 | Epoch 02119 | Time(s) 0.1772 | Comm(s) 0.0726 | Reduce(s) 0.0056 | Loss 0.0899
Process 001 | Epoch 02129 | Time(s) 0.1773 | Comm(s) 0.0726 | Reduce(s) 0.0056 | Loss 0.0880
Process 001 | Epoch 02139 | Time(s) 0.1773 | Comm(s) 0.0726 | Reduce(s) 0.0056 | Loss 0.0894
Process 001 | Epoch 02149 | Time(s) 0.1773 | Comm(s) 0.0726 | Reduce(s) 0.0056 | Loss 0.0903
Process 001 | Epoch 02159 | Time(s) 0.1773 | Comm(s) 0.0726 | Reduce(s) 0.0056 | Loss 0.0876
Process 001 | Epoch 02169 | Time(s) 0.1773 | Comm(s) 0.0726 | Reduce(s) 0.0056 | Loss 0.0895
Process 001 | Epoch 02179 | Time(s) 0.1773 | Comm(s) 0.0726 | Reduce(s) 0.0056 | Loss 0.0845
Process 001 | Epoch 02189 | Time(s) 0.1773 | Comm(s) 0.0726 | Reduce(s) 0.0056 | Loss 0.0896
Process 001 | Epoch 02199 | Time(s) 0.1773 | Comm(s) 0.0726 | Reduce(s) 0.0056 | Loss 0.0878
Process 001 | Epoch 02209 | Time(s) 0.1773 | Comm(s) 0.0726 | Reduce(s) 0.0056 | Loss 0.0861
Process 001 | Epoch 02219 | Time(s) 0.1773 | Comm(s) 0.0726 | Reduce(s) 0.0056 | Loss 0.0880
Process 001 | Epoch 02229 | Time(s) 0.1773 | Comm(s) 0.0726 | Reduce(s) 0.0056 | Loss 0.0869
Process 001 | Epoch 02239 | Time(s) 0.1773 | Comm(s) 0.0726 | Reduce(s) 0.0056 | Loss 0.0865
Process 001 | Epoch 02249 | Time(s) 0.1773 | Comm(s) 0.0726 | Reduce(s) 0.0056 | Loss 0.0867
Process 001 | Epoch 02259 | Time(s) 0.1772 | Comm(s) 0.0726 | Reduce(s) 0.0056 | Loss 0.0916
Process 001 | Epoch 02269 | Time(s) 0.1772 | Comm(s) 0.0725 | Reduce(s) 0.0056 | Loss 0.0850
Process 001 | Epoch 02279 | Time(s) 0.1772 | Comm(s) 0.0725 | Reduce(s) 0.0056 | Loss 0.0885
Process 001 | Epoch 02289 | Time(s) 0.1772 | Comm(s) 0.0725 | Reduce(s) 0.0056 | Loss 0.0843
Process 001 | Epoch 02299 | Time(s) 0.1772 | Comm(s) 0.0725 | Reduce(s) 0.0056 | Loss 0.0864
Process 001 | Epoch 02309 | Time(s) 0.1772 | Comm(s) 0.0725 | Reduce(s) 0.0056 | Loss 0.0865
Process 001 | Epoch 02319 | Time(s) 0.1772 | Comm(s) 0.0725 | Reduce(s) 0.0056 | Loss 0.0837
Process 001 | Epoch 02329 | Time(s) 0.1772 | Comm(s) 0.0725 | Reduce(s) 0.0056 | Loss 0.0849
Process 001 | Epoch 02339 | Time(s) 0.1772 | Comm(s) 0.0725 | Reduce(s) 0.0056 | Loss 0.0860
Process 001 | Epoch 02349 | Time(s) 0.1772 | Comm(s) 0.0725 | Reduce(s) 0.0056 | Loss 0.0863
Process 001 | Epoch 02359 | Time(s) 0.1772 | Comm(s) 0.0726 | Reduce(s) 0.0056 | Loss 0.0891
Process 001 | Epoch 02369 | Time(s) 0.1772 | Comm(s) 0.0725 | Reduce(s) 0.0056 | Loss 0.0856
Process 001 | Epoch 02379 | Time(s) 0.1772 | Comm(s) 0.0725 | Reduce(s) 0.0056 | Loss 0.0829
Process 001 | Epoch 02389 | Time(s) 0.1772 | Comm(s) 0.0725 | Reduce(s) 0.0056 | Loss 0.0872
Process 001 | Epoch 02399 | Time(s) 0.1772 | Comm(s) 0.0725 | Reduce(s) 0.0056 | Loss 0.0871
Process 001 | Epoch 02409 | Time(s) 0.1773 | Comm(s) 0.0725 | Reduce(s) 0.0056 | Loss 0.0877
Process 001 | Epoch 02419 | Time(s) 0.1773 | Comm(s) 0.0726 | Reduce(s) 0.0056 | Loss 0.0844
Process 001 | Epoch 02429 | Time(s) 0.1773 | Comm(s) 0.0726 | Reduce(s) 0.0056 | Loss 0.0863
Process 001 | Epoch 02439 | Time(s) 0.1773 | Comm(s) 0.0726 | Reduce(s) 0.0056 | Loss 0.0877
Process 001 | Epoch 02449 | Time(s) 0.1773 | Comm(s) 0.0726 | Reduce(s) 0.0056 | Loss 0.0854
Process 001 | Epoch 02459 | Time(s) 0.1773 | Comm(s) 0.0725 | Reduce(s) 0.0056 | Loss 0.0848
Process 001 | Epoch 02469 | Time(s) 0.1772 | Comm(s) 0.0725 | Reduce(s) 0.0056 | Loss 0.0864
Process 001 | Epoch 02479 | Time(s) 0.1772 | Comm(s) 0.0725 | Reduce(s) 0.0055 | Loss 0.0836
Process 001 | Epoch 02489 | Time(s) 0.1772 | Comm(s) 0.0725 | Reduce(s) 0.0056 | Loss 0.0869
Process 001 | Epoch 02499 | Time(s) 0.1772 | Comm(s) 0.0725 | Reduce(s) 0.0056 | Loss 0.0862
Process 001 | Epoch 02509 | Time(s) 0.1772 | Comm(s) 0.0725 | Reduce(s) 0.0056 | Loss 0.0848
Process 001 | Epoch 02519 | Time(s) 0.1772 | Comm(s) 0.0725 | Reduce(s) 0.0056 | Loss 0.0865
Process 001 | Epoch 02529 | Time(s) 0.1772 | Comm(s) 0.0725 | Reduce(s) 0.0055 | Loss 0.0836
Process 001 | Epoch 02539 | Time(s) 0.1772 | Comm(s) 0.0725 | Reduce(s) 0.0056 | Loss 0.0853
Process 001 | Epoch 02549 | Time(s) 0.1772 | Comm(s) 0.0725 | Reduce(s) 0.0056 | Loss 0.0861
Process 001 | Epoch 02559 | Time(s) 0.1772 | Comm(s) 0.0725 | Reduce(s) 0.0056 | Loss 0.0841
Process 001 | Epoch 02569 | Time(s) 0.1773 | Comm(s) 0.0725 | Reduce(s) 0.0056 | Loss 0.0835
Process 001 | Epoch 02579 | Time(s) 0.1773 | Comm(s) 0.0725 | Reduce(s) 0.0056 | Loss 0.0848
Process 001 | Epoch 02589 | Time(s) 0.1773 | Comm(s) 0.0725 | Reduce(s) 0.0056 | Loss 0.0847
Process 001 | Epoch 02599 | Time(s) 0.1773 | Comm(s) 0.0725 | Reduce(s) 0.0056 | Loss 0.0837
Process 001 | Epoch 02609 | Time(s) 0.1773 | Comm(s) 0.0725 | Reduce(s) 0.0056 | Loss 0.0828
Process 001 | Epoch 02619 | Time(s) 0.1773 | Comm(s) 0.0725 | Reduce(s) 0.0056 | Loss 0.0846
Process 001 | Epoch 02629 | Time(s) 0.1773 | Comm(s) 0.0725 | Reduce(s) 0.0056 | Loss 0.0828
Process 001 | Epoch 02639 | Time(s) 0.1774 | Comm(s) 0.0726 | Reduce(s) 0.0056 | Loss 0.0821
Process 001 | Epoch 02649 | Time(s) 0.1773 | Comm(s) 0.0726 | Reduce(s) 0.0056 | Loss 0.0837
Epoch 01989 | Accuracy 96.40%
Process 000 | Epoch 02009 | Time(s) 0.1096 | Comm(s) 0.0732 | Reduce(s) 0.0054 | Loss 0.0812
Epoch 01999 | Accuracy 96.43%
Process 000 | Epoch 02019 | Time(s) 0.1096 | Comm(s) 0.0732 | Reduce(s) 0.0054 | Loss 0.0803
Epoch 02009 | Accuracy 96.50%
Process 000 | Epoch 02029 | Time(s) 0.1096 | Comm(s) 0.0732 | Reduce(s) 0.0054 | Loss 0.0785
Epoch 02019 | Accuracy 96.58%
Process 000 | Epoch 02039 | Time(s) 0.1096 | Comm(s) 0.0732 | Reduce(s) 0.0054 | Loss 0.0770
Epoch 02029 | Accuracy 96.53%
Process 000 | Epoch 02049 | Time(s) 0.1096 | Comm(s) 0.0732 | Reduce(s) 0.0054 | Loss 0.0807
Epoch 02039 | Accuracy 96.58%
Process 000 | Epoch 02059 | Time(s) 0.1096 | Comm(s) 0.0732 | Reduce(s) 0.0054 | Loss 0.0822
Epoch 02049 | Accuracy 96.51%
Process 000 | Epoch 02069 | Time(s) 0.1095 | Comm(s) 0.0732 | Reduce(s) 0.0054 | Loss 0.0827
Epoch 02059 | Accuracy 96.54%
Process 000 | Epoch 02079 | Time(s) 0.1095 | Comm(s) 0.0732 | Reduce(s) 0.0054 | Loss 0.0806
Epoch 02069 | Accuracy 96.53%
Process 000 | Epoch 02089 | Time(s) 0.1095 | Comm(s) 0.0732 | Reduce(s) 0.0054 | Loss 0.0770
Epoch 02079 | Accuracy 96.54%
Process 000 | Epoch 02099 | Time(s) 0.1095 | Comm(s) 0.0732 | Reduce(s) 0.0054 | Loss 0.0832
Epoch 02089 | Accuracy 96.55%
Process 000 | Epoch 02109 | Time(s) 0.1095 | Comm(s) 0.0731 | Reduce(s) 0.0054 | Loss 0.0812
Epoch 02099 | Accuracy 96.53%
Process 000 | Epoch 02119 | Time(s) 0.1095 | Comm(s) 0.0731 | Reduce(s) 0.0054 | Loss 0.0795
Epoch 02109 | Accuracy 96.55%
Process 000 | Epoch 02129 | Time(s) 0.1095 | Comm(s) 0.0731 | Reduce(s) 0.0054 | Loss 0.0792
Epoch 02119 | Accuracy 96.42%
Process 000 | Epoch 02139 | Time(s) 0.1095 | Comm(s) 0.0731 | Reduce(s) 0.0054 | Loss 0.0809
Epoch 02129 | Accuracy 96.48%
Process 000 | Epoch 02149 | Time(s) 0.1095 | Comm(s) 0.0731 | Reduce(s) 0.0054 | Loss 0.0792
Epoch 02139 | Accuracy 96.50%
Process 000 | Epoch 02159 | Time(s) 0.1095 | Comm(s) 0.0731 | Reduce(s) 0.0054 | Loss 0.0775
Epoch 02149 | Accuracy 96.46%
Process 000 | Epoch 02169 | Time(s) 0.1095 | Comm(s) 0.0731 | Reduce(s) 0.0054 | Loss 0.0811
Epoch 02159 | Accuracy 96.56%
Process 000 | Epoch 02179 | Time(s) 0.1095 | Comm(s) 0.0731 | Reduce(s) 0.0054 | Loss 0.0799
Epoch 02169 | Accuracy 96.52%
Process 000 | Epoch 02189 | Time(s) 0.1094 | Comm(s) 0.0731 | Reduce(s) 0.0054 | Loss 0.0787
Epoch 02179 | Accuracy 96.41%
Process 000 | Epoch 02199 | Time(s) 0.1094 | Comm(s) 0.0731 | Reduce(s) 0.0054 | Loss 0.0796
Epoch 02189 | Accuracy 96.52%
Process 000 | Epoch 02209 | Time(s) 0.1094 | Comm(s) 0.0731 | Reduce(s) 0.0054 | Loss 0.0800
Epoch 02199 | Accuracy 96.53%
Process 000 | Epoch 02219 | Time(s) 0.1094 | Comm(s) 0.0731 | Reduce(s) 0.0054 | Loss 0.0776
Epoch 02209 | Accuracy 96.52%
Process 000 | Epoch 02229 | Time(s) 0.1094 | Comm(s) 0.0731 | Reduce(s) 0.0054 | Loss 0.0816
Epoch 02219 | Accuracy 96.55%
Process 000 | Epoch 02239 | Time(s) 0.1094 | Comm(s) 0.0731 | Reduce(s) 0.0054 | Loss 0.0781
Epoch 02229 | Accuracy 96.57%
Process 000 | Epoch 02249 | Time(s) 0.1094 | Comm(s) 0.0731 | Reduce(s) 0.0054 | Loss 0.0792
Epoch 02239 | Accuracy 96.51%
Process 000 | Epoch 02259 | Time(s) 0.1094 | Comm(s) 0.0731 | Reduce(s) 0.0054 | Loss 0.0783
Epoch 02249 | Accuracy 96.46%
Process 000 | Epoch 02269 | Time(s) 0.1093 | Comm(s) 0.0731 | Reduce(s) 0.0054 | Loss 0.0797
Epoch 02259 | Accuracy 96.55%
Process 000 | Epoch 02279 | Time(s) 0.1093 | Comm(s) 0.0730 | Reduce(s) 0.0054 | Loss 0.0795
Epoch 02269 | Accuracy 96.54%
Process 000 | Epoch 02289 | Time(s) 0.1093 | Comm(s) 0.0730 | Reduce(s) 0.0054 | Loss 0.0787
Epoch 02279 | Accuracy 96.56%
Process 000 | Epoch 02299 | Time(s) 0.1093 | Comm(s) 0.0730 | Reduce(s) 0.0054 | Loss 0.0805
Epoch 02289 | Accuracy 96.55%
Process 000 | Epoch 02309 | Time(s) 0.1093 | Comm(s) 0.0730 | Reduce(s) 0.0054 | Loss 0.0805
Epoch 02299 | Accuracy 96.57%
Process 000 | Epoch 02319 | Time(s) 0.1093 | Comm(s) 0.0730 | Reduce(s) 0.0054 | Loss 0.0775
Epoch 02309 | Accuracy 96.57%
Process 000 | Epoch 02329 | Time(s) 0.1093 | Comm(s) 0.0730 | Reduce(s) 0.0054 | Loss 0.0767
Epoch 02319 | Accuracy 96.56%
Process 000 | Epoch 02339 | Time(s) 0.1093 | Comm(s) 0.0730 | Reduce(s) 0.0054 | Loss 0.0788
Epoch 02329 | Accuracy 96.54%
Process 000 | Epoch 02349 | Time(s) 0.1093 | Comm(s) 0.0730 | Reduce(s) 0.0054 | Loss 0.0764
Epoch 02339 | Accuracy 96.53%
Process 000 | Epoch 02359 | Time(s) 0.1093 | Comm(s) 0.0730 | Reduce(s) 0.0054 | Loss 0.0812
Epoch 02349 | Accuracy 96.61%
Process 000 | Epoch 02369 | Time(s) 0.1093 | Comm(s) 0.0730 | Reduce(s) 0.0054 | Loss 0.0757
Epoch 02359 | Accuracy 96.61%
Process 000 | Epoch 02379 | Time(s) 0.1093 | Comm(s) 0.0730 | Reduce(s) 0.0054 | Loss 0.0776
Epoch 02369 | Accuracy 96.58%
Process 000 | Epoch 02389 | Time(s) 0.1093 | Comm(s) 0.0730 | Reduce(s) 0.0054 | Loss 0.0792
Epoch 02379 | Accuracy 96.54%
Process 000 | Epoch 02399 | Time(s) 0.1093 | Comm(s) 0.0730 | Reduce(s) 0.0054 | Loss 0.0783
Epoch 02389 | Accuracy 96.53%
Process 000 | Epoch 02409 | Time(s) 0.1093 | Comm(s) 0.0730 | Reduce(s) 0.0054 | Loss 0.0766
Epoch 02399 | Accuracy 96.50%
Process 000 | Epoch 02419 | Time(s) 0.1093 | Comm(s) 0.0730 | Reduce(s) 0.0054 | Loss 0.0757
Epoch 02409 | Accuracy 96.50%
Process 000 | Epoch 02429 | Time(s) 0.1093 | Comm(s) 0.0730 | Reduce(s) 0.0054 | Loss 0.0806
Epoch 02419 | Accuracy 96.52%
Process 000 | Epoch 02439 | Time(s) 0.1093 | Comm(s) 0.0730 | Reduce(s) 0.0054 | Loss 0.0789
Epoch 02429 | Accuracy 96.47%
Process 000 | Epoch 02449 | Time(s) 0.1093 | Comm(s) 0.0730 | Reduce(s) 0.0054 | Loss 0.0779
Epoch 02439 | Accuracy 96.55%
Process 000 | Epoch 02459 | Time(s) 0.1093 | Comm(s) 0.0730 | Reduce(s) 0.0054 | Loss 0.0781
Epoch 02449 | Accuracy 96.53%
Process 000 | Epoch 02469 | Time(s) 0.1093 | Comm(s) 0.0730 | Reduce(s) 0.0054 | Loss 0.0745
Epoch 02459 | Accuracy 96.44%
Process 000 | Epoch 02479 | Time(s) 0.1092 | Comm(s) 0.0730 | Reduce(s) 0.0054 | Loss 0.0758
Epoch 02469 | Accuracy 96.52%
Process 000 | Epoch 02489 | Time(s) 0.1093 | Comm(s) 0.0730 | Reduce(s) 0.0054 | Loss 0.0764
Epoch 02479 | Accuracy 96.55%
Process 000 | Epoch 02499 | Time(s) 0.1092 | Comm(s) 0.0730 | Reduce(s) 0.0054 | Loss 0.0772
Epoch 02489 | Accuracy 96.49%
Process 000 | Epoch 02509 | Time(s) 0.1092 | Comm(s) 0.0730 | Reduce(s) 0.0054 | Loss 0.0770
Epoch 02499 | Accuracy 96.47%
Process 000 | Epoch 02519 | Time(s) 0.1092 | Comm(s) 0.0730 | Reduce(s) 0.0054 | Loss 0.0772
Epoch 02509 | Accuracy 96.49%
Process 000 | Epoch 02529 | Time(s) 0.1092 | Comm(s) 0.0730 | Reduce(s) 0.0054 | Loss 0.0749
Epoch 02519 | Accuracy 96.51%
Process 000 | Epoch 02539 | Time(s) 0.1092 | Comm(s) 0.0730 | Reduce(s) 0.0054 | Loss 0.0759
Epoch 02529 | Accuracy 96.50%
Process 000 | Epoch 02549 | Time(s) 0.1092 | Comm(s) 0.0730 | Reduce(s) 0.0054 | Loss 0.0770
Epoch 02539 | Accuracy 96.52%
Process 000 | Epoch 02559 | Time(s) 0.1092 | Comm(s) 0.0730 | Reduce(s) 0.0054 | Loss 0.0763
Epoch 02549 | Accuracy 96.53%
Process 000 | Epoch 02569 | Time(s) 0.1092 | Comm(s) 0.0729 | Reduce(s) 0.0054 | Loss 0.0740
Epoch 02559 | Accuracy 96.53%
Process 000 | Epoch 02579 | Time(s) 0.1092 | Comm(s) 0.0729 | Reduce(s) 0.0054 | Loss 0.0770
Epoch 02569 | Accuracy 96.53%
Process 000 | Epoch 02589 | Time(s) 0.1092 | Comm(s) 0.0730 | Reduce(s) 0.0054 | Loss 0.0768
Epoch 02579 | Accuracy 96.53%
Process 000 | Epoch 02599 | Time(s) 0.1093 | Comm(s) 0.0730 | Reduce(s) 0.0054 | Loss 0.0760
Epoch 02589 | Accuracy 96.52%
Process 000 | Epoch 02609 | Time(s) 0.1093 | Comm(s) 0.0730 | Reduce(s) 0.0054 | Loss 0.0779
Epoch 02599 | Accuracy 96.52%
Process 000 | Epoch 02619 | Time(s) 0.1093 | Comm(s) 0.0730 | Reduce(s) 0.0054 | Loss 0.0749
Epoch 02609 | Accuracy 96.51%
Process 000 | Epoch 02629 | Time(s) 0.1093 | Comm(s) 0.0730 | Reduce(s) 0.0054 | Loss 0.0752
Epoch 02619 | Accuracy 96.50%
Process 000 | Epoch 02639 | Time(s) 0.1094 | Comm(s) 0.0731 | Reduce(s) 0.0054 | Loss 0.0765
Epoch 02629 | Accuracy 96.51%
Process 000 | Epoch 02649 | Time(s) 0.1094 | Comm(s) 0.0731 | Reduce(s) 0.0054 | Loss 0.0739
Epoch 02639 | Accuracy 96.55%
Process 000 | Epoch 02659 | Time(s) 0.1094 | Comm(s) 0.0731 | Reduce(s) 0.0054 | Loss 0.0764
Epoch 02649 | Accuracy 96.55%
Process 000 | Epoch 02669 | Time(s) 0.1094 | Comm(s) 0.0731 | Reduce(s) 0.0054 | Loss 0.0747
Process 001 | Epoch 02659 | Time(s) 0.1773 | Comm(s) 0.0726 | Reduce(s) 0.0056 | Loss 0.0857
Process 001 | Epoch 02669 | Time(s) 0.1773 | Comm(s) 0.0726 | Reduce(s) 0.0056 | Loss 0.0830
Process 001 | Epoch 02679 | Time(s) 0.1773 | Comm(s) 0.0726 | Reduce(s) 0.0056 | Loss 0.0888
Process 001 | Epoch 02689 | Time(s) 0.1773 | Comm(s) 0.0726 | Reduce(s) 0.0056 | Loss 0.0826
Process 001 | Epoch 02699 | Time(s) 0.1772 | Comm(s) 0.0726 | Reduce(s) 0.0056 | Loss 0.0823
Process 001 | Epoch 02709 | Time(s) 0.1772 | Comm(s) 0.0726 | Reduce(s) 0.0056 | Loss 0.0851
Process 001 | Epoch 02719 | Time(s) 0.1772 | Comm(s) 0.0726 | Reduce(s) 0.0056 | Loss 0.0830
Process 001 | Epoch 02729 | Time(s) 0.1772 | Comm(s) 0.0726 | Reduce(s) 0.0056 | Loss 0.0848
Process 001 | Epoch 02739 | Time(s) 0.1772 | Comm(s) 0.0726 | Reduce(s) 0.0056 | Loss 0.0822
Process 001 | Epoch 02749 | Time(s) 0.1772 | Comm(s) 0.0726 | Reduce(s) 0.0056 | Loss 0.0845
Process 001 | Epoch 02759 | Time(s) 0.1772 | Comm(s) 0.0726 | Reduce(s) 0.0056 | Loss 0.0836
Process 001 | Epoch 02769 | Time(s) 0.1772 | Comm(s) 0.0727 | Reduce(s) 0.0056 | Loss 0.0859
Process 001 | Epoch 02779 | Time(s) 0.1772 | Comm(s) 0.0727 | Reduce(s) 0.0056 | Loss 0.0844
Process 001 | Epoch 02789 | Time(s) 0.1772 | Comm(s) 0.0727 | Reduce(s) 0.0056 | Loss 0.0828
Process 001 | Epoch 02799 | Time(s) 0.1772 | Comm(s) 0.0727 | Reduce(s) 0.0056 | Loss 0.0829
Process 001 | Epoch 02809 | Time(s) 0.1773 | Comm(s) 0.0727 | Reduce(s) 0.0056 | Loss 0.0868
Process 001 | Epoch 02819 | Time(s) 0.1773 | Comm(s) 0.0727 | Reduce(s) 0.0056 | Loss 0.0830
Process 001 | Epoch 02829 | Time(s) 0.1772 | Comm(s) 0.0727 | Reduce(s) 0.0056 | Loss 0.0797
Process 001 | Epoch 02839 | Time(s) 0.1773 | Comm(s) 0.0728 | Reduce(s) 0.0056 | Loss 0.0814
Process 001 | Epoch 02849 | Time(s) 0.1773 | Comm(s) 0.0728 | Reduce(s) 0.0056 | Loss 0.0832
Process 001 | Epoch 02859 | Time(s) 0.1773 | Comm(s) 0.0728 | Reduce(s) 0.0056 | Loss 0.0826
Process 001 | Epoch 02869 | Time(s) 0.1773 | Comm(s) 0.0728 | Reduce(s) 0.0056 | Loss 0.0840
Process 001 | Epoch 02879 | Time(s) 0.1773 | Comm(s) 0.0728 | Reduce(s) 0.0056 | Loss 0.0834
Process 001 | Epoch 02889 | Time(s) 0.1774 | Comm(s) 0.0728 | Reduce(s) 0.0056 | Loss 0.0829
Process 001 | Epoch 02899 | Time(s) 0.1774 | Comm(s) 0.0727 | Reduce(s) 0.0056 | Loss 0.0807
Process 001 | Epoch 02909 | Time(s) 0.1774 | Comm(s) 0.0727 | Reduce(s) 0.0056 | Loss 0.0827
Process 001 | Epoch 02919 | Time(s) 0.1774 | Comm(s) 0.0727 | Reduce(s) 0.0056 | Loss 0.0800
Process 001 | Epoch 02929 | Time(s) 0.1774 | Comm(s) 0.0727 | Reduce(s) 0.0056 | Loss 0.0834
Process 001 | Epoch 02939 | Time(s) 0.1775 | Comm(s) 0.0728 | Reduce(s) 0.0056 | Loss 0.0821
Process 001 | Epoch 02949 | Time(s) 0.1775 | Comm(s) 0.0728 | Reduce(s) 0.0056 | Loss 0.0837
Process 001 | Epoch 02959 | Time(s) 0.1774 | Comm(s) 0.0728 | Reduce(s) 0.0056 | Loss 0.0828
Process 001 | Epoch 02969 | Time(s) 0.1775 | Comm(s) 0.0728 | Reduce(s) 0.0056 | Loss 0.0838
Process 001 | Epoch 02979 | Time(s) 0.1775 | Comm(s) 0.0728 | Reduce(s) 0.0056 | Loss 0.0804
Process 001 | Epoch 02989 | Time(s) 0.1775 | Comm(s) 0.0728 | Reduce(s) 0.0056 | Loss 0.0840
Process 001 | Epoch 02999 | Time(s) 0.1775 | Comm(s) 0.0728 | Reduce(s) 0.0056 | Loss 0.0818
(rank 1) memory stats: current 1284.32MB, peak 3406.22MB, reserved 3898.00MB

Epoch 02659 | Accuracy 96.50%
Process 000 | Epoch 02679 | Time(s) 0.1094 | Comm(s) 0.0731 | Reduce(s) 0.0054 | Loss 0.0760
Epoch 02669 | Accuracy 96.55%
Process 000 | Epoch 02689 | Time(s) 0.1094 | Comm(s) 0.0731 | Reduce(s) 0.0054 | Loss 0.0734
Epoch 02679 | Accuracy 96.50%
Process 000 | Epoch 02699 | Time(s) 0.1094 | Comm(s) 0.0731 | Reduce(s) 0.0054 | Loss 0.0745
Epoch 02689 | Accuracy 96.55%
Process 000 | Epoch 02709 | Time(s) 0.1094 | Comm(s) 0.0731 | Reduce(s) 0.0054 | Loss 0.0751
Epoch 02699 | Accuracy 96.57%
Process 000 | Epoch 02719 | Time(s) 0.1094 | Comm(s) 0.0730 | Reduce(s) 0.0054 | Loss 0.0747
Epoch 02709 | Accuracy 96.55%
Process 000 | Epoch 02729 | Time(s) 0.1094 | Comm(s) 0.0731 | Reduce(s) 0.0054 | Loss 0.0748
Epoch 02719 | Accuracy 96.49%
Process 000 | Epoch 02739 | Time(s) 0.1094 | Comm(s) 0.0731 | Reduce(s) 0.0054 | Loss 0.0749
Epoch 02729 | Accuracy 96.56%
Process 000 | Epoch 02749 | Time(s) 0.1094 | Comm(s) 0.0731 | Reduce(s) 0.0054 | Loss 0.0754
Epoch 02739 | Accuracy 96.55%
Process 000 | Epoch 02759 | Time(s) 0.1095 | Comm(s) 0.0731 | Reduce(s) 0.0054 | Loss 0.0768
Epoch 02749 | Accuracy 96.58%
Process 000 | Epoch 02769 | Time(s) 0.1095 | Comm(s) 0.0731 | Reduce(s) 0.0054 | Loss 0.0743
Epoch 02759 | Accuracy 96.54%
Process 000 | Epoch 02779 | Time(s) 0.1095 | Comm(s) 0.0731 | Reduce(s) 0.0054 | Loss 0.0754
Epoch 02769 | Accuracy 96.50%
Process 000 | Epoch 02789 | Time(s) 0.1095 | Comm(s) 0.0731 | Reduce(s) 0.0054 | Loss 0.0724
Epoch 02779 | Accuracy 96.58%
Process 000 | Epoch 02799 | Time(s) 0.1095 | Comm(s) 0.0731 | Reduce(s) 0.0054 | Loss 0.0768
Epoch 02789 | Accuracy 96.47%
Process 000 | Epoch 02809 | Time(s) 0.1096 | Comm(s) 0.0732 | Reduce(s) 0.0054 | Loss 0.0770
Epoch 02799 | Accuracy 96.54%
Process 000 | Epoch 02819 | Time(s) 0.1096 | Comm(s) 0.0732 | Reduce(s) 0.0054 | Loss 0.0746
Epoch 02809 | Accuracy 96.50%
Process 000 | Epoch 02829 | Time(s) 0.1096 | Comm(s) 0.0732 | Reduce(s) 0.0054 | Loss 0.0752
Epoch 02819 | Accuracy 96.45%
Process 000 | Epoch 02839 | Time(s) 0.1097 | Comm(s) 0.0732 | Reduce(s) 0.0054 | Loss 0.0727
Epoch 02829 | Accuracy 96.50%
Process 000 | Epoch 02849 | Time(s) 0.1097 | Comm(s) 0.0732 | Reduce(s) 0.0054 | Loss 0.0738
Epoch 02839 | Accuracy 96.48%
Process 000 | Epoch 02859 | Time(s) 0.1097 | Comm(s) 0.0732 | Reduce(s) 0.0054 | Loss 0.0742
Epoch 02849 | Accuracy 96.53%
Process 000 | Epoch 02869 | Time(s) 0.1097 | Comm(s) 0.0732 | Reduce(s) 0.0054 | Loss 0.0713
Epoch 02859 | Accuracy 96.55%
Process 000 | Epoch 02879 | Time(s) 0.1097 | Comm(s) 0.0732 | Reduce(s) 0.0054 | Loss 0.0740
Epoch 02869 | Accuracy 96.53%
Process 000 | Epoch 02889 | Time(s) 0.1097 | Comm(s) 0.0732 | Reduce(s) 0.0054 | Loss 0.0728
Epoch 02879 | Accuracy 96.42%
Process 000 | Epoch 02899 | Time(s) 0.1096 | Comm(s) 0.0732 | Reduce(s) 0.0054 | Loss 0.0748
Epoch 02889 | Accuracy 96.48%
Process 000 | Epoch 02909 | Time(s) 0.1097 | Comm(s) 0.0732 | Reduce(s) 0.0054 | Loss 0.0754
Epoch 02899 | Accuracy 96.53%
Process 000 | Epoch 02919 | Time(s) 0.1096 | Comm(s) 0.0732 | Reduce(s) 0.0054 | Loss 0.0730
Epoch 02909 | Accuracy 96.54%
Process 000 | Epoch 02929 | Time(s) 0.1096 | Comm(s) 0.0732 | Reduce(s) 0.0054 | Loss 0.0734
Epoch 02919 | Accuracy 96.58%
Process 000 | Epoch 02939 | Time(s) 0.1097 | Comm(s) 0.0732 | Reduce(s) 0.0054 | Loss 0.0721
Epoch 02929 | Accuracy 96.58%
Process 000 | Epoch 02949 | Time(s) 0.1097 | Comm(s) 0.0732 | Reduce(s) 0.0054 | Loss 0.0706
Epoch 02939 | Accuracy 96.54%
Process 000 | Epoch 02959 | Time(s) 0.1097 | Comm(s) 0.0732 | Reduce(s) 0.0054 | Loss 0.0742
Epoch 02949 | Accuracy 96.61%
Process 000 | Epoch 02969 | Time(s) 0.1097 | Comm(s) 0.0732 | Reduce(s) 0.0054 | Loss 0.0752
Epoch 02959 | Accuracy 96.51%
Process 000 | Epoch 02979 | Time(s) 0.1097 | Comm(s) 0.0732 | Reduce(s) 0.0054 | Loss 0.0738
Epoch 02969 | Accuracy 96.49%
Process 000 | Epoch 02989 | Time(s) 0.1097 | Comm(s) 0.0732 | Reduce(s) 0.0054 | Loss 0.0708
Epoch 02979 | Accuracy 96.42%
Process 000 | Epoch 02999 | Time(s) 0.1097 | Comm(s) 0.0732 | Reduce(s) 0.0054 | Loss 0.0734
Epoch 02989 | Accuracy 96.49%
(rank 0) memory stats: current 1186.77MB, peak 3271.01MB, reserved 3794.00MB
Epoch 02999 | Accuracy 96.53%
model saved
Max Validation Accuracy 96.61%
Test Result | Accuracy 97.07%
