/home/zhaoyu/miniconda3/envs/test/lib/python3.11/site-packages/dgl/graphbolt/__init__.py:114: GBWarning: 
An experimental feature for CUDA allocations is turned on for better allocation
pattern resulting in better memory usage for minibatch GNN training workloads.
See https://pytorch.org/docs/stable/notes/cuda.html#optimizing-memory-usage-with-pytorch-cuda-alloc-conf,
and set the environment variable `PYTORCH_CUDA_ALLOC_CONF=expandable_segments:False`
if you want to disable it and set it True to acknowledge and disable the warning.

  gb_warning(WARNING_STR_TO_BE_SHOWN)
Namespace(dataset='reddit', data_path='./dataset/', part_path='./partition/', graph_name='reddit-2-metis-vol-induc', model='graphsage', dropout=0.5, lr=0.01, sampling_rate=0.1, heads=1, n_epochs=3000, n_partitions=2, n_hidden=256, n_layers=4, log_every=10, weight_decay=0, norm='layer', partition_obj='vol', partition_method='metis', n_linear=0, use_pp=True, inductive=True, fix_seed=True, seed=8, backend='gloo', port=18118, master_addr='127.0.0.1', node_rank=0, parts_per_node=10, skip_partition=True, eval=True)
loading partitions
Process 0 has 144839 nodes, 28484466 edges 78250 inner nodes, and 20593238 inner edges.
Process 0 start training
Process 000 | Epoch 00009 | Time(s) 0.0927 | Comm(s) 0.0639 | Reduce(s) 0.0053 | Loss 2.5383
Process 000 | Epoch 00019 | Time(s) 0.0902 | Comm(s) 0.0616 | Reduce(s) 0.0051 | Loss 1.5674
Epoch 00009 | Accuracy 25.93%
Process 000 | Epoch 00029 | Time(s) 0.1003 | Comm(s) 0.0682 | Reduce(s) 0.0051 | Loss 0.9082
Epoch 00019 | Accuracy 52.33%
Process 000 | Epoch 00039 | Time(s) 0.1045 | Comm(s) 0.0711 | Reduce(s) 0.0050 | Loss 0.6310
Epoch 00029 | Accuracy 69.07%
Process 000 | Epoch 00049 | Time(s) 0.1083 | Comm(s) 0.0736 | Reduce(s) 0.0055 | Loss 0.4973
Epoch 00039 | Accuracy 81.44%
Process 000 | Epoch 00059 | Time(s) 0.1091 | Comm(s) 0.0738 | Reduce(s) 0.0058 | Loss 0.4305
Epoch 00049 | Accuracy 88.74%
Process 000 | Epoch 00069 | Time(s) 0.1099 | Comm(s) 0.0744 | Reduce(s) 0.0057 | Loss 0.3845
Epoch 00059 | Accuracy 91.65%
Process 000 | Epoch 00079 | Time(s) 0.1098 | Comm(s) 0.0744 | Reduce(s) 0.0057 | Loss 0.3485
Epoch 00069 | Accuracy 92.48%
Process 000 | Epoch 00089 | Time(s) 0.1099 | Comm(s) 0.0745 | Reduce(s) 0.0058 | Loss 0.3284
Epoch 00079 | Accuracy 93.13%
Process 000 | Epoch 00099 | Time(s) 0.1098 | Comm(s) 0.0743 | Reduce(s) 0.0058 | Loss 0.3037
Epoch 00089 | Accuracy 93.50%
Process 000 | Epoch 00109 | Time(s) 0.1099 | Comm(s) 0.0745 | Reduce(s) 0.0059 | Loss 0.2940
Epoch 00099 | Accuracy 93.89%
Process 000 | Epoch 00119 | Time(s) 0.1103 | Comm(s) 0.0747 | Reduce(s) 0.0059 | Loss 0.2806
Epoch 00109 | Accuracy 94.07%
Process 000 | Epoch 00129 | Time(s) 0.1105 | Comm(s) 0.0746 | Reduce(s) 0.0058 | Loss 0.2698
Epoch 00119 | Accuracy 94.34%
Process 000 | Epoch 00139 | Time(s) 0.1106 | Comm(s) 0.0748 | Reduce(s) 0.0058 | Loss 0.2560
Epoch 00129 | Accuracy 94.47%
Process 000 | Epoch 00149 | Time(s) 0.1112 | Comm(s) 0.0752 | Reduce(s) 0.0058 | Loss 0.2517
Epoch 00139 | Accuracy 94.73%
Process 000 | Epoch 00159 | Time(s) 0.1113 | Comm(s) 0.0753 | Reduce(s) 0.0057 | Loss 0.2461
Epoch 00149 | Accuracy 94.84%
Process 000 | Epoch 00169 | Time(s) 0.1112 | Comm(s) 0.0754 | Reduce(s) 0.0057 | Loss 0.2377
Epoch 00159 | Accuracy 94.99%
Process 000 | Epoch 00179 | Time(s) 0.1115 | Comm(s) 0.0756 | Reduce(s) 0.0057 | Loss 0.2336
Epoch 00169 | Accuracy 95.03%
Process 000 | Epoch 00189 | Time(s) 0.1115 | Comm(s) 0.0757 | Reduce(s) 0.0057 | Loss 0.2265
Epoch 00179 | Accuracy 95.14%
Process 000 | Epoch 00199 | Time(s) 0.1114 | Comm(s) 0.0756 | Reduce(s) 0.0057 | Loss 0.2223
Epoch 00189 | Accuracy 95.24%
Process 000 | Epoch 00209 | Time(s) 0.1116 | Comm(s) 0.0759 | Reduce(s) 0.0057 | Loss 0.2196
Epoch 00199 | Accuracy 95.25%
Process 000 | Epoch 00219 | Time(s) 0.1115 | Comm(s) 0.0759 | Reduce(s) 0.0057 | Loss 0.2108
Epoch 00209 | Accuracy 95.34%
Process 000 | Epoch 00229 | Time(s) 0.1116 | Comm(s) 0.0760 | Reduce(s) 0.0057 | Loss 0.2101
Epoch 00219 | Accuracy 95.42%
Process 000 | Epoch 00239 | Time(s) 0.1117 | Comm(s) 0.0761 | Reduce(s) 0.0057 | Loss 0.2030
Epoch 00229 | Accuracy 95.51%
Process 000 | Epoch 00249 | Time(s) 0.1121 | Comm(s) 0.0765 | Reduce(s) 0.0057 | Loss 0.1994
Epoch 00239 | Accuracy 95.56%
Process 000 | Epoch 00259 | Time(s) 0.1120 | Comm(s) 0.0763 | Reduce(s) 0.0057 | Loss 0.1979
Epoch 00249 | Accuracy 95.62%
Process 000 | Epoch 00269 | Time(s) 0.1120 | Comm(s) 0.0763 | Reduce(s) 0.0057 | Loss 0.1882
Epoch 00259 | Accuracy 95.63%
Process 000 | Epoch 00279 | Time(s) 0.1121 | Comm(s) 0.0764 | Reduce(s) 0.0057 | Loss 0.1909
Epoch 00269 | Accuracy 95.71%
Process 000 | Epoch 00289 | Time(s) 0.1123 | Comm(s) 0.0767 | Reduce(s) 0.0057 | Loss 0.1860
Epoch 00279 | Accuracy 95.77%
Process 000 | Epoch 00299 | Time(s) 0.1122 | Comm(s) 0.0766 | Reduce(s) 0.0057 | Loss 0.1807
Epoch 00289 | Accuracy 95.88%
Process 000 | Epoch 00309 | Time(s) 0.1124 | Comm(s) 0.0767 | Reduce(s) 0.0057 | Loss 0.1788
Epoch 00299 | Accuracy 95.80%
Process 000 | Epoch 00319 | Time(s) 0.1123 | Comm(s) 0.0767 | Reduce(s) 0.0057 | Loss 0.1745
Epoch 00309 | Accuracy 95.94%
Process 000 | Epoch 00329 | Time(s) 0.1124 | Comm(s) 0.0767 | Reduce(s) 0.0056 | Loss 0.1750
Epoch 00319 | Accuracy 95.90%
Process 000 | Epoch 00339 | Time(s) 0.1126 | Comm(s) 0.0769 | Reduce(s) 0.0057 | Loss 0.1704
Epoch 00329 | Accuracy 95.93%
Process 000 | Epoch 00349 | Time(s) 0.1126 | Comm(s) 0.0768 | Reduce(s) 0.0057 | Loss 0.1667
Epoch 00339 | Accuracy 95.95%
Process 000 | Epoch 00359 | Time(s) 0.1125 | Comm(s) 0.0767 | Reduce(s) 0.0057 | Loss 0.1675
Epoch 00349 | Accuracy 96.01%
Process 000 | Epoch 00369 | Time(s) 0.1127 | Comm(s) 0.0767 | Reduce(s) 0.0057 | Loss 0.1649
Epoch 00359 | Accuracy 96.07%
Process 000 | Epoch 00379 | Time(s) 0.1128 | Comm(s) 0.0767 | Reduce(s) 0.0057 | Loss 0.1630
Epoch 00369 | Accuracy 96.06%
Process 000 | Epoch 00389 | Time(s) 0.1128 | Comm(s) 0.0767 | Reduce(s) 0.0057 | Loss 0.1563
Epoch 00379 | Accuracy 96.10%
Process 000 | Epoch 00399 | Time(s) 0.1130 | Comm(s) 0.0768 | Reduce(s) 0.0057 | Loss 0.1565
Epoch 00389 | Accuracy 96.04%
Process 000 | Epoch 00409 | Time(s) 0.1130 | Comm(s) 0.0768 | Reduce(s) 0.0057 | Loss 0.1536
Epoch 00399 | Accuracy 96.14%
Process 000 | Epoch 00419 | Time(s) 0.1131 | Comm(s) 0.0769 | Reduce(s) 0.0057 | Loss 0.1515
Epoch 00409 | Accuracy 96.13%
Process 000 | Epoch 00429 | Time(s) 0.1133 | Comm(s) 0.0769 | Reduce(s) 0.0057 | Loss 0.1494
Epoch 00419 | Accuracy 96.11%
Process 000 | Epoch 00439 | Time(s) 0.1134 | Comm(s) 0.0770 | Reduce(s) 0.0057 | Loss 0.1455
Epoch 00429 | Accuracy 96.17%
Process 000 | Epoch 00449 | Time(s) 0.1135 | Comm(s) 0.0771 | Reduce(s) 0.0057 | Loss 0.1465
Epoch 00439 | Accuracy 96.16%
Process 000 | Epoch 00459 | Time(s) 0.1135 | Comm(s) 0.0771 | Reduce(s) 0.0057 | Loss 0.1452
Epoch 00449 | Accuracy 96.15%
Process 000 | Epoch 00469 | Time(s) 0.1135 | Comm(s) 0.0770 | Reduce(s) 0.0057 | Loss 0.1463
Epoch 00459 | Accuracy 96.12%
Process 000 | Epoch 00479 | Time(s) 0.1135 | Comm(s) 0.0770 | Reduce(s) 0.0057 | Loss 0.1436
Epoch 00469 | Accuracy 96.15%
Process 000 | Epoch 00489 | Time(s) 0.1135 | Comm(s) 0.0770 | Reduce(s) 0.0057 | Loss 0.1360
Epoch 00479 | Accuracy 96.21%
Process 000 | Epoch 00499 | Time(s) 0.1135 | Comm(s) 0.0770 | Reduce(s) 0.0058 | Loss 0.1372
Epoch 00489 | Accuracy 96.18%
Process 000 | Epoch 00509 | Time(s) 0.1135 | Comm(s) 0.0770 | Reduce(s) 0.0057 | Loss 0.1362
Epoch 00499 | Accuracy 96.18%
Process 000 | Epoch 00519 | Time(s) 0.1134 | Comm(s) 0.0768 | Reduce(s) 0.0058 | Loss 0.1362
Epoch 00509 | Accuracy 96.25%
Process 000 | Epoch 00529 | Time(s) 0.1136 | Comm(s) 0.0769 | Reduce(s) 0.0057 | Loss 0.1356
Epoch 00519 | Accuracy 96.27%
Process 000 | Epoch 00539 | Time(s) 0.1136 | Comm(s) 0.0769 | Reduce(s) 0.0057 | Loss 0.1319
Epoch 00529 | Accuracy 96.24%
Process 000 | Epoch 00549 | Time(s) 0.1137 | Comm(s) 0.0769 | Reduce(s) 0.0058 | Loss 0.1325
Epoch 00539 | Accuracy 96.28%
Process 000 | Epoch 00559 | Time(s) 0.1138 | Comm(s) 0.0770 | Reduce(s) 0.0058 | Loss 0.1301
Epoch 00549 | Accuracy 96.33%
Process 000 | Epoch 00569 | Time(s) 0.1138 | Comm(s) 0.0770 | Reduce(s) 0.0058 | Loss 0.1257
Epoch 00559 | Accuracy 96.29%
Process 000 | Epoch 00579 | Time(s) 0.1139 | Comm(s) 0.0770 | Reduce(s) 0.0057 | Loss 0.1291
Epoch 00569 | Accuracy 96.38%
Process 000 | Epoch 00589 | Time(s) 0.1141 | Comm(s) 0.0771 | Reduce(s) 0.0058 | Loss 0.1286
Epoch 00579 | Accuracy 96.35%
Process 000 | Epoch 00599 | Time(s) 0.1141 | Comm(s) 0.0771 | Reduce(s) 0.0058 | Loss 0.1265
Epoch 00589 | Accuracy 96.29%
Process 000 | Epoch 00609 | Time(s) 0.1142 | Comm(s) 0.0772 | Reduce(s) 0.0058 | Loss 0.1263
Epoch 00599 | Accuracy 96.28%
Process 000 | Epoch 00619 | Time(s) 0.1143 | Comm(s) 0.0773 | Reduce(s) 0.0057 | Loss 0.1223
Epoch 00609 | Accuracy 96.34%
Process 000 | Epoch 00629 | Time(s) 0.1142 | Comm(s) 0.0772 | Reduce(s) 0.0057 | Loss 0.1230
Epoch 00619 | Accuracy 96.34%
Process 000 | Epoch 00639 | Time(s) 0.1142 | Comm(s) 0.0772 | Reduce(s) 0.0057 | Loss 0.1211
Epoch 00629 | Accuracy 96.41%
Process 000 | Epoch 00649 | Time(s) 0.1143 | Comm(s) 0.0773 | Reduce(s) 0.0057 | Loss 0.1227
Epoch 00639 | Accuracy 96.39%
Process 000 | Epoch 00659 | Time(s) 0.1143 | Comm(s) 0.0772 | Reduce(s) 0.0057 | Loss 0.1202
Epoch 00649 | Accuracy 96.35%loading partitions
Process 1 has 108813 nodes, 31844953 edges 75181 inner nodes, and 23953725 inner edges.
Process 1 start training
Process 001 | Epoch 00009 | Time(s) 0.0928 | Comm(s) 0.0641 | Reduce(s) 0.0053 | Loss 3.8762
Process 001 | Epoch 00019 | Time(s) 0.0913 | Comm(s) 0.0615 | Reduce(s) 0.0053 | Loss 2.6741
Process 001 | Epoch 00029 | Time(s) 0.2113 | Comm(s) 0.0677 | Reduce(s) 0.0053 | Loss 1.7112
Process 001 | Epoch 00039 | Time(s) 0.1993 | Comm(s) 0.0711 | Reduce(s) 0.0052 | Loss 1.1174
Process 001 | Epoch 00049 | Time(s) 0.1926 | Comm(s) 0.0739 | Reduce(s) 0.0055 | Loss 0.7204
Process 001 | Epoch 00059 | Time(s) 0.1865 | Comm(s) 0.0742 | Reduce(s) 0.0054 | Loss 0.5369
Process 001 | Epoch 00069 | Time(s) 0.1849 | Comm(s) 0.0746 | Reduce(s) 0.0053 | Loss 0.4448
Process 001 | Epoch 00079 | Time(s) 0.1813 | Comm(s) 0.0744 | Reduce(s) 0.0054 | Loss 0.3910
Process 001 | Epoch 00089 | Time(s) 0.1784 | Comm(s) 0.0744 | Reduce(s) 0.0054 | Loss 0.3661
Process 001 | Epoch 00099 | Time(s) 0.1780 | Comm(s) 0.0743 | Reduce(s) 0.0055 | Loss 0.3308
Process 001 | Epoch 00109 | Time(s) 0.1782 | Comm(s) 0.0744 | Reduce(s) 0.0056 | Loss 0.3139
Process 001 | Epoch 00119 | Time(s) 0.1778 | Comm(s) 0.0746 | Reduce(s) 0.0056 | Loss 0.2987
Process 001 | Epoch 00129 | Time(s) 0.1776 | Comm(s) 0.0749 | Reduce(s) 0.0056 | Loss 0.2866
Process 001 | Epoch 00139 | Time(s) 0.1780 | Comm(s) 0.0750 | Reduce(s) 0.0055 | Loss 0.2777
Process 001 | Epoch 00149 | Time(s) 0.1781 | Comm(s) 0.0754 | Reduce(s) 0.0055 | Loss 0.2720
Process 001 | Epoch 00159 | Time(s) 0.1785 | Comm(s) 0.0754 | Reduce(s) 0.0056 | Loss 0.2596
Process 001 | Epoch 00169 | Time(s) 0.1782 | Comm(s) 0.0754 | Reduce(s) 0.0055 | Loss 0.2486
Process 001 | Epoch 00179 | Time(s) 0.1782 | Comm(s) 0.0756 | Reduce(s) 0.0055 | Loss 0.2462
Process 001 | Epoch 00189 | Time(s) 0.1779 | Comm(s) 0.0757 | Reduce(s) 0.0055 | Loss 0.2391
Process 001 | Epoch 00199 | Time(s) 0.1777 | Comm(s) 0.0757 | Reduce(s) 0.0055 | Loss 0.2323
Process 001 | Epoch 00209 | Time(s) 0.1780 | Comm(s) 0.0759 | Reduce(s) 0.0055 | Loss 0.2328
Process 001 | Epoch 00219 | Time(s) 0.1782 | Comm(s) 0.0758 | Reduce(s) 0.0055 | Loss 0.2240
Process 001 | Epoch 00229 | Time(s) 0.1779 | Comm(s) 0.0758 | Reduce(s) 0.0055 | Loss 0.2138
Process 001 | Epoch 00239 | Time(s) 0.1776 | Comm(s) 0.0758 | Reduce(s) 0.0055 | Loss 0.2140
Process 001 | Epoch 00249 | Time(s) 0.1778 | Comm(s) 0.0761 | Reduce(s) 0.0055 | Loss 0.2111
Process 001 | Epoch 00259 | Time(s) 0.1772 | Comm(s) 0.0759 | Reduce(s) 0.0055 | Loss 0.2088
Process 001 | Epoch 00269 | Time(s) 0.1773 | Comm(s) 0.0758 | Reduce(s) 0.0055 | Loss 0.2014
Process 001 | Epoch 00279 | Time(s) 0.1777 | Comm(s) 0.0758 | Reduce(s) 0.0056 | Loss 0.2036
Process 001 | Epoch 00289 | Time(s) 0.1778 | Comm(s) 0.0760 | Reduce(s) 0.0056 | Loss 0.1954
Process 001 | Epoch 00299 | Time(s) 0.1773 | Comm(s) 0.0758 | Reduce(s) 0.0056 | Loss 0.1911
Process 001 | Epoch 00309 | Time(s) 0.1774 | Comm(s) 0.0759 | Reduce(s) 0.0055 | Loss 0.1917
Process 001 | Epoch 00319 | Time(s) 0.1773 | Comm(s) 0.0758 | Reduce(s) 0.0055 | Loss 0.1872
Process 001 | Epoch 00329 | Time(s) 0.1776 | Comm(s) 0.0758 | Reduce(s) 0.0055 | Loss 0.1835
Process 001 | Epoch 00339 | Time(s) 0.1777 | Comm(s) 0.0759 | Reduce(s) 0.0056 | Loss 0.1789
Process 001 | Epoch 00349 | Time(s) 0.1774 | Comm(s) 0.0758 | Reduce(s) 0.0056 | Loss 0.1830
Process 001 | Epoch 00359 | Time(s) 0.1773 | Comm(s) 0.0758 | Reduce(s) 0.0056 | Loss 0.1757
Process 001 | Epoch 00369 | Time(s) 0.1774 | Comm(s) 0.0758 | Reduce(s) 0.0056 | Loss 0.1727
Process 001 | Epoch 00379 | Time(s) 0.1773 | Comm(s) 0.0758 | Reduce(s) 0.0056 | Loss 0.1711
Process 001 | Epoch 00389 | Time(s) 0.1773 | Comm(s) 0.0758 | Reduce(s) 0.0056 | Loss 0.1679
Process 001 | Epoch 00399 | Time(s) 0.1774 | Comm(s) 0.0759 | Reduce(s) 0.0056 | Loss 0.1686
Process 001 | Epoch 00409 | Time(s) 0.1775 | Comm(s) 0.0758 | Reduce(s) 0.0057 | Loss 0.1658
Process 001 | Epoch 00419 | Time(s) 0.1776 | Comm(s) 0.0759 | Reduce(s) 0.0057 | Loss 0.1611
Process 001 | Epoch 00429 | Time(s) 0.1777 | Comm(s) 0.0760 | Reduce(s) 0.0057 | Loss 0.1629
Process 001 | Epoch 00439 | Time(s) 0.1776 | Comm(s) 0.0761 | Reduce(s) 0.0057 | Loss 0.1606
Process 001 | Epoch 00449 | Time(s) 0.1777 | Comm(s) 0.0761 | Reduce(s) 0.0057 | Loss 0.1594
Process 001 | Epoch 00459 | Time(s) 0.1776 | Comm(s) 0.0761 | Reduce(s) 0.0057 | Loss 0.1587
Process 001 | Epoch 00469 | Time(s) 0.1777 | Comm(s) 0.0760 | Reduce(s) 0.0057 | Loss 0.1544
Process 001 | Epoch 00479 | Time(s) 0.1777 | Comm(s) 0.0761 | Reduce(s) 0.0057 | Loss 0.1565
Process 001 | Epoch 00489 | Time(s) 0.1776 | Comm(s) 0.0761 | Reduce(s) 0.0057 | Loss 0.1506
Process 001 | Epoch 00499 | Time(s) 0.1777 | Comm(s) 0.0760 | Reduce(s) 0.0057 | Loss 0.1493
Process 001 | Epoch 00509 | Time(s) 0.1776 | Comm(s) 0.0760 | Reduce(s) 0.0057 | Loss 0.1467
Process 001 | Epoch 00519 | Time(s) 0.1774 | Comm(s) 0.0758 | Reduce(s) 0.0057 | Loss 0.1440
Process 001 | Epoch 00529 | Time(s) 0.1777 | Comm(s) 0.0759 | Reduce(s) 0.0057 | Loss 0.1433
Process 001 | Epoch 00539 | Time(s) 0.1775 | Comm(s) 0.0759 | Reduce(s) 0.0057 | Loss 0.1456
Process 001 | Epoch 00549 | Time(s) 0.1775 | Comm(s) 0.0759 | Reduce(s) 0.0057 | Loss 0.1404
Process 001 | Epoch 00559 | Time(s) 0.1775 | Comm(s) 0.0760 | Reduce(s) 0.0057 | Loss 0.1431
Process 001 | Epoch 00569 | Time(s) 0.1774 | Comm(s) 0.0760 | Reduce(s) 0.0057 | Loss 0.1389
Process 001 | Epoch 00579 | Time(s) 0.1773 | Comm(s) 0.0760 | Reduce(s) 0.0057 | Loss 0.1408
Process 001 | Epoch 00589 | Time(s) 0.1774 | Comm(s) 0.0761 | Reduce(s) 0.0057 | Loss 0.1384
Process 001 | Epoch 00599 | Time(s) 0.1773 | Comm(s) 0.0761 | Reduce(s) 0.0057 | Loss 0.1406
Process 001 | Epoch 00609 | Time(s) 0.1774 | Comm(s) 0.0761 | Reduce(s) 0.0057 | Loss 0.1371
Process 001 | Epoch 00619 | Time(s) 0.1774 | Comm(s) 0.0761 | Reduce(s) 0.0057 | Loss 0.1353
Process 001 | Epoch 00629 | Time(s) 0.1774 | Comm(s) 0.0761 | Reduce(s) 0.0057 | Loss 0.1344
Process 001 | Epoch 00639 | Time(s) 0.1774 | Comm(s) 0.0761 | Reduce(s) 0.0057 | Loss 0.1330
Process 001 | Epoch 00649 | Time(s) 0.1775 | Comm(s) 0.0762 | Reduce(s) 0.0057 | Loss 0.1305
Process 001 | Epoch 00659 | Time(s) 0.1774 | Comm(s) 0.0761 | Reduce(s) 0.0057 | Loss 0.1335
Process 001 | Epoch 00669 | Time(s) 0.1774 | Comm(s) 0.0761 | Reduce(s) 0.0057 | Loss 0.1315
Process 001 | Epoch 00679 | Time(s) 0.1774 | Comm(s) 0.0761 | Reduce(s) 0.0057 | Loss 0.1305
Process 001 | Epoch 00689 | Time(s) 0.1774 | Comm(s) 0.0763 | Reduce(s) 0.0057 | Loss 0.1297
Process 001 | Epoch 00699 | Time(s) 0.1773 | Comm(s) 0.0763 | Reduce(s) 0.0057 | Loss 0.1284
Process 001 | Epoch 00709 | Time(s) 0.1773 | Comm(s) 0.0763 | Reduce(s) 0.0057 | Loss 0.1251
Process 001 | Epoch 00719 | Time(s) 0.1774 | Comm(s) 0.0763 | Reduce(s) 0.0057 | Loss 0.1265
Process 001 | Epoch 00729 | Time(s) 0.1774 | Comm(s) 0.0763 | Reduce(s) 0.0057 | Loss 0.1260
Process 001 | Epoch 00739 | Time(s) 0.1773 | Comm(s) 0.0763 | Reduce(s) 0.0057 | Loss 0.1259
Process 001 | Epoch 00749 | Time(s) 0.1774 | Comm(s) 0.0763 | Reduce(s) 0.0057 | Loss 0.1264
Process 001 | Epoch 00759 | Time(s) 0.1774 | Comm(s) 0.0763 | Reduce(s) 0.0057 | Loss 0.1289
Process 001 | Epoch 00769 | Time(s) 0.1775 | Comm(s) 0.0763 | Reduce(s) 0.0057 | Loss 0.1239
Process 001 | Epoch 00779 | Time(s) 0.1775 | Comm(s) 0.0764 | Reduce(s) 0.0057 | Loss 0.1248
Process 001 | Epoch 00789 | Time(s) 0.1774 | Comm(s) 0.0764 | Reduce(s) 0.0057 | Loss 0.1200
Process 001 | Epoch 00799 | Time(s) 0.1774 | Comm(s) 0.0764 | Reduce(s) 0.0057 | Loss 0.1214
Process 001 | Epoch 00809 | Time(s) 0.1773 | Comm(s) 0.0764 | Reduce(s) 0.0057 | Loss 0.1190
Process 001 | Epoch 00819 | Time(s) 0.1773 | Comm(s) 0.0764 | Reduce(s) 0.0057 | Loss 0.1184
Process 001 | Epoch 00829 | Time(s) 0.1773 | Comm(s) 0.0764 | Reduce(s) 0.0057 | Loss 0.1201
Process 001 | Epoch 00839 | Time(s) 0.1772 | Comm(s) 0.0764 | Reduce(s) 0.0057 | Loss 0.1194
Process 001 | Epoch 00849 | Time(s) 0.1773 | Comm(s) 0.0765 | Reduce(s) 0.0057 | Loss 0.1173
Process 001 | Epoch 00859 | Time(s) 0.1773 | Comm(s) 0.0764 | Reduce(s) 0.0057 | Loss 0.1174
Process 001 | Epoch 00869 | Time(s) 0.1773 | Comm(s) 0.0765 | Reduce(s) 0.0057 | Loss 0.1198
Process 000 | Epoch 00669 | Time(s) 0.1143 | Comm(s) 0.0772 | Reduce(s) 0.0057 | Loss 0.1166
Epoch 00659 | Accuracy 96.38%
Process 000 | Epoch 00679 | Time(s) 0.1143 | Comm(s) 0.0772 | Reduce(s) 0.0057 | Loss 0.1178
Epoch 00669 | Accuracy 96.38%
Process 000 | Epoch 00689 | Time(s) 0.1144 | Comm(s) 0.0773 | Reduce(s) 0.0057 | Loss 0.1189
Epoch 00679 | Accuracy 96.33%
Process 000 | Epoch 00699 | Time(s) 0.1144 | Comm(s) 0.0772 | Reduce(s) 0.0057 | Loss 0.1159
Epoch 00689 | Accuracy 96.39%
Process 000 | Epoch 00709 | Time(s) 0.1144 | Comm(s) 0.0772 | Reduce(s) 0.0057 | Loss 0.1152
Epoch 00699 | Accuracy 96.38%
Process 000 | Epoch 00719 | Time(s) 0.1144 | Comm(s) 0.0772 | Reduce(s) 0.0057 | Loss 0.1157
Epoch 00709 | Accuracy 96.30%
Process 000 | Epoch 00729 | Time(s) 0.1145 | Comm(s) 0.0772 | Reduce(s) 0.0057 | Loss 0.1127
Epoch 00719 | Accuracy 96.22%
Process 000 | Epoch 00739 | Time(s) 0.1145 | Comm(s) 0.0772 | Reduce(s) 0.0057 | Loss 0.1133
Epoch 00729 | Accuracy 96.34%
Process 000 | Epoch 00749 | Time(s) 0.1145 | Comm(s) 0.0772 | Reduce(s) 0.0057 | Loss 0.1148
Epoch 00739 | Accuracy 96.39%
Process 000 | Epoch 00759 | Time(s) 0.1144 | Comm(s) 0.0772 | Reduce(s) 0.0057 | Loss 0.1152
Epoch 00749 | Accuracy 96.39%
Process 000 | Epoch 00769 | Time(s) 0.1145 | Comm(s) 0.0772 | Reduce(s) 0.0057 | Loss 0.1132
Epoch 00759 | Accuracy 96.31%
Process 000 | Epoch 00779 | Time(s) 0.1146 | Comm(s) 0.0773 | Reduce(s) 0.0057 | Loss 0.1091
Epoch 00769 | Accuracy 96.35%
Process 000 | Epoch 00789 | Time(s) 0.1146 | Comm(s) 0.0772 | Reduce(s) 0.0057 | Loss 0.1141
Epoch 00779 | Accuracy 96.44%
Process 000 | Epoch 00799 | Time(s) 0.1146 | Comm(s) 0.0773 | Reduce(s) 0.0057 | Loss 0.1096
Epoch 00789 | Accuracy 96.36%
Process 000 | Epoch 00809 | Time(s) 0.1147 | Comm(s) 0.0773 | Reduce(s) 0.0057 | Loss 0.1091
Epoch 00799 | Accuracy 96.37%
Process 000 | Epoch 00819 | Time(s) 0.1146 | Comm(s) 0.0772 | Reduce(s) 0.0057 | Loss 0.1111
Epoch 00809 | Accuracy 96.48%
Process 000 | Epoch 00829 | Time(s) 0.1146 | Comm(s) 0.0772 | Reduce(s) 0.0057 | Loss 0.1062
Epoch 00819 | Accuracy 96.45%
Process 000 | Epoch 00839 | Time(s) 0.1146 | Comm(s) 0.0772 | Reduce(s) 0.0057 | Loss 0.1067
Epoch 00829 | Accuracy 96.45%
Process 000 | Epoch 00849 | Time(s) 0.1146 | Comm(s) 0.0771 | Reduce(s) 0.0057 | Loss 0.1080
Epoch 00839 | Accuracy 96.41%
Process 000 | Epoch 00859 | Time(s) 0.1146 | Comm(s) 0.0772 | Reduce(s) 0.0057 | Loss 0.1061
Epoch 00849 | Accuracy 96.44%
Process 000 | Epoch 00869 | Time(s) 0.1146 | Comm(s) 0.0772 | Reduce(s) 0.0057 | Loss 0.1081
Epoch 00859 | Accuracy 96.45%
Process 000 | Epoch 00879 | Time(s) 0.1146 | Comm(s) 0.0771 | Reduce(s) 0.0057 | Loss 0.1055
Epoch 00869 | Accuracy 96.36%
Process 000 | Epoch 00889 | Time(s) 0.1146 | Comm(s) 0.0771 | Reduce(s) 0.0057 | Loss 0.1050
Epoch 00879 | Accuracy 96.37%
Process 000 | Epoch 00899 | Time(s) 0.1147 | Comm(s) 0.0772 | Reduce(s) 0.0057 | Loss 0.1039
Epoch 00889 | Accuracy 96.38%
Process 000 | Epoch 00909 | Time(s) 0.1147 | Comm(s) 0.0771 | Reduce(s) 0.0057 | Loss 0.1034
Epoch 00899 | Accuracy 96.41%
Process 000 | Epoch 00919 | Time(s) 0.1147 | Comm(s) 0.0771 | Reduce(s) 0.0057 | Loss 0.1051
Epoch 00909 | Accuracy 96.37%
Process 000 | Epoch 00929 | Time(s) 0.1147 | Comm(s) 0.0771 | Reduce(s) 0.0057 | Loss 0.1034
Epoch 00919 | Accuracy 96.39%
Process 000 | Epoch 00939 | Time(s) 0.1146 | Comm(s) 0.0770 | Reduce(s) 0.0057 | Loss 0.1032
Epoch 00929 | Accuracy 96.49%
Process 000 | Epoch 00949 | Time(s) 0.1146 | Comm(s) 0.0770 | Reduce(s) 0.0056 | Loss 0.1064
Epoch 00939 | Accuracy 96.50%
Process 000 | Epoch 00959 | Time(s) 0.1147 | Comm(s) 0.0771 | Reduce(s) 0.0056 | Loss 0.1036
Epoch 00949 | Accuracy 96.46%
Process 000 | Epoch 00969 | Time(s) 0.1147 | Comm(s) 0.0771 | Reduce(s) 0.0056 | Loss 0.1005
Epoch 00959 | Accuracy 96.42%
Process 000 | Epoch 00979 | Time(s) 0.1148 | Comm(s) 0.0771 | Reduce(s) 0.0056 | Loss 0.1037
Epoch 00969 | Accuracy 96.46%
Process 000 | Epoch 00989 | Time(s) 0.1148 | Comm(s) 0.0771 | Reduce(s) 0.0056 | Loss 0.1039
Epoch 00979 | Accuracy 96.33%
Process 000 | Epoch 00999 | Time(s) 0.1148 | Comm(s) 0.0771 | Reduce(s) 0.0056 | Loss 0.1000
Epoch 00989 | Accuracy 96.27%
Process 000 | Epoch 01009 | Time(s) 0.1148 | Comm(s) 0.0771 | Reduce(s) 0.0056 | Loss 0.1035
Epoch 00999 | Accuracy 96.38%
Process 000 | Epoch 01019 | Time(s) 0.1149 | Comm(s) 0.0771 | Reduce(s) 0.0056 | Loss 0.1022
Epoch 01009 | Accuracy 96.35%
Process 000 | Epoch 01029 | Time(s) 0.1149 | Comm(s) 0.0771 | Reduce(s) 0.0056 | Loss 0.1011
Epoch 01019 | Accuracy 96.23%
Process 000 | Epoch 01039 | Time(s) 0.1149 | Comm(s) 0.0771 | Reduce(s) 0.0056 | Loss 0.1026
Epoch 01029 | Accuracy 96.30%
Process 000 | Epoch 01049 | Time(s) 0.1149 | Comm(s) 0.0771 | Reduce(s) 0.0056 | Loss 0.0982
Epoch 01039 | Accuracy 96.34%
Process 000 | Epoch 01059 | Time(s) 0.1150 | Comm(s) 0.0771 | Reduce(s) 0.0056 | Loss 0.1024
Epoch 01049 | Accuracy 96.37%
Process 000 | Epoch 01069 | Time(s) 0.1150 | Comm(s) 0.0772 | Reduce(s) 0.0056 | Loss 0.0977
Epoch 01059 | Accuracy 96.32%
Process 000 | Epoch 01079 | Time(s) 0.1150 | Comm(s) 0.0771 | Reduce(s) 0.0056 | Loss 0.1012
Epoch 01069 | Accuracy 96.35%
Process 000 | Epoch 01089 | Time(s) 0.1150 | Comm(s) 0.0771 | Reduce(s) 0.0056 | Loss 0.0979
Epoch 01079 | Accuracy 96.31%
Process 000 | Epoch 01099 | Time(s) 0.1150 | Comm(s) 0.0771 | Reduce(s) 0.0057 | Loss 0.0966
Epoch 01089 | Accuracy 96.34%
Process 000 | Epoch 01109 | Time(s) 0.1151 | Comm(s) 0.0771 | Reduce(s) 0.0057 | Loss 0.0979
Epoch 01099 | Accuracy 96.35%
Process 000 | Epoch 01119 | Time(s) 0.1151 | Comm(s) 0.0771 | Reduce(s) 0.0057 | Loss 0.0988
Epoch 01109 | Accuracy 96.40%
Process 000 | Epoch 01129 | Time(s) 0.1151 | Comm(s) 0.0771 | Reduce(s) 0.0057 | Loss 0.0948
Epoch 01119 | Accuracy 96.32%
Process 000 | Epoch 01139 | Time(s) 0.1151 | Comm(s) 0.0771 | Reduce(s) 0.0056 | Loss 0.0966
Epoch 01129 | Accuracy 96.37%
Process 000 | Epoch 01149 | Time(s) 0.1151 | Comm(s) 0.0771 | Reduce(s) 0.0057 | Loss 0.0969
Epoch 01139 | Accuracy 96.28%
Process 000 | Epoch 01159 | Time(s) 0.1152 | Comm(s) 0.0772 | Reduce(s) 0.0057 | Loss 0.0968
Epoch 01149 | Accuracy 96.32%
Process 000 | Epoch 01169 | Time(s) 0.1153 | Comm(s) 0.0772 | Reduce(s) 0.0057 | Loss 0.0947
Epoch 01159 | Accuracy 96.40%
Process 000 | Epoch 01179 | Time(s) 0.1152 | Comm(s) 0.0772 | Reduce(s) 0.0056 | Loss 0.0959
Epoch 01169 | Accuracy 96.32%
Process 000 | Epoch 01189 | Time(s) 0.1152 | Comm(s) 0.0772 | Reduce(s) 0.0056 | Loss 0.0945
Epoch 01179 | Accuracy 96.38%
Process 000 | Epoch 01199 | Time(s) 0.1153 | Comm(s) 0.0773 | Reduce(s) 0.0056 | Loss 0.0937
Epoch 01189 | Accuracy 96.35%
Process 000 | Epoch 01209 | Time(s) 0.1153 | Comm(s) 0.0773 | Reduce(s) 0.0056 | Loss 0.0930
Epoch 01199 | Accuracy 96.19%
Process 000 | Epoch 01219 | Time(s) 0.1153 | Comm(s) 0.0773 | Reduce(s) 0.0056 | Loss 0.0947
Epoch 01209 | Accuracy 96.30%
Process 000 | Epoch 01229 | Time(s) 0.1153 | Comm(s) 0.0773 | Reduce(s) 0.0056 | Loss 0.0951
Epoch 01219 | Accuracy 96.35%
Process 000 | Epoch 01239 | Time(s) 0.1153 | Comm(s) 0.0773 | Reduce(s) 0.0056 | Loss 0.0920
Epoch 01229 | Accuracy 96.28%
Process 000 | Epoch 01249 | Time(s) 0.1153 | Comm(s) 0.0773 | Reduce(s) 0.0056 | Loss 0.0930
Epoch 01239 | Accuracy 96.28%
Process 000 | Epoch 01259 | Time(s) 0.1154 | Comm(s) 0.0773 | Reduce(s) 0.0056 | Loss 0.0938
Epoch 01249 | Accuracy 96.19%
Process 000 | Epoch 01269 | Time(s) 0.1154 | Comm(s) 0.0773 | Reduce(s) 0.0056 | Loss 0.0943
Epoch 01259 | Accuracy 96.40%
Process 000 | Epoch 01279 | Time(s) 0.1153 | Comm(s) 0.0772 | Reduce(s) 0.0056 | Loss 0.0951
Epoch 01269 | Accuracy 96.39%
Process 000 | Epoch 01289 | Time(s) 0.1154 | Comm(s) 0.0773 | Reduce(s) 0.0056 | Loss 0.0938
Epoch 01279 | Accuracy 96.39%
Process 000 | Epoch 01299 | Time(s) 0.1153 | Comm(s) 0.0772 | Reduce(s) 0.0056 | Loss 0.0914
Epoch 01289 | Accuracy 96.43%
Process 000 | Epoch 01309 | Time(s) 0.1153 | Comm(s) 0.0772 | Reduce(s) 0.0056 | Loss 0.0924
Epoch 01299 | Accuracy 96.36%
Process 000 | Epoch 01319 | Time(s) 0.1153 | Comm(s) 0.0772 | Reduce(s) 0.0056 | Loss 0.0926
Epoch 01309 | Accuracy 96.36%
Process 000 | Epoch 01329 | Time(s) 0.1153 | Comm(s) 0.0772 | Reduce(s) 0.0056 | Loss 0.0906
Process 001 | Epoch 00879 | Time(s) 0.1774 | Comm(s) 0.0765 | Reduce(s) 0.0057 | Loss 0.1132
Process 001 | Epoch 00889 | Time(s) 0.1774 | Comm(s) 0.0765 | Reduce(s) 0.0057 | Loss 0.1175
Process 001 | Epoch 00899 | Time(s) 0.1773 | Comm(s) 0.0766 | Reduce(s) 0.0057 | Loss 0.1146
Process 001 | Epoch 00909 | Time(s) 0.1774 | Comm(s) 0.0766 | Reduce(s) 0.0057 | Loss 0.1126
Process 001 | Epoch 00919 | Time(s) 0.1774 | Comm(s) 0.0766 | Reduce(s) 0.0057 | Loss 0.1134
Process 001 | Epoch 00929 | Time(s) 0.1774 | Comm(s) 0.0767 | Reduce(s) 0.0057 | Loss 0.1158
Process 001 | Epoch 00939 | Time(s) 0.1774 | Comm(s) 0.0766 | Reduce(s) 0.0057 | Loss 0.1141
Process 001 | Epoch 00949 | Time(s) 0.1775 | Comm(s) 0.0767 | Reduce(s) 0.0057 | Loss 0.1118
Process 001 | Epoch 00959 | Time(s) 0.1776 | Comm(s) 0.0767 | Reduce(s) 0.0057 | Loss 0.1108
Process 001 | Epoch 00969 | Time(s) 0.1776 | Comm(s) 0.0767 | Reduce(s) 0.0057 | Loss 0.1111
Process 001 | Epoch 00979 | Time(s) 0.1776 | Comm(s) 0.0768 | Reduce(s) 0.0057 | Loss 0.1119
Process 001 | Epoch 00989 | Time(s) 0.1777 | Comm(s) 0.0768 | Reduce(s) 0.0057 | Loss 0.1164
Process 001 | Epoch 00999 | Time(s) 0.1777 | Comm(s) 0.0768 | Reduce(s) 0.0057 | Loss 0.1126
Process 001 | Epoch 01009 | Time(s) 0.1776 | Comm(s) 0.0768 | Reduce(s) 0.0057 | Loss 0.1135
Process 001 | Epoch 01019 | Time(s) 0.1777 | Comm(s) 0.0769 | Reduce(s) 0.0057 | Loss 0.1120
Process 001 | Epoch 01029 | Time(s) 0.1776 | Comm(s) 0.0769 | Reduce(s) 0.0057 | Loss 0.1079
Process 001 | Epoch 01039 | Time(s) 0.1776 | Comm(s) 0.0769 | Reduce(s) 0.0057 | Loss 0.1069
Process 001 | Epoch 01049 | Time(s) 0.1776 | Comm(s) 0.0769 | Reduce(s) 0.0057 | Loss 0.1129
Process 001 | Epoch 01059 | Time(s) 0.1776 | Comm(s) 0.0770 | Reduce(s) 0.0057 | Loss 0.1102
Process 001 | Epoch 01069 | Time(s) 0.1776 | Comm(s) 0.0770 | Reduce(s) 0.0057 | Loss 0.1057
Process 001 | Epoch 01079 | Time(s) 0.1776 | Comm(s) 0.0770 | Reduce(s) 0.0057 | Loss 0.1065
Process 001 | Epoch 01089 | Time(s) 0.1776 | Comm(s) 0.0770 | Reduce(s) 0.0057 | Loss 0.1042
Process 001 | Epoch 01099 | Time(s) 0.1777 | Comm(s) 0.0771 | Reduce(s) 0.0057 | Loss 0.1048
Process 001 | Epoch 01109 | Time(s) 0.1777 | Comm(s) 0.0771 | Reduce(s) 0.0057 | Loss 0.1058
Process 001 | Epoch 01119 | Time(s) 0.1777 | Comm(s) 0.0772 | Reduce(s) 0.0057 | Loss 0.1064
Process 001 | Epoch 01129 | Time(s) 0.1777 | Comm(s) 0.0772 | Reduce(s) 0.0057 | Loss 0.1065
Process 001 | Epoch 01139 | Time(s) 0.1776 | Comm(s) 0.0772 | Reduce(s) 0.0057 | Loss 0.1060
Process 001 | Epoch 01149 | Time(s) 0.1777 | Comm(s) 0.0772 | Reduce(s) 0.0058 | Loss 0.1058
Process 001 | Epoch 01159 | Time(s) 0.1777 | Comm(s) 0.0773 | Reduce(s) 0.0058 | Loss 0.1035
Process 001 | Epoch 01169 | Time(s) 0.1777 | Comm(s) 0.0774 | Reduce(s) 0.0058 | Loss 0.1058
Process 001 | Epoch 01179 | Time(s) 0.1777 | Comm(s) 0.0774 | Reduce(s) 0.0058 | Loss 0.1059
Process 001 | Epoch 01189 | Time(s) 0.1776 | Comm(s) 0.0774 | Reduce(s) 0.0058 | Loss 0.1037
Process 001 | Epoch 01199 | Time(s) 0.1777 | Comm(s) 0.0774 | Reduce(s) 0.0058 | Loss 0.1048
Process 001 | Epoch 01209 | Time(s) 0.1776 | Comm(s) 0.0774 | Reduce(s) 0.0058 | Loss 0.1034
Process 001 | Epoch 01219 | Time(s) 0.1776 | Comm(s) 0.0774 | Reduce(s) 0.0058 | Loss 0.1065
Process 001 | Epoch 01229 | Time(s) 0.1776 | Comm(s) 0.0775 | Reduce(s) 0.0058 | Loss 0.1042
Process 001 | Epoch 01239 | Time(s) 0.1775 | Comm(s) 0.0775 | Reduce(s) 0.0058 | Loss 0.1017
Process 001 | Epoch 01249 | Time(s) 0.1776 | Comm(s) 0.0775 | Reduce(s) 0.0058 | Loss 0.1010
Process 001 | Epoch 01259 | Time(s) 0.1776 | Comm(s) 0.0775 | Reduce(s) 0.0058 | Loss 0.1044
Process 001 | Epoch 01269 | Time(s) 0.1776 | Comm(s) 0.0775 | Reduce(s) 0.0058 | Loss 0.1006
Process 001 | Epoch 01279 | Time(s) 0.1775 | Comm(s) 0.0775 | Reduce(s) 0.0058 | Loss 0.1009
Process 001 | Epoch 01289 | Time(s) 0.1776 | Comm(s) 0.0776 | Reduce(s) 0.0058 | Loss 0.1030
Process 001 | Epoch 01299 | Time(s) 0.1775 | Comm(s) 0.0776 | Reduce(s) 0.0058 | Loss 0.1025
Process 001 | Epoch 01309 | Time(s) 0.1775 | Comm(s) 0.0775 | Reduce(s) 0.0058 | Loss 0.1005
Process 001 | Epoch 01319 | Time(s) 0.1775 | Comm(s) 0.0776 | Reduce(s) 0.0058 | Loss 0.1033
Process 001 | Epoch 01329 | Time(s) 0.1775 | Comm(s) 0.0776 | Reduce(s) 0.0058 | Loss 0.1007
Process 001 | Epoch 01339 | Time(s) 0.1775 | Comm(s) 0.0776 | Reduce(s) 0.0058 | Loss 0.1006
Process 001 | Epoch 01349 | Time(s) 0.1775 | Comm(s) 0.0776 | Reduce(s) 0.0058 | Loss 0.1003
Process 001 | Epoch 01359 | Time(s) 0.1776 | Comm(s) 0.0776 | Reduce(s) 0.0058 | Loss 0.0996
Process 001 | Epoch 01369 | Time(s) 0.1775 | Comm(s) 0.0776 | Reduce(s) 0.0058 | Loss 0.0988
Process 001 | Epoch 01379 | Time(s) 0.1775 | Comm(s) 0.0777 | Reduce(s) 0.0058 | Loss 0.0978
Process 001 | Epoch 01389 | Time(s) 0.1775 | Comm(s) 0.0777 | Reduce(s) 0.0058 | Loss 0.0993
Process 001 | Epoch 01399 | Time(s) 0.1774 | Comm(s) 0.0776 | Reduce(s) 0.0058 | Loss 0.0997
Process 001 | Epoch 01409 | Time(s) 0.1774 | Comm(s) 0.0776 | Reduce(s) 0.0058 | Loss 0.0970
Process 001 | Epoch 01419 | Time(s) 0.1774 | Comm(s) 0.0776 | Reduce(s) 0.0058 | Loss 0.0990
Process 001 | Epoch 01429 | Time(s) 0.1775 | Comm(s) 0.0777 | Reduce(s) 0.0058 | Loss 0.0985
Process 001 | Epoch 01439 | Time(s) 0.1774 | Comm(s) 0.0777 | Reduce(s) 0.0058 | Loss 0.0977
Process 001 | Epoch 01449 | Time(s) 0.1774 | Comm(s) 0.0777 | Reduce(s) 0.0058 | Loss 0.0985
Process 001 | Epoch 01459 | Time(s) 0.1774 | Comm(s) 0.0777 | Reduce(s) 0.0058 | Loss 0.0977
Process 001 | Epoch 01469 | Time(s) 0.1773 | Comm(s) 0.0777 | Reduce(s) 0.0058 | Loss 0.0977
Process 001 | Epoch 01479 | Time(s) 0.1773 | Comm(s) 0.0777 | Reduce(s) 0.0058 | Loss 0.0982
Process 001 | Epoch 01489 | Time(s) 0.1774 | Comm(s) 0.0777 | Reduce(s) 0.0057 | Loss 0.0969
Process 001 | Epoch 01499 | Time(s) 0.1774 | Comm(s) 0.0777 | Reduce(s) 0.0057 | Loss 0.0962
Process 001 | Epoch 01509 | Time(s) 0.1773 | Comm(s) 0.0777 | Reduce(s) 0.0057 | Loss 0.0980
Process 001 | Epoch 01519 | Time(s) 0.1773 | Comm(s) 0.0777 | Reduce(s) 0.0058 | Loss 0.0949
Process 001 | Epoch 01529 | Time(s) 0.1773 | Comm(s) 0.0776 | Reduce(s) 0.0058 | Loss 0.0956
Process 001 | Epoch 01539 | Time(s) 0.1774 | Comm(s) 0.0776 | Reduce(s) 0.0058 | Loss 0.0980
Process 001 | Epoch 01549 | Time(s) 0.1775 | Comm(s) 0.0777 | Reduce(s) 0.0058 | Loss 0.0988
Process 001 | Epoch 01559 | Time(s) 0.1774 | Comm(s) 0.0776 | Reduce(s) 0.0058 | Loss 0.0931
Process 001 | Epoch 01569 | Time(s) 0.1774 | Comm(s) 0.0776 | Reduce(s) 0.0058 | Loss 0.0959
Process 001 | Epoch 01579 | Time(s) 0.1775 | Comm(s) 0.0777 | Reduce(s) 0.0058 | Loss 0.0962
Process 001 | Epoch 01589 | Time(s) 0.1775 | Comm(s) 0.0776 | Reduce(s) 0.0058 | Loss 0.0954
Process 001 | Epoch 01599 | Time(s) 0.1775 | Comm(s) 0.0777 | Reduce(s) 0.0058 | Loss 0.0944
Process 001 | Epoch 01609 | Time(s) 0.1775 | Comm(s) 0.0777 | Reduce(s) 0.0058 | Loss 0.0968
Process 001 | Epoch 01619 | Time(s) 0.1775 | Comm(s) 0.0777 | Reduce(s) 0.0057 | Loss 0.0923
Process 001 | Epoch 01629 | Time(s) 0.1775 | Comm(s) 0.0777 | Reduce(s) 0.0057 | Loss 0.0946
Process 001 | Epoch 01639 | Time(s) 0.1775 | Comm(s) 0.0777 | Reduce(s) 0.0057 | Loss 0.0949
Process 001 | Epoch 01649 | Time(s) 0.1775 | Comm(s) 0.0776 | Reduce(s) 0.0057 | Loss 0.0930
Process 001 | Epoch 01659 | Time(s) 0.1774 | Comm(s) 0.0776 | Reduce(s) 0.0057 | Loss 0.0939
Process 001 | Epoch 01669 | Time(s) 0.1775 | Comm(s) 0.0777 | Reduce(s) 0.0057 | Loss 0.0926
Process 001 | Epoch 01679 | Time(s) 0.1774 | Comm(s) 0.0776 | Reduce(s) 0.0057 | Loss 0.0957
Process 001 | Epoch 01689 | Time(s) 0.1775 | Comm(s) 0.0776 | Reduce(s) 0.0057 | Loss 0.0971
Process 001 | Epoch 01699 | Time(s) 0.1775 | Comm(s) 0.0776 | Reduce(s) 0.0057 | Loss 0.0914
Process 001 | Epoch 01709 | Time(s) 0.1774 | Comm(s) 0.0776 | Reduce(s) 0.0057 | Loss 0.0916
Process 001 | Epoch 01719 | Time(s) 0.1774 | Comm(s) 0.0776 | Reduce(s) 0.0057 | Loss 0.0930
Process 001 | Epoch 01729 | Time(s) 0.1774 | Comm(s) 0.0776 | Reduce(s) 0.0057 | Loss 0.0925
Process 001 | Epoch 01739 | Time(s) 0.1774 | Comm(s) 0.0776 | Reduce(s) 0.0057 | Loss 0.0933
Process 001 | Epoch 01749 | Time(s) 0.1774 | Comm(s) 0.0776 | Reduce(s) 0.0057 | Loss 0.0907
Process 001 | Epoch 01759 | Time(s) 0.1774 | Comm(s) 0.0776 | Reduce(s) 0.0057 | Loss 0.0920
Epoch 01319 | Accuracy 96.32%
Process 000 | Epoch 01339 | Time(s) 0.1153 | Comm(s) 0.0772 | Reduce(s) 0.0056 | Loss 0.0912
Epoch 01329 | Accuracy 96.45%
Process 000 | Epoch 01349 | Time(s) 0.1153 | Comm(s) 0.0771 | Reduce(s) 0.0056 | Loss 0.0917
Epoch 01339 | Accuracy 96.38%
Process 000 | Epoch 01359 | Time(s) 0.1153 | Comm(s) 0.0771 | Reduce(s) 0.0056 | Loss 0.0897
Epoch 01349 | Accuracy 96.36%
Process 000 | Epoch 01369 | Time(s) 0.1153 | Comm(s) 0.0771 | Reduce(s) 0.0056 | Loss 0.0871
Epoch 01359 | Accuracy 96.36%
Process 000 | Epoch 01379 | Time(s) 0.1153 | Comm(s) 0.0772 | Reduce(s) 0.0056 | Loss 0.0895
Epoch 01369 | Accuracy 96.44%
Process 000 | Epoch 01389 | Time(s) 0.1153 | Comm(s) 0.0771 | Reduce(s) 0.0056 | Loss 0.0908
Epoch 01379 | Accuracy 96.44%
Process 000 | Epoch 01399 | Time(s) 0.1153 | Comm(s) 0.0771 | Reduce(s) 0.0056 | Loss 0.0895
Epoch 01389 | Accuracy 96.52%
Process 000 | Epoch 01409 | Time(s) 0.1153 | Comm(s) 0.0771 | Reduce(s) 0.0056 | Loss 0.0902
Epoch 01399 | Accuracy 96.37%
Process 000 | Epoch 01419 | Time(s) 0.1153 | Comm(s) 0.0771 | Reduce(s) 0.0056 | Loss 0.0878
Epoch 01409 | Accuracy 96.46%
Process 000 | Epoch 01429 | Time(s) 0.1153 | Comm(s) 0.0771 | Reduce(s) 0.0056 | Loss 0.0869
Epoch 01419 | Accuracy 96.40%
Process 000 | Epoch 01439 | Time(s) 0.1153 | Comm(s) 0.0771 | Reduce(s) 0.0056 | Loss 0.0882
Epoch 01429 | Accuracy 96.37%
Process 000 | Epoch 01449 | Time(s) 0.1153 | Comm(s) 0.0771 | Reduce(s) 0.0056 | Loss 0.0904
Epoch 01439 | Accuracy 96.43%
Process 000 | Epoch 01459 | Time(s) 0.1153 | Comm(s) 0.0771 | Reduce(s) 0.0056 | Loss 0.0870
Epoch 01449 | Accuracy 96.30%
Process 000 | Epoch 01469 | Time(s) 0.1153 | Comm(s) 0.0771 | Reduce(s) 0.0056 | Loss 0.0873
Epoch 01459 | Accuracy 96.42%
Process 000 | Epoch 01479 | Time(s) 0.1153 | Comm(s) 0.0771 | Reduce(s) 0.0056 | Loss 0.0869
Epoch 01469 | Accuracy 96.48%
Process 000 | Epoch 01489 | Time(s) 0.1153 | Comm(s) 0.0771 | Reduce(s) 0.0056 | Loss 0.0880
Epoch 01479 | Accuracy 96.42%
Process 000 | Epoch 01499 | Time(s) 0.1153 | Comm(s) 0.0771 | Reduce(s) 0.0056 | Loss 0.0865
Epoch 01489 | Accuracy 96.45%
Process 000 | Epoch 01509 | Time(s) 0.1153 | Comm(s) 0.0771 | Reduce(s) 0.0056 | Loss 0.0879
Epoch 01499 | Accuracy 96.49%
Process 000 | Epoch 01519 | Time(s) 0.1153 | Comm(s) 0.0771 | Reduce(s) 0.0056 | Loss 0.0879
Epoch 01509 | Accuracy 96.40%
Process 000 | Epoch 01529 | Time(s) 0.1152 | Comm(s) 0.0770 | Reduce(s) 0.0056 | Loss 0.0888
Epoch 01519 | Accuracy 96.44%
Process 000 | Epoch 01539 | Time(s) 0.1153 | Comm(s) 0.0770 | Reduce(s) 0.0056 | Loss 0.0878
Epoch 01529 | Accuracy 96.31%
Process 000 | Epoch 01549 | Time(s) 0.1153 | Comm(s) 0.0770 | Reduce(s) 0.0056 | Loss 0.0860
Epoch 01539 | Accuracy 96.39%
Process 000 | Epoch 01559 | Time(s) 0.1152 | Comm(s) 0.0770 | Reduce(s) 0.0056 | Loss 0.0882
Epoch 01549 | Accuracy 96.40%
Process 000 | Epoch 01569 | Time(s) 0.1153 | Comm(s) 0.0770 | Reduce(s) 0.0056 | Loss 0.0853
Epoch 01559 | Accuracy 96.29%
Process 000 | Epoch 01579 | Time(s) 0.1153 | Comm(s) 0.0770 | Reduce(s) 0.0056 | Loss 0.0856
Epoch 01569 | Accuracy 96.41%
Process 000 | Epoch 01589 | Time(s) 0.1152 | Comm(s) 0.0770 | Reduce(s) 0.0056 | Loss 0.0844
Epoch 01579 | Accuracy 96.39%
Process 000 | Epoch 01599 | Time(s) 0.1152 | Comm(s) 0.0770 | Reduce(s) 0.0056 | Loss 0.0854
Epoch 01589 | Accuracy 96.45%
Process 000 | Epoch 01609 | Time(s) 0.1152 | Comm(s) 0.0770 | Reduce(s) 0.0056 | Loss 0.0843
Epoch 01599 | Accuracy 96.37%
Process 000 | Epoch 01619 | Time(s) 0.1152 | Comm(s) 0.0770 | Reduce(s) 0.0056 | Loss 0.0858
Epoch 01609 | Accuracy 96.53%
Process 000 | Epoch 01629 | Time(s) 0.1152 | Comm(s) 0.0770 | Reduce(s) 0.0056 | Loss 0.0834
Epoch 01619 | Accuracy 96.55%
Process 000 | Epoch 01639 | Time(s) 0.1152 | Comm(s) 0.0770 | Reduce(s) 0.0056 | Loss 0.0856
Epoch 01629 | Accuracy 96.50%
Process 000 | Epoch 01649 | Time(s) 0.1152 | Comm(s) 0.0770 | Reduce(s) 0.0056 | Loss 0.0846
Epoch 01639 | Accuracy 96.30%
Process 000 | Epoch 01659 | Time(s) 0.1152 | Comm(s) 0.0769 | Reduce(s) 0.0056 | Loss 0.0860
Epoch 01649 | Accuracy 96.33%
Process 000 | Epoch 01669 | Time(s) 0.1152 | Comm(s) 0.0769 | Reduce(s) 0.0056 | Loss 0.0864
Epoch 01659 | Accuracy 96.38%
Process 000 | Epoch 01679 | Time(s) 0.1152 | Comm(s) 0.0769 | Reduce(s) 0.0056 | Loss 0.0842
Epoch 01669 | Accuracy 96.48%
Process 000 | Epoch 01689 | Time(s) 0.1152 | Comm(s) 0.0769 | Reduce(s) 0.0056 | Loss 0.0853
Epoch 01679 | Accuracy 96.37%
Process 000 | Epoch 01699 | Time(s) 0.1152 | Comm(s) 0.0770 | Reduce(s) 0.0056 | Loss 0.0824
Epoch 01689 | Accuracy 96.33%
Process 000 | Epoch 01709 | Time(s) 0.1152 | Comm(s) 0.0770 | Reduce(s) 0.0056 | Loss 0.0857
Epoch 01699 | Accuracy 96.34%
Process 000 | Epoch 01719 | Time(s) 0.1152 | Comm(s) 0.0769 | Reduce(s) 0.0056 | Loss 0.0832
Epoch 01709 | Accuracy 96.44%
Process 000 | Epoch 01729 | Time(s) 0.1152 | Comm(s) 0.0769 | Reduce(s) 0.0056 | Loss 0.0851
Epoch 01719 | Accuracy 96.45%
Process 000 | Epoch 01739 | Time(s) 0.1152 | Comm(s) 0.0769 | Reduce(s) 0.0056 | Loss 0.0819
Epoch 01729 | Accuracy 96.42%
Process 000 | Epoch 01749 | Time(s) 0.1152 | Comm(s) 0.0769 | Reduce(s) 0.0056 | Loss 0.0863
Epoch 01739 | Accuracy 96.32%
Process 000 | Epoch 01759 | Time(s) 0.1152 | Comm(s) 0.0769 | Reduce(s) 0.0056 | Loss 0.0853
Epoch 01749 | Accuracy 96.42%
Process 000 | Epoch 01769 | Time(s) 0.1151 | Comm(s) 0.0769 | Reduce(s) 0.0056 | Loss 0.0829
Epoch 01759 | Accuracy 96.41%
Process 000 | Epoch 01779 | Time(s) 0.1151 | Comm(s) 0.0769 | Reduce(s) 0.0056 | Loss 0.0850
Epoch 01769 | Accuracy 96.48%
Process 000 | Epoch 01789 | Time(s) 0.1151 | Comm(s) 0.0769 | Reduce(s) 0.0056 | Loss 0.0802
Epoch 01779 | Accuracy 96.48%
Process 000 | Epoch 01799 | Time(s) 0.1151 | Comm(s) 0.0769 | Reduce(s) 0.0056 | Loss 0.0842
Epoch 01789 | Accuracy 96.43%
Process 000 | Epoch 01809 | Time(s) 0.1151 | Comm(s) 0.0768 | Reduce(s) 0.0056 | Loss 0.0835
Epoch 01799 | Accuracy 96.51%
Process 000 | Epoch 01819 | Time(s) 0.1152 | Comm(s) 0.0768 | Reduce(s) 0.0056 | Loss 0.0823
Epoch 01809 | Accuracy 96.40%
Process 000 | Epoch 01829 | Time(s) 0.1151 | Comm(s) 0.0768 | Reduce(s) 0.0056 | Loss 0.0834
Epoch 01819 | Accuracy 96.42%
Process 000 | Epoch 01839 | Time(s) 0.1151 | Comm(s) 0.0768 | Reduce(s) 0.0056 | Loss 0.0829
Epoch 01829 | Accuracy 96.46%
Process 000 | Epoch 01849 | Time(s) 0.1151 | Comm(s) 0.0768 | Reduce(s) 0.0056 | Loss 0.0795
Epoch 01839 | Accuracy 96.43%
Process 000 | Epoch 01859 | Time(s) 0.1151 | Comm(s) 0.0768 | Reduce(s) 0.0056 | Loss 0.0830
Epoch 01849 | Accuracy 96.38%
Process 000 | Epoch 01869 | Time(s) 0.1151 | Comm(s) 0.0768 | Reduce(s) 0.0056 | Loss 0.0814
Epoch 01859 | Accuracy 96.41%
Process 000 | Epoch 01879 | Time(s) 0.1151 | Comm(s) 0.0768 | Reduce(s) 0.0056 | Loss 0.0801
Epoch 01869 | Accuracy 96.47%
Process 000 | Epoch 01889 | Time(s) 0.1152 | Comm(s) 0.0769 | Reduce(s) 0.0056 | Loss 0.0822
Epoch 01879 | Accuracy 96.46%
Process 000 | Epoch 01899 | Time(s) 0.1151 | Comm(s) 0.0768 | Reduce(s) 0.0056 | Loss 0.0837
Epoch 01889 | Accuracy 96.44%
Process 000 | Epoch 01909 | Time(s) 0.1151 | Comm(s) 0.0768 | Reduce(s) 0.0056 | Loss 0.0827
Epoch 01899 | Accuracy 96.48%
Process 000 | Epoch 01919 | Time(s) 0.1152 | Comm(s) 0.0768 | Reduce(s) 0.0056 | Loss 0.0814
Epoch 01909 | Accuracy 96.46%
Process 000 | Epoch 01929 | Time(s) 0.1152 | Comm(s) 0.0768 | Reduce(s) 0.0056 | Loss 0.0819
Epoch 01919 | Accuracy 96.42%
Process 000 | Epoch 01939 | Time(s) 0.1152 | Comm(s) 0.0768 | Reduce(s) 0.0056 | Loss 0.0803
Epoch 01929 | Accuracy 96.40%
Process 000 | Epoch 01949 | Time(s) 0.1152 | Comm(s) 0.0768 | Reduce(s) 0.0056 | Loss 0.0815
Epoch 01939 | Accuracy 96.43%
Process 000 | Epoch 01959 | Time(s) 0.1152 | Comm(s) 0.0768 | Reduce(s) 0.0056 | Loss 0.0812
Epoch 01949 | Accuracy 96.43%
Process 000 | Epoch 01969 | Time(s) 0.1152 | Comm(s) 0.0768 | Reduce(s) 0.0056 | Loss 0.0797
Epoch 01959 | Accuracy 96.30%
Process 000 | Epoch 01979 | Time(s) 0.1152 | Comm(s) 0.0768 | Reduce(s) 0.0056 | Loss 0.0820
Epoch 01969 | Accuracy 96.40%
Process 000 | Epoch 01989 | Time(s) 0.1152 | Comm(s) 0.0768 | Reduce(s) 0.0056 | Loss 0.0827
Epoch 01979 | Accuracy 96.49%
Process 000 | Epoch 01999 | Time(s) 0.1152 | Comm(s) 0.0768 | Reduce(s) 0.0056 | Loss 0.0819
Process 001 | Epoch 01769 | Time(s) 0.1774 | Comm(s) 0.0776 | Reduce(s) 0.0057 | Loss 0.0937
Process 001 | Epoch 01779 | Time(s) 0.1774 | Comm(s) 0.0776 | Reduce(s) 0.0057 | Loss 0.0908
Process 001 | Epoch 01789 | Time(s) 0.1774 | Comm(s) 0.0776 | Reduce(s) 0.0058 | Loss 0.0898
Process 001 | Epoch 01799 | Time(s) 0.1775 | Comm(s) 0.0776 | Reduce(s) 0.0058 | Loss 0.0946
Process 001 | Epoch 01809 | Time(s) 0.1775 | Comm(s) 0.0776 | Reduce(s) 0.0058 | Loss 0.0897
Process 001 | Epoch 01819 | Time(s) 0.1774 | Comm(s) 0.0776 | Reduce(s) 0.0058 | Loss 0.0940
Process 001 | Epoch 01829 | Time(s) 0.1774 | Comm(s) 0.0776 | Reduce(s) 0.0058 | Loss 0.0931
Process 001 | Epoch 01839 | Time(s) 0.1774 | Comm(s) 0.0776 | Reduce(s) 0.0058 | Loss 0.0899
Process 001 | Epoch 01849 | Time(s) 0.1774 | Comm(s) 0.0776 | Reduce(s) 0.0058 | Loss 0.0933
Process 001 | Epoch 01859 | Time(s) 0.1774 | Comm(s) 0.0776 | Reduce(s) 0.0058 | Loss 0.0899
Process 001 | Epoch 01869 | Time(s) 0.1775 | Comm(s) 0.0776 | Reduce(s) 0.0058 | Loss 0.0921
Process 001 | Epoch 01879 | Time(s) 0.1774 | Comm(s) 0.0777 | Reduce(s) 0.0058 | Loss 0.0925
Process 001 | Epoch 01889 | Time(s) 0.1774 | Comm(s) 0.0777 | Reduce(s) 0.0058 | Loss 0.0896
Process 001 | Epoch 01899 | Time(s) 0.1774 | Comm(s) 0.0777 | Reduce(s) 0.0058 | Loss 0.0911
Process 001 | Epoch 01909 | Time(s) 0.1774 | Comm(s) 0.0777 | Reduce(s) 0.0058 | Loss 0.0909
Process 001 | Epoch 01919 | Time(s) 0.1775 | Comm(s) 0.0777 | Reduce(s) 0.0058 | Loss 0.0888
Process 001 | Epoch 01929 | Time(s) 0.1774 | Comm(s) 0.0777 | Reduce(s) 0.0058 | Loss 0.0903
Process 001 | Epoch 01939 | Time(s) 0.1774 | Comm(s) 0.0777 | Reduce(s) 0.0058 | Loss 0.0898
Process 001 | Epoch 01949 | Time(s) 0.1774 | Comm(s) 0.0777 | Reduce(s) 0.0058 | Loss 0.0886
Process 001 | Epoch 01959 | Time(s) 0.1774 | Comm(s) 0.0777 | Reduce(s) 0.0058 | Loss 0.0909
Process 001 | Epoch 01969 | Time(s) 0.1774 | Comm(s) 0.0778 | Reduce(s) 0.0058 | Loss 0.0884
Process 001 | Epoch 01979 | Time(s) 0.1774 | Comm(s) 0.0778 | Reduce(s) 0.0058 | Loss 0.0918
Process 001 | Epoch 01989 | Time(s) 0.1774 | Comm(s) 0.0778 | Reduce(s) 0.0058 | Loss 0.0887
Process 001 | Epoch 01999 | Time(s) 0.1774 | Comm(s) 0.0778 | Reduce(s) 0.0058 | Loss 0.0908
Process 001 | Epoch 02009 | Time(s) 0.1774 | Comm(s) 0.0778 | Reduce(s) 0.0058 | Loss 0.0922
Process 001 | Epoch 02019 | Time(s) 0.1775 | Comm(s) 0.0778 | Reduce(s) 0.0058 | Loss 0.0917
Process 001 | Epoch 02029 | Time(s) 0.1775 | Comm(s) 0.0778 | Reduce(s) 0.0058 | Loss 0.0895
Process 001 | Epoch 02039 | Time(s) 0.1775 | Comm(s) 0.0778 | Reduce(s) 0.0058 | Loss 0.0866
Process 001 | Epoch 02049 | Time(s) 0.1775 | Comm(s) 0.0778 | Reduce(s) 0.0058 | Loss 0.0908
Process 001 | Epoch 02059 | Time(s) 0.1775 | Comm(s) 0.0778 | Reduce(s) 0.0058 | Loss 0.0900
Process 001 | Epoch 02069 | Time(s) 0.1775 | Comm(s) 0.0778 | Reduce(s) 0.0058 | Loss 0.0898
Process 001 | Epoch 02079 | Time(s) 0.1775 | Comm(s) 0.0778 | Reduce(s) 0.0058 | Loss 0.0872
Process 001 | Epoch 02089 | Time(s) 0.1775 | Comm(s) 0.0778 | Reduce(s) 0.0058 | Loss 0.0883
Process 001 | Epoch 02099 | Time(s) 0.1775 | Comm(s) 0.0778 | Reduce(s) 0.0058 | Loss 0.0894
Process 001 | Epoch 02109 | Time(s) 0.1775 | Comm(s) 0.0778 | Reduce(s) 0.0058 | Loss 0.0895
Process 001 | Epoch 02119 | Time(s) 0.1775 | Comm(s) 0.0778 | Reduce(s) 0.0058 | Loss 0.0863
Process 001 | Epoch 02129 | Time(s) 0.1775 | Comm(s) 0.0778 | Reduce(s) 0.0058 | Loss 0.0887
Process 001 | Epoch 02139 | Time(s) 0.1775 | Comm(s) 0.0778 | Reduce(s) 0.0058 | Loss 0.0890
Process 001 | Epoch 02149 | Time(s) 0.1775 | Comm(s) 0.0778 | Reduce(s) 0.0058 | Loss 0.0927
Process 001 | Epoch 02159 | Time(s) 0.1775 | Comm(s) 0.0779 | Reduce(s) 0.0058 | Loss 0.0881
Process 001 | Epoch 02169 | Time(s) 0.1775 | Comm(s) 0.0778 | Reduce(s) 0.0058 | Loss 0.0869
Process 001 | Epoch 02179 | Time(s) 0.1775 | Comm(s) 0.0778 | Reduce(s) 0.0058 | Loss 0.0890
Process 001 | Epoch 02189 | Time(s) 0.1775 | Comm(s) 0.0778 | Reduce(s) 0.0058 | Loss 0.0871
Process 001 | Epoch 02199 | Time(s) 0.1775 | Comm(s) 0.0778 | Reduce(s) 0.0058 | Loss 0.0891
Process 001 | Epoch 02209 | Time(s) 0.1775 | Comm(s) 0.0778 | Reduce(s) 0.0058 | Loss 0.0901
Process 001 | Epoch 02219 | Time(s) 0.1775 | Comm(s) 0.0778 | Reduce(s) 0.0058 | Loss 0.0860
Process 001 | Epoch 02229 | Time(s) 0.1775 | Comm(s) 0.0778 | Reduce(s) 0.0058 | Loss 0.0878
Process 001 | Epoch 02239 | Time(s) 0.1775 | Comm(s) 0.0778 | Reduce(s) 0.0058 | Loss 0.0885
Process 001 | Epoch 02249 | Time(s) 0.1775 | Comm(s) 0.0778 | Reduce(s) 0.0058 | Loss 0.0865
Process 001 | Epoch 02259 | Time(s) 0.1775 | Comm(s) 0.0778 | Reduce(s) 0.0058 | Loss 0.0865
Process 001 | Epoch 02269 | Time(s) 0.1775 | Comm(s) 0.0778 | Reduce(s) 0.0058 | Loss 0.0887
Process 001 | Epoch 02279 | Time(s) 0.1775 | Comm(s) 0.0778 | Reduce(s) 0.0058 | Loss 0.0881
Process 001 | Epoch 02289 | Time(s) 0.1775 | Comm(s) 0.0778 | Reduce(s) 0.0058 | Loss 0.0857
Process 001 | Epoch 02299 | Time(s) 0.1775 | Comm(s) 0.0778 | Reduce(s) 0.0058 | Loss 0.0849
Process 001 | Epoch 02309 | Time(s) 0.1775 | Comm(s) 0.0778 | Reduce(s) 0.0058 | Loss 0.0852
Process 001 | Epoch 02319 | Time(s) 0.1776 | Comm(s) 0.0778 | Reduce(s) 0.0058 | Loss 0.0864
Process 001 | Epoch 02329 | Time(s) 0.1776 | Comm(s) 0.0778 | Reduce(s) 0.0058 | Loss 0.0883
Process 001 | Epoch 02339 | Time(s) 0.1775 | Comm(s) 0.0777 | Reduce(s) 0.0058 | Loss 0.0870
Process 001 | Epoch 02349 | Time(s) 0.1776 | Comm(s) 0.0777 | Reduce(s) 0.0058 | Loss 0.0859
Process 001 | Epoch 02359 | Time(s) 0.1776 | Comm(s) 0.0778 | Reduce(s) 0.0058 | Loss 0.0866
Process 001 | Epoch 02369 | Time(s) 0.1776 | Comm(s) 0.0777 | Reduce(s) 0.0058 | Loss 0.0852
Process 001 | Epoch 02379 | Time(s) 0.1776 | Comm(s) 0.0777 | Reduce(s) 0.0058 | Loss 0.0848
Process 001 | Epoch 02389 | Time(s) 0.1776 | Comm(s) 0.0777 | Reduce(s) 0.0058 | Loss 0.0891
Process 001 | Epoch 02399 | Time(s) 0.1776 | Comm(s) 0.0777 | Reduce(s) 0.0058 | Loss 0.0882
Process 001 | Epoch 02409 | Time(s) 0.1776 | Comm(s) 0.0778 | Reduce(s) 0.0058 | Loss 0.0866
Process 001 | Epoch 02419 | Time(s) 0.1776 | Comm(s) 0.0778 | Reduce(s) 0.0058 | Loss 0.0880
Process 001 | Epoch 02429 | Time(s) 0.1775 | Comm(s) 0.0778 | Reduce(s) 0.0058 | Loss 0.0842
Process 001 | Epoch 02439 | Time(s) 0.1776 | Comm(s) 0.0778 | Reduce(s) 0.0058 | Loss 0.0842
Process 001 | Epoch 02449 | Time(s) 0.1776 | Comm(s) 0.0778 | Reduce(s) 0.0058 | Loss 0.0851
Process 001 | Epoch 02459 | Time(s) 0.1776 | Comm(s) 0.0778 | Reduce(s) 0.0058 | Loss 0.0827
Process 001 | Epoch 02469 | Time(s) 0.1776 | Comm(s) 0.0778 | Reduce(s) 0.0058 | Loss 0.0888
Process 001 | Epoch 02479 | Time(s) 0.1776 | Comm(s) 0.0778 | Reduce(s) 0.0058 | Loss 0.0885
Process 001 | Epoch 02489 | Time(s) 0.1776 | Comm(s) 0.0778 | Reduce(s) 0.0058 | Loss 0.0862
Process 001 | Epoch 02499 | Time(s) 0.1776 | Comm(s) 0.0778 | Reduce(s) 0.0058 | Loss 0.0881
Process 001 | Epoch 02509 | Time(s) 0.1776 | Comm(s) 0.0778 | Reduce(s) 0.0058 | Loss 0.0870
Process 001 | Epoch 02519 | Time(s) 0.1776 | Comm(s) 0.0778 | Reduce(s) 0.0058 | Loss 0.0846
Process 001 | Epoch 02529 | Time(s) 0.1776 | Comm(s) 0.0778 | Reduce(s) 0.0058 | Loss 0.0861
Process 001 | Epoch 02539 | Time(s) 0.1776 | Comm(s) 0.0778 | Reduce(s) 0.0058 | Loss 0.0850
Process 001 | Epoch 02549 | Time(s) 0.1776 | Comm(s) 0.0778 | Reduce(s) 0.0058 | Loss 0.0834
Process 001 | Epoch 02559 | Time(s) 0.1776 | Comm(s) 0.0777 | Reduce(s) 0.0058 | Loss 0.0850
Process 001 | Epoch 02569 | Time(s) 0.1776 | Comm(s) 0.0777 | Reduce(s) 0.0058 | Loss 0.0825
Process 001 | Epoch 02579 | Time(s) 0.1776 | Comm(s) 0.0777 | Reduce(s) 0.0058 | Loss 0.0833
Process 001 | Epoch 02589 | Time(s) 0.1776 | Comm(s) 0.0777 | Reduce(s) 0.0058 | Loss 0.0838
Process 001 | Epoch 02599 | Time(s) 0.1776 | Comm(s) 0.0777 | Reduce(s) 0.0058 | Loss 0.0847
Process 001 | Epoch 02609 | Time(s) 0.1776 | Comm(s) 0.0777 | Reduce(s) 0.0058 | Loss 0.0834
Process 001 | Epoch 02619 | Time(s) 0.1776 | Comm(s) 0.0777 | Reduce(s) 0.0058 | Loss 0.0856
Process 001 | Epoch 02629 | Time(s) 0.1776 | Comm(s) 0.0777 | Reduce(s) 0.0058 | Loss 0.0816
Process 001 | Epoch 02639 | Time(s) 0.1776 | Comm(s) 0.0777 | Reduce(s) 0.0058 | Loss 0.0831
Process 001 | Epoch 02649 | Time(s) 0.1776 | Comm(s) 0.0777 | Reduce(s) 0.0058 | Loss 0.0821
Epoch 01989 | Accuracy 96.48%
Process 000 | Epoch 02009 | Time(s) 0.1152 | Comm(s) 0.0768 | Reduce(s) 0.0056 | Loss 0.0806
Epoch 01999 | Accuracy 96.47%
Process 000 | Epoch 02019 | Time(s) 0.1152 | Comm(s) 0.0768 | Reduce(s) 0.0056 | Loss 0.0807
Epoch 02009 | Accuracy 96.39%
Process 000 | Epoch 02029 | Time(s) 0.1152 | Comm(s) 0.0768 | Reduce(s) 0.0056 | Loss 0.0807
Epoch 02019 | Accuracy 96.45%
Process 000 | Epoch 02039 | Time(s) 0.1152 | Comm(s) 0.0768 | Reduce(s) 0.0056 | Loss 0.0791
Epoch 02029 | Accuracy 96.46%
Process 000 | Epoch 02049 | Time(s) 0.1153 | Comm(s) 0.0769 | Reduce(s) 0.0056 | Loss 0.0794
Epoch 02039 | Accuracy 96.47%
Process 000 | Epoch 02059 | Time(s) 0.1153 | Comm(s) 0.0769 | Reduce(s) 0.0056 | Loss 0.0812
Epoch 02049 | Accuracy 96.42%
Process 000 | Epoch 02069 | Time(s) 0.1153 | Comm(s) 0.0769 | Reduce(s) 0.0056 | Loss 0.0789
Epoch 02059 | Accuracy 96.44%
Process 000 | Epoch 02079 | Time(s) 0.1153 | Comm(s) 0.0769 | Reduce(s) 0.0056 | Loss 0.0807
Epoch 02069 | Accuracy 96.51%
Process 000 | Epoch 02089 | Time(s) 0.1153 | Comm(s) 0.0769 | Reduce(s) 0.0056 | Loss 0.0820
Epoch 02079 | Accuracy 96.43%
Process 000 | Epoch 02099 | Time(s) 0.1153 | Comm(s) 0.0768 | Reduce(s) 0.0056 | Loss 0.0785
Epoch 02089 | Accuracy 96.49%
Process 000 | Epoch 02109 | Time(s) 0.1153 | Comm(s) 0.0768 | Reduce(s) 0.0056 | Loss 0.0815
Epoch 02099 | Accuracy 96.45%
Process 000 | Epoch 02119 | Time(s) 0.1153 | Comm(s) 0.0768 | Reduce(s) 0.0056 | Loss 0.0775
Epoch 02109 | Accuracy 96.48%
Process 000 | Epoch 02129 | Time(s) 0.1153 | Comm(s) 0.0768 | Reduce(s) 0.0056 | Loss 0.0797
Epoch 02119 | Accuracy 96.41%
Process 000 | Epoch 02139 | Time(s) 0.1153 | Comm(s) 0.0768 | Reduce(s) 0.0056 | Loss 0.0778
Epoch 02129 | Accuracy 96.45%
Process 000 | Epoch 02149 | Time(s) 0.1153 | Comm(s) 0.0768 | Reduce(s) 0.0056 | Loss 0.0795
Epoch 02139 | Accuracy 96.47%
Process 000 | Epoch 02159 | Time(s) 0.1153 | Comm(s) 0.0768 | Reduce(s) 0.0056 | Loss 0.0793
Epoch 02149 | Accuracy 96.45%
Process 000 | Epoch 02169 | Time(s) 0.1152 | Comm(s) 0.0768 | Reduce(s) 0.0056 | Loss 0.0800
Epoch 02159 | Accuracy 96.45%
Process 000 | Epoch 02179 | Time(s) 0.1152 | Comm(s) 0.0768 | Reduce(s) 0.0056 | Loss 0.0787
Epoch 02169 | Accuracy 96.45%
Process 000 | Epoch 02189 | Time(s) 0.1152 | Comm(s) 0.0768 | Reduce(s) 0.0056 | Loss 0.0779
Epoch 02179 | Accuracy 96.37%
Process 000 | Epoch 02199 | Time(s) 0.1152 | Comm(s) 0.0768 | Reduce(s) 0.0056 | Loss 0.0796
Epoch 02189 | Accuracy 96.37%
Process 000 | Epoch 02209 | Time(s) 0.1152 | Comm(s) 0.0768 | Reduce(s) 0.0056 | Loss 0.0768
Epoch 02199 | Accuracy 96.49%
Process 000 | Epoch 02219 | Time(s) 0.1152 | Comm(s) 0.0768 | Reduce(s) 0.0056 | Loss 0.0777
Epoch 02209 | Accuracy 96.45%
Process 000 | Epoch 02229 | Time(s) 0.1152 | Comm(s) 0.0768 | Reduce(s) 0.0056 | Loss 0.0786
Epoch 02219 | Accuracy 96.51%
Process 000 | Epoch 02239 | Time(s) 0.1152 | Comm(s) 0.0768 | Reduce(s) 0.0056 | Loss 0.0768
Epoch 02229 | Accuracy 96.45%
Process 000 | Epoch 02249 | Time(s) 0.1152 | Comm(s) 0.0768 | Reduce(s) 0.0056 | Loss 0.0777
Epoch 02239 | Accuracy 96.47%
Process 000 | Epoch 02259 | Time(s) 0.1152 | Comm(s) 0.0767 | Reduce(s) 0.0056 | Loss 0.0794
Epoch 02249 | Accuracy 96.45%
Process 000 | Epoch 02269 | Time(s) 0.1152 | Comm(s) 0.0767 | Reduce(s) 0.0056 | Loss 0.0769
Epoch 02259 | Accuracy 96.43%
Process 000 | Epoch 02279 | Time(s) 0.1152 | Comm(s) 0.0767 | Reduce(s) 0.0056 | Loss 0.0776
Epoch 02269 | Accuracy 96.50%
Process 000 | Epoch 02289 | Time(s) 0.1152 | Comm(s) 0.0767 | Reduce(s) 0.0056 | Loss 0.0779
Epoch 02279 | Accuracy 96.43%
Process 000 | Epoch 02299 | Time(s) 0.1152 | Comm(s) 0.0767 | Reduce(s) 0.0056 | Loss 0.0748
Epoch 02289 | Accuracy 96.50%
Process 000 | Epoch 02309 | Time(s) 0.1152 | Comm(s) 0.0767 | Reduce(s) 0.0056 | Loss 0.0769
Epoch 02299 | Accuracy 96.45%
Process 000 | Epoch 02319 | Time(s) 0.1151 | Comm(s) 0.0767 | Reduce(s) 0.0056 | Loss 0.0756
Epoch 02309 | Accuracy 96.46%
Process 000 | Epoch 02329 | Time(s) 0.1151 | Comm(s) 0.0767 | Reduce(s) 0.0056 | Loss 0.0807
Epoch 02319 | Accuracy 96.45%
Process 000 | Epoch 02339 | Time(s) 0.1151 | Comm(s) 0.0767 | Reduce(s) 0.0056 | Loss 0.0759
Epoch 02329 | Accuracy 96.48%
Process 000 | Epoch 02349 | Time(s) 0.1151 | Comm(s) 0.0767 | Reduce(s) 0.0056 | Loss 0.0776
Epoch 02339 | Accuracy 96.45%
Process 000 | Epoch 02359 | Time(s) 0.1151 | Comm(s) 0.0767 | Reduce(s) 0.0056 | Loss 0.0767
Epoch 02349 | Accuracy 96.48%
Process 000 | Epoch 02369 | Time(s) 0.1151 | Comm(s) 0.0767 | Reduce(s) 0.0056 | Loss 0.0769
Epoch 02359 | Accuracy 96.46%
Process 000 | Epoch 02379 | Time(s) 0.1151 | Comm(s) 0.0767 | Reduce(s) 0.0056 | Loss 0.0780
Epoch 02369 | Accuracy 96.40%
Process 000 | Epoch 02389 | Time(s) 0.1151 | Comm(s) 0.0767 | Reduce(s) 0.0056 | Loss 0.0780
Epoch 02379 | Accuracy 96.46%
Process 000 | Epoch 02399 | Time(s) 0.1151 | Comm(s) 0.0767 | Reduce(s) 0.0056 | Loss 0.0779
Epoch 02389 | Accuracy 96.40%
Process 000 | Epoch 02409 | Time(s) 0.1151 | Comm(s) 0.0767 | Reduce(s) 0.0056 | Loss 0.0766
Epoch 02399 | Accuracy 96.42%
Process 000 | Epoch 02419 | Time(s) 0.1151 | Comm(s) 0.0767 | Reduce(s) 0.0056 | Loss 0.0770
Epoch 02409 | Accuracy 96.47%
Process 000 | Epoch 02429 | Time(s) 0.1151 | Comm(s) 0.0767 | Reduce(s) 0.0056 | Loss 0.0769
Epoch 02419 | Accuracy 96.49%
Process 000 | Epoch 02439 | Time(s) 0.1152 | Comm(s) 0.0767 | Reduce(s) 0.0056 | Loss 0.0748
Epoch 02429 | Accuracy 96.45%
Process 000 | Epoch 02449 | Time(s) 0.1152 | Comm(s) 0.0767 | Reduce(s) 0.0056 | Loss 0.0774
Epoch 02439 | Accuracy 96.40%
Process 000 | Epoch 02459 | Time(s) 0.1151 | Comm(s) 0.0767 | Reduce(s) 0.0056 | Loss 0.0760
Epoch 02449 | Accuracy 96.39%
Process 000 | Epoch 02469 | Time(s) 0.1151 | Comm(s) 0.0767 | Reduce(s) 0.0056 | Loss 0.0781
Epoch 02459 | Accuracy 96.41%
Process 000 | Epoch 02479 | Time(s) 0.1152 | Comm(s) 0.0767 | Reduce(s) 0.0056 | Loss 0.0777
Epoch 02469 | Accuracy 96.48%
Process 000 | Epoch 02489 | Time(s) 0.1152 | Comm(s) 0.0767 | Reduce(s) 0.0056 | Loss 0.0773
Epoch 02479 | Accuracy 96.43%
Process 000 | Epoch 02499 | Time(s) 0.1151 | Comm(s) 0.0767 | Reduce(s) 0.0056 | Loss 0.0764
Epoch 02489 | Accuracy 96.36%
Process 000 | Epoch 02509 | Time(s) 0.1152 | Comm(s) 0.0767 | Reduce(s) 0.0056 | Loss 0.0760
Epoch 02499 | Accuracy 96.40%
Process 000 | Epoch 02519 | Time(s) 0.1151 | Comm(s) 0.0767 | Reduce(s) 0.0056 | Loss 0.0771
Epoch 02509 | Accuracy 96.45%
Process 000 | Epoch 02529 | Time(s) 0.1151 | Comm(s) 0.0767 | Reduce(s) 0.0056 | Loss 0.0752
Epoch 02519 | Accuracy 96.40%
Process 000 | Epoch 02539 | Time(s) 0.1152 | Comm(s) 0.0767 | Reduce(s) 0.0056 | Loss 0.0778
Epoch 02529 | Accuracy 96.45%
Process 000 | Epoch 02549 | Time(s) 0.1151 | Comm(s) 0.0767 | Reduce(s) 0.0056 | Loss 0.0757
Epoch 02539 | Accuracy 96.47%
Process 000 | Epoch 02559 | Time(s) 0.1151 | Comm(s) 0.0767 | Reduce(s) 0.0056 | Loss 0.0770
Epoch 02549 | Accuracy 96.47%
Process 000 | Epoch 02569 | Time(s) 0.1151 | Comm(s) 0.0767 | Reduce(s) 0.0056 | Loss 0.0754
Epoch 02559 | Accuracy 96.53%
Process 000 | Epoch 02579 | Time(s) 0.1151 | Comm(s) 0.0767 | Reduce(s) 0.0056 | Loss 0.0757
Epoch 02569 | Accuracy 96.55%
Process 000 | Epoch 02589 | Time(s) 0.1151 | Comm(s) 0.0767 | Reduce(s) 0.0056 | Loss 0.0772
Epoch 02579 | Accuracy 96.39%
Process 000 | Epoch 02599 | Time(s) 0.1151 | Comm(s) 0.0767 | Reduce(s) 0.0056 | Loss 0.0760
Epoch 02589 | Accuracy 96.52%
Process 000 | Epoch 02609 | Time(s) 0.1151 | Comm(s) 0.0767 | Reduce(s) 0.0056 | Loss 0.0749
Epoch 02599 | Accuracy 96.40%
Process 000 | Epoch 02619 | Time(s) 0.1151 | Comm(s) 0.0767 | Reduce(s) 0.0056 | Loss 0.0762
Epoch 02609 | Accuracy 96.40%
Process 000 | Epoch 02629 | Time(s) 0.1151 | Comm(s) 0.0767 | Reduce(s) 0.0056 | Loss 0.0752
Epoch 02619 | Accuracy 96.49%
Process 000 | Epoch 02639 | Time(s) 0.1151 | Comm(s) 0.0767 | Reduce(s) 0.0056 | Loss 0.0773
Epoch 02629 | Accuracy 96.41%
Process 000 | Epoch 02649 | Time(s) 0.1151 | Comm(s) 0.0767 | Reduce(s) 0.0056 | Loss 0.0752
Epoch 02639 | Accuracy 96.53%
Process 000 | Epoch 02659 | Time(s) 0.1151 | Comm(s) 0.0767 | Reduce(s) 0.0056 | Loss 0.0742
Epoch 02649 | Accuracy 96.49%
Process 000 | Epoch 02669 | Time(s) 0.1151 | Comm(s) 0.0767 | Reduce(s) 0.0056 | Loss 0.0789
Process 001 | Epoch 02659 | Time(s) 0.1776 | Comm(s) 0.0777 | Reduce(s) 0.0058 | Loss 0.0841
Process 001 | Epoch 02669 | Time(s) 0.1776 | Comm(s) 0.0777 | Reduce(s) 0.0058 | Loss 0.0826
Process 001 | Epoch 02679 | Time(s) 0.1776 | Comm(s) 0.0777 | Reduce(s) 0.0058 | Loss 0.0838
Process 001 | Epoch 02689 | Time(s) 0.1776 | Comm(s) 0.0777 | Reduce(s) 0.0058 | Loss 0.0823
Process 001 | Epoch 02699 | Time(s) 0.1776 | Comm(s) 0.0777 | Reduce(s) 0.0058 | Loss 0.0834
Process 001 | Epoch 02709 | Time(s) 0.1776 | Comm(s) 0.0777 | Reduce(s) 0.0058 | Loss 0.0841
Process 001 | Epoch 02719 | Time(s) 0.1775 | Comm(s) 0.0777 | Reduce(s) 0.0058 | Loss 0.0847
Process 001 | Epoch 02729 | Time(s) 0.1776 | Comm(s) 0.0777 | Reduce(s) 0.0058 | Loss 0.0828
Process 001 | Epoch 02739 | Time(s) 0.1776 | Comm(s) 0.0777 | Reduce(s) 0.0058 | Loss 0.0863
Process 001 | Epoch 02749 | Time(s) 0.1776 | Comm(s) 0.0777 | Reduce(s) 0.0058 | Loss 0.0845
Process 001 | Epoch 02759 | Time(s) 0.1776 | Comm(s) 0.0777 | Reduce(s) 0.0058 | Loss 0.0818
Process 001 | Epoch 02769 | Time(s) 0.1775 | Comm(s) 0.0777 | Reduce(s) 0.0058 | Loss 0.0833
Process 001 | Epoch 02779 | Time(s) 0.1775 | Comm(s) 0.0777 | Reduce(s) 0.0058 | Loss 0.0831
Process 001 | Epoch 02789 | Time(s) 0.1775 | Comm(s) 0.0777 | Reduce(s) 0.0058 | Loss 0.0808
Process 001 | Epoch 02799 | Time(s) 0.1775 | Comm(s) 0.0777 | Reduce(s) 0.0058 | Loss 0.0838
Process 001 | Epoch 02809 | Time(s) 0.1775 | Comm(s) 0.0777 | Reduce(s) 0.0058 | Loss 0.0813
Process 001 | Epoch 02819 | Time(s) 0.1775 | Comm(s) 0.0777 | Reduce(s) 0.0058 | Loss 0.0828
Process 001 | Epoch 02829 | Time(s) 0.1775 | Comm(s) 0.0777 | Reduce(s) 0.0058 | Loss 0.0835
Process 001 | Epoch 02839 | Time(s) 0.1774 | Comm(s) 0.0777 | Reduce(s) 0.0058 | Loss 0.0836
Process 001 | Epoch 02849 | Time(s) 0.1774 | Comm(s) 0.0777 | Reduce(s) 0.0058 | Loss 0.0834
Process 001 | Epoch 02859 | Time(s) 0.1774 | Comm(s) 0.0777 | Reduce(s) 0.0058 | Loss 0.0848
Process 001 | Epoch 02869 | Time(s) 0.1775 | Comm(s) 0.0777 | Reduce(s) 0.0058 | Loss 0.0804
Process 001 | Epoch 02879 | Time(s) 0.1774 | Comm(s) 0.0777 | Reduce(s) 0.0058 | Loss 0.0814
Process 001 | Epoch 02889 | Time(s) 0.1774 | Comm(s) 0.0777 | Reduce(s) 0.0058 | Loss 0.0824
Process 001 | Epoch 02899 | Time(s) 0.1774 | Comm(s) 0.0777 | Reduce(s) 0.0058 | Loss 0.0792
Process 001 | Epoch 02909 | Time(s) 0.1774 | Comm(s) 0.0777 | Reduce(s) 0.0058 | Loss 0.0802
Process 001 | Epoch 02919 | Time(s) 0.1774 | Comm(s) 0.0777 | Reduce(s) 0.0058 | Loss 0.0841
Process 001 | Epoch 02929 | Time(s) 0.1774 | Comm(s) 0.0777 | Reduce(s) 0.0058 | Loss 0.0819
Process 001 | Epoch 02939 | Time(s) 0.1774 | Comm(s) 0.0777 | Reduce(s) 0.0058 | Loss 0.0848
Process 001 | Epoch 02949 | Time(s) 0.1774 | Comm(s) 0.0777 | Reduce(s) 0.0058 | Loss 0.0807
Process 001 | Epoch 02959 | Time(s) 0.1774 | Comm(s) 0.0777 | Reduce(s) 0.0058 | Loss 0.0832
Process 001 | Epoch 02969 | Time(s) 0.1774 | Comm(s) 0.0777 | Reduce(s) 0.0058 | Loss 0.0817
Process 001 | Epoch 02979 | Time(s) 0.1774 | Comm(s) 0.0777 | Reduce(s) 0.0058 | Loss 0.0849
Process 001 | Epoch 02989 | Time(s) 0.1775 | Comm(s) 0.0778 | Reduce(s) 0.0058 | Loss 0.0822
Process 001 | Epoch 02999 | Time(s) 0.1775 | Comm(s) 0.0778 | Reduce(s) 0.0058 | Loss 0.0813
(rank 1) memory stats: current 1283.54MB, peak 3407.39MB, reserved 3938.00MB

Epoch 02659 | Accuracy 96.55%
Process 000 | Epoch 02679 | Time(s) 0.1151 | Comm(s) 0.0767 | Reduce(s) 0.0056 | Loss 0.0761
Epoch 02669 | Accuracy 96.58%
Process 000 | Epoch 02689 | Time(s) 0.1150 | Comm(s) 0.0766 | Reduce(s) 0.0056 | Loss 0.0745
Epoch 02679 | Accuracy 96.50%
Process 000 | Epoch 02699 | Time(s) 0.1150 | Comm(s) 0.0766 | Reduce(s) 0.0056 | Loss 0.0735
Epoch 02689 | Accuracy 96.42%
Process 000 | Epoch 02709 | Time(s) 0.1150 | Comm(s) 0.0766 | Reduce(s) 0.0056 | Loss 0.0769
Epoch 02699 | Accuracy 96.42%
Process 000 | Epoch 02719 | Time(s) 0.1150 | Comm(s) 0.0766 | Reduce(s) 0.0056 | Loss 0.0735
Epoch 02709 | Accuracy 96.41%
Process 000 | Epoch 02729 | Time(s) 0.1150 | Comm(s) 0.0766 | Reduce(s) 0.0056 | Loss 0.0766
Epoch 02719 | Accuracy 96.57%
Process 000 | Epoch 02739 | Time(s) 0.1150 | Comm(s) 0.0766 | Reduce(s) 0.0056 | Loss 0.0749
Epoch 02729 | Accuracy 96.68%
Process 000 | Epoch 02749 | Time(s) 0.1150 | Comm(s) 0.0766 | Reduce(s) 0.0056 | Loss 0.0748
Epoch 02739 | Accuracy 96.50%
Process 000 | Epoch 02759 | Time(s) 0.1150 | Comm(s) 0.0766 | Reduce(s) 0.0056 | Loss 0.0741
Epoch 02749 | Accuracy 96.50%
Process 000 | Epoch 02769 | Time(s) 0.1150 | Comm(s) 0.0766 | Reduce(s) 0.0056 | Loss 0.0754
Epoch 02759 | Accuracy 96.54%
Process 000 | Epoch 02779 | Time(s) 0.1150 | Comm(s) 0.0766 | Reduce(s) 0.0056 | Loss 0.0741
Epoch 02769 | Accuracy 96.50%
Process 000 | Epoch 02789 | Time(s) 0.1150 | Comm(s) 0.0766 | Reduce(s) 0.0056 | Loss 0.0741
Epoch 02779 | Accuracy 96.48%
Process 000 | Epoch 02799 | Time(s) 0.1150 | Comm(s) 0.0766 | Reduce(s) 0.0056 | Loss 0.0750
Epoch 02789 | Accuracy 96.50%
Process 000 | Epoch 02809 | Time(s) 0.1150 | Comm(s) 0.0766 | Reduce(s) 0.0056 | Loss 0.0745
Epoch 02799 | Accuracy 96.53%
Process 000 | Epoch 02819 | Time(s) 0.1150 | Comm(s) 0.0766 | Reduce(s) 0.0056 | Loss 0.0737
Epoch 02809 | Accuracy 96.46%
Process 000 | Epoch 02829 | Time(s) 0.1150 | Comm(s) 0.0766 | Reduce(s) 0.0056 | Loss 0.0727
Epoch 02819 | Accuracy 96.46%
Process 000 | Epoch 02839 | Time(s) 0.1150 | Comm(s) 0.0766 | Reduce(s) 0.0056 | Loss 0.0765
Epoch 02829 | Accuracy 96.53%
Process 000 | Epoch 02849 | Time(s) 0.1150 | Comm(s) 0.0766 | Reduce(s) 0.0056 | Loss 0.0742
Epoch 02839 | Accuracy 96.55%
Process 000 | Epoch 02859 | Time(s) 0.1150 | Comm(s) 0.0766 | Reduce(s) 0.0056 | Loss 0.0747
Epoch 02849 | Accuracy 96.52%
Process 000 | Epoch 02869 | Time(s) 0.1150 | Comm(s) 0.0766 | Reduce(s) 0.0056 | Loss 0.0738
Epoch 02859 | Accuracy 96.50%
Process 000 | Epoch 02879 | Time(s) 0.1150 | Comm(s) 0.0766 | Reduce(s) 0.0056 | Loss 0.0768
Epoch 02869 | Accuracy 96.46%
Process 000 | Epoch 02889 | Time(s) 0.1149 | Comm(s) 0.0766 | Reduce(s) 0.0056 | Loss 0.0741
Epoch 02879 | Accuracy 96.46%
Process 000 | Epoch 02899 | Time(s) 0.1149 | Comm(s) 0.0766 | Reduce(s) 0.0056 | Loss 0.0718
Epoch 02889 | Accuracy 96.48%
Process 000 | Epoch 02909 | Time(s) 0.1149 | Comm(s) 0.0766 | Reduce(s) 0.0056 | Loss 0.0738
Epoch 02899 | Accuracy 96.58%
Process 000 | Epoch 02919 | Time(s) 0.1149 | Comm(s) 0.0766 | Reduce(s) 0.0056 | Loss 0.0732
Epoch 02909 | Accuracy 96.51%
Process 000 | Epoch 02929 | Time(s) 0.1150 | Comm(s) 0.0766 | Reduce(s) 0.0056 | Loss 0.0738
Epoch 02919 | Accuracy 96.44%
Process 000 | Epoch 02939 | Time(s) 0.1150 | Comm(s) 0.0765 | Reduce(s) 0.0056 | Loss 0.0743
Epoch 02929 | Accuracy 96.53%
Process 000 | Epoch 02949 | Time(s) 0.1150 | Comm(s) 0.0765 | Reduce(s) 0.0056 | Loss 0.0742
Epoch 02939 | Accuracy 96.49%
Process 000 | Epoch 02959 | Time(s) 0.1150 | Comm(s) 0.0765 | Reduce(s) 0.0056 | Loss 0.0753
Epoch 02949 | Accuracy 96.51%
Process 000 | Epoch 02969 | Time(s) 0.1150 | Comm(s) 0.0765 | Reduce(s) 0.0056 | Loss 0.0707
Epoch 02959 | Accuracy 96.47%
Process 000 | Epoch 02979 | Time(s) 0.1150 | Comm(s) 0.0766 | Reduce(s) 0.0056 | Loss 0.0730
Epoch 02969 | Accuracy 96.48%
Process 000 | Epoch 02989 | Time(s) 0.1150 | Comm(s) 0.0766 | Reduce(s) 0.0056 | Loss 0.0722
Epoch 02979 | Accuracy 96.48%
Process 000 | Epoch 02999 | Time(s) 0.1150 | Comm(s) 0.0766 | Reduce(s) 0.0056 | Loss 0.0742
Epoch 02989 | Accuracy 96.49%
(rank 0) memory stats: current 1186.36MB, peak 3271.08MB, reserved 3834.00MB
Epoch 02999 | Accuracy 96.48%
model saved
Max Validation Accuracy 96.68%
Test Result | Accuracy 97.10%
